04/01/2021  9:48:03  21.32 °C  72.48 %  880.3 hPa 1.033E-03 g/cm³ 000 chk 16525
04/01/2021  9:49:00  21.33 °C  72.33 %  880.3 hPa 1.033E-03 g/cm³ 000 chk 62030
04/01/2021  9:50:00  21.34 °C  71.39 %  880.4 hPa 1.033E-03 g/cm³ 000 chk 28582
04/01/2021  9:51:00  21.35 °C  70.85 %  880.4 hPa 1.033E-03 g/cm³ 000 chk 39363
04/01/2021  9:52:00  21.36 °C  70.25 %  880.4 hPa 1.033E-03 g/cm³ 000 chk 54621
04/01/2021  9:53:00  21.37 °C  69.71 %  880.5 hPa 1.033E-03 g/cm³ 000 chk 64151
04/01/2021  9:54:00  21.38 °C  69.19 %  880.5 hPa 1.033E-03 g/cm³ 000 chk 31816
04/01/2021  9:55:00  21.39 °C  68.73 %  880.6 hPa 1.034E-03 g/cm³ 000 chk 60517
04/01/2021  9:56:00  21.40 °C  68.36 %  880.6 hPa 1.034E-03 g/cm³ 000 chk 42500
04/01/2021  9:57:00  21.41 °C  67.96 %  880.6 hPa 1.034E-03 g/cm³ 000 chk 27884
04/01/2021  9:58:00  21.42 °C  67.62 %  880.6 hPa 1.034E-03 g/cm³ 000 chk 11088
04/01/2021  9:59:00  21.43 °C  67.29 %  880.6 hPa 1.034E-03 g/cm³ 000 chk 20355
04/01/2021 10:00:00  21.44 °C  66.99 %  880.6 hPa 1.034E-03 g/cm³ 000 chk 35772
04/01/2021 10:01:00  21.45 °C  66.74 %  880.6 hPa 1.034E-03 g/cm³ 000 chk    93
04/01/2021 10:02:00  21.47 °C  66.48 %  880.7 hPa 1.034E-03 g/cm³ 000 chk 47377
04/01/2021 10:03:00  21.47 °C  66.31 %  880.7 hPa 1.034E-03 g/cm³ 000 chk 54900
04/01/2021 10:04:00  21.49 °C  66.04 %  880.7 hPa 1.034E-03 g/cm³ 000 chk 45296
04/01/2021 10:05:00  21.50 °C  65.87 %  880.6 hPa 1.033E-03 g/cm³ 000 chk 43095
04/01/2021 10:06:00  21.51 °C  65.65 %  880.7 hPa 1.034E-03 g/cm³ 000 chk  9965
04/01/2021 10:07:00  21.52 °C  65.50 %  880.7 hPa 1.034E-03 g/cm³ 000 chk 59261
04/01/2021 10:08:00  21.53 °C  65.32 %  880.7 hPa 1.034E-03 g/cm³ 000 chk 11271
04/01/2021 10:09:00  21.54 °C  65.16 %  880.7 hPa 1.034E-03 g/cm³ 000 chk  1980
04/01/2021 10:10:00  21.55 °C  64.95 %  880.7 hPa 1.033E-03 g/cm³ 000 chk 63085
04/01/2021 10:11:00  21.56 °C  64.92 %  880.7 hPa 1.033E-03 g/cm³ 000 chk 44427
04/01/2021 10:12:00  21.57 °C  64.77 %  880.7 hPa 1.033E-03 g/cm³ 000 chk 56099
04/01/2021 10:13:00  21.57 °C  64.63 %  880.7 hPa 1.033E-03 g/cm³ 000 chk 50602
04/01/2021 10:14:00  21.58 °C  64.53 %  880.7 hPa 1.033E-03 g/cm³ 000 chk 44014
04/01/2021 10:15:00  21.59 °C  64.42 %  880.6 hPa 1.033E-03 g/cm³ 000 chk 17651
04/01/2021 10:16:00  21.59 °C  64.36 %  880.6 hPa 1.033E-03 g/cm³ 000 chk 20447
04/01/2021 10:17:00  21.60 °C  64.31 %  880.7 hPa 1.033E-03 g/cm³ 000 chk 45394
04/01/2021 10:18:00  21.61 °C  64.17 %  880.7 hPa 1.033E-03 g/cm³ 000 chk 52892
04/01/2021 10:19:00  21.62 °C  64.08 %  880.6 hPa 1.033E-03 g/cm³ 000 chk 17408
04/01/2021 10:20:00  21.62 °C  64.04 %  880.6 hPa 1.033E-03 g/cm³ 000 chk 43893
04/01/2021 10:21:00  21.63 °C  63.90 %  880.6 hPa 1.033E-03 g/cm³ 000 chk 54532
04/01/2021 10:22:00  21.64 °C  63.90 %  880.6 hPa 1.033E-03 g/cm³ 000 chk 24494
04/01/2021 10:23:00  21.65 °C  63.80 %  880.6 hPa 1.033E-03 g/cm³ 000 chk 42214
04/01/2021 10:24:00  21.65 °C  63.74 %  880.6 hPa 1.033E-03 g/cm³ 000 chk 17461
04/01/2021 10:25:00  21.66 °C  63.62 %  880.6 hPa 1.033E-03 g/cm³ 000 chk 13054
04/01/2021 10:26:00  21.66 °C  63.62 %  880.5 hPa 1.033E-03 g/cm³ 000 chk 50926
04/01/2021 10:27:00  21.67 °C  63.80 %  880.5 hPa 1.033E-03 g/cm³ 000 chk 42508
04/01/2021 10:28:00  21.67 °C  63.75 %  880.5 hPa 1.033E-03 g/cm³ 000 chk 65266
04/01/2021 10:29:00  21.68 °C  63.72 %  880.5 hPa 1.033E-03 g/cm³ 000 chk 44061
04/01/2021 10:30:00  21.68 °C  63.68 %  880.4 hPa 1.033E-03 g/cm³ 000 chk 41797
04/01/2021 10:31:00  21.69 °C  63.60 %  880.4 hPa 1.033E-03 g/cm³ 000 chk 28707
04/01/2021 10:32:00  21.69 °C  63.56 %  880.4 hPa 1.033E-03 g/cm³ 000 chk  8635
04/01/2021 10:33:00  21.70 °C  63.55 %  880.4 hPa 1.033E-03 g/cm³ 000 chk 62273
04/01/2021 10:34:00  21.70 °C  63.50 %  880.4 hPa 1.033E-03 g/cm³ 000 chk 65336
04/01/2021 10:35:00  21.71 °C  63.44 %  880.4 hPa 1.033E-03 g/cm³ 000 chk 28785
04/01/2021 10:36:00  21.71 °C  63.40 %  880.4 hPa 1.033E-03 g/cm³ 000 chk 48031
04/01/2021 10:37:00  21.71 °C  63.34 %  880.3 hPa 1.032E-03 g/cm³ 000 chk 52115
04/01/2021 10:38:00  21.72 °C  63.37 %  880.3 hPa 1.032E-03 g/cm³ 000 chk 36485
04/01/2021 10:39:00  21.72 °C  63.31 %  880.3 hPa 1.032E-03 g/cm³ 000 chk 51745
04/01/2021 10:40:00  21.73 °C  63.23 %  880.3 hPa 1.032E-03 g/cm³ 000 chk  7184
04/01/2021 10:41:00  21.73 °C  63.23 %  880.3 hPa 1.032E-03 g/cm³ 000 chk 46772
04/01/2021 10:42:00  21.74 °C  63.24 %  880.3 hPa 1.032E-03 g/cm³ 000 chk 16159
04/01/2021 10:43:00  21.74 °C  63.17 %  880.2 hPa 1.032E-03 g/cm³ 000 chk  7064
04/01/2021 10:44:00  21.74 °C  63.13 %  880.2 hPa 1.032E-03 g/cm³ 000 chk 64224
04/01/2021 10:45:00  21.75 °C  63.19 %  880.2 hPa 1.032E-03 g/cm³ 000 chk 45959
04/01/2021 10:46:00  21.75 °C  63.05 %  880.2 hPa 1.032E-03 g/cm³ 000 chk 20551
04/01/2021 10:47:00  21.76 °C  63.06 %  880.1 hPa 1.032E-03 g/cm³ 000 chk 13407
04/01/2021 10:48:00  21.76 °C  63.09 %  880.2 hPa 1.032E-03 g/cm³ 000 chk 21750
04/01/2021 10:49:00  21.76 °C  63.05 %  880.2 hPa 1.032E-03 g/cm³ 000 chk 25169
04/01/2021 10:50:00  21.77 °C  63.00 %  880.2 hPa 1.032E-03 g/cm³ 000 chk 11954
04/01/2021 10:51:00  21.77 °C  62.94 %  880.2 hPa 1.032E-03 g/cm³ 000 chk 24910
04/01/2021 10:52:00  21.77 °C  62.91 %  880.1 hPa 1.032E-03 g/cm³ 000 chk  3166
04/01/2021 10:53:00  21.78 °C  62.94 %  880.1 hPa 1.032E-03 g/cm³ 000 chk 50352
04/01/2021 10:54:00  21.78 °C  62.93 %  880.1 hPa 1.032E-03 g/cm³ 000 chk 21192
04/01/2021 10:55:00  21.78 °C  62.91 %  880.1 hPa 1.032E-03 g/cm³ 000 chk 25197
04/01/2021 10:56:00  21.78 °C  62.92 %  880.0 hPa 1.032E-03 g/cm³ 000 chk 21462
04/01/2021 10:57:00  21.79 °C  62.89 %  880.0 hPa 1.032E-03 g/cm³ 000 chk 14236
04/01/2021 10:58:00  21.79 °C  62.84 %  880.0 hPa 1.032E-03 g/cm³ 000 chk 34507
04/01/2021 10:59:00  21.79 °C  62.84 %  880.0 hPa 1.032E-03 g/cm³ 000 chk 11375
04/01/2021 11:00:00  21.80 °C  62.80 %  880.0 hPa 1.032E-03 g/cm³ 000 chk 39277
04/01/2021 11:01:00  21.80 °C  62.75 %  880.0 hPa 1.032E-03 g/cm³ 000 chk 43874
04/01/2021 11:02:00  21.80 °C  62.69 %  880.0 hPa 1.032E-03 g/cm³ 000 chk 18594
04/01/2021 11:03:00  21.80 °C  62.76 %  880.0 hPa 1.032E-03 g/cm³ 000 chk 51497
04/01/2021 11:04:00  21.81 °C  62.73 %  880.0 hPa 1.032E-03 g/cm³ 000 chk 21648
04/01/2021 11:05:00  21.81 °C  62.73 %  879.9 hPa 1.032E-03 g/cm³ 000 chk 39120
04/01/2021 11:06:00  21.81 °C  62.68 %  880.0 hPa 1.032E-03 g/cm³ 000 chk  7925
04/01/2021 11:07:00  21.81 °C  62.67 %  880.0 hPa 1.032E-03 g/cm³ 000 chk 24402
04/01/2021 11:08:00  21.82 °C  62.68 %  880.0 hPa 1.032E-03 g/cm³ 000 chk 34375
04/01/2021 11:09:00  21.82 °C  62.70 %  880.0 hPa 1.032E-03 g/cm³ 000 chk  1229
04/01/2021 11:10:00  21.82 °C  62.65 %  879.9 hPa 1.032E-03 g/cm³ 000 chk 32550
04/01/2021 11:11:00  21.83 °C  62.64 %  879.9 hPa 1.032E-03 g/cm³ 000 chk 43331
04/01/2021 11:12:00  21.83 °C  62.59 %  879.9 hPa 1.032E-03 g/cm³ 000 chk 26585
04/01/2021 11:13:00  21.83 °C  62.60 %  879.8 hPa 1.032E-03 g/cm³ 000 chk 12637
04/01/2021 11:14:00  21.83 °C  62.59 %  879.8 hPa 1.032E-03 g/cm³ 000 chk 41296
04/01/2021 11:15:00  21.84 °C  62.56 %  879.7 hPa 1.031E-03 g/cm³ 000 chk 61681
04/01/2021 11:16:00  21.84 °C  62.55 %  879.7 hPa 1.031E-03 g/cm³ 000 chk 14366
04/01/2021 11:17:00  21.84 °C  62.57 %  879.7 hPa 1.031E-03 g/cm³ 000 chk  2235
04/01/2021 11:18:00  21.85 °C  62.51 %  879.7 hPa 1.031E-03 g/cm³ 000 chk 46894
04/01/2021 11:19:00  21.85 °C  62.50 %  879.7 hPa 1.032E-03 g/cm³ 000 chk 61896
04/01/2021 11:20:00  21.85 °C  62.45 %  879.7 hPa 1.031E-03 g/cm³ 000 chk 56017
04/01/2021 11:21:00  21.85 °C  62.48 %  879.8 hPa 1.032E-03 g/cm³ 000 chk  9268
04/01/2021 11:22:00  21.86 °C  62.50 %  879.8 hPa 1.031E-03 g/cm³ 000 chk 16629
04/01/2021 11:23:00  21.86 °C  62.42 %  879.7 hPa 1.031E-03 g/cm³ 000 chk 38012
04/01/2021 11:24:00  21.86 °C  62.46 %  879.7 hPa 1.031E-03 g/cm³ 000 chk 29956
04/01/2021 11:25:00  21.86 °C  62.43 %  879.8 hPa 1.031E-03 g/cm³ 000 chk 25248
04/01/2021 11:26:00  21.86 °C  62.44 %  879.7 hPa 1.031E-03 g/cm³ 000 chk 64078
04/01/2021 11:27:00  21.87 °C  62.39 %  879.8 hPa 1.031E-03 g/cm³ 000 chk 21738
04/01/2021 11:28:00  21.87 °C  62.38 %  879.8 hPa 1.031E-03 g/cm³ 000 chk 31166
04/01/2021 11:29:00  21.87 °C  62.36 %  879.7 hPa 1.031E-03 g/cm³ 000 chk 61720
04/01/2021 11:30:00  21.88 °C  62.32 %  879.7 hPa 1.031E-03 g/cm³ 000 chk 14960
04/01/2021 11:31:00  21.88 °C  62.33 %  879.7 hPa 1.031E-03 g/cm³ 000 chk 32213
04/01/2021 11:32:00  21.88 °C  62.30 %  879.7 hPa 1.031E-03 g/cm³ 000 chk 46394
04/01/2021 11:33:00  21.88 °C  62.33 %  879.7 hPa 1.031E-03 g/cm³ 000 chk 26782
04/01/2021 11:34:00  21.88 °C  62.27 %  879.7 hPa 1.031E-03 g/cm³ 000 chk 18890
04/01/2021 11:35:00  21.89 °C  62.26 %  879.7 hPa 1.031E-03 g/cm³ 000 chk 40879
04/01/2021 11:36:00  21.89 °C  62.22 %  879.6 hPa 1.031E-03 g/cm³ 000 chk 44309
04/01/2021 11:37:00  21.89 °C  62.21 %  879.6 hPa 1.031E-03 g/cm³ 000 chk 28849
04/01/2021 11:38:00  21.89 °C  62.22 %  879.7 hPa 1.031E-03 g/cm³ 000 chk 16048
04/01/2021 11:39:00  21.89 °C  62.21 %  879.6 hPa 1.031E-03 g/cm³ 000 chk  6720
04/01/2021 11:40:00  21.90 °C  62.19 %  879.6 hPa 1.031E-03 g/cm³ 000 chk 57527
04/01/2021 11:41:00  21.90 °C  62.18 %  879.6 hPa 1.031E-03 g/cm³ 000 chk 42770
04/01/2021 11:42:00  21.90 °C  62.19 %  879.6 hPa 1.031E-03 g/cm³ 000 chk 62972
04/01/2021 11:43:00  21.90 °C  62.21 %  879.5 hPa 1.031E-03 g/cm³ 000 chk 64722
04/01/2021 11:44:00  21.91 °C  62.15 %  879.5 hPa 1.031E-03 g/cm³ 000 chk 35869
04/01/2021 11:45:00  21.91 °C  62.15 %  879.5 hPa 1.031E-03 g/cm³ 000 chk  9913
04/01/2021 11:46:00  21.91 °C  62.13 %  879.5 hPa 1.031E-03 g/cm³ 000 chk 30550
04/01/2021 11:47:00  21.91 °C  62.17 %  879.6 hPa 1.031E-03 g/cm³ 000 chk 57868
04/01/2021 11:48:00  21.91 °C  62.16 %  879.5 hPa 1.031E-03 g/cm³ 000 chk 33959
04/01/2021 11:49:00  21.92 °C  62.14 %  879.5 hPa 1.031E-03 g/cm³ 000 chk 17985
04/01/2021 11:50:00  21.92 °C  62.09 %  879.5 hPa 1.031E-03 g/cm³ 000 chk 45900
04/01/2021 11:51:00  21.92 °C  62.16 %  879.5 hPa 1.031E-03 g/cm³ 000 chk 12999
04/01/2021 11:52:00  21.92 °C  62.16 %  879.5 hPa 1.031E-03 g/cm³ 000 chk 36136
04/01/2021 11:53:00  21.92 °C  62.14 %  879.5 hPa 1.031E-03 g/cm³ 000 chk 48525
04/01/2021 11:54:00  21.93 °C  62.09 %  879.5 hPa 1.031E-03 g/cm³ 000 chk  2074
04/01/2021 11:55:00  21.93 °C  62.07 %  879.4 hPa 1.031E-03 g/cm³ 000 chk 24040
04/01/2021 11:56:00  21.93 °C  62.11 %  879.4 hPa 1.031E-03 g/cm³ 000 chk 52267
04/01/2021 11:57:00  21.93 °C  62.02 %  879.4 hPa 1.031E-03 g/cm³ 000 chk 53667
04/01/2021 11:58:00  21.94 °C  62.04 %  879.4 hPa 1.031E-03 g/cm³ 000 chk 51891
04/01/2021 11:59:00  21.94 °C  62.04 %  879.4 hPa 1.031E-03 g/cm³ 000 chk 24599
04/01/2021 12:00:00  21.94 °C  62.01 %  879.3 hPa 1.031E-03 g/cm³ 000 chk 30837
04/01/2021 12:01:00  21.94 °C  62.03 %  879.3 hPa 1.031E-03 g/cm³ 000 chk 18640
04/01/2021 12:02:00  21.94 °C  61.97 %  879.2 hPa 1.030E-03 g/cm³ 000 chk 35785
04/01/2021 12:03:00  21.95 °C  61.61 %  879.2 hPa 1.030E-03 g/cm³ 000 chk 24326
04/01/2021 12:04:00  21.94 °C  60.42 %  879.2 hPa 1.031E-03 g/cm³ 000 chk 31801
04/01/2021 12:05:00  21.93 °C  59.34 %  879.2 hPa 1.031E-03 g/cm³ 000 chk 34649
04/01/2021 12:06:00  21.91 °C  58.39 %  879.1 hPa 1.031E-03 g/cm³ 000 chk 61908
04/01/2021 12:07:00  21.90 °C  57.29 %  879.1 hPa 1.031E-03 g/cm³ 000 chk 64034
04/01/2021 12:08:00  21.87 °C  56.84 %  879.1 hPa 1.031E-03 g/cm³ 000 chk 49039
04/01/2021 12:09:00  21.85 °C  55.84 %  879.0 hPa 1.031E-03 g/cm³ 000 chk 32731
04/01/2021 12:10:00  21.82 °C  56.31 %  879.0 hPa 1.031E-03 g/cm³ 000 chk 42628
04/01/2021 12:11:00  21.80 °C  55.55 %  879.0 hPa 1.032E-03 g/cm³ 000 chk 59944
04/01/2021 12:12:00  21.77 °C  55.61 %  879.0 hPa 1.032E-03 g/cm³ 000 chk 58254
04/01/2021 12:13:00  21.73 °C  54.78 %  879.0 hPa 1.032E-03 g/cm³ 000 chk 56095
04/01/2021 12:14:00  21.70 °C  53.91 %  879.0 hPa 1.032E-03 g/cm³ 000 chk 18672
04/01/2021 12:15:00  21.68 °C  54.20 %  879.0 hPa 1.032E-03 g/cm³ 000 chk 24708
04/01/2021 12:16:00  21.65 °C  53.96 %  878.9 hPa 1.032E-03 g/cm³ 000 chk 27117
04/01/2021 12:17:00  21.63 °C  53.57 %  878.9 hPa 1.032E-03 g/cm³ 000 chk 35601
04/01/2021 12:18:00  21.60 °C  53.54 %  878.9 hPa 1.032E-03 g/cm³ 000 chk 52743
04/01/2021 12:19:00  21.58 °C  53.05 %  878.8 hPa 1.032E-03 g/cm³ 000 chk 20435
04/01/2021 12:20:00  21.55 °C  52.95 %  878.8 hPa 1.033E-03 g/cm³ 000 chk 13812
04/01/2021 12:21:00  21.53 °C  53.30 %  878.8 hPa 1.033E-03 g/cm³ 000 chk 13307
04/01/2021 12:22:00  21.51 °C  52.71 %  878.8 hPa 1.033E-03 g/cm³ 000 chk 21055
04/01/2021 12:23:00  21.49 °C  52.50 %  878.8 hPa 1.033E-03 g/cm³ 000 chk 19295
04/01/2021 12:24:00  21.46 °C  52.19 %  878.8 hPa 1.033E-03 g/cm³ 000 chk 57562
04/01/2021 12:25:00  21.43 °C  52.42 %  878.8 hPa 1.033E-03 g/cm³ 000 chk 33571
04/01/2021 12:26:00  21.41 °C  52.48 %  878.8 hPa 1.033E-03 g/cm³ 000 chk 11596
04/01/2021 12:27:00  21.39 °C  52.20 %  878.8 hPa 1.033E-03 g/cm³ 000 chk 21247
04/01/2021 12:28:00  21.37 °C  52.46 %  878.8 hPa 1.033E-03 g/cm³ 000 chk  5838
04/01/2021 12:29:00  21.36 °C  52.72 %  878.8 hPa 1.033E-03 g/cm³ 000 chk 23004
04/01/2021 12:30:00  21.34 °C  52.27 %  878.8 hPa 1.033E-03 g/cm³ 000 chk 59365
04/01/2021 12:31:00  21.33 °C  52.16 %  878.8 hPa 1.034E-03 g/cm³ 000 chk 38709
04/01/2021 12:32:00  21.31 °C  52.21 %  878.7 hPa 1.033E-03 g/cm³ 000 chk 28264
04/01/2021 12:33:00  21.30 °C  52.41 %  878.7 hPa 1.033E-03 g/cm³ 000 chk 21986
04/01/2021 12:34:00  21.28 °C  52.24 %  878.7 hPa 1.034E-03 g/cm³ 000 chk 50604
04/01/2021 12:35:00  21.27 °C  52.08 %  878.7 hPa 1.034E-03 g/cm³ 000 chk 51226
04/01/2021 12:36:00  21.25 °C  52.18 %  878.7 hPa 1.034E-03 g/cm³ 000 chk 54362
04/01/2021 12:37:00  21.24 °C  51.82 %  878.7 hPa 1.034E-03 g/cm³ 000 chk 27743
04/01/2021 12:38:00  21.22 °C  52.37 %  878.7 hPa 1.034E-03 g/cm³ 000 chk 41142
04/01/2021 12:39:00  21.20 °C  51.78 %  878.7 hPa 1.034E-03 g/cm³ 000 chk 45568
04/01/2021 12:40:00  21.19 °C  51.63 %  878.7 hPa 1.034E-03 g/cm³ 000 chk 24206
04/01/2021 12:41:00  21.18 °C  51.83 %  878.7 hPa 1.034E-03 g/cm³ 000 chk 42093
04/01/2021 12:42:00  21.17 °C  51.83 %  878.6 hPa 1.034E-03 g/cm³ 000 chk  6556
04/01/2021 12:43:00  21.16 °C  51.80 %  878.6 hPa 1.034E-03 g/cm³ 000 chk 22008
04/01/2021 12:44:00  21.14 °C  51.72 %  878.6 hPa 1.034E-03 g/cm³ 000 chk 14504
04/01/2021 12:45:00  21.13 °C  51.85 %  878.6 hPa 1.034E-03 g/cm³ 000 chk 42467
04/01/2021 12:46:00  21.11 °C  51.68 %  878.6 hPa 1.034E-03 g/cm³ 000 chk 51466
04/01/2021 12:47:00  21.10 °C  51.70 %  878.5 hPa 1.034E-03 g/cm³ 000 chk 37311
04/01/2021 12:48:00  21.08 °C  51.52 %  878.5 hPa 1.034E-03 g/cm³ 000 chk 38190
04/01/2021 12:49:00  21.08 °C  51.75 %  878.5 hPa 1.034E-03 g/cm³ 000 chk 64720
04/01/2021 12:50:00  21.06 °C  51.92 %  878.5 hPa 1.034E-03 g/cm³ 000 chk  4351
04/01/2021 12:51:00  21.05 °C  51.67 %  878.5 hPa 1.034E-03 g/cm³ 000 chk 53427
04/01/2021 12:52:00  21.04 °C  51.73 %  878.5 hPa 1.034E-03 g/cm³ 000 chk 19121
04/01/2021 12:53:00  21.03 °C  51.73 %  878.5 hPa 1.034E-03 g/cm³ 000 chk 54608
04/01/2021 12:54:00  21.03 °C  51.37 %  878.5 hPa 1.034E-03 g/cm³ 000 chk 62621
04/01/2021 12:55:00  21.02 °C  51.63 %  878.4 hPa 1.034E-03 g/cm³ 000 chk 16949
04/01/2021 12:56:00  21.01 °C  51.22 %  878.4 hPa 1.034E-03 g/cm³ 000 chk  8749
04/01/2021 12:57:00  20.99 °C  51.43 %  878.4 hPa 1.034E-03 g/cm³ 000 chk 21275
04/01/2021 12:58:00  20.99 °C  51.15 %  878.4 hPa 1.034E-03 g/cm³ 000 chk 32215
04/01/2021 12:59:00  20.99 °C  51.41 %  878.4 hPa 1.034E-03 g/cm³ 000 chk 41963
04/01/2021 13:00:00  20.98 °C  51.14 %  878.4 hPa 1.034E-03 g/cm³ 000 chk 49668
04/01/2021 13:01:00  20.96 °C  51.14 %  878.4 hPa 1.035E-03 g/cm³ 000 chk   747
04/01/2021 13:02:00  20.96 °C  51.13 %  878.4 hPa 1.035E-03 g/cm³ 000 chk 48645
04/01/2021 13:03:00  20.95 °C  51.31 %  878.3 hPa 1.034E-03 g/cm³ 000 chk 53971
04/01/2021 13:04:00  20.94 °C  51.22 %  878.4 hPa 1.035E-03 g/cm³ 000 chk  3885
04/01/2021 13:05:00  20.93 °C  51.00 %  878.4 hPa 1.035E-03 g/cm³ 000 chk 51862
04/01/2021 13:06:00  20.92 °C  51.18 %  878.4 hPa 1.035E-03 g/cm³ 000 chk 52375
04/01/2021 13:07:00  20.92 °C  51.46 %  878.4 hPa 1.035E-03 g/cm³ 000 chk 24744
04/01/2021 13:08:00  20.91 °C  51.32 %  878.4 hPa 1.035E-03 g/cm³ 000 chk 59005
04/01/2021 13:09:00  20.91 °C  51.10 %  878.4 hPa 1.035E-03 g/cm³ 000 chk  5763
04/01/2021 13:10:00  20.91 °C  50.83 %  878.4 hPa 1.035E-03 g/cm³ 000 chk 46329
04/01/2021 13:11:00  20.89 °C  50.91 %  878.3 hPa 1.035E-03 g/cm³ 000 chk 46148
04/01/2021 13:12:00  20.88 °C  50.75 %  878.3 hPa 1.035E-03 g/cm³ 000 chk 12269
04/01/2021 13:13:00  20.86 °C  50.45 %  878.3 hPa 1.035E-03 g/cm³ 000 chk 61364
04/01/2021 13:14:00  20.84 °C  50.83 %  878.3 hPa 1.035E-03 g/cm³ 000 chk 63122
04/01/2021 13:15:00  20.82 °C  50.69 %  878.2 hPa 1.035E-03 g/cm³ 000 chk 45667
04/01/2021 13:16:00  20.81 °C  50.67 %  878.2 hPa 1.035E-03 g/cm³ 000 chk 63949
04/01/2021 13:17:00  20.80 °C  50.65 %  878.2 hPa 1.035E-03 g/cm³ 000 chk 22696
04/01/2021 13:18:00  20.80 °C  50.38 %  878.2 hPa 1.035E-03 g/cm³ 000 chk 59750
04/01/2021 13:19:00  20.79 °C  50.68 %  878.2 hPa 1.035E-03 g/cm³ 000 chk 60398
04/01/2021 13:20:00  20.78 °C  50.41 %  878.1 hPa 1.035E-03 g/cm³ 000 chk 34815
04/01/2021 13:21:00  20.78 °C  50.43 %  878.1 hPa 1.035E-03 g/cm³ 000 chk 46938
04/01/2021 13:22:00  20.77 °C  50.14 %  878.1 hPa 1.035E-03 g/cm³ 000 chk 61543
04/01/2021 13:23:00  20.77 °C  50.31 %  878.1 hPa 1.035E-03 g/cm³ 000 chk   920
04/01/2021 13:24:00  20.77 °C  50.14 %  878.2 hPa 1.035E-03 g/cm³ 000 chk 33861
04/01/2021 13:25:00  20.77 °C  50.19 %  878.2 hPa 1.035E-03 g/cm³ 000 chk 24547
04/01/2021 13:26:00  20.76 °C  50.14 %  878.1 hPa 1.035E-03 g/cm³ 000 chk 19249
04/01/2021 13:27:00  20.75 °C  50.09 %  878.1 hPa 1.035E-03 g/cm³ 000 chk 41720
04/01/2021 13:28:00  20.75 °C  50.42 %  878.1 hPa 1.035E-03 g/cm³ 000 chk 15642
04/01/2021 13:29:00  20.73 °C  49.99 %  878.1 hPa 1.035E-03 g/cm³ 000 chk 62635
04/01/2021 13:30:00  20.73 °C  49.88 %  878.1 hPa 1.035E-03 g/cm³ 000 chk 40357
04/01/2021 13:31:00  20.72 °C  49.76 %  878.0 hPa 1.035E-03 g/cm³ 000 chk 22588
04/01/2021 13:32:00  20.71 °C  49.80 %  878.1 hPa 1.035E-03 g/cm³ 000 chk   879
04/01/2021 13:33:00  20.70 °C  49.69 %  878.1 hPa 1.035E-03 g/cm³ 000 chk 64655
04/01/2021 13:34:00  20.70 °C  49.76 %  878.0 hPa 1.035E-03 g/cm³ 000 chk 48013
04/01/2021 13:35:00  20.70 °C  50.07 %  878.0 hPa 1.035E-03 g/cm³ 000 chk 42376
04/01/2021 13:36:00  20.69 °C  49.90 %  878.0 hPa 1.035E-03 g/cm³ 000 chk 36383
04/01/2021 13:37:00  20.68 °C  49.95 %  878.0 hPa 1.035E-03 g/cm³ 000 chk 11387
04/01/2021 13:38:00  20.68 °C  49.80 %  877.9 hPa 1.035E-03 g/cm³ 000 chk  7676
04/01/2021 13:39:00  20.67 °C  50.23 %  877.9 hPa 1.035E-03 g/cm³ 000 chk 41794
04/01/2021 13:40:00  20.67 °C  50.12 %  878.0 hPa 1.035E-03 g/cm³ 000 chk 64278
04/01/2021 13:41:00  20.66 °C  50.18 %  878.0 hPa 1.035E-03 g/cm³ 000 chk 45681
04/01/2021 13:42:00  20.66 °C  50.72 %  877.9 hPa 1.035E-03 g/cm³ 000 chk 55181
04/01/2021 13:43:00  20.66 °C  50.76 %  877.9 hPa 1.035E-03 g/cm³ 000 chk  2344
04/01/2021 13:44:00  20.66 °C  50.72 %  878.0 hPa 1.035E-03 g/cm³ 000 chk 16558
04/01/2021 13:45:00  20.66 °C  50.65 %  877.9 hPa 1.035E-03 g/cm³ 000 chk 33241
04/01/2021 13:46:00  20.65 °C  50.44 %  877.9 hPa 1.035E-03 g/cm³ 000 chk 57647
04/01/2021 13:47:00  20.65 °C  50.58 %  877.9 hPa 1.035E-03 g/cm³ 000 chk  6052
04/01/2021 13:48:00  20.64 °C  50.43 %  877.9 hPa 1.035E-03 g/cm³ 000 chk  6431
04/01/2021 13:49:00  20.64 °C  50.55 %  877.9 hPa 1.035E-03 g/cm³ 000 chk 40343
04/01/2021 13:50:00  20.63 °C  50.39 %  877.9 hPa 1.035E-03 g/cm³ 000 chk 28700
04/01/2021 13:51:00  20.63 °C  50.37 %  877.9 hPa 1.035E-03 g/cm³ 000 chk 56506
04/01/2021 13:52:00  20.62 °C  50.36 %  877.9 hPa 1.036E-03 g/cm³ 000 chk  7895
04/01/2021 13:53:00  20.61 °C  50.33 %  877.9 hPa 1.036E-03 g/cm³ 000 chk 57136
04/01/2021 13:54:00  20.60 °C  50.36 %  877.9 hPa 1.036E-03 g/cm³ 000 chk 17033
04/01/2021 13:55:00  20.59 °C  50.52 %  877.9 hPa 1.036E-03 g/cm³ 000 chk 12990
04/01/2021 13:56:00  20.59 °C  50.57 %  877.9 hPa 1.036E-03 g/cm³ 000 chk  5201
04/01/2021 13:57:00  20.60 °C  50.61 %  877.8 hPa 1.035E-03 g/cm³ 000 chk  1769
04/01/2021 13:58:00  20.60 °C  50.71 %  877.8 hPa 1.035E-03 g/cm³ 000 chk  1680
04/01/2021 13:59:00  20.60 °C  50.76 %  877.8 hPa 1.035E-03 g/cm³ 000 chk 44853
04/01/2021 14:00:00  20.60 °C  50.85 %  877.8 hPa 1.035E-03 g/cm³ 000 chk 31401
04/01/2021 14:01:00  20.60 °C  50.90 %  877.8 hPa 1.035E-03 g/cm³ 000 chk 35105
04/01/2021 14:02:00  20.61 °C  50.85 %  877.8 hPa 1.035E-03 g/cm³ 000 chk 65058
04/01/2021 14:03:00  20.61 °C  50.83 %  877.8 hPa 1.035E-03 g/cm³ 000 chk 47750
04/01/2021 14:04:00  20.62 °C  50.92 %  877.8 hPa 1.035E-03 g/cm³ 000 chk 61585
04/01/2021 14:05:00  20.62 °C  50.91 %  877.9 hPa 1.035E-03 g/cm³ 000 chk 54369
04/01/2021 14:06:00  20.62 °C  50.92 %  877.8 hPa 1.035E-03 g/cm³ 000 chk 58842
04/01/2021 14:07:00  20.62 °C  50.96 %  877.8 hPa 1.035E-03 g/cm³ 000 chk 15231
04/01/2021 14:08:00  20.61 °C  50.98 %  877.9 hPa 1.035E-03 g/cm³ 000 chk 63039
04/01/2021 14:09:00  20.61 °C  51.08 %  877.8 hPa 1.035E-03 g/cm³ 000 chk 13462
04/01/2021 14:10:00  20.60 °C  51.19 %  877.8 hPa 1.035E-03 g/cm³ 000 chk 52312
04/01/2021 14:11:00  20.61 °C  51.27 %  877.9 hPa 1.035E-03 g/cm³ 000 chk  2077
04/01/2021 14:12:00  20.61 °C  51.29 %  877.8 hPa 1.035E-03 g/cm³ 000 chk 18596
04/01/2021 14:13:00  20.60 °C  51.25 %  877.8 hPa 1.035E-03 g/cm³ 000 chk 61379
04/01/2021 14:14:00  20.61 °C  51.19 %  877.8 hPa 1.035E-03 g/cm³ 000 chk 30478
04/01/2021 14:15:00  20.60 °C  51.20 %  877.8 hPa 1.035E-03 g/cm³ 000 chk 18718
04/01/2021 14:16:00  20.60 °C  51.23 %  877.8 hPa 1.035E-03 g/cm³ 000 chk 33265
04/01/2021 14:17:00  20.60 °C  51.25 %  877.8 hPa 1.035E-03 g/cm³ 000 chk 50517
04/01/2021 14:18:00  20.60 °C  51.32 %  877.8 hPa 1.035E-03 g/cm³ 000 chk 50733
04/01/2021 14:19:00  20.59 °C  51.34 %  877.8 hPa 1.035E-03 g/cm³ 000 chk 11509
04/01/2021 14:20:00  20.59 °C  51.29 %  877.7 hPa 1.035E-03 g/cm³ 000 chk 51885
04/01/2021 14:21:00  20.59 °C  51.34 %  877.8 hPa 1.035E-03 g/cm³ 000 chk 62759
04/01/2021 14:22:00  20.59 °C  51.50 %  877.6 hPa 1.035E-03 g/cm³ 000 chk 58227
04/01/2021 14:23:00  20.59 °C  51.99 %  877.6 hPa 1.035E-03 g/cm³ 000 chk 19720
04/01/2021 14:24:00  20.59 °C  51.95 %  877.6 hPa 1.035E-03 g/cm³ 000 chk 17522
04/01/2021 14:25:00  20.60 °C  51.75 %  877.6 hPa 1.035E-03 g/cm³ 000 chk 33069
04/01/2021 14:26:00  20.61 °C  51.58 %  877.6 hPa 1.035E-03 g/cm³ 000 chk  7771
04/01/2021 14:27:00  20.60 °C  51.59 %  877.6 hPa 1.035E-03 g/cm³ 000 chk 51262
04/01/2021 14:28:00  20.61 °C  51.55 %  877.6 hPa 1.035E-03 g/cm³ 000 chk  1448
04/01/2021 14:29:00  20.61 °C  51.41 %  877.6 hPa 1.035E-03 g/cm³ 000 chk  6945
04/01/2021 14:30:00  20.61 °C  51.32 %  877.6 hPa 1.035E-03 g/cm³ 000 chk 59584
04/01/2021 14:31:00  20.61 °C  51.37 %  877.7 hPa 1.035E-03 g/cm³ 000 chk  8752
04/01/2021 14:32:00  20.62 °C  51.26 %  877.6 hPa 1.035E-03 g/cm³ 000 chk 48101
04/01/2021 14:33:00  20.60 °C  50.99 %  877.7 hPa 1.035E-03 g/cm³ 000 chk 12695
04/01/2021 14:34:00  20.60 °C  51.18 %  877.7 hPa 1.035E-03 g/cm³ 000 chk  6298
04/01/2021 14:35:00  20.59 °C  51.01 %  877.7 hPa 1.035E-03 g/cm³ 000 chk 55661
04/01/2021 14:36:00  20.59 °C  51.07 %  877.7 hPa 1.035E-03 g/cm³ 000 chk 34946
04/01/2021 14:37:00  20.58 °C  50.99 %  877.8 hPa 1.035E-03 g/cm³ 000 chk   189
04/01/2021 14:38:00  20.58 °C  50.74 %  877.7 hPa 1.035E-03 g/cm³ 000 chk 21613
04/01/2021 14:39:00  20.58 °C  50.95 %  877.8 hPa 1.035E-03 g/cm³ 000 chk 63055
04/01/2021 14:40:00  20.58 °C  51.11 %  877.8 hPa 1.035E-03 g/cm³ 000 chk 52967
04/01/2021 14:41:00  20.58 °C  51.10 %  877.8 hPa 1.035E-03 g/cm³ 000 chk 35138
04/01/2021 14:42:00  20.58 °C  51.07 %  877.8 hPa 1.035E-03 g/cm³ 000 chk 62848
04/01/2021 14:43:00  20.57 °C  50.89 %  877.8 hPa 1.036E-03 g/cm³ 000 chk 62042
04/01/2021 14:44:00  20.56 °C  50.73 %  877.8 hPa 1.036E-03 g/cm³ 000 chk 34123
04/01/2021 14:45:00  20.57 °C  50.81 %  877.8 hPa 1.036E-03 g/cm³ 000 chk  9605
04/01/2021 14:46:00  20.56 °C  50.74 %  877.7 hPa 1.035E-03 g/cm³ 000 chk 46658
04/01/2021 14:47:00  20.55 °C  50.78 %  877.7 hPa 1.035E-03 g/cm³ 000 chk 29350
04/01/2021 14:48:00  20.55 °C  50.76 %  877.7 hPa 1.035E-03 g/cm³ 000 chk 46321
04/01/2021 14:49:00  20.54 °C  50.71 %  877.7 hPa 1.036E-03 g/cm³ 000 chk 36311
04/01/2021 14:50:00  20.53 °C  50.82 %  877.7 hPa 1.036E-03 g/cm³ 000 chk 35354
04/01/2021 14:51:00  20.53 °C  50.87 %  877.7 hPa 1.036E-03 g/cm³ 000 chk 47550
04/01/2021 14:52:00  20.51 °C  50.78 %  877.7 hPa 1.036E-03 g/cm³ 000 chk 36730
04/01/2021 14:53:00  20.50 °C  50.65 %  877.7 hPa 1.036E-03 g/cm³ 000 chk  1328
04/01/2021 14:54:00  20.49 °C  50.62 %  877.7 hPa 1.036E-03 g/cm³ 000 chk 39958
04/01/2021 14:55:00  20.49 °C  50.61 %  877.7 hPa 1.036E-03 g/cm³ 000 chk 16818
04/01/2021 14:56:00  20.48 °C  50.60 %  877.7 hPa 1.036E-03 g/cm³ 000 chk 33436
04/01/2021 14:57:00  20.48 °C  50.65 %  877.8 hPa 1.036E-03 g/cm³ 000 chk 38200
04/01/2021 14:58:00  20.47 °C  50.66 %  877.7 hPa 1.036E-03 g/cm³ 000 chk 64807
04/01/2021 14:59:00  20.46 °C  50.58 %  877.7 hPa 1.036E-03 g/cm³ 000 chk 49206
04/01/2021 15:00:00  20.46 °C  50.66 %  877.7 hPa 1.036E-03 g/cm³ 000 chk 45045
04/01/2021 15:01:00  20.45 °C  50.61 %  877.7 hPa 1.036E-03 g/cm³ 000 chk 62483
04/01/2021 15:02:00  20.45 °C  50.69 %  877.7 hPa 1.036E-03 g/cm³ 000 chk 41982
04/01/2021 15:03:00  20.45 °C  50.46 %  877.7 hPa 1.036E-03 g/cm³ 000 chk  8706
04/01/2021 15:04:00  20.44 °C  50.39 %  877.7 hPa 1.036E-03 g/cm³ 000 chk  3450
04/01/2021 15:05:00  20.44 °C  50.67 %  877.8 hPa 1.036E-03 g/cm³ 000 chk 34117
04/01/2021 15:06:00  20.44 °C  51.11 %  877.7 hPa 1.036E-03 g/cm³ 000 chk 41076
04/01/2021 15:07:00  20.45 °C  51.65 %  877.8 hPa 1.036E-03 g/cm³ 000 chk  3027
04/01/2021 15:08:00  20.45 °C  52.23 %  877.7 hPa 1.036E-03 g/cm³ 000 chk 12564
04/01/2021 15:09:00  20.45 °C  52.40 %  877.8 hPa 1.036E-03 g/cm³ 000 chk 51294
04/01/2021 15:10:00  20.45 °C  52.76 %  877.8 hPa 1.036E-03 g/cm³ 000 chk 25098
04/01/2021 15:11:00  20.45 °C  52.50 %  877.8 hPa 1.036E-03 g/cm³ 000 chk 59125
04/01/2021 15:12:00  20.45 °C  52.10 %  877.8 hPa 1.036E-03 g/cm³ 000 chk 39343
04/01/2021 15:13:00  20.45 °C  51.69 %  877.8 hPa 1.036E-03 g/cm³ 000 chk  1773
04/01/2021 15:14:00  20.45 °C  51.36 %  877.8 hPa 1.036E-03 g/cm³ 000 chk 30734
04/01/2021 15:15:00  20.44 °C  51.20 %  877.9 hPa 1.036E-03 g/cm³ 000 chk 37906
04/01/2021 15:16:00  20.42 °C  51.17 %  877.9 hPa 1.036E-03 g/cm³ 000 chk 35854
04/01/2021 15:17:00  20.42 °C  50.95 %  877.9 hPa 1.036E-03 g/cm³ 000 chk 60894
04/01/2021 15:18:00  20.42 °C  51.28 %  877.9 hPa 1.036E-03 g/cm³ 000 chk  3467
04/01/2021 15:19:00  20.42 °C  51.62 %  877.9 hPa 1.036E-03 g/cm³ 000 chk  5529
04/01/2021 15:20:00  20.42 °C  52.12 %  878.0 hPa 1.036E-03 g/cm³ 000 chk 65268
04/01/2021 15:21:00  20.41 °C  52.54 %  878.0 hPa 1.036E-03 g/cm³ 000 chk 34982
04/01/2021 15:22:00  20.42 °C  52.88 %  878.0 hPa 1.036E-03 g/cm³ 000 chk 39161
04/01/2021 15:23:00  20.42 °C  53.00 %  878.1 hPa 1.036E-03 g/cm³ 000 chk 29310
04/01/2021 15:24:00  20.41 °C  53.00 %  878.1 hPa 1.036E-03 g/cm³ 000 chk  5444
04/01/2021 15:25:00  20.41 °C  53.03 %  878.0 hPa 1.036E-03 g/cm³ 000 chk 12724
04/01/2021 15:26:00  20.42 °C  52.97 %  878.1 hPa 1.036E-03 g/cm³ 000 chk 24596
04/01/2021 15:27:00  20.42 °C  52.94 %  878.0 hPa 1.036E-03 g/cm³ 000 chk 17636
04/01/2021 15:28:00  20.43 °C  52.85 %  878.1 hPa 1.036E-03 g/cm³ 000 chk 49416
04/01/2021 15:29:00  20.43 °C  52.73 %  878.0 hPa 1.036E-03 g/cm³ 000 chk 32083
04/01/2021 15:30:00  20.43 °C  52.60 %  878.1 hPa 1.036E-03 g/cm³ 000 chk 30472
04/01/2021 15:31:00  20.43 °C  52.44 %  878.1 hPa 1.036E-03 g/cm³ 000 chk 27126
04/01/2021 15:32:00  20.41 °C  52.19 %  878.0 hPa 1.036E-03 g/cm³ 000 chk 15701
04/01/2021 15:33:00  20.41 °C  52.06 %  878.1 hPa 1.036E-03 g/cm³ 000 chk 17802
04/01/2021 15:34:00  20.41 °C  51.82 %  878.0 hPa 1.036E-03 g/cm³ 000 chk 27880
04/01/2021 15:35:00  20.41 °C  51.56 %  878.0 hPa 1.036E-03 g/cm³ 000 chk 29629
04/01/2021 15:36:00  20.41 °C  51.45 %  878.0 hPa 1.036E-03 g/cm³ 000 chk 31614
04/01/2021 15:37:00  20.40 °C  51.37 %  878.1 hPa 1.036E-03 g/cm³ 000 chk 58253
04/01/2021 15:38:00  20.39 °C  51.16 %  878.1 hPa 1.036E-03 g/cm³ 000 chk 41657
04/01/2021 15:39:00  20.38 °C  51.16 %  878.1 hPa 1.037E-03 g/cm³ 000 chk 39196
04/01/2021 15:40:00  20.37 °C  50.95 %  878.1 hPa 1.037E-03 g/cm³ 000 chk 23039
04/01/2021 15:41:00  20.36 °C  50.74 %  878.0 hPa 1.037E-03 g/cm³ 000 chk 46921
04/01/2021 15:42:00  20.36 °C  50.49 %  878.0 hPa 1.037E-03 g/cm³ 000 chk 31187
04/01/2021 15:43:00  20.35 °C  50.64 %  878.1 hPa 1.037E-03 g/cm³ 000 chk 26937
04/01/2021 15:44:00  20.35 °C  50.80 %  878.1 hPa 1.037E-03 g/cm³ 000 chk 18886
04/01/2021 15:45:00  20.35 °C  51.15 %  878.1 hPa 1.037E-03 g/cm³ 000 chk 60219
04/01/2021 15:46:00  20.35 °C  51.63 %  878.1 hPa 1.037E-03 g/cm³ 000 chk 31254
04/01/2021 15:47:00  20.35 °C  52.01 %  878.1 hPa 1.037E-03 g/cm³ 000 chk 47738
04/01/2021 15:48:00  20.35 °C  52.30 %  878.2 hPa 1.037E-03 g/cm³ 000 chk 56486
04/01/2021 15:49:00  20.36 °C  52.38 %  878.2 hPa 1.037E-03 g/cm³ 000 chk 27715
04/01/2021 15:50:00  20.36 °C  52.16 %  878.2 hPa 1.037E-03 g/cm³ 000 chk 60985
04/01/2021 15:51:00  20.35 °C  51.85 %  878.2 hPa 1.037E-03 g/cm³ 000 chk 12476
04/01/2021 15:52:00  20.36 °C  51.48 %  878.2 hPa 1.037E-03 g/cm³ 000 chk  3534
04/01/2021 15:53:00  20.36 °C  51.19 %  878.2 hPa 1.037E-03 g/cm³ 000 chk 19186
04/01/2021 15:54:00  20.36 °C  50.99 %  878.2 hPa 1.037E-03 g/cm³ 000 chk 36606
04/01/2021 15:55:00  20.36 °C  51.05 %  878.2 hPa 1.037E-03 g/cm³ 000 chk 10496
04/01/2021 15:56:00  20.35 °C  51.33 %  878.2 hPa 1.037E-03 g/cm³ 000 chk 35547
04/01/2021 15:57:00  20.35 °C  51.79 %  878.2 hPa 1.037E-03 g/cm³ 000 chk 37577
04/01/2021 15:58:00  20.35 °C  52.26 %  878.3 hPa 1.037E-03 g/cm³ 000 chk 45173
04/01/2021 15:59:00  20.35 °C  52.63 %  878.3 hPa 1.037E-03 g/cm³ 000 chk 17252
04/01/2021 16:00:00  20.35 °C  52.63 %  878.3 hPa 1.037E-03 g/cm³ 000 chk 44204
04/01/2021 16:01:00  20.36 °C  52.66 %  878.3 hPa 1.037E-03 g/cm³ 000 chk 27979
04/01/2021 16:02:00  20.37 °C  52.38 %  878.4 hPa 1.037E-03 g/cm³ 000 chk 11093
04/01/2021 16:03:00  20.36 °C  51.73 %  878.4 hPa 1.037E-03 g/cm³ 000 chk 49057
04/01/2021 16:04:00  20.35 °C  51.46 %  878.4 hPa 1.037E-03 g/cm³ 000 chk 16876
04/01/2021 16:05:00  20.35 °C  50.88 %  878.4 hPa 1.037E-03 g/cm³ 000 chk 31882
04/01/2021 16:06:00  20.33 °C  50.98 %  878.5 hPa 1.037E-03 g/cm³ 000 chk 24216
04/01/2021 16:07:00  20.32 °C  51.13 %  878.5 hPa 1.037E-03 g/cm³ 000 chk 43915
04/01/2021 16:08:00  20.32 °C  51.42 %  878.5 hPa 1.037E-03 g/cm³ 000 chk 34374
04/01/2021 16:09:00  20.32 °C  51.88 %  878.5 hPa 1.037E-03 g/cm³ 000 chk 24381
04/01/2021 16:10:00  20.33 °C  52.34 %  878.5 hPa 1.037E-03 g/cm³ 000 chk 10212
04/01/2021 16:11:00  20.33 °C  52.53 %  878.5 hPa 1.037E-03 g/cm³ 000 chk 36527
04/01/2021 16:12:00  20.33 °C  52.69 %  878.5 hPa 1.037E-03 g/cm³ 000 chk 17204
04/01/2021 16:13:00  20.33 °C  52.31 %  878.5 hPa 1.037E-03 g/cm³ 000 chk   267
04/01/2021 16:14:00  20.33 °C  51.94 %  878.6 hPa 1.037E-03 g/cm³ 000 chk 47000
04/01/2021 16:15:00  20.32 °C  51.40 %  878.5 hPa 1.037E-03 g/cm³ 000 chk 29426
04/01/2021 16:16:00  20.31 °C  51.15 %  878.7 hPa 1.038E-03 g/cm³ 000 chk  4131
04/01/2021 16:17:00  20.28 °C  50.82 %  878.7 hPa 1.038E-03 g/cm³ 000 chk 10113
04/01/2021 16:18:00  20.26 °C  50.93 %  878.8 hPa 1.038E-03 g/cm³ 000 chk 33907
04/01/2021 16:19:00  20.25 °C  50.96 %  878.8 hPa 1.038E-03 g/cm³ 000 chk 17812
04/01/2021 16:20:00  20.23 °C  51.33 %  878.8 hPa 1.038E-03 g/cm³ 000 chk 39497
04/01/2021 16:21:00  20.22 °C  51.74 %  878.8 hPa 1.038E-03 g/cm³ 000 chk 25241
04/01/2021 16:22:00  20.21 °C  51.87 %  878.8 hPa 1.038E-03 g/cm³ 000 chk 22942
04/01/2021 16:23:00  20.20 °C  52.02 %  878.8 hPa 1.038E-03 g/cm³ 000 chk 51892
04/01/2021 16:24:00  20.20 °C  52.05 %  878.9 hPa 1.038E-03 g/cm³ 000 chk 42392
04/01/2021 16:25:00  20.20 °C  52.05 %  878.9 hPa 1.038E-03 g/cm³ 000 chk  3900
04/01/2021 16:26:00  20.18 °C  51.97 %  878.9 hPa 1.038E-03 g/cm³ 000 chk 58380
04/01/2021 16:27:00  20.18 °C  51.90 %  878.9 hPa 1.038E-03 g/cm³ 000 chk 19881
04/01/2021 16:28:00  20.18 °C  51.75 %  878.8 hPa 1.038E-03 g/cm³ 000 chk 11311
04/01/2021 16:29:00  20.16 °C  51.63 %  878.8 hPa 1.038E-03 g/cm³ 000 chk 49709
04/01/2021 16:30:00  20.16 °C  51.54 %  878.9 hPa 1.038E-03 g/cm³ 000 chk 31788
04/01/2021 16:31:00  20.14 °C  51.41 %  878.9 hPa 1.038E-03 g/cm³ 000 chk 60455
04/01/2021 16:32:00  20.13 °C  51.14 %  878.9 hPa 1.038E-03 g/cm³ 000 chk 65300
04/01/2021 16:33:00  20.12 °C  51.07 %  878.9 hPa 1.039E-03 g/cm³ 000 chk 29597
04/01/2021 16:34:00  20.12 °C  50.96 %  878.9 hPa 1.039E-03 g/cm³ 000 chk 39612
04/01/2021 16:35:00  20.11 °C  50.74 %  878.9 hPa 1.039E-03 g/cm³ 000 chk 39389
04/01/2021 16:36:00  20.10 °C  50.70 %  878.9 hPa 1.039E-03 g/cm³ 000 chk 50163
04/01/2021 16:37:00  20.10 °C  50.81 %  878.9 hPa 1.039E-03 g/cm³ 000 chk 34301
04/01/2021 16:38:00  20.09 °C  51.11 %  879.0 hPa 1.039E-03 g/cm³ 000 chk 60079
04/01/2021 16:39:00  20.09 °C  51.67 %  878.9 hPa 1.039E-03 g/cm³ 000 chk 24521
04/01/2021 16:40:00  20.10 °C  51.85 %  879.0 hPa 1.039E-03 g/cm³ 000 chk 10189
04/01/2021 16:41:00  20.10 °C  51.99 %  879.0 hPa 1.039E-03 g/cm³ 000 chk 53574
04/01/2021 16:42:00  20.10 °C  52.03 %  879.0 hPa 1.039E-03 g/cm³ 000 chk 60872
04/01/2021 16:43:00  20.10 °C  51.74 %  879.0 hPa 1.039E-03 g/cm³ 000 chk 29832
04/01/2021 16:44:00  20.09 °C  51.27 %  879.0 hPa 1.039E-03 g/cm³ 000 chk 39222
04/01/2021 16:45:00  20.08 °C  51.03 %  879.0 hPa 1.039E-03 g/cm³ 000 chk  5640
04/01/2021 16:46:00  20.07 °C  50.89 %  879.0 hPa 1.039E-03 g/cm³ 000 chk 29147
04/01/2021 16:47:00  20.06 °C  50.78 %  879.0 hPa 1.039E-03 g/cm³ 000 chk 42517
04/01/2021 16:48:00  20.06 °C  51.11 %  879.0 hPa 1.039E-03 g/cm³ 000 chk 62385
04/01/2021 16:49:00  20.07 °C  51.52 %  879.0 hPa 1.039E-03 g/cm³ 000 chk 32608
04/01/2021 16:50:00  20.06 °C  51.93 %  879.0 hPa 1.039E-03 g/cm³ 000 chk 18014
04/01/2021 16:51:00  20.07 °C  52.10 %  879.0 hPa 1.039E-03 g/cm³ 000 chk 15220
04/01/2021 16:52:00  20.06 °C  52.28 %  879.0 hPa 1.039E-03 g/cm³ 000 chk 64814
04/01/2021 16:53:00  20.06 °C  52.28 %  879.0 hPa 1.039E-03 g/cm³ 000 chk 22410
04/01/2021 16:54:00  20.06 °C  52.21 %  879.0 hPa 1.039E-03 g/cm³ 000 chk 51184
04/01/2021 16:55:00  20.06 °C  52.11 %  879.0 hPa 1.039E-03 g/cm³ 000 chk 27939
04/01/2021 16:56:00  20.05 °C  51.91 %  879.0 hPa 1.039E-03 g/cm³ 000 chk  4545
04/01/2021 16:57:00  20.05 °C  51.75 %  879.0 hPa 1.039E-03 g/cm³ 000 chk  3811
04/01/2021 16:58:00  20.05 °C  51.65 %  879.0 hPa 1.039E-03 g/cm³ 000 chk  3738
04/01/2021 16:59:00  20.05 °C  51.56 %  879.0 hPa 1.039E-03 g/cm³ 000 chk 54089
04/01/2021 17:00:00  20.04 °C  51.33 %  879.0 hPa 1.039E-03 g/cm³ 000 chk 45777
04/01/2021 17:01:00  20.04 °C  51.25 %  879.0 hPa 1.039E-03 g/cm³ 000 chk 13913
04/01/2021 17:02:00  20.03 °C  50.96 %  879.0 hPa 1.039E-03 g/cm³ 000 chk 39665
04/01/2021 17:03:00  20.02 °C  50.81 %  879.0 hPa 1.039E-03 g/cm³ 000 chk 25272
04/01/2021 17:04:00  20.02 °C  50.97 %  879.0 hPa 1.039E-03 g/cm³ 000 chk 55789
04/01/2021 17:05:00  20.01 °C  51.06 %  878.9 hPa 1.039E-03 g/cm³ 000 chk 52306
04/01/2021 17:06:00  20.01 °C  51.44 %  879.0 hPa 1.039E-03 g/cm³ 000 chk  6153
04/01/2021 17:07:00  20.02 °C  51.81 %  878.9 hPa 1.039E-03 g/cm³ 000 chk 59698
04/01/2021 17:08:00  20.02 °C  52.01 %  878.9 hPa 1.039E-03 g/cm³ 000 chk  6185
04/01/2021 17:09:00  20.03 °C  52.14 %  878.9 hPa 1.039E-03 g/cm³ 000 chk 31329
04/01/2021 17:10:00  20.03 °C  52.19 %  879.0 hPa 1.039E-03 g/cm³ 000 chk 32320
04/01/2021 17:11:00  20.03 °C  52.20 %  879.0 hPa 1.039E-03 g/cm³ 000 chk 53648
04/01/2021 17:12:00  20.03 °C  52.08 %  879.0 hPa 1.039E-03 g/cm³ 000 chk 17958
04/01/2021 17:13:00  20.03 °C  51.92 %  879.0 hPa 1.039E-03 g/cm³ 000 chk 28643
04/01/2021 17:14:00  20.03 °C  51.77 %  879.0 hPa 1.039E-03 g/cm³ 000 chk 41501
04/01/2021 17:15:00  20.03 °C  51.57 %  879.0 hPa 1.039E-03 g/cm³ 000 chk 51426
04/01/2021 17:16:00  20.02 °C  51.40 %  879.0 hPa 1.039E-03 g/cm³ 000 chk  9696
04/01/2021 17:17:00  20.02 °C  51.10 %  878.9 hPa 1.039E-03 g/cm³ 000 chk 48861
04/01/2021 17:18:00  20.02 °C  51.06 %  878.9 hPa 1.039E-03 g/cm³ 000 chk 20644
04/01/2021 17:19:00  20.01 °C  50.84 %  879.0 hPa 1.039E-03 g/cm³ 000 chk 62007
04/01/2021 17:20:00  20.00 °C  50.72 %  879.0 hPa 1.039E-03 g/cm³ 000 chk 65322
04/01/2021 17:21:00  19.99 °C  50.57 %  879.0 hPa 1.039E-03 g/cm³ 000 chk 49080
04/01/2021 17:22:00  19.98 °C  50.51 %  879.0 hPa 1.039E-03 g/cm³ 000 chk 32663
04/01/2021 17:23:00  19.97 °C  50.38 %  879.0 hPa 1.039E-03 g/cm³ 000 chk 11156
04/01/2021 17:24:00  19.96 °C  50.43 %  879.0 hPa 1.039E-03 g/cm³ 000 chk 28909
04/01/2021 17:25:00  19.96 °C  50.60 %  879.1 hPa 1.039E-03 g/cm³ 000 chk 37958
04/01/2021 17:26:00  19.96 °C  51.01 %  879.1 hPa 1.039E-03 g/cm³ 000 chk 22106
04/01/2021 17:27:00  19.96 °C  51.51 %  879.1 hPa 1.039E-03 g/cm³ 000 chk 64615
04/01/2021 17:28:00  19.96 °C  51.77 %  879.1 hPa 1.039E-03 g/cm³ 000 chk  4713
04/01/2021 17:29:00  19.97 °C  51.97 %  879.1 hPa 1.039E-03 g/cm³ 000 chk 59530
04/01/2021 17:30:00  19.97 °C  52.12 %  879.1 hPa 1.039E-03 g/cm³ 000 chk  1255
04/01/2021 17:31:00  19.98 °C  52.21 %  879.2 hPa 1.039E-03 g/cm³ 000 chk 27009
04/01/2021 17:32:00  19.98 °C  52.20 %  879.2 hPa 1.039E-03 g/cm³ 000 chk 15215
04/01/2021 17:33:00  19.98 °C  52.12 %  879.2 hPa 1.039E-03 g/cm³ 000 chk  3005
04/01/2021 17:34:00  19.98 °C  52.04 %  879.2 hPa 1.039E-03 g/cm³ 000 chk 45288
04/01/2021 17:35:00  19.98 °C  51.89 %  879.2 hPa 1.039E-03 g/cm³ 000 chk 23040
04/01/2021 17:36:00  19.98 °C  51.75 %  879.2 hPa 1.039E-03 g/cm³ 000 chk 30791
04/01/2021 17:37:00  19.97 °C  51.56 %  879.2 hPa 1.039E-03 g/cm³ 000 chk 40690
04/01/2021 17:38:00  19.96 °C  51.23 %  879.2 hPa 1.040E-03 g/cm³ 000 chk 41518
04/01/2021 17:39:00  19.96 °C  51.17 %  879.2 hPa 1.040E-03 g/cm³ 000 chk 31996
04/01/2021 17:40:00  19.96 °C  50.99 %  879.2 hPa 1.040E-03 g/cm³ 000 chk 13911
04/01/2021 17:41:00  19.94 °C  50.88 %  879.2 hPa 1.040E-03 g/cm³ 000 chk 53853
04/01/2021 17:42:00  19.94 °C  50.66 %  879.3 hPa 1.040E-03 g/cm³ 000 chk 21347
04/01/2021 17:43:00  19.93 °C  50.50 %  879.3 hPa 1.040E-03 g/cm³ 000 chk  8949
04/01/2021 17:44:00  19.92 °C  50.36 %  879.3 hPa 1.040E-03 g/cm³ 000 chk 51362
04/01/2021 17:45:00  19.91 °C  50.40 %  879.3 hPa 1.040E-03 g/cm³ 000 chk 48775
04/01/2021 17:46:00  19.91 °C  50.58 %  879.3 hPa 1.040E-03 g/cm³ 000 chk 10566
04/01/2021 17:47:00  19.91 °C  50.93 %  879.3 hPa 1.040E-03 g/cm³ 000 chk  7484
04/01/2021 17:48:00  19.91 °C  51.45 %  879.4 hPa 1.040E-03 g/cm³ 000 chk  3119
04/01/2021 17:49:00  19.91 °C  51.64 %  879.4 hPa 1.040E-03 g/cm³ 000 chk 35793
04/01/2021 17:50:00  19.92 °C  51.90 %  879.4 hPa 1.040E-03 g/cm³ 000 chk 18459
04/01/2021 17:51:00  19.92 °C  51.82 %  879.4 hPa 1.040E-03 g/cm³ 000 chk 47250
04/01/2021 17:52:00  19.92 °C  51.67 %  879.4 hPa 1.040E-03 g/cm³ 000 chk 24570
04/01/2021 17:53:00  19.92 °C  51.32 %  879.4 hPa 1.040E-03 g/cm³ 000 chk 27847
04/01/2021 17:54:00  19.92 °C  51.00 %  879.4 hPa 1.040E-03 g/cm³ 000 chk 25544
04/01/2021 17:55:00  19.92 °C  50.97 %  879.4 hPa 1.040E-03 g/cm³ 000 chk 23348
04/01/2021 17:56:00  19.91 °C  51.02 %  879.3 hPa 1.040E-03 g/cm³ 000 chk 28779
04/01/2021 17:57:00  19.90 °C  51.14 %  879.3 hPa 1.040E-03 g/cm³ 000 chk 25891
04/01/2021 17:58:00  19.90 °C  51.55 %  879.3 hPa 1.040E-03 g/cm³ 000 chk 35010
04/01/2021 17:59:00  19.91 °C  51.80 %  879.3 hPa 1.040E-03 g/cm³ 000 chk 60246
04/01/2021 18:00:00  19.91 °C  51.99 %  879.3 hPa 1.040E-03 g/cm³ 000 chk  5296
04/01/2021 18:01:00  19.92 °C  52.08 %  879.3 hPa 1.040E-03 g/cm³ 000 chk 20532
04/01/2021 18:02:00  19.92 °C  52.04 %  879.3 hPa 1.040E-03 g/cm³ 000 chk 29656
04/01/2021 18:03:00  19.92 °C  51.99 %  879.3 hPa 1.040E-03 g/cm³ 000 chk 22812
04/01/2021 18:04:00  19.92 °C  51.87 %  879.3 hPa 1.040E-03 g/cm³ 000 chk  2635
04/01/2021 18:05:00  19.92 °C  51.70 %  879.3 hPa 1.040E-03 g/cm³ 000 chk 41541
04/01/2021 18:06:00  19.92 °C  51.52 %  879.3 hPa 1.040E-03 g/cm³ 000 chk 18416
04/01/2021 18:07:00  19.92 °C  51.47 %  879.3 hPa 1.040E-03 g/cm³ 000 chk 46200
04/01/2021 18:08:00  19.91 °C  51.27 %  879.3 hPa 1.040E-03 g/cm³ 000 chk 34432
04/01/2021 18:09:00  19.90 °C  51.08 %  879.4 hPa 1.040E-03 g/cm³ 000 chk 63510
04/01/2021 18:10:00  19.90 °C  50.83 %  879.4 hPa 1.040E-03 g/cm³ 000 chk 29250
04/01/2021 18:11:00  19.89 °C  50.96 %  879.4 hPa 1.040E-03 g/cm³ 000 chk 36500
04/01/2021 18:12:00  19.89 °C  51.19 %  879.4 hPa 1.040E-03 g/cm³ 000 chk 35597
04/01/2021 18:13:00  19.89 °C  51.62 %  879.4 hPa 1.040E-03 g/cm³ 000 chk 32361
04/01/2021 18:14:00  19.89 °C  51.86 %  879.4 hPa 1.040E-03 g/cm³ 000 chk 24214
04/01/2021 18:15:00  19.89 °C  52.03 %  879.5 hPa 1.040E-03 g/cm³ 000 chk 42280
04/01/2021 18:16:00  19.89 °C  52.08 %  879.5 hPa 1.040E-03 g/cm³ 000 chk 34245
04/01/2021 18:17:00  19.90 °C  52.01 %  879.5 hPa 1.040E-03 g/cm³ 000 chk  9532
04/01/2021 18:18:00  19.89 °C  51.89 %  879.5 hPa 1.040E-03 g/cm³ 000 chk 13179
04/01/2021 18:19:00  19.89 °C  51.72 %  879.5 hPa 1.040E-03 g/cm³ 000 chk  1910
04/01/2021 18:20:00  19.89 °C  51.63 %  879.6 hPa 1.040E-03 g/cm³ 000 chk  4818
04/01/2021 18:21:00  19.89 °C  51.49 %  879.6 hPa 1.040E-03 g/cm³ 000 chk  2606
04/01/2021 18:22:00  19.89 °C  51.35 %  879.6 hPa 1.040E-03 g/cm³ 000 chk 59648
04/01/2021 18:23:00  19.88 °C  51.24 %  879.7 hPa 1.040E-03 g/cm³ 000 chk  1565
04/01/2021 18:24:00  19.87 °C  51.03 %  879.7 hPa 1.040E-03 g/cm³ 000 chk 43892
04/01/2021 18:25:00  19.87 °C  50.90 %  879.7 hPa 1.040E-03 g/cm³ 000 chk 59273
04/01/2021 18:26:00  19.86 °C  50.92 %  879.8 hPa 1.041E-03 g/cm³ 000 chk 30566
04/01/2021 18:27:00  19.86 °C  51.13 %  879.8 hPa 1.041E-03 g/cm³ 000 chk 25014
04/01/2021 18:28:00  19.86 °C  51.45 %  879.8 hPa 1.041E-03 g/cm³ 000 chk 20346
04/01/2021 18:29:00  19.86 °C  51.83 %  879.8 hPa 1.041E-03 g/cm³ 000 chk  2562
04/01/2021 18:30:00  19.86 °C  52.06 %  879.8 hPa 1.041E-03 g/cm³ 000 chk 58991
04/01/2021 18:31:00  19.86 °C  52.18 %  879.8 hPa 1.041E-03 g/cm³ 000 chk 35557
04/01/2021 18:32:00  19.86 °C  52.14 %  879.8 hPa 1.041E-03 g/cm³ 000 chk 43273
04/01/2021 18:33:00  19.86 °C  51.88 %  879.8 hPa 1.041E-03 g/cm³ 000 chk 28364
04/01/2021 18:34:00  19.85 °C  51.28 %  879.8 hPa 1.041E-03 g/cm³ 000 chk  2244
04/01/2021 18:35:00  19.85 °C  50.99 %  879.8 hPa 1.041E-03 g/cm³ 000 chk  7779
04/01/2021 18:36:00  19.84 °C  50.81 %  879.8 hPa 1.041E-03 g/cm³ 000 chk  6242
04/01/2021 18:37:00  19.83 °C  50.88 %  879.8 hPa 1.041E-03 g/cm³ 000 chk 33408
04/01/2021 18:38:00  19.83 °C  51.09 %  879.8 hPa 1.041E-03 g/cm³ 000 chk 65185
04/01/2021 18:39:00  19.83 °C  51.31 %  879.8 hPa 1.041E-03 g/cm³ 000 chk 48240
04/01/2021 18:40:00  19.83 °C  51.68 %  879.8 hPa 1.041E-03 g/cm³ 000 chk 42038
04/01/2021 18:41:00  19.83 °C  51.84 %  879.8 hPa 1.041E-03 g/cm³ 000 chk 21270
04/01/2021 18:42:00  19.84 °C  52.04 %  879.8 hPa 1.041E-03 g/cm³ 000 chk 59634
04/01/2021 18:43:00  19.84 °C  52.17 %  879.8 hPa 1.041E-03 g/cm³ 000 chk 62842
04/01/2021 18:44:00  19.84 °C  52.13 %  879.8 hPa 1.041E-03 g/cm³ 000 chk  5122
04/01/2021 18:45:00  19.84 °C  52.10 %  879.8 hPa 1.041E-03 g/cm³ 000 chk 51622
04/01/2021 18:46:00  19.84 °C  52.00 %  879.8 hPa 1.041E-03 g/cm³ 000 chk 46693
04/01/2021 18:47:00  19.84 °C  51.85 %  879.8 hPa 1.041E-03 g/cm³ 000 chk 46223
04/01/2021 18:48:00  19.84 °C  51.74 %  879.9 hPa 1.041E-03 g/cm³ 000 chk 24868
04/01/2021 18:49:00  19.83 °C  51.44 %  879.9 hPa 1.041E-03 g/cm³ 000 chk 65202
04/01/2021 18:50:00  19.83 °C  51.16 %  879.9 hPa 1.041E-03 g/cm³ 000 chk  8201
04/01/2021 18:51:00  19.82 °C  51.31 %  879.9 hPa 1.041E-03 g/cm³ 000 chk 55351
04/01/2021 18:52:00  19.82 °C  51.46 %  879.9 hPa 1.041E-03 g/cm³ 000 chk 42011
04/01/2021 18:53:00  19.82 °C  51.80 %  880.0 hPa 1.041E-03 g/cm³ 000 chk 34695
04/01/2021 18:54:00  19.82 °C  51.99 %  880.0 hPa 1.041E-03 g/cm³ 000 chk 55249
04/01/2021 18:55:00  19.83 °C  52.18 %  880.0 hPa 1.041E-03 g/cm³ 000 chk 12538
04/01/2021 18:56:00  19.83 °C  52.19 %  880.0 hPa 1.041E-03 g/cm³ 000 chk 25108
04/01/2021 18:57:00  19.83 °C  52.13 %  880.1 hPa 1.041E-03 g/cm³ 000 chk 17383
04/01/2021 18:58:00  19.83 °C  51.99 %  880.1 hPa 1.041E-03 g/cm³ 000 chk 49407
04/01/2021 18:59:00  19.83 °C  51.77 %  880.1 hPa 1.041E-03 g/cm³ 000 chk 44510
04/01/2021 19:00:00  19.82 °C  51.60 %  880.2 hPa 1.041E-03 g/cm³ 000 chk 56698
04/01/2021 19:01:00  19.81 °C  51.38 %  880.2 hPa 1.041E-03 g/cm³ 000 chk 27910
04/01/2021 19:02:00  19.81 °C  51.24 %  880.2 hPa 1.041E-03 g/cm³ 000 chk 36550
04/01/2021 19:03:00  19.80 °C  51.02 %  880.1 hPa 1.041E-03 g/cm³ 000 chk 53254
04/01/2021 19:04:00  19.79 °C  50.72 %  880.1 hPa 1.041E-03 g/cm³ 000 chk 48404
04/01/2021 19:05:00  19.79 °C  50.62 %  880.1 hPa 1.041E-03 g/cm³ 000 chk 55196
04/01/2021 19:06:00  19.78 °C  50.59 %  880.1 hPa 1.041E-03 g/cm³ 000 chk 26310
04/01/2021 19:07:00  19.77 °C  50.77 %  880.1 hPa 1.041E-03 g/cm³ 000 chk 61809
04/01/2021 19:08:00  19.77 °C  51.00 %  880.1 hPa 1.041E-03 g/cm³ 000 chk 25339
04/01/2021 19:09:00  19.77 °C  51.36 %  880.1 hPa 1.041E-03 g/cm³ 000 chk  9768
04/01/2021 19:10:00  19.77 °C  51.67 %  880.1 hPa 1.041E-03 g/cm³ 000 chk 36755
04/01/2021 19:11:00  19.77 °C  51.86 %  880.1 hPa 1.041E-03 g/cm³ 000 chk  2481
04/01/2021 19:12:00  19.77 °C  51.96 %  880.1 hPa 1.041E-03 g/cm³ 000 chk 30322
04/01/2021 19:13:00  19.77 °C  51.70 %  880.0 hPa 1.041E-03 g/cm³ 000 chk  2565
04/01/2021 19:14:00  19.77 °C  51.35 %  880.0 hPa 1.041E-03 g/cm³ 000 chk 50889
04/01/2021 19:15:00  19.76 °C  51.08 %  880.0 hPa 1.041E-03 g/cm³ 000 chk 36056
04/01/2021 19:16:00  19.75 °C  50.74 %  880.0 hPa 1.041E-03 g/cm³ 000 chk  3497
04/01/2021 19:17:00  19.75 °C  50.47 %  880.0 hPa 1.041E-03 g/cm³ 000 chk 53370
04/01/2021 19:18:00  19.74 °C  50.57 %  880.0 hPa 1.041E-03 g/cm³ 000 chk 16835
04/01/2021 19:19:00  19.74 °C  50.75 %  880.0 hPa 1.041E-03 g/cm³ 000 chk 45373
04/01/2021 19:20:00  19.74 °C  51.00 %  880.0 hPa 1.041E-03 g/cm³ 000 chk  2965
04/01/2021 19:21:00  19.74 °C  51.34 %  880.0 hPa 1.041E-03 g/cm³ 000 chk 54599
04/01/2021 19:22:00  19.74 °C  51.69 %  880.0 hPa 1.041E-03 g/cm³ 000 chk  6963
04/01/2021 19:23:00  19.74 °C  51.92 %  880.0 hPa 1.041E-03 g/cm³ 000 chk 12094
04/01/2021 19:24:00  19.74 °C  52.06 %  880.0 hPa 1.041E-03 g/cm³ 000 chk 16164
04/01/2021 19:25:00  19.74 °C  51.96 %  880.1 hPa 1.041E-03 g/cm³ 000 chk 40374
04/01/2021 19:26:00  19.75 °C  51.68 %  880.1 hPa 1.041E-03 g/cm³ 000 chk 46128
04/01/2021 19:27:00  19.74 °C  51.40 %  880.1 hPa 1.041E-03 g/cm³ 000 chk 42765
04/01/2021 19:28:00  19.73 °C  51.01 %  880.2 hPa 1.042E-03 g/cm³ 000 chk 13589
04/01/2021 19:29:00  19.73 °C  50.81 %  880.2 hPa 1.042E-03 g/cm³ 000 chk 52932
04/01/2021 19:30:00  19.73 °C  50.85 %  880.3 hPa 1.042E-03 g/cm³ 000 chk  1970
04/01/2021 19:31:00  19.72 °C  50.91 %  880.3 hPa 1.042E-03 g/cm³ 000 chk 35067
04/01/2021 19:32:00  19.72 °C  51.25 %  880.3 hPa 1.042E-03 g/cm³ 000 chk  4631
04/01/2021 19:33:00  19.72 °C  51.68 %  880.3 hPa 1.042E-03 g/cm³ 000 chk  2308
04/01/2021 19:34:00  19.72 °C  51.88 %  880.3 hPa 1.042E-03 g/cm³ 000 chk 24058
04/01/2021 19:35:00  19.72 °C  52.08 %  880.3 hPa 1.042E-03 g/cm³ 000 chk 50704
04/01/2021 19:36:00  19.72 °C  52.10 %  880.3 hPa 1.042E-03 g/cm³ 000 chk 20945
04/01/2021 19:37:00  19.72 °C  51.84 %  880.3 hPa 1.042E-03 g/cm³ 000 chk 32278
04/01/2021 19:38:00  19.72 °C  51.57 %  880.4 hPa 1.042E-03 g/cm³ 000 chk 26137
04/01/2021 19:39:00  19.72 °C  51.12 %  880.4 hPa 1.042E-03 g/cm³ 000 chk 38152
04/01/2021 19:40:00  19.71 °C  51.11 %  880.4 hPa 1.042E-03 g/cm³ 000 chk  3479
04/01/2021 19:41:00  19.71 °C  51.09 %  880.4 hPa 1.042E-03 g/cm³ 000 chk 36637
04/01/2021 19:42:00  19.71 °C  51.24 %  880.4 hPa 1.042E-03 g/cm³ 000 chk 33195
04/01/2021 19:43:00  19.70 °C  51.59 %  880.4 hPa 1.042E-03 g/cm³ 000 chk  2831
04/01/2021 19:44:00  19.70 °C  52.00 %  880.4 hPa 1.042E-03 g/cm³ 000 chk 27595
04/01/2021 19:45:00  19.70 °C  52.28 %  880.4 hPa 1.042E-03 g/cm³ 000 chk 59702
04/01/2021 19:46:00  19.70 °C  52.38 %  880.4 hPa 1.042E-03 g/cm³ 000 chk 38645
04/01/2021 19:47:00  19.70 °C  52.37 %  880.3 hPa 1.042E-03 g/cm³ 000 chk 47608
04/01/2021 19:48:00  19.70 °C  52.21 %  880.3 hPa 1.042E-03 g/cm³ 000 chk 22401
04/01/2021 19:49:00  19.70 °C  51.84 %  880.3 hPa 1.042E-03 g/cm³ 000 chk 38192
04/01/2021 19:50:00  19.70 °C  51.56 %  880.3 hPa 1.042E-03 g/cm³ 000 chk 35554
04/01/2021 19:51:00  19.69 °C  51.37 %  880.3 hPa 1.042E-03 g/cm³ 000 chk 49911
04/01/2021 19:52:00  19.68 °C  51.25 %  880.3 hPa 1.042E-03 g/cm³ 000 chk 46837
04/01/2021 19:53:00  19.68 °C  51.39 %  880.3 hPa 1.042E-03 g/cm³ 000 chk 16510
04/01/2021 19:54:00  19.68 °C  51.60 %  880.3 hPa 1.042E-03 g/cm³ 000 chk 53405
04/01/2021 19:55:00  19.68 °C  52.03 %  880.3 hPa 1.042E-03 g/cm³ 000 chk 65008
04/01/2021 19:56:00  19.68 °C  52.27 %  880.3 hPa 1.042E-03 g/cm³ 000 chk 63045
04/01/2021 19:57:00  19.68 °C  52.46 %  880.3 hPa 1.042E-03 g/cm³ 000 chk 45326
04/01/2021 19:58:00  19.68 °C  52.46 %  880.3 hPa 1.042E-03 g/cm³ 000 chk 29019
04/01/2021 19:59:00  19.68 °C  52.20 %  880.3 hPa 1.042E-03 g/cm³ 000 chk 13585
04/01/2021 20:00:00  19.67 °C  51.91 %  880.3 hPa 1.042E-03 g/cm³ 000 chk 53806
04/01/2021 20:01:00  19.66 °C  51.48 %  880.2 hPa 1.042E-03 g/cm³ 000 chk 54509
04/01/2021 20:02:00  19.65 °C  51.42 %  880.2 hPa 1.042E-03 g/cm³ 000 chk 60226
04/01/2021 20:03:00  19.65 °C  51.52 %  880.2 hPa 1.042E-03 g/cm³ 000 chk 33226
04/01/2021 20:04:00  19.65 °C  51.78 %  880.2 hPa 1.042E-03 g/cm³ 000 chk 42731
04/01/2021 20:05:00  19.65 °C  52.22 %  880.2 hPa 1.042E-03 g/cm³ 000 chk 36594
04/01/2021 20:06:00  19.66 °C  52.41 %  880.2 hPa 1.042E-03 g/cm³ 000 chk 46256
04/01/2021 20:07:00  19.66 °C  52.56 %  880.2 hPa 1.042E-03 g/cm³ 000 chk 56633
04/01/2021 20:08:00  19.66 °C  52.56 %  880.2 hPa 1.042E-03 g/cm³ 000 chk  7532
04/01/2021 20:09:00  19.66 °C  52.52 %  880.2 hPa 1.042E-03 g/cm³ 000 chk 50121
04/01/2021 20:10:00  19.66 °C  52.42 %  880.2 hPa 1.042E-03 g/cm³ 000 chk 18374
04/01/2021 20:11:00  19.67 °C  52.21 %  880.2 hPa 1.042E-03 g/cm³ 000 chk  2892
04/01/2021 20:12:00  19.66 °C  51.98 %  880.2 hPa 1.042E-03 g/cm³ 000 chk  4441
04/01/2021 20:13:00  19.66 °C  51.91 %  880.2 hPa 1.042E-03 g/cm³ 000 chk 48894
04/01/2021 20:14:00  19.66 °C  51.78 %  880.2 hPa 1.042E-03 g/cm³ 000 chk 61187
04/01/2021 20:15:00  19.66 °C  51.58 %  880.2 hPa 1.042E-03 g/cm³ 000 chk 34300
04/01/2021 20:16:00  19.65 °C  51.42 %  880.2 hPa 1.042E-03 g/cm³ 000 chk 31359
04/01/2021 20:17:00  19.64 °C  51.36 %  880.2 hPa 1.042E-03 g/cm³ 000 chk 62936
04/01/2021 20:18:00  19.63 °C  51.44 %  880.2 hPa 1.042E-03 g/cm³ 000 chk 23051
04/01/2021 20:19:00  19.63 °C  51.67 %  880.3 hPa 1.042E-03 g/cm³ 000 chk 48800
04/01/2021 20:20:00  19.64 °C  52.06 %  880.3 hPa 1.042E-03 g/cm³ 000 chk 58715
04/01/2021 20:21:00  19.64 °C  52.50 %  880.3 hPa 1.042E-03 g/cm³ 000 chk 41318
04/01/2021 20:22:00  19.64 °C  52.67 %  880.3 hPa 1.042E-03 g/cm³ 000 chk  7679
04/01/2021 20:23:00  19.64 °C  52.81 %  880.3 hPa 1.042E-03 g/cm³ 000 chk 39132
04/01/2021 20:24:00  19.64 °C  52.74 %  880.3 hPa 1.042E-03 g/cm³ 000 chk 38158
04/01/2021 20:25:00  19.64 °C  52.76 %  880.3 hPa 1.042E-03 g/cm³ 000 chk 42411
04/01/2021 20:26:00  19.64 °C  52.71 %  880.3 hPa 1.042E-03 g/cm³ 000 chk  6469
04/01/2021 20:27:00  19.64 °C  52.63 %  880.3 hPa 1.042E-03 g/cm³ 000 chk 59852
04/01/2021 20:28:00  19.64 °C  52.48 %  880.3 hPa 1.042E-03 g/cm³ 000 chk 30400
04/01/2021 20:29:00  19.63 °C  52.31 %  880.3 hPa 1.042E-03 g/cm³ 000 chk 11488
04/01/2021 20:30:00  19.63 °C  52.11 %  880.3 hPa 1.042E-03 g/cm³ 000 chk 43160
04/01/2021 20:31:00  19.62 °C  51.87 %  880.3 hPa 1.042E-03 g/cm³ 000 chk 35998
04/01/2021 20:32:00  19.62 °C  51.96 %  880.3 hPa 1.042E-03 g/cm³ 000 chk  7772
04/01/2021 20:33:00  19.62 °C  52.14 %  880.3 hPa 1.042E-03 g/cm³ 000 chk  8119
04/01/2021 20:34:00  19.62 °C  52.48 %  880.3 hPa 1.042E-03 g/cm³ 000 chk  5716
04/01/2021 20:35:00  19.62 °C  52.75 %  880.3 hPa 1.042E-03 g/cm³ 000 chk 52613
04/01/2021 20:36:00  19.63 °C  52.91 %  880.3 hPa 1.042E-03 g/cm³ 000 chk 22060
04/01/2021 20:37:00  19.63 °C  52.98 %  880.3 hPa 1.042E-03 g/cm³ 000 chk 63883
04/01/2021 20:38:00  19.63 °C  53.00 %  880.3 hPa 1.042E-03 g/cm³ 000 chk 16517
04/01/2021 20:39:00  19.63 °C  52.86 %  880.3 hPa 1.042E-03 g/cm³ 000 chk 21844
04/01/2021 20:40:00  19.63 °C  52.64 %  880.3 hPa 1.042E-03 g/cm³ 000 chk  4878
04/01/2021 20:41:00  19.62 °C  52.47 %  880.2 hPa 1.042E-03 g/cm³ 000 chk 26213
04/01/2021 20:42:00  19.62 °C  52.24 %  880.2 hPa 1.042E-03 g/cm³ 000 chk 44644
04/01/2021 20:43:00  19.62 °C  52.10 %  880.2 hPa 1.042E-03 g/cm³ 000 chk 28854
04/01/2021 20:44:00  19.61 °C  51.90 %  880.2 hPa 1.042E-03 g/cm³ 000 chk  9922
04/01/2021 20:45:00  19.61 °C  51.74 %  880.2 hPa 1.042E-03 g/cm³ 000 chk 14816
04/01/2021 20:46:00  19.60 °C  51.53 %  880.2 hPa 1.042E-03 g/cm³ 000 chk 54421
04/01/2021 20:47:00  19.59 °C  51.54 %  880.2 hPa 1.042E-03 g/cm³ 000 chk 54092
04/01/2021 20:48:00  19.58 °C  51.71 %  880.2 hPa 1.042E-03 g/cm³ 000 chk 56194
04/01/2021 20:49:00  19.58 °C  52.03 %  880.1 hPa 1.042E-03 g/cm³ 000 chk 36925
04/01/2021 20:50:00  19.58 °C  52.41 %  880.1 hPa 1.042E-03 g/cm³ 000 chk 36522
04/01/2021 20:51:00  19.59 °C  52.71 %  880.1 hPa 1.042E-03 g/cm³ 000 chk 46521
04/01/2021 20:52:00  19.59 °C  52.80 %  880.2 hPa 1.042E-03 g/cm³ 000 chk 44291
04/01/2021 20:53:00  19.59 °C  52.84 %  880.2 hPa 1.042E-03 g/cm³ 000 chk 29606
04/01/2021 20:54:00  19.59 °C  52.73 %  880.2 hPa 1.042E-03 g/cm³ 000 chk 58485
04/01/2021 20:55:00  19.59 °C  52.61 %  880.2 hPa 1.042E-03 g/cm³ 000 chk  5372
04/01/2021 20:56:00  19.59 °C  52.43 %  880.2 hPa 1.042E-03 g/cm³ 000 chk 61769
04/01/2021 20:57:00  19.59 °C  52.28 %  880.2 hPa 1.042E-03 g/cm³ 000 chk 50177
04/01/2021 20:58:00  19.59 °C  52.16 %  880.1 hPa 1.042E-03 g/cm³ 000 chk 18910
04/01/2021 20:59:00  19.58 °C  52.06 %  880.1 hPa 1.042E-03 g/cm³ 000 chk 45718
04/01/2021 21:00:00  19.58 °C  51.81 %  880.1 hPa 1.042E-03 g/cm³ 000 chk 59759
04/01/2021 21:01:00  19.57 °C  51.52 %  880.1 hPa 1.042E-03 g/cm³ 000 chk  3697
04/01/2021 21:02:00  19.57 °C  51.55 %  880.2 hPa 1.042E-03 g/cm³ 000 chk 63840
04/01/2021 21:03:00  19.56 °C  51.77 %  880.2 hPa 1.042E-03 g/cm³ 000 chk 39006
04/01/2021 21:04:00  19.56 °C  52.13 %  880.1 hPa 1.042E-03 g/cm³ 000 chk 49680
04/01/2021 21:05:00  19.56 °C  52.43 %  880.1 hPa 1.042E-03 g/cm³ 000 chk 26669
04/01/2021 21:06:00  19.57 °C  52.64 %  880.1 hPa 1.042E-03 g/cm³ 000 chk 34136
04/01/2021 21:07:00  19.56 °C  52.73 %  880.2 hPa 1.042E-03 g/cm³ 000 chk 14062
04/01/2021 21:08:00  19.57 °C  52.55 %  880.2 hPa 1.042E-03 g/cm³ 000 chk 18720
04/01/2021 21:09:00  19.56 °C  52.14 %  880.2 hPa 1.042E-03 g/cm³ 000 chk 24560
04/01/2021 21:10:00  19.56 °C  51.89 %  880.2 hPa 1.042E-03 g/cm³ 000 chk 39859
04/01/2021 21:11:00  19.56 °C  51.64 %  880.2 hPa 1.042E-03 g/cm³ 000 chk 33170
04/01/2021 21:12:00  19.55 °C  51.55 %  880.2 hPa 1.042E-03 g/cm³ 000 chk  8520
04/01/2021 21:13:00  19.54 °C  51.68 %  880.2 hPa 1.042E-03 g/cm³ 000 chk 27481
04/01/2021 21:14:00  19.54 °C  51.95 %  880.2 hPa 1.042E-03 g/cm³ 000 chk 36489
04/01/2021 21:15:00  19.55 °C  52.33 %  880.2 hPa 1.042E-03 g/cm³ 000 chk 43768
04/01/2021 21:16:00  19.55 °C  52.55 %  880.2 hPa 1.042E-03 g/cm³ 000 chk 64505
04/01/2021 21:17:00  19.55 °C  52.68 %  880.2 hPa 1.042E-03 g/cm³ 000 chk  8232
04/01/2021 21:18:00  19.56 °C  52.80 %  880.2 hPa 1.042E-03 g/cm³ 000 chk 15291
04/01/2021 21:19:00  19.56 °C  52.76 %  880.2 hPa 1.042E-03 g/cm³ 000 chk 32436
04/01/2021 21:20:00  19.55 °C  52.65 %  880.2 hPa 1.042E-03 g/cm³ 000 chk 18605
04/01/2021 21:21:00  19.55 °C  52.45 %  880.2 hPa 1.042E-03 g/cm³ 000 chk  8786
04/01/2021 21:22:00  19.55 °C  52.28 %  880.2 hPa 1.042E-03 g/cm³ 000 chk 60497
04/01/2021 21:23:00  19.54 °C  52.08 %  880.2 hPa 1.042E-03 g/cm³ 000 chk  5998
04/01/2021 21:24:00  19.54 °C  51.68 %  880.2 hPa 1.042E-03 g/cm³ 000 chk 29406
04/01/2021 21:25:00  19.53 °C  51.46 %  880.2 hPa 1.042E-03 g/cm³ 000 chk 11110
04/01/2021 21:26:00  19.52 °C  51.38 %  880.3 hPa 1.043E-03 g/cm³ 000 chk 14876
04/01/2021 21:27:00  19.51 °C  51.52 %  880.3 hPa 1.043E-03 g/cm³ 000 chk  4118
04/01/2021 21:28:00  19.51 °C  51.75 %  880.3 hPa 1.043E-03 g/cm³ 000 chk  4889
04/01/2021 21:29:00  19.52 °C  52.12 %  880.3 hPa 1.042E-03 g/cm³ 000 chk 47351
04/01/2021 21:30:00  19.52 °C  52.24 %  880.3 hPa 1.042E-03 g/cm³ 000 chk  4771
04/01/2021 21:31:00  19.52 °C  52.30 %  880.3 hPa 1.042E-03 g/cm³ 000 chk  3114
04/01/2021 21:32:00  19.52 °C  52.20 %  880.3 hPa 1.042E-03 g/cm³ 000 chk 29673
04/01/2021 21:33:00  19.52 °C  52.07 %  880.3 hPa 1.042E-03 g/cm³ 000 chk  6679
04/01/2021 21:34:00  19.51 °C  51.96 %  880.3 hPa 1.042E-03 g/cm³ 000 chk 24910
04/01/2021 21:35:00  19.51 °C  51.80 %  880.3 hPa 1.043E-03 g/cm³ 000 chk 58631
04/01/2021 21:36:00  19.50 °C  51.67 %  880.3 hPa 1.043E-03 g/cm³ 000 chk  2478
04/01/2021 21:37:00  19.50 °C  51.57 %  880.3 hPa 1.043E-03 g/cm³ 000 chk 41853
04/01/2021 21:38:00  19.49 °C  51.32 %  880.3 hPa 1.043E-03 g/cm³ 000 chk 62872
04/01/2021 21:39:00  19.49 °C  51.08 %  880.3 hPa 1.043E-03 g/cm³ 000 chk 11592
04/01/2021 21:40:00  19.48 °C  51.19 %  880.3 hPa 1.043E-03 g/cm³ 000 chk 35961
04/01/2021 21:41:00  19.48 °C  51.24 %  880.3 hPa 1.043E-03 g/cm³ 000 chk 22440
04/01/2021 21:42:00  19.48 °C  51.57 %  880.3 hPa 1.043E-03 g/cm³ 000 chk 24453
04/01/2021 21:43:00  19.48 °C  51.91 %  880.3 hPa 1.043E-03 g/cm³ 000 chk  6909
04/01/2021 21:44:00  19.48 °C  52.12 %  880.3 hPa 1.043E-03 g/cm³ 000 chk 51658
04/01/2021 21:45:00  19.48 °C  52.26 %  880.3 hPa 1.043E-03 g/cm³ 000 chk  5912
04/01/2021 21:46:00  19.49 °C  52.26 %  880.3 hPa 1.043E-03 g/cm³ 000 chk 14647
04/01/2021 21:47:00  19.49 °C  52.24 %  880.2 hPa 1.042E-03 g/cm³ 000 chk 61447
04/01/2021 21:48:00  19.49 °C  52.16 %  880.2 hPa 1.042E-03 g/cm³ 000 chk 43556
04/01/2021 21:49:00  19.49 °C  52.05 %  880.2 hPa 1.042E-03 g/cm³ 000 chk 47020
04/01/2021 21:50:00  19.49 °C  51.91 %  880.2 hPa 1.042E-03 g/cm³ 000 chk 30444
04/01/2021 21:51:00  19.48 °C  51.69 %  880.2 hPa 1.043E-03 g/cm³ 000 chk 42208
04/01/2021 21:52:00  19.48 °C  51.46 %  880.2 hPa 1.043E-03 g/cm³ 000 chk 12375
04/01/2021 21:53:00  19.47 °C  51.25 %  880.2 hPa 1.043E-03 g/cm³ 000 chk  5719
04/01/2021 21:54:00  19.46 °C  51.19 %  880.2 hPa 1.043E-03 g/cm³ 000 chk 36506
04/01/2021 21:55:00  19.46 °C  51.37 %  880.2 hPa 1.043E-03 g/cm³ 000 chk 57959
04/01/2021 21:56:00  19.46 °C  51.73 %  880.2 hPa 1.043E-03 g/cm³ 000 chk 59708
04/01/2021 21:57:00  19.46 °C  52.09 %  880.2 hPa 1.043E-03 g/cm³ 000 chk   382
04/01/2021 21:58:00  19.46 °C  52.20 %  880.2 hPa 1.043E-03 g/cm³ 000 chk  1139
04/01/2021 21:59:00  19.46 °C  52.34 %  880.2 hPa 1.043E-03 g/cm³ 000 chk  6906
04/01/2021 22:00:00  19.46 °C  52.08 %  880.2 hPa 1.043E-03 g/cm³ 000 chk 26950
04/01/2021 22:01:00  19.46 °C  51.74 %  880.2 hPa 1.043E-03 g/cm³ 000 chk 28420
04/01/2021 22:02:00  19.45 °C  51.32 %  880.3 hPa 1.043E-03 g/cm³ 000 chk 62793
04/01/2021 22:03:00  19.45 °C  51.13 %  880.2 hPa 1.043E-03 g/cm³ 000 chk 35811
04/01/2021 22:04:00  19.44 °C  51.11 %  880.3 hPa 1.043E-03 g/cm³ 000 chk 60431
04/01/2021 22:05:00  19.44 °C  51.27 %  880.3 hPa 1.043E-03 g/cm³ 000 chk 43228
04/01/2021 22:06:00  19.44 °C  51.59 %  880.3 hPa 1.043E-03 g/cm³ 000 chk 53747
04/01/2021 22:07:00  19.44 °C  51.98 %  880.3 hPa 1.043E-03 g/cm³ 000 chk 38794
04/01/2021 22:08:00  19.44 °C  52.20 %  880.3 hPa 1.043E-03 g/cm³ 000 chk 36580
04/01/2021 22:09:00  19.44 °C  52.28 %  880.3 hPa 1.043E-03 g/cm³ 000 chk 52290
04/01/2021 22:10:00  19.45 °C  52.33 %  880.3 hPa 1.043E-03 g/cm³ 000 chk 18063
04/01/2021 22:11:00  19.45 °C  52.26 %  880.3 hPa 1.043E-03 g/cm³ 000 chk 46343
04/01/2021 22:12:00  19.45 °C  52.16 %  880.3 hPa 1.043E-03 g/cm³ 000 chk  2719
04/01/2021 22:13:00  19.45 °C  51.99 %  880.3 hPa 1.043E-03 g/cm³ 000 chk 31350
04/01/2021 22:14:00  19.45 °C  51.70 %  880.4 hPa 1.043E-03 g/cm³ 000 chk 17697
04/01/2021 22:15:00  19.45 °C  51.56 %  880.4 hPa 1.043E-03 g/cm³ 000 chk 49630
04/01/2021 22:16:00  19.44 °C  51.44 %  880.4 hPa 1.043E-03 g/cm³ 000 chk 46556
04/01/2021 22:17:00  19.43 °C  51.00 %  880.4 hPa 1.043E-03 g/cm³ 000 chk 40585
04/01/2021 22:18:00  19.42 °C  50.81 %  880.4 hPa 1.043E-03 g/cm³ 000 chk 29544
04/01/2021 22:19:00  19.41 °C  50.78 %  880.4 hPa 1.043E-03 g/cm³ 000 chk 12071
04/01/2021 22:20:00  19.40 °C  50.75 %  880.4 hPa 1.043E-03 g/cm³ 000 chk 48275
04/01/2021 22:21:00  19.39 °C  50.82 %  880.4 hPa 1.043E-03 g/cm³ 000 chk 47270
04/01/2021 22:22:00  19.38 °C  51.09 %  880.4 hPa 1.043E-03 g/cm³ 000 chk 22782
04/01/2021 22:23:00  19.39 °C  51.43 %  880.3 hPa 1.043E-03 g/cm³ 000 chk 49030
04/01/2021 22:24:00  19.39 °C  51.78 %  880.3 hPa 1.043E-03 g/cm³ 000 chk 46474
04/01/2021 22:25:00  19.40 °C  52.10 %  880.3 hPa 1.043E-03 g/cm³ 000 chk 43998
04/01/2021 22:26:00  19.40 °C  52.26 %  880.3 hPa 1.043E-03 g/cm³ 000 chk 64070
04/01/2021 22:27:00  19.41 °C  52.22 %  880.3 hPa 1.043E-03 g/cm³ 000 chk 46371
04/01/2021 22:28:00  19.41 °C  51.97 %  880.3 hPa 1.043E-03 g/cm³ 000 chk 56655
04/01/2021 22:29:00  19.41 °C  51.76 %  880.3 hPa 1.043E-03 g/cm³ 000 chk 23405
04/01/2021 22:30:00  19.41 °C  51.38 %  880.3 hPa 1.043E-03 g/cm³ 000 chk 55801
04/01/2021 22:31:00  19.41 °C  51.01 %  880.3 hPa 1.043E-03 g/cm³ 000 chk 30249
04/01/2021 22:32:00  19.40 °C  50.89 %  880.2 hPa 1.043E-03 g/cm³ 000 chk  6181
04/01/2021 22:33:00  19.40 °C  50.95 %  880.2 hPa 1.043E-03 g/cm³ 000 chk 61102
04/01/2021 22:34:00  19.39 °C  51.18 %  880.2 hPa 1.043E-03 g/cm³ 000 chk 63387
04/01/2021 22:35:00  19.39 °C  51.48 %  880.2 hPa 1.043E-03 g/cm³ 000 chk 23974
04/01/2021 22:36:00  19.39 °C  51.78 %  880.2 hPa 1.043E-03 g/cm³ 000 chk 57918
04/01/2021 22:37:00  19.39 °C  51.96 %  880.2 hPa 1.043E-03 g/cm³ 000 chk 36639
04/01/2021 22:38:00  19.39 °C  52.00 %  880.2 hPa 1.043E-03 g/cm³ 000 chk 20520
04/01/2021 22:39:00  19.39 °C  51.96 %  880.2 hPa 1.043E-03 g/cm³ 000 chk 58862
04/01/2021 22:40:00  19.39 °C  51.88 %  880.2 hPa 1.043E-03 g/cm³ 000 chk 15900
04/01/2021 22:41:00  19.38 °C  51.71 %  880.2 hPa 1.043E-03 g/cm³ 000 chk   464
04/01/2021 22:42:00  19.38 °C  51.54 %  880.2 hPa 1.043E-03 g/cm³ 000 chk 59236
04/01/2021 22:43:00  19.38 °C  51.39 %  880.2 hPa 1.043E-03 g/cm³ 000 chk 15404
04/01/2021 22:44:00  19.37 °C  51.19 %  880.2 hPa 1.043E-03 g/cm³ 000 chk 37444
04/01/2021 22:45:00  19.36 °C  50.89 %  880.2 hPa 1.043E-03 g/cm³ 000 chk 14457
04/01/2021 22:46:00  19.36 °C  50.98 %  880.2 hPa 1.043E-03 g/cm³ 000 chk 43707
04/01/2021 22:47:00  19.35 °C  51.03 %  880.2 hPa 1.043E-03 g/cm³ 000 chk 64519
04/01/2021 22:48:00  19.35 °C  51.21 %  880.2 hPa 1.043E-03 g/cm³ 000 chk 26120
04/01/2021 22:49:00  19.35 °C  51.63 %  880.2 hPa 1.043E-03 g/cm³ 000 chk 38424
04/01/2021 22:50:00  19.35 °C  51.91 %  880.2 hPa 1.043E-03 g/cm³ 000 chk 18833
04/01/2021 22:51:00  19.35 °C  52.14 %  880.2 hPa 1.043E-03 g/cm³ 000 chk 19323
04/01/2021 22:52:00  19.36 °C  52.23 %  880.2 hPa 1.043E-03 g/cm³ 000 chk  1441
04/01/2021 22:53:00  19.35 °C  52.18 %  880.2 hPa 1.043E-03 g/cm³ 000 chk 49715
04/01/2021 22:54:00  19.35 °C  52.05 %  880.1 hPa 1.043E-03 g/cm³ 000 chk 44443
04/01/2021 22:55:00  19.35 °C  51.96 %  880.1 hPa 1.043E-03 g/cm³ 000 chk 33117
04/01/2021 22:56:00  19.35 °C  51.76 %  880.1 hPa 1.043E-03 g/cm³ 000 chk 65333
04/01/2021 22:57:00  19.35 °C  51.68 %  880.1 hPa 1.043E-03 g/cm³ 000 chk 37823
04/01/2021 22:58:00  19.34 °C  51.52 %  880.1 hPa 1.043E-03 g/cm³ 000 chk 45150
04/01/2021 22:59:00  19.33 °C  51.29 %  880.0 hPa 1.043E-03 g/cm³ 000 chk 35115
04/01/2021 23:00:00  19.33 °C  51.10 %  880.0 hPa 1.043E-03 g/cm³ 000 chk 58857
04/01/2021 23:01:00  19.33 °C  51.17 %  880.0 hPa 1.043E-03 g/cm³ 000 chk 19532
04/01/2021 23:02:00  19.33 °C  51.26 %  880.0 hPa 1.043E-03 g/cm³ 000 chk  7893
04/01/2021 23:03:00  19.33 °C  51.58 %  880.0 hPa 1.043E-03 g/cm³ 000 chk 29361
04/01/2021 23:04:00  19.33 °C  51.92 %  880.0 hPa 1.043E-03 g/cm³ 000 chk 37911
04/01/2021 23:05:00  19.33 °C  52.31 %  880.0 hPa 1.043E-03 g/cm³ 000 chk 47270
04/01/2021 23:06:00  19.34 °C  52.41 %  880.0 hPa 1.043E-03 g/cm³ 000 chk 62158
04/01/2021 23:07:00  19.35 °C  52.53 %  880.0 hPa 1.043E-03 g/cm³ 000 chk 37767
04/01/2021 23:08:00  19.35 °C  52.29 %  880.0 hPa 1.043E-03 g/cm³ 000 chk 57619
04/01/2021 23:09:00  19.35 °C  51.88 %  879.9 hPa 1.043E-03 g/cm³ 000 chk 12615
04/01/2021 23:10:00  19.34 °C  51.64 %  880.0 hPa 1.043E-03 g/cm³ 000 chk 57284
04/01/2021 23:11:00  19.34 °C  51.31 %  880.0 hPa 1.043E-03 g/cm³ 000 chk 60665
04/01/2021 23:12:00  19.34 °C  51.24 %  880.0 hPa 1.043E-03 g/cm³ 000 chk  2618
04/01/2021 23:13:00  19.33 °C  51.30 %  880.0 hPa 1.043E-03 g/cm³ 000 chk  8694
04/01/2021 23:14:00  19.33 °C  51.42 %  880.0 hPa 1.043E-03 g/cm³ 000 chk 61004
04/01/2021 23:15:00  19.33 °C  51.67 %  880.0 hPa 1.043E-03 g/cm³ 000 chk  7603
04/01/2021 23:16:00  19.33 °C  52.13 %  880.0 hPa 1.043E-03 g/cm³ 000 chk 59064
04/01/2021 23:17:00  19.33 °C  52.38 %  879.9 hPa 1.043E-03 g/cm³ 000 chk 30113
04/01/2021 23:18:00  19.34 °C  52.59 %  879.9 hPa 1.043E-03 g/cm³ 000 chk 27998
04/01/2021 23:19:00  19.34 °C  52.68 %  879.9 hPa 1.043E-03 g/cm³ 000 chk 10892
04/01/2021 23:20:00  19.34 °C  52.46 %  879.9 hPa 1.043E-03 g/cm³ 000 chk 40867
04/01/2021 23:21:00  19.34 °C  52.17 %  879.9 hPa 1.043E-03 g/cm³ 000 chk 55455
04/01/2021 23:22:00  19.34 °C  51.90 %  879.9 hPa 1.043E-03 g/cm³ 000 chk 21823
04/01/2021 23:23:00  19.33 °C  51.52 %  879.9 hPa 1.043E-03 g/cm³ 000 chk 20739
04/01/2021 23:24:00  19.33 °C  51.37 %  879.9 hPa 1.043E-03 g/cm³ 000 chk 23956
04/01/2021 23:25:00  19.32 °C  51.49 %  879.9 hPa 1.043E-03 g/cm³ 000 chk 41008
04/01/2021 23:26:00  19.32 °C  51.75 %  879.9 hPa 1.043E-03 g/cm³ 000 chk 33707
04/01/2021 23:27:00  19.31 °C  52.22 %  879.9 hPa 1.043E-03 g/cm³ 000 chk 10483
04/01/2021 23:28:00  19.31 °C  52.43 %  879.9 hPa 1.043E-03 g/cm³ 000 chk  1353
04/01/2021 23:29:00  19.32 °C  52.59 %  879.9 hPa 1.043E-03 g/cm³ 000 chk 61313
04/01/2021 23:30:00  19.33 °C  52.64 %  880.0 hPa 1.043E-03 g/cm³ 000 chk 11763
04/01/2021 23:31:00  19.33 °C  52.56 %  880.0 hPa 1.043E-03 g/cm³ 000 chk  7457
04/01/2021 23:32:00  19.33 °C  52.45 %  880.0 hPa 1.043E-03 g/cm³ 000 chk  5602
04/01/2021 23:33:00  19.32 °C  52.27 %  880.0 hPa 1.043E-03 g/cm³ 000 chk 46185
04/01/2021 23:34:00  19.32 °C  52.10 %  880.0 hPa 1.043E-03 g/cm³ 000 chk  8806
04/01/2021 23:35:00  19.32 °C  51.84 %  880.0 hPa 1.043E-03 g/cm³ 000 chk  3489
04/01/2021 23:36:00  19.31 °C  51.74 %  880.0 hPa 1.043E-03 g/cm³ 000 chk 16806
04/01/2021 23:37:00  19.31 °C  51.53 %  880.0 hPa 1.043E-03 g/cm³ 000 chk 10328
04/01/2021 23:38:00  19.30 °C  51.34 %  880.0 hPa 1.043E-03 g/cm³ 000 chk 31266
04/01/2021 23:39:00  19.30 °C  51.50 %  880.0 hPa 1.043E-03 g/cm³ 000 chk 42089
04/01/2021 23:40:00  19.29 °C  51.69 %  880.0 hPa 1.043E-03 g/cm³ 000 chk 45983
04/01/2021 23:41:00  19.29 °C  52.01 %  880.0 hPa 1.043E-03 g/cm³ 000 chk   496
04/01/2021 23:42:00  19.29 °C  52.39 %  880.0 hPa 1.043E-03 g/cm³ 000 chk 22122
04/01/2021 23:43:00  19.29 °C  52.50 %  880.0 hPa 1.043E-03 g/cm³ 000 chk 63779
04/01/2021 23:44:00  19.30 °C  52.56 %  880.0 hPa 1.043E-03 g/cm³ 000 chk 36100
04/01/2021 23:45:00  19.30 °C  52.57 %  880.0 hPa 1.043E-03 g/cm³ 000 chk 51873
04/01/2021 23:46:00  19.30 °C  52.51 %  880.0 hPa 1.043E-03 g/cm³ 000 chk 39758
04/01/2021 23:47:00  19.30 °C  52.39 %  880.0 hPa 1.043E-03 g/cm³ 000 chk 55558
04/01/2021 23:48:00  19.29 °C  52.25 %  880.0 hPa 1.043E-03 g/cm³ 000 chk 18978
04/01/2021 23:49:00  19.29 °C  52.16 %  880.0 hPa 1.043E-03 g/cm³ 000 chk 38897
04/01/2021 23:50:00  19.29 °C  52.06 %  880.0 hPa 1.043E-03 g/cm³ 000 chk  5118
04/01/2021 23:51:00  19.30 °C  52.55 %  880.0 hPa 1.043E-03 g/cm³ 000 chk 49565
04/01/2021 23:52:00  19.30 °C  53.11 %  880.0 hPa 1.043E-03 g/cm³ 000 chk 23258
04/01/2021 23:53:00  19.31 °C  53.89 %  880.0 hPa 1.043E-03 g/cm³ 000 chk 35065
04/01/2021 23:54:00  19.32 °C  54.81 %  880.0 hPa 1.043E-03 g/cm³ 000 chk 14224
04/01/2021 23:55:00  19.33 °C  55.01 %  880.0 hPa 1.043E-03 g/cm³ 000 chk 23937
04/01/2021 23:56:00  19.35 °C  55.88 %  880.0 hPa 1.042E-03 g/cm³ 000 chk 33344
04/01/2021 23:57:00  19.37 °C  56.29 %  879.9 hPa 1.042E-03 g/cm³ 000 chk 12695
04/01/2021 23:58:00  19.39 °C  57.49 %  879.9 hPa 1.042E-03 g/cm³ 000 chk  3002
04/01/2021 23:59:00  19.41 °C  57.52 %  879.9 hPa 1.042E-03 g/cm³ 000 chk 50123
