14/09/2021 00:00:00  17.35 °C  63.68 %  880.9 hPa 1.051E-03 g/cm³ 000 chk 36443
14/09/2021 00:01:00  17.35 °C  63.57 %  880.9 hPa 1.051E-03 g/cm³ 000 chk 53131
14/09/2021 00:02:00  17.35 °C  63.40 %  880.9 hPa 1.051E-03 g/cm³ 000 chk 45897
14/09/2021 00:03:00  17.34 °C  63.22 %  880.8 hPa 1.051E-03 g/cm³ 000 chk 60310
14/09/2021 00:04:00  17.34 °C  63.00 %  880.8 hPa 1.051E-03 g/cm³ 000 chk  9397
14/09/2021 00:05:00  17.34 °C  62.79 %  880.8 hPa 1.051E-03 g/cm³ 000 chk 56268
14/09/2021 00:06:00  17.34 °C  62.58 %  880.8 hPa 1.051E-03 g/cm³ 000 chk 18809
14/09/2021 00:07:00  17.34 °C  62.89 %  880.8 hPa 1.051E-03 g/cm³ 000 chk 53036
14/09/2021 00:08:00  17.34 °C  63.12 %  880.8 hPa 1.051E-03 g/cm³ 000 chk   290
14/09/2021 00:09:00  17.34 °C  63.56 %  880.8 hPa 1.051E-03 g/cm³ 000 chk  7986
14/09/2021 00:10:00  17.34 °C  63.82 %  880.7 hPa 1.051E-03 g/cm³ 000 chk 51936
14/09/2021 00:11:00  17.35 °C  63.87 %  880.7 hPa 1.051E-03 g/cm³ 000 chk 26756
14/09/2021 00:12:00  17.35 °C  63.96 %  880.7 hPa 1.051E-03 g/cm³ 000 chk 64070
14/09/2021 00:13:00  17.35 °C  63.90 %  880.7 hPa 1.051E-03 g/cm³ 000 chk 48866
14/09/2021 00:14:00  17.35 °C  63.74 %  880.7 hPa 1.051E-03 g/cm³ 000 chk 40477
14/09/2021 00:15:00  17.36 °C  63.60 %  880.7 hPa 1.051E-03 g/cm³ 000 chk 29399
14/09/2021 00:16:00  17.35 °C  63.46 %  880.7 hPa 1.051E-03 g/cm³ 000 chk  4384
14/09/2021 00:17:00  17.35 °C  63.25 %  880.7 hPa 1.051E-03 g/cm³ 000 chk 52330
14/09/2021 00:18:00  17.35 °C  63.06 %  880.6 hPa 1.051E-03 g/cm³ 000 chk 16944
14/09/2021 00:19:00  17.35 °C  62.75 %  880.6 hPa 1.051E-03 g/cm³ 000 chk 53066
14/09/2021 00:20:00  17.34 °C  62.55 %  880.6 hPa 1.051E-03 g/cm³ 000 chk 60839
14/09/2021 00:21:00  17.33 °C  62.72 %  880.6 hPa 1.051E-03 g/cm³ 000 chk 45340
14/09/2021 00:22:00  17.33 °C  62.89 %  880.6 hPa 1.051E-03 g/cm³ 000 chk 36954
14/09/2021 00:23:00  17.33 °C  63.21 %  880.6 hPa 1.051E-03 g/cm³ 000 chk 17362
14/09/2021 00:24:00  17.33 °C  63.62 %  880.6 hPa 1.051E-03 g/cm³ 000 chk 24862
14/09/2021 00:25:00  17.33 °C  63.70 %  880.6 hPa 1.051E-03 g/cm³ 000 chk 37271
14/09/2021 00:26:00  17.33 °C  63.77 %  880.6 hPa 1.051E-03 g/cm³ 000 chk 11641
14/09/2021 00:27:00  17.34 °C  63.69 %  880.6 hPa 1.051E-03 g/cm³ 000 chk 29878
14/09/2021 00:28:00  17.34 °C  63.62 %  880.6 hPa 1.051E-03 g/cm³ 000 chk 11233
14/09/2021 00:29:00  17.34 °C  63.49 %  880.6 hPa 1.051E-03 g/cm³ 000 chk 56860
14/09/2021 00:30:00  17.34 °C  63.36 %  880.6 hPa 1.051E-03 g/cm³ 000 chk 45566
14/09/2021 00:31:00  17.34 °C  63.16 %  880.6 hPa 1.051E-03 g/cm³ 000 chk 56065
14/09/2021 00:32:00  17.34 °C  63.01 %  880.6 hPa 1.051E-03 g/cm³ 000 chk 42947
14/09/2021 00:33:00  17.33 °C  62.69 %  880.6 hPa 1.051E-03 g/cm³ 000 chk 16594
14/09/2021 00:34:00  17.33 °C  62.45 %  880.6 hPa 1.051E-03 g/cm³ 000 chk 35315
14/09/2021 00:35:00  17.33 °C  62.44 %  880.6 hPa 1.051E-03 g/cm³ 000 chk 52822
14/09/2021 00:36:00  17.33 °C  62.68 %  880.6 hPa 1.051E-03 g/cm³ 000 chk 11745
14/09/2021 00:37:00  17.33 °C  62.95 %  880.5 hPa 1.051E-03 g/cm³ 000 chk 48147
14/09/2021 00:38:00  17.33 °C  63.34 %  880.6 hPa 1.051E-03 g/cm³ 000 chk 19350
14/09/2021 00:39:00  17.33 °C  63.57 %  880.5 hPa 1.051E-03 g/cm³ 000 chk 56611
14/09/2021 00:40:00  17.33 °C  63.72 %  880.5 hPa 1.050E-03 g/cm³ 000 chk 39269
14/09/2021 00:41:00  17.34 °C  63.60 %  880.5 hPa 1.050E-03 g/cm³ 000 chk 23721
14/09/2021 00:42:00  17.34 °C  63.58 %  880.5 hPa 1.050E-03 g/cm³ 000 chk  2867
14/09/2021 00:43:00  17.34 °C  63.47 %  880.5 hPa 1.050E-03 g/cm³ 000 chk 35512
14/09/2021 00:44:00  17.34 °C  63.32 %  880.4 hPa 1.050E-03 g/cm³ 000 chk 48983
14/09/2021 00:45:00  17.34 °C  63.17 %  880.4 hPa 1.050E-03 g/cm³ 000 chk 19624
14/09/2021 00:46:00  17.34 °C  63.02 %  880.4 hPa 1.050E-03 g/cm³ 000 chk 43627
14/09/2021 00:47:00  17.33 °C  62.68 %  880.4 hPa 1.050E-03 g/cm³ 000 chk 55163
14/09/2021 00:48:00  17.33 °C  62.42 %  880.3 hPa 1.050E-03 g/cm³ 000 chk 52188
14/09/2021 00:49:00  17.33 °C  62.66 %  880.3 hPa 1.050E-03 g/cm³ 000 chk 54562
14/09/2021 00:50:00  17.33 °C  62.79 %  880.3 hPa 1.050E-03 g/cm³ 000 chk 47662
14/09/2021 00:51:00  17.33 °C  63.18 %  880.3 hPa 1.050E-03 g/cm³ 000 chk 28025
14/09/2021 00:52:00  17.33 °C  63.42 %  880.2 hPa 1.050E-03 g/cm³ 000 chk 22872
14/09/2021 00:53:00  17.33 °C  63.64 %  880.2 hPa 1.050E-03 g/cm³ 000 chk 56743
14/09/2021 00:54:00  17.33 °C  63.63 %  880.2 hPa 1.050E-03 g/cm³ 000 chk 19423
14/09/2021 00:55:00  17.33 °C  63.60 %  880.2 hPa 1.050E-03 g/cm³ 000 chk 38523
14/09/2021 00:56:00  17.33 °C  63.54 %  880.2 hPa 1.050E-03 g/cm³ 000 chk 24034
14/09/2021 00:57:00  17.33 °C  63.40 %  880.2 hPa 1.050E-03 g/cm³ 000 chk 17259
14/09/2021 00:58:00  17.33 °C  63.27 %  880.1 hPa 1.050E-03 g/cm³ 000 chk 52014
14/09/2021 00:59:00  17.33 °C  63.09 %  880.1 hPa 1.050E-03 g/cm³ 000 chk 42963
14/09/2021 01:00:00  17.33 °C  62.80 %  880.1 hPa 1.050E-03 g/cm³ 000 chk 39443
14/09/2021 01:01:00  17.33 °C  62.61 %  880.1 hPa 1.050E-03 g/cm³ 000 chk  7217
14/09/2021 01:02:00  17.33 °C  62.53 %  880.1 hPa 1.050E-03 g/cm³ 000 chk 14760
14/09/2021 01:03:00  17.32 °C  62.56 %  880.1 hPa 1.050E-03 g/cm³ 000 chk 39884
14/09/2021 01:04:00  17.32 °C  62.83 %  880.1 hPa 1.050E-03 g/cm³ 000 chk 22085
14/09/2021 01:05:00  17.32 °C  63.25 %  880.0 hPa 1.050E-03 g/cm³ 000 chk 31387
14/09/2021 01:06:00  17.32 °C  63.50 %  880.0 hPa 1.050E-03 g/cm³ 000 chk 40118
14/09/2021 01:07:00  17.32 °C  63.64 %  880.0 hPa 1.050E-03 g/cm³ 000 chk 16996
14/09/2021 01:08:00  17.33 °C  63.72 %  880.0 hPa 1.050E-03 g/cm³ 000 chk 15837
14/09/2021 01:09:00  17.33 °C  63.56 %  880.0 hPa 1.050E-03 g/cm³ 000 chk  8995
14/09/2021 01:10:00  17.32 °C  63.52 %  880.0 hPa 1.050E-03 g/cm³ 000 chk 33473
14/09/2021 01:11:00  17.33 °C  63.38 %  880.0 hPa 1.050E-03 g/cm³ 000 chk 52040
14/09/2021 01:12:00  17.33 °C  63.25 %  880.0 hPa 1.050E-03 g/cm³ 000 chk 50569
14/09/2021 01:13:00  17.33 °C  63.02 %  880.0 hPa 1.050E-03 g/cm³ 000 chk 44151
14/09/2021 01:14:00  17.32 °C  62.80 %  880.0 hPa 1.050E-03 g/cm³ 000 chk 25530
14/09/2021 01:15:00  17.32 °C  62.51 %  880.0 hPa 1.050E-03 g/cm³ 000 chk 58863
14/09/2021 01:16:00  17.32 °C  62.52 %  880.0 hPa 1.050E-03 g/cm³ 000 chk 11520
14/09/2021 01:17:00  17.32 °C  62.64 %  880.0 hPa 1.050E-03 g/cm³ 000 chk 27091
14/09/2021 01:18:00  17.32 °C  63.05 %  880.0 hPa 1.050E-03 g/cm³ 000 chk 54389
14/09/2021 01:19:00  17.32 °C  63.44 %  879.9 hPa 1.050E-03 g/cm³ 000 chk 13697
14/09/2021 01:20:00  17.32 °C  63.65 %  879.9 hPa 1.050E-03 g/cm³ 000 chk 27565
14/09/2021 01:21:00  17.33 °C  63.77 %  879.9 hPa 1.050E-03 g/cm³ 000 chk  2788
14/09/2021 01:22:00  17.33 °C  63.78 %  879.9 hPa 1.050E-03 g/cm³ 000 chk 24072
14/09/2021 01:23:00  17.33 °C  63.68 %  879.9 hPa 1.050E-03 g/cm³ 000 chk 13440
14/09/2021 01:24:00  17.33 °C  63.51 %  879.9 hPa 1.050E-03 g/cm³ 000 chk 42125
14/09/2021 01:25:00  17.33 °C  63.34 %  879.9 hPa 1.050E-03 g/cm³ 000 chk 38855
14/09/2021 01:26:00  17.32 °C  63.26 %  879.9 hPa 1.050E-03 g/cm³ 000 chk 58309
14/09/2021 01:27:00  17.32 °C  63.06 %  879.9 hPa 1.050E-03 g/cm³ 000 chk 35130
14/09/2021 01:28:00  17.32 °C  62.89 %  879.8 hPa 1.050E-03 g/cm³ 000 chk  2637
14/09/2021 01:29:00  17.32 °C  62.61 %  879.8 hPa 1.050E-03 g/cm³ 000 chk 35180
14/09/2021 01:30:00  17.31 °C  62.39 %  879.8 hPa 1.050E-03 g/cm³ 000 chk 55191
14/09/2021 01:31:00  17.31 °C  62.46 %  879.8 hPa 1.050E-03 g/cm³ 000 chk 22258
14/09/2021 01:32:00  17.31 °C  62.69 %  879.8 hPa 1.050E-03 g/cm³ 000 chk 49733
14/09/2021 01:33:00  17.30 °C  63.05 %  879.8 hPa 1.050E-03 g/cm³ 000 chk 62928
14/09/2021 01:34:00  17.30 °C  63.35 %  879.8 hPa 1.050E-03 g/cm³ 000 chk 24798
14/09/2021 01:35:00  17.31 °C  63.53 %  879.8 hPa 1.050E-03 g/cm³ 000 chk 46420
14/09/2021 01:36:00  17.31 °C  63.60 %  879.8 hPa 1.050E-03 g/cm³ 000 chk 32204
14/09/2021 01:37:00  17.31 °C  63.58 %  879.8 hPa 1.050E-03 g/cm³ 000 chk 16157
14/09/2021 01:38:00  17.31 °C  63.52 %  879.8 hPa 1.050E-03 g/cm³ 000 chk 36171
14/09/2021 01:39:00  17.31 °C  63.39 %  879.8 hPa 1.050E-03 g/cm³ 000 chk 47107
14/09/2021 01:40:00  17.31 °C  63.31 %  879.8 hPa 1.050E-03 g/cm³ 000 chk 19933
14/09/2021 01:41:00  17.31 °C  63.16 %  879.8 hPa 1.050E-03 g/cm³ 000 chk  9251
14/09/2021 01:42:00  17.31 °C  63.05 %  879.8 hPa 1.050E-03 g/cm³ 000 chk 11488
14/09/2021 01:43:00  17.31 °C  62.87 %  879.8 hPa 1.050E-03 g/cm³ 000 chk 19760
14/09/2021 01:44:00  17.31 °C  62.59 %  879.8 hPa 1.050E-03 g/cm³ 000 chk  8123
14/09/2021 01:45:00  17.31 °C  62.36 %  879.8 hPa 1.050E-03 g/cm³ 000 chk 24306
14/09/2021 01:46:00  17.31 °C  62.13 %  879.8 hPa 1.050E-03 g/cm³ 000 chk 47174
14/09/2021 01:47:00  17.30 °C  61.97 %  879.8 hPa 1.050E-03 g/cm³ 000 chk 50797
14/09/2021 01:48:00  17.30 °C  61.87 %  879.8 hPa 1.050E-03 g/cm³ 000 chk 50708
14/09/2021 01:49:00  17.29 °C  61.64 %  879.7 hPa 1.050E-03 g/cm³ 000 chk 61801
14/09/2021 01:50:00  17.29 °C  61.69 %  879.7 hPa 1.050E-03 g/cm³ 000 chk 50248
14/09/2021 01:51:00  17.28 °C  61.82 %  879.7 hPa 1.050E-03 g/cm³ 000 chk 41385
14/09/2021 01:52:00  17.28 °C  61.93 %  879.7 hPa 1.050E-03 g/cm³ 000 chk 13163
14/09/2021 01:53:00  17.28 °C  62.52 %  879.7 hPa 1.050E-03 g/cm³ 000 chk 34101
14/09/2021 01:54:00  17.28 °C  62.81 %  879.7 hPa 1.050E-03 g/cm³ 000 chk 42684
14/09/2021 01:55:00  17.28 °C  63.00 %  879.7 hPa 1.050E-03 g/cm³ 000 chk 45164
14/09/2021 01:56:00  17.28 °C  62.99 %  879.7 hPa 1.050E-03 g/cm³ 000 chk 39897
14/09/2021 01:57:00  17.28 °C  62.79 %  879.7 hPa 1.050E-03 g/cm³ 000 chk 61690
14/09/2021 01:58:00  17.28 °C  62.43 %  879.7 hPa 1.050E-03 g/cm³ 000 chk 17115
14/09/2021 01:59:00  17.28 °C  62.11 %  879.6 hPa 1.050E-03 g/cm³ 000 chk 35763
14/09/2021 02:00:00  17.27 °C  61.94 %  879.6 hPa 1.050E-03 g/cm³ 000 chk 14207
14/09/2021 02:01:00  17.27 °C  61.92 %  879.6 hPa 1.050E-03 g/cm³ 000 chk 29659
14/09/2021 02:02:00  17.27 °C  62.16 %  879.6 hPa 1.050E-03 g/cm³ 000 chk 35195
14/09/2021 02:03:00  17.27 °C  62.57 %  879.6 hPa 1.050E-03 g/cm³ 000 chk  3691
14/09/2021 02:04:00  17.27 °C  62.93 %  879.6 hPa 1.050E-03 g/cm³ 000 chk 61135
14/09/2021 02:05:00  17.27 °C  63.13 %  879.6 hPa 1.050E-03 g/cm³ 000 chk  5406
14/09/2021 02:06:00  17.28 °C  63.37 %  879.6 hPa 1.050E-03 g/cm³ 000 chk 58849
14/09/2021 02:07:00  17.27 °C  63.33 %  879.6 hPa 1.050E-03 g/cm³ 000 chk 49166
14/09/2021 02:08:00  17.27 °C  63.08 %  879.6 hPa 1.050E-03 g/cm³ 000 chk 40750
14/09/2021 02:09:00  17.27 °C  62.76 %  879.6 hPa 1.050E-03 g/cm³ 000 chk 25430
14/09/2021 02:10:00  17.27 °C  62.38 %  879.6 hPa 1.050E-03 g/cm³ 000 chk 57794
14/09/2021 02:11:00  17.26 °C  62.14 %  879.6 hPa 1.050E-03 g/cm³ 000 chk 34558
14/09/2021 02:12:00  17.26 °C  62.05 %  879.6 hPa 1.050E-03 g/cm³ 000 chk  5180
14/09/2021 02:13:00  17.26 °C  62.12 %  879.6 hPa 1.050E-03 g/cm³ 000 chk 32181
14/09/2021 02:14:00  17.26 °C  62.40 %  879.6 hPa 1.050E-03 g/cm³ 000 chk 29268
14/09/2021 02:15:00  17.26 °C  62.81 %  879.6 hPa 1.050E-03 g/cm³ 000 chk 13357
14/09/2021 02:16:00  17.26 °C  63.26 %  879.6 hPa 1.050E-03 g/cm³ 000 chk  6637
14/09/2021 02:17:00  17.27 °C  63.47 %  879.6 hPa 1.050E-03 g/cm³ 000 chk 53094
14/09/2021 02:18:00  17.27 °C  63.64 %  879.6 hPa 1.050E-03 g/cm³ 000 chk 47208
14/09/2021 02:19:00  17.28 °C  63.35 %  879.6 hPa 1.050E-03 g/cm³ 000 chk  1054
14/09/2021 02:20:00  17.28 °C  62.98 %  879.6 hPa 1.050E-03 g/cm³ 000 chk 38724
14/09/2021 02:21:00  17.28 °C  62.62 %  879.6 hPa 1.050E-03 g/cm³ 000 chk 20040
14/09/2021 02:22:00  17.27 °C  62.32 %  879.6 hPa 1.050E-03 g/cm³ 000 chk  2676
14/09/2021 02:23:00  17.27 °C  62.15 %  879.6 hPa 1.050E-03 g/cm³ 000 chk 25482
14/09/2021 02:24:00  17.27 °C  62.24 %  879.6 hPa 1.050E-03 g/cm³ 000 chk  7045
14/09/2021 02:25:00  17.27 °C  62.40 %  879.6 hPa 1.050E-03 g/cm³ 000 chk 50638
14/09/2021 02:26:00  17.26 °C  62.71 %  879.6 hPa 1.050E-03 g/cm³ 000 chk  1687
14/09/2021 02:27:00  17.27 °C  62.97 %  879.6 hPa 1.050E-03 g/cm³ 000 chk  4724
14/09/2021 02:28:00  17.27 °C  63.47 %  879.6 hPa 1.050E-03 g/cm³ 000 chk 33741
14/09/2021 02:29:00  17.27 °C  63.51 %  879.6 hPa 1.050E-03 g/cm³ 000 chk  1861
14/09/2021 02:30:00  17.27 °C  63.63 %  879.6 hPa 1.050E-03 g/cm³ 000 chk 55568
14/09/2021 02:31:00  17.27 °C  63.36 %  879.6 hPa 1.050E-03 g/cm³ 000 chk 59949
14/09/2021 02:32:00  17.27 °C  63.13 %  879.5 hPa 1.050E-03 g/cm³ 000 chk 18278
14/09/2021 02:33:00  17.27 °C  62.70 %  879.5 hPa 1.050E-03 g/cm³ 000 chk  2608
14/09/2021 02:34:00  17.27 °C  62.45 %  879.5 hPa 1.050E-03 g/cm³ 000 chk  1598
14/09/2021 02:35:00  17.27 °C  62.23 %  879.5 hPa 1.050E-03 g/cm³ 000 chk 17012
14/09/2021 02:36:00  17.27 °C  62.42 %  879.5 hPa 1.050E-03 g/cm³ 000 chk  4212
14/09/2021 02:37:00  17.26 °C  62.62 %  879.5 hPa 1.050E-03 g/cm³ 000 chk 60235
14/09/2021 02:38:00  17.26 °C  62.99 %  879.5 hPa 1.050E-03 g/cm³ 000 chk 46519
14/09/2021 02:39:00  17.27 °C  63.21 %  879.4 hPa 1.049E-03 g/cm³ 000 chk 22671
14/09/2021 02:40:00  17.27 °C  63.38 %  879.4 hPa 1.049E-03 g/cm³ 000 chk 32892
14/09/2021 02:41:00  17.27 °C  63.36 %  879.4 hPa 1.049E-03 g/cm³ 000 chk 11482
14/09/2021 02:42:00  17.27 °C  63.35 %  879.4 hPa 1.049E-03 g/cm³ 000 chk 58421
14/09/2021 02:43:00  17.27 °C  63.31 %  879.4 hPa 1.049E-03 g/cm³ 000 chk 14992
14/09/2021 02:44:00  17.28 °C  63.13 %  879.4 hPa 1.049E-03 g/cm³ 000 chk  3833
14/09/2021 02:45:00  17.28 °C  63.04 %  879.4 hPa 1.049E-03 g/cm³ 000 chk 26480
14/09/2021 02:46:00  17.27 °C  62.87 %  879.4 hPa 1.049E-03 g/cm³ 000 chk  1440
14/09/2021 02:47:00  17.27 °C  62.76 %  879.4 hPa 1.049E-03 g/cm³ 000 chk 17326
14/09/2021 02:48:00  17.27 °C  62.44 %  879.4 hPa 1.049E-03 g/cm³ 000 chk  6541
14/09/2021 02:49:00  17.27 °C  62.26 %  879.4 hPa 1.049E-03 g/cm³ 000 chk 10694
14/09/2021 02:50:00  17.27 °C  61.94 %  879.3 hPa 1.049E-03 g/cm³ 000 chk 43127
14/09/2021 02:51:00  17.27 °C  61.79 %  879.3 hPa 1.049E-03 g/cm³ 000 chk 45654
14/09/2021 02:52:00  17.27 °C  61.79 %  879.3 hPa 1.049E-03 g/cm³ 000 chk  3513
14/09/2021 02:53:00  17.26 °C  62.07 %  879.3 hPa 1.049E-03 g/cm³ 000 chk    58
14/09/2021 02:54:00  17.26 °C  62.35 %  879.3 hPa 1.049E-03 g/cm³ 000 chk  3893
14/09/2021 02:55:00  17.26 °C  62.77 %  879.3 hPa 1.049E-03 g/cm³ 000 chk 65317
14/09/2021 02:56:00  17.26 °C  63.08 %  879.3 hPa 1.049E-03 g/cm³ 000 chk 64279
14/09/2021 02:57:00  17.27 °C  63.34 %  879.3 hPa 1.049E-03 g/cm³ 000 chk 23559
14/09/2021 02:58:00  17.27 °C  63.30 %  879.3 hPa 1.049E-03 g/cm³ 000 chk 59475
14/09/2021 02:59:00  17.27 °C  62.99 %  879.3 hPa 1.049E-03 g/cm³ 000 chk 55002
14/09/2021 03:00:00  17.27 °C  62.59 %  879.2 hPa 1.049E-03 g/cm³ 000 chk 18404
14/09/2021 03:01:00  17.27 °C  62.30 %  879.2 hPa 1.049E-03 g/cm³ 000 chk 59565
14/09/2021 03:02:00  17.26 °C  61.96 %  879.2 hPa 1.049E-03 g/cm³ 000 chk 55703
14/09/2021 03:03:00  17.26 °C  61.92 %  879.2 hPa 1.049E-03 g/cm³ 000 chk  1842
14/09/2021 03:04:00  17.26 °C  61.82 %  879.2 hPa 1.049E-03 g/cm³ 000 chk 21095
14/09/2021 03:05:00  17.25 °C  62.17 %  879.2 hPa 1.049E-03 g/cm³ 000 chk 25314
14/09/2021 03:06:00  17.25 °C  62.48 %  879.2 hPa 1.049E-03 g/cm³ 000 chk 13975
14/09/2021 03:07:00  17.26 °C  62.85 %  879.3 hPa 1.049E-03 g/cm³ 000 chk 59386
14/09/2021 03:08:00  17.26 °C  63.06 %  879.3 hPa 1.049E-03 g/cm³ 000 chk   474
14/09/2021 03:09:00  17.26 °C  63.17 %  879.2 hPa 1.049E-03 g/cm³ 000 chk 32519
14/09/2021 03:10:00  17.26 °C  62.89 %  879.3 hPa 1.049E-03 g/cm³ 000 chk 21803
14/09/2021 03:11:00  17.26 °C  62.59 %  879.3 hPa 1.049E-03 g/cm³ 000 chk 15999
14/09/2021 03:12:00  17.26 °C  62.19 %  879.2 hPa 1.049E-03 g/cm³ 000 chk 47217
14/09/2021 03:13:00  17.26 °C  61.86 %  879.3 hPa 1.049E-03 g/cm³ 000 chk 61920
14/09/2021 03:14:00  17.26 °C  61.77 %  879.3 hPa 1.049E-03 g/cm³ 000 chk 34867
14/09/2021 03:15:00  17.25 °C  61.89 %  879.3 hPa 1.049E-03 g/cm³ 000 chk 55165
14/09/2021 03:16:00  17.25 °C  62.07 %  879.3 hPa 1.049E-03 g/cm³ 000 chk 24542
14/09/2021 03:17:00  17.25 °C  62.36 %  879.3 hPa 1.049E-03 g/cm³ 000 chk  6156
14/09/2021 03:18:00  17.25 °C  62.81 %  879.3 hPa 1.049E-03 g/cm³ 000 chk  6726
14/09/2021 03:19:00  17.25 °C  63.05 %  879.3 hPa 1.049E-03 g/cm³ 000 chk 38294
14/09/2021 03:20:00  17.25 °C  63.27 %  879.3 hPa 1.049E-03 g/cm³ 000 chk 48314
14/09/2021 03:21:00  17.25 °C  63.12 %  879.3 hPa 1.049E-03 g/cm³ 000 chk 36713
14/09/2021 03:22:00  17.25 °C  62.87 %  879.3 hPa 1.049E-03 g/cm³ 000 chk 14559
14/09/2021 03:23:00  17.25 °C  62.50 %  879.3 hPa 1.049E-03 g/cm³ 000 chk 20618
14/09/2021 03:24:00  17.25 °C  62.23 %  879.3 hPa 1.049E-03 g/cm³ 000 chk 29233
14/09/2021 03:25:00  17.25 °C  61.93 %  879.4 hPa 1.050E-03 g/cm³ 000 chk  4366
14/09/2021 03:26:00  17.25 °C  62.00 %  879.4 hPa 1.050E-03 g/cm³ 000 chk 10371
14/09/2021 03:27:00  17.24 °C  62.12 %  879.4 hPa 1.050E-03 g/cm³ 000 chk 18890
14/09/2021 03:28:00  17.24 °C  62.44 %  879.4 hPa 1.050E-03 g/cm³ 000 chk 26374
14/09/2021 03:29:00  17.25 °C  62.67 %  879.4 hPa 1.050E-03 g/cm³ 000 chk 60217
14/09/2021 03:30:00  17.25 °C  63.01 %  879.4 hPa 1.049E-03 g/cm³ 000 chk 18400
14/09/2021 03:31:00  17.25 °C  63.09 %  879.4 hPa 1.049E-03 g/cm³ 000 chk  1350
14/09/2021 03:32:00  17.25 °C  63.09 %  879.3 hPa 1.049E-03 g/cm³ 000 chk 54275
14/09/2021 03:33:00  17.26 °C  63.10 %  879.4 hPa 1.049E-03 g/cm³ 000 chk 10081
14/09/2021 03:34:00  17.26 °C  63.04 %  879.4 hPa 1.049E-03 g/cm³ 000 chk  1589
14/09/2021 03:35:00  17.26 °C  62.95 %  879.4 hPa 1.049E-03 g/cm³ 000 chk 53449
14/09/2021 03:36:00  17.26 °C  62.81 %  879.4 hPa 1.049E-03 g/cm³ 000 chk 56075
14/09/2021 03:37:00  17.26 °C  62.66 %  879.4 hPa 1.049E-03 g/cm³ 000 chk 45865
14/09/2021 03:38:00  17.26 °C  62.44 %  879.4 hPa 1.049E-03 g/cm³ 000 chk 10534
14/09/2021 03:39:00  17.25 °C  62.19 %  879.4 hPa 1.050E-03 g/cm³ 000 chk 38482
14/09/2021 03:40:00  17.25 °C  61.90 %  879.4 hPa 1.050E-03 g/cm³ 000 chk 49091
14/09/2021 03:41:00  17.25 °C  61.73 %  879.4 hPa 1.050E-03 g/cm³ 000 chk 41952
14/09/2021 03:42:00  17.24 °C  61.62 %  879.4 hPa 1.050E-03 g/cm³ 000 chk 41186
14/09/2021 03:43:00  17.24 °C  61.74 %  879.4 hPa 1.050E-03 g/cm³ 000 chk  9322
14/09/2021 03:44:00  17.24 °C  61.99 %  879.4 hPa 1.050E-03 g/cm³ 000 chk   406
14/09/2021 03:45:00  17.24 °C  62.37 %  879.4 hPa 1.050E-03 g/cm³ 000 chk 23589
14/09/2021 03:46:00  17.24 °C  62.76 %  879.4 hPa 1.050E-03 g/cm³ 000 chk 52862
14/09/2021 03:47:00  17.24 °C  62.96 %  879.4 hPa 1.050E-03 g/cm³ 000 chk 42333
14/09/2021 03:48:00  17.24 °C  63.04 %  879.4 hPa 1.050E-03 g/cm³ 000 chk 28240
14/09/2021 03:49:00  17.25 °C  62.83 %  879.4 hPa 1.049E-03 g/cm³ 000 chk 37192
14/09/2021 03:50:00  17.25 °C  62.53 %  879.5 hPa 1.050E-03 g/cm³ 000 chk 31687
14/09/2021 03:51:00  17.25 °C  62.17 %  879.4 hPa 1.050E-03 g/cm³ 000 chk 40067
14/09/2021 03:52:00  17.24 °C  61.78 %  879.5 hPa 1.050E-03 g/cm³ 000 chk 20530
14/09/2021 03:53:00  17.24 °C  61.70 %  879.5 hPa 1.050E-03 g/cm³ 000 chk  4756
14/09/2021 03:54:00  17.23 °C  61.68 %  879.5 hPa 1.050E-03 g/cm³ 000 chk 39558
14/09/2021 03:55:00  17.23 °C  61.97 %  879.5 hPa 1.050E-03 g/cm³ 000 chk 55946
14/09/2021 03:56:00  17.23 °C  62.31 %  879.5 hPa 1.050E-03 g/cm³ 000 chk 31344
14/09/2021 03:57:00  17.23 °C  62.71 %  879.5 hPa 1.050E-03 g/cm³ 000 chk  4193
14/09/2021 03:58:00  17.23 °C  62.92 %  879.5 hPa 1.050E-03 g/cm³ 000 chk 26291
14/09/2021 03:59:00  17.24 °C  62.97 %  879.5 hPa 1.050E-03 g/cm³ 000 chk 24658
14/09/2021 04:00:00  17.24 °C  63.00 %  879.6 hPa 1.050E-03 g/cm³ 000 chk  6850
14/09/2021 04:01:00  17.24 °C  62.95 %  879.6 hPa 1.050E-03 g/cm³ 000 chk 47167
14/09/2021 04:02:00  17.24 °C  62.82 %  879.6 hPa 1.050E-03 g/cm³ 000 chk 50429
14/09/2021 04:03:00  17.24 °C  62.69 %  879.6 hPa 1.050E-03 g/cm³ 000 chk 12508
14/09/2021 04:04:00  17.24 °C  62.52 %  879.6 hPa 1.050E-03 g/cm³ 000 chk 15056
14/09/2021 04:05:00  17.24 °C  62.35 %  879.6 hPa 1.050E-03 g/cm³ 000 chk 37787
14/09/2021 04:06:00  17.24 °C  62.11 %  879.5 hPa 1.050E-03 g/cm³ 000 chk 54225
14/09/2021 04:07:00  17.23 °C  61.89 %  879.5 hPa 1.050E-03 g/cm³ 000 chk 21840
14/09/2021 04:08:00  17.23 °C  61.91 %  879.5 hPa 1.050E-03 g/cm³ 000 chk 48427
14/09/2021 04:09:00  17.23 °C  62.00 %  879.5 hPa 1.050E-03 g/cm³ 000 chk  3052
14/09/2021 04:10:00  17.22 °C  62.29 %  879.5 hPa 1.050E-03 g/cm³ 000 chk  6999
14/09/2021 04:11:00  17.23 °C  62.72 %  879.5 hPa 1.050E-03 g/cm³ 000 chk 49064
14/09/2021 04:12:00  17.23 °C  62.77 %  879.5 hPa 1.050E-03 g/cm³ 000 chk 39239
14/09/2021 04:13:00  17.23 °C  62.93 %  879.5 hPa 1.050E-03 g/cm³ 000 chk 34405
14/09/2021 04:14:00  17.23 °C  62.91 %  879.5 hPa 1.050E-03 g/cm³ 000 chk 35101
14/09/2021 04:15:00  17.23 °C  62.89 %  879.5 hPa 1.050E-03 g/cm³ 000 chk  2967
14/09/2021 04:16:00  17.23 °C  62.77 %  879.5 hPa 1.050E-03 g/cm³ 000 chk 46033
14/09/2021 04:17:00  17.23 °C  62.67 %  879.5 hPa 1.050E-03 g/cm³ 000 chk 55641
14/09/2021 04:18:00  17.23 °C  62.53 %  879.5 hPa 1.050E-03 g/cm³ 000 chk 28026
14/09/2021 04:19:00  17.23 °C  62.38 %  879.5 hPa 1.050E-03 g/cm³ 000 chk 22578
14/09/2021 04:20:00  17.22 °C  62.17 %  879.5 hPa 1.050E-03 g/cm³ 000 chk 37340
14/09/2021 04:21:00  17.22 °C  61.92 %  879.6 hPa 1.050E-03 g/cm³ 000 chk 55497
14/09/2021 04:22:00  17.22 °C  61.73 %  879.6 hPa 1.050E-03 g/cm³ 000 chk 19360
14/09/2021 04:23:00  17.21 °C  61.57 %  879.6 hPa 1.050E-03 g/cm³ 000 chk 42781
14/09/2021 04:24:00  17.20 °C  61.22 %  879.6 hPa 1.050E-03 g/cm³ 000 chk 64102
14/09/2021 04:25:00  17.20 °C  61.01 %  879.6 hPa 1.050E-03 g/cm³ 000 chk 59289
14/09/2021 04:26:00  17.19 °C  61.01 %  879.6 hPa 1.050E-03 g/cm³ 000 chk 62986
14/09/2021 04:27:00  17.19 °C  61.08 %  879.6 hPa 1.050E-03 g/cm³ 000 chk 22957
14/09/2021 04:28:00  17.19 °C  61.83 %  879.6 hPa 1.050E-03 g/cm³ 000 chk 51091
14/09/2021 04:29:00  17.19 °C  62.71 %  879.6 hPa 1.050E-03 g/cm³ 000 chk  1722
14/09/2021 04:30:00  17.20 °C  63.44 %  879.6 hPa 1.050E-03 g/cm³ 000 chk 58766
14/09/2021 04:31:00  17.21 °C  64.29 %  879.6 hPa 1.050E-03 g/cm³ 000 chk 40791
14/09/2021 04:32:00  17.22 °C  65.02 %  879.5 hPa 1.050E-03 g/cm³ 000 chk 22081
14/09/2021 04:33:00  17.23 °C  65.96 %  879.6 hPa 1.050E-03 g/cm³ 000 chk 21406
14/09/2021 04:34:00  17.25 °C  66.55 %  879.5 hPa 1.049E-03 g/cm³ 000 chk 14702
14/09/2021 04:35:00  17.26 °C  67.24 %  879.5 hPa 1.049E-03 g/cm³ 000 chk 56406
14/09/2021 04:36:00  17.28 °C  67.69 %  879.5 hPa 1.049E-03 g/cm³ 000 chk 47236
14/09/2021 04:37:00  17.29 °C  68.28 %  879.5 hPa 1.049E-03 g/cm³ 000 chk 24298
14/09/2021 04:38:00  17.31 °C  69.05 %  879.5 hPa 1.049E-03 g/cm³ 000 chk  8548
14/09/2021 04:39:00  17.33 °C  69.68 %  879.5 hPa 1.049E-03 g/cm³ 000 chk 39343
14/09/2021 04:40:00  17.34 °C  69.80 %  879.5 hPa 1.049E-03 g/cm³ 000 chk 39091
14/09/2021 04:41:00  17.36 °C  70.23 %  879.5 hPa 1.049E-03 g/cm³ 000 chk 48836
14/09/2021 04:42:00  17.38 °C  70.37 %  879.5 hPa 1.048E-03 g/cm³ 000 chk 57165
14/09/2021 04:43:00  17.40 °C  70.98 %  879.5 hPa 1.048E-03 g/cm³ 000 chk 41507
14/09/2021 04:44:00  17.41 °C  71.27 %  879.5 hPa 1.048E-03 g/cm³ 000 chk  7323
14/09/2021 04:45:00  17.43 °C  71.53 %  879.5 hPa 1.048E-03 g/cm³ 000 chk 24959
14/09/2021 04:46:00  17.45 °C  71.75 %  879.5 hPa 1.048E-03 g/cm³ 000 chk 21582
14/09/2021 04:47:00  17.47 °C  71.97 %  879.5 hPa 1.048E-03 g/cm³ 000 chk 50927
14/09/2021 04:48:00  17.48 °C  72.50 %  879.5 hPa 1.048E-03 g/cm³ 000 chk  3850
14/09/2021 04:49:00  17.50 °C  72.69 %  879.5 hPa 1.048E-03 g/cm³ 000 chk 15940
14/09/2021 04:50:00  17.51 °C  73.28 %  879.5 hPa 1.048E-03 g/cm³ 000 chk 22031
14/09/2021 04:51:00  17.53 °C  73.08 %  879.6 hPa 1.048E-03 g/cm³ 000 chk  5260
14/09/2021 04:52:00  17.55 °C  73.07 %  879.6 hPa 1.048E-03 g/cm³ 000 chk 58597
14/09/2021 04:53:00  17.56 °C  72.38 %  879.6 hPa 1.048E-03 g/cm³ 000 chk 51050
14/09/2021 04:54:00  17.56 °C  71.49 %  879.6 hPa 1.048E-03 g/cm³ 000 chk 36855
14/09/2021 04:55:00  17.57 °C  70.98 %  879.6 hPa 1.048E-03 g/cm³ 000 chk  2174
14/09/2021 04:56:00  17.57 °C  70.01 %  879.6 hPa 1.048E-03 g/cm³ 000 chk 46039
14/09/2021 04:57:00  17.56 °C  69.13 %  879.6 hPa 1.048E-03 g/cm³ 000 chk 19452
14/09/2021 04:58:00  17.56 °C  68.22 %  879.6 hPa 1.048E-03 g/cm³ 000 chk 63171
14/09/2021 04:59:00  17.55 °C  67.66 %  879.6 hPa 1.048E-03 g/cm³ 000 chk 59950
14/09/2021 05:00:00  17.54 °C  66.73 %  879.6 hPa 1.048E-03 g/cm³ 000 chk 56168
14/09/2021 05:01:00  17.52 °C  66.07 %  879.6 hPa 1.048E-03 g/cm³ 000 chk 24970
14/09/2021 05:02:00  17.51 °C  65.67 %  879.6 hPa 1.048E-03 g/cm³ 000 chk 56559
14/09/2021 05:03:00  17.49 °C  65.57 %  879.6 hPa 1.049E-03 g/cm³ 000 chk 59491
14/09/2021 05:04:00  17.49 °C  65.71 %  879.6 hPa 1.049E-03 g/cm³ 000 chk 21313
14/09/2021 05:05:00  17.48 °C  65.84 %  879.6 hPa 1.049E-03 g/cm³ 000 chk 61582
14/09/2021 05:06:00  17.47 °C  65.90 %  879.6 hPa 1.049E-03 g/cm³ 000 chk     6
14/09/2021 05:07:00  17.46 °C  65.90 %  879.6 hPa 1.049E-03 g/cm³ 000 chk 15202
14/09/2021 05:08:00  17.45 °C  65.71 %  879.6 hPa 1.049E-03 g/cm³ 000 chk  9714
14/09/2021 05:09:00  17.44 °C  65.37 %  879.6 hPa 1.049E-03 g/cm³ 000 chk 12323
14/09/2021 05:10:00  17.43 °C  64.89 %  879.6 hPa 1.049E-03 g/cm³ 000 chk  5701
14/09/2021 05:11:00  17.42 °C  64.30 %  879.6 hPa 1.049E-03 g/cm³ 000 chk 59708
14/09/2021 05:12:00  17.41 °C  63.94 %  879.6 hPa 1.049E-03 g/cm³ 000 chk 57842
14/09/2021 05:13:00  17.40 °C  63.91 %  879.6 hPa 1.049E-03 g/cm³ 000 chk 17302
14/09/2021 05:14:00  17.39 °C  63.93 %  879.6 hPa 1.049E-03 g/cm³ 000 chk 57557
14/09/2021 05:15:00  17.38 °C  64.06 %  879.6 hPa 1.049E-03 g/cm³ 000 chk 29605
14/09/2021 05:16:00  17.38 °C  64.30 %  879.7 hPa 1.049E-03 g/cm³ 000 chk 56169
14/09/2021 05:17:00  17.38 °C  64.58 %  879.7 hPa 1.049E-03 g/cm³ 000 chk 39201
14/09/2021 05:18:00  17.37 °C  64.62 %  879.7 hPa 1.049E-03 g/cm³ 000 chk 53322
14/09/2021 05:19:00  17.37 °C  64.72 %  879.7 hPa 1.049E-03 g/cm³ 000 chk 47810
14/09/2021 05:20:00  17.36 °C  64.41 %  879.8 hPa 1.049E-03 g/cm³ 000 chk  2819
14/09/2021 05:21:00  17.36 °C  64.02 %  879.8 hPa 1.049E-03 g/cm³ 000 chk  5650
14/09/2021 05:22:00  17.35 °C  63.68 %  879.8 hPa 1.050E-03 g/cm³ 000 chk 36618
14/09/2021 05:23:00  17.34 °C  63.26 %  879.8 hPa 1.050E-03 g/cm³ 000 chk 29401
14/09/2021 05:24:00  17.33 °C  63.16 %  879.8 hPa 1.050E-03 g/cm³ 000 chk 53906
14/09/2021 05:25:00  17.32 °C  63.04 %  879.8 hPa 1.050E-03 g/cm³ 000 chk 46043
14/09/2021 05:26:00  17.32 °C  63.02 %  879.8 hPa 1.050E-03 g/cm³ 000 chk 57908
14/09/2021 05:27:00  17.32 °C  63.30 %  879.8 hPa 1.050E-03 g/cm³ 000 chk 53990
14/09/2021 05:28:00  17.31 °C  63.60 %  879.8 hPa 1.050E-03 g/cm³ 000 chk 57449
14/09/2021 05:29:00  17.31 °C  63.85 %  879.8 hPa 1.050E-03 g/cm³ 000 chk  4682
14/09/2021 05:30:00  17.31 °C  64.03 %  879.8 hPa 1.050E-03 g/cm³ 000 chk 18769
14/09/2021 05:31:00  17.32 °C  64.01 %  879.8 hPa 1.050E-03 g/cm³ 000 chk 35767
14/09/2021 05:32:00  17.32 °C  63.67 %  879.8 hPa 1.050E-03 g/cm³ 000 chk 60135
14/09/2021 05:33:00  17.31 °C  63.45 %  879.8 hPa 1.050E-03 g/cm³ 000 chk 59482
14/09/2021 05:34:00  17.31 °C  63.03 %  879.8 hPa 1.050E-03 g/cm³ 000 chk 21398
14/09/2021 05:35:00  17.30 °C  62.64 %  879.8 hPa 1.050E-03 g/cm³ 000 chk 64257
14/09/2021 05:36:00  17.30 °C  62.72 %  879.8 hPa 1.050E-03 g/cm³ 000 chk 27330
14/09/2021 05:37:00  17.29 °C  62.59 %  879.8 hPa 1.050E-03 g/cm³ 000 chk 36961
14/09/2021 05:38:00  17.29 °C  62.76 %  879.9 hPa 1.050E-03 g/cm³ 000 chk 33336
14/09/2021 05:39:00  17.28 °C  62.97 %  879.9 hPa 1.050E-03 g/cm³ 000 chk 38362
14/09/2021 05:40:00  17.28 °C  63.37 %  879.9 hPa 1.050E-03 g/cm³ 000 chk  6440
14/09/2021 05:41:00  17.28 °C  63.57 %  879.9 hPa 1.050E-03 g/cm³ 000 chk 45922
14/09/2021 05:42:00  17.28 °C  63.75 %  879.9 hPa 1.050E-03 g/cm³ 000 chk 22231
14/09/2021 05:43:00  17.28 °C  63.62 %  879.9 hPa 1.050E-03 g/cm³ 000 chk 16222
14/09/2021 05:44:00  17.28 °C  63.31 %  879.8 hPa 1.050E-03 g/cm³ 000 chk  9450
14/09/2021 05:45:00  17.28 °C  62.87 %  879.9 hPa 1.050E-03 g/cm³ 000 chk 51224
14/09/2021 05:46:00  17.28 °C  62.53 %  879.9 hPa 1.050E-03 g/cm³ 000 chk 49670
14/09/2021 05:47:00  17.28 °C  62.41 %  879.9 hPa 1.050E-03 g/cm³ 000 chk 12943
14/09/2021 05:48:00  17.27 °C  62.36 %  879.9 hPa 1.050E-03 g/cm³ 000 chk 51795
14/09/2021 05:49:00  17.27 °C  62.60 %  879.9 hPa 1.050E-03 g/cm³ 000 chk 36462
14/09/2021 05:50:00  17.27 °C  62.87 %  879.9 hPa 1.050E-03 g/cm³ 000 chk  2251
14/09/2021 05:51:00  17.27 °C  63.28 %  879.9 hPa 1.050E-03 g/cm³ 000 chk 55362
14/09/2021 05:52:00  17.27 °C  63.40 %  879.9 hPa 1.050E-03 g/cm³ 000 chk 36673
14/09/2021 05:53:00  17.27 °C  63.47 %  880.0 hPa 1.050E-03 g/cm³ 000 chk 16384
14/09/2021 05:54:00  17.27 °C  63.43 %  879.9 hPa 1.050E-03 g/cm³ 000 chk 51100
14/09/2021 05:55:00  17.27 °C  63.35 %  880.0 hPa 1.050E-03 g/cm³ 000 chk  9502
14/09/2021 05:56:00  17.27 °C  63.27 %  880.0 hPa 1.050E-03 g/cm³ 000 chk 49372
14/09/2021 05:57:00  17.27 °C  63.13 %  880.0 hPa 1.050E-03 g/cm³ 000 chk  7694
14/09/2021 05:58:00  17.27 °C  62.91 %  880.0 hPa 1.050E-03 g/cm³ 000 chk  5423
14/09/2021 05:59:00  17.27 °C  62.75 %  880.0 hPa 1.050E-03 g/cm³ 000 chk  2573
14/09/2021 06:00:00  17.27 °C  62.54 %  880.0 hPa 1.050E-03 g/cm³ 000 chk 51359
14/09/2021 06:01:00  17.27 °C  62.31 %  880.0 hPa 1.050E-03 g/cm³ 000 chk 64469
14/09/2021 06:02:00  17.26 °C  62.31 %  880.0 hPa 1.050E-03 g/cm³ 000 chk 54778
14/09/2021 06:03:00  17.26 °C  62.37 %  880.0 hPa 1.050E-03 g/cm³ 000 chk 37214
14/09/2021 06:04:00  17.26 °C  62.57 %  880.0 hPa 1.050E-03 g/cm³ 000 chk  1225
14/09/2021 06:05:00  17.26 °C  63.00 %  880.0 hPa 1.050E-03 g/cm³ 000 chk 15849
14/09/2021 06:06:00  17.26 °C  63.15 %  880.0 hPa 1.050E-03 g/cm³ 000 chk 56106
14/09/2021 06:07:00  17.26 °C  63.27 %  879.9 hPa 1.050E-03 g/cm³ 000 chk 36124
14/09/2021 06:08:00  17.26 °C  63.16 %  880.0 hPa 1.050E-03 g/cm³ 000 chk 50907
14/09/2021 06:09:00  17.26 °C  63.20 %  879.9 hPa 1.050E-03 g/cm³ 000 chk 58604
14/09/2021 06:10:00  17.26 °C  63.06 %  879.9 hPa 1.050E-03 g/cm³ 000 chk 36500
14/09/2021 06:11:00  17.26 °C  63.02 %  880.0 hPa 1.050E-03 g/cm³ 000 chk 14037
14/09/2021 06:12:00  17.26 °C  62.89 %  880.0 hPa 1.050E-03 g/cm³ 000 chk 18253
14/09/2021 06:13:00  17.26 °C  62.70 %  880.0 hPa 1.050E-03 g/cm³ 000 chk 59713
14/09/2021 06:14:00  17.26 °C  62.52 %  880.0 hPa 1.050E-03 g/cm³ 000 chk  9826
14/09/2021 06:15:00  17.26 °C  62.24 %  880.0 hPa 1.050E-03 g/cm³ 000 chk 41476
14/09/2021 06:16:00  17.25 °C  62.13 %  880.0 hPa 1.050E-03 g/cm³ 000 chk 60638
14/09/2021 06:17:00  17.25 °C  62.31 %  880.0 hPa 1.050E-03 g/cm³ 000 chk  7200
14/09/2021 06:18:00  17.25 °C  62.50 %  880.1 hPa 1.050E-03 g/cm³ 000 chk 51406
14/09/2021 06:19:00  17.25 °C  62.91 %  880.0 hPa 1.050E-03 g/cm³ 000 chk 30691
14/09/2021 06:20:00  17.25 °C  63.04 %  880.1 hPa 1.050E-03 g/cm³ 000 chk 62872
14/09/2021 06:21:00  17.25 °C  63.14 %  880.1 hPa 1.050E-03 g/cm³ 000 chk 40720
14/09/2021 06:22:00  17.25 °C  63.13 %  880.1 hPa 1.050E-03 g/cm³ 000 chk  9214
14/09/2021 06:23:00  17.25 °C  63.04 %  880.1 hPa 1.050E-03 g/cm³ 000 chk 19063
14/09/2021 06:24:00  17.25 °C  62.93 %  880.1 hPa 1.050E-03 g/cm³ 000 chk 19798
14/09/2021 06:25:00  17.25 °C  62.84 %  880.1 hPa 1.050E-03 g/cm³ 000 chk  9439
14/09/2021 06:26:00  17.25 °C  62.58 %  880.2 hPa 1.050E-03 g/cm³ 000 chk 36156
14/09/2021 06:27:00  17.24 °C  62.42 %  880.2 hPa 1.050E-03 g/cm³ 000 chk  1143
14/09/2021 06:28:00  17.24 °C  62.22 %  880.2 hPa 1.051E-03 g/cm³ 000 chk 50189
14/09/2021 06:29:00  17.24 °C  62.05 %  880.2 hPa 1.051E-03 g/cm³ 000 chk 44531
14/09/2021 06:30:00  17.24 °C  62.13 %  880.2 hPa 1.051E-03 g/cm³ 000 chk 51196
14/09/2021 06:31:00  17.23 °C  62.31 %  880.2 hPa 1.051E-03 g/cm³ 000 chk   583
14/09/2021 06:32:00  17.23 °C  62.69 %  880.2 hPa 1.051E-03 g/cm³ 000 chk 21811
14/09/2021 06:33:00  17.24 °C  62.99 %  880.2 hPa 1.050E-03 g/cm³ 000 chk 52152
14/09/2021 06:34:00  17.24 °C  63.25 %  880.2 hPa 1.050E-03 g/cm³ 000 chk 37824
14/09/2021 06:35:00  17.24 °C  63.19 %  880.2 hPa 1.050E-03 g/cm³ 000 chk 42256
14/09/2021 06:36:00  17.24 °C  62.87 %  880.2 hPa 1.050E-03 g/cm³ 000 chk 36260
14/09/2021 06:37:00  17.24 °C  62.57 %  880.2 hPa 1.051E-03 g/cm³ 000 chk 58929
14/09/2021 06:38:00  17.24 °C  62.21 %  880.2 hPa 1.051E-03 g/cm³ 000 chk  2214
14/09/2021 06:39:00  17.23 °C  61.82 %  880.3 hPa 1.051E-03 g/cm³ 000 chk 59398
14/09/2021 06:40:00  17.23 °C  61.88 %  880.3 hPa 1.051E-03 g/cm³ 000 chk 34777
14/09/2021 06:41:00  17.22 °C  61.93 %  880.3 hPa 1.051E-03 g/cm³ 000 chk 58259
14/09/2021 06:42:00  17.22 °C  62.09 %  880.3 hPa 1.051E-03 g/cm³ 000 chk 57117
14/09/2021 06:43:00  17.22 °C  62.44 %  880.3 hPa 1.051E-03 g/cm³ 000 chk 50190
14/09/2021 06:44:00  17.22 °C  62.99 %  880.3 hPa 1.051E-03 g/cm³ 000 chk 57733
14/09/2021 06:45:00  17.22 °C  63.10 %  880.3 hPa 1.051E-03 g/cm³ 000 chk  8023
14/09/2021 06:46:00  17.23 °C  63.27 %  880.3 hPa 1.051E-03 g/cm³ 000 chk 12814
14/09/2021 06:47:00  17.23 °C  63.27 %  880.4 hPa 1.051E-03 g/cm³ 000 chk 62976
14/09/2021 06:48:00  17.23 °C  63.00 %  880.4 hPa 1.051E-03 g/cm³ 000 chk 62735
14/09/2021 06:49:00  17.23 °C  62.67 %  880.4 hPa 1.051E-03 g/cm³ 000 chk 52312
14/09/2021 06:50:00  17.23 °C  62.29 %  880.4 hPa 1.051E-03 g/cm³ 000 chk 20172
14/09/2021 06:51:00  17.23 °C  62.11 %  880.4 hPa 1.051E-03 g/cm³ 000 chk  3101
14/09/2021 06:52:00  17.22 °C  62.15 %  880.4 hPa 1.051E-03 g/cm³ 000 chk 22067
14/09/2021 06:53:00  17.22 °C  62.32 %  880.4 hPa 1.051E-03 g/cm³ 000 chk 16333
14/09/2021 06:54:00  17.22 °C  62.68 %  880.4 hPa 1.051E-03 g/cm³ 000 chk 55342
14/09/2021 06:55:00  17.22 °C  63.13 %  880.4 hPa 1.051E-03 g/cm³ 000 chk 48470
14/09/2021 06:56:00  17.23 °C  63.26 %  880.4 hPa 1.051E-03 g/cm³ 000 chk  2574
14/09/2021 06:57:00  17.23 °C  63.40 %  880.5 hPa 1.051E-03 g/cm³ 000 chk 46864
14/09/2021 06:58:00  17.23 °C  63.41 %  880.5 hPa 1.051E-03 g/cm³ 000 chk 39492
14/09/2021 06:59:00  17.23 °C  63.39 %  880.5 hPa 1.051E-03 g/cm³ 000 chk  6176
14/09/2021 07:00:00  17.24 °C  63.34 %  880.5 hPa 1.051E-03 g/cm³ 000 chk 13777
14/09/2021 07:01:00  17.24 °C  63.22 %  880.5 hPa 1.051E-03 g/cm³ 000 chk 45401
14/09/2021 07:02:00  17.24 °C  63.17 %  880.5 hPa 1.051E-03 g/cm³ 000 chk 38849
14/09/2021 07:03:00  17.24 °C  63.02 %  880.5 hPa 1.051E-03 g/cm³ 000 chk 25673
14/09/2021 07:04:00  17.24 °C  62.83 %  880.5 hPa 1.051E-03 g/cm³ 000 chk 19780
14/09/2021 07:05:00  17.24 °C  62.65 %  880.5 hPa 1.051E-03 g/cm³ 000 chk 51303
14/09/2021 07:06:00  17.23 °C  62.52 %  880.5 hPa 1.051E-03 g/cm³ 000 chk 16827
14/09/2021 07:07:00  17.23 °C  62.27 %  880.5 hPa 1.051E-03 g/cm³ 000 chk 45789
14/09/2021 07:08:00  17.23 °C  62.20 %  880.5 hPa 1.051E-03 g/cm³ 000 chk 29065
14/09/2021 07:09:00  17.23 °C  62.09 %  880.5 hPa 1.051E-03 g/cm³ 000 chk  7797
14/09/2021 07:10:00  17.22 °C  61.84 %  880.5 hPa 1.051E-03 g/cm³ 000 chk 35802
14/09/2021 07:11:00  17.22 °C  61.74 %  880.5 hPa 1.051E-03 g/cm³ 000 chk  8405
14/09/2021 07:12:00  17.22 °C  61.89 %  880.6 hPa 1.051E-03 g/cm³ 000 chk 42092
14/09/2021 07:13:00  17.22 °C  62.15 %  880.6 hPa 1.051E-03 g/cm³ 000 chk 25513
14/09/2021 07:14:00  17.21 °C  62.59 %  880.6 hPa 1.051E-03 g/cm³ 000 chk 22565
14/09/2021 07:15:00  17.21 °C  62.84 %  880.7 hPa 1.051E-03 g/cm³ 000 chk 47911
14/09/2021 07:16:00  17.22 °C  63.08 %  880.7 hPa 1.051E-03 g/cm³ 000 chk 15357
14/09/2021 07:17:00  17.22 °C  63.08 %  880.7 hPa 1.051E-03 g/cm³ 000 chk 37209
14/09/2021 07:18:00  17.22 °C  62.89 %  880.7 hPa 1.051E-03 g/cm³ 000 chk 60792
14/09/2021 07:19:00  17.22 °C  62.58 %  880.7 hPa 1.051E-03 g/cm³ 000 chk 27437
14/09/2021 07:20:00  17.22 °C  62.27 %  880.7 hPa 1.051E-03 g/cm³ 000 chk 13210
14/09/2021 07:21:00  17.22 °C  62.09 %  880.7 hPa 1.051E-03 g/cm³ 000 chk 24423
14/09/2021 07:22:00  17.22 °C  61.84 %  880.8 hPa 1.051E-03 g/cm³ 000 chk 33988
14/09/2021 07:23:00  17.21 °C  61.64 %  880.8 hPa 1.051E-03 g/cm³ 000 chk  7588
14/09/2021 07:24:00  17.21 °C  61.46 %  880.8 hPa 1.051E-03 g/cm³ 000 chk 53895
14/09/2021 07:25:00  17.20 °C  61.67 %  880.8 hPa 1.051E-03 g/cm³ 000 chk 50361
14/09/2021 07:26:00  17.20 °C  61.76 %  880.8 hPa 1.051E-03 g/cm³ 000 chk 22139
14/09/2021 07:27:00  17.20 °C  62.08 %  880.8 hPa 1.051E-03 g/cm³ 000 chk 51768
14/09/2021 07:28:00  17.19 °C  62.45 %  880.8 hPa 1.052E-03 g/cm³ 000 chk  5349
14/09/2021 07:29:00  17.20 °C  62.84 %  880.8 hPa 1.051E-03 g/cm³ 000 chk 64931
14/09/2021 07:30:00  17.20 °C  63.05 %  880.8 hPa 1.051E-03 g/cm³ 000 chk  1524
14/09/2021 07:31:00  17.20 °C  63.15 %  880.8 hPa 1.051E-03 g/cm³ 000 chk 28540
14/09/2021 07:32:00  17.20 °C  62.96 %  880.8 hPa 1.051E-03 g/cm³ 000 chk 63206
14/09/2021 07:33:00  17.21 °C  62.72 %  880.8 hPa 1.051E-03 g/cm³ 000 chk 30724
14/09/2021 07:34:00  17.21 °C  62.39 %  880.8 hPa 1.051E-03 g/cm³ 000 chk 45770
14/09/2021 07:35:00  17.21 °C  62.24 %  880.8 hPa 1.051E-03 g/cm³ 000 chk 43328
14/09/2021 07:36:00  17.21 °C  62.31 %  880.8 hPa 1.051E-03 g/cm³ 000 chk 20355
14/09/2021 07:37:00  17.21 °C  62.49 %  880.8 hPa 1.051E-03 g/cm³ 000 chk 52711
14/09/2021 07:38:00  17.21 °C  62.92 %  880.8 hPa 1.051E-03 g/cm³ 000 chk 21312
14/09/2021 07:39:00  17.21 °C  63.19 %  880.8 hPa 1.051E-03 g/cm³ 000 chk 14227
14/09/2021 07:40:00  17.21 °C  63.33 %  880.8 hPa 1.051E-03 g/cm³ 000 chk 38935
14/09/2021 07:41:00  17.21 °C  63.49 %  880.8 hPa 1.051E-03 g/cm³ 000 chk 32882
14/09/2021 07:42:00  17.22 °C  63.56 %  880.8 hPa 1.051E-03 g/cm³ 000 chk 59121
14/09/2021 07:43:00  17.22 °C  63.43 %  880.9 hPa 1.051E-03 g/cm³ 000 chk 60461
14/09/2021 07:44:00  17.22 °C  63.36 %  880.9 hPa 1.051E-03 g/cm³ 000 chk  8342
14/09/2021 07:45:00  17.23 °C  63.26 %  880.9 hPa 1.051E-03 g/cm³ 000 chk 56286
14/09/2021 07:46:00  17.23 °C  63.13 %  880.9 hPa 1.051E-03 g/cm³ 000 chk 64838
14/09/2021 07:47:00  17.23 °C  63.00 %  880.9 hPa 1.051E-03 g/cm³ 000 chk 57550
14/09/2021 07:48:00  17.23 °C  62.88 %  880.9 hPa 1.051E-03 g/cm³ 000 chk 39404
14/09/2021 07:49:00  17.22 °C  62.70 %  880.9 hPa 1.051E-03 g/cm³ 000 chk 19233
14/09/2021 07:50:00  17.22 °C  62.47 %  880.9 hPa 1.051E-03 g/cm³ 000 chk  3188
14/09/2021 07:51:00  17.22 °C  62.29 %  880.9 hPa 1.051E-03 g/cm³ 000 chk 41020
14/09/2021 07:52:00  17.22 °C  62.18 %  880.9 hPa 1.051E-03 g/cm³ 000 chk 62117
14/09/2021 07:53:00  17.21 °C  61.90 %  880.9 hPa 1.052E-03 g/cm³ 000 chk 29261
14/09/2021 07:54:00  17.21 °C  61.77 %  880.9 hPa 1.052E-03 g/cm³ 000 chk  9650
14/09/2021 07:55:00  17.20 °C  61.75 %  880.9 hPa 1.052E-03 g/cm³ 000 chk 34007
14/09/2021 07:56:00  17.20 °C  61.57 %  880.9 hPa 1.052E-03 g/cm³ 000 chk 24930
14/09/2021 07:57:00  17.20 °C  61.50 %  880.9 hPa 1.052E-03 g/cm³ 000 chk 51399
14/09/2021 07:58:00  17.20 °C  61.70 %  880.9 hPa 1.052E-03 g/cm³ 000 chk 51401
14/09/2021 07:59:00  17.20 °C  62.02 %  880.9 hPa 1.052E-03 g/cm³ 000 chk 51337
14/09/2021 08:00:00  17.20 °C  62.44 %  880.9 hPa 1.052E-03 g/cm³ 000 chk 56565
14/09/2021 08:01:00  17.20 °C  62.84 %  880.9 hPa 1.051E-03 g/cm³ 000 chk 30414
14/09/2021 08:02:00  17.20 °C  63.00 %  880.9 hPa 1.051E-03 g/cm³ 000 chk 60501
14/09/2021 08:03:00  17.20 °C  63.06 %  880.9 hPa 1.051E-03 g/cm³ 000 chk 43249
14/09/2021 08:04:00  17.21 °C  62.94 %  880.9 hPa 1.051E-03 g/cm³ 000 chk 42768
14/09/2021 08:05:00  17.21 °C  62.68 %  880.9 hPa 1.051E-03 g/cm³ 000 chk 36892
14/09/2021 08:06:00  17.20 °C  62.35 %  880.9 hPa 1.052E-03 g/cm³ 000 chk 52971
14/09/2021 08:07:00  17.20 °C  62.25 %  880.9 hPa 1.052E-03 g/cm³ 000 chk 42083
14/09/2021 08:08:00  17.20 °C  62.38 %  880.9 hPa 1.052E-03 g/cm³ 000 chk 54552
14/09/2021 08:09:00  17.20 °C  62.69 %  880.9 hPa 1.051E-03 g/cm³ 000 chk 37735
14/09/2021 08:10:00  17.21 °C  63.01 %  880.9 hPa 1.051E-03 g/cm³ 000 chk 15988
14/09/2021 08:11:00  17.21 °C  63.20 %  880.8 hPa 1.051E-03 g/cm³ 000 chk 16606
14/09/2021 08:12:00  17.21 °C  63.42 %  880.8 hPa 1.051E-03 g/cm³ 000 chk 26078
14/09/2021 08:13:00  17.22 °C  63.28 %  880.8 hPa 1.051E-03 g/cm³ 000 chk 20436
14/09/2021 08:14:00  17.22 °C  63.07 %  880.8 hPa 1.051E-03 g/cm³ 000 chk 61941
14/09/2021 08:15:00  17.22 °C  62.77 %  880.8 hPa 1.051E-03 g/cm³ 000 chk  2959
14/09/2021 08:16:00  17.22 °C  62.49 %  880.8 hPa 1.051E-03 g/cm³ 000 chk 45589
14/09/2021 08:17:00  17.22 °C  62.30 %  880.8 hPa 1.051E-03 g/cm³ 000 chk 56688
14/09/2021 08:18:00  17.22 °C  62.05 %  880.8 hPa 1.051E-03 g/cm³ 000 chk 33874
14/09/2021 08:19:00  17.21 °C  61.82 %  880.8 hPa 1.051E-03 g/cm³ 000 chk 61178
14/09/2021 08:20:00  17.21 °C  61.75 %  880.8 hPa 1.051E-03 g/cm³ 000 chk 40742
14/09/2021 08:21:00  17.21 °C  61.60 %  880.8 hPa 1.051E-03 g/cm³ 000 chk 27822
14/09/2021 08:22:00  17.21 °C  61.47 %  880.8 hPa 1.051E-03 g/cm³ 000 chk  4123
14/09/2021 08:23:00  17.20 °C  61.41 %  880.8 hPa 1.051E-03 g/cm³ 000 chk 50559
14/09/2021 08:24:00  17.20 °C  61.37 %  880.8 hPa 1.051E-03 g/cm³ 000 chk 32452
14/09/2021 08:25:00  17.20 °C  61.43 %  880.8 hPa 1.051E-03 g/cm³ 000 chk 24739
14/09/2021 08:26:00  17.19 °C  61.33 %  880.8 hPa 1.052E-03 g/cm³ 000 chk 45233
14/09/2021 08:27:00  17.19 °C  61.32 %  880.8 hPa 1.052E-03 g/cm³ 000 chk 63252
14/09/2021 08:28:00  17.19 °C  61.24 %  880.8 hPa 1.052E-03 g/cm³ 000 chk  6509
14/09/2021 08:29:00  17.18 °C  61.18 %  880.8 hPa 1.052E-03 g/cm³ 000 chk 48765
14/09/2021 08:30:00  17.18 °C  61.15 %  880.8 hPa 1.052E-03 g/cm³ 000 chk 35676
14/09/2021 08:31:00  17.18 °C  61.12 %  880.8 hPa 1.052E-03 g/cm³ 000 chk  8953
14/09/2021 08:32:00  17.18 °C  61.07 %  880.8 hPa 1.052E-03 g/cm³ 000 chk 50234
14/09/2021 08:33:00  17.17 °C  61.03 %  880.9 hPa 1.052E-03 g/cm³ 000 chk  6273
14/09/2021 08:34:00  17.17 °C  61.09 %  880.9 hPa 1.052E-03 g/cm³ 000 chk 65531
14/09/2021 08:35:00  17.17 °C  60.94 %  880.8 hPa 1.052E-03 g/cm³ 000 chk 19536
14/09/2021 08:36:00  17.17 °C  60.92 %  880.8 hPa 1.052E-03 g/cm³ 000 chk  7615
14/09/2021 08:37:00  17.16 °C  60.84 %  880.8 hPa 1.052E-03 g/cm³ 000 chk  2295
14/09/2021 08:38:00  17.16 °C  60.90 %  880.8 hPa 1.052E-03 g/cm³ 000 chk 31887
14/09/2021 08:39:00  17.16 °C  61.00 %  880.8 hPa 1.052E-03 g/cm³ 000 chk 18290
14/09/2021 08:40:00  17.16 °C  60.99 %  880.8 hPa 1.052E-03 g/cm³ 000 chk 52980
14/09/2021 08:41:00  17.16 °C  61.11 %  880.8 hPa 1.052E-03 g/cm³ 000 chk 56615
14/09/2021 08:42:00  17.16 °C  61.17 %  880.8 hPa 1.052E-03 g/cm³ 000 chk 36040
14/09/2021 08:43:00  17.16 °C  61.21 %  880.8 hPa 1.052E-03 g/cm³ 000 chk 51227
14/09/2021 08:44:00  17.16 °C  61.21 %  880.8 hPa 1.052E-03 g/cm³ 000 chk 23906
14/09/2021 08:45:00  17.16 °C  61.26 %  880.8 hPa 1.052E-03 g/cm³ 000 chk 62663
14/09/2021 08:46:00  17.16 °C  61.20 %  880.8 hPa 1.052E-03 g/cm³ 000 chk 42280
14/09/2021 08:47:00  17.16 °C  61.18 %  880.8 hPa 1.052E-03 g/cm³ 000 chk 59385
14/09/2021 08:48:00  17.16 °C  61.26 %  880.8 hPa 1.052E-03 g/cm³ 000 chk  8665
14/09/2021 08:49:00  17.16 °C  61.24 %  880.9 hPa 1.052E-03 g/cm³ 000 chk 59432
14/09/2021 08:50:00  17.16 °C  61.34 %  880.9 hPa 1.052E-03 g/cm³ 000 chk 27687
14/09/2021 08:51:00  17.16 °C  61.30 %  880.8 hPa 1.052E-03 g/cm³ 000 chk 19414
14/09/2021 08:52:00  17.16 °C  61.35 %  880.8 hPa 1.052E-03 g/cm³ 000 chk 27961
14/09/2021 08:53:00  17.16 °C  61.40 %  880.8 hPa 1.052E-03 g/cm³ 000 chk 40543
14/09/2021 08:54:00  17.16 °C  61.45 %  880.8 hPa 1.052E-03 g/cm³ 000 chk 37414
14/09/2021 08:55:00  17.16 °C  61.48 %  880.9 hPa 1.052E-03 g/cm³ 000 chk 45268
14/09/2021 08:56:00  17.16 °C  61.56 %  880.9 hPa 1.052E-03 g/cm³ 000 chk 51477
14/09/2021 08:57:00  17.16 °C  61.61 %  880.9 hPa 1.052E-03 g/cm³ 000 chk 24775
14/09/2021 08:58:00  17.16 °C  61.64 %  880.9 hPa 1.052E-03 g/cm³ 000 chk 14738
14/09/2021 08:59:00  17.16 °C  61.62 %  880.9 hPa 1.052E-03 g/cm³ 000 chk 32054
14/09/2021 09:00:00  17.16 °C  61.66 %  880.9 hPa 1.052E-03 g/cm³ 000 chk 24705
14/09/2021 09:01:00  17.16 °C  61.70 %  880.9 hPa 1.052E-03 g/cm³ 000 chk 58377
14/09/2021 09:02:00  17.16 °C  61.75 %  880.9 hPa 1.052E-03 g/cm³ 000 chk 49894
14/09/2021 09:03:00  17.16 °C  61.77 %  880.9 hPa 1.052E-03 g/cm³ 000 chk 62019
14/09/2021 09:04:00  17.16 °C  61.74 %  880.9 hPa 1.052E-03 g/cm³ 000 chk  4154
14/09/2021 09:05:00  17.16 °C  61.76 %  880.9 hPa 1.052E-03 g/cm³ 000 chk  8351
14/09/2021 09:06:00  17.16 °C  61.66 %  880.9 hPa 1.052E-03 g/cm³ 000 chk 24412
14/09/2021 09:07:00  17.17 °C  61.74 %  880.9 hPa 1.052E-03 g/cm³ 000 chk 15893
14/09/2021 09:08:00  17.17 °C  61.78 %  880.9 hPa 1.052E-03 g/cm³ 000 chk 25155
14/09/2021 09:09:00  17.17 °C  61.84 %  880.8 hPa 1.052E-03 g/cm³ 000 chk 44059
14/09/2021 09:10:00  17.17 °C  61.89 %  880.8 hPa 1.052E-03 g/cm³ 000 chk 39226
14/09/2021 09:11:00  17.17 °C  61.93 %  880.8 hPa 1.052E-03 g/cm³ 000 chk 33201
14/09/2021 09:12:00  17.17 °C  61.85 %  880.8 hPa 1.052E-03 g/cm³ 000 chk  4210
14/09/2021 09:13:00  17.16 °C  61.79 %  880.8 hPa 1.052E-03 g/cm³ 000 chk 46782
14/09/2021 09:14:00  17.17 °C  61.79 %  880.8 hPa 1.052E-03 g/cm³ 000 chk 45575
14/09/2021 09:15:00  17.16 °C  61.74 %  880.8 hPa 1.052E-03 g/cm³ 000 chk 63585
14/09/2021 09:16:00  17.16 °C  61.82 %  880.8 hPa 1.052E-03 g/cm³ 000 chk 43045
14/09/2021 09:17:00  17.16 °C  61.90 %  880.8 hPa 1.052E-03 g/cm³ 000 chk 22700
14/09/2021 09:18:00  17.16 °C  61.94 %  880.8 hPa 1.052E-03 g/cm³ 000 chk 60664
14/09/2021 09:19:00  17.16 °C  61.94 %  880.8 hPa 1.052E-03 g/cm³ 000 chk 18012
14/09/2021 09:20:00  17.16 °C  61.87 %  880.8 hPa 1.052E-03 g/cm³ 000 chk 33286
14/09/2021 09:21:00  17.16 °C  61.80 %  880.8 hPa 1.052E-03 g/cm³ 000 chk 11171
14/09/2021 09:22:00  17.16 °C  61.82 %  880.8 hPa 1.052E-03 g/cm³ 000 chk  3661
14/09/2021 09:23:00  17.16 °C  61.81 %  880.8 hPa 1.052E-03 g/cm³ 000 chk 54249
14/09/2021 09:24:00  17.16 °C  61.85 %  880.8 hPa 1.052E-03 g/cm³ 000 chk 12945
14/09/2021 09:25:00  17.16 °C  61.90 %  880.8 hPa 1.052E-03 g/cm³ 000 chk 49433
14/09/2021 09:26:00  17.16 °C  61.85 %  880.8 hPa 1.052E-03 g/cm³ 000 chk 10202
14/09/2021 09:27:00  17.16 °C  61.85 %  880.8 hPa 1.052E-03 g/cm³ 000 chk 36222
14/09/2021 09:28:00  17.16 °C  61.79 %  880.8 hPa 1.052E-03 g/cm³ 000 chk 53379
14/09/2021 09:29:00  17.16 °C  61.72 %  880.8 hPa 1.052E-03 g/cm³ 000 chk 58661
14/09/2021 09:30:00  17.16 °C  61.66 %  880.9 hPa 1.052E-03 g/cm³ 000 chk 60543
14/09/2021 09:31:00  17.16 °C  61.66 %  880.8 hPa 1.052E-03 g/cm³ 000 chk 49039
14/09/2021 09:32:00  17.16 °C  61.67 %  880.9 hPa 1.052E-03 g/cm³ 000 chk  5173
14/09/2021 09:33:00  17.16 °C  61.73 %  880.8 hPa 1.052E-03 g/cm³ 000 chk 62440
14/09/2021 09:34:00  17.16 °C  61.66 %  880.8 hPa 1.052E-03 g/cm³ 000 chk 16317
14/09/2021 09:35:00  17.16 °C  61.61 %  880.8 hPa 1.052E-03 g/cm³ 000 chk 38424
14/09/2021 09:36:00  17.16 °C  61.65 %  880.8 hPa 1.052E-03 g/cm³ 000 chk 24054
14/09/2021 09:37:00  17.16 °C  61.66 %  880.7 hPa 1.052E-03 g/cm³ 000 chk 42066
14/09/2021 09:38:00  17.16 °C  61.63 %  880.7 hPa 1.052E-03 g/cm³ 000 chk 64775
14/09/2021 09:39:00  17.16 °C  61.70 %  880.8 hPa 1.052E-03 g/cm³ 000 chk 50319
14/09/2021 09:40:00  17.16 °C  61.81 %  880.8 hPa 1.052E-03 g/cm³ 000 chk 13817
14/09/2021 09:41:00  17.16 °C  61.86 %  880.7 hPa 1.052E-03 g/cm³ 000 chk 47196
14/09/2021 09:42:00  17.16 °C  61.88 %  880.7 hPa 1.052E-03 g/cm³ 000 chk   433
14/09/2021 09:43:00  17.17 °C  61.93 %  880.7 hPa 1.052E-03 g/cm³ 000 chk 26107
14/09/2021 09:44:00  17.17 °C  61.98 %  880.7 hPa 1.052E-03 g/cm³ 000 chk 28544
14/09/2021 09:45:00  17.17 °C  62.05 %  880.7 hPa 1.052E-03 g/cm³ 000 chk 17732
14/09/2021 09:46:00  17.17 °C  62.07 %  880.7 hPa 1.052E-03 g/cm³ 000 chk 24746
14/09/2021 09:47:00  17.17 °C  62.09 %  880.7 hPa 1.052E-03 g/cm³ 000 chk 52236
14/09/2021 09:48:00  17.17 °C  62.15 %  880.7 hPa 1.052E-03 g/cm³ 000 chk 20598
14/09/2021 09:49:00  17.18 °C  62.18 %  880.7 hPa 1.052E-03 g/cm³ 000 chk 28826
14/09/2021 09:50:00  17.18 °C  62.23 %  880.7 hPa 1.052E-03 g/cm³ 000 chk 43980
14/09/2021 09:51:00  17.18 °C  62.25 %  880.7 hPa 1.052E-03 g/cm³ 000 chk 61288
14/09/2021 09:52:00  17.18 °C  62.35 %  880.7 hPa 1.051E-03 g/cm³ 000 chk 37352
14/09/2021 09:53:00  17.18 °C  62.48 %  880.7 hPa 1.051E-03 g/cm³ 000 chk 35468
14/09/2021 09:54:00  17.19 °C  62.53 %  880.7 hPa 1.051E-03 g/cm³ 000 chk 53531
14/09/2021 09:55:00  17.19 °C  62.61 %  880.7 hPa 1.051E-03 g/cm³ 000 chk 57801
14/09/2021 09:56:00  17.19 °C  62.69 %  880.7 hPa 1.051E-03 g/cm³ 000 chk 46628
14/09/2021 09:57:00  17.19 °C  62.66 %  880.7 hPa 1.051E-03 g/cm³ 000 chk 63363
14/09/2021 09:58:00  17.20 °C  62.68 %  880.7 hPa 1.051E-03 g/cm³ 000 chk 40872
14/09/2021 09:59:00  17.20 °C  62.74 %  880.7 hPa 1.051E-03 g/cm³ 000 chk 26915
14/09/2021 10:00:00  17.20 °C  62.92 %  880.7 hPa 1.051E-03 g/cm³ 000 chk 42735
14/09/2021 10:01:00  17.20 °C  62.94 %  880.7 hPa 1.051E-03 g/cm³ 000 chk 57931
14/09/2021 10:02:00  17.21 °C  62.99 %  880.7 hPa 1.051E-03 g/cm³ 000 chk 48486
14/09/2021 10:03:00  17.21 °C  63.00 %  880.7 hPa 1.051E-03 g/cm³ 000 chk 33688
14/09/2021 10:04:00  17.21 °C  63.04 %  880.7 hPa 1.051E-03 g/cm³ 000 chk 25312
14/09/2021 10:05:00  17.21 °C  63.07 %  880.7 hPa 1.051E-03 g/cm³ 000 chk 48964
14/09/2021 10:06:00  17.22 °C  63.06 %  880.7 hPa 1.051E-03 g/cm³ 000 chk  8169
14/09/2021 10:07:00  17.22 °C  63.13 %  880.7 hPa 1.051E-03 g/cm³ 000 chk 60513
14/09/2021 10:08:00  17.22 °C  63.19 %  880.7 hPa 1.051E-03 g/cm³ 000 chk 24119
14/09/2021 10:09:00  17.22 °C  63.25 %  880.7 hPa 1.051E-03 g/cm³ 000 chk 26855
14/09/2021 10:10:00  17.23 °C  63.33 %  880.7 hPa 1.051E-03 g/cm³ 000 chk 37672
14/09/2021 10:11:00  17.23 °C  63.38 %  880.7 hPa 1.051E-03 g/cm³ 000 chk 42638
14/09/2021 10:12:00  17.23 °C  63.37 %  880.7 hPa 1.051E-03 g/cm³ 000 chk 62050
14/09/2021 10:13:00  17.23 °C  63.37 %  880.7 hPa 1.051E-03 g/cm³ 000 chk 22726
14/09/2021 10:14:00  17.24 °C  63.42 %  880.7 hPa 1.051E-03 g/cm³ 000 chk 41272
14/09/2021 10:15:00  17.24 °C  63.42 %  880.8 hPa 1.051E-03 g/cm³ 000 chk 12188
14/09/2021 10:16:00  17.24 °C  63.52 %  880.8 hPa 1.051E-03 g/cm³ 000 chk 20575
14/09/2021 10:17:00  17.24 °C  63.50 %  880.8 hPa 1.051E-03 g/cm³ 000 chk 24826
14/09/2021 10:18:00  17.24 °C  63.60 %  880.8 hPa 1.051E-03 g/cm³ 000 chk 41176
14/09/2021 10:19:00  17.24 °C  63.60 %  880.7 hPa 1.051E-03 g/cm³ 000 chk 11900
14/09/2021 10:20:00  17.24 °C  63.52 %  880.8 hPa 1.051E-03 g/cm³ 000 chk 58236
14/09/2021 10:21:00  17.25 °C  63.56 %  880.8 hPa 1.051E-03 g/cm³ 000 chk 44057
14/09/2021 10:22:00  17.25 °C  63.55 %  880.8 hPa 1.051E-03 g/cm³ 000 chk 25846
14/09/2021 10:23:00  17.25 °C  63.58 %  880.8 hPa 1.051E-03 g/cm³ 000 chk 48976
14/09/2021 10:24:00  17.25 °C  63.64 %  880.7 hPa 1.051E-03 g/cm³ 000 chk 37469
14/09/2021 10:25:00  17.25 °C  63.70 %  880.8 hPa 1.051E-03 g/cm³ 000 chk 43220
14/09/2021 10:26:00  17.26 °C  63.75 %  880.8 hPa 1.051E-03 g/cm³ 000 chk 31864
14/09/2021 10:27:00  17.26 °C  63.86 %  880.8 hPa 1.051E-03 g/cm³ 000 chk 41079
14/09/2021 10:28:00  17.26 °C  63.81 %  880.7 hPa 1.051E-03 g/cm³ 000 chk 18211
14/09/2021 10:29:00  17.27 °C  63.84 %  880.7 hPa 1.051E-03 g/cm³ 000 chk 58695
14/09/2021 10:30:00  17.27 °C  63.86 %  880.7 hPa 1.051E-03 g/cm³ 000 chk 15205
14/09/2021 10:31:00  17.27 °C  63.79 %  880.7 hPa 1.051E-03 g/cm³ 000 chk 31593
14/09/2021 10:32:00  17.27 °C  63.81 %  880.7 hPa 1.051E-03 g/cm³ 000 chk 11567
14/09/2021 10:33:00  17.27 °C  63.81 %  880.7 hPa 1.051E-03 g/cm³ 000 chk 34699
14/09/2021 10:34:00  17.27 °C  63.90 %  880.7 hPa 1.051E-03 g/cm³ 000 chk 16351
14/09/2021 10:35:00  17.28 °C  63.89 %  880.7 hPa 1.051E-03 g/cm³ 000 chk 43806
14/09/2021 10:36:00  17.28 °C  63.94 %  880.7 hPa 1.051E-03 g/cm³ 000 chk 42463
14/09/2021 10:37:00  17.28 °C  63.94 %  880.7 hPa 1.051E-03 g/cm³ 000 chk  3963
14/09/2021 10:38:00  17.28 °C  63.83 %  880.7 hPa 1.051E-03 g/cm³ 000 chk  3075
14/09/2021 10:39:00  17.28 °C  63.76 %  880.7 hPa 1.051E-03 g/cm³ 000 chk 15884
14/09/2021 10:40:00  17.28 °C  63.74 %  880.7 hPa 1.051E-03 g/cm³ 000 chk 47569
14/09/2021 10:41:00  17.28 °C  63.71 %  880.7 hPa 1.051E-03 g/cm³ 000 chk 35445
14/09/2021 10:42:00  17.28 °C  63.65 %  880.7 hPa 1.051E-03 g/cm³ 000 chk 33207
14/09/2021 10:43:00  17.28 °C  63.66 %  880.7 hPa 1.051E-03 g/cm³ 000 chk 23571
14/09/2021 10:44:00  17.28 °C  63.65 %  880.7 hPa 1.051E-03 g/cm³ 000 chk 48746
14/09/2021 10:45:00  17.28 °C  63.65 %  880.7 hPa 1.051E-03 g/cm³ 000 chk  5326
14/09/2021 10:46:00  17.28 °C  63.59 %  880.7 hPa 1.051E-03 g/cm³ 000 chk 14165
14/09/2021 10:47:00  17.28 °C  63.53 %  880.7 hPa 1.051E-03 g/cm³ 000 chk 61426
14/09/2021 10:48:00  17.28 °C  63.55 %  880.7 hPa 1.051E-03 g/cm³ 000 chk 49575
14/09/2021 10:49:00  17.28 °C  63.52 %  880.7 hPa 1.051E-03 g/cm³ 000 chk 26626
14/09/2021 10:50:00  17.28 °C  63.55 %  880.7 hPa 1.051E-03 g/cm³ 000 chk 12064
14/09/2021 10:51:00  17.28 °C  63.49 %  880.7 hPa 1.051E-03 g/cm³ 000 chk 55723
14/09/2021 10:52:00  17.28 °C  63.41 %  880.7 hPa 1.051E-03 g/cm³ 000 chk 36422
14/09/2021 10:53:00  17.28 °C  63.31 %  880.6 hPa 1.051E-03 g/cm³ 000 chk  7540
14/09/2021 10:54:00  17.28 °C  63.27 %  880.6 hPa 1.051E-03 g/cm³ 000 chk 42529
14/09/2021 10:55:00  17.28 °C  63.22 %  880.6 hPa 1.051E-03 g/cm³ 000 chk 38277
14/09/2021 10:56:00  17.28 °C  63.25 %  880.6 hPa 1.051E-03 g/cm³ 000 chk 10603
14/09/2021 10:57:00  17.28 °C  63.22 %  880.5 hPa 1.051E-03 g/cm³ 000 chk 52017
14/09/2021 10:58:00  17.28 °C  63.19 %  880.5 hPa 1.051E-03 g/cm³ 000 chk 37905
14/09/2021 10:59:00  17.28 °C  63.12 %  880.5 hPa 1.051E-03 g/cm³ 000 chk 41399
14/09/2021 11:00:00  17.28 °C  63.10 %  880.5 hPa 1.051E-03 g/cm³ 000 chk 20992
14/09/2021 11:01:00  17.28 °C  63.03 %  880.4 hPa 1.051E-03 g/cm³ 000 chk 46812
14/09/2021 11:02:00  17.28 °C  63.01 %  880.4 hPa 1.051E-03 g/cm³ 000 chk 37682
14/09/2021 11:03:00  17.28 °C  62.97 %  880.4 hPa 1.051E-03 g/cm³ 000 chk 18127
14/09/2021 11:04:00  17.28 °C  62.97 %  880.4 hPa 1.051E-03 g/cm³ 000 chk 54198
14/09/2021 11:05:00  17.28 °C  62.91 %  880.4 hPa 1.051E-03 g/cm³ 000 chk 38674
14/09/2021 11:06:00  17.28 °C  62.86 %  880.4 hPa 1.051E-03 g/cm³ 000 chk 60368
14/09/2021 11:07:00  17.28 °C  62.84 %  880.4 hPa 1.050E-03 g/cm³ 000 chk 56244
14/09/2021 11:08:00  17.28 °C  62.69 %  880.3 hPa 1.050E-03 g/cm³ 000 chk 50638
14/09/2021 11:09:00  17.27 °C  62.66 %  880.3 hPa 1.051E-03 g/cm³ 000 chk 32738
14/09/2021 11:10:00  17.28 °C  62.56 %  880.3 hPa 1.050E-03 g/cm³ 000 chk 49213
14/09/2021 11:11:00  17.27 °C  62.55 %  880.2 hPa 1.050E-03 g/cm³ 000 chk  8071
14/09/2021 11:12:00  17.27 °C  62.56 %  880.2 hPa 1.050E-03 g/cm³ 000 chk 55144
14/09/2021 11:13:00  17.27 °C  62.53 %  880.2 hPa 1.050E-03 g/cm³ 000 chk 58572
14/09/2021 11:14:00  17.27 °C  62.43 %  880.1 hPa 1.050E-03 g/cm³ 000 chk 64102
14/09/2021 11:15:00  17.27 °C  62.37 %  880.1 hPa 1.050E-03 g/cm³ 000 chk 58369
14/09/2021 11:16:00  17.27 °C  62.36 %  880.1 hPa 1.050E-03 g/cm³ 000 chk 46831
14/09/2021 11:17:00  17.27 °C  62.28 %  880.1 hPa 1.050E-03 g/cm³ 000 chk 55909
14/09/2021 11:18:00  17.26 °C  62.38 %  880.1 hPa 1.050E-03 g/cm³ 000 chk 19420
14/09/2021 11:19:00  17.27 °C  62.46 %  880.1 hPa 1.050E-03 g/cm³ 000 chk 46712
14/09/2021 11:20:00  17.27 °C  62.53 %  880.1 hPa 1.050E-03 g/cm³ 000 chk 39970
14/09/2021 11:21:00  17.27 °C  62.60 %  880.0 hPa 1.050E-03 g/cm³ 000 chk 47269
14/09/2021 11:22:00  17.27 °C  62.71 %  880.0 hPa 1.050E-03 g/cm³ 000 chk 10855
14/09/2021 11:23:00  17.27 °C  62.73 %  880.0 hPa 1.050E-03 g/cm³ 000 chk  6850
14/09/2021 11:24:00  17.27 °C  62.75 %  879.9 hPa 1.050E-03 g/cm³ 000 chk  1887
14/09/2021 11:25:00  17.28 °C  62.83 %  879.9 hPa 1.050E-03 g/cm³ 000 chk 47386
14/09/2021 11:26:00  17.28 °C  62.94 %  879.9 hPa 1.050E-03 g/cm³ 000 chk 50648
14/09/2021 11:27:00  17.28 °C  63.02 %  879.9 hPa 1.050E-03 g/cm³ 000 chk  4133
14/09/2021 11:28:00  17.28 °C  63.11 %  879.9 hPa 1.050E-03 g/cm³ 000 chk 26460
14/09/2021 11:29:00  17.28 °C  63.23 %  879.9 hPa 1.050E-03 g/cm³ 000 chk 22414
14/09/2021 11:30:00  17.29 °C  63.29 %  879.8 hPa 1.050E-03 g/cm³ 000 chk  2362
14/09/2021 11:31:00  17.29 °C  63.25 %  879.8 hPa 1.050E-03 g/cm³ 000 chk 16285
14/09/2021 11:32:00  17.29 °C  63.30 %  879.8 hPa 1.050E-03 g/cm³ 000 chk 55646
14/09/2021 11:33:00  17.29 °C  63.37 %  879.8 hPa 1.050E-03 g/cm³ 000 chk 28923
14/09/2021 11:34:00  17.29 °C  63.48 %  879.8 hPa 1.050E-03 g/cm³ 000 chk 52803
14/09/2021 11:35:00  17.30 °C  63.62 %  879.8 hPa 1.050E-03 g/cm³ 000 chk 55777
14/09/2021 11:36:00  17.30 °C  63.69 %  879.8 hPa 1.050E-03 g/cm³ 000 chk 63756
14/09/2021 11:37:00  17.30 °C  63.74 %  879.8 hPa 1.050E-03 g/cm³ 000 chk 57990
14/09/2021 11:38:00  17.31 °C  63.90 %  879.8 hPa 1.050E-03 g/cm³ 000 chk  1685
14/09/2021 11:39:00  17.31 °C  64.00 %  879.8 hPa 1.050E-03 g/cm³ 000 chk 40229
14/09/2021 11:40:00  17.32 °C  64.16 %  879.8 hPa 1.050E-03 g/cm³ 000 chk 23702
14/09/2021 11:41:00  17.32 °C  64.07 %  879.8 hPa 1.050E-03 g/cm³ 000 chk 56095
14/09/2021 11:42:00  17.33 °C  64.15 %  879.8 hPa 1.050E-03 g/cm³ 000 chk 44829
14/09/2021 11:43:00  17.33 °C  64.21 %  879.8 hPa 1.050E-03 g/cm³ 000 chk 29135
14/09/2021 11:44:00  17.33 °C  64.28 %  879.7 hPa 1.049E-03 g/cm³ 000 chk 21437
14/09/2021 11:45:00  17.34 °C  64.34 %  879.7 hPa 1.049E-03 g/cm³ 000 chk 36979
14/09/2021 11:46:00  17.34 °C  64.41 %  879.7 hPa 1.049E-03 g/cm³ 000 chk 30302
14/09/2021 11:47:00  17.35 °C  64.46 %  879.7 hPa 1.049E-03 g/cm³ 000 chk 20027
14/09/2021 11:48:00  17.35 °C  64.46 %  879.6 hPa 1.049E-03 g/cm³ 000 chk 30522
14/09/2021 11:49:00  17.36 °C  64.56 %  879.6 hPa 1.049E-03 g/cm³ 000 chk 61425
14/09/2021 11:50:00  17.36 °C  64.59 %  879.7 hPa 1.049E-03 g/cm³ 000 chk 47493
14/09/2021 11:51:00  17.36 °C  64.73 %  879.7 hPa 1.049E-03 g/cm³ 000 chk 41337
14/09/2021 11:52:00  17.37 °C  64.83 %  879.7 hPa 1.049E-03 g/cm³ 000 chk 36605
14/09/2021 11:53:00  17.38 °C  65.06 %  879.7 hPa 1.049E-03 g/cm³ 000 chk  5990
14/09/2021 11:54:00  17.38 °C  65.19 %  879.7 hPa 1.049E-03 g/cm³ 000 chk 43312
14/09/2021 11:55:00  17.38 °C  65.19 %  879.7 hPa 1.049E-03 g/cm³ 000 chk   916
14/09/2021 11:56:00  17.39 °C  65.24 %  879.7 hPa 1.049E-03 g/cm³ 000 chk 23758
14/09/2021 11:57:00  17.39 °C  65.33 %  879.6 hPa 1.049E-03 g/cm³ 000 chk 52243
14/09/2021 11:58:00  17.40 °C  65.41 %  879.6 hPa 1.049E-03 g/cm³ 000 chk 64190
14/09/2021 11:59:00  17.40 °C  65.55 %  879.6 hPa 1.049E-03 g/cm³ 000 chk 58423
14/09/2021 12:00:00  17.40 °C  65.62 %  879.6 hPa 1.049E-03 g/cm³ 000 chk  2185
14/09/2021 12:01:00  17.41 °C  65.83 %  879.6 hPa 1.049E-03 g/cm³ 000 chk  8043
14/09/2021 12:02:00  17.41 °C  66.09 %  879.6 hPa 1.049E-03 g/cm³ 000 chk 58313
14/09/2021 12:03:00  17.42 °C  66.06 %  879.5 hPa 1.049E-03 g/cm³ 000 chk  7122
14/09/2021 12:04:00  17.42 °C  65.99 %  879.5 hPa 1.049E-03 g/cm³ 000 chk 38090
14/09/2021 12:05:00  17.42 °C  66.08 %  879.5 hPa 1.049E-03 g/cm³ 000 chk  8717
14/09/2021 12:06:00  17.43 °C  66.08 %  879.5 hPa 1.049E-03 g/cm³ 000 chk  3106
14/09/2021 12:07:00  17.43 °C  66.11 %  879.5 hPa 1.049E-03 g/cm³ 000 chk 25513
14/09/2021 12:08:00  17.44 °C  66.12 %  879.4 hPa 1.049E-03 g/cm³ 000 chk  6381
14/09/2021 12:09:00  17.44 °C  66.26 %  879.4 hPa 1.049E-03 g/cm³ 000 chk 50751
14/09/2021 12:10:00  17.45 °C  66.20 %  879.4 hPa 1.048E-03 g/cm³ 000 chk 64797
14/09/2021 12:11:00  17.45 °C  66.30 %  879.4 hPa 1.048E-03 g/cm³ 000 chk 38805
14/09/2021 12:12:00  17.46 °C  66.41 %  879.4 hPa 1.048E-03 g/cm³ 000 chk 63482
14/09/2021 12:13:00  17.46 °C  66.52 %  879.4 hPa 1.048E-03 g/cm³ 000 chk 60018
14/09/2021 12:14:00  17.47 °C  66.44 %  879.4 hPa 1.048E-03 g/cm³ 000 chk 49383
14/09/2021 12:15:00  17.47 °C  66.52 %  879.3 hPa 1.048E-03 g/cm³ 000 chk 10949
14/09/2021 12:16:00  17.47 °C  66.43 %  879.3 hPa 1.048E-03 g/cm³ 000 chk 47111
14/09/2021 12:17:00  17.48 °C  66.53 %  879.3 hPa 1.048E-03 g/cm³ 000 chk 10693
14/09/2021 12:18:00  17.48 °C  66.73 %  879.2 hPa 1.048E-03 g/cm³ 000 chk 53407
14/09/2021 12:19:00  17.49 °C  66.75 %  879.2 hPa 1.048E-03 g/cm³ 000 chk  1531
14/09/2021 12:20:00  17.49 °C  66.72 %  879.2 hPa 1.048E-03 g/cm³ 000 chk 30092
14/09/2021 12:21:00  17.50 °C  66.74 %  879.2 hPa 1.048E-03 g/cm³ 000 chk 15990
14/09/2021 12:22:00  17.50 °C  66.72 %  879.2 hPa 1.048E-03 g/cm³ 000 chk 28569
14/09/2021 12:23:00  17.50 °C  66.74 %  879.2 hPa 1.048E-03 g/cm³ 000 chk 11069
14/09/2021 12:24:00  17.51 °C  66.77 %  879.2 hPa 1.048E-03 g/cm³ 000 chk 22660
14/09/2021 12:25:00  17.51 °C  66.82 %  879.2 hPa 1.048E-03 g/cm³ 000 chk 27275
14/09/2021 12:26:00  17.52 °C  66.88 %  879.2 hPa 1.048E-03 g/cm³ 000 chk 21796
14/09/2021 12:27:00  17.52 °C  66.98 %  879.2 hPa 1.048E-03 g/cm³ 000 chk 16300
14/09/2021 12:28:00  17.52 °C  67.02 %  879.2 hPa 1.048E-03 g/cm³ 000 chk  7331
14/09/2021 12:29:00  17.53 °C  67.00 %  879.1 hPa 1.048E-03 g/cm³ 000 chk 63033
14/09/2021 12:30:00  17.53 °C  66.93 %  879.2 hPa 1.048E-03 g/cm³ 000 chk  8124
14/09/2021 12:31:00  17.53 °C  66.98 %  879.1 hPa 1.048E-03 g/cm³ 000 chk 25061
14/09/2021 12:32:00  17.54 °C  66.88 %  879.1 hPa 1.048E-03 g/cm³ 000 chk 11107
14/09/2021 12:33:00  17.54 °C  66.90 %  879.1 hPa 1.048E-03 g/cm³ 000 chk 43497
14/09/2021 12:34:00  17.54 °C  66.92 %  879.1 hPa 1.048E-03 g/cm³ 000 chk 42641
14/09/2021 12:35:00  17.54 °C  66.92 %  879.1 hPa 1.048E-03 g/cm³ 000 chk  3125
14/09/2021 12:36:00  17.55 °C  66.98 %  879.0 hPa 1.047E-03 g/cm³ 000 chk 44290
14/09/2021 12:37:00  17.55 °C  67.02 %  879.0 hPa 1.047E-03 g/cm³ 000 chk 58620
14/09/2021 12:38:00  17.55 °C  67.02 %  879.0 hPa 1.047E-03 g/cm³ 000 chk  9385
14/09/2021 12:39:00  17.55 °C  67.00 %  879.0 hPa 1.047E-03 g/cm³ 000 chk  5132
14/09/2021 12:40:00  17.56 °C  66.91 %  878.9 hPa 1.047E-03 g/cm³ 000 chk 46795
14/09/2021 12:41:00  17.56 °C  66.86 %  878.9 hPa 1.047E-03 g/cm³ 000 chk 57154
14/09/2021 12:42:00  17.56 °C  66.83 %  878.9 hPa 1.047E-03 g/cm³ 000 chk 63917
14/09/2021 12:43:00  17.56 °C  66.84 %  878.9 hPa 1.047E-03 g/cm³ 000 chk 20488
14/09/2021 12:44:00  17.56 °C  66.88 %  878.9 hPa 1.047E-03 g/cm³ 000 chk 22898
14/09/2021 12:45:00  17.57 °C  66.80 %  878.9 hPa 1.047E-03 g/cm³ 000 chk 35348
14/09/2021 12:46:00  17.57 °C  66.86 %  878.9 hPa 1.047E-03 g/cm³ 000 chk 56315
14/09/2021 12:47:00  17.57 °C  66.81 %  878.8 hPa 1.047E-03 g/cm³ 000 chk 35594
14/09/2021 12:48:00  17.57 °C  66.92 %  878.8 hPa 1.047E-03 g/cm³ 000 chk 64627
14/09/2021 12:49:00  17.57 °C  66.92 %  878.8 hPa 1.047E-03 g/cm³ 000 chk 22231
14/09/2021 12:50:00  17.58 °C  66.87 %  878.8 hPa 1.047E-03 g/cm³ 000 chk 45202
14/09/2021 12:51:00  17.58 °C  66.86 %  878.8 hPa 1.047E-03 g/cm³ 000 chk 63287
14/09/2021 12:52:00  17.58 °C  66.82 %  878.8 hPa 1.047E-03 g/cm³ 000 chk 15577
14/09/2021 12:53:00  17.58 °C  66.76 %  878.7 hPa 1.047E-03 g/cm³ 000 chk 51159
14/09/2021 12:54:00  17.59 °C  66.75 %  878.7 hPa 1.047E-03 g/cm³ 000 chk 46190
14/09/2021 12:55:00  17.59 °C  66.77 %  878.7 hPa 1.047E-03 g/cm³ 000 chk 33995
14/09/2021 12:56:00  17.59 °C  66.72 %  878.7 hPa 1.047E-03 g/cm³ 000 chk 41508
14/09/2021 12:57:00  17.59 °C  66.69 %  878.6 hPa 1.047E-03 g/cm³ 000 chk 44794
14/09/2021 12:58:00  17.59 °C  66.68 %  878.6 hPa 1.047E-03 g/cm³ 000 chk 33710
14/09/2021 12:59:00  17.59 °C  66.71 %  878.6 hPa 1.047E-03 g/cm³ 000 chk 60453
14/09/2021 13:00:00  17.59 °C  66.69 %  878.6 hPa 1.047E-03 g/cm³ 000 chk 44477
14/09/2021 13:01:00  17.59 °C  66.68 %  878.6 hPa 1.047E-03 g/cm³ 000 chk 59928
14/09/2021 13:02:00  17.59 °C  66.67 %  878.5 hPa 1.047E-03 g/cm³ 000 chk 62731
14/09/2021 13:03:00  17.59 °C  66.61 %  878.5 hPa 1.047E-03 g/cm³ 000 chk 45487
14/09/2021 13:04:00  17.60 °C  66.60 %  878.5 hPa 1.047E-03 g/cm³ 000 chk 26539
14/09/2021 13:05:00  17.60 °C  66.62 %  878.5 hPa 1.047E-03 g/cm³ 000 chk 22286
14/09/2021 13:06:00  17.60 °C  66.60 %  878.4 hPa 1.047E-03 g/cm³ 000 chk 35764
14/09/2021 13:07:00  17.60 °C  66.70 %  878.4 hPa 1.047E-03 g/cm³ 000 chk 57660
14/09/2021 13:08:00  17.60 °C  66.67 %  878.4 hPa 1.047E-03 g/cm³ 000 chk 57924
14/09/2021 13:09:00  17.61 °C  66.73 %  878.4 hPa 1.046E-03 g/cm³ 000 chk 28108
14/09/2021 13:10:00  17.61 °C  66.80 %  878.4 hPa 1.046E-03 g/cm³ 000 chk 24388
14/09/2021 13:11:00  17.61 °C  66.82 %  878.4 hPa 1.046E-03 g/cm³ 000 chk 28641
14/09/2021 13:12:00  17.62 °C  66.78 %  878.3 hPa 1.046E-03 g/cm³ 000 chk 16207
14/09/2021 13:13:00  17.62 °C  66.75 %  878.4 hPa 1.046E-03 g/cm³ 000 chk 35395
14/09/2021 13:14:00  17.62 °C  66.67 %  878.4 hPa 1.046E-03 g/cm³ 000 chk 17687
14/09/2021 13:15:00  17.62 °C  66.67 %  878.4 hPa 1.046E-03 g/cm³ 000 chk 61363
14/09/2021 13:16:00  17.62 °C  66.62 %  878.4 hPa 1.046E-03 g/cm³ 000 chk 51548
14/09/2021 13:17:00  17.62 °C  66.59 %  878.4 hPa 1.046E-03 g/cm³ 000 chk 64653
14/09/2021 13:18:00  17.62 °C  66.63 %  878.5 hPa 1.047E-03 g/cm³ 000 chk 46905
14/09/2021 13:19:00  17.63 °C  66.66 %  878.4 hPa 1.046E-03 g/cm³ 000 chk 60616
14/09/2021 13:20:00  17.63 °C  66.63 %  878.4 hPa 1.046E-03 g/cm³ 000 chk  1726
14/09/2021 13:21:00  17.63 °C  66.62 %  878.4 hPa 1.047E-03 g/cm³ 000 chk 16858
14/09/2021 13:22:00  17.63 °C  66.62 %  878.4 hPa 1.046E-03 g/cm³ 000 chk 65268
14/09/2021 13:23:00  17.63 °C  66.59 %  878.4 hPa 1.046E-03 g/cm³ 000 chk 52005
14/09/2021 13:24:00  17.64 °C  66.65 %  878.3 hPa 1.046E-03 g/cm³ 000 chk 39367
14/09/2021 13:25:00  17.64 °C  66.65 %  878.3 hPa 1.046E-03 g/cm³ 000 chk 13155
14/09/2021 13:26:00  17.64 °C  66.59 %  878.3 hPa 1.046E-03 g/cm³ 000 chk  4344
14/09/2021 13:27:00  17.64 °C  66.50 %  878.3 hPa 1.046E-03 g/cm³ 000 chk 48991
14/09/2021 13:28:00  17.64 °C  66.50 %  878.3 hPa 1.046E-03 g/cm³ 000 chk 32522
14/09/2021 13:29:00  17.64 °C  66.48 %  878.3 hPa 1.046E-03 g/cm³ 000 chk 64896
14/09/2021 13:30:00  17.64 °C  66.48 %  878.3 hPa 1.046E-03 g/cm³ 000 chk 47523
14/09/2021 13:31:00  17.65 °C  66.45 %  878.3 hPa 1.046E-03 g/cm³ 000 chk 62405
14/09/2021 13:32:00  17.64 °C  66.34 %  878.3 hPa 1.046E-03 g/cm³ 000 chk 61481
14/09/2021 13:33:00  17.65 °C  66.25 %  878.3 hPa 1.046E-03 g/cm³ 000 chk 58976
14/09/2021 13:34:00  17.65 °C  66.23 %  878.3 hPa 1.046E-03 g/cm³ 000 chk 40217
14/09/2021 13:35:00  17.65 °C  66.30 %  878.4 hPa 1.046E-03 g/cm³ 000 chk 60987
14/09/2021 13:36:00  17.65 °C  66.26 %  878.4 hPa 1.046E-03 g/cm³ 000 chk 32760
14/09/2021 13:37:00  17.65 °C  66.21 %  878.4 hPa 1.046E-03 g/cm³ 000 chk 54877
14/09/2021 13:38:00  17.65 °C  66.19 %  878.4 hPa 1.046E-03 g/cm³ 000 chk 65149
14/09/2021 13:39:00  17.65 °C  66.19 %  878.4 hPa 1.046E-03 g/cm³ 000 chk 21721
14/09/2021 13:40:00  17.65 °C  66.17 %  878.4 hPa 1.046E-03 g/cm³ 000 chk 20231
14/09/2021 13:41:00  17.65 °C  66.15 %  878.4 hPa 1.046E-03 g/cm³ 000 chk 32674
14/09/2021 13:42:00  17.65 °C  66.15 %  878.5 hPa 1.047E-03 g/cm³ 000 chk 14808
14/09/2021 13:43:00  17.65 °C  66.18 %  878.5 hPa 1.047E-03 g/cm³ 000 chk 57982
14/09/2021 13:44:00  17.65 °C  66.15 %  878.5 hPa 1.047E-03 g/cm³ 000 chk  1541
14/09/2021 13:45:00  17.65 °C  66.15 %  878.5 hPa 1.047E-03 g/cm³ 000 chk 44193
14/09/2021 13:46:00  17.65 °C  66.13 %  878.5 hPa 1.047E-03 g/cm³ 000 chk 64846
14/09/2021 13:47:00  17.65 °C  66.08 %  878.5 hPa 1.047E-03 g/cm³ 000 chk  2244
14/09/2021 13:48:00  17.65 °C  66.07 %  878.6 hPa 1.047E-03 g/cm³ 000 chk 26733
14/09/2021 13:49:00  17.65 °C  66.03 %  878.7 hPa 1.047E-03 g/cm³ 000 chk 20380
14/09/2021 13:50:00  17.65 °C  65.97 %  878.6 hPa 1.047E-03 g/cm³ 000 chk 30600
14/09/2021 13:51:00  17.65 °C  65.94 %  878.6 hPa 1.047E-03 g/cm³ 000 chk 43564
14/09/2021 13:52:00  17.65 °C  65.89 %  878.6 hPa 1.047E-03 g/cm³ 000 chk 42221
14/09/2021 13:53:00  17.65 °C  65.84 %  878.7 hPa 1.047E-03 g/cm³ 000 chk 34335
14/09/2021 13:54:00  17.65 °C  65.84 %  878.7 hPa 1.047E-03 g/cm³ 000 chk  4966
14/09/2021 13:55:00  17.65 °C  65.78 %  878.8 hPa 1.047E-03 g/cm³ 000 chk   106
14/09/2021 13:56:00  17.65 °C  65.76 %  878.8 hPa 1.047E-03 g/cm³ 000 chk 47495
14/09/2021 13:57:00  17.65 °C  65.75 %  878.9 hPa 1.047E-03 g/cm³ 000 chk 40311
14/09/2021 13:58:00  17.65 °C  65.61 %  879.0 hPa 1.047E-03 g/cm³ 000 chk 55311
14/09/2021 13:59:00  17.65 °C  65.53 %  879.0 hPa 1.047E-03 g/cm³ 000 chk 59613
14/09/2021 14:00:00  17.65 °C  65.44 %  879.0 hPa 1.047E-03 g/cm³ 000 chk 35015
14/09/2021 14:01:00  17.65 °C  65.37 %  879.0 hPa 1.047E-03 g/cm³ 000 chk 38305
14/09/2021 14:02:00  17.65 °C  65.29 %  879.1 hPa 1.047E-03 g/cm³ 000 chk  5428
14/09/2021 14:03:00  17.64 °C  65.25 %  879.1 hPa 1.047E-03 g/cm³ 000 chk 45651
14/09/2021 14:04:00  17.64 °C  65.26 %  879.2 hPa 1.047E-03 g/cm³ 000 chk  7125
14/09/2021 14:05:00  17.64 °C  65.31 %  879.2 hPa 1.047E-03 g/cm³ 000 chk 29276
14/09/2021 14:06:00  17.64 °C  65.12 %  879.1 hPa 1.047E-03 g/cm³ 000 chk 12567
14/09/2021 14:07:00  17.64 °C  64.98 %  879.2 hPa 1.048E-03 g/cm³ 000 chk 63349
14/09/2021 14:08:00  17.64 °C  64.68 %  879.1 hPa 1.047E-03 g/cm³ 000 chk 31035
14/09/2021 14:09:00  17.64 °C  64.64 %  879.1 hPa 1.047E-03 g/cm³ 000 chk 20380
14/09/2021 14:10:00  17.63 °C  64.52 %  879.1 hPa 1.047E-03 g/cm³ 000 chk 53389
14/09/2021 14:11:00  17.63 °C  64.36 %  879.0 hPa 1.047E-03 g/cm³ 000 chk 63378
14/09/2021 14:12:00  17.63 °C  64.36 %  879.0 hPa 1.047E-03 g/cm³ 000 chk 18557
14/09/2021 14:13:00  17.63 °C  64.24 %  878.9 hPa 1.047E-03 g/cm³ 000 chk 35316
14/09/2021 14:14:00  17.63 °C  64.30 %  878.9 hPa 1.047E-03 g/cm³ 000 chk 43168
14/09/2021 14:15:00  17.63 °C  64.36 %  878.9 hPa 1.047E-03 g/cm³ 000 chk 60420
14/09/2021 14:16:00  17.62 °C  64.30 %  878.8 hPa 1.047E-03 g/cm³ 000 chk 54655
14/09/2021 14:17:00  17.62 °C  64.37 %  878.9 hPa 1.047E-03 g/cm³ 000 chk 34190
14/09/2021 14:18:00  17.62 °C  64.40 %  878.9 hPa 1.047E-03 g/cm³ 000 chk 34328
14/09/2021 14:19:00  17.62 °C  64.40 %  878.9 hPa 1.047E-03 g/cm³ 000 chk 11452
14/09/2021 14:20:00  17.62 °C  64.25 %  878.9 hPa 1.047E-03 g/cm³ 000 chk 50724
14/09/2021 14:21:00  17.62 °C  64.21 %  878.9 hPa 1.047E-03 g/cm³ 000 chk  6273
14/09/2021 14:22:00  17.61 °C  64.12 %  878.9 hPa 1.047E-03 g/cm³ 000 chk  8794
14/09/2021 14:23:00  17.61 °C  64.02 %  878.9 hPa 1.047E-03 g/cm³ 000 chk 18642
14/09/2021 14:24:00  17.61 °C  64.09 %  878.9 hPa 1.047E-03 g/cm³ 000 chk 17065
14/09/2021 14:25:00  17.61 °C  64.13 %  878.9 hPa 1.047E-03 g/cm³ 000 chk 23074
14/09/2021 14:26:00  17.61 °C  64.19 %  878.9 hPa 1.047E-03 g/cm³ 000 chk 38862
14/09/2021 14:27:00  17.61 °C  64.15 %  878.9 hPa 1.047E-03 g/cm³ 000 chk 41321
14/09/2021 14:28:00  17.60 °C  64.09 %  878.9 hPa 1.047E-03 g/cm³ 000 chk 44243
14/09/2021 14:29:00  17.60 °C  64.07 %  878.8 hPa 1.047E-03 g/cm³ 000 chk 63777
14/09/2021 14:30:00  17.60 °C  64.04 %  878.8 hPa 1.047E-03 g/cm³ 000 chk 51714
14/09/2021 14:31:00  17.60 °C  64.15 %  878.8 hPa 1.047E-03 g/cm³ 000 chk 19851
14/09/2021 14:32:00  17.60 °C  64.23 %  878.8 hPa 1.047E-03 g/cm³ 000 chk  7187
14/09/2021 14:33:00  17.60 °C  64.35 %  878.7 hPa 1.047E-03 g/cm³ 000 chk 48283
14/09/2021 14:34:00  17.60 °C  64.46 %  878.7 hPa 1.047E-03 g/cm³ 000 chk 40480
14/09/2021 14:35:00  17.60 °C  64.55 %  878.7 hPa 1.047E-03 g/cm³ 000 chk 33704
14/09/2021 14:36:00  17.59 °C  64.57 %  878.7 hPa 1.047E-03 g/cm³ 000 chk  2106
14/09/2021 14:37:00  17.60 °C  64.59 %  878.7 hPa 1.047E-03 g/cm³ 000 chk  2784
14/09/2021 14:38:00  17.60 °C  64.65 %  878.7 hPa 1.047E-03 g/cm³ 000 chk 22209
14/09/2021 14:39:00  17.60 °C  64.68 %  878.7 hPa 1.047E-03 g/cm³ 000 chk 36199
14/09/2021 14:40:00  17.60 °C  64.66 %  878.7 hPa 1.047E-03 g/cm³ 000 chk 38585
14/09/2021 14:41:00  17.61 °C  64.75 %  878.7 hPa 1.047E-03 g/cm³ 000 chk  6897
14/09/2021 14:42:00  17.61 °C  64.78 %  878.7 hPa 1.047E-03 g/cm³ 000 chk 54300
14/09/2021 14:43:00  17.61 °C  64.82 %  878.7 hPa 1.047E-03 g/cm³ 000 chk  3344
14/09/2021 14:44:00  17.61 °C  64.81 %  878.6 hPa 1.047E-03 g/cm³ 000 chk  5693
14/09/2021 14:45:00  17.61 °C  64.76 %  878.6 hPa 1.047E-03 g/cm³ 000 chk 48691
14/09/2021 14:46:00  17.61 °C  64.77 %  878.6 hPa 1.047E-03 g/cm³ 000 chk 60637
14/09/2021 14:47:00  17.61 °C  64.67 %  878.5 hPa 1.047E-03 g/cm³ 000 chk 52650
14/09/2021 14:48:00  17.61 °C  64.63 %  878.5 hPa 1.047E-03 g/cm³ 000 chk 31230
14/09/2021 14:49:00  17.61 °C  64.60 %  878.5 hPa 1.047E-03 g/cm³ 000 chk 42074
14/09/2021 14:50:00  17.61 °C  64.65 %  878.5 hPa 1.047E-03 g/cm³ 000 chk 31097
14/09/2021 14:51:00  17.61 °C  64.68 %  878.5 hPa 1.047E-03 g/cm³ 000 chk 41695
14/09/2021 14:52:00  17.61 °C  64.70 %  878.5 hPa 1.047E-03 g/cm³ 000 chk 13598
14/09/2021 14:53:00  17.61 °C  64.62 %  878.5 hPa 1.047E-03 g/cm³ 000 chk 50583
14/09/2021 14:54:00  17.61 °C  64.61 %  878.5 hPa 1.047E-03 g/cm³ 000 chk 10222
14/09/2021 14:55:00  17.61 °C  64.50 %  878.5 hPa 1.047E-03 g/cm³ 000 chk 24636
14/09/2021 14:56:00  17.61 °C  64.58 %  878.5 hPa 1.047E-03 g/cm³ 000 chk 14289
14/09/2021 14:57:00  17.62 °C  64.62 %  878.5 hPa 1.047E-03 g/cm³ 000 chk  7490
14/09/2021 14:58:00  17.61 °C  64.60 %  878.5 hPa 1.047E-03 g/cm³ 000 chk 46421
14/09/2021 14:59:00  17.61 °C  64.58 %  878.5 hPa 1.047E-03 g/cm³ 000 chk 63364
14/09/2021 15:00:00  17.61 °C  64.52 %  878.5 hPa 1.047E-03 g/cm³ 000 chk 60465
14/09/2021 15:01:00  17.61 °C  64.44 %  878.5 hPa 1.047E-03 g/cm³ 000 chk 26809
14/09/2021 15:02:00  17.61 °C  64.42 %  878.6 hPa 1.047E-03 g/cm³ 000 chk 29353
14/09/2021 15:03:00  17.61 °C  64.47 %  878.6 hPa 1.047E-03 g/cm³ 000 chk 16653
14/09/2021 15:04:00  17.61 °C  64.45 %  878.6 hPa 1.047E-03 g/cm³ 000 chk 20085
14/09/2021 15:05:00  17.61 °C  64.45 %  878.6 hPa 1.047E-03 g/cm³ 000 chk 58577
14/09/2021 15:06:00  17.61 °C  64.50 %  878.6 hPa 1.047E-03 g/cm³ 000 chk   530
14/09/2021 15:07:00  17.61 °C  64.40 %  878.6 hPa 1.047E-03 g/cm³ 000 chk 26778
14/09/2021 15:08:00  17.61 °C  64.48 %  878.7 hPa 1.047E-03 g/cm³ 000 chk 47513
14/09/2021 15:09:00  17.61 °C  64.80 %  878.7 hPa 1.047E-03 g/cm³ 000 chk 64227
14/09/2021 15:10:00  17.61 °C  65.29 %  878.7 hPa 1.047E-03 g/cm³ 000 chk 10989
14/09/2021 15:11:00  17.62 °C  65.76 %  878.7 hPa 1.047E-03 g/cm³ 000 chk 39312
14/09/2021 15:12:00  17.62 °C  65.98 %  878.6 hPa 1.047E-03 g/cm³ 000 chk  6318
14/09/2021 15:13:00  17.63 °C  66.20 %  878.7 hPa 1.047E-03 g/cm³ 000 chk   933
14/09/2021 15:14:00  17.63 °C  66.09 %  878.6 hPa 1.047E-03 g/cm³ 000 chk 43728
14/09/2021 15:15:00  17.64 °C  66.00 %  878.6 hPa 1.047E-03 g/cm³ 000 chk 12338
14/09/2021 15:16:00  17.64 °C  65.67 %  878.6 hPa 1.047E-03 g/cm³ 000 chk 31765
14/09/2021 15:17:00  17.64 °C  65.48 %  878.5 hPa 1.047E-03 g/cm³ 000 chk 46614
14/09/2021 15:18:00  17.65 °C  65.30 %  878.5 hPa 1.047E-03 g/cm³ 000 chk 53059
14/09/2021 15:19:00  17.65 °C  65.17 %  878.5 hPa 1.047E-03 g/cm³ 000 chk 42685
14/09/2021 15:20:00  17.65 °C  65.21 %  878.5 hPa 1.047E-03 g/cm³ 000 chk 15292
14/09/2021 15:21:00  17.65 °C  65.44 %  878.5 hPa 1.047E-03 g/cm³ 000 chk  2294
14/09/2021 15:22:00  17.65 °C  65.85 %  878.5 hPa 1.047E-03 g/cm³ 000 chk 23492
14/09/2021 15:23:00  17.66 °C  66.29 %  878.5 hPa 1.046E-03 g/cm³ 000 chk 28404
14/09/2021 15:24:00  17.67 °C  66.46 %  878.5 hPa 1.046E-03 g/cm³ 000 chk 33184
14/09/2021 15:25:00  17.67 °C  66.62 %  878.5 hPa 1.046E-03 g/cm³ 000 chk 40798
14/09/2021 15:26:00  17.67 °C  66.42 %  878.5 hPa 1.046E-03 g/cm³ 000 chk 57578
14/09/2021 15:27:00  17.68 °C  66.20 %  878.5 hPa 1.046E-03 g/cm³ 000 chk 11243
14/09/2021 15:28:00  17.68 °C  65.89 %  878.4 hPa 1.046E-03 g/cm³ 000 chk 59132
14/09/2021 15:29:00  17.68 °C  65.70 %  878.4 hPa 1.046E-03 g/cm³ 000 chk 18672
14/09/2021 15:30:00  17.68 °C  65.55 %  878.4 hPa 1.046E-03 g/cm³ 000 chk 21896
14/09/2021 15:31:00  17.68 °C  65.41 %  878.4 hPa 1.046E-03 g/cm³ 000 chk 19201
14/09/2021 15:32:00  17.68 °C  65.37 %  878.4 hPa 1.046E-03 g/cm³ 000 chk 55852
14/09/2021 15:33:00  17.68 °C  65.52 %  878.4 hPa 1.046E-03 g/cm³ 000 chk 59750
14/09/2021 15:34:00  17.68 °C  65.73 %  878.4 hPa 1.046E-03 g/cm³ 000 chk 20805
14/09/2021 15:35:00  17.68 °C  66.16 %  878.4 hPa 1.046E-03 g/cm³ 000 chk 37416
14/09/2021 15:36:00  17.69 °C  66.61 %  878.4 hPa 1.046E-03 g/cm³ 000 chk 32708
14/09/2021 15:37:00  17.69 °C  66.73 %  878.4 hPa 1.046E-03 g/cm³ 000 chk 36685
14/09/2021 15:38:00  17.69 °C  66.67 %  878.4 hPa 1.046E-03 g/cm³ 000 chk 64309
14/09/2021 15:39:00  17.69 °C  66.55 %  878.5 hPa 1.046E-03 g/cm³ 000 chk 12979
14/09/2021 15:40:00  17.70 °C  66.32 %  878.5 hPa 1.046E-03 g/cm³ 000 chk  9182
14/09/2021 15:41:00  17.70 °C  65.96 %  878.5 hPa 1.046E-03 g/cm³ 000 chk  3182
14/09/2021 15:42:00  17.70 °C  65.70 %  878.5 hPa 1.046E-03 g/cm³ 000 chk 39942
14/09/2021 15:43:00  17.70 °C  65.52 %  878.5 hPa 1.046E-03 g/cm³ 000 chk 27896
14/09/2021 15:44:00  17.70 °C  65.75 %  878.5 hPa 1.046E-03 g/cm³ 000 chk 15067
14/09/2021 15:45:00  17.70 °C  66.03 %  878.5 hPa 1.046E-03 g/cm³ 000 chk 20122
14/09/2021 15:46:00  17.70 °C  66.37 %  878.5 hPa 1.046E-03 g/cm³ 000 chk 34051
14/09/2021 15:47:00  17.71 °C  66.67 %  878.5 hPa 1.046E-03 g/cm³ 000 chk 48894
14/09/2021 15:48:00  17.71 °C  66.94 %  878.5 hPa 1.046E-03 g/cm³ 000 chk  2048
14/09/2021 15:49:00  17.71 °C  66.74 %  878.5 hPa 1.046E-03 g/cm³ 000 chk 25379
14/09/2021 15:50:00  17.72 °C  66.66 %  878.5 hPa 1.046E-03 g/cm³ 000 chk 36718
14/09/2021 15:51:00  17.72 °C  66.39 %  878.5 hPa 1.046E-03 g/cm³ 000 chk 52816
14/09/2021 15:52:00  17.72 °C  65.91 %  878.5 hPa 1.046E-03 g/cm³ 000 chk 26792
14/09/2021 15:53:00  17.72 °C  65.70 %  878.5 hPa 1.046E-03 g/cm³ 000 chk 61066
14/09/2021 15:54:00  17.72 °C  65.51 %  878.5 hPa 1.046E-03 g/cm³ 000 chk 22185
14/09/2021 15:55:00  17.72 °C  65.32 %  878.5 hPa 1.046E-03 g/cm³ 000 chk 35811
14/09/2021 15:56:00  17.71 °C  65.21 %  878.4 hPa 1.046E-03 g/cm³ 000 chk 34871
14/09/2021 15:57:00  17.71 °C  64.98 %  878.4 hPa 1.046E-03 g/cm³ 000 chk 30354
14/09/2021 15:58:00  17.70 °C  64.91 %  878.4 hPa 1.046E-03 g/cm³ 000 chk  8708
14/09/2021 15:59:00  17.70 °C  64.69 %  878.4 hPa 1.046E-03 g/cm³ 000 chk 24841
14/09/2021 16:00:00  17.69 °C  64.56 %  878.4 hPa 1.046E-03 g/cm³ 000 chk 27371
14/09/2021 16:01:00  17.69 °C  64.67 %  878.4 hPa 1.046E-03 g/cm³ 000 chk 11577
14/09/2021 16:02:00  17.69 °C  64.63 %  878.4 hPa 1.046E-03 g/cm³ 000 chk 59095
14/09/2021 16:03:00  17.69 °C  64.57 %  878.4 hPa 1.046E-03 g/cm³ 000 chk 14341
14/09/2021 16:04:00  17.69 °C  64.56 %  878.4 hPa 1.046E-03 g/cm³ 000 chk 16509
14/09/2021 16:05:00  17.68 °C  64.40 %  878.4 hPa 1.046E-03 g/cm³ 000 chk 21813
14/09/2021 16:06:00  17.68 °C  64.47 %  878.4 hPa 1.046E-03 g/cm³ 000 chk 59867
14/09/2021 16:07:00  17.68 °C  64.54 %  878.4 hPa 1.046E-03 g/cm³ 000 chk 62547
14/09/2021 16:08:00  17.68 °C  64.54 %  878.4 hPa 1.046E-03 g/cm³ 000 chk 13318
14/09/2021 16:09:00  17.67 °C  64.53 %  878.4 hPa 1.046E-03 g/cm³ 000 chk 26345
14/09/2021 16:10:00  17.67 °C  64.53 %  878.4 hPa 1.046E-03 g/cm³ 000 chk  8906
14/09/2021 16:11:00  17.67 °C  64.46 %  878.4 hPa 1.046E-03 g/cm³ 000 chk 53570
14/09/2021 16:12:00  17.66 °C  64.47 %  878.4 hPa 1.047E-03 g/cm³ 000 chk  4781
14/09/2021 16:13:00  17.66 °C  64.42 %  878.4 hPa 1.047E-03 g/cm³ 000 chk  8457
14/09/2021 16:14:00  17.66 °C  64.43 %  878.4 hPa 1.047E-03 g/cm³ 000 chk 22897
14/09/2021 16:15:00  17.66 °C  64.44 %  878.4 hPa 1.047E-03 g/cm³ 000 chk 61652
14/09/2021 16:16:00  17.66 °C  64.44 %  878.4 hPa 1.047E-03 g/cm³ 000 chk 20283
14/09/2021 16:17:00  17.66 °C  64.43 %  878.4 hPa 1.047E-03 g/cm³ 000 chk 59038
14/09/2021 16:18:00  17.67 °C  64.42 %  878.4 hPa 1.046E-03 g/cm³ 000 chk 23243
14/09/2021 16:19:00  17.67 °C  64.44 %  878.4 hPa 1.046E-03 g/cm³ 000 chk  7791
14/09/2021 16:20:00  17.67 °C  64.52 %  878.4 hPa 1.046E-03 g/cm³ 000 chk 17205
14/09/2021 16:21:00  17.67 °C  64.62 %  878.4 hPa 1.046E-03 g/cm³ 000 chk 59878
14/09/2021 16:22:00  17.67 °C  64.61 %  878.4 hPa 1.046E-03 g/cm³ 000 chk  8457
14/09/2021 16:23:00  17.67 °C  64.63 %  878.4 hPa 1.046E-03 g/cm³ 000 chk  4524
14/09/2021 16:24:00  17.67 °C  64.70 %  878.4 hPa 1.046E-03 g/cm³ 000 chk 13305
14/09/2021 16:25:00  17.67 °C  64.72 %  878.4 hPa 1.046E-03 g/cm³ 000 chk   860
14/09/2021 16:26:00  17.67 °C  64.78 %  878.4 hPa 1.046E-03 g/cm³ 000 chk 52912
14/09/2021 16:27:00  17.67 °C  64.87 %  878.4 hPa 1.046E-03 g/cm³ 000 chk 36540
14/09/2021 16:28:00  17.67 °C  64.89 %  878.4 hPa 1.046E-03 g/cm³ 000 chk 18667
14/09/2021 16:29:00  17.68 °C  64.93 %  878.4 hPa 1.046E-03 g/cm³ 000 chk 43818
14/09/2021 16:30:00  17.68 °C  64.94 %  878.4 hPa 1.046E-03 g/cm³ 000 chk 60424
14/09/2021 16:31:00  17.68 °C  64.94 %  878.4 hPa 1.046E-03 g/cm³ 000 chk 18092
14/09/2021 16:32:00  17.68 °C  65.03 %  878.4 hPa 1.046E-03 g/cm³ 000 chk 27419
14/09/2021 16:33:00  17.68 °C  65.11 %  878.4 hPa 1.046E-03 g/cm³ 000 chk 39826
14/09/2021 16:34:00  17.68 °C  65.16 %  878.4 hPa 1.046E-03 g/cm³ 000 chk  3562
14/09/2021 16:35:00  17.68 °C  65.17 %  878.4 hPa 1.046E-03 g/cm³ 000 chk 19023
14/09/2021 16:36:00  17.68 °C  65.11 %  878.4 hPa 1.046E-03 g/cm³ 000 chk  7072
14/09/2021 16:37:00  17.68 °C  65.04 %  878.4 hPa 1.046E-03 g/cm³ 000 chk 59432
14/09/2021 16:38:00  17.68 °C  65.04 %  878.4 hPa 1.046E-03 g/cm³ 000 chk 10365
14/09/2021 16:39:00  17.68 °C  65.07 %  878.4 hPa 1.046E-03 g/cm³ 000 chk 62937
14/09/2021 16:40:00  17.69 °C  65.07 %  878.4 hPa 1.046E-03 g/cm³ 000 chk 31173
14/09/2021 16:41:00  17.69 °C  65.09 %  878.4 hPa 1.046E-03 g/cm³ 000 chk 54627
14/09/2021 16:42:00  17.69 °C  65.14 %  878.4 hPa 1.046E-03 g/cm³ 000 chk 56226
14/09/2021 16:43:00  17.69 °C  65.11 %  878.4 hPa 1.046E-03 g/cm³ 000 chk 59398
14/09/2021 16:44:00  17.69 °C  65.07 %  878.5 hPa 1.046E-03 g/cm³ 000 chk 43527
14/09/2021 16:45:00  17.69 °C  65.04 %  878.5 hPa 1.046E-03 g/cm³ 000 chk 30627
14/09/2021 16:46:00  17.70 °C  65.08 %  878.5 hPa 1.046E-03 g/cm³ 000 chk 23313
14/09/2021 16:47:00  17.70 °C  65.05 %  878.5 hPa 1.046E-03 g/cm³ 000 chk 32951
14/09/2021 16:48:00  17.70 °C  64.95 %  878.5 hPa 1.046E-03 g/cm³ 000 chk 53691
14/09/2021 16:49:00  17.70 °C  64.90 %  878.5 hPa 1.046E-03 g/cm³ 000 chk 57887
14/09/2021 16:50:00  17.70 °C  64.83 %  878.5 hPa 1.046E-03 g/cm³ 000 chk  4368
14/09/2021 16:51:00  17.70 °C  64.84 %  878.5 hPa 1.046E-03 g/cm³ 000 chk 47285
14/09/2021 16:52:00  17.70 °C  64.81 %  878.5 hPa 1.046E-03 g/cm³ 000 chk 40538
14/09/2021 16:53:00  17.70 °C  64.79 %  878.5 hPa 1.046E-03 g/cm³ 000 chk 56663
14/09/2021 16:54:00  17.70 °C  64.74 %  878.5 hPa 1.046E-03 g/cm³ 000 chk 14636
14/09/2021 16:55:00  17.70 °C  64.68 %  878.6 hPa 1.047E-03 g/cm³ 000 chk 33945
14/09/2021 16:56:00  17.70 °C  64.66 %  878.6 hPa 1.047E-03 g/cm³ 000 chk 15732
14/09/2021 16:57:00  17.70 °C  64.66 %  878.6 hPa 1.047E-03 g/cm³ 000 chk 38864
14/09/2021 16:58:00  17.70 °C  64.71 %  878.7 hPa 1.047E-03 g/cm³ 000 chk 28156
14/09/2021 16:59:00  17.70 °C  64.77 %  878.7 hPa 1.047E-03 g/cm³ 000 chk 10584
14/09/2021 17:00:00  17.70 °C  64.69 %  878.7 hPa 1.047E-03 g/cm³ 000 chk 34496
14/09/2021 17:01:00  17.70 °C  64.62 %  878.7 hPa 1.047E-03 g/cm³ 000 chk 45926
14/09/2021 17:02:00  17.69 °C  64.60 %  878.8 hPa 1.047E-03 g/cm³ 000 chk 48598
14/09/2021 17:03:00  17.69 °C  64.54 %  878.8 hPa 1.047E-03 g/cm³ 000 chk 25348
14/09/2021 17:04:00  17.70 °C  64.53 %  878.8 hPa 1.047E-03 g/cm³ 000 chk 64034
14/09/2021 17:05:00  17.69 °C  64.62 %  878.8 hPa 1.047E-03 g/cm³ 000 chk 45742
14/09/2021 17:06:00  17.69 °C  64.66 %  878.8 hPa 1.047E-03 g/cm³ 000 chk 31040
14/09/2021 17:07:00  17.70 °C  64.60 %  878.9 hPa 1.047E-03 g/cm³ 000 chk 52206
14/09/2021 17:08:00  17.70 °C  64.51 %  878.9 hPa 1.047E-03 g/cm³ 000 chk 59085
14/09/2021 17:09:00  17.70 °C  64.40 %  878.9 hPa 1.047E-03 g/cm³ 000 chk 24900
14/09/2021 17:10:00  17.70 °C  64.40 %  878.9 hPa 1.047E-03 g/cm³ 000 chk  9575
14/09/2021 17:11:00  17.69 °C  64.37 %  878.9 hPa 1.047E-03 g/cm³ 000 chk 17246
14/09/2021 17:12:00  17.69 °C  64.38 %  878.9 hPa 1.047E-03 g/cm³ 000 chk  6066
14/09/2021 17:13:00  17.69 °C  64.34 %  878.9 hPa 1.047E-03 g/cm³ 000 chk  8469
14/09/2021 17:14:00  17.69 °C  64.38 %  879.0 hPa 1.047E-03 g/cm³ 000 chk  6511
14/09/2021 17:15:00  17.69 °C  64.28 %  879.0 hPa 1.047E-03 g/cm³ 000 chk 29671
14/09/2021 17:16:00  17.69 °C  64.24 %  879.0 hPa 1.047E-03 g/cm³ 000 chk 20491
14/09/2021 17:17:00  17.69 °C  64.28 %  878.9 hPa 1.047E-03 g/cm³ 000 chk 22444
14/09/2021 17:18:00  17.68 °C  64.25 %  879.0 hPa 1.047E-03 g/cm³ 000 chk 17979
14/09/2021 17:19:00  17.68 °C  64.33 %  879.0 hPa 1.047E-03 g/cm³ 000 chk 49843
14/09/2021 17:20:00  17.68 °C  64.37 %  879.0 hPa 1.047E-03 g/cm³ 000 chk 50628
14/09/2021 17:21:00  17.68 °C  64.41 %  878.9 hPa 1.047E-03 g/cm³ 000 chk 28834
14/09/2021 17:22:00  17.68 °C  64.36 %  878.9 hPa 1.047E-03 g/cm³ 000 chk  3214
14/09/2021 17:23:00  17.68 °C  64.32 %  878.9 hPa 1.047E-03 g/cm³ 000 chk 53803
14/09/2021 17:24:00  17.68 °C  64.34 %  878.9 hPa 1.047E-03 g/cm³ 000 chk 43346
14/09/2021 17:25:00  17.68 °C  64.30 %  878.9 hPa 1.047E-03 g/cm³ 000 chk 30711
14/09/2021 17:26:00  17.68 °C  64.22 %  878.8 hPa 1.047E-03 g/cm³ 000 chk 27489
14/09/2021 17:27:00  17.68 °C  64.23 %  878.8 hPa 1.047E-03 g/cm³ 000 chk 11460
14/09/2021 17:28:00  17.68 °C  64.16 %  878.8 hPa 1.047E-03 g/cm³ 000 chk 30182
14/09/2021 17:29:00  17.68 °C  64.19 %  878.8 hPa 1.047E-03 g/cm³ 000 chk 13377
14/09/2021 17:30:00  17.68 °C  64.13 %  878.8 hPa 1.047E-03 g/cm³ 000 chk   609
14/09/2021 17:31:00  17.68 °C  64.16 %  878.8 hPa 1.047E-03 g/cm³ 000 chk 12741
14/09/2021 17:32:00  17.68 °C  64.01 %  878.8 hPa 1.047E-03 g/cm³ 000 chk 19719
14/09/2021 17:33:00  17.68 °C  63.96 %  878.8 hPa 1.047E-03 g/cm³ 000 chk 54710
14/09/2021 17:34:00  17.68 °C  63.86 %  878.8 hPa 1.047E-03 g/cm³ 000 chk 32995
14/09/2021 17:35:00  17.68 °C  63.92 %  878.8 hPa 1.047E-03 g/cm³ 000 chk 40554
14/09/2021 17:36:00  17.68 °C  64.02 %  878.8 hPa 1.047E-03 g/cm³ 000 chk  4241
14/09/2021 17:37:00  17.68 °C  64.06 %  878.8 hPa 1.047E-03 g/cm³ 000 chk 52788
14/09/2021 17:38:00  17.68 °C  64.01 %  878.9 hPa 1.047E-03 g/cm³ 000 chk 62516
14/09/2021 17:39:00  17.68 °C  63.89 %  878.9 hPa 1.047E-03 g/cm³ 000 chk 18346
14/09/2021 17:40:00  17.68 °C  63.88 %  878.9 hPa 1.047E-03 g/cm³ 000 chk 46967
14/09/2021 17:41:00  17.67 °C  63.84 %  879.0 hPa 1.047E-03 g/cm³ 000 chk 19354
14/09/2021 17:42:00  17.67 °C  63.86 %  879.0 hPa 1.047E-03 g/cm³ 000 chk 28276
14/09/2021 17:43:00  17.67 °C  63.94 %  879.1 hPa 1.047E-03 g/cm³ 000 chk 26537
14/09/2021 17:44:00  17.68 °C  63.99 %  879.1 hPa 1.047E-03 g/cm³ 000 chk 30872
14/09/2021 17:45:00  17.68 °C  63.89 %  879.1 hPa 1.047E-03 g/cm³ 000 chk  4624
14/09/2021 17:46:00  17.67 °C  63.81 %  879.2 hPa 1.047E-03 g/cm³ 000 chk 62792
14/09/2021 17:47:00  17.67 °C  64.09 %  879.2 hPa 1.047E-03 g/cm³ 000 chk 18134
14/09/2021 17:48:00  17.67 °C  64.51 %  879.2 hPa 1.047E-03 g/cm³ 000 chk 28184
14/09/2021 17:49:00  17.67 °C  65.04 %  879.2 hPa 1.047E-03 g/cm³ 000 chk 52537
14/09/2021 17:50:00  17.68 °C  65.34 %  879.2 hPa 1.047E-03 g/cm³ 000 chk 29223
14/09/2021 17:51:00  17.69 °C  65.59 %  879.2 hPa 1.047E-03 g/cm³ 000 chk 14511
