18/05/2021 10:53:13  17.61 °C  60.53 %  87.98 kPa 1.049E-03 g/cm³ 000 chk 14626
18/05/2021 10:54:00  17.62 °C  60.66 %  87.98 kPa 1.049E-03 g/cm³ 000 chk 34948
18/05/2021 10:55:00  17.64 °C  60.70 %  87.99 kPa 1.049E-03 g/cm³ 000 chk 20957
18/05/2021 10:56:00  17.65 °C  60.77 %  87.99 kPa 1.049E-03 g/cm³ 000 chk 31987
18/05/2021 10:57:00  17.66 °C  60.83 %  87.99 kPa 1.049E-03 g/cm³ 000 chk 20926
18/05/2021 10:58:00  17.68 °C  61.01 %  87.99 kPa 1.049E-03 g/cm³ 000 chk 12309
18/05/2021 10:59:00  17.69 °C  61.01 %  87.99 kPa 1.049E-03 g/cm³ 000 chk  2929
18/05/2021 11:00:00  17.70 °C  61.12 %  87.99 kPa 1.048E-03 g/cm³ 000 chk 55924
18/05/2021 11:01:00  17.71 °C  61.19 %  87.99 kPa 1.048E-03 g/cm³ 000 chk 32274
18/05/2021 11:02:00  17.72 °C  61.23 %  87.99 kPa 1.048E-03 g/cm³ 000 chk 16842
18/05/2021 11:03:00  17.73 °C  61.48 %  87.99 kPa 1.048E-03 g/cm³ 000 chk 58690
18/05/2021 11:04:00  17.74 °C  61.48 %  87.99 kPa 1.048E-03 g/cm³ 000 chk 17790
18/05/2021 11:05:00  17.75 °C  61.58 %  87.99 kPa 1.048E-03 g/cm³ 000 chk 48694
18/05/2021 11:06:00  17.76 °C  61.70 %  87.99 kPa 1.048E-03 g/cm³ 000 chk 56259
18/05/2021 11:07:00  17.77 °C  61.74 %  87.99 kPa 1.048E-03 g/cm³ 000 chk 38054
18/05/2021 11:08:00  17.78 °C  61.84 %  87.99 kPa 1.048E-03 g/cm³ 000 chk 44562
18/05/2021 11:09:00  17.79 °C  61.82 %  87.99 kPa 1.048E-03 g/cm³ 000 chk 31606
18/05/2021 11:10:00  17.79 °C  62.05 %  87.99 kPa 1.048E-03 g/cm³ 000 chk  3354
18/05/2021 11:11:00  17.80 °C  61.89 %  87.99 kPa 1.048E-03 g/cm³ 000 chk 41542
18/05/2021 11:12:00  17.81 °C  62.03 %  87.99 kPa 1.048E-03 g/cm³ 000 chk 53028
18/05/2021 11:13:00  17.82 °C  61.99 %  87.99 kPa 1.048E-03 g/cm³ 000 chk  5282
18/05/2021 11:14:00  17.83 °C  62.04 %  87.98 kPa 1.048E-03 g/cm³ 000 chk 26927
18/05/2021 11:15:00  17.83 °C  61.99 %  87.99 kPa 1.048E-03 g/cm³ 000 chk 47807
18/05/2021 11:16:00  17.84 °C  62.04 %  87.99 kPa 1.048E-03 g/cm³ 000 chk 45173
18/05/2021 11:17:00  17.85 °C  62.18 %  87.99 kPa 1.048E-03 g/cm³ 000 chk 55102
18/05/2021 11:18:00  17.86 °C  62.19 %  87.99 kPa 1.048E-03 g/cm³ 000 chk  2089
18/05/2021 11:19:00  17.87 °C  62.22 %  87.98 kPa 1.048E-03 g/cm³ 000 chk 21868
18/05/2021 11:20:00  17.88 °C  62.14 %  87.98 kPa 1.047E-03 g/cm³ 000 chk 14184
18/05/2021 11:21:00  17.88 °C  62.22 %  87.98 kPa 1.047E-03 g/cm³ 000 chk 29627
18/05/2021 11:22:00  17.89 °C  62.32 %  87.98 kPa 1.047E-03 g/cm³ 000 chk 40376
18/05/2021 11:23:00  17.89 °C  62.53 %  87.98 kPa 1.047E-03 g/cm³ 000 chk 56051
18/05/2021 11:24:00  17.90 °C  62.77 %  87.98 kPa 1.047E-03 g/cm³ 000 chk 62606
18/05/2021 11:25:00  17.91 °C  62.82 %  87.98 kPa 1.047E-03 g/cm³ 000 chk 22337
18/05/2021 11:26:00  17.91 °C  62.75 %  87.98 kPa 1.047E-03 g/cm³ 000 chk 59908
18/05/2021 11:27:00  17.92 °C  62.71 %  87.98 kPa 1.047E-03 g/cm³ 000 chk 50914
18/05/2021 11:28:00  17.93 °C  62.71 %  87.98 kPa 1.047E-03 g/cm³ 000 chk 38775
18/05/2021 11:29:00  17.94 °C  62.71 %  87.98 kPa 1.047E-03 g/cm³ 000 chk  2198
18/05/2021 11:30:00  17.95 °C  62.74 %  87.98 kPa 1.047E-03 g/cm³ 000 chk 17525
18/05/2021 11:31:00  17.96 °C  62.73 %  87.98 kPa 1.047E-03 g/cm³ 000 chk  8083
18/05/2021 11:32:00  17.97 °C  62.65 %  87.98 kPa 1.047E-03 g/cm³ 000 chk  8080
18/05/2021 11:33:00  17.97 °C  62.75 %  87.98 kPa 1.047E-03 g/cm³ 000 chk 29976
18/05/2021 11:34:00  17.97 °C  62.78 %  87.98 kPa 1.047E-03 g/cm³ 000 chk 37219
18/05/2021 11:35:00  17.97 °C  62.72 %  87.98 kPa 1.047E-03 g/cm³ 000 chk 18884
18/05/2021 11:36:00  17.97 °C  62.71 %  87.98 kPa 1.047E-03 g/cm³ 000 chk 33067
18/05/2021 11:37:00  17.98 °C  62.64 %  87.98 kPa 1.047E-03 g/cm³ 000 chk 35305
18/05/2021 11:38:00  17.98 °C  62.58 %  87.98 kPa 1.047E-03 g/cm³ 000 chk 54728
18/05/2021 11:39:00  17.98 °C  62.52 %  87.97 kPa 1.047E-03 g/cm³ 000 chk 10607
18/05/2021 11:40:00  17.98 °C  62.46 %  87.97 kPa 1.047E-03 g/cm³ 000 chk 32926
18/05/2021 11:41:00  17.97 °C  62.42 %  87.97 kPa 1.047E-03 g/cm³ 000 chk 42353
18/05/2021 11:42:00  17.97 °C  62.30 %  87.97 kPa 1.047E-03 g/cm³ 000 chk 16477
18/05/2021 11:43:00  17.96 °C  62.24 %  87.97 kPa 1.047E-03 g/cm³ 000 chk 53012
18/05/2021 11:44:00  17.96 °C  62.14 %  87.98 kPa 1.047E-03 g/cm³ 000 chk 32282
18/05/2021 11:45:00  17.95 °C  62.07 %  87.98 kPa 1.047E-03 g/cm³ 000 chk 37329
18/05/2021 11:46:00  17.94 °C  62.02 %  87.98 kPa 1.047E-03 g/cm³ 000 chk  9982
18/05/2021 11:47:00  17.94 °C  61.99 %  87.98 kPa 1.047E-03 g/cm³ 000 chk 57914
18/05/2021 11:48:00  17.93 °C  61.97 %  87.98 kPa 1.047E-03 g/cm³ 000 chk  4392
18/05/2021 11:49:00  17.93 °C  61.99 %  87.98 kPa 1.047E-03 g/cm³ 000 chk 48526
18/05/2021 11:50:00  17.92 °C  62.07 %  87.98 kPa 1.047E-03 g/cm³ 000 chk 40717
18/05/2021 11:51:00  17.92 °C  62.05 %  87.97 kPa 1.047E-03 g/cm³ 000 chk 35752
18/05/2021 11:52:00  17.92 °C  62.11 %  87.98 kPa 1.047E-03 g/cm³ 000 chk 42090
18/05/2021 11:53:00  17.92 °C  62.09 %  87.97 kPa 1.047E-03 g/cm³ 000 chk   736
18/05/2021 11:54:00  17.91 °C  62.06 %  87.97 kPa 1.047E-03 g/cm³ 000 chk 36569
18/05/2021 11:55:00  17.91 °C  62.08 %  87.97 kPa 1.047E-03 g/cm³ 000 chk  8831
18/05/2021 11:56:00  17.90 °C  62.08 %  87.97 kPa 1.047E-03 g/cm³ 000 chk  3152
18/05/2021 11:57:00  17.90 °C  62.11 %  87.96 kPa 1.047E-03 g/cm³ 000 chk 39567
18/05/2021 11:58:00  17.90 °C  62.11 %  87.96 kPa 1.047E-03 g/cm³ 000 chk 23258
18/05/2021 11:59:00  17.90 °C  62.21 %  87.96 kPa 1.047E-03 g/cm³ 000 chk 61449
18/05/2021 12:00:00  17.90 °C  62.27 %  87.96 kPa 1.047E-03 g/cm³ 000 chk 61889
18/05/2021 12:01:00  17.90 °C  62.38 %  87.96 kPa 1.047E-03 g/cm³ 000 chk 28746
18/05/2021 12:02:00  17.90 °C  62.50 %  87.96 kPa 1.047E-03 g/cm³ 000 chk 10057
18/05/2021 12:03:00  17.91 °C  62.49 %  87.95 kPa 1.047E-03 g/cm³ 000 chk 37629
18/05/2021 12:04:00  17.91 °C  62.58 %  87.95 kPa 1.047E-03 g/cm³ 000 chk 10921
18/05/2021 12:05:00  17.91 °C  62.74 %  87.95 kPa 1.047E-03 g/cm³ 000 chk 56405
18/05/2021 12:06:00  17.92 °C  62.84 %  87.95 kPa 1.047E-03 g/cm³ 000 chk 36946
18/05/2021 12:07:00  17.92 °C  62.83 %  87.95 kPa 1.047E-03 g/cm³ 000 chk 14839
18/05/2021 12:08:00  17.92 °C  62.85 %  87.95 kPa 1.047E-03 g/cm³ 000 chk  6050
18/05/2021 12:09:00  17.92 °C  62.87 %  87.95 kPa 1.047E-03 g/cm³ 000 chk  9991
18/05/2021 12:10:00  17.92 °C  62.96 %  87.95 kPa 1.047E-03 g/cm³ 000 chk 19977
18/05/2021 12:11:00  17.92 °C  63.05 %  87.94 kPa 1.047E-03 g/cm³ 000 chk 64416
18/05/2021 12:12:00  17.93 °C  63.20 %  87.94 kPa 1.047E-03 g/cm³ 000 chk 36052
18/05/2021 12:13:00  17.93 °C  63.22 %  87.94 kPa 1.047E-03 g/cm³ 000 chk 48241
18/05/2021 12:14:00  17.94 °C  63.21 %  87.94 kPa 1.047E-03 g/cm³ 000 chk 27469
18/05/2021 12:15:00  17.94 °C  63.22 %  87.94 kPa 1.047E-03 g/cm³ 000 chk 46825
18/05/2021 12:16:00  17.94 °C  63.23 %  87.94 kPa 1.047E-03 g/cm³ 000 chk 58375
18/05/2021 12:17:00  17.95 °C  63.30 %  87.94 kPa 1.047E-03 g/cm³ 000 chk 26703
18/05/2021 12:18:00  17.95 °C  63.26 %  87.94 kPa 1.047E-03 g/cm³ 000 chk 34358
18/05/2021 12:19:00  17.95 °C  63.31 %  87.93 kPa 1.046E-03 g/cm³ 000 chk 33236
18/05/2021 12:20:00  17.96 °C  63.45 %  87.93 kPa 1.046E-03 g/cm³ 000 chk 46114
18/05/2021 12:21:00  17.96 °C  63.40 %  87.94 kPa 1.047E-03 g/cm³ 000 chk 59885
18/05/2021 12:22:00  17.96 °C  63.50 %  87.93 kPa 1.046E-03 g/cm³ 000 chk 63557
18/05/2021 12:23:00  17.96 °C  63.44 %  87.93 kPa 1.046E-03 g/cm³ 000 chk 59084
18/05/2021 12:24:00  17.96 °C  63.50 %  87.93 kPa 1.046E-03 g/cm³ 000 chk 51096
18/05/2021 12:25:00  17.96 °C  63.58 %  87.94 kPa 1.047E-03 g/cm³ 000 chk 60245
18/05/2021 12:26:00  17.97 °C  63.43 %  87.93 kPa 1.046E-03 g/cm³ 000 chk 62527
18/05/2021 12:27:00  17.97 °C  63.24 %  87.93 kPa 1.046E-03 g/cm³ 000 chk 23924
18/05/2021 12:28:00  17.97 °C  63.04 %  87.93 kPa 1.046E-03 g/cm³ 000 chk 23930
18/05/2021 12:29:00  17.96 °C  62.82 %  87.93 kPa 1.046E-03 g/cm³ 000 chk 55659
18/05/2021 12:30:00  17.96 °C  62.51 %  87.93 kPa 1.047E-03 g/cm³ 000 chk 11129
18/05/2021 12:31:00  17.96 °C  62.36 %  87.93 kPa 1.047E-03 g/cm³ 000 chk 33330
18/05/2021 12:32:00  17.95 °C  62.30 %  87.93 kPa 1.047E-03 g/cm³ 000 chk  8606
18/05/2021 12:33:00  17.95 °C  62.12 %  87.92 kPa 1.046E-03 g/cm³ 000 chk 10485
18/05/2021 12:34:00  17.94 °C  61.97 %  87.92 kPa 1.047E-03 g/cm³ 000 chk 33987
18/05/2021 12:35:00  17.94 °C  62.05 %  87.92 kPa 1.047E-03 g/cm³ 000 chk 17668
18/05/2021 12:36:00  17.94 °C  62.07 %  87.92 kPa 1.047E-03 g/cm³ 000 chk 24810
18/05/2021 12:37:00  17.93 °C  62.13 %  87.92 kPa 1.047E-03 g/cm³ 000 chk 19238
18/05/2021 12:38:00  17.93 °C  62.26 %  87.92 kPa 1.047E-03 g/cm³ 000 chk  4612
18/05/2021 12:39:00  17.93 °C  62.34 %  87.92 kPa 1.047E-03 g/cm³ 000 chk 57997
18/05/2021 12:40:00  17.94 °C  62.44 %  87.92 kPa 1.046E-03 g/cm³ 000 chk  2583
18/05/2021 12:41:00  17.93 °C  62.54 %  87.92 kPa 1.047E-03 g/cm³ 000 chk 21787
18/05/2021 12:42:00  17.93 °C  62.65 %  87.92 kPa 1.047E-03 g/cm³ 000 chk  1922
18/05/2021 12:43:00  17.94 °C  62.75 %  87.92 kPa 1.046E-03 g/cm³ 000 chk 22670
18/05/2021 12:44:00  17.94 °C  62.89 %  87.92 kPa 1.046E-03 g/cm³ 000 chk 20575
18/05/2021 12:45:00  17.94 °C  62.93 %  87.92 kPa 1.046E-03 g/cm³ 000 chk 18644
18/05/2021 12:46:00  17.94 °C  63.03 %  87.92 kPa 1.046E-03 g/cm³ 000 chk 26210
18/05/2021 12:47:00  17.94 °C  63.10 %  87.92 kPa 1.046E-03 g/cm³ 000 chk 31722
18/05/2021 12:48:00  17.94 °C  63.25 %  87.92 kPa 1.046E-03 g/cm³ 000 chk  8904
18/05/2021 12:49:00  17.95 °C  63.33 %  87.92 kPa 1.046E-03 g/cm³ 000 chk 14208
18/05/2021 12:50:00  17.95 °C  63.42 %  87.91 kPa 1.046E-03 g/cm³ 000 chk  5535
18/05/2021 12:51:00  17.95 °C  63.44 %  87.90 kPa 1.046E-03 g/cm³ 000 chk 43119
18/05/2021 12:52:00  17.96 °C  63.72 %  87.90 kPa 1.046E-03 g/cm³ 000 chk  2996
18/05/2021 12:53:00  17.97 °C  64.02 %  87.91 kPa 1.046E-03 g/cm³ 000 chk 14615
18/05/2021 12:54:00  17.98 °C  64.09 %  87.89 kPa 1.046E-03 g/cm³ 000 chk 32116
18/05/2021 12:55:00  17.98 °C  64.08 %  87.89 kPa 1.046E-03 g/cm³ 000 chk 15057
18/05/2021 12:56:00  17.98 °C  64.00 %  87.89 kPa 1.046E-03 g/cm³ 000 chk 27964
18/05/2021 12:57:00  17.98 °C  63.93 %  87.89 kPa 1.046E-03 g/cm³ 000 chk 33164
18/05/2021 12:58:00  17.98 °C  63.91 %  87.89 kPa 1.046E-03 g/cm³ 000 chk 56280
18/05/2021 12:59:00  17.98 °C  63.89 %  87.88 kPa 1.046E-03 g/cm³ 000 chk 40966
18/05/2021 13:00:00  17.98 °C  63.61 %  87.88 kPa 1.046E-03 g/cm³ 000 chk 57397
18/05/2021 13:01:00  17.97 °C  63.34 %  87.88 kPa 1.046E-03 g/cm³ 000 chk 10306
18/05/2021 13:02:00  17.97 °C  62.97 %  87.88 kPa 1.046E-03 g/cm³ 000 chk 29059
18/05/2021 13:03:00  17.96 °C  62.52 %  87.87 kPa 1.046E-03 g/cm³ 000 chk 63035
18/05/2021 13:04:00  17.95 °C  62.28 %  87.87 kPa 1.046E-03 g/cm³ 000 chk  9152
18/05/2021 13:05:00  17.94 °C  62.04 %  87.87 kPa 1.046E-03 g/cm³ 000 chk 17660
18/05/2021 13:06:00  17.93 °C  61.91 %  87.87 kPa 1.046E-03 g/cm³ 000 chk 42548
18/05/2021 13:07:00  17.92 °C  61.74 %  87.87 kPa 1.046E-03 g/cm³ 000 chk 50647
18/05/2021 13:08:00  17.90 °C  61.71 %  87.87 kPa 1.046E-03 g/cm³ 000 chk 65281
18/05/2021 13:09:00  17.89 °C  61.75 %  87.87 kPa 1.046E-03 g/cm³ 000 chk 12026
18/05/2021 13:10:00  17.89 °C  61.81 %  87.86 kPa 1.046E-03 g/cm³ 000 chk 58919
18/05/2021 13:11:00  17.89 °C  61.91 %  87.86 kPa 1.046E-03 g/cm³ 000 chk 36015
18/05/2021 13:12:00  17.88 °C  61.96 %  87.87 kPa 1.046E-03 g/cm³ 000 chk 22741
18/05/2021 13:13:00  17.88 °C  61.97 %  87.86 kPa 1.046E-03 g/cm³ 000 chk 58916
18/05/2021 13:14:00  17.88 °C  62.03 %  87.87 kPa 1.046E-03 g/cm³ 000 chk  3946
18/05/2021 13:15:00  17.88 °C  62.13 %  87.86 kPa 1.046E-03 g/cm³ 000 chk 40118
18/05/2021 13:16:00  17.88 °C  62.24 %  87.86 kPa 1.046E-03 g/cm³ 000 chk  8239
18/05/2021 13:17:00  17.87 °C  62.28 %  87.86 kPa 1.046E-03 g/cm³ 000 chk 60866
18/05/2021 13:18:00  17.87 °C  62.33 %  87.86 kPa 1.046E-03 g/cm³ 000 chk 29369
18/05/2021 13:19:00  17.87 °C  62.44 %  87.86 kPa 1.046E-03 g/cm³ 000 chk  7134
18/05/2021 13:20:00  17.87 °C  62.52 %  87.86 kPa 1.046E-03 g/cm³ 000 chk 18052
18/05/2021 13:21:00  17.87 °C  62.62 %  87.86 kPa 1.046E-03 g/cm³ 000 chk 60503
18/05/2021 13:22:00  17.87 °C  62.71 %  87.85 kPa 1.046E-03 g/cm³ 000 chk 44907
18/05/2021 13:23:00  17.87 °C  62.76 %  87.86 kPa 1.046E-03 g/cm³ 000 chk 19761
18/05/2021 13:24:00  17.87 °C  62.89 %  87.86 kPa 1.046E-03 g/cm³ 000 chk 13024
18/05/2021 13:25:00  17.87 °C  62.93 %  87.85 kPa 1.046E-03 g/cm³ 000 chk 24980
18/05/2021 13:26:00  17.88 °C  62.98 %  87.85 kPa 1.046E-03 g/cm³ 000 chk 47667
18/05/2021 13:27:00  17.88 °C  62.87 %  87.85 kPa 1.046E-03 g/cm³ 000 chk 15288
18/05/2021 13:28:00  17.88 °C  62.54 %  87.85 kPa 1.046E-03 g/cm³ 000 chk 19741
18/05/2021 13:29:00  17.88 °C  62.25 %  87.84 kPa 1.046E-03 g/cm³ 000 chk 13102
18/05/2021 13:30:00  17.87 °C  61.76 %  87.84 kPa 1.046E-03 g/cm³ 000 chk  3065
18/05/2021 13:31:00  17.87 °C  61.64 %  87.84 kPa 1.046E-03 g/cm³ 000 chk 64368
18/05/2021 13:32:00  17.86 °C  61.34 %  87.84 kPa 1.046E-03 g/cm³ 000 chk 54726
18/05/2021 13:33:00  17.86 °C  61.43 %  87.84 kPa 1.046E-03 g/cm³ 000 chk 48289
18/05/2021 13:34:00  17.85 °C  61.34 %  87.84 kPa 1.046E-03 g/cm³ 000 chk  6232
18/05/2021 13:35:00  17.85 °C  61.28 %  87.84 kPa 1.046E-03 g/cm³ 000 chk 61139
18/05/2021 13:36:00  17.85 °C  61.33 %  87.84 kPa 1.046E-03 g/cm³ 000 chk  3602
18/05/2021 13:37:00  17.85 °C  61.42 %  87.84 kPa 1.046E-03 g/cm³ 000 chk 35189
18/05/2021 13:38:00  17.85 °C  61.51 %  87.84 kPa 1.046E-03 g/cm³ 000 chk 65036
18/05/2021 13:39:00  17.85 °C  61.54 %  87.84 kPa 1.046E-03 g/cm³ 000 chk 52648
18/05/2021 13:40:00  17.85 °C  61.65 %  87.84 kPa 1.046E-03 g/cm³ 000 chk 15618
18/05/2021 13:41:00  17.85 °C  61.75 %  87.84 kPa 1.046E-03 g/cm³ 000 chk 22410
18/05/2021 13:42:00  17.85 °C  61.88 %  87.84 kPa 1.046E-03 g/cm³ 000 chk 39116
18/05/2021 13:43:00  17.85 °C  61.96 %  87.84 kPa 1.046E-03 g/cm³ 000 chk 62534
18/05/2021 13:44:00  17.85 °C  62.02 %  87.84 kPa 1.046E-03 g/cm³ 000 chk 58460
18/05/2021 13:45:00  17.85 °C  62.10 %  87.84 kPa 1.046E-03 g/cm³ 000 chk  5333
18/05/2021 13:46:00  17.84 °C  62.15 %  87.84 kPa 1.046E-03 g/cm³ 000 chk 41978
18/05/2021 13:47:00  17.85 °C  62.35 %  87.83 kPa 1.046E-03 g/cm³ 000 chk 13935
18/05/2021 13:48:00  17.85 °C  62.40 %  87.83 kPa 1.046E-03 g/cm³ 000 chk 45048
18/05/2021 13:49:00  17.85 °C  62.47 %  87.83 kPa 1.046E-03 g/cm³ 000 chk  1629
18/05/2021 13:50:00  17.86 °C  62.53 %  87.83 kPa 1.046E-03 g/cm³ 000 chk  1040
18/05/2021 13:51:00  17.86 °C  62.60 %  87.82 kPa 1.046E-03 g/cm³ 000 chk  8343
18/05/2021 13:52:00  17.86 °C  62.71 %  87.82 kPa 1.046E-03 g/cm³ 000 chk 45653
18/05/2021 13:53:00  17.86 °C  62.72 %  87.82 kPa 1.046E-03 g/cm³ 000 chk 28657
18/05/2021 13:54:00  17.86 °C  62.82 %  87.82 kPa 1.046E-03 g/cm³ 000 chk 64291
18/05/2021 13:55:00  17.88 °C  62.92 %  87.82 kPa 1.045E-03 g/cm³ 000 chk 64098
18/05/2021 13:56:00  17.88 °C  62.93 %  87.82 kPa 1.045E-03 g/cm³ 000 chk 43148
18/05/2021 13:57:00  17.89 °C  63.04 %  87.82 kPa 1.045E-03 g/cm³ 000 chk   432
18/05/2021 13:58:00  17.89 °C  63.10 %  87.81 kPa 1.045E-03 g/cm³ 000 chk 15927
18/05/2021 13:59:00  17.89 °C  62.96 %  87.82 kPa 1.045E-03 g/cm³ 000 chk 24601
18/05/2021 14:00:00  17.90 °C  62.72 %  87.81 kPa 1.045E-03 g/cm³ 000 chk 12809
18/05/2021 14:01:00  17.90 °C  62.37 %  87.80 kPa 1.045E-03 g/cm³ 000 chk 14412
18/05/2021 14:02:00  17.90 °C  62.11 %  87.80 kPa 1.045E-03 g/cm³ 000 chk 43512
18/05/2021 14:03:00  17.91 °C  61.90 %  87.80 kPa 1.045E-03 g/cm³ 000 chk 20179
18/05/2021 14:04:00  17.92 °C  61.89 %  87.80 kPa 1.045E-03 g/cm³ 000 chk 60614
18/05/2021 14:05:00  17.92 °C  61.68 %  87.80 kPa 1.045E-03 g/cm³ 000 chk 27364
18/05/2021 14:06:00  17.93 °C  61.75 %  87.80 kPa 1.045E-03 g/cm³ 000 chk 62949
18/05/2021 14:07:00  17.93 °C  61.73 %  87.80 kPa 1.045E-03 g/cm³ 000 chk 45377
18/05/2021 14:08:00  17.94 °C  61.73 %  87.80 kPa 1.045E-03 g/cm³ 000 chk 17489
18/05/2021 14:09:00  17.94 °C  61.81 %  87.81 kPa 1.045E-03 g/cm³ 000 chk 35851
18/05/2021 14:10:00  17.95 °C  61.88 %  87.80 kPa 1.045E-03 g/cm³ 000 chk 42431
18/05/2021 14:11:00  17.96 °C  61.96 %  87.80 kPa 1.045E-03 g/cm³ 000 chk 15222
18/05/2021 14:12:00  17.97 °C  62.06 %  87.81 kPa 1.045E-03 g/cm³ 000 chk  7535
18/05/2021 14:13:00  17.98 °C  62.23 %  87.80 kPa 1.045E-03 g/cm³ 000 chk 60558
18/05/2021 14:14:00  17.99 °C  62.36 %  87.81 kPa 1.045E-03 g/cm³ 000 chk 18511
18/05/2021 14:15:00  18.00 °C  62.44 %  87.81 kPa 1.045E-03 g/cm³ 000 chk 21914
18/05/2021 14:16:00  18.00 °C  62.51 %  87.81 kPa 1.045E-03 g/cm³ 000 chk 45913
18/05/2021 14:17:00  18.02 °C  62.65 %  87.81 kPa 1.045E-03 g/cm³ 000 chk  3592
18/05/2021 14:18:00  18.02 °C  62.82 %  87.81 kPa 1.045E-03 g/cm³ 000 chk  3291
18/05/2021 14:19:00  18.03 °C  62.97 %  87.80 kPa 1.045E-03 g/cm³ 000 chk 38855
18/05/2021 14:20:00  18.04 °C  62.95 %  87.80 kPa 1.045E-03 g/cm³ 000 chk 19445
18/05/2021 14:21:00  18.05 °C  63.03 %  87.80 kPa 1.045E-03 g/cm³ 000 chk  4040
18/05/2021 14:22:00  18.06 °C  63.42 %  87.80 kPa 1.045E-03 g/cm³ 000 chk 28624
18/05/2021 14:23:00  18.07 °C  63.56 %  87.80 kPa 1.044E-03 g/cm³ 000 chk 57432
18/05/2021 14:24:00  18.07 °C  63.55 %  87.80 kPa 1.044E-03 g/cm³ 000 chk   545
18/05/2021 14:25:00  18.08 °C  63.68 %  87.80 kPa 1.044E-03 g/cm³ 000 chk  8890
18/05/2021 14:26:00  18.09 °C  63.47 %  87.80 kPa 1.044E-03 g/cm³ 000 chk 10189
18/05/2021 14:27:00  18.09 °C  63.28 %  87.80 kPa 1.044E-03 g/cm³ 000 chk 26244
18/05/2021 14:28:00  18.10 °C  63.01 %  87.80 kPa 1.044E-03 g/cm³ 000 chk 27863
18/05/2021 14:29:00  18.10 °C  62.70 %  87.80 kPa 1.044E-03 g/cm³ 000 chk 31660
18/05/2021 14:30:00  18.10 °C  62.40 %  87.80 kPa 1.044E-03 g/cm³ 000 chk 16376
18/05/2021 14:31:00  18.10 °C  62.31 %  87.80 kPa 1.044E-03 g/cm³ 000 chk 47263
18/05/2021 14:32:00  18.10 °C  62.24 %  87.80 kPa 1.044E-03 g/cm³ 000 chk 24156
18/05/2021 14:33:00  18.10 °C  62.16 %  87.80 kPa 1.045E-03 g/cm³ 000 chk 28239
18/05/2021 14:34:00  18.10 °C  62.12 %  87.80 kPa 1.045E-03 g/cm³ 000 chk 36663
18/05/2021 14:35:00  18.10 °C  62.06 %  87.80 kPa 1.045E-03 g/cm³ 000 chk 37310
18/05/2021 14:36:00  18.10 °C  62.21 %  87.80 kPa 1.045E-03 g/cm³ 000 chk 60683
18/05/2021 14:37:00  18.10 °C  62.29 %  87.80 kPa 1.044E-03 g/cm³ 000 chk 44908
18/05/2021 14:38:00  18.10 °C  62.33 %  87.79 kPa 1.044E-03 g/cm³ 000 chk 28364
18/05/2021 14:39:00  18.11 °C  62.37 %  87.79 kPa 1.044E-03 g/cm³ 000 chk  8617
18/05/2021 14:40:00  18.11 °C  62.43 %  87.79 kPa 1.044E-03 g/cm³ 000 chk 34998
18/05/2021 14:41:00  18.11 °C  62.55 %  87.79 kPa 1.044E-03 g/cm³ 000 chk  3134
18/05/2021 14:42:00  18.12 °C  62.71 %  87.79 kPa 1.044E-03 g/cm³ 000 chk 62920
18/05/2021 14:43:00  18.12 °C  62.76 %  87.79 kPa 1.044E-03 g/cm³ 000 chk 23661
18/05/2021 14:44:00  18.13 °C  62.85 %  87.79 kPa 1.044E-03 g/cm³ 000 chk 11903
18/05/2021 14:45:00  18.13 °C  63.00 %  87.79 kPa 1.044E-03 g/cm³ 000 chk 19630
18/05/2021 14:46:00  18.14 °C  63.00 %  87.79 kPa 1.044E-03 g/cm³ 000 chk 50692
18/05/2021 14:47:00  18.15 °C  63.11 %  87.79 kPa 1.044E-03 g/cm³ 000 chk 53325
18/05/2021 14:48:00  18.16 °C  63.13 %  87.80 kPa 1.044E-03 g/cm³ 000 chk 52096
18/05/2021 14:49:00  18.16 °C  63.34 %  87.80 kPa 1.044E-03 g/cm³ 000 chk 41598
18/05/2021 14:50:00  18.17 °C  63.47 %  87.80 kPa 1.044E-03 g/cm³ 000 chk 49247
18/05/2021 14:51:00  18.18 °C  63.54 %  87.80 kPa 1.044E-03 g/cm³ 000 chk  9885
18/05/2021 14:52:00  18.18 °C  63.61 %  87.80 kPa 1.044E-03 g/cm³ 000 chk     5
18/05/2021 14:53:00  18.18 °C  63.67 %  87.80 kPa 1.044E-03 g/cm³ 000 chk 17569
18/05/2021 14:54:00  18.18 °C  63.68 %  87.79 kPa 1.044E-03 g/cm³ 000 chk 35073
18/05/2021 14:55:00  18.18 °C  63.72 %  87.79 kPa 1.044E-03 g/cm³ 000 chk 37258
18/05/2021 14:56:00  18.19 °C  63.76 %  87.79 kPa 1.044E-03 g/cm³ 000 chk 52132
18/05/2021 14:57:00  18.19 °C  63.79 %  87.79 kPa 1.044E-03 g/cm³ 000 chk 35331
18/05/2021 14:58:00  18.20 °C  63.81 %  87.79 kPa 1.044E-03 g/cm³ 000 chk  3459
18/05/2021 14:59:00  18.20 °C  63.91 %  87.79 kPa 1.044E-03 g/cm³ 000 chk 26379
18/05/2021 15:00:00  18.20 °C  63.77 %  87.79 kPa 1.044E-03 g/cm³ 000 chk  8506
18/05/2021 15:01:00  18.20 °C  63.64 %  87.79 kPa 1.044E-03 g/cm³ 000 chk 15538
18/05/2021 15:02:00  18.20 °C  63.29 %  87.79 kPa 1.044E-03 g/cm³ 000 chk 13034
18/05/2021 15:03:00  18.20 °C  63.11 %  87.79 kPa 1.044E-03 g/cm³ 000 chk 28731
18/05/2021 15:04:00  18.20 °C  62.83 %  87.80 kPa 1.044E-03 g/cm³ 000 chk 24000
18/05/2021 15:05:00  18.20 °C  62.53 %  87.79 kPa 1.044E-03 g/cm³ 000 chk 34126
18/05/2021 15:06:00  18.20 °C  62.47 %  87.79 kPa 1.044E-03 g/cm³ 000 chk 36492
18/05/2021 15:07:00  18.20 °C  62.47 %  87.79 kPa 1.044E-03 g/cm³ 000 chk  9256
18/05/2021 15:08:00  18.20 °C  62.56 %  87.79 kPa 1.044E-03 g/cm³ 000 chk 51536
18/05/2021 15:09:00  18.20 °C  62.49 %  87.79 kPa 1.044E-03 g/cm³ 000 chk 18651
18/05/2021 15:10:00  18.20 °C  62.42 %  87.79 kPa 1.044E-03 g/cm³ 000 chk 37882
18/05/2021 15:11:00  18.21 °C  62.42 %  87.79 kPa 1.044E-03 g/cm³ 000 chk 43166
18/05/2021 15:12:00  18.21 °C  62.42 %  87.79 kPa 1.044E-03 g/cm³ 000 chk  6001
18/05/2021 15:13:00  18.21 °C  62.51 %  87.78 kPa 1.044E-03 g/cm³ 000 chk 62381
18/05/2021 15:14:00  18.21 °C  62.57 %  87.78 kPa 1.044E-03 g/cm³ 000 chk 35028
18/05/2021 15:15:00  18.22 °C  62.57 %  87.78 kPa 1.044E-03 g/cm³ 000 chk 53299
18/05/2021 15:16:00  18.22 °C  62.62 %  87.78 kPa 1.044E-03 g/cm³ 000 chk 63147
18/05/2021 15:17:00  18.22 °C  62.69 %  87.78 kPa 1.044E-03 g/cm³ 000 chk 49933
18/05/2021 15:18:00  18.23 °C  62.79 %  87.78 kPa 1.044E-03 g/cm³ 000 chk 21172
18/05/2021 15:19:00  18.23 °C  62.83 %  87.78 kPa 1.044E-03 g/cm³ 000 chk 35768
18/05/2021 15:20:00  18.24 °C  62.96 %  87.78 kPa 1.044E-03 g/cm³ 000 chk 38055
18/05/2021 15:21:00  18.24 °C  63.02 %  87.78 kPa 1.044E-03 g/cm³ 000 chk 56155
18/05/2021 15:22:00  18.25 °C  63.18 %  87.78 kPa 1.043E-03 g/cm³ 000 chk 17692
18/05/2021 15:23:00  18.25 °C  63.27 %  87.78 kPa 1.043E-03 g/cm³ 000 chk  1228
18/05/2021 15:24:00  18.26 °C  63.27 %  87.79 kPa 1.044E-03 g/cm³ 000 chk 39141
18/05/2021 15:25:00  18.26 °C  63.37 %  87.79 kPa 1.044E-03 g/cm³ 000 chk 62061
18/05/2021 15:26:00  18.27 °C  63.53 %  87.79 kPa 1.044E-03 g/cm³ 000 chk 43181
18/05/2021 15:27:00  18.27 °C  63.56 %  87.79 kPa 1.043E-03 g/cm³ 000 chk 39246
18/05/2021 15:28:00  18.27 °C  63.73 %  87.79 kPa 1.043E-03 g/cm³ 000 chk    64
18/05/2021 15:29:00  18.28 °C  63.83 %  87.79 kPa 1.043E-03 g/cm³ 000 chk 20485
18/05/2021 15:30:00  18.28 °C  64.00 %  87.79 kPa 1.043E-03 g/cm³ 000 chk 37406
18/05/2021 15:31:00  18.29 °C  63.87 %  87.79 kPa 1.043E-03 g/cm³ 000 chk 23363
18/05/2021 15:32:00  18.29 °C  63.79 %  87.79 kPa 1.043E-03 g/cm³ 000 chk 58117
18/05/2021 15:33:00  18.29 °C  63.58 %  87.79 kPa 1.043E-03 g/cm³ 000 chk 25851
18/05/2021 15:34:00  18.29 °C  63.25 %  87.80 kPa 1.044E-03 g/cm³ 000 chk 61919
18/05/2021 15:35:00  18.29 °C  62.90 %  87.80 kPa 1.044E-03 g/cm³ 000 chk 37753
18/05/2021 15:36:00  18.28 °C  62.59 %  87.80 kPa 1.044E-03 g/cm³ 000 chk 47497
18/05/2021 15:37:00  18.27 °C  62.42 %  87.80 kPa 1.044E-03 g/cm³ 000 chk 46921
18/05/2021 15:38:00  18.27 °C  62.26 %  87.80 kPa 1.044E-03 g/cm³ 000 chk  1011
18/05/2021 15:39:00  18.26 °C  62.12 %  87.80 kPa 1.044E-03 g/cm³ 000 chk 19681
18/05/2021 15:40:00  18.25 °C  62.04 %  87.80 kPa 1.044E-03 g/cm³ 000 chk 36178
18/05/2021 15:41:00  18.25 °C  61.97 %  87.80 kPa 1.044E-03 g/cm³ 000 chk 41364
18/05/2021 15:42:00  18.24 °C  61.99 %  87.80 kPa 1.044E-03 g/cm³ 000 chk 35257
18/05/2021 15:43:00  18.23 °C  61.92 %  87.80 kPa 1.044E-03 g/cm³ 000 chk 35162
18/05/2021 15:44:00  18.23 °C  62.00 %  87.80 kPa 1.044E-03 g/cm³ 000 chk 30528
18/05/2021 15:45:00  18.23 °C  62.04 %  87.81 kPa 1.044E-03 g/cm³ 000 chk 20657
18/05/2021 15:46:00  18.23 °C  62.02 %  87.81 kPa 1.044E-03 g/cm³ 000 chk   350
18/05/2021 15:47:00  18.22 °C  61.97 %  87.81 kPa 1.044E-03 g/cm³ 000 chk 21080
18/05/2021 15:48:00  18.22 °C  62.10 %  87.82 kPa 1.044E-03 g/cm³ 000 chk 60349
18/05/2021 15:49:00  18.21 °C  62.10 %  87.82 kPa 1.044E-03 g/cm³ 000 chk 45914
18/05/2021 15:50:00  18.21 °C  62.08 %  87.82 kPa 1.044E-03 g/cm³ 000 chk 57175
18/05/2021 15:51:00  18.22 °C  62.12 %  87.82 kPa 1.044E-03 g/cm³ 000 chk 13727
18/05/2021 15:52:00  18.22 °C  62.14 %  87.82 kPa 1.044E-03 g/cm³ 000 chk 25712
18/05/2021 15:53:00  18.21 °C  62.16 %  87.82 kPa 1.044E-03 g/cm³ 000 chk 42646
18/05/2021 15:54:00  18.21 °C  62.20 %  87.82 kPa 1.044E-03 g/cm³ 000 chk 56728
18/05/2021 15:55:00  18.22 °C  62.26 %  87.82 kPa 1.044E-03 g/cm³ 000 chk 27519
18/05/2021 15:56:00  18.22 °C  62.31 %  87.82 kPa 1.044E-03 g/cm³ 000 chk  6077
18/05/2021 15:57:00  18.22 °C  62.34 %  87.82 kPa 1.044E-03 g/cm³ 000 chk  9241
18/05/2021 15:58:00  18.22 °C  62.41 %  87.82 kPa 1.044E-03 g/cm³ 000 chk 48526
18/05/2021 15:59:00  18.23 °C  62.46 %  87.83 kPa 1.044E-03 g/cm³ 000 chk 31935
18/05/2021 16:00:00  18.23 °C  62.51 %  87.83 kPa 1.044E-03 g/cm³ 000 chk 20570
18/05/2021 16:01:00  18.24 °C  62.51 %  87.82 kPa 1.044E-03 g/cm³ 000 chk 14063
18/05/2021 16:02:00  18.24 °C  62.63 %  87.82 kPa 1.044E-03 g/cm³ 000 chk  4982
18/05/2021 16:03:00  18.25 °C  62.59 %  87.82 kPa 1.044E-03 g/cm³ 000 chk 23142
18/05/2021 16:04:00  18.25 °C  62.58 %  87.82 kPa 1.044E-03 g/cm³ 000 chk  8734
18/05/2021 16:05:00  18.24 °C  62.59 %  87.82 kPa 1.044E-03 g/cm³ 000 chk 62587
18/05/2021 16:06:00  18.24 °C  62.58 %  87.82 kPa 1.044E-03 g/cm³ 000 chk 42645
18/05/2021 16:07:00  18.24 °C  62.57 %  87.82 kPa 1.044E-03 g/cm³ 000 chk 59186
18/05/2021 16:08:00  18.25 °C  62.64 %  87.82 kPa 1.044E-03 g/cm³ 000 chk 49616
18/05/2021 16:09:00  18.25 °C  62.72 %  87.82 kPa 1.044E-03 g/cm³ 000 chk 17752
18/05/2021 16:10:00  18.26 °C  62.72 %  87.82 kPa 1.044E-03 g/cm³ 000 chk 62264
18/05/2021 16:11:00  18.26 °C  62.66 %  87.83 kPa 1.044E-03 g/cm³ 000 chk  5349
18/05/2021 16:12:00  18.26 °C  62.62 %  87.82 kPa 1.044E-03 g/cm³ 000 chk  9823
18/05/2021 16:13:00  18.26 °C  62.65 %  87.83 kPa 1.044E-03 g/cm³ 000 chk 30382
18/05/2021 16:14:00  18.26 °C  62.59 %  87.82 kPa 1.044E-03 g/cm³ 000 chk 34551
18/05/2021 16:15:00  18.26 °C  62.51 %  87.82 kPa 1.044E-03 g/cm³ 000 chk 50257
18/05/2021 16:16:00  18.25 °C  62.45 %  87.82 kPa 1.044E-03 g/cm³ 000 chk 15824
18/05/2021 16:17:00  18.25 °C  62.42 %  87.82 kPa 1.044E-03 g/cm³ 000 chk 38005
18/05/2021 16:18:00  18.25 °C  62.40 %  87.82 kPa 1.044E-03 g/cm³ 000 chk 52769
18/05/2021 16:19:00  18.24 °C  62.38 %  87.82 kPa 1.044E-03 g/cm³ 000 chk 56709
18/05/2021 16:20:00  18.24 °C  62.30 %  87.81 kPa 1.044E-03 g/cm³ 000 chk  3342
18/05/2021 16:21:00  18.23 °C  62.27 %  87.81 kPa 1.044E-03 g/cm³ 000 chk 20930
18/05/2021 16:22:00  18.23 °C  62.23 %  87.81 kPa 1.044E-03 g/cm³ 000 chk 39468
18/05/2021 16:23:00  18.22 °C  62.17 %  87.81 kPa 1.044E-03 g/cm³ 000 chk 54590
18/05/2021 16:24:00  18.22 °C  62.14 %  87.81 kPa 1.044E-03 g/cm³ 000 chk 14151
18/05/2021 16:25:00  18.22 °C  62.03 %  87.82 kPa 1.044E-03 g/cm³ 000 chk  5425
18/05/2021 16:26:00  18.21 °C  62.02 %  87.82 kPa 1.044E-03 g/cm³ 000 chk 46492
18/05/2021 16:27:00  18.21 °C  62.06 %  87.82 kPa 1.044E-03 g/cm³ 000 chk 27449
18/05/2021 16:28:00  18.20 °C  62.04 %  87.82 kPa 1.044E-03 g/cm³ 000 chk 41133
18/05/2021 16:29:00  18.20 °C  62.06 %  87.82 kPa 1.044E-03 g/cm³ 000 chk 36872
18/05/2021 16:30:00  18.20 °C  61.97 %  87.82 kPa 1.044E-03 g/cm³ 000 chk 51272
18/05/2021 16:31:00  18.19 °C  61.97 %  87.82 kPa 1.044E-03 g/cm³ 000 chk 52368
18/05/2021 16:32:00  18.19 °C  61.89 %  87.82 kPa 1.044E-03 g/cm³ 000 chk 46417
18/05/2021 16:33:00  18.19 °C  61.83 %  87.82 kPa 1.044E-03 g/cm³ 000 chk 28150
18/05/2021 16:34:00  18.18 °C  61.88 %  87.82 kPa 1.044E-03 g/cm³ 000 chk 63053
18/05/2021 16:35:00  18.18 °C  61.82 %  87.82 kPa 1.044E-03 g/cm³ 000 chk 12010
18/05/2021 16:36:00  18.17 °C  61.75 %  87.82 kPa 1.044E-03 g/cm³ 000 chk 26853
18/05/2021 16:37:00  18.17 °C  61.79 %  87.82 kPa 1.044E-03 g/cm³ 000 chk 24130
18/05/2021 16:38:00  18.17 °C  61.80 %  87.82 kPa 1.044E-03 g/cm³ 000 chk 39615
18/05/2021 16:39:00  18.17 °C  61.79 %  87.82 kPa 1.044E-03 g/cm³ 000 chk 13491
18/05/2021 16:40:00  18.16 °C  61.76 %  87.83 kPa 1.045E-03 g/cm³ 000 chk 43577
18/05/2021 16:41:00  18.16 °C  61.78 %  87.83 kPa 1.045E-03 g/cm³ 000 chk  1695
18/05/2021 16:42:00  18.16 °C  61.72 %  87.83 kPa 1.045E-03 g/cm³ 000 chk 52083
18/05/2021 16:43:00  18.16 °C  61.56 %  87.83 kPa 1.045E-03 g/cm³ 000 chk 54669
18/05/2021 16:44:00  18.16 °C  61.67 %  87.83 kPa 1.045E-03 g/cm³ 000 chk 44418
18/05/2021 16:45:00  18.15 °C  61.58 %  87.83 kPa 1.045E-03 g/cm³ 000 chk  7697
18/05/2021 16:46:00  18.16 °C  61.62 %  87.83 kPa 1.045E-03 g/cm³ 000 chk  8649
18/05/2021 16:47:00  18.16 °C  61.68 %  87.83 kPa 1.045E-03 g/cm³ 000 chk 63854
18/05/2021 16:48:00  18.16 °C  61.73 %  87.83 kPa 1.045E-03 g/cm³ 000 chk 26133
18/05/2021 16:49:00  18.15 °C  61.81 %  87.83 kPa 1.045E-03 g/cm³ 000 chk 42328
18/05/2021 16:50:00  18.15 °C  61.80 %  87.83 kPa 1.045E-03 g/cm³ 000 chk  3194
18/05/2021 16:51:00  18.15 °C  61.84 %  87.83 kPa 1.045E-03 g/cm³ 000 chk 53983
18/05/2021 16:52:00  18.15 °C  61.85 %  87.83 kPa 1.045E-03 g/cm³ 000 chk 32817
18/05/2021 16:53:00  18.15 °C  61.84 %  87.84 kPa 1.045E-03 g/cm³ 000 chk 43326
18/05/2021 16:54:00  18.15 °C  61.92 %  87.84 kPa 1.045E-03 g/cm³ 000 chk  4715
18/05/2021 16:55:00  18.16 °C  61.91 %  87.84 kPa 1.045E-03 g/cm³ 000 chk 15756
18/05/2021 16:56:00  18.16 °C  61.96 %  87.84 kPa 1.045E-03 g/cm³ 000 chk 33122
18/05/2021 16:57:00  18.16 °C  61.98 %  87.84 kPa 1.045E-03 g/cm³ 000 chk 11716
18/05/2021 16:58:00  18.16 °C  62.03 %  87.84 kPa 1.045E-03 g/cm³ 000 chk 33777
18/05/2021 16:59:00  18.16 °C  62.15 %  87.84 kPa 1.045E-03 g/cm³ 000 chk  1913
18/05/2021 17:00:00  18.17 °C  62.04 %  87.85 kPa 1.045E-03 g/cm³ 000 chk 11126
18/05/2021 17:01:00  18.17 °C  62.01 %  87.85 kPa 1.045E-03 g/cm³ 000 chk  6354
18/05/2021 17:02:00  18.17 °C  61.90 %  87.85 kPa 1.045E-03 g/cm³ 000 chk 47966
18/05/2021 17:03:00  18.17 °C  61.91 %  87.85 kPa 1.045E-03 g/cm³ 000 chk 64763
18/05/2021 17:04:00  18.16 °C  61.90 %  87.85 kPa 1.045E-03 g/cm³ 000 chk  5443
18/05/2021 17:05:00  18.17 °C  61.89 %  87.85 kPa 1.045E-03 g/cm³ 000 chk 60168
18/05/2021 17:06:00  18.17 °C  61.99 %  87.85 kPa 1.045E-03 g/cm³ 000 chk 38091
18/05/2021 17:07:00  18.17 °C  61.98 %  87.85 kPa 1.045E-03 g/cm³ 000 chk 54126
18/05/2021 17:08:00  18.17 °C  61.97 %  87.85 kPa 1.045E-03 g/cm³ 000 chk 63544
18/05/2021 17:09:00  18.17 °C  61.99 %  87.86 kPa 1.045E-03 g/cm³ 000 chk  8033
18/05/2021 17:10:00  18.17 °C  61.93 %  87.86 kPa 1.045E-03 g/cm³ 000 chk 10561
18/05/2021 17:11:00  18.17 °C  61.94 %  87.86 kPa 1.045E-03 g/cm³ 000 chk 32996
18/05/2021 17:12:00  18.17 °C  61.86 %  87.86 kPa 1.045E-03 g/cm³ 000 chk 25894
18/05/2021 17:13:00  18.17 °C  61.82 %  87.86 kPa 1.045E-03 g/cm³ 000 chk 48003
18/05/2021 17:14:00  18.17 °C  61.78 %  87.86 kPa 1.045E-03 g/cm³ 000 chk 23890
18/05/2021 17:15:00  18.17 °C  61.79 %  87.86 kPa 1.045E-03 g/cm³ 000 chk  6903
18/05/2021 17:16:00  18.17 °C  61.80 %  87.86 kPa 1.045E-03 g/cm³ 000 chk 41392
18/05/2021 17:17:00  18.17 °C  61.82 %  87.85 kPa 1.045E-03 g/cm³ 000 chk 56042
18/05/2021 17:18:00  18.17 °C  61.83 %  87.85 kPa 1.045E-03 g/cm³ 000 chk 63422
18/05/2021 17:19:00  18.17 °C  61.79 %  87.85 kPa 1.045E-03 g/cm³ 000 chk 11954
18/05/2021 17:20:00  18.16 °C  61.72 %  87.85 kPa 1.045E-03 g/cm³ 000 chk 21254
18/05/2021 17:21:00  18.16 °C  61.77 %  87.85 kPa 1.045E-03 g/cm³ 000 chk 24738
18/05/2021 17:22:00  18.16 °C  61.74 %  87.85 kPa 1.045E-03 g/cm³ 000 chk 43085
18/05/2021 17:23:00  18.16 °C  61.66 %  87.85 kPa 1.045E-03 g/cm³ 000 chk 22724
18/05/2021 17:24:00  18.16 °C  61.67 %  87.85 kPa 1.045E-03 g/cm³ 000 chk  8380
18/05/2021 17:25:00  18.16 °C  61.66 %  87.85 kPa 1.045E-03 g/cm³ 000 chk 26393
18/05/2021 17:26:00  18.16 °C  61.62 %  87.85 kPa 1.045E-03 g/cm³ 000 chk 44279
18/05/2021 17:27:00  18.15 °C  61.56 %  87.84 kPa 1.045E-03 g/cm³ 000 chk 31026
18/05/2021 17:28:00  18.16 °C  61.57 %  87.85 kPa 1.045E-03 g/cm³ 000 chk 24433
18/05/2021 17:29:00  18.15 °C  61.56 %  87.85 kPa 1.045E-03 g/cm³ 000 chk 60055
18/05/2021 17:30:00  18.15 °C  61.52 %  87.85 kPa 1.045E-03 g/cm³ 000 chk 55989
18/05/2021 17:31:00  18.16 °C  61.49 %  87.85 kPa 1.045E-03 g/cm³ 000 chk 56700
18/05/2021 17:32:00  18.15 °C  61.36 %  87.85 kPa 1.045E-03 g/cm³ 000 chk 47889
18/05/2021 17:33:00  18.16 °C  61.32 %  87.86 kPa 1.045E-03 g/cm³ 000 chk 56328
18/05/2021 17:34:00  18.15 °C  61.19 %  87.86 kPa 1.045E-03 g/cm³ 000 chk 58475
18/05/2021 17:35:00  18.15 °C  61.14 %  87.86 kPa 1.045E-03 g/cm³ 000 chk 16333
18/05/2021 17:36:00  18.15 °C  61.13 %  87.86 kPa 1.045E-03 g/cm³ 000 chk 33571
18/05/2021 17:37:00  18.15 °C  61.16 %  87.86 kPa 1.045E-03 g/cm³ 000 chk 45191
18/05/2021 17:38:00  18.15 °C  61.27 %  87.86 kPa 1.045E-03 g/cm³ 000 chk 40356
18/05/2021 17:39:00  18.15 °C  61.22 %  87.86 kPa 1.045E-03 g/cm³ 000 chk 44544
18/05/2021 17:40:00  18.14 °C  61.18 %  87.86 kPa 1.045E-03 g/cm³ 000 chk 20584
18/05/2021 17:41:00  18.14 °C  61.24 %  87.86 kPa 1.045E-03 g/cm³ 000 chk 26296
18/05/2021 17:42:00  18.14 °C  60.99 %  87.86 kPa 1.045E-03 g/cm³ 000 chk 63831
18/05/2021 17:43:00  18.14 °C  60.97 %  87.86 kPa 1.045E-03 g/cm³ 000 chk 22001
18/05/2021 17:44:00  18.14 °C  60.97 %  87.86 kPa 1.045E-03 g/cm³ 000 chk 49288
18/05/2021 17:45:00  18.14 °C  60.98 %  87.86 kPa 1.045E-03 g/cm³ 000 chk 33071
18/05/2021 17:46:00  18.14 °C  61.02 %  87.86 kPa 1.045E-03 g/cm³ 000 chk 56730
18/05/2021 17:47:00  18.14 °C  61.01 %  87.86 kPa 1.045E-03 g/cm³ 000 chk    62
18/05/2021 17:48:00  18.14 °C  60.99 %  87.87 kPa 1.045E-03 g/cm³ 000 chk 16484
18/05/2021 17:49:00  18.14 °C  61.00 %  87.87 kPa 1.045E-03 g/cm³ 000 chk 32410
18/05/2021 17:50:00  18.13 °C  60.94 %  87.87 kPa 1.045E-03 g/cm³ 000 chk 60068
18/05/2021 17:51:00  18.13 °C  60.95 %  87.87 kPa 1.045E-03 g/cm³ 000 chk 44289
18/05/2021 17:52:00  18.13 °C  60.86 %  87.87 kPa 1.045E-03 g/cm³ 000 chk 42434
18/05/2021 17:53:00  18.12 °C  60.80 %  87.87 kPa 1.045E-03 g/cm³ 000 chk 28838
18/05/2021 17:54:00  18.12 °C  60.87 %  87.87 kPa 1.045E-03 g/cm³ 000 chk 59102
18/05/2021 17:55:00  18.12 °C  60.92 %  87.87 kPa 1.045E-03 g/cm³ 000 chk  5462
18/05/2021 17:56:00  18.12 °C  60.99 %  87.87 kPa 1.045E-03 g/cm³ 000 chk 13755
18/05/2021 17:57:00  18.12 °C  61.02 %  87.88 kPa 1.045E-03 g/cm³ 000 chk 46404
18/05/2021 17:58:00  18.12 °C  61.00 %  87.87 kPa 1.045E-03 g/cm³ 000 chk 51984
18/05/2021 17:59:00  18.12 °C  60.85 %  87.88 kPa 1.046E-03 g/cm³ 000 chk 35970
18/05/2021 18:00:00  18.12 °C  60.81 %  87.88 kPa 1.046E-03 g/cm³ 000 chk 49738
18/05/2021 18:01:00  18.12 °C  60.82 %  87.88 kPa 1.046E-03 g/cm³ 000 chk  8174
18/05/2021 18:02:00  18.12 °C  60.79 %  87.88 kPa 1.046E-03 g/cm³ 000 chk 16040
18/05/2021 18:03:00  18.12 °C  60.81 %  87.88 kPa 1.046E-03 g/cm³ 000 chk 32165
18/05/2021 18:04:00  18.12 °C  60.80 %  87.88 kPa 1.046E-03 g/cm³ 000 chk  1501
18/05/2021 18:05:00  18.12 °C  60.85 %  87.88 kPa 1.046E-03 g/cm³ 000 chk 13945
18/05/2021 18:06:00  18.12 °C  60.89 %  87.88 kPa 1.046E-03 g/cm³ 000 chk  5525
18/05/2021 18:07:00  18.12 °C  60.81 %  87.88 kPa 1.046E-03 g/cm³ 000 chk 22323
18/05/2021 18:08:00  18.12 °C  60.73 %  87.89 kPa 1.046E-03 g/cm³ 000 chk 62872
18/05/2021 18:09:00  18.12 °C  60.77 %  87.89 kPa 1.046E-03 g/cm³ 000 chk 11069
18/05/2021 18:10:00  18.12 °C  60.63 %  87.89 kPa 1.046E-03 g/cm³ 000 chk 56115
18/05/2021 18:11:00  18.12 °C  60.65 %  87.89 kPa 1.046E-03 g/cm³ 000 chk 40855
18/05/2021 18:12:00  18.11 °C  60.64 %  87.89 kPa 1.046E-03 g/cm³ 000 chk 16186
18/05/2021 18:13:00  18.11 °C  60.60 %  87.90 kPa 1.046E-03 g/cm³ 000 chk 44441
18/05/2021 18:14:00  18.11 °C  60.56 %  87.90 kPa 1.046E-03 g/cm³ 000 chk 54935
18/05/2021 18:15:00  18.11 °C  60.42 %  87.90 kPa 1.046E-03 g/cm³ 000 chk 51230
18/05/2021 18:16:00  18.11 °C  60.56 %  87.90 kPa 1.046E-03 g/cm³ 000 chk 50140
18/05/2021 18:17:00  18.11 °C  60.55 %  87.90 kPa 1.046E-03 g/cm³ 000 chk  7800
18/05/2021 18:18:00  18.11 °C  60.49 %  87.90 kPa 1.046E-03 g/cm³ 000 chk 33282
18/05/2021 18:19:00  18.11 °C  60.52 %  87.90 kPa 1.046E-03 g/cm³ 000 chk 30600
18/05/2021 18:20:00  18.12 °C  60.53 %  87.90 kPa 1.046E-03 g/cm³ 000 chk  7100
18/05/2021 18:21:00  18.11 °C  60.45 %  87.91 kPa 1.046E-03 g/cm³ 000 chk 37923
18/05/2021 18:22:00  18.11 °C  60.49 %  87.91 kPa 1.046E-03 g/cm³ 000 chk 47055
18/05/2021 18:23:00  18.11 °C  60.48 %  87.91 kPa 1.046E-03 g/cm³ 000 chk 61546
18/05/2021 18:24:00  18.11 °C  60.51 %  87.91 kPa 1.046E-03 g/cm³ 000 chk 41020
18/05/2021 18:25:00  18.11 °C  60.52 %  87.91 kPa 1.046E-03 g/cm³ 000 chk 32152
18/05/2021 18:26:00  18.11 °C  60.59 %  87.91 kPa 1.046E-03 g/cm³ 000 chk 23925
18/05/2021 18:27:00  18.11 °C  60.58 %  87.91 kPa 1.046E-03 g/cm³ 000 chk  6864
18/05/2021 18:28:00  18.11 °C  60.65 %  87.91 kPa 1.046E-03 g/cm³ 000 chk 44016
18/05/2021 18:29:00  18.11 °C  60.57 %  87.91 kPa 1.046E-03 g/cm³ 000 chk 39714
18/05/2021 18:30:00  18.12 °C  60.48 %  87.91 kPa 1.046E-03 g/cm³ 000 chk  1645
18/05/2021 18:31:00  18.12 °C  60.48 %  87.91 kPa 1.046E-03 g/cm³ 000 chk 44233
18/05/2021 18:32:00  18.11 °C  60.45 %  87.91 kPa 1.046E-03 g/cm³ 000 chk 36967
18/05/2021 18:33:00  18.11 °C  60.46 %  87.91 kPa 1.046E-03 g/cm³ 000 chk 19907
18/05/2021 18:34:00  18.11 °C  60.50 %  87.92 kPa 1.046E-03 g/cm³ 000 chk 48489
18/05/2021 18:35:00  18.11 °C  60.57 %  87.92 kPa 1.046E-03 g/cm³ 000 chk  5324
18/05/2021 18:36:00  18.11 °C  60.65 %  87.92 kPa 1.046E-03 g/cm³ 000 chk 12629
18/05/2021 18:37:00  18.12 °C  60.64 %  87.92 kPa 1.046E-03 g/cm³ 000 chk 33971
18/05/2021 18:38:00  18.12 °C  60.66 %  87.92 kPa 1.046E-03 g/cm³ 000 chk 57063
18/05/2021 18:39:00  18.12 °C  60.51 %  87.92 kPa 1.046E-03 g/cm³ 000 chk 30517
18/05/2021 18:40:00  18.12 °C  60.42 %  87.92 kPa 1.046E-03 g/cm³ 000 chk 56773
18/05/2021 18:41:00  18.11 °C  60.39 %  87.92 kPa 1.046E-03 g/cm³ 000 chk 56034
18/05/2021 18:42:00  18.12 °C  60.36 %  87.92 kPa 1.046E-03 g/cm³ 000 chk 31821
18/05/2021 18:43:00  18.12 °C  60.32 %  87.92 kPa 1.046E-03 g/cm³ 000 chk 41704
18/05/2021 18:44:00  18.11 °C  60.42 %  87.92 kPa 1.046E-03 g/cm³ 000 chk  1296
18/05/2021 18:45:00  18.11 °C  60.35 %  87.92 kPa 1.046E-03 g/cm³ 000 chk 27767
18/05/2021 18:46:00  18.11 °C  60.33 %  87.92 kPa 1.046E-03 g/cm³ 000 chk 15768
18/05/2021 18:47:00  18.11 °C  60.32 %  87.92 kPa 1.046E-03 g/cm³ 000 chk 31293
18/05/2021 18:48:00  18.11 °C  60.35 %  87.92 kPa 1.046E-03 g/cm³ 000 chk 47465
18/05/2021 18:49:00  18.11 °C  60.27 %  87.92 kPa 1.046E-03 g/cm³ 000 chk 18912
18/05/2021 18:50:00  18.10 °C  60.26 %  87.92 kPa 1.046E-03 g/cm³ 000 chk 28930
18/05/2021 18:51:00  18.10 °C  60.23 %  87.92 kPa 1.046E-03 g/cm³ 000 chk 17062
18/05/2021 18:52:00  18.10 °C  60.25 %  87.92 kPa 1.046E-03 g/cm³ 000 chk  4937
18/05/2021 18:53:00  18.10 °C  60.30 %  87.92 kPa 1.046E-03 g/cm³ 000 chk 57537
18/05/2021 18:54:00  18.10 °C  60.25 %  87.92 kPa 1.046E-03 g/cm³ 000 chk 11412
18/05/2021 18:55:00  18.10 °C  60.25 %  87.92 kPa 1.046E-03 g/cm³ 000 chk 34352
18/05/2021 18:56:00  18.10 °C  60.33 %  87.92 kPa 1.046E-03 g/cm³ 000 chk  6131
18/05/2021 18:57:00  18.10 °C  60.26 %  87.92 kPa 1.046E-03 g/cm³ 000 chk 58491
18/05/2021 18:58:00  18.10 °C  60.20 %  87.92 kPa 1.046E-03 g/cm³ 000 chk 51758
18/05/2021 18:59:00  18.10 °C  60.24 %  87.92 kPa 1.046E-03 g/cm³ 000 chk  5259
18/05/2021 19:00:00  18.10 °C  60.14 %  87.92 kPa 1.046E-03 g/cm³ 000 chk 32074
18/05/2021 19:01:00  18.10 °C  60.07 %  87.92 kPa 1.046E-03 g/cm³ 000 chk 24770
18/05/2021 19:02:00  18.09 °C  60.03 %  87.92 kPa 1.046E-03 g/cm³ 000 chk 42098
18/05/2021 19:03:00  18.10 °C  60.11 %  87.92 kPa 1.046E-03 g/cm³ 000 chk 23461
18/05/2021 19:04:00  18.10 °C  60.11 %  87.92 kPa 1.046E-03 g/cm³ 000 chk 52956
18/05/2021 19:05:00  18.10 °C  60.18 %  87.92 kPa 1.046E-03 g/cm³ 000 chk 24955
18/05/2021 19:06:00  18.10 °C  60.22 %  87.92 kPa 1.046E-03 g/cm³ 000 chk 44256
18/05/2021 19:07:00  18.10 °C  60.24 %  87.92 kPa 1.046E-03 g/cm³ 000 chk 59460
18/05/2021 19:08:00  18.10 °C  60.26 %  87.92 kPa 1.046E-03 g/cm³ 000 chk 45584
18/05/2021 19:09:00  18.10 °C  60.12 %  87.92 kPa 1.046E-03 g/cm³ 000 chk 27842
18/05/2021 19:10:00  18.10 °C  59.96 %  87.92 kPa 1.046E-03 g/cm³ 000 chk 55242
18/05/2021 19:11:00  18.10 °C  60.03 %  87.92 kPa 1.046E-03 g/cm³ 000 chk 44904
18/05/2021 19:12:00  18.10 °C  59.97 %  87.92 kPa 1.046E-03 g/cm³ 000 chk 12160
18/05/2021 19:13:00  18.10 °C  60.01 %  87.91 kPa 1.046E-03 g/cm³ 000 chk 27613
18/05/2021 19:14:00  18.09 °C  60.01 %  87.91 kPa 1.046E-03 g/cm³ 000 chk 61946
18/05/2021 19:15:00  18.09 °C  60.04 %  87.91 kPa 1.046E-03 g/cm³ 000 chk 49758
18/05/2021 19:16:00  18.09 °C  59.95 %  87.91 kPa 1.046E-03 g/cm³ 000 chk 56246
18/05/2021 19:17:00  18.09 °C  59.90 %  87.91 kPa 1.046E-03 g/cm³ 000 chk 59410
18/05/2021 19:18:00  18.09 °C  59.77 %  87.91 kPa 1.046E-03 g/cm³ 000 chk 60097
18/05/2021 19:19:00  18.09 °C  59.79 %  87.92 kPa 1.046E-03 g/cm³ 000 chk  3480
18/05/2021 19:20:00  18.08 °C  59.72 %  87.92 kPa 1.046E-03 g/cm³ 000 chk 28716
18/05/2021 19:21:00  18.08 °C  59.80 %  87.92 kPa 1.046E-03 g/cm³ 000 chk 16674
18/05/2021 19:22:00  18.08 °C  59.79 %  87.92 kPa 1.046E-03 g/cm³ 000 chk 64101
18/05/2021 19:23:00  18.08 °C  59.78 %  87.92 kPa 1.046E-03 g/cm³ 000 chk 48576
18/05/2021 19:24:00  18.09 °C  59.79 %  87.92 kPa 1.046E-03 g/cm³ 000 chk 21624
18/05/2021 19:25:00  18.09 °C  59.81 %  87.92 kPa 1.046E-03 g/cm³ 000 chk  6005
18/05/2021 19:26:00  18.09 °C  59.81 %  87.92 kPa 1.046E-03 g/cm³ 000 chk 43162
18/05/2021 19:27:00  18.09 °C  59.76 %  87.92 kPa 1.046E-03 g/cm³ 000 chk   148
18/05/2021 19:28:00  18.09 °C  59.80 %  87.92 kPa 1.046E-03 g/cm³ 000 chk 12138
18/05/2021 19:29:00  18.08 °C  59.83 %  87.92 kPa 1.046E-03 g/cm³ 000 chk 25358
18/05/2021 19:30:00  18.08 °C  59.73 %  87.92 kPa 1.046E-03 g/cm³ 000 chk  9862
18/05/2021 19:31:00  18.09 °C  59.65 %  87.92 kPa 1.046E-03 g/cm³ 000 chk 13262
18/05/2021 19:32:00  18.09 °C  59.64 %  87.93 kPa 1.046E-03 g/cm³ 000 chk 39028
18/05/2021 19:33:00  18.09 °C  59.71 %  87.92 kPa 1.046E-03 g/cm³ 000 chk 37544
18/05/2021 19:34:00  18.09 °C  59.77 %  87.93 kPa 1.046E-03 g/cm³ 000 chk  4229
18/05/2021 19:35:00  18.08 °C  59.77 %  87.93 kPa 1.046E-03 g/cm³ 000 chk 11233
18/05/2021 19:36:00  18.08 °C  59.67 %  87.93 kPa 1.046E-03 g/cm³ 000 chk 21538
18/05/2021 19:37:00  18.08 °C  59.68 %  87.93 kPa 1.046E-03 g/cm³ 000 chk  5509
18/05/2021 19:38:00  18.08 °C  59.71 %  87.93 kPa 1.046E-03 g/cm³ 000 chk  4351
18/05/2021 19:39:00  18.08 °C  59.59 %  87.93 kPa 1.046E-03 g/cm³ 000 chk 37378
18/05/2021 19:40:00  18.08 °C  59.62 %  87.93 kPa 1.046E-03 g/cm³ 000 chk  4267
18/05/2021 19:41:00  18.08 °C  59.69 %  87.93 kPa 1.046E-03 g/cm³ 000 chk  9485
18/05/2021 19:42:00  18.08 °C  59.71 %  87.93 kPa 1.046E-03 g/cm³ 000 chk 45772
18/05/2021 19:43:00  18.08 °C  59.73 %  87.93 kPa 1.046E-03 g/cm³ 000 chk 33385
18/05/2021 19:44:00  18.08 °C  59.85 %  87.93 kPa 1.046E-03 g/cm³ 000 chk 63675
18/05/2021 19:45:00  18.08 °C  59.94 %  87.93 kPa 1.046E-03 g/cm³ 000 chk 32562
18/05/2021 19:46:00  18.09 °C  59.85 %  87.93 kPa 1.046E-03 g/cm³ 000 chk 31792
18/05/2021 19:47:00  18.08 °C  59.81 %  87.93 kPa 1.046E-03 g/cm³ 000 chk 13141
18/05/2021 19:48:00  18.08 °C  59.79 %  87.93 kPa 1.046E-03 g/cm³ 000 chk  6825
18/05/2021 19:49:00  18.08 °C  59.75 %  87.93 kPa 1.046E-03 g/cm³ 000 chk 11278
18/05/2021 19:50:00  18.08 °C  59.77 %  87.93 kPa 1.046E-03 g/cm³ 000 chk 61996
18/05/2021 19:51:00  18.08 °C  59.78 %  87.93 kPa 1.046E-03 g/cm³ 000 chk 45963
18/05/2021 19:52:00  18.08 °C  59.77 %  87.93 kPa 1.046E-03 g/cm³ 000 chk 59239
18/05/2021 19:53:00  18.08 °C  59.79 %  87.93 kPa 1.046E-03 g/cm³ 000 chk 19393
18/05/2021 19:54:00  18.08 °C  59.79 %  87.93 kPa 1.046E-03 g/cm³ 000 chk 57016
18/05/2021 19:55:00  18.08 °C  59.78 %  87.93 kPa 1.046E-03 g/cm³ 000 chk 39197
18/05/2021 19:56:00  18.07 °C  59.80 %  87.94 kPa 1.047E-03 g/cm³ 000 chk 23162
18/05/2021 19:57:00  18.07 °C  59.75 %  87.94 kPa 1.047E-03 g/cm³ 000 chk 26741
18/05/2021 19:58:00  18.07 °C  59.77 %  87.94 kPa 1.047E-03 g/cm³ 000 chk 12833
18/05/2021 19:59:00  18.07 °C  59.71 %  87.94 kPa 1.047E-03 g/cm³ 000 chk 30341
18/05/2021 20:00:00  18.07 °C  59.74 %  87.94 kPa 1.047E-03 g/cm³ 000 chk 12232
18/05/2021 20:01:00  18.06 °C  59.77 %  87.94 kPa 1.047E-03 g/cm³ 000 chk 25516
18/05/2021 20:02:00  18.07 °C  59.76 %  87.95 kPa 1.047E-03 g/cm³ 000 chk 22998
18/05/2021 20:03:00  18.07 °C  59.82 %  87.95 kPa 1.047E-03 g/cm³ 000 chk 34520
18/05/2021 20:04:00  18.07 °C  59.83 %  87.95 kPa 1.047E-03 g/cm³ 000 chk 65184
18/05/2021 20:05:00  18.07 °C  59.87 %  87.95 kPa 1.047E-03 g/cm³ 000 chk  8197
18/05/2021 20:06:00  18.08 °C  59.90 %  87.95 kPa 1.047E-03 g/cm³ 000 chk 42893
18/05/2021 20:07:00  18.07 °C  59.87 %  87.95 kPa 1.047E-03 g/cm³ 000 chk 13646
18/05/2021 20:08:00  18.07 °C  59.92 %  87.95 kPa 1.047E-03 g/cm³ 000 chk 44087
18/05/2021 20:09:00  18.07 °C  59.78 %  87.95 kPa 1.047E-03 g/cm³ 000 chk 46359
18/05/2021 20:10:00  18.07 °C  59.84 %  87.94 kPa 1.047E-03 g/cm³ 000 chk 38344
18/05/2021 20:11:00  18.07 °C  59.98 %  87.94 kPa 1.046E-03 g/cm³ 000 chk 25474
18/05/2021 20:12:00  18.07 °C  60.02 %  87.94 kPa 1.046E-03 g/cm³ 000 chk 58728
18/05/2021 20:13:00  18.07 °C  60.19 %  87.94 kPa 1.046E-03 g/cm³ 000 chk  4322
18/05/2021 20:14:00  18.08 °C  60.35 %  87.94 kPa 1.046E-03 g/cm³ 000 chk  8841
18/05/2021 20:15:00  18.07 °C  60.29 %  87.94 kPa 1.046E-03 g/cm³ 000 chk 12104
18/05/2021 20:16:00  18.07 °C  60.26 %  87.94 kPa 1.046E-03 g/cm³ 000 chk 31652
18/05/2021 20:17:00  18.07 °C  60.23 %  87.94 kPa 1.046E-03 g/cm³ 000 chk 18432
18/05/2021 20:18:00  18.07 °C  60.18 %  87.94 kPa 1.046E-03 g/cm³ 000 chk  5920
18/05/2021 20:19:00  18.07 °C  60.14 %  87.94 kPa 1.046E-03 g/cm³ 000 chk  8583
18/05/2021 20:20:00  18.07 °C  60.15 %  87.93 kPa 1.046E-03 g/cm³ 000 chk 53594
18/05/2021 20:21:00  18.07 °C  60.22 %  87.94 kPa 1.046E-03 g/cm³ 000 chk  5666
18/05/2021 20:22:00  18.08 °C  60.28 %  87.94 kPa 1.046E-03 g/cm³ 000 chk  8324
18/05/2021 20:23:00  18.07 °C  60.16 %  87.94 kPa 1.046E-03 g/cm³ 000 chk 30495
18/05/2021 20:24:00  18.07 °C  60.17 %  87.93 kPa 1.046E-03 g/cm³ 000 chk 25037
18/05/2021 20:25:00  18.07 °C  60.13 %  87.93 kPa 1.046E-03 g/cm³ 000 chk 49000
18/05/2021 20:26:00  18.07 °C  60.11 %  87.93 kPa 1.046E-03 g/cm³ 000 chk 39558
18/05/2021 20:27:00  18.07 °C  60.07 %  87.93 kPa 1.046E-03 g/cm³ 000 chk  7694
18/05/2021 20:28:00  18.07 °C  60.08 %  87.93 kPa 1.046E-03 g/cm³ 000 chk 13656
18/05/2021 20:29:00  18.07 °C  60.17 %  87.93 kPa 1.046E-03 g/cm³ 000 chk 46291
18/05/2021 20:30:00  18.08 °C  60.14 %  87.93 kPa 1.046E-03 g/cm³ 000 chk 31930
18/05/2021 20:31:00  18.07 °C  60.17 %  87.93 kPa 1.046E-03 g/cm³ 000 chk 23124
18/05/2021 20:32:00  18.07 °C  60.23 %  87.93 kPa 1.046E-03 g/cm³ 000 chk 37325
18/05/2021 20:33:00  18.07 °C  60.39 %  87.93 kPa 1.046E-03 g/cm³ 000 chk 35142
18/05/2021 20:34:00  18.07 °C  60.40 %  87.93 kPa 1.046E-03 g/cm³ 000 chk 55806
18/05/2021 20:35:00  18.07 °C  60.47 %  87.93 kPa 1.046E-03 g/cm³ 000 chk 28763
18/05/2021 20:36:00  18.07 °C  60.52 %  87.93 kPa 1.046E-03 g/cm³ 000 chk 38552
18/05/2021 20:37:00  18.07 °C  60.56 %  87.93 kPa 1.046E-03 g/cm³ 000 chk 18493
18/05/2021 20:38:00  18.07 °C  60.50 %  87.93 kPa 1.046E-03 g/cm³ 000 chk 26216
18/05/2021 20:39:00  18.07 °C  60.37 %  87.93 kPa 1.046E-03 g/cm³ 000 chk 53027
18/05/2021 20:40:00  18.07 °C  60.41 %  87.94 kPa 1.046E-03 g/cm³ 000 chk 37527
18/05/2021 20:41:00  18.06 °C  60.43 %  87.94 kPa 1.046E-03 g/cm³ 000 chk 13298
18/05/2021 20:42:00  18.06 °C  60.45 %  87.94 kPa 1.046E-03 g/cm³ 000 chk 25117
18/05/2021 20:43:00  18.06 °C  60.58 %  87.94 kPa 1.046E-03 g/cm³ 000 chk 31127
18/05/2021 20:44:00  18.06 °C  60.58 %  87.93 kPa 1.046E-03 g/cm³ 000 chk 33348
18/05/2021 20:45:00  18.06 °C  60.58 %  87.93 kPa 1.046E-03 g/cm³ 000 chk 10464
18/05/2021 20:46:00  18.06 °C  60.50 %  87.93 kPa 1.046E-03 g/cm³ 000 chk 32525
18/05/2021 20:47:00  18.06 °C  60.42 %  87.93 kPa 1.046E-03 g/cm³ 000 chk 36740
18/05/2021 20:48:00  18.06 °C  60.30 %  87.93 kPa 1.046E-03 g/cm³ 000 chk  5394
18/05/2021 20:49:00  18.06 °C  60.41 %  87.93 kPa 1.046E-03 g/cm³ 000 chk 37493
18/05/2021 20:50:00  18.06 °C  60.42 %  87.93 kPa 1.046E-03 g/cm³ 000 chk 41302
18/05/2021 20:51:00  18.05 °C  60.23 %  87.93 kPa 1.046E-03 g/cm³ 000 chk  5214
18/05/2021 20:52:00  18.05 °C  60.25 %  87.93 kPa 1.046E-03 g/cm³ 000 chk 17841
18/05/2021 20:53:00  18.05 °C  60.12 %  87.93 kPa 1.046E-03 g/cm³ 000 chk 60515
18/05/2021 20:54:00  18.05 °C  60.08 %  87.93 kPa 1.046E-03 g/cm³ 000 chk 52021
18/05/2021 20:55:00  18.06 °C  60.33 %  87.94 kPa 1.046E-03 g/cm³ 000 chk 25101
18/05/2021 20:56:00  18.06 °C  60.27 %  87.94 kPa 1.046E-03 g/cm³ 000 chk 27087
18/05/2021 20:57:00  18.06 °C  60.22 %  87.94 kPa 1.047E-03 g/cm³ 000 chk 23210
18/05/2021 20:58:00  18.06 °C  60.36 %  87.94 kPa 1.046E-03 g/cm³ 000 chk 11795
18/05/2021 20:59:00  18.06 °C  60.30 %  87.94 kPa 1.046E-03 g/cm³ 000 chk 27319
18/05/2021 21:00:00  18.07 °C  60.25 %  87.94 kPa 1.046E-03 g/cm³ 000 chk 52205
18/05/2021 21:01:00  18.07 °C  60.28 %  87.94 kPa 1.046E-03 g/cm³ 000 chk  4171
18/05/2021 21:02:00  18.06 °C  60.35 %  87.94 kPa 1.046E-03 g/cm³ 000 chk 36682
18/05/2021 21:03:00  18.07 °C  60.30 %  87.95 kPa 1.047E-03 g/cm³ 000 chk 54459
18/05/2021 21:04:00  18.07 °C  60.34 %  87.95 kPa 1.047E-03 g/cm³ 000 chk 13763
18/05/2021 21:05:00  18.07 °C  60.23 %  87.95 kPa 1.047E-03 g/cm³ 000 chk 23626
18/05/2021 21:06:00  18.06 °C  60.14 %  87.95 kPa 1.047E-03 g/cm³ 000 chk 28947
18/05/2021 21:07:00  18.06 °C  60.10 %  87.95 kPa 1.047E-03 g/cm³ 000 chk 44982
18/05/2021 21:08:00  18.06 °C  60.40 %  87.95 kPa 1.047E-03 g/cm³ 000 chk 28538
18/05/2021 21:09:00  18.07 °C  60.72 %  87.95 kPa 1.047E-03 g/cm³ 000 chk 52840
18/05/2021 21:10:00  18.07 °C  61.14 %  87.95 kPa 1.047E-03 g/cm³ 000 chk 62649
18/05/2021 21:11:00  18.08 °C  61.39 %  87.95 kPa 1.046E-03 g/cm³ 000 chk  5327
18/05/2021 21:12:00  18.09 °C  61.61 %  87.95 kPa 1.046E-03 g/cm³ 000 chk 53883
18/05/2021 21:13:00  18.09 °C  61.68 %  87.95 kPa 1.046E-03 g/cm³ 000 chk 32220
18/05/2021 21:14:00  18.10 °C  61.45 %  87.95 kPa 1.046E-03 g/cm³ 000 chk 22178
18/05/2021 21:15:00  18.10 °C  61.10 %  87.95 kPa 1.046E-03 g/cm³ 000 chk 26015
18/05/2021 21:16:00  18.10 °C  61.00 %  87.95 kPa 1.046E-03 g/cm³ 000 chk  6748
18/05/2021 21:17:00  18.09 °C  60.77 %  87.95 kPa 1.046E-03 g/cm³ 000 chk 60537
18/05/2021 21:18:00  18.09 °C  60.76 %  87.95 kPa 1.046E-03 g/cm³ 000 chk 49453
18/05/2021 21:19:00  18.09 °C  60.73 %  87.95 kPa 1.046E-03 g/cm³ 000 chk 62089
18/05/2021 21:20:00  18.10 °C  60.72 %  87.95 kPa 1.046E-03 g/cm³ 000 chk 25504
18/05/2021 21:21:00  18.09 °C  60.69 %  87.94 kPa 1.046E-03 g/cm³ 000 chk 24608
18/05/2021 21:22:00  18.09 °C  60.59 %  87.94 kPa 1.046E-03 g/cm³ 000 chk 57272
18/05/2021 21:23:00  18.08 °C  60.48 %  87.94 kPa 1.046E-03 g/cm³ 000 chk 51697
18/05/2021 21:24:00  18.07 °C  60.36 %  87.94 kPa 1.046E-03 g/cm³ 000 chk 24834
18/05/2021 21:25:00  18.07 °C  60.32 %  87.94 kPa 1.046E-03 g/cm³ 000 chk 49063
18/05/2021 21:26:00  18.07 °C  60.27 %  87.94 kPa 1.046E-03 g/cm³ 000 chk 22884
18/05/2021 21:27:00  18.06 °C  60.28 %  87.94 kPa 1.046E-03 g/cm³ 000 chk 35075
18/05/2021 21:28:00  18.06 °C  60.30 %  87.94 kPa 1.046E-03 g/cm³ 000 chk 24952
18/05/2021 21:29:00  18.06 °C  60.31 %  87.94 kPa 1.046E-03 g/cm³ 000 chk  9949
18/05/2021 21:30:00  18.06 °C  60.44 %  87.94 kPa 1.046E-03 g/cm³ 000 chk 15164
18/05/2021 21:31:00  18.06 °C  60.39 %  87.94 kPa 1.046E-03 g/cm³ 000 chk  8280
18/05/2021 21:32:00  18.06 °C  60.50 %  87.94 kPa 1.046E-03 g/cm³ 000 chk 39514
18/05/2021 21:33:00  18.06 °C  60.50 %  87.94 kPa 1.046E-03 g/cm³ 000 chk 12542
18/05/2021 21:34:00  18.06 °C  60.56 %  87.94 kPa 1.046E-03 g/cm³ 000 chk 19335
18/05/2021 21:35:00  18.06 °C  60.55 %  87.93 kPa 1.046E-03 g/cm³ 000 chk 63625
18/05/2021 21:36:00  18.05 °C  60.33 %  87.93 kPa 1.046E-03 g/cm³ 000 chk 23499
18/05/2021 21:37:00  18.05 °C  60.23 %  87.93 kPa 1.046E-03 g/cm³ 000 chk 12611
18/05/2021 21:38:00  18.05 °C  60.27 %  87.93 kPa 1.046E-03 g/cm³ 000 chk 34071
18/05/2021 21:39:00  18.05 °C  60.24 %  87.93 kPa 1.046E-03 g/cm³ 000 chk 22707
18/05/2021 21:40:00  18.06 °C  60.27 %  87.93 kPa 1.046E-03 g/cm³ 000 chk 49196
18/05/2021 21:41:00  18.06 °C  60.50 %  87.93 kPa 1.046E-03 g/cm³ 000 chk 43339
18/05/2021 21:42:00  18.05 °C  60.33 %  87.93 kPa 1.046E-03 g/cm³ 000 chk 37641
18/05/2021 21:43:00  18.05 °C  60.34 %  87.93 kPa 1.046E-03 g/cm³ 000 chk 15020
18/05/2021 21:44:00  18.05 °C  60.32 %  87.93 kPa 1.046E-03 g/cm³ 000 chk 16853
18/05/2021 21:45:00  18.05 °C  60.22 %  87.93 kPa 1.046E-03 g/cm³ 000 chk 11101
18/05/2021 21:46:00  18.05 °C  60.21 %  87.93 kPa 1.046E-03 g/cm³ 000 chk 58290
18/05/2021 21:47:00  18.05 °C  60.18 %  87.93 kPa 1.046E-03 g/cm³ 000 chk 19554
18/05/2021 21:48:00  18.04 °C  60.25 %  87.94 kPa 1.047E-03 g/cm³ 000 chk   745
18/05/2021 21:49:00  18.04 °C  60.37 %  87.94 kPa 1.047E-03 g/cm³ 000 chk 62048
18/05/2021 21:50:00  18.04 °C  60.48 %  87.94 kPa 1.047E-03 g/cm³ 000 chk 40322
18/05/2021 21:51:00  18.04 °C  60.49 %  87.94 kPa 1.047E-03 g/cm³ 000 chk 55847
18/05/2021 21:52:00  18.04 °C  60.39 %  87.94 kPa 1.047E-03 g/cm³ 000 chk 42250
18/05/2021 21:53:00  18.04 °C  60.38 %  87.94 kPa 1.047E-03 g/cm³ 000 chk 58031
18/05/2021 21:54:00  18.04 °C  60.40 %  87.94 kPa 1.047E-03 g/cm³ 000 chk 24342
18/05/2021 21:55:00  18.04 °C  60.34 %  87.93 kPa 1.046E-03 g/cm³ 000 chk 12058
18/05/2021 21:56:00  18.04 °C  60.33 %  87.93 kPa 1.046E-03 g/cm³ 000 chk 37876
18/05/2021 21:57:00  18.04 °C  60.39 %  87.93 kPa 1.046E-03 g/cm³ 000 chk 19283
18/05/2021 21:58:00  18.05 °C  60.36 %  87.93 kPa 1.046E-03 g/cm³ 000 chk 61893
18/05/2021 21:59:00  18.05 °C  60.30 %  87.93 kPa 1.046E-03 g/cm³ 000 chk 46433
18/05/2021 22:00:00  18.05 °C  60.30 %  87.93 kPa 1.046E-03 g/cm³ 000 chk 23209
18/05/2021 22:01:00  18.05 °C  60.34 %  87.93 kPa 1.046E-03 g/cm³ 000 chk 33804
18/05/2021 22:02:00  18.05 °C  60.27 %  87.93 kPa 1.046E-03 g/cm³ 000 chk 36047
18/05/2021 22:03:00  18.05 °C  60.30 %  87.93 kPa 1.046E-03 g/cm³ 000 chk 58694
18/05/2021 22:04:00  18.05 °C  60.24 %  87.93 kPa 1.046E-03 g/cm³ 000 chk 50194
18/05/2021 22:05:00  18.04 °C  60.20 %  87.93 kPa 1.046E-03 g/cm³ 000 chk 35703
18/05/2021 22:06:00  18.04 °C  60.20 %  87.93 kPa 1.046E-03 g/cm³ 000 chk 13464
18/05/2021 22:07:00  18.04 °C  60.16 %  87.93 kPa 1.046E-03 g/cm³ 000 chk 28747
18/05/2021 22:08:00  18.04 °C  60.05 %  87.93 kPa 1.046E-03 g/cm³ 000 chk  1842
18/05/2021 22:09:00  18.03 °C  60.12 %  87.93 kPa 1.046E-03 g/cm³ 000 chk 23550
18/05/2021 22:10:00  18.03 °C  60.21 %  87.93 kPa 1.046E-03 g/cm³ 000 chk 26794
18/05/2021 22:11:00  18.04 °C  60.30 %  87.93 kPa 1.046E-03 g/cm³ 000 chk 55910
18/05/2021 22:12:00  18.04 °C  60.35 %  87.93 kPa 1.046E-03 g/cm³ 000 chk 64649
18/05/2021 22:13:00  18.04 °C  60.22 %  87.93 kPa 1.046E-03 g/cm³ 000 chk 38144
18/05/2021 22:14:00  18.04 °C  60.16 %  87.93 kPa 1.046E-03 g/cm³ 000 chk 29711
18/05/2021 22:15:00  18.04 °C  60.15 %  87.93 kPa 1.046E-03 g/cm³ 000 chk 43435
18/05/2021 22:16:00  18.03 °C  60.07 %  87.93 kPa 1.047E-03 g/cm³ 000 chk 31213
18/05/2021 22:17:00  18.03 °C  60.10 %  87.93 kPa 1.047E-03 g/cm³ 000 chk  4196
18/05/2021 22:18:00  18.04 °C  60.16 %  87.93 kPa 1.046E-03 g/cm³ 000 chk  2997
18/05/2021 22:19:00  18.04 °C  60.12 %  87.93 kPa 1.046E-03 g/cm³ 000 chk 54544
18/05/2021 22:20:00  18.04 °C  60.02 %  87.93 kPa 1.046E-03 g/cm³ 000 chk 26186
18/05/2021 22:21:00  18.04 °C  60.11 %  87.93 kPa 1.046E-03 g/cm³ 000 chk 31682
18/05/2021 22:22:00  18.04 °C  59.88 %  87.93 kPa 1.046E-03 g/cm³ 000 chk 35368
18/05/2021 22:23:00  18.04 °C  59.85 %  87.93 kPa 1.046E-03 g/cm³ 000 chk 20878
18/05/2021 22:24:00  18.04 °C  59.64 %  87.93 kPa 1.047E-03 g/cm³ 000 chk 59568
18/05/2021 22:25:00  18.03 °C  59.63 %  87.93 kPa 1.047E-03 g/cm³ 000 chk 29776
18/05/2021 22:26:00  18.03 °C  59.62 %  87.93 kPa 1.047E-03 g/cm³ 000 chk  9918
18/05/2021 22:27:00  18.03 °C  59.55 %  87.93 kPa 1.047E-03 g/cm³ 000 chk 36716
18/05/2021 22:28:00  18.02 °C  59.51 %  87.93 kPa 1.047E-03 g/cm³ 000 chk 43768
18/05/2021 22:29:00  18.03 °C  59.40 %  87.93 kPa 1.047E-03 g/cm³ 000 chk 48305
18/05/2021 22:30:00  18.02 °C  59.46 %  87.93 kPa 1.047E-03 g/cm³ 000 chk 34642
18/05/2021 22:31:00  18.03 °C  59.36 %  87.93 kPa 1.047E-03 g/cm³ 000 chk 31988
18/05/2021 22:32:00  18.02 °C  59.25 %  87.93 kPa 1.047E-03 g/cm³ 000 chk 58871
18/05/2021 22:33:00  18.03 °C  59.20 %  87.93 kPa 1.047E-03 g/cm³ 000 chk 18323
18/05/2021 22:34:00  18.03 °C  59.08 %  87.93 kPa 1.047E-03 g/cm³ 000 chk 64179
18/05/2021 22:35:00  18.03 °C  59.16 %  87.93 kPa 1.047E-03 g/cm³ 000 chk 38457
18/05/2021 22:36:00  18.02 °C  59.36 %  87.93 kPa 1.047E-03 g/cm³ 000 chk 30797
18/05/2021 22:37:00  18.03 °C  59.72 %  87.93 kPa 1.047E-03 g/cm³ 000 chk 63389
18/05/2021 22:38:00  18.03 °C  60.11 %  87.93 kPa 1.046E-03 g/cm³ 000 chk  2724
18/05/2021 22:39:00  18.04 °C  60.45 %  87.93 kPa 1.046E-03 g/cm³ 000 chk 57821
18/05/2021 22:40:00  18.04 °C  60.63 %  87.93 kPa 1.046E-03 g/cm³ 000 chk 53850
18/05/2021 22:41:00  18.05 °C  60.50 %  87.94 kPa 1.047E-03 g/cm³ 000 chk 61474
18/05/2021 22:42:00  18.05 °C  60.16 %  87.94 kPa 1.047E-03 g/cm³ 000 chk 24952
18/05/2021 22:43:00  18.05 °C  59.92 %  87.94 kPa 1.047E-03 g/cm³ 000 chk 13559
18/05/2021 22:44:00  18.05 °C  59.66 %  87.93 kPa 1.046E-03 g/cm³ 000 chk 47695
18/05/2021 22:45:00  18.05 °C  59.63 %  87.93 kPa 1.046E-03 g/cm³ 000 chk 35307
18/05/2021 22:46:00  18.05 °C  59.57 %  87.93 kPa 1.046E-03 g/cm³ 000 chk 17010
18/05/2021 22:47:00  18.05 °C  59.45 %  87.93 kPa 1.046E-03 g/cm³ 000 chk 45819
18/05/2021 22:48:00  18.05 °C  59.37 %  87.93 kPa 1.046E-03 g/cm³ 000 chk 10349
18/05/2021 22:49:00  18.04 °C  59.20 %  87.93 kPa 1.047E-03 g/cm³ 000 chk 53477
18/05/2021 22:50:00  18.04 °C  59.06 %  87.93 kPa 1.047E-03 g/cm³ 000 chk 47773
18/05/2021 22:51:00  18.04 °C  58.93 %  87.93 kPa 1.047E-03 g/cm³ 000 chk  6240
18/05/2021 22:52:00  18.03 °C  58.85 %  87.93 kPa 1.047E-03 g/cm³ 000 chk 48358
18/05/2021 22:53:00  18.03 °C  58.92 %  87.94 kPa 1.047E-03 g/cm³ 000 chk 48069
18/05/2021 22:54:00  18.02 °C  58.70 %  87.93 kPa 1.047E-03 g/cm³ 000 chk 35408
18/05/2021 22:55:00  18.02 °C  58.56 %  87.93 kPa 1.047E-03 g/cm³ 000 chk  3759
18/05/2021 22:56:00  18.01 °C  58.40 %  87.93 kPa 1.047E-03 g/cm³ 000 chk 27951
18/05/2021 22:57:00  18.01 °C  58.42 %  87.93 kPa 1.047E-03 g/cm³ 000 chk 23946
18/05/2021 22:58:00  18.01 °C  58.31 %  87.93 kPa 1.047E-03 g/cm³ 000 chk 10781
18/05/2021 22:59:00  18.01 °C  58.41 %  87.93 kPa 1.047E-03 g/cm³ 000 chk 16507
18/05/2021 23:00:00  18.01 °C  58.46 %  87.93 kPa 1.047E-03 g/cm³ 000 chk 10956
18/05/2021 23:01:00  18.00 °C  58.37 %  87.93 kPa 1.047E-03 g/cm³ 000 chk 15467
18/05/2021 23:02:00  18.00 °C  58.34 %  87.93 kPa 1.047E-03 g/cm³ 000 chk 62596
18/05/2021 23:03:00  18.00 °C  58.30 %  87.93 kPa 1.047E-03 g/cm³ 000 chk 10785
18/05/2021 23:04:00  18.00 °C  58.53 %  87.93 kPa 1.047E-03 g/cm³ 000 chk 51382
18/05/2021 23:05:00  18.01 °C  58.84 %  87.93 kPa 1.047E-03 g/cm³ 000 chk 12579
18/05/2021 23:06:00  18.01 °C  59.28 %  87.93 kPa 1.047E-03 g/cm³ 000 chk 33761
18/05/2021 23:07:00  18.01 °C  59.62 %  87.93 kPa 1.047E-03 g/cm³ 000 chk 39923
18/05/2021 23:08:00  18.02 °C  59.88 %  87.93 kPa 1.047E-03 g/cm³ 000 chk  6753
18/05/2021 23:09:00  18.02 °C  59.95 %  87.93 kPa 1.047E-03 g/cm³ 000 chk   491
18/05/2021 23:10:00  18.03 °C  59.73 %  87.93 kPa 1.047E-03 g/cm³ 000 chk 64399
18/05/2021 23:11:00  18.03 °C  59.46 %  87.93 kPa 1.047E-03 g/cm³ 000 chk 51292
18/05/2021 23:12:00  18.03 °C  59.17 %  87.93 kPa 1.047E-03 g/cm³ 000 chk 39467
18/05/2021 23:13:00  18.03 °C  59.04 %  87.93 kPa 1.047E-03 g/cm³ 000 chk 34723
18/05/2021 23:14:00  18.03 °C  58.92 %  87.93 kPa 1.047E-03 g/cm³ 000 chk 28035
18/05/2021 23:15:00  18.02 °C  58.77 %  87.93 kPa 1.047E-03 g/cm³ 000 chk  3680
18/05/2021 23:16:00  18.03 °C  58.76 %  87.93 kPa 1.047E-03 g/cm³ 000 chk 52558
18/05/2021 23:17:00  18.02 °C  58.62 %  87.93 kPa 1.047E-03 g/cm³ 000 chk 16903
18/05/2021 23:18:00  18.02 °C  58.40 %  87.93 kPa 1.047E-03 g/cm³ 000 chk 55304
18/05/2021 23:19:00  18.01 °C  58.37 %  87.93 kPa 1.047E-03 g/cm³ 000 chk 17196
18/05/2021 23:20:00  18.01 °C  58.33 %  87.92 kPa 1.047E-03 g/cm³ 000 chk 48399
18/05/2021 23:21:00  18.00 °C  58.14 %  87.92 kPa 1.047E-03 g/cm³ 000 chk 17713
18/05/2021 23:22:00  18.00 °C  58.17 %  87.92 kPa 1.047E-03 g/cm³ 000 chk 36318
18/05/2021 23:23:00  18.00 °C  58.00 %  87.92 kPa 1.047E-03 g/cm³ 000 chk 58455
18/05/2021 23:24:00  18.00 °C  57.95 %  87.92 kPa 1.047E-03 g/cm³ 000 chk  6613
18/05/2021 23:25:00  17.99 °C  57.89 %  87.92 kPa 1.047E-03 g/cm³ 000 chk   748
18/05/2021 23:26:00  17.98 °C  57.90 %  87.92 kPa 1.047E-03 g/cm³ 000 chk 59884
18/05/2021 23:27:00  17.98 °C  57.92 %  87.92 kPa 1.047E-03 g/cm³ 000 chk 55625
18/05/2021 23:28:00  17.97 °C  57.81 %  87.92 kPa 1.047E-03 g/cm³ 000 chk 21882
18/05/2021 23:29:00  17.97 °C  57.92 %  87.92 kPa 1.047E-03 g/cm³ 000 chk 18674
18/05/2021 23:30:00  17.97 °C  57.93 %  87.91 kPa 1.047E-03 g/cm³ 000 chk 43567
18/05/2021 23:31:00  17.98 °C  57.84 %  87.91 kPa 1.047E-03 g/cm³ 000 chk 14572
18/05/2021 23:32:00  17.98 °C  57.91 %  87.91 kPa 1.047E-03 g/cm³ 000 chk 56879
18/05/2021 23:33:00  17.98 °C  58.12 %  87.91 kPa 1.047E-03 g/cm³ 000 chk 12892
18/05/2021 23:34:00  17.98 °C  58.51 %  87.91 kPa 1.047E-03 g/cm³ 000 chk  4240
18/05/2021 23:35:00  17.99 °C  58.93 %  87.91 kPa 1.047E-03 g/cm³ 000 chk 45097
18/05/2021 23:36:00  17.99 °C  59.22 %  87.91 kPa 1.046E-03 g/cm³ 000 chk 45828
18/05/2021 23:37:00  18.00 °C  59.36 %  87.91 kPa 1.046E-03 g/cm³ 000 chk 16447
18/05/2021 23:38:00  18.01 °C  59.39 %  87.90 kPa 1.046E-03 g/cm³ 000 chk  1021
18/05/2021 23:39:00  18.01 °C  59.14 %  87.90 kPa 1.046E-03 g/cm³ 000 chk  6144
18/05/2021 23:40:00  18.00 °C  58.95 %  87.90 kPa 1.046E-03 g/cm³ 000 chk 10344
18/05/2021 23:41:00  18.01 °C  58.81 %  87.90 kPa 1.046E-03 g/cm³ 000 chk 42785
18/05/2021 23:42:00  18.00 °C  58.59 %  87.90 kPa 1.046E-03 g/cm³ 000 chk 41212
18/05/2021 23:43:00  18.01 °C  58.52 %  87.90 kPa 1.046E-03 g/cm³ 000 chk  1178
18/05/2021 23:44:00  18.00 °C  58.45 %  87.90 kPa 1.046E-03 g/cm³ 000 chk 49934
18/05/2021 23:45:00  18.00 °C  58.40 %  87.90 kPa 1.046E-03 g/cm³ 000 chk 61610
18/05/2021 23:46:00  18.00 °C  58.32 %  87.90 kPa 1.046E-03 g/cm³ 000 chk  5510
18/05/2021 23:47:00  18.00 °C  58.23 %  87.90 kPa 1.046E-03 g/cm³ 000 chk 37391
18/05/2021 23:48:00  18.00 °C  58.11 %  87.90 kPa 1.046E-03 g/cm³ 000 chk 51244
18/05/2021 23:49:00  18.00 °C  58.14 %  87.90 kPa 1.046E-03 g/cm³ 000 chk 64392
18/05/2021 23:50:00  17.99 °C  58.05 %  87.90 kPa 1.046E-03 g/cm³ 000 chk 32564
18/05/2021 23:51:00  17.99 °C  57.95 %  87.90 kPa 1.046E-03 g/cm³ 000 chk  9323
18/05/2021 23:52:00  17.99 °C  57.86 %  87.90 kPa 1.046E-03 g/cm³ 000 chk 11432
18/05/2021 23:53:00  17.98 °C  58.02 %  87.89 kPa 1.046E-03 g/cm³ 000 chk  7708
18/05/2021 23:54:00  17.98 °C  58.40 %  87.90 kPa 1.046E-03 g/cm³ 000 chk 40407
18/05/2021 23:55:00  17.98 °C  58.71 %  87.90 kPa 1.046E-03 g/cm³ 000 chk 55813
18/05/2021 23:56:00  17.99 °C  59.12 %  87.90 kPa 1.046E-03 g/cm³ 000 chk  5080
18/05/2021 23:57:00  17.99 °C  59.39 %  87.90 kPa 1.046E-03 g/cm³ 000 chk 58917
18/05/2021 23:58:00  18.00 °C  59.47 %  87.89 kPa 1.046E-03 g/cm³ 000 chk 16644
18/05/2021 23:59:00  18.00 °C  59.31 %  87.89 kPa 1.046E-03 g/cm³ 000 chk 50530
