03/12/2019  9:02:55  20.74 °C  77.43 %  881.6 hPa 1.036E-03 g/cm³ 000 chk  3441
03/12/2019  9:03:00  20.75 °C  77.36 %  881.5 hPa 1.036E-03 g/cm³ 000 chk 24888
03/12/2019  9:04:00  20.77 °C  76.18 %  881.5 hPa 1.036E-03 g/cm³ 000 chk 49543
03/12/2019  9:05:00  20.79 °C  74.11 %  881.5 hPa 1.036E-03 g/cm³ 000 chk 25745
03/12/2019  9:06:00  20.80 °C  71.90 %  881.5 hPa 1.037E-03 g/cm³ 000 chk  3848
03/12/2019  9:07:00  20.81 °C  70.74 %  881.5 hPa 1.037E-03 g/cm³ 000 chk  4598
03/12/2019  9:08:00  20.81 °C  69.17 %  881.5 hPa 1.037E-03 g/cm³ 000 chk 16175
03/12/2019  9:09:00  20.81 °C  68.91 %  881.5 hPa 1.037E-03 g/cm³ 000 chk 11006
03/12/2019  9:10:00  20.81 °C  68.12 %  881.5 hPa 1.037E-03 g/cm³ 000 chk 55476
03/12/2019  9:11:00  20.80 °C  67.15 %  881.5 hPa 1.037E-03 g/cm³ 000 chk  4207
03/12/2019  9:12:00  20.78 °C  66.24 %  881.5 hPa 1.037E-03 g/cm³ 000 chk 60319
03/12/2019  9:13:00  20.77 °C  65.27 %  881.5 hPa 1.037E-03 g/cm³ 000 chk 15702
03/12/2019  9:14:00  20.75 °C  64.01 %  881.5 hPa 1.038E-03 g/cm³ 000 chk 29092
03/12/2019  9:15:00  20.70 °C  62.64 %  881.5 hPa 1.038E-03 g/cm³ 000 chk 46181
03/12/2019  9:16:00  20.66 °C  62.04 %  881.6 hPa 1.038E-03 g/cm³ 000 chk 46223
03/12/2019  9:17:00  20.62 °C  61.68 %  881.6 hPa 1.039E-03 g/cm³ 000 chk 46374
03/12/2019  9:18:00  20.58 °C  61.56 %  881.5 hPa 1.039E-03 g/cm³ 000 chk 25798
03/12/2019  9:19:00  20.53 °C  61.38 %  881.5 hPa 1.039E-03 g/cm³ 000 chk 62658
03/12/2019  9:20:00  20.50 °C  61.42 %  881.4 hPa 1.039E-03 g/cm³ 000 chk 15970
03/12/2019  9:21:00  20.46 °C  61.12 %  881.4 hPa 1.039E-03 g/cm³ 000 chk 24651
03/12/2019  9:22:00  20.42 °C  60.50 %  881.4 hPa 1.039E-03 g/cm³ 000 chk 53770
03/12/2019  9:23:00  20.38 °C  59.94 %  881.4 hPa 1.039E-03 g/cm³ 000 chk  6472
03/12/2019  9:24:00  20.34 °C  59.76 %  881.4 hPa 1.040E-03 g/cm³ 000 chk 59957
03/12/2019  9:25:00  20.30 °C  59.61 %  881.4 hPa 1.040E-03 g/cm³ 000 chk 17594
03/12/2019  9:26:00  20.25 °C  59.64 %  881.3 hPa 1.040E-03 g/cm³ 000 chk  2728
03/12/2019  9:27:00  20.22 °C  61.29 %  881.3 hPa 1.040E-03 g/cm³ 000 chk 65185
03/12/2019  9:28:00  20.20 °C  63.19 %  881.3 hPa 1.040E-03 g/cm³ 000 chk 15675
03/12/2019  9:29:00  20.19 °C  65.05 %  881.3 hPa 1.040E-03 g/cm³ 000 chk 50561
03/12/2019  9:30:00  20.19 °C  66.41 %  881.3 hPa 1.039E-03 g/cm³ 000 chk 61882
03/12/2019  9:31:00  20.19 °C  67.92 %  881.3 hPa 1.039E-03 g/cm³ 000 chk 32242
03/12/2019  9:32:00  20.20 °C  68.96 %  881.3 hPa 1.039E-03 g/cm³ 000 chk 59614
03/12/2019  9:33:00  20.22 °C  70.01 %  881.3 hPa 1.039E-03 g/cm³ 000 chk 10947
03/12/2019  9:34:00  20.24 °C  71.08 %  881.3 hPa 1.039E-03 g/cm³ 000 chk 36384
03/12/2019  9:35:00  20.25 °C  71.75 %  881.3 hPa 1.039E-03 g/cm³ 000 chk  1156
03/12/2019  9:36:00  20.28 °C  72.56 %  881.3 hPa 1.039E-03 g/cm³ 000 chk 25822
03/12/2019  9:37:00  20.30 °C  73.41 %  881.3 hPa 1.038E-03 g/cm³ 000 chk   788
03/12/2019  9:38:00  20.32 °C  73.61 %  881.3 hPa 1.038E-03 g/cm³ 000 chk 24729
03/12/2019  9:39:00  20.34 °C  74.15 %  881.3 hPa 1.038E-03 g/cm³ 000 chk 59946
03/12/2019  9:40:00  20.37 °C  74.46 %  881.3 hPa 1.038E-03 g/cm³ 000 chk 29228
03/12/2019  9:41:00  20.40 °C  74.46 %  881.3 hPa 1.038E-03 g/cm³ 000 chk  7737
03/12/2019  9:42:00  20.43 °C  75.15 %  881.3 hPa 1.038E-03 g/cm³ 000 chk 46096
03/12/2019  9:43:00  20.45 °C  75.43 %  881.3 hPa 1.037E-03 g/cm³ 000 chk 20711
03/12/2019  9:44:00  20.47 °C  75.71 %  881.3 hPa 1.037E-03 g/cm³ 000 chk 15467
03/12/2019  9:45:00  20.50 °C  76.00 %  881.3 hPa 1.037E-03 g/cm³ 000 chk 12031
03/12/2019  9:46:00  20.52 °C  76.23 %  881.3 hPa 1.037E-03 g/cm³ 000 chk 17864
03/12/2019  9:47:00  20.55 °C  76.59 %  881.3 hPa 1.037E-03 g/cm³ 000 chk 26856
03/12/2019  9:48:00  20.56 °C  76.72 %  881.3 hPa 1.037E-03 g/cm³ 000 chk  1447
03/12/2019  9:49:00  20.59 °C  76.57 %  881.3 hPa 1.037E-03 g/cm³ 000 chk  3346
03/12/2019  9:50:00  20.61 °C  76.91 %  881.3 hPa 1.037E-03 g/cm³ 000 chk 39249
03/12/2019  9:51:00  20.63 °C  76.81 %  881.3 hPa 1.037E-03 g/cm³ 000 chk 36954
03/12/2019  9:52:00  20.65 °C  76.65 %  881.3 hPa 1.036E-03 g/cm³ 000 chk 15991
03/12/2019  9:53:00  20.67 °C  77.05 %  881.3 hPa 1.036E-03 g/cm³ 000 chk 26530
03/12/2019  9:54:00  20.69 °C  76.91 %  881.3 hPa 1.036E-03 g/cm³ 000 chk 32009
03/12/2019  9:55:00  20.70 °C  76.92 %  881.3 hPa 1.036E-03 g/cm³ 000 chk 45043
03/12/2019  9:56:00  20.72 °C  77.14 %  881.3 hPa 1.036E-03 g/cm³ 000 chk 52458
03/12/2019  9:57:00  20.74 °C  77.07 %  881.3 hPa 1.036E-03 g/cm³ 000 chk 30183
03/12/2019  9:58:00  20.76 °C  77.00 %  881.3 hPa 1.036E-03 g/cm³ 000 chk 54576
03/12/2019  9:59:00  20.77 °C  77.02 %  881.3 hPa 1.036E-03 g/cm³ 000 chk 29781
03/12/2019 10:00:00  20.79 °C  76.85 %  881.4 hPa 1.036E-03 g/cm³ 000 chk 33401
03/12/2019 10:01:00  20.80 °C  74.90 %  881.4 hPa 1.036E-03 g/cm³ 000 chk 47487
03/12/2019 10:02:00  20.80 °C  72.77 %  881.4 hPa 1.036E-03 g/cm³ 000 chk 25691
03/12/2019 10:03:00  20.77 °C  70.85 %  881.4 hPa 1.037E-03 g/cm³ 000 chk 63376
03/12/2019 10:04:00  20.76 °C  68.74 %  881.3 hPa 1.037E-03 g/cm³ 000 chk 30807
03/12/2019 10:05:00  20.73 °C  67.16 %  881.3 hPa 1.037E-03 g/cm³ 000 chk 61028
03/12/2019 10:06:00  20.69 °C  65.89 %  881.3 hPa 1.037E-03 g/cm³ 000 chk  9963
03/12/2019 10:07:00  20.65 °C  64.84 %  881.3 hPa 1.038E-03 g/cm³ 000 chk 24599
03/12/2019 10:08:00  20.61 °C  63.60 %  881.2 hPa 1.038E-03 g/cm³ 000 chk  7111
03/12/2019 10:09:00  20.56 °C  63.08 %  881.2 hPa 1.038E-03 g/cm³ 000 chk 40313
03/12/2019 10:10:00  20.52 °C  62.26 %  881.2 hPa 1.038E-03 g/cm³ 000 chk 18457
03/12/2019 10:11:00  20.47 °C  61.75 %  881.2 hPa 1.039E-03 g/cm³ 000 chk 25493
03/12/2019 10:12:00  20.41 °C  61.06 %  881.2 hPa 1.039E-03 g/cm³ 000 chk 53053
03/12/2019 10:13:00  20.37 °C  61.10 %  881.2 hPa 1.039E-03 g/cm³ 000 chk  7364
03/12/2019 10:14:00  20.33 °C  60.34 %  881.2 hPa 1.039E-03 g/cm³ 000 chk 27389
03/12/2019 10:15:00  20.28 °C  60.02 %  881.1 hPa 1.040E-03 g/cm³ 000 chk 15751
03/12/2019 10:16:00  20.24 °C  59.62 %  881.1 hPa 1.040E-03 g/cm³ 000 chk 49612
03/12/2019 10:17:00  20.20 °C  60.35 %  881.0 hPa 1.040E-03 g/cm³ 000 chk  7393
03/12/2019 10:18:00  20.16 °C  62.15 %  881.0 hPa 1.040E-03 g/cm³ 000 chk 10722
03/12/2019 10:19:00  20.15 °C  64.38 %  881.0 hPa 1.039E-03 g/cm³ 000 chk 21658
03/12/2019 10:20:00  20.14 °C  66.04 %  881.0 hPa 1.039E-03 g/cm³ 000 chk 19043
03/12/2019 10:21:00  20.14 °C  67.39 %  881.0 hPa 1.039E-03 g/cm³ 000 chk   430
03/12/2019 10:22:00  20.15 °C  68.95 %  880.9 hPa 1.039E-03 g/cm³ 000 chk 29454
03/12/2019 10:23:00  20.16 °C  69.86 %  880.9 hPa 1.039E-03 g/cm³ 000 chk  3289
03/12/2019 10:24:00  20.19 °C  70.91 %  880.9 hPa 1.039E-03 g/cm³ 000 chk 14501
03/12/2019 10:25:00  20.21 °C  71.21 %  880.9 hPa 1.038E-03 g/cm³ 000 chk 64638
03/12/2019 10:26:00  20.24 °C  72.22 %  880.8 hPa 1.038E-03 g/cm³ 000 chk 27428
03/12/2019 10:27:00  20.26 °C  72.95 %  880.8 hPa 1.038E-03 g/cm³ 000 chk 24604
03/12/2019 10:28:00  20.29 °C  73.33 %  880.8 hPa 1.038E-03 g/cm³ 000 chk  9261
03/12/2019 10:29:00  20.33 °C  73.97 %  880.8 hPa 1.038E-03 g/cm³ 000 chk  1703
03/12/2019 10:30:00  20.35 °C  74.53 %  880.8 hPa 1.037E-03 g/cm³ 000 chk 42946
03/12/2019 10:31:00  20.39 °C  74.91 %  880.8 hPa 1.037E-03 g/cm³ 000 chk 40882
03/12/2019 10:32:00  20.42 °C  75.07 %  880.8 hPa 1.037E-03 g/cm³ 000 chk 37052
03/12/2019 10:33:00  20.45 °C  75.26 %  880.7 hPa 1.037E-03 g/cm³ 000 chk  1543
03/12/2019 10:34:00  20.48 °C  75.42 %  880.8 hPa 1.037E-03 g/cm³ 000 chk 23384
03/12/2019 10:35:00  20.50 °C  75.79 %  880.7 hPa 1.036E-03 g/cm³ 000 chk 54486
03/12/2019 10:36:00  20.53 °C  76.11 %  880.7 hPa 1.036E-03 g/cm³ 000 chk 33201
03/12/2019 10:37:00  20.55 °C  76.36 %  880.7 hPa 1.036E-03 g/cm³ 000 chk 19658
03/12/2019 10:38:00  20.57 °C  76.49 %  880.7 hPa 1.036E-03 g/cm³ 000 chk 50397
03/12/2019 10:39:00  20.59 °C  76.66 %  880.7 hPa 1.036E-03 g/cm³ 000 chk 12203
03/12/2019 10:40:00  20.61 °C  76.75 %  880.7 hPa 1.036E-03 g/cm³ 000 chk 47847
03/12/2019 10:41:00  20.64 °C  76.81 %  880.7 hPa 1.036E-03 g/cm³ 000 chk 13103
03/12/2019 10:42:00  20.66 °C  76.90 %  880.7 hPa 1.036E-03 g/cm³ 000 chk 49774
03/12/2019 10:43:00  20.68 °C  76.75 %  880.7 hPa 1.036E-03 g/cm³ 000 chk 23239
03/12/2019 10:44:00  20.70 °C  77.09 %  880.7 hPa 1.035E-03 g/cm³ 000 chk 40126
03/12/2019 10:45:00  20.72 °C  77.11 %  880.7 hPa 1.035E-03 g/cm³ 000 chk 32183
03/12/2019 10:46:00  20.74 °C  77.23 %  880.6 hPa 1.035E-03 g/cm³ 000 chk  1535
03/12/2019 10:47:00  20.76 °C  77.13 %  880.6 hPa 1.035E-03 g/cm³ 000 chk 52399
03/12/2019 10:48:00  20.78 °C  76.95 %  880.6 hPa 1.035E-03 g/cm³ 000 chk 55557
03/12/2019 10:49:00  20.79 °C  77.20 %  880.6 hPa 1.035E-03 g/cm³ 000 chk 10851
03/12/2019 10:50:00  20.81 °C  77.09 %  880.6 hPa 1.035E-03 g/cm³ 000 chk 37485
03/12/2019 10:51:00  20.83 °C  77.26 %  880.5 hPa 1.035E-03 g/cm³ 000 chk 15341
03/12/2019 10:52:00  20.84 °C  76.98 %  880.6 hPa 1.035E-03 g/cm³ 000 chk 44472
03/12/2019 10:53:00  20.85 °C  76.15 %  880.6 hPa 1.035E-03 g/cm³ 000 chk  9911
03/12/2019 10:54:00  20.86 °C  74.29 %  880.6 hPa 1.035E-03 g/cm³ 000 chk 48578
03/12/2019 10:55:00  20.84 °C  72.49 %  880.6 hPa 1.035E-03 g/cm³ 000 chk 54342
03/12/2019 10:56:00  20.82 °C  70.98 %  880.5 hPa 1.035E-03 g/cm³ 000 chk 51225
03/12/2019 10:57:00  20.80 °C  70.59 %  880.5 hPa 1.036E-03 g/cm³ 000 chk 60576
03/12/2019 10:58:00  20.77 °C  69.40 %  880.5 hPa 1.036E-03 g/cm³ 000 chk 45703
03/12/2019 10:59:00  20.74 °C  67.64 %  880.5 hPa 1.036E-03 g/cm³ 000 chk 16024
03/12/2019 11:00:00  20.71 °C  66.16 %  880.5 hPa 1.036E-03 g/cm³ 000 chk 52023
03/12/2019 11:01:00  20.66 °C  64.78 %  880.5 hPa 1.037E-03 g/cm³ 000 chk 25169
03/12/2019 11:02:00  20.62 °C  63.48 %  880.4 hPa 1.037E-03 g/cm³ 000 chk 54218
03/12/2019 11:03:00  20.57 °C  62.84 %  880.5 hPa 1.037E-03 g/cm³ 000 chk 10892
03/12/2019 11:04:00  20.52 °C  62.09 %  880.4 hPa 1.038E-03 g/cm³ 000 chk 42051
03/12/2019 11:05:00  20.47 °C  61.49 %  880.4 hPa 1.038E-03 g/cm³ 000 chk 14370
03/12/2019 11:06:00  20.42 °C  61.29 %  880.4 hPa 1.038E-03 g/cm³ 000 chk 53733
03/12/2019 11:07:00  20.37 °C  60.79 %  880.4 hPa 1.038E-03 g/cm³ 000 chk 20214
03/12/2019 11:08:00  20.33 °C  60.51 %  880.4 hPa 1.038E-03 g/cm³ 000 chk 25084
03/12/2019 11:09:00  20.29 °C  60.27 %  880.3 hPa 1.039E-03 g/cm³ 000 chk 30444
03/12/2019 11:10:00  20.25 °C  59.87 %  880.3 hPa 1.039E-03 g/cm³ 000 chk 28855
03/12/2019 11:11:00  20.21 °C  59.94 %  880.2 hPa 1.039E-03 g/cm³ 000 chk 21357
03/12/2019 11:12:00  20.19 °C  61.79 %  880.2 hPa 1.039E-03 g/cm³ 000 chk 47588
03/12/2019 11:13:00  20.17 °C  64.03 %  880.2 hPa 1.038E-03 g/cm³ 000 chk 39840
03/12/2019 11:14:00  20.16 °C  65.99 %  880.2 hPa 1.038E-03 g/cm³ 000 chk 31811
03/12/2019 11:15:00  20.15 °C  67.31 %  880.2 hPa 1.038E-03 g/cm³ 000 chk 44463
03/12/2019 11:16:00  20.16 °C  68.66 %  880.2 hPa 1.038E-03 g/cm³ 000 chk  4901
03/12/2019 11:17:00  20.18 °C  69.95 %  880.2 hPa 1.038E-03 g/cm³ 000 chk 13756
03/12/2019 11:18:00  20.19 °C  70.99 %  880.1 hPa 1.038E-03 g/cm³ 000 chk 10935
03/12/2019 11:19:00  20.22 °C  71.66 %  880.1 hPa 1.037E-03 g/cm³ 000 chk 13079
03/12/2019 11:20:00  20.24 °C  72.54 %  880.1 hPa 1.037E-03 g/cm³ 000 chk 36533
03/12/2019 11:21:00  20.26 °C  73.25 %  880.1 hPa 1.037E-03 g/cm³ 000 chk 64077
03/12/2019 11:22:00  20.29 °C  73.71 %  880.1 hPa 1.037E-03 g/cm³ 000 chk 51824
03/12/2019 11:23:00  20.32 °C  74.33 %  880.2 hPa 1.037E-03 g/cm³ 000 chk 11539
03/12/2019 11:24:00  20.35 °C  74.51 %  880.2 hPa 1.037E-03 g/cm³ 000 chk  6080
03/12/2019 11:25:00  20.38 °C  75.21 %  880.1 hPa 1.036E-03 g/cm³ 000 chk 15949
03/12/2019 11:26:00  20.41 °C  75.63 %  880.1 hPa 1.036E-03 g/cm³ 000 chk 30509
03/12/2019 11:27:00  20.43 °C  75.91 %  880.2 hPa 1.036E-03 g/cm³ 000 chk 28255
03/12/2019 11:28:00  20.46 °C  76.07 %  880.2 hPa 1.036E-03 g/cm³ 000 chk 59310
03/12/2019 11:29:00  20.48 °C  76.24 %  880.2 hPa 1.036E-03 g/cm³ 000 chk 37083
03/12/2019 11:30:00  20.51 °C  76.49 %  880.2 hPa 1.036E-03 g/cm³ 000 chk 43594
03/12/2019 11:31:00  20.54 °C  76.63 %  880.1 hPa 1.036E-03 g/cm³ 000 chk 44943
03/12/2019 11:32:00  20.57 °C  77.02 %  880.1 hPa 1.035E-03 g/cm³ 000 chk 40595
03/12/2019 11:33:00  20.59 °C  77.16 %  880.1 hPa 1.035E-03 g/cm³ 000 chk 60048
03/12/2019 11:34:00  20.62 °C  77.16 %  880.1 hPa 1.035E-03 g/cm³ 000 chk 45590
03/12/2019 11:35:00  20.65 °C  77.41 %  880.1 hPa 1.035E-03 g/cm³ 000 chk 11887
03/12/2019 11:36:00  20.67 °C  77.44 %  880.1 hPa 1.035E-03 g/cm³ 000 chk 27395
03/12/2019 11:37:00  20.69 °C  77.66 %  880.1 hPa 1.035E-03 g/cm³ 000 chk 61815
03/12/2019 11:38:00  20.71 °C  77.54 %  880.1 hPa 1.035E-03 g/cm³ 000 chk 13770
03/12/2019 11:39:00  20.74 °C  77.73 %  880.0 hPa 1.034E-03 g/cm³ 000 chk 62311
03/12/2019 11:40:00  20.76 °C  77.86 %  880.0 hPa 1.034E-03 g/cm³ 000 chk  5523
03/12/2019 11:41:00  20.78 °C  77.75 %  879.9 hPa 1.034E-03 g/cm³ 000 chk 50674
03/12/2019 11:42:00  20.80 °C  77.83 %  880.0 hPa 1.034E-03 g/cm³ 000 chk 51751
03/12/2019 11:43:00  20.82 °C  77.74 %  880.0 hPa 1.034E-03 g/cm³ 000 chk   426
03/12/2019 11:44:00  20.82 °C  75.08 %  880.0 hPa 1.034E-03 g/cm³ 000 chk 43049
03/12/2019 11:45:00  20.82 °C  73.75 %  880.0 hPa 1.035E-03 g/cm³ 000 chk  5057
03/12/2019 11:46:00  20.80 °C  71.78 %  880.0 hPa 1.035E-03 g/cm³ 000 chk 56980
03/12/2019 11:47:00  20.77 °C  70.32 %  880.0 hPa 1.035E-03 g/cm³ 000 chk 38053
03/12/2019 11:48:00  20.74 °C  68.52 %  879.9 hPa 1.035E-03 g/cm³ 000 chk 51655
03/12/2019 11:49:00  20.71 °C  67.39 %  879.9 hPa 1.036E-03 g/cm³ 000 chk 23476
03/12/2019 11:50:00  20.66 °C  66.07 %  879.9 hPa 1.036E-03 g/cm³ 000 chk 60458
03/12/2019 11:51:00  20.62 °C  65.83 %  879.9 hPa 1.036E-03 g/cm³ 000 chk 50375
03/12/2019 11:52:00  20.58 °C  64.70 %  879.9 hPa 1.036E-03 g/cm³ 000 chk 49568
03/12/2019 11:53:00  20.54 °C  64.30 %  879.8 hPa 1.037E-03 g/cm³ 000 chk 23341
03/12/2019 11:54:00  20.50 °C  63.79 %  879.8 hPa 1.037E-03 g/cm³ 000 chk 64693
03/12/2019 11:55:00  20.46 °C  63.54 %  879.8 hPa 1.037E-03 g/cm³ 000 chk  4956
03/12/2019 11:56:00  20.42 °C  63.16 %  879.8 hPa 1.037E-03 g/cm³ 000 chk 12545
03/12/2019 11:57:00  20.39 °C  63.08 %  879.7 hPa 1.037E-03 g/cm³ 000 chk 46643
03/12/2019 11:58:00  20.35 °C  62.76 %  879.7 hPa 1.037E-03 g/cm³ 000 chk 10675
03/12/2019 11:59:00  20.33 °C  62.39 %  879.7 hPa 1.037E-03 g/cm³ 000 chk  3108
03/12/2019 12:00:00  20.30 °C  62.23 %  879.7 hPa 1.038E-03 g/cm³ 000 chk 42959
03/12/2019 12:01:00  20.27 °C  62.21 %  879.6 hPa 1.038E-03 g/cm³ 000 chk  3050
03/12/2019 12:02:00  20.25 °C  61.89 %  879.6 hPa 1.038E-03 g/cm³ 000 chk 52881
03/12/2019 12:03:00  20.23 °C  61.96 %  879.6 hPa 1.038E-03 g/cm³ 000 chk 60319
03/12/2019 12:04:00  20.20 °C  61.66 %  879.7 hPa 1.038E-03 g/cm³ 000 chk 29786
03/12/2019 12:05:00  20.17 °C  61.39 %  879.7 hPa 1.038E-03 g/cm³ 000 chk 61842
03/12/2019 12:06:00  20.14 °C  62.08 %  879.6 hPa 1.038E-03 g/cm³ 000 chk 22587
03/12/2019 12:07:00  20.13 °C  64.06 %  879.7 hPa 1.038E-03 g/cm³ 000 chk 39105
03/12/2019 12:08:00  20.12 °C  65.87 %  879.6 hPa 1.038E-03 g/cm³ 000 chk 35956
03/12/2019 12:09:00  20.12 °C  67.61 %  879.5 hPa 1.037E-03 g/cm³ 000 chk  9948
03/12/2019 12:10:00  20.13 °C  68.92 %  879.6 hPa 1.037E-03 g/cm³ 000 chk 16085
03/12/2019 12:11:00  20.14 °C  70.09 %  879.6 hPa 1.037E-03 g/cm³ 000 chk 13837
03/12/2019 12:12:00  20.16 °C  71.03 %  879.6 hPa 1.037E-03 g/cm³ 000 chk  2174
03/12/2019 12:13:00  20.19 °C  71.73 %  879.6 hPa 1.037E-03 g/cm³ 000 chk 39250
03/12/2019 12:14:00  20.21 °C  72.57 %  879.6 hPa 1.037E-03 g/cm³ 000 chk 30698
03/12/2019 12:15:00  20.24 °C  73.59 %  879.6 hPa 1.037E-03 g/cm³ 000 chk  7574
03/12/2019 12:16:00  20.27 °C  74.04 %  879.6 hPa 1.036E-03 g/cm³ 000 chk  4401
03/12/2019 12:17:00  20.30 °C  74.59 %  879.6 hPa 1.036E-03 g/cm³ 000 chk 45018
03/12/2019 12:18:00  20.33 °C  75.27 %  879.5 hPa 1.036E-03 g/cm³ 000 chk 33007
03/12/2019 12:19:00  20.35 °C  75.60 %  879.6 hPa 1.036E-03 g/cm³ 000 chk  1669
03/12/2019 12:20:00  20.38 °C  75.96 %  879.6 hPa 1.036E-03 g/cm³ 000 chk   657
03/12/2019 12:21:00  20.41 °C  76.23 %  879.6 hPa 1.035E-03 g/cm³ 000 chk 44404
03/12/2019 12:22:00  20.44 °C  76.41 %  879.6 hPa 1.035E-03 g/cm³ 000 chk 57010
03/12/2019 12:23:00  20.46 °C  76.76 %  879.6 hPa 1.035E-03 g/cm³ 000 chk  5347
03/12/2019 12:24:00  20.49 °C  77.13 %  879.6 hPa 1.035E-03 g/cm³ 000 chk 29474
03/12/2019 12:25:00  20.52 °C  77.37 %  879.6 hPa 1.035E-03 g/cm³ 000 chk   257
03/12/2019 12:26:00  20.55 °C  77.26 %  879.5 hPa 1.035E-03 g/cm³ 000 chk 60793
03/12/2019 12:27:00  20.57 °C  77.72 %  879.6 hPa 1.035E-03 g/cm³ 000 chk  6969
03/12/2019 12:28:00  20.59 °C  77.81 %  879.5 hPa 1.035E-03 g/cm³ 000 chk 36018
03/12/2019 12:29:00  20.61 °C  77.66 %  879.5 hPa 1.034E-03 g/cm³ 000 chk 56301
03/12/2019 12:30:00  20.64 °C  77.84 %  879.5 hPa 1.034E-03 g/cm³ 000 chk 37518
03/12/2019 12:31:00  20.66 °C  78.07 %  879.5 hPa 1.034E-03 g/cm³ 000 chk  7550
03/12/2019 12:32:00  20.68 °C  78.06 %  879.5 hPa 1.034E-03 g/cm³ 000 chk  9498
03/12/2019 12:33:00  20.70 °C  77.98 %  879.5 hPa 1.034E-03 g/cm³ 000 chk 59097
03/12/2019 12:34:00  20.72 °C  78.29 %  879.5 hPa 1.034E-03 g/cm³ 000 chk 52354
03/12/2019 12:35:00  20.74 °C  78.02 %  879.5 hPa 1.034E-03 g/cm³ 000 chk 40442
03/12/2019 12:36:00  20.75 °C  75.94 %  879.6 hPa 1.034E-03 g/cm³ 000 chk 34794
03/12/2019 12:37:00  20.75 °C  73.84 %  879.5 hPa 1.034E-03 g/cm³ 000 chk  1744
03/12/2019 12:38:00  20.74 °C  71.62 %  879.5 hPa 1.034E-03 g/cm³ 000 chk  6393
03/12/2019 12:39:00  20.71 °C  69.58 %  879.5 hPa 1.035E-03 g/cm³ 000 chk 40784
03/12/2019 12:40:00  20.68 °C  68.02 %  879.5 hPa 1.035E-03 g/cm³ 000 chk 28500
03/12/2019 12:41:00  20.65 °C  67.01 %  879.5 hPa 1.035E-03 g/cm³ 000 chk 55943
03/12/2019 12:42:00  20.62 °C  65.97 %  879.5 hPa 1.036E-03 g/cm³ 000 chk 56848
03/12/2019 12:43:00  20.58 °C  64.77 %  879.4 hPa 1.036E-03 g/cm³ 000 chk 32836
03/12/2019 12:44:00  20.54 °C  64.14 %  879.4 hPa 1.036E-03 g/cm³ 000 chk 27610
03/12/2019 12:45:00  20.50 °C  63.85 %  879.3 hPa 1.036E-03 g/cm³ 000 chk 46279
03/12/2019 12:46:00  20.47 °C  63.45 %  879.3 hPa 1.036E-03 g/cm³ 000 chk 28448
03/12/2019 12:47:00  20.43 °C  62.75 %  879.4 hPa 1.037E-03 g/cm³ 000 chk 64642
03/12/2019 12:48:00  20.39 °C  62.56 %  879.3 hPa 1.037E-03 g/cm³ 000 chk 47966
03/12/2019 12:49:00  20.35 °C  61.92 %  879.3 hPa 1.037E-03 g/cm³ 000 chk 40201
03/12/2019 12:50:00  20.31 °C  61.82 %  879.4 hPa 1.037E-03 g/cm³ 000 chk 45226
03/12/2019 12:51:00  20.27 °C  61.72 %  879.4 hPa 1.037E-03 g/cm³ 000 chk 61361
03/12/2019 12:52:00  20.24 °C  63.80 %  879.3 hPa 1.037E-03 g/cm³ 000 chk 14118
03/12/2019 12:53:00  20.23 °C  65.78 %  879.3 hPa 1.037E-03 g/cm³ 000 chk 57635
03/12/2019 12:54:00  20.23 °C  68.03 %  879.2 hPa 1.037E-03 g/cm³ 000 chk 16971
03/12/2019 12:55:00  20.23 °C  69.58 %  879.3 hPa 1.037E-03 g/cm³ 000 chk  7740
03/12/2019 12:56:00  20.24 °C  71.05 %  879.3 hPa 1.036E-03 g/cm³ 000 chk 60594
03/12/2019 12:57:00  20.26 °C  71.84 %  879.3 hPa 1.036E-03 g/cm³ 000 chk  2557
03/12/2019 12:58:00  20.28 °C  73.39 %  879.2 hPa 1.036E-03 g/cm³ 000 chk 35409
03/12/2019 12:59:00  20.30 °C  73.85 %  879.3 hPa 1.036E-03 g/cm³ 000 chk  6690
03/12/2019 13:00:00  20.32 °C  74.80 %  879.3 hPa 1.036E-03 g/cm³ 000 chk 47430
03/12/2019 13:01:00  20.35 °C  75.25 %  879.1 hPa 1.035E-03 g/cm³ 000 chk 40289
03/12/2019 13:02:00  20.37 °C  75.38 %  879.1 hPa 1.035E-03 g/cm³ 000 chk 61475
03/12/2019 13:03:00  20.40 °C  75.82 %  879.0 hPa 1.035E-03 g/cm³ 000 chk 54911
03/12/2019 13:04:00  20.43 °C  76.45 %  879.0 hPa 1.035E-03 g/cm³ 000 chk 17343
03/12/2019 13:05:00  20.47 °C  76.62 %  879.1 hPa 1.035E-03 g/cm³ 000 chk  5139
03/12/2019 13:06:00  20.50 °C  76.66 %  879.1 hPa 1.034E-03 g/cm³ 000 chk 47848
03/12/2019 13:07:00  20.54 °C  77.17 %  879.1 hPa 1.034E-03 g/cm³ 000 chk 27285
03/12/2019 13:08:00  20.57 °C  77.32 %  879.0 hPa 1.034E-03 g/cm³ 000 chk 63628
03/12/2019 13:09:00  20.61 °C  77.58 %  879.0 hPa 1.034E-03 g/cm³ 000 chk 30195
03/12/2019 13:10:00  20.64 °C  77.62 %  879.0 hPa 1.034E-03 g/cm³ 000 chk  5474
03/12/2019 13:11:00  20.67 °C  78.10 %  879.0 hPa 1.033E-03 g/cm³ 000 chk 58815
03/12/2019 13:12:00  20.70 °C  77.98 %  879.0 hPa 1.033E-03 g/cm³ 000 chk 58961
03/12/2019 13:13:00  20.73 °C  78.10 %  879.0 hPa 1.033E-03 g/cm³ 000 chk 26467
03/12/2019 13:14:00  20.77 °C  78.29 %  879.0 hPa 1.033E-03 g/cm³ 000 chk 12392
03/12/2019 13:15:00  20.80 °C  78.55 %  879.0 hPa 1.033E-03 g/cm³ 000 chk  1074
03/12/2019 13:16:00  20.84 °C  78.19 %  879.0 hPa 1.033E-03 g/cm³ 000 chk  8301
03/12/2019 13:17:00  20.87 °C  75.56 %  879.0 hPa 1.033E-03 g/cm³ 000 chk 50105
03/12/2019 13:18:00  20.88 °C  73.55 %  879.1 hPa 1.033E-03 g/cm³ 000 chk 54975
03/12/2019 13:19:00  20.87 °C  71.05 %  879.0 hPa 1.034E-03 g/cm³ 000 chk  7392
03/12/2019 13:20:00  20.85 °C  69.35 %  879.0 hPa 1.034E-03 g/cm³ 000 chk  1308
03/12/2019 13:21:00  20.82 °C  68.46 %  879.0 hPa 1.034E-03 g/cm³ 000 chk 48419
03/12/2019 13:22:00  20.78 °C  67.56 %  879.0 hPa 1.034E-03 g/cm³ 000 chk 26792
03/12/2019 13:23:00  20.74 °C  66.34 %  879.0 hPa 1.034E-03 g/cm³ 000 chk 49654
03/12/2019 13:24:00  20.70 °C  66.18 %  879.0 hPa 1.035E-03 g/cm³ 000 chk 53008
03/12/2019 13:25:00  20.65 °C  64.79 %  878.9 hPa 1.035E-03 g/cm³ 000 chk 57143
03/12/2019 13:26:00  20.62 °C  64.70 %  878.9 hPa 1.035E-03 g/cm³ 000 chk 20638
03/12/2019 13:27:00  20.58 °C  66.69 %  878.9 hPa 1.035E-03 g/cm³ 000 chk   785
03/12/2019 13:28:00  20.56 °C  68.76 %  878.9 hPa 1.035E-03 g/cm³ 000 chk 57923
03/12/2019 13:29:00  20.55 °C  70.47 %  878.8 hPa 1.035E-03 g/cm³ 000 chk 43000
03/12/2019 13:30:00  20.54 °C  72.04 %  878.8 hPa 1.035E-03 g/cm³ 000 chk 42389
03/12/2019 13:31:00  20.54 °C  73.08 %  878.8 hPa 1.034E-03 g/cm³ 000 chk  1007
03/12/2019 13:32:00  20.54 °C  73.88 %  878.7 hPa 1.034E-03 g/cm³ 000 chk 22889
03/12/2019 13:33:00  20.54 °C  74.61 %  878.7 hPa 1.034E-03 g/cm³ 000 chk  1816
03/12/2019 13:34:00  20.55 °C  74.97 %  878.8 hPa 1.034E-03 g/cm³ 000 chk 51210
03/12/2019 13:35:00  20.56 °C  75.68 %  878.8 hPa 1.034E-03 g/cm³ 000 chk 59993
03/12/2019 13:36:00  20.57 °C  76.01 %  878.8 hPa 1.034E-03 g/cm³ 000 chk 12732
03/12/2019 13:37:00  20.59 °C  76.35 %  878.8 hPa 1.034E-03 g/cm³ 000 chk 34276
03/12/2019 13:38:00  20.60 °C  76.32 %  878.8 hPa 1.034E-03 g/cm³ 000 chk 59596
03/12/2019 13:39:00  20.62 °C  76.78 %  878.7 hPa 1.034E-03 g/cm³ 000 chk 46941
03/12/2019 13:40:00  20.63 °C  76.98 %  878.7 hPa 1.034E-03 g/cm³ 000 chk 64198
03/12/2019 13:41:00  20.65 °C  77.08 %  878.7 hPa 1.033E-03 g/cm³ 000 chk 26617
03/12/2019 13:42:00  20.67 °C  77.09 %  878.7 hPa 1.033E-03 g/cm³ 000 chk 22164
03/12/2019 13:43:00  20.69 °C  77.18 %  878.7 hPa 1.033E-03 g/cm³ 000 chk 48023
03/12/2019 13:44:00  20.72 °C  77.06 %  878.7 hPa 1.033E-03 g/cm³ 000 chk 33821
03/12/2019 13:45:00  20.75 °C  77.21 %  878.7 hPa 1.033E-03 g/cm³ 000 chk 55462
03/12/2019 13:46:00  20.77 °C  77.10 %  878.7 hPa 1.033E-03 g/cm³ 000 chk 59836
03/12/2019 13:47:00  20.80 °C  77.17 %  878.7 hPa 1.033E-03 g/cm³ 000 chk 33318
03/12/2019 13:48:00  20.83 °C  77.12 %  878.7 hPa 1.033E-03 g/cm³ 000 chk 10544
03/12/2019 13:49:00  20.85 °C  77.11 %  878.7 hPa 1.033E-03 g/cm³ 000 chk 20497
03/12/2019 13:50:00  20.87 °C  77.02 %  878.7 hPa 1.032E-03 g/cm³ 000 chk 49244
03/12/2019 13:51:00  20.89 °C  77.00 %  878.7 hPa 1.032E-03 g/cm³ 000 chk 39539
03/12/2019 13:52:00  20.90 °C  76.84 %  878.7 hPa 1.032E-03 g/cm³ 000 chk  4022
03/12/2019 13:53:00  20.91 °C  76.70 %  878.7 hPa 1.032E-03 g/cm³ 000 chk 16760
03/12/2019 13:54:00  20.92 °C  76.77 %  878.7 hPa 1.032E-03 g/cm³ 000 chk  9539
03/12/2019 13:55:00  20.94 °C  76.74 %  878.7 hPa 1.032E-03 g/cm³ 000 chk 23650
03/12/2019 13:56:00  20.95 °C  76.72 %  878.7 hPa 1.032E-03 g/cm³ 000 chk 40013
03/12/2019 13:57:00  20.96 °C  76.53 %  878.7 hPa 1.032E-03 g/cm³ 000 chk 59888
03/12/2019 13:58:00  20.96 °C  76.08 %  878.7 hPa 1.032E-03 g/cm³ 000 chk 46654
03/12/2019 13:59:00  20.96 °C  74.15 %  878.6 hPa 1.032E-03 g/cm³ 000 chk 13531
03/12/2019 14:00:00  20.96 °C  72.26 %  878.6 hPa 1.032E-03 g/cm³ 000 chk 16598
03/12/2019 14:01:00  20.94 °C  70.35 %  878.6 hPa 1.033E-03 g/cm³ 000 chk 24103
03/12/2019 14:02:00  20.90 °C  68.34 %  878.6 hPa 1.033E-03 g/cm³ 000 chk 49841
03/12/2019 14:03:00  20.87 °C  67.42 %  878.7 hPa 1.034E-03 g/cm³ 000 chk 10414
03/12/2019 14:04:00  20.83 °C  66.01 %  878.7 hPa 1.034E-03 g/cm³ 000 chk 23928
03/12/2019 14:05:00  20.79 °C  65.23 %  878.7 hPa 1.034E-03 g/cm³ 000 chk  1879
03/12/2019 14:06:00  20.75 °C  64.65 %  878.6 hPa 1.034E-03 g/cm³ 000 chk 63052
03/12/2019 14:07:00  20.70 °C  63.89 %  878.6 hPa 1.034E-03 g/cm³ 000 chk 26619
03/12/2019 14:08:00  20.65 °C  63.59 %  878.6 hPa 1.035E-03 g/cm³ 000 chk 24776
03/12/2019 14:09:00  20.61 °C  63.00 %  878.6 hPa 1.035E-03 g/cm³ 000 chk  2288
03/12/2019 14:10:00  20.58 °C  62.76 %  878.6 hPa 1.035E-03 g/cm³ 000 chk 23665
03/12/2019 14:11:00  20.54 °C  62.16 %  878.5 hPa 1.035E-03 g/cm³ 000 chk 46285
03/12/2019 14:12:00  20.50 °C  61.80 %  878.5 hPa 1.036E-03 g/cm³ 000 chk 53765
03/12/2019 14:13:00  20.45 °C  61.64 %  878.6 hPa 1.036E-03 g/cm³ 000 chk 32911
03/12/2019 14:14:00  20.42 °C  61.42 %  878.6 hPa 1.036E-03 g/cm³ 000 chk  3816
03/12/2019 14:15:00  20.38 °C  61.25 %  878.6 hPa 1.036E-03 g/cm³ 000 chk 63963
03/12/2019 14:16:00  20.35 °C  61.38 %  878.5 hPa 1.036E-03 g/cm³ 000 chk  9260
03/12/2019 14:17:00  20.33 °C  61.28 %  878.6 hPa 1.036E-03 g/cm³ 000 chk 41438
03/12/2019 14:18:00  20.30 °C  61.23 %  878.6 hPa 1.036E-03 g/cm³ 000 chk  3274
03/12/2019 14:19:00  20.26 °C  60.61 %  878.6 hPa 1.037E-03 g/cm³ 000 chk 38931
03/12/2019 14:20:00  20.24 °C  60.29 %  878.5 hPa 1.037E-03 g/cm³ 000 chk 60334
03/12/2019 14:21:00  20.21 °C  60.40 %  878.5 hPa 1.037E-03 g/cm³ 000 chk  4641
03/12/2019 14:22:00  20.18 °C  60.51 %  878.5 hPa 1.037E-03 g/cm³ 000 chk 11935
03/12/2019 14:23:00  20.16 °C  60.49 %  878.5 hPa 1.037E-03 g/cm³ 000 chk 50847
03/12/2019 14:24:00  20.13 °C  60.74 %  878.5 hPa 1.037E-03 g/cm³ 000 chk 29781
03/12/2019 14:25:00  20.11 °C  60.65 %  878.5 hPa 1.037E-03 g/cm³ 000 chk 36959
03/12/2019 14:26:00  20.10 °C  60.99 %  878.5 hPa 1.037E-03 g/cm³ 000 chk  9176
03/12/2019 14:27:00  20.09 °C  60.99 %  878.5 hPa 1.037E-03 g/cm³ 000 chk 34338
03/12/2019 14:28:00  20.08 °C  60.69 %  878.4 hPa 1.037E-03 g/cm³ 000 chk 12104
03/12/2019 14:29:00  20.06 °C  60.60 %  878.4 hPa 1.037E-03 g/cm³ 000 chk 60005
03/12/2019 14:30:00  20.05 °C  60.37 %  878.4 hPa 1.037E-03 g/cm³ 000 chk 24477
03/12/2019 14:31:00  20.03 °C  60.51 %  878.5 hPa 1.037E-03 g/cm³ 000 chk 17926
03/12/2019 14:32:00  20.02 °C  60.48 %  878.5 hPa 1.037E-03 g/cm³ 000 chk 44294
03/12/2019 14:33:00  20.01 °C  60.53 %  878.4 hPa 1.037E-03 g/cm³ 000 chk 21403
03/12/2019 14:34:00  20.00 °C  60.57 %  878.4 hPa 1.037E-03 g/cm³ 000 chk  8995
03/12/2019 14:35:00  19.99 °C  60.10 %  878.4 hPa 1.038E-03 g/cm³ 000 chk 64785
03/12/2019 14:36:00  19.98 °C  60.40 %  878.5 hPa 1.038E-03 g/cm³ 000 chk 10995
03/12/2019 14:37:00  19.97 °C  60.40 %  878.5 hPa 1.038E-03 g/cm³ 000 chk 31517
03/12/2019 14:38:00  19.96 °C  60.25 %  878.5 hPa 1.038E-03 g/cm³ 000 chk 45926
03/12/2019 14:39:00  19.95 °C  60.33 %  878.5 hPa 1.038E-03 g/cm³ 000 chk 50605
03/12/2019 14:40:00  19.94 °C  60.38 %  878.5 hPa 1.038E-03 g/cm³ 000 chk 54963
03/12/2019 14:41:00  19.94 °C  60.58 %  878.5 hPa 1.038E-03 g/cm³ 000 chk 31993
03/12/2019 14:42:00  19.94 °C  60.52 %  878.5 hPa 1.038E-03 g/cm³ 000 chk 45333
03/12/2019 14:43:00  19.94 °C  60.30 %  878.5 hPa 1.038E-03 g/cm³ 000 chk 33118
03/12/2019 14:44:00  19.93 °C  60.09 %  878.5 hPa 1.038E-03 g/cm³ 000 chk  9238
03/12/2019 14:45:00  19.93 °C  60.41 %  878.5 hPa 1.038E-03 g/cm³ 000 chk 42501
03/12/2019 14:46:00  19.91 °C  60.20 %  878.4 hPa 1.038E-03 g/cm³ 000 chk 28370
03/12/2019 14:47:00  19.91 °C  61.05 %  878.4 hPa 1.038E-03 g/cm³ 000 chk  3377
03/12/2019 14:48:00  19.91 °C  60.90 %  878.4 hPa 1.038E-03 g/cm³ 000 chk 50493
03/12/2019 14:49:00  19.91 °C  60.64 %  878.4 hPa 1.038E-03 g/cm³ 000 chk  6707
03/12/2019 14:50:00  19.92 °C  60.76 %  878.5 hPa 1.038E-03 g/cm³ 000 chk  3882
03/12/2019 14:51:00  19.91 °C  60.31 %  878.4 hPa 1.038E-03 g/cm³ 000 chk 27949
03/12/2019 14:52:00  19.92 °C  61.11 %  878.4 hPa 1.038E-03 g/cm³ 000 chk 28870
03/12/2019 14:53:00  19.92 °C  61.46 %  878.5 hPa 1.038E-03 g/cm³ 000 chk  8366
03/12/2019 14:54:00  19.94 °C  63.76 %  878.5 hPa 1.037E-03 g/cm³ 000 chk 30033
03/12/2019 14:55:00  19.95 °C  65.65 %  878.5 hPa 1.037E-03 g/cm³ 000 chk 22868
03/12/2019 14:56:00  19.97 °C  68.39 %  878.5 hPa 1.037E-03 g/cm³ 000 chk 35111
03/12/2019 14:57:00  20.00 °C  69.74 %  878.4 hPa 1.037E-03 g/cm³ 000 chk  8859
03/12/2019 14:58:00  20.03 °C  70.46 %  878.5 hPa 1.036E-03 g/cm³ 000 chk 59916
03/12/2019 14:59:00  20.07 °C  71.71 %  878.5 hPa 1.036E-03 g/cm³ 000 chk  5316
03/12/2019 15:00:00  20.11 °C  72.53 %  878.5 hPa 1.036E-03 g/cm³ 000 chk  8987
03/12/2019 15:01:00  20.15 °C  73.45 %  878.5 hPa 1.036E-03 g/cm³ 000 chk 61577
03/12/2019 15:02:00  20.18 °C  74.25 %  878.4 hPa 1.035E-03 g/cm³ 000 chk  7943
03/12/2019 15:03:00  20.22 °C  74.41 %  878.3 hPa 1.035E-03 g/cm³ 000 chk 62425
03/12/2019 15:04:00  20.26 °C  74.68 %  878.3 hPa 1.035E-03 g/cm³ 000 chk 25854
03/12/2019 15:05:00  20.31 °C  75.80 %  878.3 hPa 1.034E-03 g/cm³ 000 chk  4822
03/12/2019 15:06:00  20.35 °C  75.65 %  878.3 hPa 1.034E-03 g/cm³ 000 chk 12984
03/12/2019 15:07:00  20.40 °C  76.31 %  878.4 hPa 1.034E-03 g/cm³ 000 chk 55099
03/12/2019 15:08:00  20.44 °C  75.98 %  878.4 hPa 1.034E-03 g/cm³ 000 chk  9342
03/12/2019 15:09:00  20.48 °C  76.50 %  878.4 hPa 1.034E-03 g/cm³ 000 chk 40490
03/12/2019 15:10:00  20.53 °C  76.70 %  878.4 hPa 1.034E-03 g/cm³ 000 chk 30351
03/12/2019 15:11:00  20.56 °C  76.88 %  878.4 hPa 1.033E-03 g/cm³ 000 chk 24835
03/12/2019 15:12:00  20.60 °C  76.86 %  878.4 hPa 1.033E-03 g/cm³ 000 chk 36312
03/12/2019 15:13:00  20.63 °C  75.22 %  878.4 hPa 1.033E-03 g/cm³ 000 chk 20523
03/12/2019 15:14:00  20.65 °C  72.57 %  878.4 hPa 1.033E-03 g/cm³ 000 chk  2116
03/12/2019 15:15:00  20.66 °C  70.72 %  878.4 hPa 1.034E-03 g/cm³ 000 chk 27524
03/12/2019 15:16:00  20.67 °C  69.39 %  878.4 hPa 1.034E-03 g/cm³ 000 chk 33662
03/12/2019 15:17:00  20.66 °C  67.40 %  878.4 hPa 1.034E-03 g/cm³ 000 chk  7545
03/12/2019 15:18:00  20.64 °C  66.19 %  878.4 hPa 1.034E-03 g/cm³ 000 chk 11049
03/12/2019 15:19:00  20.62 °C  65.22 %  878.4 hPa 1.034E-03 g/cm³ 000 chk 19034
03/12/2019 15:20:00  20.61 °C  64.33 %  878.3 hPa 1.034E-03 g/cm³ 000 chk  6388
03/12/2019 15:21:00  20.59 °C  63.54 %  878.3 hPa 1.035E-03 g/cm³ 000 chk 48787
03/12/2019 15:22:00  20.57 °C  62.70 %  878.3 hPa 1.035E-03 g/cm³ 000 chk 20400
03/12/2019 15:23:00  20.54 °C  61.95 %  878.3 hPa 1.035E-03 g/cm³ 000 chk 49143
03/12/2019 15:24:00  20.51 °C  61.93 %  878.3 hPa 1.035E-03 g/cm³ 000 chk 37448
03/12/2019 15:25:00  20.49 °C  62.00 %  878.3 hPa 1.035E-03 g/cm³ 000 chk  8208
03/12/2019 15:26:00  20.47 °C  61.40 %  878.3 hPa 1.035E-03 g/cm³ 000 chk 50663
03/12/2019 15:27:00  20.45 °C  60.94 %  878.3 hPa 1.035E-03 g/cm³ 000 chk 10541
03/12/2019 15:28:00  20.44 °C  60.90 %  878.4 hPa 1.035E-03 g/cm³ 000 chk 25107
03/12/2019 15:29:00  20.43 °C  60.38 %  878.4 hPa 1.036E-03 g/cm³ 000 chk  5505
03/12/2019 15:30:00  20.42 °C  60.14 %  878.4 hPa 1.036E-03 g/cm³ 000 chk 39994
03/12/2019 15:31:00  20.40 °C  59.53 %  878.3 hPa 1.036E-03 g/cm³ 000 chk 45632
03/12/2019 15:32:00  20.38 °C  59.84 %  878.4 hPa 1.036E-03 g/cm³ 000 chk 39951
03/12/2019 15:33:00  20.36 °C  59.35 %  878.4 hPa 1.036E-03 g/cm³ 000 chk 28734
03/12/2019 15:34:00  20.34 °C  59.43 %  878.5 hPa 1.036E-03 g/cm³ 000 chk 20818
03/12/2019 15:35:00  20.31 °C  59.59 %  878.5 hPa 1.036E-03 g/cm³ 000 chk  7967
03/12/2019 15:36:00  20.27 °C  59.70 %  878.5 hPa 1.037E-03 g/cm³ 000 chk 37245
03/12/2019 15:37:00  20.25 °C  61.91 %  878.5 hPa 1.036E-03 g/cm³ 000 chk 44610
03/12/2019 15:38:00  20.24 °C  64.32 %  878.5 hPa 1.036E-03 g/cm³ 000 chk 55695
03/12/2019 15:39:00  20.24 °C  66.60 %  878.5 hPa 1.036E-03 g/cm³ 000 chk 35208
03/12/2019 15:40:00  20.24 °C  67.89 %  878.6 hPa 1.036E-03 g/cm³ 000 chk 35635
03/12/2019 15:41:00  20.26 °C  69.54 %  878.6 hPa 1.036E-03 g/cm³ 000 chk 37444
03/12/2019 15:42:00  20.27 °C  71.05 %  878.6 hPa 1.036E-03 g/cm³ 000 chk 22669
03/12/2019 15:43:00  20.28 °C  72.41 %  878.6 hPa 1.035E-03 g/cm³ 000 chk 19635
03/12/2019 15:44:00  20.30 °C  72.96 %  878.6 hPa 1.035E-03 g/cm³ 000 chk 34213
03/12/2019 15:45:00  20.33 °C  73.69 %  878.7 hPa 1.035E-03 g/cm³ 000 chk 24226
03/12/2019 15:46:00  20.35 °C  74.32 %  878.7 hPa 1.035E-03 g/cm³ 000 chk 59906
03/12/2019 15:47:00  20.38 °C  74.90 %  878.7 hPa 1.035E-03 g/cm³ 000 chk 17244
03/12/2019 15:48:00  20.41 °C  74.64 %  878.6 hPa 1.034E-03 g/cm³ 000 chk 41741
03/12/2019 15:49:00  20.44 °C  75.26 %  878.6 hPa 1.034E-03 g/cm³ 000 chk 38343
03/12/2019 15:50:00  20.48 °C  75.35 %  878.7 hPa 1.034E-03 g/cm³ 000 chk 38549
03/12/2019 15:51:00  20.52 °C  75.63 %  878.7 hPa 1.034E-03 g/cm³ 000 chk 12213
03/12/2019 15:52:00  20.56 °C  75.69 %  878.7 hPa 1.034E-03 g/cm³ 000 chk  9567
03/12/2019 15:53:00  20.60 °C  75.72 %  878.7 hPa 1.034E-03 g/cm³ 000 chk 34275
03/12/2019 15:54:00  20.64 °C  75.76 %  878.8 hPa 1.034E-03 g/cm³ 000 chk 34717
03/12/2019 15:55:00  20.68 °C  75.73 %  878.8 hPa 1.033E-03 g/cm³ 000 chk 49015
03/12/2019 15:56:00  20.72 °C  76.17 %  878.9 hPa 1.033E-03 g/cm³ 000 chk 32793
03/12/2019 15:57:00  20.75 °C  75.14 %  878.9 hPa 1.033E-03 g/cm³ 000 chk 39135
03/12/2019 15:58:00  20.78 °C  73.06 %  878.9 hPa 1.033E-03 g/cm³ 000 chk 14883
03/12/2019 15:59:00  20.80 °C  71.42 %  878.9 hPa 1.034E-03 g/cm³ 000 chk 32570
03/12/2019 16:00:00  20.80 °C  69.96 %  878.8 hPa 1.034E-03 g/cm³ 000 chk 54569
03/12/2019 16:01:00  20.80 °C  69.50 %  878.8 hPa 1.034E-03 g/cm³ 000 chk 36945
03/12/2019 16:02:00  20.80 °C  68.56 %  878.9 hPa 1.034E-03 g/cm³ 000 chk 43254
03/12/2019 16:03:00  20.80 °C  67.85 %  878.8 hPa 1.034E-03 g/cm³ 000 chk 48456
03/12/2019 16:04:00  20.79 °C  66.20 %  878.9 hPa 1.034E-03 g/cm³ 000 chk 29182
03/12/2019 16:05:00  20.77 °C  65.03 %  878.9 hPa 1.034E-03 g/cm³ 000 chk 63148
03/12/2019 16:06:00  20.75 °C  63.94 %  878.9 hPa 1.035E-03 g/cm³ 000 chk 34824
03/12/2019 16:07:00  20.71 °C  61.73 %  878.9 hPa 1.035E-03 g/cm³ 000 chk 18199
03/12/2019 16:08:00  20.68 °C  61.53 %  879.0 hPa 1.035E-03 g/cm³ 000 chk 31047
03/12/2019 16:09:00  20.65 °C  60.41 %  878.9 hPa 1.035E-03 g/cm³ 000 chk 45083
03/12/2019 16:10:00  20.61 °C  59.97 %  878.9 hPa 1.036E-03 g/cm³ 000 chk 22478
03/12/2019 16:11:00  20.57 °C  59.26 %  878.9 hPa 1.036E-03 g/cm³ 000 chk 33859
03/12/2019 16:12:00  20.54 °C  59.33 %  878.9 hPa 1.036E-03 g/cm³ 000 chk 37059
03/12/2019 16:13:00  20.50 °C  58.99 %  878.9 hPa 1.036E-03 g/cm³ 000 chk  7756
03/12/2019 16:14:00  20.46 °C  59.04 %  879.0 hPa 1.036E-03 g/cm³ 000 chk 44666
03/12/2019 16:15:00  20.42 °C  58.64 %  878.9 hPa 1.036E-03 g/cm³ 000 chk 25130
03/12/2019 16:16:00  20.39 °C  58.55 %  878.9 hPa 1.037E-03 g/cm³ 000 chk 65482
03/12/2019 16:17:00  20.35 °C  58.47 %  878.9 hPa 1.037E-03 g/cm³ 000 chk  1610
03/12/2019 16:18:00  20.31 °C  58.30 %  878.9 hPa 1.037E-03 g/cm³ 000 chk 49882
03/12/2019 16:19:00  20.26 °C  58.53 %  878.9 hPa 1.037E-03 g/cm³ 000 chk 31300
03/12/2019 16:20:00  20.23 °C  58.62 %  878.8 hPa 1.037E-03 g/cm³ 000 chk 19414
03/12/2019 16:21:00  20.19 °C  59.33 %  878.9 hPa 1.037E-03 g/cm³ 000 chk 14749
03/12/2019 16:22:00  20.16 °C  61.39 %  878.8 hPa 1.037E-03 g/cm³ 000 chk 11312
03/12/2019 16:23:00  20.15 °C  63.00 %  878.8 hPa 1.037E-03 g/cm³ 000 chk  4504
03/12/2019 16:24:00  20.14 °C  64.79 %  878.9 hPa 1.037E-03 g/cm³ 000 chk  6629
03/12/2019 16:25:00  20.14 °C  66.38 %  878.9 hPa 1.037E-03 g/cm³ 000 chk 65230
03/12/2019 16:26:00  20.15 °C  67.27 %  878.9 hPa 1.037E-03 g/cm³ 000 chk 27602
03/12/2019 16:27:00  20.16 °C  68.19 %  878.9 hPa 1.037E-03 g/cm³ 000 chk 50686
03/12/2019 16:28:00  20.18 °C  69.56 %  878.9 hPa 1.036E-03 g/cm³ 000 chk 54346
03/12/2019 16:29:00  20.20 °C  69.94 %  878.9 hPa 1.036E-03 g/cm³ 000 chk 55951
03/12/2019 16:30:00  20.23 °C  70.75 %  878.9 hPa 1.036E-03 g/cm³ 000 chk 55563
03/12/2019 16:31:00  20.25 °C  71.53 %  878.9 hPa 1.036E-03 g/cm³ 000 chk 26989
03/12/2019 16:32:00  20.27 °C  71.96 %  878.9 hPa 1.036E-03 g/cm³ 000 chk 11741
03/12/2019 16:33:00  20.30 °C  72.22 %  878.9 hPa 1.036E-03 g/cm³ 000 chk 42901
03/12/2019 16:34:00  20.33 °C  72.72 %  878.9 hPa 1.035E-03 g/cm³ 000 chk 49525
03/12/2019 16:35:00  20.35 °C  73.20 %  878.9 hPa 1.035E-03 g/cm³ 000 chk 50640
03/12/2019 16:36:00  20.38 °C  73.24 %  878.9 hPa 1.035E-03 g/cm³ 000 chk 38647
03/12/2019 16:37:00  20.41 °C  73.70 %  879.0 hPa 1.035E-03 g/cm³ 000 chk 54768
03/12/2019 16:38:00  20.44 °C  74.06 %  879.0 hPa 1.035E-03 g/cm³ 000 chk 24048
03/12/2019 16:39:00  20.46 °C  74.33 %  879.0 hPa 1.035E-03 g/cm³ 000 chk  3488
03/12/2019 16:40:00  20.49 °C  74.54 %  879.0 hPa 1.035E-03 g/cm³ 000 chk 59609
03/12/2019 16:41:00  20.51 °C  74.46 %  879.0 hPa 1.035E-03 g/cm³ 000 chk 34510
03/12/2019 16:42:00  20.54 °C  74.41 %  879.1 hPa 1.035E-03 g/cm³ 000 chk 38322
03/12/2019 16:43:00  20.55 °C  74.92 %  879.0 hPa 1.034E-03 g/cm³ 000 chk 57779
03/12/2019 16:44:00  20.57 °C  75.26 %  879.0 hPa 1.034E-03 g/cm³ 000 chk 12874
03/12/2019 16:45:00  20.58 °C  75.35 %  879.1 hPa 1.034E-03 g/cm³ 000 chk 11740
03/12/2019 16:46:00  20.60 °C  75.36 %  879.1 hPa 1.034E-03 g/cm³ 000 chk 55951
03/12/2019 16:47:00  20.61 °C  75.78 %  879.1 hPa 1.034E-03 g/cm³ 000 chk 10076
03/12/2019 16:48:00  20.62 °C  75.49 %  879.1 hPa 1.034E-03 g/cm³ 000 chk 63548
03/12/2019 16:49:00  20.64 °C  75.66 %  879.1 hPa 1.034E-03 g/cm³ 000 chk 56645
03/12/2019 16:50:00  20.65 °C  75.70 %  879.1 hPa 1.034E-03 g/cm³ 000 chk  9866
03/12/2019 16:51:00  20.66 °C  75.85 %  879.1 hPa 1.034E-03 g/cm³ 000 chk 59078
03/12/2019 16:52:00  20.67 °C  75.85 %  879.1 hPa 1.034E-03 g/cm³ 000 chk 51433
03/12/2019 16:53:00  20.68 °C  75.82 %  879.1 hPa 1.034E-03 g/cm³ 000 chk 39430
03/12/2019 16:54:00  20.69 °C  75.73 %  879.1 hPa 1.034E-03 g/cm³ 000 chk 29205
03/12/2019 16:55:00  20.70 °C  75.62 %  879.1 hPa 1.034E-03 g/cm³ 000 chk 64194
03/12/2019 16:56:00  20.71 °C  75.70 %  879.1 hPa 1.034E-03 g/cm³ 000 chk 36544
03/12/2019 16:57:00  20.73 °C  75.53 %  879.1 hPa 1.034E-03 g/cm³ 000 chk 61628
03/12/2019 16:58:00  20.73 °C  75.53 %  879.1 hPa 1.034E-03 g/cm³ 000 chk 12521
03/12/2019 16:59:00  20.75 °C  75.41 %  879.1 hPa 1.034E-03 g/cm³ 000 chk 25829
03/12/2019 17:00:00  20.76 °C  75.60 %  879.1 hPa 1.034E-03 g/cm³ 000 chk 53834
03/12/2019 17:01:00  20.77 °C  75.41 %  879.1 hPa 1.034E-03 g/cm³ 000 chk 50292
03/12/2019 17:02:00  20.78 °C  75.46 %  879.1 hPa 1.033E-03 g/cm³ 000 chk 33175
03/12/2019 17:03:00  20.79 °C  75.00 %  879.2 hPa 1.034E-03 g/cm³ 000 chk 56830
03/12/2019 17:04:00  20.79 °C  73.34 %  879.2 hPa 1.034E-03 g/cm³ 000 chk 40124
03/12/2019 17:05:00  20.78 °C  71.22 %  879.3 hPa 1.034E-03 g/cm³ 000 chk  4251
03/12/2019 17:06:00  20.76 °C  69.86 %  879.3 hPa 1.034E-03 g/cm³ 000 chk 47539
03/12/2019 17:07:00  20.73 °C  67.80 %  879.3 hPa 1.035E-03 g/cm³ 000 chk 52146
03/12/2019 17:08:00  20.69 °C  66.39 %  879.3 hPa 1.035E-03 g/cm³ 000 chk 41723
03/12/2019 17:09:00  20.66 °C  65.44 %  879.3 hPa 1.035E-03 g/cm³ 000 chk 45810
03/12/2019 17:10:00  20.62 °C  64.50 %  879.3 hPa 1.036E-03 g/cm³ 000 chk  5285
03/12/2019 17:11:00  20.57 °C  63.82 %  879.3 hPa 1.036E-03 g/cm³ 000 chk 29396
03/12/2019 17:12:00  20.53 °C  63.19 %  879.3 hPa 1.036E-03 g/cm³ 000 chk 38010
03/12/2019 17:13:00  20.49 °C  62.57 %  879.3 hPa 1.036E-03 g/cm³ 000 chk 38248
03/12/2019 17:14:00  20.45 °C  62.07 %  879.3 hPa 1.036E-03 g/cm³ 000 chk  2433
03/12/2019 17:15:00  20.40 °C  61.47 %  879.4 hPa 1.037E-03 g/cm³ 000 chk 43802
03/12/2019 17:16:00  20.36 °C  61.11 %  879.4 hPa 1.037E-03 g/cm³ 000 chk 44317
03/12/2019 17:17:00  20.32 °C  60.71 %  879.4 hPa 1.037E-03 g/cm³ 000 chk 20557
03/12/2019 17:18:00  20.27 °C  60.20 %  879.4 hPa 1.038E-03 g/cm³ 000 chk 32664
03/12/2019 17:19:00  20.23 °C  59.97 %  879.4 hPa 1.038E-03 g/cm³ 000 chk 39526
03/12/2019 17:20:00  20.19 °C  59.92 %  879.4 hPa 1.038E-03 g/cm³ 000 chk 11311
03/12/2019 17:21:00  20.15 °C  59.74 %  879.4 hPa 1.038E-03 g/cm³ 000 chk 40965
03/12/2019 17:22:00  20.12 °C  59.45 %  879.3 hPa 1.038E-03 g/cm³ 000 chk 43379
03/12/2019 17:23:00  20.08 °C  60.06 %  879.3 hPa 1.038E-03 g/cm³ 000 chk   828
03/12/2019 17:24:00  20.06 °C  61.95 %  879.3 hPa 1.038E-03 g/cm³ 000 chk  6806
03/12/2019 17:25:00  20.05 °C  63.77 %  879.4 hPa 1.038E-03 g/cm³ 000 chk  5990
03/12/2019 17:26:00  20.05 °C  65.39 %  879.4 hPa 1.038E-03 g/cm³ 000 chk 52851
03/12/2019 17:27:00  20.05 °C  66.62 %  879.4 hPa 1.038E-03 g/cm³ 000 chk  2923
03/12/2019 17:28:00  20.06 °C  67.74 %  879.4 hPa 1.038E-03 g/cm³ 000 chk 34637
03/12/2019 17:29:00  20.07 °C  68.61 %  879.4 hPa 1.037E-03 g/cm³ 000 chk  4596
03/12/2019 17:30:00  20.09 °C  69.59 %  879.4 hPa 1.037E-03 g/cm³ 000 chk 18228
03/12/2019 17:31:00  20.11 °C  70.67 %  879.4 hPa 1.037E-03 g/cm³ 000 chk 60441
03/12/2019 17:32:00  20.13 °C  71.06 %  879.4 hPa 1.037E-03 g/cm³ 000 chk 19846
03/12/2019 17:33:00  20.16 °C  71.69 %  879.4 hPa 1.037E-03 g/cm³ 000 chk 23049
03/12/2019 17:34:00  20.19 °C  72.03 %  879.4 hPa 1.037E-03 g/cm³ 000 chk 46832
03/12/2019 17:35:00  20.22 °C  72.73 %  879.4 hPa 1.036E-03 g/cm³ 000 chk  4520
03/12/2019 17:36:00  20.25 °C  72.77 %  879.4 hPa 1.036E-03 g/cm³ 000 chk 61187
03/12/2019 17:37:00  20.28 °C  73.26 %  879.5 hPa 1.036E-03 g/cm³ 000 chk 22974
03/12/2019 17:38:00  20.31 °C  73.59 %  879.4 hPa 1.036E-03 g/cm³ 000 chk 17440
03/12/2019 17:39:00  20.34 °C  73.78 %  879.5 hPa 1.036E-03 g/cm³ 000 chk 27724
03/12/2019 17:40:00  20.36 °C  73.63 %  879.5 hPa 1.036E-03 g/cm³ 000 chk 19773
03/12/2019 17:41:00  20.39 °C  74.14 %  879.5 hPa 1.036E-03 g/cm³ 000 chk 61249
03/12/2019 17:42:00  20.42 °C  74.61 %  879.5 hPa 1.035E-03 g/cm³ 000 chk 51095
03/12/2019 17:43:00  20.45 °C  74.35 %  879.5 hPa 1.035E-03 g/cm³ 000 chk 11502
03/12/2019 17:44:00  20.46 °C  74.58 %  879.5 hPa 1.035E-03 g/cm³ 000 chk 14904
03/12/2019 17:45:00  20.48 °C  74.96 %  879.6 hPa 1.035E-03 g/cm³ 000 chk 46647
03/12/2019 17:46:00  20.50 °C  75.12 %  879.5 hPa 1.035E-03 g/cm³ 000 chk 63949
03/12/2019 17:47:00  20.51 °C  75.10 %  879.5 hPa 1.035E-03 g/cm³ 000 chk 22696
03/12/2019 17:48:00  20.53 °C  75.18 %  879.5 hPa 1.035E-03 g/cm³ 000 chk  4988
03/12/2019 17:49:00  20.54 °C  75.34 %  879.6 hPa 1.035E-03 g/cm³ 000 chk 39738
03/12/2019 17:50:00  20.55 °C  75.31 %  879.6 hPa 1.035E-03 g/cm³ 000 chk 55257
03/12/2019 17:51:00  20.57 °C  75.33 %  879.6 hPa 1.035E-03 g/cm³ 000 chk 34047
03/12/2019 17:52:00  20.59 °C  75.39 %  879.7 hPa 1.035E-03 g/cm³ 000 chk 56013
03/12/2019 17:53:00  20.60 °C  75.35 %  879.7 hPa 1.035E-03 g/cm³ 000 chk 16918
03/12/2019 17:54:00  20.61 °C  75.47 %  879.7 hPa 1.035E-03 g/cm³ 000 chk  7276
03/12/2019 17:55:00  20.63 °C  75.14 %  879.7 hPa 1.035E-03 g/cm³ 000 chk 41682
03/12/2019 17:56:00  20.64 °C  75.28 %  879.6 hPa 1.035E-03 g/cm³ 000 chk 19800
03/12/2019 17:57:00  20.66 °C  75.24 %  879.6 hPa 1.034E-03 g/cm³ 000 chk  6333
03/12/2019 17:58:00  20.68 °C  75.35 %  879.6 hPa 1.034E-03 g/cm³ 000 chk 40783
03/12/2019 17:59:00  20.69 °C  75.24 %  879.7 hPa 1.035E-03 g/cm³ 000 chk 28819
03/12/2019 18:00:00  20.71 °C  75.20 %  879.7 hPa 1.034E-03 g/cm³ 000 chk 40964
03/12/2019 18:01:00  20.71 °C  75.21 %  879.7 hPa 1.034E-03 g/cm³ 000 chk 59297
03/12/2019 18:02:00  20.72 °C  75.18 %  879.7 hPa 1.034E-03 g/cm³ 000 chk 44921
03/12/2019 18:03:00  20.73 °C  75.30 %  879.7 hPa 1.034E-03 g/cm³ 000 chk 48196
03/12/2019 18:04:00  20.74 °C  75.13 %  879.8 hPa 1.034E-03 g/cm³ 000 chk 36643
03/12/2019 18:05:00  20.75 °C  75.01 %  879.8 hPa 1.034E-03 g/cm³ 000 chk 61034
03/12/2019 18:06:00  20.76 °C  74.95 %  879.7 hPa 1.034E-03 g/cm³ 000 chk 25246
03/12/2019 18:07:00  20.76 °C  74.98 %  879.7 hPa 1.034E-03 g/cm³ 000 chk 47416
03/12/2019 18:08:00  20.77 °C  74.93 %  879.7 hPa 1.034E-03 g/cm³ 000 chk 30639
03/12/2019 18:09:00  20.77 °C  74.92 %  879.7 hPa 1.034E-03 g/cm³ 000 chk 12298
03/12/2019 18:10:00  20.78 °C  74.78 %  879.7 hPa 1.034E-03 g/cm³ 000 chk 15591
03/12/2019 18:11:00  20.79 °C  74.72 %  879.8 hPa 1.034E-03 g/cm³ 000 chk 20864
03/12/2019 18:12:00  20.79 °C  74.58 %  879.8 hPa 1.034E-03 g/cm³ 000 chk 23607
03/12/2019 18:13:00  20.80 °C  74.52 %  879.9 hPa 1.034E-03 g/cm³ 000 chk 54641
03/12/2019 18:14:00  20.80 °C  73.05 %  879.9 hPa 1.035E-03 g/cm³ 000 chk 29440
03/12/2019 18:15:00  20.80 °C  70.62 %  879.9 hPa 1.035E-03 g/cm³ 000 chk 10860
03/12/2019 18:16:00  20.78 °C  69.16 %  879.9 hPa 1.035E-03 g/cm³ 000 chk 33111
03/12/2019 18:17:00  20.75 °C  67.15 %  879.9 hPa 1.035E-03 g/cm³ 000 chk 42136
03/12/2019 18:18:00  20.71 °C  65.15 %  879.9 hPa 1.036E-03 g/cm³ 000 chk 49843
03/12/2019 18:19:00  20.67 °C  63.87 %  879.9 hPa 1.036E-03 g/cm³ 000 chk 42762
03/12/2019 18:20:00  20.63 °C  63.41 %  879.9 hPa 1.036E-03 g/cm³ 000 chk 64678
03/12/2019 18:21:00  20.59 °C  63.41 %  879.9 hPa 1.037E-03 g/cm³ 000 chk  2812
03/12/2019 18:22:00  20.55 °C  63.59 %  879.9 hPa 1.037E-03 g/cm³ 000 chk 37940
03/12/2019 18:23:00  20.51 °C  63.49 %  879.9 hPa 1.037E-03 g/cm³ 000 chk 14778
03/12/2019 18:24:00  20.47 °C  63.37 %  880.0 hPa 1.037E-03 g/cm³ 000 chk 63731
03/12/2019 18:25:00  20.44 °C  62.95 %  880.0 hPa 1.037E-03 g/cm³ 000 chk 43835
03/12/2019 18:26:00  20.40 °C  61.81 %  880.0 hPa 1.038E-03 g/cm³ 000 chk 37783
03/12/2019 18:27:00  20.35 °C  61.07 %  879.9 hPa 1.038E-03 g/cm³ 000 chk 54668
03/12/2019 18:28:00  20.31 °C  59.94 %  880.0 hPa 1.038E-03 g/cm³ 000 chk  6177
03/12/2019 18:29:00  20.26 °C  59.52 %  880.0 hPa 1.038E-03 g/cm³ 000 chk 14477
03/12/2019 18:30:00  20.21 °C  59.14 %  880.0 hPa 1.039E-03 g/cm³ 000 chk 26527
03/12/2019 18:31:00  20.17 °C  58.89 %  880.0 hPa 1.039E-03 g/cm³ 000 chk 30806
03/12/2019 18:32:00  20.13 °C  60.25 %  880.0 hPa 1.039E-03 g/cm³ 000 chk 18385
03/12/2019 18:33:00  20.11 °C  62.26 %  880.0 hPa 1.039E-03 g/cm³ 000 chk 39373
03/12/2019 18:34:00  20.10 °C  63.91 %  880.0 hPa 1.039E-03 g/cm³ 000 chk 53111
03/12/2019 18:35:00  20.10 °C  65.58 %  880.0 hPa 1.038E-03 g/cm³ 000 chk 49536
03/12/2019 18:36:00  20.10 °C  67.02 %  880.0 hPa 1.038E-03 g/cm³ 000 chk 27854
03/12/2019 18:37:00  20.11 °C  68.06 %  880.0 hPa 1.038E-03 g/cm³ 000 chk 54037
03/12/2019 18:38:00  20.12 °C  69.30 %  880.0 hPa 1.038E-03 g/cm³ 000 chk 40808
03/12/2019 18:39:00  20.14 °C  70.26 %  880.1 hPa 1.038E-03 g/cm³ 000 chk 57171
03/12/2019 18:40:00  20.15 °C  70.52 %  880.1 hPa 1.038E-03 g/cm³ 000 chk 59276
03/12/2019 18:41:00  20.18 °C  71.23 %  880.0 hPa 1.037E-03 g/cm³ 000 chk 38181
03/12/2019 18:42:00  20.20 °C  71.88 %  880.0 hPa 1.037E-03 g/cm³ 000 chk 35654
03/12/2019 18:43:00  20.22 °C  72.31 %  880.0 hPa 1.037E-03 g/cm³ 000 chk 30299
03/12/2019 18:44:00  20.25 °C  72.58 %  880.1 hPa 1.037E-03 g/cm³ 000 chk 10974
03/12/2019 18:45:00  20.27 °C  73.20 %  880.1 hPa 1.037E-03 g/cm³ 000 chk 23333
03/12/2019 18:46:00  20.30 °C  73.21 %  880.1 hPa 1.037E-03 g/cm³ 000 chk 27679
03/12/2019 18:47:00  20.32 °C  73.94 %  880.1 hPa 1.037E-03 g/cm³ 000 chk 64806
03/12/2019 18:48:00  20.35 °C  74.01 %  880.1 hPa 1.036E-03 g/cm³ 000 chk 41187
03/12/2019 18:49:00  20.38 °C  74.32 %  880.1 hPa 1.036E-03 g/cm³ 000 chk 58873
03/12/2019 18:50:00  20.41 °C  74.44 %  880.1 hPa 1.036E-03 g/cm³ 000 chk  8995
03/12/2019 18:51:00  20.43 °C  74.49 %  880.2 hPa 1.036E-03 g/cm³ 000 chk 53497
03/12/2019 18:52:00  20.45 °C  74.65 %  880.2 hPa 1.036E-03 g/cm³ 000 chk 38859
03/12/2019 18:53:00  20.48 °C  74.82 %  880.2 hPa 1.036E-03 g/cm³ 000 chk 26400
03/12/2019 18:54:00  20.49 °C  75.04 %  880.2 hPa 1.036E-03 g/cm³ 000 chk 56556
03/12/2019 18:55:00  20.51 °C  75.11 %  880.2 hPa 1.036E-03 g/cm³ 000 chk 45562
03/12/2019 18:56:00  20.53 °C  75.16 %  880.2 hPa 1.036E-03 g/cm³ 000 chk 28311
03/12/2019 18:57:00  20.54 °C  75.27 %  880.2 hPa 1.036E-03 g/cm³ 000 chk  7168
03/12/2019 18:58:00  20.55 °C  75.28 %  880.2 hPa 1.036E-03 g/cm³ 000 chk 42646
03/12/2019 18:59:00  20.57 °C  75.67 %  880.3 hPa 1.036E-03 g/cm³ 000 chk 48467
03/12/2019 19:00:00  20.58 °C  75.61 %  880.3 hPa 1.036E-03 g/cm³ 000 chk 49583
03/12/2019 19:01:00  20.60 °C  75.77 %  880.3 hPa 1.036E-03 g/cm³ 000 chk 31387
03/12/2019 19:02:00  20.61 °C  75.58 %  880.3 hPa 1.036E-03 g/cm³ 000 chk 32748
03/12/2019 19:03:00  20.62 °C  75.69 %  880.3 hPa 1.036E-03 g/cm³ 000 chk 51837
03/12/2019 19:04:00  20.63 °C  75.42 %  880.3 hPa 1.036E-03 g/cm³ 000 chk 37277
03/12/2019 19:05:00  20.65 °C  75.59 %  880.3 hPa 1.035E-03 g/cm³ 000 chk 49617
03/12/2019 19:06:00  20.66 °C  75.66 %  880.3 hPa 1.035E-03 g/cm³ 000 chk 26377
03/12/2019 19:07:00  20.66 °C  75.53 %  880.4 hPa 1.035E-03 g/cm³ 000 chk 14960
03/12/2019 19:08:00  20.67 °C  75.32 %  880.4 hPa 1.035E-03 g/cm³ 000 chk 34314
03/12/2019 19:09:00  20.68 °C  75.29 %  880.4 hPa 1.035E-03 g/cm³ 000 chk 35018
03/12/2019 19:10:00  20.69 °C  75.21 %  880.4 hPa 1.035E-03 g/cm³ 000 chk 46379
03/12/2019 19:11:00  20.70 °C  75.12 %  880.5 hPa 1.035E-03 g/cm³ 000 chk 40690
03/12/2019 19:12:00  20.71 °C  75.08 %  880.5 hPa 1.035E-03 g/cm³ 000 chk   754
03/12/2019 19:13:00  20.72 °C  74.92 %  880.5 hPa 1.035E-03 g/cm³ 000 chk 47439
03/12/2019 19:14:00  20.73 °C  74.89 %  880.5 hPa 1.035E-03 g/cm³ 000 chk 58072
03/12/2019 19:15:00  20.74 °C  74.73 %  880.6 hPa 1.035E-03 g/cm³ 000 chk 17774
03/12/2019 19:16:00  20.75 °C  74.59 %  880.6 hPa 1.035E-03 g/cm³ 000 chk 55577
03/12/2019 19:17:00  20.76 °C  74.34 %  880.6 hPa 1.035E-03 g/cm³ 000 chk 61458
03/12/2019 19:18:00  20.76 °C  74.18 %  880.6 hPa 1.035E-03 g/cm³ 000 chk 27679
03/12/2019 19:19:00  20.77 °C  74.04 %  880.6 hPa 1.035E-03 g/cm³ 000 chk  2900
03/12/2019 19:20:00  20.78 °C  73.95 %  880.6 hPa 1.035E-03 g/cm³ 000 chk 24445
03/12/2019 19:21:00  20.79 °C  73.79 %  880.6 hPa 1.035E-03 g/cm³ 000 chk 14749
03/12/2019 19:22:00  20.80 °C  73.67 %  880.6 hPa 1.035E-03 g/cm³ 000 chk 59625
03/12/2019 19:23:00  20.81 °C  73.53 %  880.6 hPa 1.035E-03 g/cm³ 000 chk 43003
03/12/2019 19:24:00  20.82 °C  73.34 %  880.7 hPa 1.035E-03 g/cm³ 000 chk 14970
03/12/2019 19:25:00  20.82 °C  71.40 %  880.7 hPa 1.036E-03 g/cm³ 000 chk 17765
03/12/2019 19:26:00  20.81 °C  69.89 %  880.7 hPa 1.036E-03 g/cm³ 000 chk  1384
03/12/2019 19:27:00  20.79 °C  68.33 %  880.7 hPa 1.036E-03 g/cm³ 000 chk 46520
03/12/2019 19:28:00  20.76 °C  66.69 %  880.7 hPa 1.036E-03 g/cm³ 000 chk 40095
03/12/2019 19:29:00  20.73 °C  64.91 %  880.8 hPa 1.037E-03 g/cm³ 000 chk 52654
03/12/2019 19:30:00  20.68 °C  63.56 %  880.8 hPa 1.037E-03 g/cm³ 000 chk 55260
03/12/2019 19:31:00  20.63 °C  62.30 %  880.8 hPa 1.038E-03 g/cm³ 000 chk 15241
03/12/2019 19:32:00  20.57 °C  62.41 %  880.8 hPa 1.038E-03 g/cm³ 000 chk 40720
03/12/2019 19:33:00  20.53 °C  62.83 %  880.8 hPa 1.038E-03 g/cm³ 000 chk 26991
03/12/2019 19:34:00  20.49 °C  63.03 %  880.8 hPa 1.038E-03 g/cm³ 000 chk 20606
03/12/2019 19:35:00  20.45 °C  62.92 %  880.9 hPa 1.038E-03 g/cm³ 000 chk 30431
03/12/2019 19:36:00  20.41 °C  62.72 %  880.9 hPa 1.038E-03 g/cm³ 000 chk 53169
03/12/2019 19:37:00  20.37 °C  62.23 %  880.9 hPa 1.039E-03 g/cm³ 000 chk 57149
03/12/2019 19:38:00  20.34 °C  62.02 %  880.9 hPa 1.039E-03 g/cm³ 000 chk 49265
03/12/2019 19:39:00  20.30 °C  61.21 %  880.9 hPa 1.039E-03 g/cm³ 000 chk 60079
03/12/2019 19:40:00  20.27 °C  61.09 %  880.9 hPa 1.039E-03 g/cm³ 000 chk 47870
03/12/2019 19:41:00  20.24 °C  60.79 %  881.0 hPa 1.039E-03 g/cm³ 000 chk 33735
03/12/2019 19:42:00  20.20 °C  60.73 %  880.9 hPa 1.040E-03 g/cm³ 000 chk 36006
03/12/2019 19:43:00  20.17 °C  60.30 %  880.9 hPa 1.040E-03 g/cm³ 000 chk 21825
03/12/2019 19:44:00  20.14 °C  59.90 %  880.9 hPa 1.040E-03 g/cm³ 000 chk 30986
03/12/2019 19:45:00  20.11 °C  60.59 %  880.9 hPa 1.040E-03 g/cm³ 000 chk 52212
03/12/2019 19:46:00  20.10 °C  62.49 %  880.9 hPa 1.040E-03 g/cm³ 000 chk 17868
03/12/2019 19:47:00  20.08 °C  64.29 %  880.9 hPa 1.040E-03 g/cm³ 000 chk 53589
03/12/2019 19:48:00  20.08 °C  65.78 %  881.0 hPa 1.040E-03 g/cm³ 000 chk 23940
03/12/2019 19:49:00  20.08 °C  66.92 %  881.0 hPa 1.039E-03 g/cm³ 000 chk 32776
03/12/2019 19:50:00  20.09 °C  68.10 %  881.0 hPa 1.039E-03 g/cm³ 000 chk 28193
03/12/2019 19:51:00  20.10 °C  69.15 %  881.1 hPa 1.039E-03 g/cm³ 000 chk 15251
03/12/2019 19:52:00  20.12 °C  69.87 %  881.1 hPa 1.039E-03 g/cm³ 000 chk 31931
03/12/2019 19:53:00  20.13 °C  70.74 %  881.1 hPa 1.039E-03 g/cm³ 000 chk 43030
03/12/2019 19:54:00  20.15 °C  71.07 %  881.1 hPa 1.039E-03 g/cm³ 000 chk 48692
03/12/2019 19:55:00  20.18 °C  71.56 %  881.1 hPa 1.039E-03 g/cm³ 000 chk 25025
03/12/2019 19:56:00  20.21 °C  72.25 %  881.1 hPa 1.039E-03 g/cm³ 000 chk 14263
03/12/2019 19:57:00  20.23 °C  72.42 %  881.1 hPa 1.038E-03 g/cm³ 000 chk 64958
03/12/2019 19:58:00  20.26 °C  72.79 %  881.1 hPa 1.038E-03 g/cm³ 000 chk 62552
03/12/2019 19:59:00  20.29 °C  73.32 %  881.1 hPa 1.038E-03 g/cm³ 000 chk 27165
03/12/2019 20:00:00  20.32 °C  73.39 %  881.1 hPa 1.038E-03 g/cm³ 000 chk 22927
03/12/2019 20:01:00  20.34 °C  73.51 %  881.2 hPa 1.038E-03 g/cm³ 000 chk 62653
03/12/2019 20:02:00  20.37 °C  73.92 %  881.2 hPa 1.038E-03 g/cm³ 000 chk 53197
03/12/2019 20:03:00  20.39 °C  73.77 %  881.2 hPa 1.038E-03 g/cm³ 000 chk 22372
03/12/2019 20:04:00  20.42 °C  74.15 %  881.2 hPa 1.038E-03 g/cm³ 000 chk 42779
03/12/2019 20:05:00  20.44 °C  74.23 %  881.3 hPa 1.038E-03 g/cm³ 000 chk 48665
03/12/2019 20:06:00  20.46 °C  74.21 %  881.3 hPa 1.038E-03 g/cm³ 000 chk 63604
03/12/2019 20:07:00  20.49 °C  74.26 %  881.3 hPa 1.037E-03 g/cm³ 000 chk 44756
03/12/2019 20:08:00  20.51 °C  74.42 %  881.3 hPa 1.037E-03 g/cm³ 000 chk 34032
03/12/2019 20:09:00  20.53 °C  74.39 %  881.3 hPa 1.037E-03 g/cm³ 000 chk  4631
03/12/2019 20:10:00  20.56 °C  74.41 %  881.3 hPa 1.037E-03 g/cm³ 000 chk 10290
03/12/2019 20:11:00  20.57 °C  74.51 %  881.3 hPa 1.037E-03 g/cm³ 000 chk 54138
03/12/2019 20:12:00  20.59 °C  74.57 %  881.3 hPa 1.037E-03 g/cm³ 000 chk 59423
03/12/2019 20:13:00  20.61 °C  74.48 %  881.3 hPa 1.037E-03 g/cm³ 000 chk 22056
03/12/2019 20:14:00  20.63 °C  74.51 %  881.3 hPa 1.037E-03 g/cm³ 000 chk 26109
03/12/2019 20:15:00  20.64 °C  74.67 %  881.3 hPa 1.037E-03 g/cm³ 000 chk  5227
03/12/2019 20:16:00  20.65 °C  74.56 %  881.3 hPa 1.037E-03 g/cm³ 000 chk 55090
03/12/2019 20:17:00  20.66 °C  74.66 %  881.3 hPa 1.037E-03 g/cm³ 000 chk 36770
03/12/2019 20:18:00  20.66 °C  74.61 %  881.3 hPa 1.037E-03 g/cm³ 000 chk 19702
03/12/2019 20:19:00  20.67 °C  74.52 %  881.3 hPa 1.037E-03 g/cm³ 000 chk   229
03/12/2019 20:20:00  20.68 °C  74.28 %  881.3 hPa 1.037E-03 g/cm³ 000 chk 14872
03/12/2019 20:21:00  20.69 °C  73.99 %  881.3 hPa 1.037E-03 g/cm³ 000 chk  7474
03/12/2019 20:22:00  20.70 °C  73.93 %  881.4 hPa 1.037E-03 g/cm³ 000 chk 45354
03/12/2019 20:23:00  20.70 °C  73.82 %  881.3 hPa 1.037E-03 g/cm³ 000 chk 22537
03/12/2019 20:24:00  20.71 °C  73.73 %  881.3 hPa 1.037E-03 g/cm³ 000 chk 45082
03/12/2019 20:25:00  20.72 °C  73.70 %  881.3 hPa 1.036E-03 g/cm³ 000 chk 40764
03/12/2019 20:26:00  20.73 °C  73.54 %  881.3 hPa 1.036E-03 g/cm³ 000 chk  1353
03/12/2019 20:27:00  20.74 °C  73.29 %  881.3 hPa 1.036E-03 g/cm³ 000 chk 11112
03/12/2019 20:28:00  20.75 °C  73.27 %  881.3 hPa 1.036E-03 g/cm³ 000 chk 31999
03/12/2019 20:29:00  20.75 °C  73.15 %  881.3 hPa 1.036E-03 g/cm³ 000 chk 19501
03/12/2019 20:30:00  20.76 °C  72.99 %  881.3 hPa 1.036E-03 g/cm³ 000 chk 14139
03/12/2019 20:31:00  20.77 °C  72.82 %  881.3 hPa 1.036E-03 g/cm³ 000 chk 21361
03/12/2019 20:32:00  20.78 °C  72.73 %  881.3 hPa 1.036E-03 g/cm³ 000 chk 64382
03/12/2019 20:33:00  20.79 °C  72.59 %  881.3 hPa 1.036E-03 g/cm³ 000 chk 29250
03/12/2019 20:34:00  20.79 °C  72.47 %  881.3 hPa 1.036E-03 g/cm³ 000 chk  8469
03/12/2019 20:35:00  20.80 °C  72.35 %  881.3 hPa 1.036E-03 g/cm³ 000 chk 31175
03/12/2019 20:36:00  20.81 °C  72.22 %  881.3 hPa 1.036E-03 g/cm³ 000 chk 38085
03/12/2019 20:37:00  20.82 °C  72.10 %  881.4 hPa 1.036E-03 g/cm³ 000 chk 14590
03/12/2019 20:38:00  20.82 °C  70.27 %  881.4 hPa 1.037E-03 g/cm³ 000 chk 39719
03/12/2019 20:39:00  20.81 °C  68.80 %  881.4 hPa 1.037E-03 g/cm³ 000 chk 51341
03/12/2019 20:40:00  20.79 °C  67.57 %  881.4 hPa 1.037E-03 g/cm³ 000 chk 56939
03/12/2019 20:41:00  20.76 °C  66.83 %  881.3 hPa 1.037E-03 g/cm³ 000 chk 50370
03/12/2019 20:42:00  20.74 °C  66.36 %  881.3 hPa 1.037E-03 g/cm³ 000 chk 16560
03/12/2019 20:43:00  20.70 °C  65.80 %  881.3 hPa 1.037E-03 g/cm³ 000 chk 61995
03/12/2019 20:44:00  20.67 °C  65.11 %  881.3 hPa 1.038E-03 g/cm³ 000 chk 60045
03/12/2019 20:45:00  20.63 °C  64.12 %  881.3 hPa 1.038E-03 g/cm³ 000 chk 24627
03/12/2019 20:46:00  20.58 °C  62.67 %  881.3 hPa 1.038E-03 g/cm³ 000 chk 60332
03/12/2019 20:47:00  20.54 °C  61.75 %  881.2 hPa 1.038E-03 g/cm³ 000 chk  7007
03/12/2019 20:48:00  20.49 °C  60.91 %  881.3 hPa 1.039E-03 g/cm³ 000 chk 53085
03/12/2019 20:49:00  20.45 °C  60.11 %  881.3 hPa 1.039E-03 g/cm³ 000 chk 44441
03/12/2019 20:50:00  20.40 °C  59.71 %  881.3 hPa 1.039E-03 g/cm³ 000 chk 62929
03/12/2019 20:51:00  20.35 °C  59.88 %  881.3 hPa 1.039E-03 g/cm³ 000 chk 65263
03/12/2019 20:52:00  20.32 °C  60.23 %  881.3 hPa 1.040E-03 g/cm³ 000 chk 38077
03/12/2019 20:53:00  20.28 °C  60.80 %  881.3 hPa 1.040E-03 g/cm³ 000 chk 46390
03/12/2019 20:54:00  20.24 °C  61.61 %  881.3 hPa 1.040E-03 g/cm³ 000 chk 38364
03/12/2019 20:55:00  20.21 °C  62.90 %  881.2 hPa 1.040E-03 g/cm³ 000 chk 35943
03/12/2019 20:56:00  20.19 °C  64.64 %  881.2 hPa 1.040E-03 g/cm³ 000 chk 55763
03/12/2019 20:57:00  20.18 °C  66.06 %  881.2 hPa 1.039E-03 g/cm³ 000 chk 11496
03/12/2019 20:58:00  20.18 °C  67.29 %  881.2 hPa 1.039E-03 g/cm³ 000 chk 22521
03/12/2019 20:59:00  20.19 °C  68.15 %  881.2 hPa 1.039E-03 g/cm³ 000 chk    87
03/12/2019 21:00:00  20.19 °C  68.99 %  881.2 hPa 1.039E-03 g/cm³ 000 chk 13451
03/12/2019 21:01:00  20.21 °C  69.80 %  881.1 hPa 1.039E-03 g/cm³ 000 chk 48991
03/12/2019 21:02:00  20.22 °C  70.66 %  881.1 hPa 1.039E-03 g/cm³ 000 chk 17430
03/12/2019 21:03:00  20.24 °C  71.06 %  881.2 hPa 1.039E-03 g/cm³ 000 chk 37178
03/12/2019 21:04:00  20.26 °C  71.62 %  881.2 hPa 1.039E-03 g/cm³ 000 chk  4911
03/12/2019 21:05:00  20.28 °C  72.33 %  881.2 hPa 1.038E-03 g/cm³ 000 chk 52863
03/12/2019 21:06:00  20.31 °C  72.62 %  881.2 hPa 1.038E-03 g/cm³ 000 chk 37718
03/12/2019 21:07:00  20.33 °C  73.10 %  881.2 hPa 1.038E-03 g/cm³ 000 chk 37038
03/12/2019 21:08:00  20.35 °C  73.32 %  881.2 hPa 1.038E-03 g/cm³ 000 chk 44580
03/12/2019 21:09:00  20.37 °C  73.57 %  881.3 hPa 1.038E-03 g/cm³ 000 chk  1977
03/12/2019 21:10:00  20.40 °C  73.78 %  881.3 hPa 1.038E-03 g/cm³ 000 chk 44659
03/12/2019 21:11:00  20.42 °C  73.80 %  881.3 hPa 1.038E-03 g/cm³ 000 chk 36605
03/12/2019 21:12:00  20.45 °C  73.89 %  881.3 hPa 1.038E-03 g/cm³ 000 chk   340
03/12/2019 21:13:00  20.47 °C  74.07 %  881.3 hPa 1.038E-03 g/cm³ 000 chk 16201
03/12/2019 21:14:00  20.49 °C  74.30 %  881.2 hPa 1.037E-03 g/cm³ 000 chk 16087
03/12/2019 21:15:00  20.50 °C  74.46 %  881.2 hPa 1.037E-03 g/cm³ 000 chk 46575
03/12/2019 21:16:00  20.52 °C  74.49 %  881.2 hPa 1.037E-03 g/cm³ 000 chk 33408
03/12/2019 21:17:00  20.53 °C  74.75 %  881.2 hPa 1.037E-03 g/cm³ 000 chk  9616
03/12/2019 21:18:00  20.55 °C  74.54 %  881.2 hPa 1.037E-03 g/cm³ 000 chk 27674
03/12/2019 21:19:00  20.57 °C  74.69 %  881.2 hPa 1.037E-03 g/cm³ 000 chk 54344
03/12/2019 21:20:00  20.59 °C  74.50 %  881.2 hPa 1.037E-03 g/cm³ 000 chk 51392
03/12/2019 21:21:00  20.60 °C  74.48 %  881.2 hPa 1.037E-03 g/cm³ 000 chk 58422
03/12/2019 21:22:00  20.62 °C  74.36 %  881.2 hPa 1.037E-03 g/cm³ 000 chk 65178
03/12/2019 21:23:00  20.63 °C  74.37 %  881.2 hPa 1.037E-03 g/cm³ 000 chk 10495
03/12/2019 21:24:00  20.65 °C  74.30 %  881.2 hPa 1.037E-03 g/cm³ 000 chk  6658
03/12/2019 21:25:00  20.66 °C  74.16 %  881.2 hPa 1.037E-03 g/cm³ 000 chk 27838
03/12/2019 21:26:00  20.67 °C  74.00 %  881.2 hPa 1.036E-03 g/cm³ 000 chk 27772
03/12/2019 21:27:00  20.68 °C  73.97 %  881.2 hPa 1.036E-03 g/cm³ 000 chk  3975
03/12/2019 21:28:00  20.69 °C  73.77 %  881.2 hPa 1.036E-03 g/cm³ 000 chk 40853
03/12/2019 21:29:00  20.70 °C  73.66 %  881.2 hPa 1.036E-03 g/cm³ 000 chk  5954
03/12/2019 21:30:00  20.71 °C  73.53 %  881.2 hPa 1.036E-03 g/cm³ 000 chk 23510
03/12/2019 21:31:00  20.72 °C  73.31 %  881.2 hPa 1.036E-03 g/cm³ 000 chk 39390
03/12/2019 21:32:00  20.73 °C  73.17 %  881.1 hPa 1.036E-03 g/cm³ 000 chk 53845
03/12/2019 21:33:00  20.74 °C  72.97 %  881.1 hPa 1.036E-03 g/cm³ 000 chk  7361
03/12/2019 21:34:00  20.75 °C  72.89 %  881.1 hPa 1.036E-03 g/cm³ 000 chk 56918
03/12/2019 21:35:00  20.76 °C  72.74 %  881.1 hPa 1.036E-03 g/cm³ 000 chk 63000
03/12/2019 21:36:00  20.77 °C  72.63 %  881.1 hPa 1.036E-03 g/cm³ 000 chk  6938
03/12/2019 21:37:00  20.78 °C  72.51 %  881.1 hPa 1.036E-03 g/cm³ 000 chk 53378
03/12/2019 21:38:00  20.79 °C  72.39 %  881.1 hPa 1.036E-03 g/cm³ 000 chk 27131
03/12/2019 21:39:00  20.80 °C  72.23 %  881.1 hPa 1.036E-03 g/cm³ 000 chk 55749
03/12/2019 21:40:00  20.81 °C  72.18 %  881.1 hPa 1.036E-03 g/cm³ 000 chk 51884
03/12/2019 21:41:00  20.82 °C  71.66 %  881.1 hPa 1.036E-03 g/cm³ 000 chk 42156
03/12/2019 21:42:00  20.82 °C  70.36 %  881.1 hPa 1.036E-03 g/cm³ 000 chk 35782
03/12/2019 21:43:00  20.80 °C  68.53 %  881.1 hPa 1.037E-03 g/cm³ 000 chk 53936
03/12/2019 21:44:00  20.78 °C  66.60 %  881.1 hPa 1.037E-03 g/cm³ 000 chk 26985
03/12/2019 21:45:00  20.75 °C  65.35 %  881.1 hPa 1.037E-03 g/cm³ 000 chk 12986
03/12/2019 21:46:00  20.72 °C  64.62 %  881.1 hPa 1.037E-03 g/cm³ 000 chk 11156
03/12/2019 21:47:00  20.67 °C  63.64 %  881.1 hPa 1.038E-03 g/cm³ 000 chk 23929
03/12/2019 21:48:00  20.62 °C  62.76 %  881.1 hPa 1.038E-03 g/cm³ 000 chk   475
03/12/2019 21:49:00  20.58 °C  62.05 %  881.0 hPa 1.038E-03 g/cm³ 000 chk 47574
03/12/2019 21:50:00  20.53 °C  61.22 %  881.0 hPa 1.038E-03 g/cm³ 000 chk 62148
03/12/2019 21:51:00  20.49 °C  60.61 %  881.0 hPa 1.039E-03 g/cm³ 000 chk 33301
03/12/2019 21:52:00  20.44 °C  59.98 %  881.0 hPa 1.039E-03 g/cm³ 000 chk 60376
03/12/2019 21:53:00  20.39 °C  59.65 %  881.0 hPa 1.039E-03 g/cm³ 000 chk 23272
03/12/2019 21:54:00  20.34 °C  59.33 %  881.0 hPa 1.039E-03 g/cm³ 000 chk 47553
03/12/2019 21:55:00  20.29 °C  59.22 %  881.0 hPa 1.040E-03 g/cm³ 000 chk 49819
03/12/2019 21:56:00  20.24 °C  58.98 %  881.0 hPa 1.040E-03 g/cm³ 000 chk 50876
03/12/2019 21:57:00  20.20 °C  58.60 %  881.0 hPa 1.040E-03 g/cm³ 000 chk 17079
03/12/2019 21:58:00  20.16 °C  58.26 %  881.0 hPa 1.040E-03 g/cm³ 000 chk 63841
03/12/2019 21:59:00  20.12 °C  58.62 %  880.9 hPa 1.040E-03 g/cm³ 000 chk  4471
03/12/2019 22:00:00  20.08 °C  60.51 %  880.9 hPa 1.040E-03 g/cm³ 000 chk 44682
03/12/2019 22:01:00  20.07 °C  62.28 %  880.9 hPa 1.040E-03 g/cm³ 000 chk 23198
03/12/2019 22:02:00  20.05 °C  64.11 %  880.9 hPa 1.040E-03 g/cm³ 000 chk  9163
03/12/2019 22:03:00  20.06 °C  65.59 %  880.9 hPa 1.040E-03 g/cm³ 000 chk 50055
03/12/2019 22:04:00  20.06 °C  66.70 %  880.9 hPa 1.039E-03 g/cm³ 000 chk 22282
03/12/2019 22:05:00  20.06 °C  67.76 %  880.9 hPa 1.039E-03 g/cm³ 000 chk 33714
03/12/2019 22:06:00  20.08 °C  68.73 %  880.9 hPa 1.039E-03 g/cm³ 000 chk 16233
03/12/2019 22:07:00  20.10 °C  69.50 %  880.9 hPa 1.039E-03 g/cm³ 000 chk 11284
03/12/2019 22:08:00  20.12 °C  70.17 %  881.0 hPa 1.039E-03 g/cm³ 000 chk 58388
03/12/2019 22:09:00  20.14 °C  70.67 %  881.0 hPa 1.039E-03 g/cm³ 000 chk 10999
03/12/2019 22:10:00  20.16 °C  71.14 %  881.0 hPa 1.039E-03 g/cm³ 000 chk 10889
03/12/2019 22:11:00  20.18 °C  71.71 %  880.9 hPa 1.038E-03 g/cm³ 000 chk 17032
03/12/2019 22:12:00  20.21 °C  72.01 %  880.9 hPa 1.038E-03 g/cm³ 000 chk 25598
03/12/2019 22:13:00  20.24 °C  72.24 %  880.9 hPa 1.038E-03 g/cm³ 000 chk 50887
03/12/2019 22:14:00  20.26 °C  72.94 %  880.9 hPa 1.038E-03 g/cm³ 000 chk 61731
03/12/2019 22:15:00  20.29 °C  72.94 %  880.9 hPa 1.038E-03 g/cm³ 000 chk 41165
03/12/2019 22:16:00  20.32 °C  73.29 %  880.9 hPa 1.038E-03 g/cm³ 000 chk 21503
03/12/2019 22:17:00  20.35 °C  73.58 %  880.9 hPa 1.037E-03 g/cm³ 000 chk 58770
03/12/2019 22:18:00  20.38 °C  73.61 %  880.9 hPa 1.037E-03 g/cm³ 000 chk 47226
03/12/2019 22:19:00  20.40 °C  73.66 %  880.9 hPa 1.037E-03 g/cm³ 000 chk 11300
03/12/2019 22:20:00  20.43 °C  73.83 %  880.9 hPa 1.037E-03 g/cm³ 000 chk 62870
03/12/2019 22:21:00  20.45 °C  73.99 %  880.9 hPa 1.037E-03 g/cm³ 000 chk 18840
03/12/2019 22:22:00  20.47 °C  74.23 %  880.9 hPa 1.037E-03 g/cm³ 000 chk  5816
03/12/2019 22:23:00  20.49 °C  74.36 %  880.9 hPa 1.037E-03 g/cm³ 000 chk 36794
03/12/2019 22:24:00  20.51 °C  74.05 %  880.9 hPa 1.037E-03 g/cm³ 000 chk 62250
03/12/2019 22:25:00  20.53 °C  74.30 %  880.9 hPa 1.037E-03 g/cm³ 000 chk 41850
03/12/2019 22:26:00  20.55 °C  74.24 %  880.9 hPa 1.037E-03 g/cm³ 000 chk  3133
03/12/2019 22:27:00  20.55 °C  74.34 %  880.9 hPa 1.037E-03 g/cm³ 000 chk 26293
03/12/2019 22:28:00  20.56 °C  74.54 %  880.9 hPa 1.037E-03 g/cm³ 000 chk 21581
03/12/2019 22:29:00  20.57 °C  74.47 %  880.9 hPa 1.037E-03 g/cm³ 000 chk 55301
03/12/2019 22:30:00  20.58 °C  74.52 %  880.9 hPa 1.037E-03 g/cm³ 000 chk 15936
03/12/2019 22:31:00  20.59 °C  74.54 %  880.9 hPa 1.037E-03 g/cm³ 000 chk 60196
03/12/2019 22:32:00  20.60 °C  74.50 %  880.9 hPa 1.037E-03 g/cm³ 000 chk 36534
03/12/2019 22:33:00  20.61 °C  74.27 %  880.9 hPa 1.037E-03 g/cm³ 000 chk 30225
03/12/2019 22:34:00  20.62 °C  74.04 %  880.9 hPa 1.036E-03 g/cm³ 000 chk 42673
03/12/2019 22:35:00  20.64 °C  74.05 %  880.8 hPa 1.036E-03 g/cm³ 000 chk 48325
03/12/2019 22:36:00  20.65 °C  73.80 %  880.8 hPa 1.036E-03 g/cm³ 000 chk 64210
03/12/2019 22:37:00  20.66 °C  73.60 %  880.8 hPa 1.036E-03 g/cm³ 000 chk 25522
03/12/2019 22:38:00  20.67 °C  73.45 %  880.8 hPa 1.036E-03 g/cm³ 000 chk 27516
03/12/2019 22:39:00  20.68 °C  73.34 %  880.8 hPa 1.036E-03 g/cm³ 000 chk  5969
03/12/2019 22:40:00  20.69 °C  73.27 %  880.8 hPa 1.036E-03 g/cm³ 000 chk 11361
03/12/2019 22:41:00  20.70 °C  72.99 %  880.7 hPa 1.036E-03 g/cm³ 000 chk 64155
03/12/2019 22:42:00  20.71 °C  72.90 %  880.7 hPa 1.036E-03 g/cm³ 000 chk 53687
03/12/2019 22:43:00  20.72 °C  72.79 %  880.7 hPa 1.036E-03 g/cm³ 000 chk 19924
03/12/2019 22:44:00  20.73 °C  72.67 %  880.7 hPa 1.036E-03 g/cm³ 000 chk 36675
03/12/2019 22:45:00  20.73 °C  72.47 %  880.7 hPa 1.036E-03 g/cm³ 000 chk 58812
03/12/2019 22:46:00  20.74 °C  72.33 %  880.6 hPa 1.036E-03 g/cm³ 000 chk  8833
03/12/2019 22:47:00  20.75 °C  72.22 %  880.6 hPa 1.036E-03 g/cm³ 000 chk 13512
03/12/2019 22:48:00  20.75 °C  72.04 %  880.6 hPa 1.036E-03 g/cm³ 000 chk 56006
03/12/2019 22:49:00  20.76 °C  71.95 %  880.6 hPa 1.036E-03 g/cm³ 000 chk 40514
03/12/2019 22:50:00  20.76 °C  71.74 %  880.6 hPa 1.036E-03 g/cm³ 000 chk 63207
03/12/2019 22:51:00  20.77 °C  71.60 %  880.6 hPa 1.036E-03 g/cm³ 000 chk 31150
03/12/2019 22:52:00  20.78 °C  71.50 %  880.6 hPa 1.036E-03 g/cm³ 000 chk 15740
03/12/2019 22:53:00  20.79 °C  71.42 %  880.6 hPa 1.036E-03 g/cm³ 000 chk 23605
03/12/2019 22:54:00  20.79 °C  71.28 %  880.6 hPa 1.036E-03 g/cm³ 000 chk 48033
03/12/2019 22:55:00  20.80 °C  71.16 %  880.6 hPa 1.036E-03 g/cm³ 000 chk 49093
03/12/2019 22:56:00  20.81 °C  70.92 %  880.6 hPa 1.036E-03 g/cm³ 000 chk 46238
03/12/2019 22:57:00  20.80 °C  68.95 %  880.6 hPa 1.036E-03 g/cm³ 000 chk 34181
03/12/2019 22:58:00  20.78 °C  66.62 %  880.6 hPa 1.036E-03 g/cm³ 000 chk  7853
03/12/2019 22:59:00  20.76 °C  65.35 %  880.6 hPa 1.036E-03 g/cm³ 000 chk 11580
03/12/2019 23:00:00  20.72 °C  63.93 %  880.6 hPa 1.037E-03 g/cm³ 000 chk 52274
03/12/2019 23:01:00  20.68 °C  62.83 %  880.6 hPa 1.037E-03 g/cm³ 000 chk 52155
03/12/2019 23:02:00  20.64 °C  61.81 %  880.6 hPa 1.037E-03 g/cm³ 000 chk  6011
03/12/2019 23:03:00  20.59 °C  60.99 %  880.6 hPa 1.038E-03 g/cm³ 000 chk 26840
03/12/2019 23:04:00  20.54 °C  60.21 %  880.6 hPa 1.038E-03 g/cm³ 000 chk 19572
03/12/2019 23:05:00  20.48 °C  60.04 %  880.6 hPa 1.038E-03 g/cm³ 000 chk 58899
03/12/2019 23:06:00  20.44 °C  60.56 %  880.6 hPa 1.038E-03 g/cm³ 000 chk 51821
03/12/2019 23:07:00  20.40 °C  61.10 %  880.6 hPa 1.038E-03 g/cm³ 000 chk  6502
03/12/2019 23:08:00  20.36 °C  61.35 %  880.6 hPa 1.038E-03 g/cm³ 000 chk 55065
03/12/2019 23:09:00  20.33 °C  61.39 %  880.6 hPa 1.039E-03 g/cm³ 000 chk 47033
03/12/2019 23:10:00  20.30 °C  60.88 %  880.7 hPa 1.039E-03 g/cm³ 000 chk 17550
03/12/2019 23:11:00  20.26 °C  59.75 %  880.7 hPa 1.039E-03 g/cm³ 000 chk  8404
03/12/2019 23:12:00  20.21 °C  58.92 %  880.7 hPa 1.039E-03 g/cm³ 000 chk 63716
03/12/2019 23:13:00  20.18 °C  58.48 %  880.7 hPa 1.040E-03 g/cm³ 000 chk 31556
03/12/2019 23:14:00  20.14 °C  58.08 %  880.6 hPa 1.040E-03 g/cm³ 000 chk 57045
03/12/2019 23:15:00  20.10 °C  59.65 %  880.6 hPa 1.040E-03 g/cm³ 000 chk 21127
03/12/2019 23:16:00  20.07 °C  61.49 %  880.6 hPa 1.040E-03 g/cm³ 000 chk  3771
03/12/2019 23:17:00  20.05 °C  63.20 %  880.6 hPa 1.039E-03 g/cm³ 000 chk 38593
03/12/2019 23:18:00  20.05 °C  64.64 %  880.6 hPa 1.039E-03 g/cm³ 000 chk 53873
03/12/2019 23:19:00  20.05 °C  65.89 %  880.6 hPa 1.039E-03 g/cm³ 000 chk 22604
03/12/2019 23:20:00  20.05 °C  66.94 %  880.6 hPa 1.039E-03 g/cm³ 000 chk 27187
03/12/2019 23:21:00  20.06 °C  67.73 %  880.6 hPa 1.039E-03 g/cm³ 000 chk 24654
03/12/2019 23:22:00  20.08 °C  68.75 %  880.6 hPa 1.039E-03 g/cm³ 000 chk 43925
03/12/2019 23:23:00  20.10 °C  69.23 %  880.6 hPa 1.039E-03 g/cm³ 000 chk 57642
03/12/2019 23:24:00  20.12 °C  69.85 %  880.6 hPa 1.039E-03 g/cm³ 000 chk 63714
03/12/2019 23:25:00  20.14 °C  70.49 %  880.6 hPa 1.038E-03 g/cm³ 000 chk 62143
03/12/2019 23:26:00  20.16 °C  70.82 %  880.6 hPa 1.038E-03 g/cm³ 000 chk 45069
03/12/2019 23:27:00  20.18 °C  71.19 %  880.6 hPa 1.038E-03 g/cm³ 000 chk 32376
03/12/2019 23:28:00  20.21 °C  71.60 %  880.6 hPa 1.038E-03 g/cm³ 000 chk 54672
03/12/2019 23:29:00  20.24 °C  71.83 %  880.6 hPa 1.038E-03 g/cm³ 000 chk 40821
03/12/2019 23:30:00  20.26 °C  71.91 %  880.5 hPa 1.038E-03 g/cm³ 000 chk 43271
03/12/2019 23:31:00  20.29 °C  72.24 %  880.5 hPa 1.038E-03 g/cm³ 000 chk 20688
03/12/2019 23:32:00  20.31 °C  72.46 %  880.5 hPa 1.037E-03 g/cm³ 000 chk 61185
03/12/2019 23:33:00  20.34 °C  72.44 %  880.5 hPa 1.037E-03 g/cm³ 000 chk 35170
03/12/2019 23:34:00  20.36 °C  72.85 %  880.5 hPa 1.037E-03 g/cm³ 000 chk 37701
03/12/2019 23:35:00  20.39 °C  72.70 %  880.5 hPa 1.037E-03 g/cm³ 000 chk 23040
03/12/2019 23:36:00  20.41 °C  72.86 %  880.5 hPa 1.037E-03 g/cm³ 000 chk 14271
03/12/2019 23:37:00  20.43 °C  73.01 %  880.5 hPa 1.037E-03 g/cm³ 000 chk 44268
03/12/2019 23:38:00  20.44 °C  73.23 %  880.5 hPa 1.037E-03 g/cm³ 000 chk   934
03/12/2019 23:39:00  20.46 °C  73.16 %  880.5 hPa 1.037E-03 g/cm³ 000 chk 21494
03/12/2019 23:40:00  20.48 °C  73.26 %  880.4 hPa 1.036E-03 g/cm³ 000 chk 56642
03/12/2019 23:41:00  20.50 °C  73.18 %  880.4 hPa 1.036E-03 g/cm³ 000 chk 61197
03/12/2019 23:42:00  20.51 °C  73.18 %  880.4 hPa 1.036E-03 g/cm³ 000 chk 49442
03/12/2019 23:43:00  20.52 °C  73.23 %  880.4 hPa 1.036E-03 g/cm³ 000 chk  1712
03/12/2019 23:44:00  20.53 °C  73.09 %  880.4 hPa 1.036E-03 g/cm³ 000 chk 45137
03/12/2019 23:45:00  20.54 °C  73.04 %  880.4 hPa 1.036E-03 g/cm³ 000 chk 24242
03/12/2019 23:46:00  20.55 °C  72.89 %  880.3 hPa 1.036E-03 g/cm³ 000 chk 15936
03/12/2019 23:47:00  20.57 °C  72.60 %  880.3 hPa 1.036E-03 g/cm³ 000 chk 13283
03/12/2019 23:48:00  20.58 °C  72.48 %  880.2 hPa 1.036E-03 g/cm³ 000 chk 55793
03/12/2019 23:49:00  20.59 °C  72.28 %  880.2 hPa 1.036E-03 g/cm³ 000 chk 57979
03/12/2019 23:50:00  20.60 °C  72.17 %  880.2 hPa 1.036E-03 g/cm³ 000 chk 58192
03/12/2019 23:51:00  20.62 °C  71.95 %  880.2 hPa 1.036E-03 g/cm³ 000 chk 33080
03/12/2019 23:52:00  20.63 °C  71.88 %  880.2 hPa 1.036E-03 g/cm³ 000 chk  7737
03/12/2019 23:53:00  20.64 °C  71.66 %  880.2 hPa 1.036E-03 g/cm³ 000 chk 18013
03/12/2019 23:54:00  20.65 °C  71.48 %  880.2 hPa 1.036E-03 g/cm³ 000 chk 33981
03/12/2019 23:55:00  20.66 °C  71.33 %  880.1 hPa 1.036E-03 g/cm³ 000 chk 51301
03/12/2019 23:56:00  20.66 °C  71.19 %  880.1 hPa 1.036E-03 g/cm³ 000 chk 50642
03/12/2019 23:57:00  20.67 °C  71.06 %  880.1 hPa 1.036E-03 g/cm³ 000 chk 54681
03/12/2019 23:58:00  20.67 °C  70.87 %  880.1 hPa 1.036E-03 g/cm³ 000 chk 43448
03/12/2019 23:59:00  20.68 °C  70.71 %  880.1 hPa 1.036E-03 g/cm³ 000 chk  6141
