17/10/2019  9:29:02  20.19 °C  59.16 %  882.1 hPa 1.041E-03 g/cm³ 000 chk  3018
17/10/2019  9:30:00  20.19 °C  58.95 %  882.2 hPa 1.041E-03 g/cm³ 000 chk 31192
17/10/2019  9:31:00  20.20 °C  58.82 %  882.2 hPa 1.041E-03 g/cm³ 000 chk 48685
17/10/2019  9:32:00  20.22 °C  58.95 %  882.2 hPa 1.041E-03 g/cm³ 000 chk 41324
17/10/2019  9:33:00  20.23 °C  58.97 %  882.1 hPa 1.041E-03 g/cm³ 000 chk 19446
17/10/2019  9:34:00  20.25 °C  59.11 %  882.1 hPa 1.041E-03 g/cm³ 000 chk 50559
17/10/2019  9:35:00  20.25 °C  58.86 %  882.1 hPa 1.041E-03 g/cm³ 000 chk 64899
17/10/2019  9:36:00  20.26 °C  58.90 %  882.1 hPa 1.041E-03 g/cm³ 000 chk 40451
17/10/2019  9:37:00  20.27 °C  59.03 %  882.1 hPa 1.041E-03 g/cm³ 000 chk 17214
17/10/2019  9:38:00  20.28 °C  59.17 %  882.1 hPa 1.041E-03 g/cm³ 000 chk 52236
17/10/2019  9:39:00  20.30 °C  58.97 %  882.1 hPa 1.041E-03 g/cm³ 000 chk 43331
17/10/2019  9:40:00  20.31 °C  59.50 %  882.2 hPa 1.041E-03 g/cm³ 000 chk 64609
17/10/2019  9:41:00  20.32 °C  59.41 %  882.2 hPa 1.041E-03 g/cm³ 000 chk 35243
17/10/2019  9:42:00  20.33 °C  59.32 %  882.2 hPa 1.041E-03 g/cm³ 000 chk  4166
17/10/2019  9:43:00  20.33 °C  59.45 %  882.2 hPa 1.041E-03 g/cm³ 000 chk 31009
17/10/2019  9:44:00  20.32 °C  59.38 %  882.1 hPa 1.041E-03 g/cm³ 000 chk 34727
17/10/2019  9:45:00  20.32 °C  59.41 %  882.1 hPa 1.041E-03 g/cm³ 000 chk 59586
17/10/2019  9:46:00  20.31 °C  59.39 %  882.0 hPa 1.041E-03 g/cm³ 000 chk 29946
17/10/2019  9:47:00  20.30 °C  59.41 %  882.0 hPa 1.041E-03 g/cm³ 000 chk 26462
17/10/2019  9:48:00  20.29 °C  59.49 %  882.0 hPa 1.041E-03 g/cm³ 000 chk 16471
17/10/2019  9:49:00  20.28 °C  59.40 %  882.0 hPa 1.041E-03 g/cm³ 000 chk 32304
17/10/2019  9:50:00  20.27 °C  59.54 %  882.0 hPa 1.041E-03 g/cm³ 000 chk 30068
17/10/2019  9:51:00  20.25 °C  59.50 %  882.0 hPa 1.041E-03 g/cm³ 000 chk 51282
17/10/2019  9:52:00  20.25 °C  59.58 %  882.0 hPa 1.041E-03 g/cm³ 000 chk 40895
17/10/2019  9:53:00  20.24 °C  59.63 %  882.0 hPa 1.041E-03 g/cm³ 000 chk 15278
17/10/2019  9:54:00  20.22 °C  59.85 %  882.0 hPa 1.041E-03 g/cm³ 000 chk  9685
17/10/2019  9:55:00  20.21 °C  59.76 %  881.9 hPa 1.041E-03 g/cm³ 000 chk 32614
17/10/2019  9:56:00  20.20 °C  60.15 %  881.9 hPa 1.041E-03 g/cm³ 000 chk 27876
17/10/2019  9:57:00  20.20 °C  60.01 %  881.9 hPa 1.041E-03 g/cm³ 000 chk 29293
17/10/2019  9:58:00  20.19 °C  60.18 %  881.9 hPa 1.041E-03 g/cm³ 000 chk 55659
17/10/2019  9:59:00  20.19 °C  60.13 %  881.8 hPa 1.041E-03 g/cm³ 000 chk  5529
17/10/2019 10:00:00  20.18 °C  60.14 %  881.8 hPa 1.041E-03 g/cm³ 000 chk 10016
17/10/2019 10:01:00  20.17 °C  60.39 %  881.8 hPa 1.041E-03 g/cm³ 000 chk 51095
17/10/2019 10:02:00  20.16 °C  60.26 %  881.8 hPa 1.041E-03 g/cm³ 000 chk 49815
17/10/2019 10:03:00  20.15 °C  60.06 %  881.8 hPa 1.041E-03 g/cm³ 000 chk 23083
17/10/2019 10:04:00  20.15 °C  60.03 %  881.7 hPa 1.041E-03 g/cm³ 000 chk 29266
17/10/2019 10:05:00  20.15 °C  60.22 %  881.8 hPa 1.041E-03 g/cm³ 000 chk 53676
17/10/2019 10:06:00  20.14 °C  60.26 %  881.8 hPa 1.041E-03 g/cm³ 000 chk 35714
17/10/2019 10:07:00  20.13 °C  60.06 %  881.9 hPa 1.041E-03 g/cm³ 000 chk 11628
17/10/2019 10:08:00  20.13 °C  60.44 %  881.9 hPa 1.041E-03 g/cm³ 000 chk 46989
17/10/2019 10:09:00  20.13 °C  60.60 %  881.9 hPa 1.041E-03 g/cm³ 000 chk 43379
17/10/2019 10:10:00  20.14 °C  60.47 %  881.9 hPa 1.041E-03 g/cm³ 000 chk  6991
17/10/2019 10:11:00  20.13 °C  60.64 %  881.9 hPa 1.041E-03 g/cm³ 000 chk 13301
17/10/2019 10:12:00  20.13 °C  60.69 %  881.9 hPa 1.041E-03 g/cm³ 000 chk 64792
17/10/2019 10:13:00  20.13 °C  60.76 %  881.9 hPa 1.041E-03 g/cm³ 000 chk 31891
17/10/2019 10:14:00  20.13 °C  60.83 %  881.9 hPa 1.041E-03 g/cm³ 000 chk 28993
17/10/2019 10:15:00  20.13 °C  60.93 %  881.9 hPa 1.041E-03 g/cm³ 000 chk  7113
17/10/2019 10:16:00  20.13 °C  60.97 %  881.9 hPa 1.041E-03 g/cm³ 000 chk 53287
17/10/2019 10:17:00  20.13 °C  61.01 %  881.9 hPa 1.041E-03 g/cm³ 000 chk  1498
17/10/2019 10:18:00  20.13 °C  61.15 %  881.8 hPa 1.041E-03 g/cm³ 000 chk 35062
17/10/2019 10:19:00  20.13 °C  61.35 %  881.9 hPa 1.041E-03 g/cm³ 000 chk  7005
17/10/2019 10:20:00  20.13 °C  61.19 %  881.9 hPa 1.041E-03 g/cm³ 000 chk 13427
17/10/2019 10:21:00  20.13 °C  61.31 %  881.9 hPa 1.041E-03 g/cm³ 000 chk 46734
17/10/2019 10:22:00  20.13 °C  61.36 %  881.9 hPa 1.041E-03 g/cm³ 000 chk  2656
17/10/2019 10:23:00  20.13 °C  61.55 %  881.8 hPa 1.041E-03 g/cm³ 000 chk 11902
17/10/2019 10:24:00  20.14 °C  61.61 %  881.8 hPa 1.041E-03 g/cm³ 000 chk 64052
17/10/2019 10:25:00  20.14 °C  61.69 %  881.8 hPa 1.041E-03 g/cm³ 000 chk 47250
17/10/2019 10:26:00  20.14 °C  61.68 %  881.8 hPa 1.041E-03 g/cm³ 000 chk 60028
17/10/2019 10:27:00  20.14 °C  61.71 %  881.8 hPa 1.041E-03 g/cm³ 000 chk 34295
17/10/2019 10:28:00  20.15 °C  61.64 %  881.7 hPa 1.041E-03 g/cm³ 000 chk 43342
17/10/2019 10:29:00  20.15 °C  61.73 %  881.7 hPa 1.041E-03 g/cm³ 000 chk 49351
17/10/2019 10:30:00  20.15 °C  61.68 %  881.7 hPa 1.041E-03 g/cm³ 000 chk 56266
17/10/2019 10:31:00  20.15 °C  61.53 %  881.7 hPa 1.041E-03 g/cm³ 000 chk 60955
17/10/2019 10:32:00  20.14 °C  61.54 %  881.7 hPa 1.041E-03 g/cm³ 000 chk 49973
17/10/2019 10:33:00  20.15 °C  61.62 %  881.7 hPa 1.041E-03 g/cm³ 000 chk  5670
17/10/2019 10:34:00  20.14 °C  61.66 %  881.6 hPa 1.041E-03 g/cm³ 000 chk 40906
17/10/2019 10:35:00  20.14 °C  61.74 %  881.7 hPa 1.041E-03 g/cm³ 000 chk 38423
17/10/2019 10:36:00  20.14 °C  61.91 %  881.7 hPa 1.041E-03 g/cm³ 000 chk 29055
17/10/2019 10:37:00  20.13 °C  61.80 %  881.6 hPa 1.041E-03 g/cm³ 000 chk 15079
17/10/2019 10:38:00  20.13 °C  61.79 %  881.6 hPa 1.041E-03 g/cm³ 000 chk 65050
17/10/2019 10:39:00  20.13 °C  61.84 %  881.6 hPa 1.041E-03 g/cm³ 000 chk  9239
17/10/2019 10:40:00  20.13 °C  61.84 %  881.6 hPa 1.041E-03 g/cm³ 000 chk 14795
17/10/2019 10:41:00  20.13 °C  61.91 %  881.6 hPa 1.041E-03 g/cm³ 000 chk 51779
17/10/2019 10:42:00  20.13 °C  61.95 %  881.6 hPa 1.041E-03 g/cm³ 000 chk   429
17/10/2019 10:43:00  20.13 °C  61.82 %  881.6 hPa 1.041E-03 g/cm³ 000 chk 26660
17/10/2019 10:44:00  20.13 °C  62.01 %  881.6 hPa 1.041E-03 g/cm³ 000 chk 47891
17/10/2019 10:45:00  20.14 °C  61.98 %  881.5 hPa 1.040E-03 g/cm³ 000 chk 39853
17/10/2019 10:46:00  20.14 °C  62.09 %  881.6 hPa 1.040E-03 g/cm³ 000 chk 29662
17/10/2019 10:47:00  20.13 °C  61.98 %  881.6 hPa 1.041E-03 g/cm³ 000 chk 61597
17/10/2019 10:48:00  20.13 °C  61.92 %  881.5 hPa 1.040E-03 g/cm³ 000 chk  2549
17/10/2019 10:49:00  20.13 °C  61.93 %  881.5 hPa 1.040E-03 g/cm³ 000 chk 20048
17/10/2019 10:50:00  20.13 °C  62.09 %  881.5 hPa 1.040E-03 g/cm³ 000 chk 35090
17/10/2019 10:51:00  20.13 °C  62.06 %  881.6 hPa 1.041E-03 g/cm³ 000 chk 33675
17/10/2019 10:52:00  20.13 °C  62.19 %  881.6 hPa 1.040E-03 g/cm³ 000 chk  6026
17/10/2019 10:53:00  20.13 °C  62.17 %  881.6 hPa 1.040E-03 g/cm³ 000 chk 47916
17/10/2019 10:54:00  20.13 °C  62.29 %  881.5 hPa 1.040E-03 g/cm³ 000 chk 25567
17/10/2019 10:55:00  20.13 °C  62.26 %  881.5 hPa 1.040E-03 g/cm³ 000 chk  8824
17/10/2019 10:56:00  20.14 °C  62.34 %  881.5 hPa 1.040E-03 g/cm³ 000 chk 62207
17/10/2019 10:57:00  20.14 °C  62.42 %  881.4 hPa 1.040E-03 g/cm³ 000 chk 36813
17/10/2019 10:58:00  20.14 °C  61.72 %  881.4 hPa 1.040E-03 g/cm³ 000 chk 49096
17/10/2019 10:59:00  20.14 °C  61.27 %  881.4 hPa 1.040E-03 g/cm³ 000 chk 36085
17/10/2019 11:00:00  20.13 °C  60.43 %  881.4 hPa 1.040E-03 g/cm³ 000 chk 13557
17/10/2019 11:01:00  20.12 °C  60.14 %  881.4 hPa 1.041E-03 g/cm³ 000 chk  3272
17/10/2019 11:02:00  20.11 °C  59.72 %  881.4 hPa 1.041E-03 g/cm³ 000 chk 58825
17/10/2019 11:03:00  20.10 °C  59.58 %  881.3 hPa 1.041E-03 g/cm³ 000 chk   607
17/10/2019 11:04:00  20.09 °C  59.55 %  881.3 hPa 1.041E-03 g/cm³ 000 chk 59770
17/10/2019 11:05:00  20.08 °C  59.86 %  881.3 hPa 1.041E-03 g/cm³ 000 chk 25838
17/10/2019 11:06:00  20.07 °C  60.00 %  881.3 hPa 1.041E-03 g/cm³ 000 chk 17761
17/10/2019 11:07:00  20.06 °C  60.27 %  881.3 hPa 1.041E-03 g/cm³ 000 chk 48479
17/10/2019 11:08:00  20.06 °C  60.44 %  881.4 hPa 1.041E-03 g/cm³ 000 chk 25678
17/10/2019 11:09:00  20.06 °C  60.68 %  881.4 hPa 1.041E-03 g/cm³ 000 chk 37554
17/10/2019 11:10:00  20.06 °C  60.91 %  881.3 hPa 1.041E-03 g/cm³ 000 chk 48275
17/10/2019 11:11:00  20.06 °C  60.86 %  881.3 hPa 1.041E-03 g/cm³ 000 chk 54554
17/10/2019 11:12:00  20.06 °C  61.28 %  881.3 hPa 1.040E-03 g/cm³ 000 chk 64792
17/10/2019 11:13:00  20.06 °C  61.39 %  881.3 hPa 1.040E-03 g/cm³ 000 chk 31377
17/10/2019 11:14:00  20.06 °C  61.73 %  881.3 hPa 1.040E-03 g/cm³ 000 chk 23902
17/10/2019 11:15:00  20.06 °C  61.72 %  881.2 hPa 1.040E-03 g/cm³ 000 chk 58287
17/10/2019 11:16:00  20.07 °C  61.84 %  881.2 hPa 1.040E-03 g/cm³ 000 chk  8747
17/10/2019 11:17:00  20.06 °C  62.17 %  881.3 hPa 1.040E-03 g/cm³ 000 chk 26233
17/10/2019 11:18:00  20.07 °C  62.13 %  881.2 hPa 1.040E-03 g/cm³ 000 chk 47801
17/10/2019 11:19:00  20.07 °C  62.20 %  881.2 hPa 1.040E-03 g/cm³ 000 chk 26474
17/10/2019 11:20:00  20.07 °C  61.83 %  881.2 hPa 1.040E-03 g/cm³ 000 chk 37385
17/10/2019 11:21:00  20.07 °C  61.65 %  881.2 hPa 1.040E-03 g/cm³ 000 chk  5930
17/10/2019 11:22:00  20.06 °C  61.38 %  881.2 hPa 1.040E-03 g/cm³ 000 chk 18590
17/10/2019 11:23:00  20.05 °C  60.53 %  881.2 hPa 1.040E-03 g/cm³ 000 chk  8073
17/10/2019 11:24:00  20.04 °C  60.32 %  881.2 hPa 1.041E-03 g/cm³ 000 chk 63006
17/10/2019 11:25:00  20.03 °C  59.93 %  881.3 hPa 1.041E-03 g/cm³ 000 chk 14043
17/10/2019 11:26:00  20.02 °C  59.90 %  881.2 hPa 1.041E-03 g/cm³ 000 chk 38560
17/10/2019 11:27:00  20.02 °C  59.78 %  881.2 hPa 1.041E-03 g/cm³ 000 chk  5505
17/10/2019 11:28:00  20.01 °C  59.81 %  881.2 hPa 1.041E-03 g/cm³ 000 chk  9023
17/10/2019 11:29:00  20.01 °C  59.88 %  881.1 hPa 1.041E-03 g/cm³ 000 chk 51047
17/10/2019 11:30:00  20.00 °C  60.10 %  881.1 hPa 1.041E-03 g/cm³ 000 chk 45440
17/10/2019 11:31:00  20.00 °C  60.56 %  881.1 hPa 1.041E-03 g/cm³ 000 chk 13713
17/10/2019 11:32:00  19.99 °C  60.64 %  881.1 hPa 1.041E-03 g/cm³ 000 chk 41829
17/10/2019 11:33:00  19.99 °C  60.98 %  881.1 hPa 1.041E-03 g/cm³ 000 chk 37993
17/10/2019 11:34:00  20.00 °C  61.09 %  881.1 hPa 1.041E-03 g/cm³ 000 chk 52773
17/10/2019 11:35:00  20.01 °C  61.56 %  881.1 hPa 1.041E-03 g/cm³ 000 chk  7899
17/10/2019 11:36:00  20.01 °C  61.50 %  881.1 hPa 1.041E-03 g/cm³ 000 chk 20276
17/10/2019 11:37:00  20.02 °C  61.75 %  881.1 hPa 1.040E-03 g/cm³ 000 chk 20041
17/10/2019 11:38:00  20.03 °C  61.97 %  881.1 hPa 1.040E-03 g/cm³ 000 chk 17498
17/10/2019 11:39:00  20.03 °C  61.98 %  881.0 hPa 1.040E-03 g/cm³ 000 chk 64681
17/10/2019 11:40:00  20.04 °C  62.27 %  881.0 hPa 1.040E-03 g/cm³ 000 chk  3594
17/10/2019 11:41:00  20.04 °C  62.36 %  881.0 hPa 1.040E-03 g/cm³ 000 chk 35203
17/10/2019 11:42:00  20.04 °C  61.87 %  880.9 hPa 1.040E-03 g/cm³ 000 chk 56148
17/10/2019 11:43:00  20.04 °C  61.98 %  881.0 hPa 1.040E-03 g/cm³ 000 chk 27615
17/10/2019 11:44:00  20.04 °C  61.38 %  881.0 hPa 1.040E-03 g/cm³ 000 chk 65428
17/10/2019 11:45:00  20.03 °C  60.66 %  881.0 hPa 1.040E-03 g/cm³ 000 chk 63218
17/10/2019 11:46:00  20.02 °C  60.33 %  881.0 hPa 1.040E-03 g/cm³ 000 chk 16708
17/10/2019 11:47:00  20.02 °C  60.04 %  881.0 hPa 1.040E-03 g/cm³ 000 chk 59542
17/10/2019 11:48:00  20.01 °C  59.97 %  880.9 hPa 1.040E-03 g/cm³ 000 chk 55174
17/10/2019 11:49:00  20.00 °C  60.37 %  881.0 hPa 1.041E-03 g/cm³ 000 chk 38482
17/10/2019 11:50:00  20.00 °C  60.57 %  881.0 hPa 1.041E-03 g/cm³ 000 chk 53919
17/10/2019 11:51:00  20.00 °C  60.55 %  880.9 hPa 1.040E-03 g/cm³ 000 chk 54267
17/10/2019 11:52:00  20.00 °C  60.68 %  880.9 hPa 1.040E-03 g/cm³ 000 chk  7521
17/10/2019 11:53:00  19.99 °C  61.03 %  880.9 hPa 1.040E-03 g/cm³ 000 chk  2904
17/10/2019 11:54:00  19.99 °C  61.16 %  880.8 hPa 1.040E-03 g/cm³ 000 chk 15961
17/10/2019 11:55:00  19.99 °C  61.37 %  880.8 hPa 1.040E-03 g/cm³ 000 chk 47527
17/10/2019 11:56:00  19.99 °C  61.41 %  880.8 hPa 1.040E-03 g/cm³ 000 chk 10378
17/10/2019 11:57:00  19.99 °C  61.86 %  880.7 hPa 1.040E-03 g/cm³ 000 chk 42227
17/10/2019 11:58:00  19.99 °C  61.93 %  880.7 hPa 1.040E-03 g/cm³ 000 chk 15754
17/10/2019 11:59:00  20.00 °C  61.95 %  880.7 hPa 1.040E-03 g/cm³ 000 chk 51779
17/10/2019 12:00:00  20.00 °C  62.18 %  880.7 hPa 1.040E-03 g/cm³ 000 chk 26055
17/10/2019 12:01:00  20.00 °C  62.42 %  880.7 hPa 1.040E-03 g/cm³ 000 chk 48633
17/10/2019 12:02:00  20.01 °C  62.40 %  880.7 hPa 1.040E-03 g/cm³ 000 chk  2519
17/10/2019 12:03:00  20.02 °C  62.42 %  880.7 hPa 1.040E-03 g/cm³ 000 chk 52017
17/10/2019 12:04:00  20.02 °C  62.66 %  880.7 hPa 1.040E-03 g/cm³ 000 chk 59922
17/10/2019 12:05:00  20.03 °C  62.74 %  880.6 hPa 1.040E-03 g/cm³ 000 chk 29199
17/10/2019 12:06:00  20.02 °C  63.12 %  880.6 hPa 1.040E-03 g/cm³ 000 chk  8914
17/10/2019 12:07:00  20.03 °C  62.85 %  880.6 hPa 1.040E-03 g/cm³ 000 chk 35822
17/10/2019 12:08:00  20.04 °C  63.04 %  880.6 hPa 1.040E-03 g/cm³ 000 chk 49802
17/10/2019 12:09:00  20.04 °C  63.21 %  880.5 hPa 1.039E-03 g/cm³ 000 chk 19969
17/10/2019 12:10:00  20.05 °C  63.26 %  880.5 hPa 1.039E-03 g/cm³ 000 chk 39139
17/10/2019 12:11:00  20.05 °C  63.25 %  880.5 hPa 1.039E-03 g/cm³ 000 chk 17735
17/10/2019 12:12:00  20.05 °C  63.35 %  880.5 hPa 1.039E-03 g/cm³ 000 chk 14980
17/10/2019 12:13:00  20.05 °C  63.41 %  880.5 hPa 1.039E-03 g/cm³ 000 chk  9443
17/10/2019 12:14:00  20.06 °C  63.60 %  880.5 hPa 1.039E-03 g/cm³ 000 chk 28291
17/10/2019 12:15:00  20.06 °C  63.11 %  880.5 hPa 1.039E-03 g/cm³ 000 chk 59876
17/10/2019 12:16:00  20.05 °C  62.48 %  880.4 hPa 1.039E-03 g/cm³ 000 chk 51354
17/10/2019 12:17:00  20.05 °C  62.10 %  880.4 hPa 1.039E-03 g/cm³ 000 chk 35493
17/10/2019 12:18:00  20.05 °C  61.47 %  880.4 hPa 1.039E-03 g/cm³ 000 chk 47439
17/10/2019 12:19:00  20.04 °C  61.31 %  880.4 hPa 1.039E-03 g/cm³ 000 chk 44265
17/10/2019 12:20:00  20.04 °C  61.11 %  880.3 hPa 1.040E-03 g/cm³ 000 chk 17893
17/10/2019 12:21:00  20.02 °C  60.96 %  880.3 hPa 1.039E-03 g/cm³ 000 chk 11579
17/10/2019 12:22:00  20.02 °C  61.33 %  880.3 hPa 1.039E-03 g/cm³ 000 chk 39674
17/10/2019 12:23:00  20.02 °C  61.29 %  880.3 hPa 1.039E-03 g/cm³ 000 chk 33393
17/10/2019 12:24:00  20.02 °C  61.49 %  880.2 hPa 1.039E-03 g/cm³ 000 chk 61106
17/10/2019 12:25:00  20.02 °C  61.61 %  880.2 hPa 1.039E-03 g/cm³ 000 chk 27727
17/10/2019 12:26:00  20.02 °C  61.60 %  880.2 hPa 1.039E-03 g/cm³ 000 chk 16033
17/10/2019 12:27:00  20.02 °C  61.56 %  880.2 hPa 1.039E-03 g/cm³ 000 chk 31346
17/10/2019 12:28:00  20.02 °C  61.69 %  880.2 hPa 1.039E-03 g/cm³ 000 chk 20819
17/10/2019 12:29:00  20.02 °C  61.85 %  880.2 hPa 1.039E-03 g/cm³ 000 chk 42611
17/10/2019 12:30:00  20.02 °C  62.23 %  880.1 hPa 1.039E-03 g/cm³ 000 chk 46778
17/10/2019 12:31:00  20.03 °C  62.18 %  880.1 hPa 1.039E-03 g/cm³ 000 chk  4779
17/10/2019 12:32:00  20.02 °C  62.13 %  880.1 hPa 1.039E-03 g/cm³ 000 chk 41862
17/10/2019 12:33:00  20.03 °C  62.32 %  880.1 hPa 1.039E-03 g/cm³ 000 chk 46520
17/10/2019 12:34:00  20.03 °C  62.59 %  880.0 hPa 1.039E-03 g/cm³ 000 chk 18041
17/10/2019 12:35:00  20.03 °C  62.46 %  880.0 hPa 1.039E-03 g/cm³ 000 chk 51186
17/10/2019 12:36:00  20.03 °C  62.98 %  880.0 hPa 1.039E-03 g/cm³ 000 chk 49135
17/10/2019 12:37:00  20.03 °C  63.05 %  880.0 hPa 1.039E-03 g/cm³ 000 chk 62736
17/10/2019 12:38:00  20.04 °C  62.97 %  880.0 hPa 1.039E-03 g/cm³ 000 chk  2904
17/10/2019 12:39:00  20.04 °C  63.31 %  880.0 hPa 1.039E-03 g/cm³ 000 chk 57042
17/10/2019 12:40:00  20.04 °C  63.30 %  880.0 hPa 1.039E-03 g/cm³ 000 chk 11791
17/10/2019 12:41:00  20.04 °C  63.27 %  880.0 hPa 1.039E-03 g/cm³ 000 chk 18310
17/10/2019 12:42:00  20.04 °C  63.41 %  879.9 hPa 1.039E-03 g/cm³ 000 chk 28771
17/10/2019 12:43:00  20.04 °C  63.37 %  879.8 hPa 1.039E-03 g/cm³ 000 chk  3409
17/10/2019 12:44:00  20.05 °C  63.25 %  879.8 hPa 1.039E-03 g/cm³ 000 chk 21445
17/10/2019 12:45:00  20.06 °C  63.28 %  879.8 hPa 1.038E-03 g/cm³ 000 chk 31457
17/10/2019 12:46:00  20.06 °C  63.26 %  879.8 hPa 1.038E-03 g/cm³ 000 chk 49932
17/10/2019 12:47:00  20.07 °C  63.37 %  879.8 hPa 1.038E-03 g/cm³ 000 chk 54597
17/10/2019 12:48:00  20.07 °C  63.31 %  879.7 hPa 1.038E-03 g/cm³ 000 chk 57104
17/10/2019 12:49:00  20.07 °C  63.36 %  879.7 hPa 1.038E-03 g/cm³ 000 chk 30389
17/10/2019 12:50:00  20.07 °C  62.73 %  879.7 hPa 1.038E-03 g/cm³ 000 chk 64319
17/10/2019 12:51:00  20.06 °C  62.21 %  879.8 hPa 1.039E-03 g/cm³ 000 chk 32258
17/10/2019 12:52:00  20.06 °C  61.53 %  879.8 hPa 1.039E-03 g/cm³ 000 chk 27401
17/10/2019 12:53:00  20.05 °C  60.83 %  879.7 hPa 1.039E-03 g/cm³ 000 chk 17922
17/10/2019 12:54:00  20.04 °C  60.74 %  879.7 hPa 1.039E-03 g/cm³ 000 chk 16401
17/10/2019 12:55:00  20.04 °C  60.67 %  879.7 hPa 1.039E-03 g/cm³ 000 chk 23961
17/10/2019 12:56:00  20.04 °C  60.61 %  879.7 hPa 1.039E-03 g/cm³ 000 chk  3190
17/10/2019 12:57:00  20.03 °C  60.69 %  879.7 hPa 1.039E-03 g/cm³ 000 chk 31637
17/10/2019 12:58:00  20.02 °C  60.89 %  879.7 hPa 1.039E-03 g/cm³ 000 chk 60295
17/10/2019 12:59:00  20.02 °C  61.08 %  879.7 hPa 1.039E-03 g/cm³ 000 chk 64855
17/10/2019 13:00:00  20.01 °C  61.51 %  879.7 hPa 1.039E-03 g/cm³ 000 chk 25400
17/10/2019 13:01:00  20.02 °C  61.52 %  879.7 hPa 1.039E-03 g/cm³ 000 chk 19679
17/10/2019 13:02:00  20.02 °C  61.78 %  879.7 hPa 1.039E-03 g/cm³ 000 chk 16744
17/10/2019 13:03:00  20.02 °C  61.88 %  879.6 hPa 1.039E-03 g/cm³ 000 chk  4915
17/10/2019 13:04:00  20.02 °C  62.07 %  879.7 hPa 1.039E-03 g/cm³ 000 chk 42323
17/10/2019 13:05:00  20.03 °C  62.10 %  879.7 hPa 1.039E-03 g/cm³ 000 chk 23834
17/10/2019 13:06:00  20.03 °C  62.34 %  879.6 hPa 1.038E-03 g/cm³ 000 chk 44858
17/10/2019 13:07:00  20.04 °C  62.58 %  879.6 hPa 1.038E-03 g/cm³ 000 chk 44086
17/10/2019 13:08:00  20.04 °C  62.84 %  879.6 hPa 1.038E-03 g/cm³ 000 chk 12688
17/10/2019 13:09:00  20.04 °C  62.65 %  879.5 hPa 1.038E-03 g/cm³ 000 chk 64589
17/10/2019 13:10:00  20.04 °C  62.28 %  879.5 hPa 1.038E-03 g/cm³ 000 chk  2521
17/10/2019 13:11:00  20.04 °C  62.01 %  879.6 hPa 1.038E-03 g/cm³ 000 chk 11738
17/10/2019 13:12:00  20.04 °C  61.72 %  879.5 hPa 1.038E-03 g/cm³ 000 chk 40495
17/10/2019 13:13:00  20.03 °C  60.86 %  879.5 hPa 1.038E-03 g/cm³ 000 chk 58488
17/10/2019 13:14:00  20.03 °C  60.62 %  879.5 hPa 1.039E-03 g/cm³ 000 chk 50246
17/10/2019 13:15:00  20.02 °C  60.46 %  879.4 hPa 1.038E-03 g/cm³ 000 chk 45805
17/10/2019 13:16:00  20.01 °C  60.59 %  879.4 hPa 1.039E-03 g/cm³ 000 chk 54447
17/10/2019 13:17:00  20.01 °C  60.56 %  879.4 hPa 1.039E-03 g/cm³ 000 chk 38152
17/10/2019 13:18:00  20.01 °C  60.81 %  879.3 hPa 1.038E-03 g/cm³ 000 chk 63943
17/10/2019 13:19:00  20.00 °C  60.84 %  879.3 hPa 1.039E-03 g/cm³ 000 chk 23394
17/10/2019 13:20:00  20.00 °C  61.05 %  879.3 hPa 1.038E-03 g/cm³ 000 chk 38049
17/10/2019 13:21:00  19.99 °C  61.17 %  879.3 hPa 1.039E-03 g/cm³ 000 chk 55172
17/10/2019 13:22:00  20.00 °C  61.62 %  879.2 hPa 1.038E-03 g/cm³ 000 chk 31569
17/10/2019 13:23:00  20.00 °C  62.00 %  879.2 hPa 1.038E-03 g/cm³ 000 chk 47933
17/10/2019 13:24:00  20.00 °C  61.85 %  879.2 hPa 1.038E-03 g/cm³ 000 chk 34314
17/10/2019 13:25:00  20.00 °C  62.00 %  879.2 hPa 1.038E-03 g/cm³ 000 chk 34016
17/10/2019 13:26:00  20.01 °C  62.23 %  879.2 hPa 1.038E-03 g/cm³ 000 chk  7572
17/10/2019 13:27:00  20.01 °C  62.55 %  879.2 hPa 1.038E-03 g/cm³ 000 chk 39410
17/10/2019 13:28:00  20.02 °C  62.59 %  879.2 hPa 1.038E-03 g/cm³ 000 chk 14311
17/10/2019 13:29:00  20.02 °C  62.45 %  879.2 hPa 1.038E-03 g/cm³ 000 chk 49516
17/10/2019 13:30:00  20.02 °C  62.39 %  879.1 hPa 1.038E-03 g/cm³ 000 chk 37489
17/10/2019 13:31:00  20.02 °C  61.63 %  879.1 hPa 1.038E-03 g/cm³ 000 chk 47720
17/10/2019 13:32:00  20.01 °C  60.88 %  879.2 hPa 1.038E-03 g/cm³ 000 chk 29346
17/10/2019 13:33:00  20.01 °C  60.50 %  879.2 hPa 1.038E-03 g/cm³ 000 chk 61940
17/10/2019 13:34:00  20.00 °C  60.39 %  879.2 hPa 1.038E-03 g/cm³ 000 chk 61600
17/10/2019 13:35:00  20.00 °C  60.29 %  879.2 hPa 1.038E-03 g/cm³ 000 chk 39464
17/10/2019 13:36:00  20.00 °C  60.31 %  879.2 hPa 1.038E-03 g/cm³ 000 chk  3561
17/10/2019 13:37:00  20.00 °C  60.55 %  879.2 hPa 1.038E-03 g/cm³ 000 chk 54178
17/10/2019 13:38:00  20.00 °C  60.91 %  879.1 hPa 1.038E-03 g/cm³ 000 chk 11733
17/10/2019 13:39:00  20.00 °C  61.00 %  879.1 hPa 1.038E-03 g/cm³ 000 chk 64297
17/10/2019 13:40:00  19.99 °C  61.16 %  879.1 hPa 1.038E-03 g/cm³ 000 chk 31668
17/10/2019 13:41:00  20.00 °C  61.51 %  879.2 hPa 1.038E-03 g/cm³ 000 chk 59958
17/10/2019 13:42:00  20.00 °C  61.86 %  879.2 hPa 1.038E-03 g/cm³ 000 chk 38696
17/10/2019 13:43:00  20.00 °C  62.07 %  879.2 hPa 1.038E-03 g/cm³ 000 chk 57795
17/10/2019 13:44:00  20.00 °C  62.18 %  879.2 hPa 1.038E-03 g/cm³ 000 chk 24469
17/10/2019 13:45:00  20.00 °C  62.20 %  879.1 hPa 1.038E-03 g/cm³ 000 chk 22203
17/10/2019 13:46:00  20.00 °C  62.82 %  879.2 hPa 1.038E-03 g/cm³ 000 chk 14744
17/10/2019 13:47:00  20.01 °C  62.44 %  879.2 hPa 1.038E-03 g/cm³ 000 chk 60704
17/10/2019 13:48:00  20.01 °C  62.66 %  879.2 hPa 1.038E-03 g/cm³ 000 chk 30511
17/10/2019 13:49:00  20.02 °C  62.85 %  879.1 hPa 1.038E-03 g/cm³ 000 chk 53936
17/10/2019 13:50:00  20.02 °C  63.11 %  879.1 hPa 1.038E-03 g/cm³ 000 chk 29643
17/10/2019 13:51:00  20.02 °C  62.98 %  879.1 hPa 1.038E-03 g/cm³ 000 chk 36121
17/10/2019 13:52:00  20.03 °C  63.07 %  879.1 hPa 1.038E-03 g/cm³ 000 chk 55660
17/10/2019 13:53:00  20.03 °C  63.00 %  879.1 hPa 1.038E-03 g/cm³ 000 chk 28873
17/10/2019 13:54:00  20.04 °C  63.37 %  879.2 hPa 1.038E-03 g/cm³ 000 chk 39036
17/10/2019 13:55:00  20.04 °C  63.55 %  879.2 hPa 1.038E-03 g/cm³ 000 chk 43063
17/10/2019 13:56:00  20.04 °C  63.21 %  879.2 hPa 1.038E-03 g/cm³ 000 chk 41755
17/10/2019 13:57:00  20.05 °C  63.72 %  879.2 hPa 1.038E-03 g/cm³ 000 chk 61414
17/10/2019 13:58:00  20.06 °C  63.46 %  879.2 hPa 1.038E-03 g/cm³ 000 chk 43398
17/10/2019 13:59:00  20.06 °C  63.67 %  879.2 hPa 1.038E-03 g/cm³ 000 chk 11896
17/10/2019 14:00:00  20.06 °C  63.66 %  879.1 hPa 1.038E-03 g/cm³ 000 chk 11185
17/10/2019 14:01:00  20.06 °C  63.80 %  879.1 hPa 1.038E-03 g/cm³ 000 chk 44690
17/10/2019 14:02:00  20.06 °C  64.04 %  879.1 hPa 1.038E-03 g/cm³ 000 chk 37956
17/10/2019 14:03:00  20.07 °C  63.97 %  879.0 hPa 1.038E-03 g/cm³ 000 chk  4192
17/10/2019 14:04:00  20.07 °C  63.82 %  879.0 hPa 1.037E-03 g/cm³ 000 chk 55418
17/10/2019 14:05:00  20.07 °C  64.04 %  879.0 hPa 1.037E-03 g/cm³ 000 chk 28134
17/10/2019 14:06:00  20.07 °C  63.89 %  879.0 hPa 1.037E-03 g/cm³ 000 chk 21043
17/10/2019 14:07:00  20.07 °C  64.14 %  879.0 hPa 1.037E-03 g/cm³ 000 chk 47233
17/10/2019 14:08:00  20.07 °C  63.93 %  878.9 hPa 1.037E-03 g/cm³ 000 chk 48109
17/10/2019 14:09:00  20.07 °C  64.37 %  878.9 hPa 1.037E-03 g/cm³ 000 chk 21547
17/10/2019 14:10:00  20.07 °C  64.34 %  879.0 hPa 1.037E-03 g/cm³ 000 chk 22024
17/10/2019 14:11:00  20.07 °C  64.20 %  879.0 hPa 1.037E-03 g/cm³ 000 chk 18561
17/10/2019 14:12:00  20.07 °C  64.33 %  878.9 hPa 1.037E-03 g/cm³ 000 chk 28994
17/10/2019 14:13:00  20.08 °C  64.31 %  878.9 hPa 1.037E-03 g/cm³ 000 chk 47789
17/10/2019 14:14:00  20.08 °C  64.26 %  878.9 hPa 1.037E-03 g/cm³ 000 chk 60665
17/10/2019 14:15:00  20.08 °C  64.27 %  878.9 hPa 1.037E-03 g/cm³ 000 chk 43868
17/10/2019 14:16:00  20.08 °C  64.34 %  878.9 hPa 1.037E-03 g/cm³ 000 chk 41887
17/10/2019 14:17:00  20.08 °C  64.09 %  878.8 hPa 1.037E-03 g/cm³ 000 chk 33050
17/10/2019 14:18:00  20.09 °C  64.18 %  878.8 hPa 1.037E-03 g/cm³ 000 chk 64930
17/10/2019 14:19:00  20.09 °C  64.04 %  878.8 hPa 1.037E-03 g/cm³ 000 chk  2857
17/10/2019 14:20:00  20.09 °C  64.12 %  878.8 hPa 1.037E-03 g/cm³ 000 chk 22131
17/10/2019 14:21:00  20.09 °C  64.35 %  878.8 hPa 1.037E-03 g/cm³ 000 chk 16269
17/10/2019 14:22:00  20.09 °C  64.01 %  878.8 hPa 1.037E-03 g/cm³ 000 chk 62484
17/10/2019 14:23:00  20.09 °C  64.06 %  878.8 hPa 1.037E-03 g/cm³ 000 chk 23985
17/10/2019 14:24:00  20.09 °C  64.24 %  878.8 hPa 1.037E-03 g/cm³ 000 chk 37522
17/10/2019 14:25:00  20.09 °C  64.43 %  878.8 hPa 1.037E-03 g/cm³ 000 chk 15321
17/10/2019 14:26:00  20.09 °C  64.26 %  878.8 hPa 1.037E-03 g/cm³ 000 chk  7640
17/10/2019 14:27:00  20.09 °C  64.14 %  878.8 hPa 1.037E-03 g/cm³ 000 chk 11530
17/10/2019 14:28:00  20.10 °C  64.30 %  878.8 hPa 1.037E-03 g/cm³ 000 chk 22107
17/10/2019 14:29:00  20.10 °C  64.22 %  878.7 hPa 1.037E-03 g/cm³ 000 chk 33490
17/10/2019 14:30:00  20.10 °C  64.54 %  878.7 hPa 1.037E-03 g/cm³ 000 chk 59443
17/10/2019 14:31:00  20.10 °C  64.35 %  878.7 hPa 1.037E-03 g/cm³ 000 chk 44920
17/10/2019 14:32:00  20.12 °C  64.37 %  878.7 hPa 1.037E-03 g/cm³ 000 chk 59669
17/10/2019 14:33:00  20.13 °C  64.62 %  878.7 hPa 1.037E-03 g/cm³ 000 chk 19432
17/10/2019 14:34:00  20.14 °C  64.55 %  878.6 hPa 1.037E-03 g/cm³ 000 chk  4598
17/10/2019 14:35:00  20.14 °C  64.50 %  878.6 hPa 1.037E-03 g/cm³ 000 chk  8786
17/10/2019 14:36:00  20.15 °C  64.24 %  878.6 hPa 1.037E-03 g/cm³ 000 chk 47294
17/10/2019 14:37:00  20.15 °C  64.00 %  878.6 hPa 1.037E-03 g/cm³ 000 chk 42560
17/10/2019 14:38:00  20.15 °C  63.87 %  878.6 hPa 1.037E-03 g/cm³ 000 chk 37932
17/10/2019 14:39:00  20.15 °C  63.96 %  878.6 hPa 1.037E-03 g/cm³ 000 chk  5029
17/10/2019 14:40:00  20.15 °C  63.70 %  878.6 hPa 1.037E-03 g/cm³ 000 chk  8702
17/10/2019 14:41:00  20.16 °C  63.76 %  878.6 hPa 1.037E-03 g/cm³ 000 chk 38681
17/10/2019 14:42:00  20.16 °C  63.68 %  878.6 hPa 1.037E-03 g/cm³ 000 chk 61144
17/10/2019 14:43:00  20.15 °C  63.78 %  878.5 hPa 1.037E-03 g/cm³ 000 chk 15852
17/10/2019 14:44:00  20.16 °C  63.63 %  878.5 hPa 1.037E-03 g/cm³ 000 chk  1528
17/10/2019 14:45:00  20.16 °C  63.32 %  878.5 hPa 1.037E-03 g/cm³ 000 chk 17092
17/10/2019 14:46:00  20.17 °C  63.21 %  878.5 hPa 1.037E-03 g/cm³ 000 chk 56263
17/10/2019 14:47:00  20.16 °C  62.82 %  878.5 hPa 1.037E-03 g/cm³ 000 chk  1677
17/10/2019 14:48:00  20.16 °C  62.74 %  878.5 hPa 1.037E-03 g/cm³ 000 chk 10611
17/10/2019 14:49:00  20.17 °C  62.76 %  878.5 hPa 1.037E-03 g/cm³ 000 chk 34838
17/10/2019 14:50:00  20.16 °C  62.74 %  878.4 hPa 1.037E-03 g/cm³ 000 chk 16032
17/10/2019 14:51:00  20.16 °C  62.80 %  878.4 hPa 1.037E-03 g/cm³ 000 chk 57774
17/10/2019 14:52:00  20.17 °C  62.79 %  878.4 hPa 1.036E-03 g/cm³ 000 chk 52200
17/10/2019 14:53:00  20.17 °C  62.47 %  878.4 hPa 1.037E-03 g/cm³ 000 chk 26616
17/10/2019 14:54:00  20.17 °C  62.46 %  878.3 hPa 1.036E-03 g/cm³ 000 chk 29163
17/10/2019 14:55:00  20.17 °C  62.23 %  878.4 hPa 1.037E-03 g/cm³ 000 chk 11466
17/10/2019 14:56:00  20.17 °C  62.12 %  878.4 hPa 1.037E-03 g/cm³ 000 chk 32339
17/10/2019 14:57:00  20.17 °C  61.97 %  878.4 hPa 1.037E-03 g/cm³ 000 chk 31929
17/10/2019 14:58:00  20.17 °C  61.86 %  878.5 hPa 1.037E-03 g/cm³ 000 chk 26773
17/10/2019 14:59:00  20.17 °C  62.01 %  878.5 hPa 1.037E-03 g/cm³ 000 chk 61566
17/10/2019 15:00:00  20.17 °C  61.79 %  878.5 hPa 1.037E-03 g/cm³ 000 chk 16687
17/10/2019 15:01:00  20.17 °C  61.79 %  878.6 hPa 1.037E-03 g/cm³ 000 chk 41076
17/10/2019 15:02:00  20.17 °C  61.62 %  878.6 hPa 1.037E-03 g/cm³ 000 chk 16565
17/10/2019 15:03:00  20.17 °C  61.77 %  878.8 hPa 1.037E-03 g/cm³ 000 chk 28265
17/10/2019 15:04:00  20.19 °C  61.43 %  878.8 hPa 1.037E-03 g/cm³ 000 chk 58860
17/10/2019 15:05:00  20.19 °C  61.21 %  878.9 hPa 1.037E-03 g/cm³ 000 chk 11507
17/10/2019 15:06:00  20.20 °C  61.03 %  879.0 hPa 1.037E-03 g/cm³ 000 chk 22074
17/10/2019 15:07:00  20.20 °C  60.76 %  879.0 hPa 1.037E-03 g/cm³ 000 chk 13632
17/10/2019 15:08:00  20.20 °C  60.65 %  879.0 hPa 1.037E-03 g/cm³ 000 chk 16953
17/10/2019 15:09:00  20.21 °C  60.87 %  879.1 hPa 1.037E-03 g/cm³ 000 chk 56207
17/10/2019 15:10:00  20.22 °C  60.80 %  879.0 hPa 1.037E-03 g/cm³ 000 chk 38842
17/10/2019 15:11:00  20.23 °C  60.66 %  879.0 hPa 1.037E-03 g/cm³ 000 chk 33625
17/10/2019 15:12:00  20.23 °C  60.87 %  879.1 hPa 1.037E-03 g/cm³ 000 chk 59748
17/10/2019 15:13:00  20.22 °C  60.65 %  879.0 hPa 1.037E-03 g/cm³ 000 chk 28882
17/10/2019 15:14:00  20.22 °C  60.54 %  878.9 hPa 1.037E-03 g/cm³ 000 chk 14813
17/10/2019 15:15:00  20.21 °C  60.68 %  878.9 hPa 1.037E-03 g/cm³ 000 chk 64846
17/10/2019 15:16:00  20.20 °C  61.00 %  878.8 hPa 1.037E-03 g/cm³ 000 chk 21189
17/10/2019 15:17:00  20.19 °C  61.25 %  878.7 hPa 1.037E-03 g/cm³ 000 chk 11078
17/10/2019 15:18:00  20.19 °C  61.35 %  878.8 hPa 1.037E-03 g/cm³ 000 chk  3903
17/10/2019 15:19:00  20.19 °C  61.71 %  878.8 hPa 1.037E-03 g/cm³ 000 chk  4399
17/10/2019 15:20:00  20.20 °C  61.31 %  878.8 hPa 1.037E-03 g/cm³ 000 chk  3216
17/10/2019 15:21:00  20.22 °C  60.94 %  878.8 hPa 1.037E-03 g/cm³ 000 chk 52633
17/10/2019 15:22:00  20.23 °C  60.70 %  878.8 hPa 1.037E-03 g/cm³ 000 chk 22064
17/10/2019 15:23:00  20.24 °C  60.39 %  878.8 hPa 1.037E-03 g/cm³ 000 chk  3175
17/10/2019 15:24:00  20.25 °C  60.40 %  878.8 hPa 1.037E-03 g/cm³ 000 chk 52511
17/10/2019 15:25:00  20.25 °C  60.48 %  878.8 hPa 1.037E-03 g/cm³ 000 chk 36793
17/10/2019 15:26:00  20.26 °C  60.33 %  878.9 hPa 1.037E-03 g/cm³ 000 chk 25729
17/10/2019 15:27:00  20.26 °C  60.59 %  878.9 hPa 1.037E-03 g/cm³ 000 chk 48328
17/10/2019 15:28:00  20.28 °C  60.14 %  879.0 hPa 1.037E-03 g/cm³ 000 chk 38560
17/10/2019 15:29:00  20.26 °C  60.38 %  879.0 hPa 1.037E-03 g/cm³ 000 chk  2774
17/10/2019 15:30:00  20.27 °C  60.01 %  879.1 hPa 1.037E-03 g/cm³ 000 chk  8981
17/10/2019 15:31:00  20.27 °C  60.38 %  879.2 hPa 1.037E-03 g/cm³ 000 chk 51002
17/10/2019 15:32:00  20.27 °C  60.63 %  879.2 hPa 1.037E-03 g/cm³ 000 chk 59214
17/10/2019 15:33:00  20.28 °C  61.13 %  879.3 hPa 1.037E-03 g/cm³ 000 chk  7978
17/10/2019 15:34:00  20.29 °C  60.83 %  879.3 hPa 1.037E-03 g/cm³ 000 chk 35530
17/10/2019 15:35:00  20.30 °C  60.61 %  879.3 hPa 1.037E-03 g/cm³ 000 chk 29878
17/10/2019 15:36:00  20.31 °C  61.06 %  879.3 hPa 1.037E-03 g/cm³ 000 chk 51562
17/10/2019 15:37:00  20.32 °C  61.14 %  879.3 hPa 1.037E-03 g/cm³ 000 chk 52128
17/10/2019 15:38:00  20.32 °C  61.37 %  879.3 hPa 1.037E-03 g/cm³ 000 chk 48302
17/10/2019 15:39:00  20.33 °C  61.12 %  879.3 hPa 1.037E-03 g/cm³ 000 chk 56977
17/10/2019 15:40:00  20.34 °C  60.82 %  879.2 hPa 1.037E-03 g/cm³ 000 chk 40453
17/10/2019 15:41:00  20.34 °C  60.90 %  879.2 hPa 1.037E-03 g/cm³ 000 chk 28300
17/10/2019 15:42:00  20.35 °C  60.61 %  879.2 hPa 1.037E-03 g/cm³ 000 chk 44041
17/10/2019 15:43:00  20.36 °C  60.92 %  879.2 hPa 1.037E-03 g/cm³ 000 chk 33349
17/10/2019 15:44:00  20.36 °C  60.83 %  879.2 hPa 1.037E-03 g/cm³ 000 chk 14865
17/10/2019 15:45:00  20.37 °C  60.96 %  879.2 hPa 1.037E-03 g/cm³ 000 chk 22617
17/10/2019 15:46:00  20.37 °C  61.37 %  879.3 hPa 1.037E-03 g/cm³ 000 chk 25293
17/10/2019 15:47:00  20.38 °C  61.31 %  879.2 hPa 1.037E-03 g/cm³ 000 chk  9335
17/10/2019 15:48:00  20.38 °C  60.79 %  879.2 hPa 1.037E-03 g/cm³ 000 chk 23689
17/10/2019 15:49:00  20.38 °C  61.42 %  879.2 hPa 1.037E-03 g/cm³ 000 chk 63812
17/10/2019 15:50:00  20.36 °C  60.83 %  879.1 hPa 1.037E-03 g/cm³ 000 chk 57555
17/10/2019 15:51:00  20.35 °C  61.04 %  879.1 hPa 1.037E-03 g/cm³ 000 chk 59968
17/10/2019 15:52:00  20.33 °C  61.10 %  879.1 hPa 1.037E-03 g/cm³ 000 chk 17671
17/10/2019 15:53:00  20.32 °C  60.92 %  879.0 hPa 1.037E-03 g/cm³ 000 chk 19523
17/10/2019 15:54:00  20.32 °C  61.70 %  879.0 hPa 1.037E-03 g/cm³ 000 chk  4768
17/10/2019 15:55:00  20.32 °C  61.76 %  879.0 hPa 1.037E-03 g/cm³ 000 chk 22020
17/10/2019 15:56:00  20.32 °C  61.17 %  878.9 hPa 1.037E-03 g/cm³ 000 chk 13572
17/10/2019 15:57:00  20.31 °C  61.95 %  878.9 hPa 1.037E-03 g/cm³ 000 chk 13963
17/10/2019 15:58:00  20.30 °C  61.25 %  878.9 hPa 1.037E-03 g/cm³ 000 chk 42496
17/10/2019 15:59:00  20.28 °C  61.29 %  878.9 hPa 1.037E-03 g/cm³ 000 chk  3641
17/10/2019 16:00:00  20.27 °C  61.07 %  878.9 hPa 1.037E-03 g/cm³ 000 chk 56546
17/10/2019 16:01:00  20.26 °C  61.09 %  878.9 hPa 1.037E-03 g/cm³ 000 chk 57732
17/10/2019 16:02:00  20.25 °C  61.02 %  878.9 hPa 1.037E-03 g/cm³ 000 chk 13098
17/10/2019 16:03:00  20.23 °C  61.15 %  878.9 hPa 1.037E-03 g/cm³ 000 chk 65062
17/10/2019 16:04:00  20.22 °C  61.17 %  878.9 hPa 1.037E-03 g/cm³ 000 chk 24734
17/10/2019 16:05:00  20.21 °C  61.09 %  878.9 hPa 1.037E-03 g/cm³ 000 chk 65111
17/10/2019 16:06:00  20.20 °C  61.57 %  879.0 hPa 1.037E-03 g/cm³ 000 chk 59363
17/10/2019 16:07:00  20.19 °C  61.19 %  879.0 hPa 1.037E-03 g/cm³ 000 chk  9612
17/10/2019 16:08:00  20.18 °C  61.31 %  879.0 hPa 1.037E-03 g/cm³ 000 chk 23616
17/10/2019 16:09:00  20.18 °C  61.40 %  879.0 hPa 1.037E-03 g/cm³ 000 chk 56103
17/10/2019 16:10:00  20.16 °C  61.33 %  879.1 hPa 1.038E-03 g/cm³ 000 chk 48983
17/10/2019 16:11:00  20.16 °C  60.90 %  879.1 hPa 1.038E-03 g/cm³ 000 chk 62429
17/10/2019 16:12:00  20.14 °C  61.13 %  879.1 hPa 1.038E-03 g/cm³ 000 chk  2500
17/10/2019 16:13:00  20.14 °C  61.36 %  879.2 hPa 1.038E-03 g/cm³ 000 chk 45508
17/10/2019 16:14:00  20.13 °C  61.28 %  879.2 hPa 1.038E-03 g/cm³ 000 chk 55254
17/10/2019 16:15:00  20.12 °C  61.43 %  879.3 hPa 1.038E-03 g/cm³ 000 chk 35338
17/10/2019 16:16:00  20.12 °C  61.30 %  879.3 hPa 1.038E-03 g/cm³ 000 chk 33319
17/10/2019 16:17:00  20.11 °C  61.39 %  879.3 hPa 1.038E-03 g/cm³ 000 chk 57283
17/10/2019 16:18:00  20.11 °C  61.15 %  879.3 hPa 1.038E-03 g/cm³ 000 chk 17358
17/10/2019 16:19:00  20.10 °C  61.44 %  879.2 hPa 1.038E-03 g/cm³ 000 chk 27750
17/10/2019 16:20:00  20.11 °C  61.52 %  879.2 hPa 1.038E-03 g/cm³ 000 chk 41212
17/10/2019 16:21:00  20.10 °C  61.43 %  879.2 hPa 1.038E-03 g/cm³ 000 chk 46773
17/10/2019 16:22:00  20.09 °C  61.52 %  879.2 hPa 1.038E-03 g/cm³ 000 chk 11049
17/10/2019 16:23:00  20.08 °C  61.31 %  879.2 hPa 1.038E-03 g/cm³ 000 chk 26531
17/10/2019 16:24:00  20.07 °C  61.33 %  879.3 hPa 1.038E-03 g/cm³ 000 chk 27333
17/10/2019 16:25:00  20.06 °C  61.03 %  879.3 hPa 1.038E-03 g/cm³ 000 chk 20950
17/10/2019 16:26:00  20.06 °C  61.00 %  879.3 hPa 1.038E-03 g/cm³ 000 chk 39225
17/10/2019 16:27:00  20.04 °C  60.86 %  879.3 hPa 1.038E-03 g/cm³ 000 chk 61291
17/10/2019 16:28:00  20.03 °C  60.79 %  879.3 hPa 1.038E-03 g/cm³ 000 chk 61651
17/10/2019 16:29:00  20.02 °C  60.73 %  879.3 hPa 1.038E-03 g/cm³ 000 chk 47540
17/10/2019 16:30:00  20.01 °C  60.76 %  879.3 hPa 1.038E-03 g/cm³ 000 chk 38612
17/10/2019 16:31:00  20.00 °C  60.92 %  879.3 hPa 1.039E-03 g/cm³ 000 chk  6391
17/10/2019 16:32:00  19.99 °C  61.07 %  879.4 hPa 1.039E-03 g/cm³ 000 chk 29318
17/10/2019 16:33:00  19.98 °C  60.81 %  879.4 hPa 1.039E-03 g/cm³ 000 chk 63127
17/10/2019 16:34:00  19.98 °C  60.58 %  879.4 hPa 1.039E-03 g/cm³ 000 chk 42781
17/10/2019 16:35:00  19.97 °C  60.60 %  879.4 hPa 1.039E-03 g/cm³ 000 chk  7814
17/10/2019 16:36:00  19.96 °C  60.56 %  879.5 hPa 1.039E-03 g/cm³ 000 chk 10122
17/10/2019 16:37:00  19.95 °C  60.75 %  879.5 hPa 1.039E-03 g/cm³ 000 chk 51254
17/10/2019 16:38:00  19.94 °C  60.59 %  879.5 hPa 1.039E-03 g/cm³ 000 chk 50683
17/10/2019 16:39:00  19.93 °C  60.53 %  879.5 hPa 1.039E-03 g/cm³ 000 chk 10265
17/10/2019 16:40:00  19.93 °C  60.68 %  879.5 hPa 1.039E-03 g/cm³ 000 chk 43696
17/10/2019 16:41:00  19.92 °C  60.84 %  879.5 hPa 1.039E-03 g/cm³ 000 chk 52304
17/10/2019 16:42:00  19.92 °C  61.15 %  879.5 hPa 1.039E-03 g/cm³ 000 chk  4071
17/10/2019 16:43:00  19.91 °C  60.90 %  879.4 hPa 1.039E-03 g/cm³ 000 chk 26145
17/10/2019 16:44:00  19.91 °C  60.86 %  879.4 hPa 1.039E-03 g/cm³ 000 chk 56692
17/10/2019 16:45:00  19.90 °C  61.03 %  879.5 hPa 1.039E-03 g/cm³ 000 chk 55089
17/10/2019 16:46:00  19.90 °C  60.99 %  879.5 hPa 1.039E-03 g/cm³ 000 chk 35716
17/10/2019 16:47:00  19.89 °C  61.21 %  879.5 hPa 1.039E-03 g/cm³ 000 chk 38782
17/10/2019 16:48:00  19.89 °C  61.20 %  879.5 hPa 1.039E-03 g/cm³ 000 chk 47658
17/10/2019 16:49:00  19.88 °C  61.38 %  879.5 hPa 1.039E-03 g/cm³ 000 chk 43360
17/10/2019 16:50:00  19.87 °C  61.27 %  879.4 hPa 1.039E-03 g/cm³ 000 chk 50290
17/10/2019 16:51:00  19.87 °C  61.22 %  879.5 hPa 1.039E-03 g/cm³ 000 chk  3714
17/10/2019 16:52:00  19.87 °C  60.85 %  879.4 hPa 1.039E-03 g/cm³ 000 chk 55830
17/10/2019 16:53:00  19.87 °C  60.80 %  879.4 hPa 1.039E-03 g/cm³ 000 chk 59826
17/10/2019 16:54:00  19.86 °C  60.79 %  879.4 hPa 1.039E-03 g/cm³ 000 chk 59811
17/10/2019 16:55:00  19.86 °C  60.96 %  879.4 hPa 1.039E-03 g/cm³ 000 chk 27011
17/10/2019 16:56:00  19.86 °C  61.14 %  879.4 hPa 1.039E-03 g/cm³ 000 chk  7448
17/10/2019 16:57:00  19.85 °C  61.14 %  879.4 hPa 1.039E-03 g/cm³ 000 chk 17919
17/10/2019 16:58:00  19.85 °C  61.04 %  879.4 hPa 1.039E-03 g/cm³ 000 chk 17798
17/10/2019 16:59:00  19.85 °C  60.92 %  879.4 hPa 1.039E-03 g/cm³ 000 chk 36987
17/10/2019 17:00:00  19.85 °C  60.88 %  879.4 hPa 1.039E-03 g/cm³ 000 chk 19426
17/10/2019 17:01:00  19.84 °C  60.86 %  879.4 hPa 1.039E-03 g/cm³ 000 chk 30340
17/10/2019 17:02:00  19.84 °C  60.79 %  879.4 hPa 1.039E-03 g/cm³ 000 chk  9155
17/10/2019 17:03:00  19.84 °C  61.29 %  879.4 hPa 1.039E-03 g/cm³ 000 chk  6626
17/10/2019 17:04:00  19.84 °C  61.39 %  879.4 hPa 1.039E-03 g/cm³ 000 chk 19639
17/10/2019 17:05:00  19.84 °C  61.48 %  879.4 hPa 1.039E-03 g/cm³ 000 chk 52176
17/10/2019 17:06:00  19.84 °C  61.41 %  879.4 hPa 1.039E-03 g/cm³ 000 chk 28988
17/10/2019 17:07:00  19.84 °C  61.51 %  879.4 hPa 1.039E-03 g/cm³ 000 chk  7092
17/10/2019 17:08:00  19.84 °C  61.63 %  879.4 hPa 1.039E-03 g/cm³ 000 chk 16791
17/10/2019 17:09:00  19.85 °C  61.55 %  879.4 hPa 1.039E-03 g/cm³ 000 chk 38020
17/10/2019 17:10:00  19.84 °C  61.74 %  879.4 hPa 1.039E-03 g/cm³ 000 chk 27709
17/10/2019 17:11:00  19.85 °C  61.81 %  879.4 hPa 1.039E-03 g/cm³ 000 chk 53234
17/10/2019 17:12:00  19.85 °C  61.92 %  879.4 hPa 1.039E-03 g/cm³ 000 chk 50993
17/10/2019 17:13:00  19.85 °C  61.81 %  879.4 hPa 1.039E-03 g/cm³ 000 chk 55993
17/10/2019 17:14:00  19.85 °C  61.93 %  879.4 hPa 1.039E-03 g/cm³ 000 chk  5613
17/10/2019 17:15:00  19.85 °C  61.96 %  879.5 hPa 1.039E-03 g/cm³ 000 chk 57117
17/10/2019 17:16:00  19.85 °C  61.89 %  879.5 hPa 1.039E-03 g/cm³ 000 chk 19421
17/10/2019 17:17:00  19.86 °C  62.19 %  879.5 hPa 1.039E-03 g/cm³ 000 chk 57944
17/10/2019 17:18:00  19.86 °C  62.23 %  879.5 hPa 1.039E-03 g/cm³ 000 chk 20601
17/10/2019 17:19:00  19.86 °C  62.02 %  879.5 hPa 1.039E-03 g/cm³ 000 chk 55175
17/10/2019 17:20:00  19.86 °C  61.93 %  879.6 hPa 1.039E-03 g/cm³ 000 chk 62317
17/10/2019 17:21:00  19.86 °C  61.89 %  879.6 hPa 1.039E-03 g/cm³ 000 chk 60390
17/10/2019 17:22:00  19.86 °C  61.64 %  879.6 hPa 1.039E-03 g/cm³ 000 chk 58508
17/10/2019 17:23:00  19.85 °C  61.26 %  879.6 hPa 1.039E-03 g/cm³ 000 chk 59103
17/10/2019 17:24:00  19.85 °C  61.25 %  879.6 hPa 1.039E-03 g/cm³ 000 chk  1190
17/10/2019 17:25:00  19.84 °C  61.39 %  879.6 hPa 1.039E-03 g/cm³ 000 chk 25581
17/10/2019 17:26:00  19.84 °C  61.08 %  879.6 hPa 1.039E-03 g/cm³ 000 chk 12660
17/10/2019 17:27:00  19.83 °C  60.83 %  879.6 hPa 1.039E-03 g/cm³ 000 chk 24802
17/10/2019 17:28:00  19.83 °C  60.62 %  879.6 hPa 1.039E-03 g/cm³ 000 chk 35889
17/10/2019 17:29:00  19.82 °C  60.54 %  879.6 hPa 1.040E-03 g/cm³ 000 chk 28073
17/10/2019 17:30:00  19.82 °C  60.42 %  879.6 hPa 1.040E-03 g/cm³ 000 chk  1958
17/10/2019 17:31:00  19.81 °C  60.42 %  879.6 hPa 1.040E-03 g/cm³ 000 chk 24385
17/10/2019 17:32:00  19.80 °C  60.29 %  879.6 hPa 1.040E-03 g/cm³ 000 chk 61058
17/10/2019 17:33:00  19.80 °C  60.26 %  879.6 hPa 1.040E-03 g/cm³ 000 chk 44837
17/10/2019 17:34:00  19.80 °C  60.24 %  879.6 hPa 1.040E-03 g/cm³ 000 chk 41053
17/10/2019 17:35:00  19.79 °C  59.95 %  879.6 hPa 1.040E-03 g/cm³ 000 chk 50192
17/10/2019 17:36:00  19.78 °C  60.07 %  879.6 hPa 1.040E-03 g/cm³ 000 chk 15160
17/10/2019 17:37:00  19.77 °C  59.69 %  879.6 hPa 1.040E-03 g/cm³ 000 chk  9849
17/10/2019 17:38:00  19.76 °C  59.89 %  879.5 hPa 1.040E-03 g/cm³ 000 chk 64916
17/10/2019 17:39:00  19.76 °C  59.97 %  879.6 hPa 1.040E-03 g/cm³ 000 chk 56033
17/10/2019 17:40:00  19.75 °C  59.64 %  879.6 hPa 1.040E-03 g/cm³ 000 chk 17365
17/10/2019 17:41:00  19.75 °C  59.82 %  879.5 hPa 1.040E-03 g/cm³ 000 chk 36105
17/10/2019 17:42:00  19.75 °C  59.83 %  879.5 hPa 1.040E-03 g/cm³ 000 chk 57319
17/10/2019 17:43:00  19.74 °C  59.84 %  879.6 hPa 1.040E-03 g/cm³ 000 chk 44157
17/10/2019 17:44:00  19.73 °C  59.57 %  879.6 hPa 1.040E-03 g/cm³ 000 chk 47793
17/10/2019 17:45:00  19.73 °C  59.64 %  879.6 hPa 1.040E-03 g/cm³ 000 chk 26466
17/10/2019 17:46:00  19.72 °C  59.72 %  879.7 hPa 1.040E-03 g/cm³ 000 chk 40501
17/10/2019 17:47:00  19.72 °C  59.65 %  879.7 hPa 1.040E-03 g/cm³ 000 chk 63420
17/10/2019 17:48:00  19.72 °C  59.69 %  879.8 hPa 1.040E-03 g/cm³ 000 chk 36842
17/10/2019 17:49:00  19.71 °C  59.73 %  879.8 hPa 1.040E-03 g/cm³ 000 chk 25890
17/10/2019 17:50:00  19.70 °C  59.67 %  879.8 hPa 1.040E-03 g/cm³ 000 chk  1260
17/10/2019 17:51:00  19.70 °C  60.83 %  879.8 hPa 1.040E-03 g/cm³ 000 chk 20877
17/10/2019 17:52:00  19.70 °C  62.50 %  879.8 hPa 1.040E-03 g/cm³ 000 chk 14505
17/10/2019 17:53:00  19.72 °C  64.22 %  879.8 hPa 1.040E-03 g/cm³ 000 chk  2816
17/10/2019 17:54:00  19.74 °C  65.50 %  879.8 hPa 1.040E-03 g/cm³ 000 chk 61475
17/10/2019 17:55:00  19.77 °C  66.93 %  879.9 hPa 1.039E-03 g/cm³ 000 chk 58336
17/10/2019 17:56:00  19.80 °C  68.12 %  879.9 hPa 1.039E-03 g/cm³ 000 chk 54010
17/10/2019 17:57:00  19.84 °C  69.17 %  879.9 hPa 1.039E-03 g/cm³ 000 chk 46660
17/10/2019 17:58:00  19.87 °C  70.46 %  880.0 hPa 1.039E-03 g/cm³ 000 chk 38476
17/10/2019 17:59:00  19.92 °C  71.01 %  880.0 hPa 1.039E-03 g/cm³ 000 chk 26903
17/10/2019 18:00:00  19.95 °C  71.64 %  880.0 hPa 1.038E-03 g/cm³ 000 chk 65460
17/10/2019 18:01:00  20.00 °C  72.31 %  880.0 hPa 1.038E-03 g/cm³ 000 chk 34506
17/10/2019 18:02:00  20.04 °C  73.17 %  880.0 hPa 1.038E-03 g/cm³ 000 chk 16484
17/10/2019 18:03:00  20.08 °C  73.69 %  880.1 hPa 1.038E-03 g/cm³ 000 chk 56413
17/10/2019 18:04:00  20.12 °C  73.64 %  880.1 hPa 1.038E-03 g/cm³ 000 chk 50491
17/10/2019 18:05:00  20.16 °C  74.32 %  880.1 hPa 1.037E-03 g/cm³ 000 chk 29214
17/10/2019 18:06:00  20.20 °C  74.31 %  880.1 hPa 1.037E-03 g/cm³ 000 chk 61383
17/10/2019 18:07:00  20.24 °C  74.84 %  880.1 hPa 1.037E-03 g/cm³ 000 chk 55931
17/10/2019 18:08:00  20.27 °C  75.11 %  880.1 hPa 1.037E-03 g/cm³ 000 chk 57396
17/10/2019 18:09:00  20.31 °C  75.53 %  880.1 hPa 1.037E-03 g/cm³ 000 chk 58416
17/10/2019 18:10:00  20.35 °C  75.70 %  880.1 hPa 1.036E-03 g/cm³ 000 chk 53391
17/10/2019 18:11:00  20.38 °C  75.98 %  880.1 hPa 1.036E-03 g/cm³ 000 chk 52071
17/10/2019 18:12:00  20.42 °C  76.23 %  880.1 hPa 1.036E-03 g/cm³ 000 chk 33995
17/10/2019 18:13:00  20.45 °C  76.81 %  880.1 hPa 1.036E-03 g/cm³ 000 chk 32793
17/10/2019 18:14:00  20.48 °C  76.90 %  880.1 hPa 1.036E-03 g/cm³ 000 chk 41092
17/10/2019 18:15:00  20.51 °C  76.61 %  880.2 hPa 1.036E-03 g/cm³ 000 chk 41515
17/10/2019 18:16:00  20.54 °C  76.66 %  880.2 hPa 1.036E-03 g/cm³ 000 chk 18435
17/10/2019 18:17:00  20.57 °C  77.09 %  880.2 hPa 1.036E-03 g/cm³ 000 chk 27413
17/10/2019 18:18:00  20.60 °C  77.14 %  880.2 hPa 1.035E-03 g/cm³ 000 chk 57307
17/10/2019 18:19:00  20.62 °C  77.43 %  880.2 hPa 1.035E-03 g/cm³ 000 chk  5476
17/10/2019 18:20:00  20.65 °C  77.33 %  880.2 hPa 1.035E-03 g/cm³ 000 chk 37781
17/10/2019 18:21:00  20.67 °C  75.28 %  880.2 hPa 1.035E-03 g/cm³ 000 chk 26023
17/10/2019 18:22:00  20.68 °C  72.80 %  880.3 hPa 1.036E-03 g/cm³ 000 chk   116
17/10/2019 18:23:00  20.67 °C  70.64 %  880.3 hPa 1.036E-03 g/cm³ 000 chk 33831
17/10/2019 18:24:00  20.65 °C  68.93 %  880.3 hPa 1.036E-03 g/cm³ 000 chk 30985
17/10/2019 18:25:00  20.62 °C  67.22 %  880.3 hPa 1.037E-03 g/cm³ 000 chk 14984
17/10/2019 18:26:00  20.58 °C  65.97 %  880.3 hPa 1.037E-03 g/cm³ 000 chk 57725
17/10/2019 18:27:00  20.55 °C  64.97 %  880.3 hPa 1.037E-03 g/cm³ 000 chk 17164
17/10/2019 18:28:00  20.50 °C  64.32 %  880.3 hPa 1.037E-03 g/cm³ 000 chk 19885
17/10/2019 18:29:00  20.46 °C  63.07 %  880.3 hPa 1.038E-03 g/cm³ 000 chk 48756
17/10/2019 18:30:00  20.42 °C  62.57 %  880.3 hPa 1.038E-03 g/cm³ 000 chk 44500
17/10/2019 18:31:00  20.38 °C  62.18 %  880.3 hPa 1.038E-03 g/cm³ 000 chk 29374
17/10/2019 18:32:00  20.34 °C  61.80 %  880.4 hPa 1.038E-03 g/cm³ 000 chk 45970
17/10/2019 18:33:00  20.30 °C  61.52 %  880.4 hPa 1.039E-03 g/cm³ 000 chk 34048
17/10/2019 18:34:00  20.25 °C  61.06 %  880.4 hPa 1.039E-03 g/cm³ 000 chk 25270
17/10/2019 18:35:00  20.21 °C  60.95 %  880.4 hPa 1.039E-03 g/cm³ 000 chk 59725
17/10/2019 18:36:00  20.18 °C  60.70 %  880.4 hPa 1.039E-03 g/cm³ 000 chk 41049
17/10/2019 18:37:00  20.14 °C  60.42 %  880.4 hPa 1.039E-03 g/cm³ 000 chk 39298
17/10/2019 18:38:00  20.10 °C  60.21 %  880.5 hPa 1.040E-03 g/cm³ 000 chk  9440
17/10/2019 18:39:00  20.08 °C  60.10 %  880.5 hPa 1.040E-03 g/cm³ 000 chk 64940
17/10/2019 18:40:00  20.04 °C  60.15 %  880.5 hPa 1.040E-03 g/cm³ 000 chk 28793
17/10/2019 18:41:00  20.01 °C  59.95 %  880.5 hPa 1.040E-03 g/cm³ 000 chk  1841
17/10/2019 18:42:00  19.98 °C  59.99 %  880.5 hPa 1.040E-03 g/cm³ 000 chk 38832
17/10/2019 18:43:00  19.95 °C  59.77 %  880.5 hPa 1.040E-03 g/cm³ 000 chk 25176
17/10/2019 18:44:00  19.93 °C  59.75 %  880.5 hPa 1.040E-03 g/cm³ 000 chk 51621
17/10/2019 18:45:00  19.90 °C  59.82 %  880.5 hPa 1.040E-03 g/cm³ 000 chk 37864
17/10/2019 18:46:00  19.88 °C  59.78 %  880.5 hPa 1.040E-03 g/cm³ 000 chk 49457
17/10/2019 18:47:00  19.87 °C  59.71 %  880.5 hPa 1.041E-03 g/cm³ 000 chk 38173
17/10/2019 18:48:00  19.85 °C  59.09 %  880.5 hPa 1.041E-03 g/cm³ 000 chk  7691
17/10/2019 18:49:00  19.83 °C  59.61 %  880.5 hPa 1.041E-03 g/cm³ 000 chk 63686
17/10/2019 18:50:00  19.81 °C  60.44 %  880.5 hPa 1.041E-03 g/cm³ 000 chk 52350
17/10/2019 18:51:00  19.80 °C  61.16 %  880.5 hPa 1.041E-03 g/cm³ 000 chk 64926
17/10/2019 18:52:00  19.80 °C  61.77 %  880.5 hPa 1.041E-03 g/cm³ 000 chk 44958
17/10/2019 18:53:00  19.80 °C  62.08 %  880.5 hPa 1.041E-03 g/cm³ 000 chk 57052
17/10/2019 18:54:00  19.81 °C  61.84 %  880.5 hPa 1.041E-03 g/cm³ 000 chk 30504
17/10/2019 18:55:00  19.80 °C  61.19 %  880.5 hPa 1.041E-03 g/cm³ 000 chk 15371
17/10/2019 18:56:00  19.80 °C  60.46 %  880.5 hPa 1.041E-03 g/cm³ 000 chk 63586
17/10/2019 18:57:00  19.78 °C  60.00 %  880.5 hPa 1.041E-03 g/cm³ 000 chk 17670
17/10/2019 18:58:00  19.77 °C  59.82 %  880.5 hPa 1.041E-03 g/cm³ 000 chk 28466
17/10/2019 18:59:00  19.77 °C  59.89 %  880.5 hPa 1.041E-03 g/cm³ 000 chk 23188
17/10/2019 19:00:00  19.75 °C  59.84 %  880.5 hPa 1.041E-03 g/cm³ 000 chk  8611
17/10/2019 19:01:00  19.74 °C  59.61 %  880.5 hPa 1.041E-03 g/cm³ 000 chk 16960
17/10/2019 19:02:00  19.74 °C  59.50 %  880.6 hPa 1.041E-03 g/cm³ 000 chk 23334
17/10/2019 19:03:00  19.73 °C  59.56 %  880.5 hPa 1.041E-03 g/cm³ 000 chk 24888
17/10/2019 19:04:00  19.72 °C  59.17 %  880.5 hPa 1.041E-03 g/cm³ 000 chk 18485
17/10/2019 19:05:00  19.71 °C  59.67 %  880.5 hPa 1.041E-03 g/cm³ 000 chk 53264
17/10/2019 19:06:00  19.71 °C  61.05 %  880.5 hPa 1.041E-03 g/cm³ 000 chk 12111
17/10/2019 19:07:00  19.71 °C  62.95 %  880.6 hPa 1.041E-03 g/cm³ 000 chk 16246
17/10/2019 19:08:00  19.73 °C  64.58 %  880.6 hPa 1.041E-03 g/cm³ 000 chk 19507
17/10/2019 19:09:00  19.75 °C  65.90 %  880.6 hPa 1.040E-03 g/cm³ 000 chk 15121
17/10/2019 19:10:00  19.78 °C  67.28 %  880.7 hPa 1.040E-03 g/cm³ 000 chk 22408
17/10/2019 19:11:00  19.81 °C  68.42 %  880.7 hPa 1.040E-03 g/cm³ 000 chk 55242
17/10/2019 19:12:00  19.85 °C  69.44 %  880.7 hPa 1.040E-03 g/cm³ 000 chk 53567
17/10/2019 19:13:00  19.88 °C  70.57 %  880.7 hPa 1.040E-03 g/cm³ 000 chk 52508
17/10/2019 19:14:00  19.92 °C  71.43 %  880.7 hPa 1.039E-03 g/cm³ 000 chk 46530
17/10/2019 19:15:00  19.96 °C  72.13 %  880.6 hPa 1.039E-03 g/cm³ 000 chk 53642
17/10/2019 19:16:00  20.00 °C  72.64 %  880.6 hPa 1.039E-03 g/cm³ 000 chk 58753
17/10/2019 19:17:00  20.04 °C  73.26 %  880.7 hPa 1.039E-03 g/cm³ 000 chk 48095
17/10/2019 19:18:00  20.07 °C  73.75 %  880.7 hPa 1.038E-03 g/cm³ 000 chk 65169
17/10/2019 19:19:00  20.11 °C  74.16 %  880.7 hPa 1.038E-03 g/cm³ 000 chk 59294
17/10/2019 19:20:00  20.15 °C  74.58 %  880.7 hPa 1.038E-03 g/cm³ 000 chk 38233
17/10/2019 19:21:00  20.19 °C  75.05 %  880.7 hPa 1.038E-03 g/cm³ 000 chk 55155
17/10/2019 19:22:00  20.23 °C  75.20 %  880.7 hPa 1.038E-03 g/cm³ 000 chk 28152
17/10/2019 19:23:00  20.26 °C  75.73 %  880.7 hPa 1.038E-03 g/cm³ 000 chk 58883
17/10/2019 19:24:00  20.30 °C  75.82 %  880.7 hPa 1.037E-03 g/cm³ 000 chk 28555
17/10/2019 19:25:00  20.33 °C  75.85 %  880.8 hPa 1.037E-03 g/cm³ 000 chk  4205
17/10/2019 19:26:00  20.37 °C  76.21 %  880.8 hPa 1.037E-03 g/cm³ 000 chk 60816
17/10/2019 19:27:00  20.40 °C  76.42 %  880.8 hPa 1.037E-03 g/cm³ 000 chk 63083
17/10/2019 19:28:00  20.43 °C  76.72 %  880.8 hPa 1.037E-03 g/cm³ 000 chk 50186
17/10/2019 19:29:00  20.46 °C  76.55 %  880.8 hPa 1.037E-03 g/cm³ 000 chk 64306
17/10/2019 19:30:00  20.49 °C  76.89 %  880.8 hPa 1.037E-03 g/cm³ 000 chk  6568
17/10/2019 19:31:00  20.52 °C  77.06 %  880.8 hPa 1.036E-03 g/cm³ 000 chk 25958
17/10/2019 19:32:00  20.54 °C  77.05 %  880.8 hPa 1.036E-03 g/cm³ 000 chk  2316
17/10/2019 19:33:00  20.57 °C  77.34 %  880.8 hPa 1.036E-03 g/cm³ 000 chk 48285
17/10/2019 19:34:00  20.59 °C  77.47 %  880.8 hPa 1.036E-03 g/cm³ 000 chk 62636
17/10/2019 19:35:00  20.62 °C  77.23 %  880.8 hPa 1.036E-03 g/cm³ 000 chk 59160
17/10/2019 19:36:00  20.64 °C  77.49 %  880.8 hPa 1.036E-03 g/cm³ 000 chk 36511
17/10/2019 19:37:00  20.66 °C  77.44 %  880.9 hPa 1.036E-03 g/cm³ 000 chk 53230
17/10/2019 19:38:00  20.68 °C  76.06 %  880.9 hPa 1.036E-03 g/cm³ 000 chk 44953
17/10/2019 19:39:00  20.69 °C  73.65 %  880.9 hPa 1.036E-03 g/cm³ 000 chk 45945
17/10/2019 19:40:00  20.69 °C  71.28 %  880.9 hPa 1.036E-03 g/cm³ 000 chk 32553
17/10/2019 19:41:00  20.66 °C  69.04 %  880.9 hPa 1.037E-03 g/cm³ 000 chk 31520
17/10/2019 19:42:00  20.63 °C  67.26 %  880.9 hPa 1.037E-03 g/cm³ 000 chk 43249
17/10/2019 19:43:00  20.60 °C  66.77 %  880.9 hPa 1.037E-03 g/cm³ 000 chk 36242
17/10/2019 19:44:00  20.57 °C  66.70 %  880.9 hPa 1.037E-03 g/cm³ 000 chk 57116
17/10/2019 19:45:00  20.53 °C  66.63 %  880.9 hPa 1.038E-03 g/cm³ 000 chk   477
17/10/2019 19:46:00  20.50 °C  66.28 %  881.0 hPa 1.038E-03 g/cm³ 000 chk  8902
17/10/2019 19:47:00  20.46 °C  65.77 %  881.0 hPa 1.038E-03 g/cm³ 000 chk 26571
17/10/2019 19:48:00  20.43 °C  64.91 %  881.0 hPa 1.038E-03 g/cm³ 000 chk 20163
17/10/2019 19:49:00  20.39 °C  63.91 %  881.0 hPa 1.039E-03 g/cm³ 000 chk 35471
17/10/2019 19:50:00  20.35 °C  62.85 %  881.0 hPa 1.039E-03 g/cm³ 000 chk 58260
17/10/2019 19:51:00  20.31 °C  62.37 %  881.0 hPa 1.039E-03 g/cm³ 000 chk 54569
17/10/2019 19:52:00  20.27 °C  61.99 %  881.0 hPa 1.039E-03 g/cm³ 000 chk 27077
17/10/2019 19:53:00  20.25 °C  61.80 %  881.0 hPa 1.039E-03 g/cm³ 000 chk 26061
17/10/2019 19:54:00  20.21 °C  61.73 %  881.0 hPa 1.040E-03 g/cm³ 000 chk 30098
17/10/2019 19:55:00  20.17 °C  61.33 %  881.1 hPa 1.040E-03 g/cm³ 000 chk 46049
17/10/2019 19:56:00  20.14 °C  61.05 %  881.1 hPa 1.040E-03 g/cm³ 000 chk  4154
17/10/2019 19:57:00  20.10 °C  60.81 %  881.1 hPa 1.040E-03 g/cm³ 000 chk 22764
17/10/2019 19:58:00  20.07 °C  60.62 %  881.2 hPa 1.040E-03 g/cm³ 000 chk    21
17/10/2019 19:59:00  20.04 °C  60.40 %  881.2 hPa 1.041E-03 g/cm³ 000 chk   617
17/10/2019 20:00:00  20.01 °C  60.20 %  881.2 hPa 1.041E-03 g/cm³ 000 chk 37900
17/10/2019 20:01:00  19.98 °C  60.28 %  881.2 hPa 1.041E-03 g/cm³ 000 chk 26055
17/10/2019 20:02:00  19.96 °C  60.15 %  881.2 hPa 1.041E-03 g/cm³ 000 chk 49623
17/10/2019 20:03:00  19.94 °C  60.22 %  881.2 hPa 1.041E-03 g/cm³ 000 chk  2950
17/10/2019 20:04:00  19.91 °C  60.06 %  881.2 hPa 1.041E-03 g/cm³ 000 chk 31843
17/10/2019 20:05:00  19.89 °C  60.10 %  881.2 hPa 1.041E-03 g/cm³ 000 chk 26229
17/10/2019 20:06:00  19.87 °C  59.99 %  881.1 hPa 1.041E-03 g/cm³ 000 chk 30406
17/10/2019 20:07:00  19.86 °C  60.00 %  881.1 hPa 1.041E-03 g/cm³ 000 chk   935
17/10/2019 20:08:00  19.84 °C  59.59 %  881.1 hPa 1.041E-03 g/cm³ 000 chk 61352
17/10/2019 20:09:00  19.82 °C  59.51 %  881.1 hPa 1.041E-03 g/cm³ 000 chk  2443
17/10/2019 20:10:00  19.81 °C  59.35 %  881.1 hPa 1.041E-03 g/cm³ 000 chk 51972
17/10/2019 20:11:00  19.79 °C  59.64 %  881.1 hPa 1.042E-03 g/cm³ 000 chk 46094
17/10/2019 20:12:00  19.78 °C  59.45 %  881.1 hPa 1.042E-03 g/cm³ 000 chk 46971
17/10/2019 20:13:00  19.77 °C  59.66 %  881.1 hPa 1.042E-03 g/cm³ 000 chk 20942
17/10/2019 20:14:00  19.76 °C  59.52 %  881.1 hPa 1.042E-03 g/cm³ 000 chk  8449
17/10/2019 20:15:00  19.74 °C  59.44 %  881.1 hPa 1.042E-03 g/cm³ 000 chk 50698
17/10/2019 20:16:00  19.73 °C  59.52 %  881.1 hPa 1.042E-03 g/cm³ 000 chk 25228
17/10/2019 20:17:00  19.73 °C  61.16 %  881.1 hPa 1.042E-03 g/cm³ 000 chk 42691
17/10/2019 20:18:00  19.74 °C  62.96 %  881.1 hPa 1.041E-03 g/cm³ 000 chk 25566
17/10/2019 20:19:00  19.74 °C  64.40 %  881.1 hPa 1.041E-03 g/cm³ 000 chk 18119
17/10/2019 20:20:00  19.76 °C  65.92 %  881.1 hPa 1.041E-03 g/cm³ 000 chk 40415
17/10/2019 20:21:00  19.79 °C  67.17 %  881.1 hPa 1.041E-03 g/cm³ 000 chk 62563
17/10/2019 20:22:00  19.82 °C  68.22 %  881.1 hPa 1.041E-03 g/cm³ 000 chk 59763
17/10/2019 20:23:00  19.85 °C  69.27 %  881.1 hPa 1.040E-03 g/cm³ 000 chk 32591
17/10/2019 20:24:00  19.89 °C  70.39 %  881.0 hPa 1.040E-03 g/cm³ 000 chk 17703
17/10/2019 20:25:00  19.92 °C  71.45 %  881.0 hPa 1.040E-03 g/cm³ 000 chk 20355
17/10/2019 20:26:00  19.96 °C  72.00 %  881.0 hPa 1.040E-03 g/cm³ 000 chk 40696
17/10/2019 20:27:00  19.99 °C  72.61 %  881.0 hPa 1.039E-03 g/cm³ 000 chk  5746
17/10/2019 20:28:00  20.03 °C  73.07 %  881.0 hPa 1.039E-03 g/cm³ 000 chk 59899
17/10/2019 20:29:00  20.07 °C  73.58 %  881.0 hPa 1.039E-03 g/cm³ 000 chk 28611
17/10/2019 20:30:00  20.11 °C  74.02 %  881.0 hPa 1.039E-03 g/cm³ 000 chk 40255
17/10/2019 20:31:00  20.14 °C  74.41 %  881.0 hPa 1.038E-03 g/cm³ 000 chk 54825
17/10/2019 20:32:00  20.18 °C  74.68 %  881.0 hPa 1.038E-03 g/cm³ 000 chk 42391
17/10/2019 20:33:00  20.21 °C  75.05 %  881.0 hPa 1.038E-03 g/cm³ 000 chk 16575
17/10/2019 20:34:00  20.25 °C  75.63 %  881.0 hPa 1.038E-03 g/cm³ 000 chk 64558
17/10/2019 20:35:00  20.28 °C  75.56 %  881.0 hPa 1.038E-03 g/cm³ 000 chk 22324
17/10/2019 20:36:00  20.32 °C  75.99 %  881.0 hPa 1.038E-03 g/cm³ 000 chk 65305
17/10/2019 20:37:00  20.35 °C  76.01 %  881.0 hPa 1.037E-03 g/cm³ 000 chk 32215
17/10/2019 20:38:00  20.38 °C  76.20 %  881.0 hPa 1.037E-03 g/cm³ 000 chk  2065
17/10/2019 20:39:00  20.41 °C  76.49 %  881.1 hPa 1.037E-03 g/cm³ 000 chk 62007
17/10/2019 20:40:00  20.44 °C  76.58 %  881.1 hPa 1.037E-03 g/cm³ 000 chk 37888
17/10/2019 20:41:00  20.46 °C  76.54 %  881.2 hPa 1.037E-03 g/cm³ 000 chk 35547
17/10/2019 20:42:00  20.49 °C  76.62 %  881.2 hPa 1.037E-03 g/cm³ 000 chk  8201
17/10/2019 20:43:00  20.52 °C  76.75 %  881.2 hPa 1.037E-03 g/cm³ 000 chk  9565
17/10/2019 20:44:00  20.54 °C  76.94 %  881.2 hPa 1.037E-03 g/cm³ 000 chk 14375
17/10/2019 20:45:00  20.56 °C  76.83 %  881.2 hPa 1.037E-03 g/cm³ 000 chk 12845
17/10/2019 20:46:00  20.59 °C  76.95 %  881.2 hPa 1.037E-03 g/cm³ 000 chk 22692
17/10/2019 20:47:00  20.61 °C  77.04 %  881.2 hPa 1.037E-03 g/cm³ 000 chk 45540
17/10/2019 20:48:00  20.63 °C  77.29 %  881.2 hPa 1.036E-03 g/cm³ 000 chk 41898
17/10/2019 20:49:00  20.65 °C  76.88 %  881.2 hPa 1.036E-03 g/cm³ 000 chk 53668
17/10/2019 20:50:00  20.67 °C  74.69 %  881.2 hPa 1.036E-03 g/cm³ 000 chk 47801
17/10/2019 20:51:00  20.67 °C  72.61 %  881.2 hPa 1.037E-03 g/cm³ 000 chk 22675
17/10/2019 20:52:00  20.66 °C  70.61 %  881.2 hPa 1.037E-03 g/cm³ 000 chk  5767
17/10/2019 20:53:00  20.63 °C  68.75 %  881.2 hPa 1.037E-03 g/cm³ 000 chk 22454
17/10/2019 20:54:00  20.60 °C  67.41 %  881.2 hPa 1.038E-03 g/cm³ 000 chk 45067
17/10/2019 20:55:00  20.56 °C  66.27 %  881.2 hPa 1.038E-03 g/cm³ 000 chk 12651
17/10/2019 20:56:00  20.52 °C  65.11 %  881.3 hPa 1.038E-03 g/cm³ 000 chk 44678
17/10/2019 20:57:00  20.48 °C  64.66 %  881.3 hPa 1.038E-03 g/cm³ 000 chk 43744
17/10/2019 20:58:00  20.45 °C  64.06 %  881.3 hPa 1.039E-03 g/cm³ 000 chk 62035
17/10/2019 20:59:00  20.39 °C  63.45 %  881.3 hPa 1.039E-03 g/cm³ 000 chk  9710
17/10/2019 21:00:00  20.35 °C  62.71 %  881.3 hPa 1.039E-03 g/cm³ 000 chk 41275
17/10/2019 21:01:00  20.32 °C  62.08 %  881.3 hPa 1.039E-03 g/cm³ 000 chk 64283
17/10/2019 21:02:00  20.27 °C  61.55 %  881.3 hPa 1.040E-03 g/cm³ 000 chk 63380
17/10/2019 21:03:00  20.23 °C  61.36 %  881.3 hPa 1.040E-03 g/cm³ 000 chk 60888
17/10/2019 21:04:00  20.19 °C  60.95 %  881.3 hPa 1.040E-03 g/cm³ 000 chk 49840
17/10/2019 21:05:00  20.14 °C  60.84 %  881.3 hPa 1.040E-03 g/cm³ 000 chk 56816
17/10/2019 21:06:00  20.11 °C  60.71 %  881.3 hPa 1.040E-03 g/cm³ 000 chk 44146
17/10/2019 21:07:00  20.08 °C  60.30 %  881.3 hPa 1.041E-03 g/cm³ 000 chk  9469
17/10/2019 21:08:00  20.05 °C  60.06 %  881.3 hPa 1.041E-03 g/cm³ 000 chk 37398
17/10/2019 21:09:00  20.01 °C  60.08 %  881.3 hPa 1.041E-03 g/cm³ 000 chk 63926
17/10/2019 21:10:00  19.98 °C  60.44 %  881.2 hPa 1.041E-03 g/cm³ 000 chk 43802
17/10/2019 21:11:00  19.95 °C  61.09 %  881.2 hPa 1.041E-03 g/cm³ 000 chk 47324
17/10/2019 21:12:00  19.94 °C  61.82 %  881.2 hPa 1.041E-03 g/cm³ 000 chk 51352
17/10/2019 21:13:00  19.93 °C  62.08 %  881.2 hPa 1.041E-03 g/cm³ 000 chk  5172
17/10/2019 21:14:00  19.92 °C  62.14 %  881.2 hPa 1.041E-03 g/cm³ 000 chk 19618
17/10/2019 21:15:00  19.91 °C  61.54 %  881.2 hPa 1.041E-03 g/cm³ 000 chk  9431
17/10/2019 21:16:00  19.90 °C  61.05 %  881.3 hPa 1.041E-03 g/cm³ 000 chk  7732
17/10/2019 21:17:00  19.88 °C  59.99 %  881.3 hPa 1.041E-03 g/cm³ 000 chk 27927
17/10/2019 21:18:00  19.86 °C  59.64 %  881.3 hPa 1.042E-03 g/cm³ 000 chk 46626
17/10/2019 21:19:00  19.85 °C  59.41 %  881.3 hPa 1.042E-03 g/cm³ 000 chk 47006
17/10/2019 21:20:00  19.82 °C  59.93 %  881.3 hPa 1.042E-03 g/cm³ 000 chk 43612
17/10/2019 21:21:00  19.80 °C  60.25 %  881.3 hPa 1.042E-03 g/cm³ 000 chk  1574
17/10/2019 21:22:00  19.79 °C  61.01 %  881.2 hPa 1.042E-03 g/cm³ 000 chk 52334
17/10/2019 21:23:00  19.79 °C  61.73 %  881.2 hPa 1.041E-03 g/cm³ 000 chk 15690
17/10/2019 21:24:00  19.79 °C  61.85 %  881.2 hPa 1.041E-03 g/cm³ 000 chk 18328
17/10/2019 21:25:00  19.78 °C  61.78 %  881.2 hPa 1.041E-03 g/cm³ 000 chk  3157
17/10/2019 21:26:00  19.79 °C  61.15 %  881.2 hPa 1.041E-03 g/cm³ 000 chk 21398
17/10/2019 21:27:00  19.77 °C  60.44 %  881.2 hPa 1.042E-03 g/cm³ 000 chk 61311
17/10/2019 21:28:00  19.76 °C  59.72 %  881.2 hPa 1.042E-03 g/cm³ 000 chk  6878
17/10/2019 21:29:00  19.75 °C  59.40 %  881.2 hPa 1.042E-03 g/cm³ 000 chk 55375
17/10/2019 21:30:00  19.74 °C  59.25 %  881.2 hPa 1.042E-03 g/cm³ 000 chk 37954
17/10/2019 21:31:00  19.73 °C  60.38 %  881.2 hPa 1.042E-03 g/cm³ 000 chk 61646
17/10/2019 21:32:00  19.73 °C  61.97 %  881.2 hPa 1.042E-03 g/cm³ 000 chk 13580
17/10/2019 21:33:00  19.74 °C  63.59 %  881.2 hPa 1.041E-03 g/cm³ 000 chk 52299
17/10/2019 21:34:00  19.75 °C  64.92 %  881.2 hPa 1.041E-03 g/cm³ 000 chk 26237
17/10/2019 21:35:00  19.77 °C  66.25 %  881.2 hPa 1.041E-03 g/cm³ 000 chk  3454
17/10/2019 21:36:00  19.80 °C  67.49 %  881.3 hPa 1.041E-03 g/cm³ 000 chk 34059
17/10/2019 21:37:00  19.83 °C  68.42 %  881.3 hPa 1.041E-03 g/cm³ 000 chk 45648
17/10/2019 21:38:00  19.86 °C  69.55 %  881.3 hPa 1.040E-03 g/cm³ 000 chk 30515
17/10/2019 21:39:00  19.89 °C  70.39 %  881.3 hPa 1.040E-03 g/cm³ 000 chk  9042
17/10/2019 21:40:00  19.93 °C  71.31 %  881.3 hPa 1.040E-03 g/cm³ 000 chk 48013
17/10/2019 21:41:00  19.96 °C  71.53 %  881.3 hPa 1.040E-03 g/cm³ 000 chk 56576
17/10/2019 21:42:00  20.00 °C  72.20 %  881.3 hPa 1.040E-03 g/cm³ 000 chk 27949
17/10/2019 21:43:00  20.03 °C  72.72 %  881.3 hPa 1.039E-03 g/cm³ 000 chk 39897
17/10/2019 21:44:00  20.07 °C  72.87 %  881.3 hPa 1.039E-03 g/cm³ 000 chk 20749
17/10/2019 21:45:00  20.10 °C  73.57 %  881.3 hPa 1.039E-03 g/cm³ 000 chk 53137
17/10/2019 21:46:00  20.14 °C  73.92 %  881.3 hPa 1.039E-03 g/cm³ 000 chk 12196
17/10/2019 21:47:00  20.17 °C  74.25 %  881.4 hPa 1.039E-03 g/cm³ 000 chk 60327
17/10/2019 21:48:00  20.20 °C  74.73 %  881.4 hPa 1.039E-03 g/cm³ 000 chk   413
17/10/2019 21:49:00  20.24 °C  74.92 %  881.4 hPa 1.039E-03 g/cm³ 000 chk 16569
17/10/2019 21:50:00  20.27 °C  75.03 %  881.4 hPa 1.038E-03 g/cm³ 000 chk 35392
17/10/2019 21:51:00  20.30 °C  75.21 %  881.4 hPa 1.038E-03 g/cm³ 000 chk  8042
17/10/2019 21:52:00  20.33 °C  75.33 %  881.4 hPa 1.038E-03 g/cm³ 000 chk  2283
17/10/2019 21:53:00  20.35 °C  75.49 %  881.4 hPa 1.038E-03 g/cm³ 000 chk 46091
17/10/2019 21:54:00  20.38 °C  75.72 %  881.5 hPa 1.038E-03 g/cm³ 000 chk 57242
17/10/2019 21:55:00  20.41 °C  75.89 %  881.5 hPa 1.038E-03 g/cm³ 000 chk 18348
17/10/2019 21:56:00  20.44 °C  75.99 %  881.5 hPa 1.038E-03 g/cm³ 000 chk 28329
17/10/2019 21:57:00  20.46 °C  76.21 %  881.6 hPa 1.038E-03 g/cm³ 000 chk 13642
17/10/2019 21:58:00  20.49 °C  76.42 %  881.6 hPa 1.038E-03 g/cm³ 000 chk 31163
17/10/2019 21:59:00  20.51 °C  76.48 %  881.6 hPa 1.037E-03 g/cm³ 000 chk 15309
17/10/2019 22:00:00  20.54 °C  76.85 %  881.6 hPa 1.037E-03 g/cm³ 000 chk 61981
17/10/2019 22:01:00  20.56 °C  77.00 %  881.5 hPa 1.037E-03 g/cm³ 000 chk 47280
17/10/2019 22:02:00  20.58 °C  76.84 %  881.6 hPa 1.037E-03 g/cm³ 000 chk   862
17/10/2019 22:03:00  20.60 °C  77.18 %  881.6 hPa 1.037E-03 g/cm³ 000 chk 39708
17/10/2019 22:04:00  20.62 °C  77.14 %  881.5 hPa 1.037E-03 g/cm³ 000 chk 47642
17/10/2019 22:05:00  20.64 °C  77.29 %  881.5 hPa 1.037E-03 g/cm³ 000 chk 50510
17/10/2019 22:06:00  20.66 °C  77.37 %  881.5 hPa 1.037E-03 g/cm³ 000 chk 57100
17/10/2019 22:07:00  20.68 °C  77.17 %  881.5 hPa 1.036E-03 g/cm³ 000 chk 57272
17/10/2019 22:08:00  20.70 °C  77.47 %  881.5 hPa 1.036E-03 g/cm³ 000 chk 33258
17/10/2019 22:09:00  20.71 °C  75.76 %  881.5 hPa 1.037E-03 g/cm³ 000 chk 14082
17/10/2019 22:10:00  20.72 °C  73.67 %  881.4 hPa 1.037E-03 g/cm³ 000 chk 62806
17/10/2019 22:11:00  20.71 °C  71.12 %  881.4 hPa 1.037E-03 g/cm³ 000 chk 37960
17/10/2019 22:12:00  20.69 °C  69.48 %  881.4 hPa 1.037E-03 g/cm³ 000 chk 52957
17/10/2019 22:13:00  20.66 °C  67.81 %  881.4 hPa 1.037E-03 g/cm³ 000 chk 64334
17/10/2019 22:14:00  20.62 °C  66.40 %  881.5 hPa 1.038E-03 g/cm³ 000 chk 10475
17/10/2019 22:15:00  20.58 °C  65.14 %  881.4 hPa 1.038E-03 g/cm³ 000 chk 41883
17/10/2019 22:16:00  20.54 °C  64.50 %  881.4 hPa 1.038E-03 g/cm³ 000 chk 12757
17/10/2019 22:17:00  20.49 °C  63.87 %  881.4 hPa 1.039E-03 g/cm³ 000 chk 41288
17/10/2019 22:18:00  20.44 °C  63.20 %  881.4 hPa 1.039E-03 g/cm³ 000 chk 64487
17/10/2019 22:19:00  20.39 °C  62.86 %  881.4 hPa 1.039E-03 g/cm³ 000 chk 17744
17/10/2019 22:20:00  20.35 °C  62.19 %  881.4 hPa 1.039E-03 g/cm³ 000 chk 54633
17/10/2019 22:21:00  20.30 °C  61.90 %  881.4 hPa 1.040E-03 g/cm³ 000 chk 10701
17/10/2019 22:22:00  20.25 °C  62.27 %  881.3 hPa 1.040E-03 g/cm³ 000 chk 52455
17/10/2019 22:23:00  20.23 °C  62.94 %  881.3 hPa 1.040E-03 g/cm³ 000 chk 29912
17/10/2019 22:24:00  20.20 °C  63.54 %  881.3 hPa 1.040E-03 g/cm³ 000 chk 33314
17/10/2019 22:25:00  20.17 °C  63.90 %  881.3 hPa 1.040E-03 g/cm³ 000 chk 39341
17/10/2019 22:26:00  20.14 °C  63.67 %  881.3 hPa 1.040E-03 g/cm³ 000 chk 54955
17/10/2019 22:27:00  20.12 °C  63.02 %  881.3 hPa 1.040E-03 g/cm³ 000 chk 16740
17/10/2019 22:28:00  20.09 °C  62.26 %  881.3 hPa 1.040E-03 g/cm³ 000 chk 51626
17/10/2019 22:29:00  20.06 °C  61.41 %  881.3 hPa 1.040E-03 g/cm³ 000 chk 27532
17/10/2019 22:30:00  20.03 °C  61.01 %  881.3 hPa 1.041E-03 g/cm³ 000 chk 47389
17/10/2019 22:31:00  20.00 °C  60.59 %  881.3 hPa 1.041E-03 g/cm³ 000 chk 39293
17/10/2019 22:32:00  19.97 °C  60.23 %  881.3 hPa 1.041E-03 g/cm³ 000 chk 19892
17/10/2019 22:33:00  19.94 °C  60.30 %  881.3 hPa 1.041E-03 g/cm³ 000 chk 41599
17/10/2019 22:34:00  19.92 °C  60.88 %  881.3 hPa 1.041E-03 g/cm³ 000 chk 47775
17/10/2019 22:35:00  19.90 °C  61.55 %  881.3 hPa 1.041E-03 g/cm³ 000 chk 21334
17/10/2019 22:36:00  19.89 °C  62.30 %  881.3 hPa 1.041E-03 g/cm³ 000 chk 35374
17/10/2019 22:37:00  19.88 °C  62.58 %  881.3 hPa 1.041E-03 g/cm³ 000 chk 22950
17/10/2019 22:38:00  19.87 °C  62.83 %  881.3 hPa 1.041E-03 g/cm³ 000 chk 15435
17/10/2019 22:39:00  19.86 °C  62.38 %  881.3 hPa 1.041E-03 g/cm³ 000 chk 22835
17/10/2019 22:40:00  19.85 °C  61.55 %  881.3 hPa 1.041E-03 g/cm³ 000 chk 14183
17/10/2019 22:41:00  19.84 °C  60.84 %  881.3 hPa 1.041E-03 g/cm³ 000 chk 45294
17/10/2019 22:42:00  19.82 °C  60.56 %  881.3 hPa 1.042E-03 g/cm³ 000 chk 61750
17/10/2019 22:43:00  19.81 °C  60.35 %  881.2 hPa 1.042E-03 g/cm³ 000 chk 10091
17/10/2019 22:44:00  19.79 °C  60.35 %  881.2 hPa 1.042E-03 g/cm³ 000 chk 35687
17/10/2019 22:45:00  19.78 °C  60.24 %  881.2 hPa 1.042E-03 g/cm³ 000 chk 40238
17/10/2019 22:46:00  19.76 °C  60.04 %  881.3 hPa 1.042E-03 g/cm³ 000 chk 28996
17/10/2019 22:47:00  19.74 °C  60.24 %  881.3 hPa 1.042E-03 g/cm³ 000 chk 30776
17/10/2019 22:48:00  19.74 °C  61.38 %  881.3 hPa 1.042E-03 g/cm³ 000 chk 29790
17/10/2019 22:49:00  19.74 °C  63.17 %  881.3 hPa 1.042E-03 g/cm³ 000 chk 38297
17/10/2019 22:50:00  19.75 °C  64.76 %  881.3 hPa 1.041E-03 g/cm³ 000 chk 40071
17/10/2019 22:51:00  19.77 °C  66.10 %  881.3 hPa 1.041E-03 g/cm³ 000 chk 56181
17/10/2019 22:52:00  19.80 °C  67.56 %  881.2 hPa 1.041E-03 g/cm³ 000 chk 57688
17/10/2019 22:53:00  19.82 °C  68.35 %  881.2 hPa 1.041E-03 g/cm³ 000 chk 44847
17/10/2019 22:54:00  19.85 °C  69.31 %  881.2 hPa 1.040E-03 g/cm³ 000 chk 60367
17/10/2019 22:55:00  19.88 °C  70.41 %  881.2 hPa 1.040E-03 g/cm³ 000 chk 32770
17/10/2019 22:56:00  19.91 °C  71.51 %  881.2 hPa 1.040E-03 g/cm³ 000 chk 24707
17/10/2019 22:57:00  19.95 °C  72.18 %  881.2 hPa 1.040E-03 g/cm³ 000 chk 14512
17/10/2019 22:58:00  19.98 °C  72.57 %  881.2 hPa 1.040E-03 g/cm³ 000 chk 19354
17/10/2019 22:59:00  20.02 °C  73.12 %  881.2 hPa 1.039E-03 g/cm³ 000 chk 23858
17/10/2019 23:00:00  20.05 °C  73.66 %  881.2 hPa 1.039E-03 g/cm³ 000 chk 46338
17/10/2019 23:01:00  20.09 °C  74.00 %  881.2 hPa 1.039E-03 g/cm³ 000 chk 51216
17/10/2019 23:02:00  20.12 °C  74.42 %  881.2 hPa 1.039E-03 g/cm³ 000 chk 16790
17/10/2019 23:03:00  20.16 °C  74.74 %  881.2 hPa 1.039E-03 g/cm³ 000 chk 49731
17/10/2019 23:04:00  20.19 °C  75.07 %  881.2 hPa 1.038E-03 g/cm³ 000 chk 35695
17/10/2019 23:05:00  20.23 °C  75.40 %  881.1 hPa 1.038E-03 g/cm³ 000 chk 62911
17/10/2019 23:06:00  20.26 °C  75.53 %  881.1 hPa 1.038E-03 g/cm³ 000 chk 43962
17/10/2019 23:07:00  20.29 °C  75.65 %  881.1 hPa 1.038E-03 g/cm³ 000 chk  5155
17/10/2019 23:08:00  20.32 °C  76.04 %  881.1 hPa 1.038E-03 g/cm³ 000 chk 42339
17/10/2019 23:09:00  20.35 °C  76.11 %  881.1 hPa 1.037E-03 g/cm³ 000 chk 26593
17/10/2019 23:10:00  20.38 °C  76.36 %  881.0 hPa 1.037E-03 g/cm³ 000 chk 33029
17/10/2019 23:11:00  20.41 °C  76.35 %  881.0 hPa 1.037E-03 g/cm³ 000 chk 61594
17/10/2019 23:12:00  20.44 °C  76.64 %  881.0 hPa 1.037E-03 g/cm³ 000 chk 62507
17/10/2019 23:13:00  20.46 °C  76.52 %  881.1 hPa 1.037E-03 g/cm³ 000 chk 10799
17/10/2019 23:14:00  20.48 °C  77.09 %  881.1 hPa 1.037E-03 g/cm³ 000 chk 55899
17/10/2019 23:15:00  20.51 °C  77.26 %  881.1 hPa 1.037E-03 g/cm³ 000 chk 21753
17/10/2019 23:16:00  20.53 °C  76.86 %  881.1 hPa 1.037E-03 g/cm³ 000 chk  6587
17/10/2019 23:17:00  20.56 °C  77.10 %  881.1 hPa 1.037E-03 g/cm³ 000 chk 39552
17/10/2019 23:18:00  20.58 °C  77.05 %  881.1 hPa 1.037E-03 g/cm³ 000 chk 26995
17/10/2019 23:19:00  20.60 °C  77.25 %  881.1 hPa 1.036E-03 g/cm³ 000 chk 15601
17/10/2019 23:20:00  20.62 °C  77.32 %  881.0 hPa 1.036E-03 g/cm³ 000 chk  5757
17/10/2019 23:21:00  20.64 °C  77.22 %  881.0 hPa 1.036E-03 g/cm³ 000 chk 55408
17/10/2019 23:22:00  20.66 °C  77.38 %  881.0 hPa 1.036E-03 g/cm³ 000 chk 46643
17/10/2019 23:23:00  20.67 °C  77.36 %  881.0 hPa 1.036E-03 g/cm³ 000 chk 35669
17/10/2019 23:24:00  20.69 °C  77.38 %  881.0 hPa 1.036E-03 g/cm³ 000 chk 29348
17/10/2019 23:25:00  20.71 °C  77.31 %  881.0 hPa 1.036E-03 g/cm³ 000 chk 17309
17/10/2019 23:26:00  20.72 °C  76.52 %  881.0 hPa 1.036E-03 g/cm³ 000 chk 59843
17/10/2019 23:27:00  20.73 °C  74.81 %  881.0 hPa 1.036E-03 g/cm³ 000 chk  1132
17/10/2019 23:28:00  20.73 °C  73.04 %  881.0 hPa 1.036E-03 g/cm³ 000 chk 44033
17/10/2019 23:29:00  20.72 °C  71.51 %  881.0 hPa 1.036E-03 g/cm³ 000 chk 28359
17/10/2019 23:30:00  20.69 °C  69.63 %  881.0 hPa 1.037E-03 g/cm³ 000 chk 54768
17/10/2019 23:31:00  20.66 °C  67.99 %  881.0 hPa 1.037E-03 g/cm³ 000 chk 38676
17/10/2019 23:32:00  20.63 °C  66.90 %  880.9 hPa 1.037E-03 g/cm³ 000 chk 55842
17/10/2019 23:33:00  20.58 °C  66.10 %  880.9 hPa 1.037E-03 g/cm³ 000 chk 31760
17/10/2019 23:34:00  20.55 °C  65.07 %  880.9 hPa 1.038E-03 g/cm³ 000 chk 18149
17/10/2019 23:35:00  20.51 °C  64.39 %  880.9 hPa 1.038E-03 g/cm³ 000 chk 48430
17/10/2019 23:36:00  20.45 °C  63.79 %  880.9 hPa 1.038E-03 g/cm³ 000 chk 26034
17/10/2019 23:37:00  20.40 °C  63.30 %  880.9 hPa 1.038E-03 g/cm³ 000 chk 23654
17/10/2019 23:38:00  20.36 °C  63.09 %  880.8 hPa 1.038E-03 g/cm³ 000 chk 14178
17/10/2019 23:39:00  20.32 °C  62.21 %  880.8 hPa 1.039E-03 g/cm³ 000 chk 57924
17/10/2019 23:40:00  20.27 °C  61.81 %  880.8 hPa 1.039E-03 g/cm³ 000 chk  2266
17/10/2019 23:41:00  20.23 °C  61.41 %  880.8 hPa 1.039E-03 g/cm³ 000 chk 25764
17/10/2019 23:42:00  20.18 °C  61.15 %  880.8 hPa 1.039E-03 g/cm³ 000 chk 25132
17/10/2019 23:43:00  20.14 °C  61.14 %  880.8 hPa 1.040E-03 g/cm³ 000 chk  6155
17/10/2019 23:44:00  20.11 °C  60.84 %  880.8 hPa 1.040E-03 g/cm³ 000 chk 19181
17/10/2019 23:45:00  20.08 °C  60.75 %  880.8 hPa 1.040E-03 g/cm³ 000 chk   957
17/10/2019 23:46:00  20.05 °C  60.43 %  880.8 hPa 1.040E-03 g/cm³ 000 chk 51948
17/10/2019 23:47:00  20.02 °C  60.12 %  880.7 hPa 1.040E-03 g/cm³ 000 chk 40085
17/10/2019 23:48:00  19.98 °C  60.12 %  880.7 hPa 1.040E-03 g/cm³ 000 chk  7662
17/10/2019 23:49:00  19.95 °C  59.77 %  880.7 hPa 1.040E-03 g/cm³ 000 chk 64558
17/10/2019 23:50:00  19.93 °C  59.73 %  880.7 hPa 1.041E-03 g/cm³ 000 chk 26696
17/10/2019 23:51:00  19.89 °C  59.68 %  880.7 hPa 1.041E-03 g/cm³ 000 chk 24799
17/10/2019 23:52:00  19.86 °C  59.60 %  880.7 hPa 1.041E-03 g/cm³ 000 chk 52344
17/10/2019 23:53:00  19.84 °C  59.13 %  880.7 hPa 1.041E-03 g/cm³ 000 chk 45725
17/10/2019 23:54:00  19.82 °C  59.12 %  880.7 hPa 1.041E-03 g/cm³ 000 chk 28256
17/10/2019 23:55:00  19.80 °C  59.00 %  880.6 hPa 1.041E-03 g/cm³ 000 chk  1086
17/10/2019 23:56:00  19.78 °C  59.84 %  880.6 hPa 1.041E-03 g/cm³ 000 chk 14284
17/10/2019 23:57:00  19.77 °C  61.60 %  880.6 hPa 1.041E-03 g/cm³ 000 chk  2555
17/10/2019 23:58:00  19.77 °C  63.15 %  880.6 hPa 1.041E-03 g/cm³ 000 chk 61527
17/10/2019 23:59:00  19.78 °C  64.56 %  880.6 hPa 1.040E-03 g/cm³ 000 chk  9884
