13/11/2019  7:21:39  21.41 °C  61.34 %  881.3 hPa 1.035E-03 g/cm³ 000 chk 34587
13/11/2019  7:22:00  21.41 °C  61.31 %  881.3 hPa 1.035E-03 g/cm³ 000 chk 59472
13/11/2019  7:23:00  21.41 °C  61.29 %  881.3 hPa 1.035E-03 g/cm³ 000 chk 27354
13/11/2019  7:24:00  21.42 °C  61.31 %  881.3 hPa 1.035E-03 g/cm³ 000 chk  9678
13/11/2019  7:25:00  21.42 °C  61.42 %  881.3 hPa 1.035E-03 g/cm³ 000 chk 14504
13/11/2019  7:26:00  21.42 °C  61.50 %  881.3 hPa 1.035E-03 g/cm³ 000 chk 56682
13/11/2019  7:27:00  21.43 °C  61.56 %  881.3 hPa 1.035E-03 g/cm³ 000 chk  2062
13/11/2019  7:28:00  21.43 °C  61.59 %  881.3 hPa 1.035E-03 g/cm³ 000 chk  9048
13/11/2019  7:29:00  21.44 °C  61.61 %  881.3 hPa 1.035E-03 g/cm³ 000 chk 21708
13/11/2019  7:30:00  21.44 °C  61.64 %  881.3 hPa 1.035E-03 g/cm³ 000 chk 35311
13/11/2019  7:31:00  21.45 °C  61.63 %  881.4 hPa 1.035E-03 g/cm³ 000 chk 57120
13/11/2019  7:32:00  21.46 °C  61.62 %  881.4 hPa 1.035E-03 g/cm³ 000 chk 32653
13/11/2019  7:33:00  21.46 °C  61.59 %  881.4 hPa 1.035E-03 g/cm³ 000 chk 19036
13/11/2019  7:34:00  21.47 °C  61.65 %  881.4 hPa 1.035E-03 g/cm³ 000 chk 53905
13/11/2019  7:35:00  21.47 °C  61.77 %  881.5 hPa 1.035E-03 g/cm³ 000 chk 56140
13/11/2019  7:36:00  21.48 °C  61.75 %  881.5 hPa 1.035E-03 g/cm³ 000 chk  1512
13/11/2019  7:37:00  21.49 °C  61.65 %  881.5 hPa 1.035E-03 g/cm³ 000 chk 65184
13/11/2019  7:38:00  21.49 °C  61.69 %  881.5 hPa 1.035E-03 g/cm³ 000 chk 41718
13/11/2019  7:39:00  21.50 °C  61.73 %  881.5 hPa 1.035E-03 g/cm³ 000 chk 46371
13/11/2019  7:40:00  21.50 °C  61.79 %  881.5 hPa 1.035E-03 g/cm³ 000 chk 56060
13/11/2019  7:41:00  21.51 °C  61.72 %  881.6 hPa 1.035E-03 g/cm³ 000 chk 13669
13/11/2019  7:42:00  21.52 °C  61.68 %  881.6 hPa 1.035E-03 g/cm³ 000 chk 51942
13/11/2019  7:43:00  21.53 °C  61.71 %  881.6 hPa 1.035E-03 g/cm³ 000 chk 13485
13/11/2019  7:44:00  21.54 °C  61.70 %  881.7 hPa 1.035E-03 g/cm³ 000 chk 32964
13/11/2019  7:45:00  21.54 °C  61.61 %  881.7 hPa 1.035E-03 g/cm³ 000 chk  1869
13/11/2019  7:46:00  21.55 °C  61.64 %  881.7 hPa 1.035E-03 g/cm³ 000 chk 45154
13/11/2019  7:47:00  21.55 °C  61.65 %  881.7 hPa 1.035E-03 g/cm³ 000 chk 63431
13/11/2019  7:48:00  21.56 °C  61.77 %  881.7 hPa 1.035E-03 g/cm³ 000 chk 40956
13/11/2019  7:49:00  21.57 °C  61.79 %  881.7 hPa 1.035E-03 g/cm³ 000 chk 41626
13/11/2019  7:50:00  21.58 °C  61.70 %  881.7 hPa 1.035E-03 g/cm³ 000 chk  6384
13/11/2019  7:51:00  21.59 °C  61.66 %  881.7 hPa 1.035E-03 g/cm³ 000 chk  3512
13/11/2019  7:52:00  21.59 °C  61.62 %  881.7 hPa 1.035E-03 g/cm³ 000 chk 50774
13/11/2019  7:53:00  21.60 °C  61.72 %  881.7 hPa 1.035E-03 g/cm³ 000 chk   674
13/11/2019  7:54:00  21.60 °C  61.58 %  881.7 hPa 1.035E-03 g/cm³ 000 chk  9603
13/11/2019  7:55:00  21.60 °C  61.53 %  881.7 hPa 1.035E-03 g/cm³ 000 chk  4133
13/11/2019  7:56:00  21.61 °C  61.45 %  881.7 hPa 1.035E-03 g/cm³ 000 chk  4134
13/11/2019  7:57:00  21.62 °C  61.47 %  881.7 hPa 1.035E-03 g/cm³ 000 chk 53952
13/11/2019  7:58:00  21.62 °C  61.43 %  881.8 hPa 1.035E-03 g/cm³ 000 chk 17044
13/11/2019  7:59:00  21.63 °C  61.47 %  881.8 hPa 1.035E-03 g/cm³ 000 chk  3569
13/11/2019  8:00:00  21.63 °C  61.50 %  881.8 hPa 1.035E-03 g/cm³ 000 chk 62485
13/11/2019  8:01:00  21.63 °C  61.49 %  881.8 hPa 1.035E-03 g/cm³ 000 chk 39838
13/11/2019  8:02:00  21.63 °C  61.53 %  881.8 hPa 1.035E-03 g/cm³ 000 chk 38494
13/11/2019  8:03:00  21.62 °C  61.55 %  881.8 hPa 1.035E-03 g/cm³ 000 chk 17210
13/11/2019  8:04:00  21.62 °C  61.59 %  881.8 hPa 1.035E-03 g/cm³ 000 chk 19008
13/11/2019  8:05:00  21.61 °C  61.68 %  881.8 hPa 1.035E-03 g/cm³ 000 chk 65489
13/11/2019  8:06:00  21.61 °C  61.68 %  881.8 hPa 1.035E-03 g/cm³ 000 chk 16446
13/11/2019  8:07:00  21.61 °C  61.73 %  881.8 hPa 1.035E-03 g/cm³ 000 chk 46516
13/11/2019  8:08:00  21.60 °C  61.79 %  881.8 hPa 1.035E-03 g/cm³ 000 chk 38434
13/11/2019  8:09:00  21.60 °C  61.88 %  881.8 hPa 1.035E-03 g/cm³ 000 chk 53292
13/11/2019  8:10:00  21.60 °C  61.96 %  881.8 hPa 1.035E-03 g/cm³ 000 chk 21025
13/11/2019  8:11:00  21.59 °C  61.98 %  881.9 hPa 1.035E-03 g/cm³ 000 chk 43439
13/11/2019  8:12:00  21.59 °C  62.05 %  881.9 hPa 1.035E-03 g/cm³ 000 chk 38432
13/11/2019  8:13:00  21.58 °C  62.13 %  881.9 hPa 1.035E-03 g/cm³ 000 chk 33640
13/11/2019  8:14:00  21.58 °C  62.14 %  881.9 hPa 1.035E-03 g/cm³ 000 chk  5392
13/11/2019  8:15:00  21.58 °C  62.16 %  881.9 hPa 1.035E-03 g/cm³ 000 chk  9653
13/11/2019  8:16:00  21.58 °C  62.19 %  881.9 hPa 1.035E-03 g/cm³ 000 chk 29017
13/11/2019  8:17:00  21.57 °C  62.19 %  881.9 hPa 1.035E-03 g/cm³ 000 chk  8375
13/11/2019  8:18:00  21.57 °C  62.23 %  881.9 hPa 1.035E-03 g/cm³ 000 chk 37526
13/11/2019  8:19:00  21.57 °C  62.29 %  881.9 hPa 1.035E-03 g/cm³ 000 chk 18993
13/11/2019  8:20:00  21.56 °C  62.36 %  881.9 hPa 1.035E-03 g/cm³ 000 chk 33704
13/11/2019  8:21:00  21.56 °C  62.42 %  881.9 hPa 1.035E-03 g/cm³ 000 chk 40399
13/11/2019  8:22:00  21.56 °C  62.43 %  881.9 hPa 1.035E-03 g/cm³ 000 chk 53025
13/11/2019  8:23:00  21.57 °C  62.38 %  881.9 hPa 1.035E-03 g/cm³ 000 chk 43909
13/11/2019  8:24:00  21.57 °C  62.34 %  881.9 hPa 1.035E-03 g/cm³ 000 chk 41727
13/11/2019  8:25:00  21.57 °C  62.41 %  881.9 hPa 1.035E-03 g/cm³ 000 chk 20889
13/11/2019  8:26:00  21.57 °C  62.38 %  881.8 hPa 1.035E-03 g/cm³ 000 chk 53987
13/11/2019  8:27:00  21.57 °C  62.38 %  881.8 hPa 1.035E-03 g/cm³ 000 chk 30791
13/11/2019  8:28:00  21.57 °C  62.42 %  881.8 hPa 1.035E-03 g/cm³ 000 chk  2771
13/11/2019  8:29:00  21.57 °C  62.44 %  881.8 hPa 1.035E-03 g/cm³ 000 chk 20087
13/11/2019  8:30:00  21.57 °C  62.46 %  881.8 hPa 1.035E-03 g/cm³ 000 chk 36949
13/11/2019  8:31:00  21.57 °C  62.44 %  881.8 hPa 1.035E-03 g/cm³ 000 chk 41200
13/11/2019  8:32:00  21.58 °C  62.46 %  881.8 hPa 1.035E-03 g/cm³ 000 chk 32340
13/11/2019  8:33:00  21.58 °C  62.42 %  881.8 hPa 1.035E-03 g/cm³ 000 chk 41201
13/11/2019  8:34:00  21.58 °C  62.48 %  881.8 hPa 1.035E-03 g/cm³ 000 chk 18315
13/11/2019  8:35:00  21.58 °C  62.48 %  881.8 hPa 1.035E-03 g/cm³ 000 chk 60719
13/11/2019  8:36:00  21.59 °C  62.39 %  881.8 hPa 1.035E-03 g/cm³ 000 chk 61123
13/11/2019  8:37:00  21.59 °C  62.35 %  881.8 hPa 1.035E-03 g/cm³ 000 chk 55396
13/11/2019  8:38:00  21.60 °C  62.43 %  881.8 hPa 1.035E-03 g/cm³ 000 chk 39055
13/11/2019  8:39:00  21.60 °C  62.51 %  881.8 hPa 1.035E-03 g/cm³ 000 chk 26630
13/11/2019  8:40:00  21.62 °C  62.42 %  881.8 hPa 1.035E-03 g/cm³ 000 chk 41333
13/11/2019  8:41:00  21.63 °C  62.41 %  881.8 hPa 1.035E-03 g/cm³ 000 chk 60689
13/11/2019  8:42:00  21.64 °C  62.28 %  881.8 hPa 1.035E-03 g/cm³ 000 chk 25174
13/11/2019  8:43:00  21.64 °C  62.37 %  881.8 hPa 1.035E-03 g/cm³ 000 chk 58333
13/11/2019  8:44:00  21.65 °C  62.24 %  881.8 hPa 1.035E-03 g/cm³ 000 chk 20552
13/11/2019  8:45:00  21.65 °C  62.30 %  881.8 hPa 1.035E-03 g/cm³ 000 chk 20161
13/11/2019  8:46:00  21.66 °C  62.29 %  881.8 hPa 1.035E-03 g/cm³ 000 chk 50754
13/11/2019  8:47:00  21.66 °C  62.26 %  881.8 hPa 1.035E-03 g/cm³ 000 chk 34789
13/11/2019  8:48:00  21.67 °C  62.53 %  881.8 hPa 1.035E-03 g/cm³ 000 chk 36786
13/11/2019  8:49:00  21.67 °C  62.52 %  881.8 hPa 1.035E-03 g/cm³ 000 chk 51223
13/11/2019  8:50:00  21.67 °C  62.57 %  881.8 hPa 1.035E-03 g/cm³ 000 chk  5428
13/11/2019  8:51:00  21.67 °C  62.51 %  881.8 hPa 1.035E-03 g/cm³ 000 chk 20880
13/11/2019  8:52:00  21.67 °C  62.57 %  881.8 hPa 1.035E-03 g/cm³ 000 chk   127
13/11/2019  8:53:00  21.68 °C  62.63 %  881.7 hPa 1.034E-03 g/cm³ 000 chk   294
13/11/2019  8:54:00  21.68 °C  62.55 %  881.8 hPa 1.034E-03 g/cm³ 000 chk 24104
13/11/2019  8:55:00  21.68 °C  62.53 %  881.7 hPa 1.034E-03 g/cm³ 000 chk 16012
13/11/2019  8:56:00  21.68 °C  62.63 %  881.7 hPa 1.034E-03 g/cm³ 000 chk 33044
13/11/2019  8:57:00  21.68 °C  62.62 %  881.7 hPa 1.034E-03 g/cm³ 000 chk 50865
13/11/2019  8:58:00  21.68 °C  62.62 %  881.6 hPa 1.034E-03 g/cm³ 000 chk 65456
13/11/2019  8:59:00  21.68 °C  62.65 %  881.5 hPa 1.034E-03 g/cm³ 000 chk  7658
13/11/2019  9:00:00  21.68 °C  62.64 %  881.7 hPa 1.034E-03 g/cm³ 000 chk 11254
13/11/2019  9:01:00  21.69 °C  62.63 %  881.7 hPa 1.034E-03 g/cm³ 000 chk  5011
13/11/2019  9:02:00  21.69 °C  61.12 %  881.6 hPa 1.034E-03 g/cm³ 000 chk 35020
13/11/2019  9:03:00  21.68 °C  59.57 %  881.6 hPa 1.035E-03 g/cm³ 000 chk 12419
13/11/2019  9:04:00  21.66 °C  58.51 %  881.6 hPa 1.035E-03 g/cm³ 000 chk 45420
13/11/2019  9:05:00  21.63 °C  58.33 %  881.6 hPa 1.035E-03 g/cm³ 000 chk 55265
13/11/2019  9:06:00  21.58 °C  57.55 %  881.6 hPa 1.035E-03 g/cm³ 000 chk 48033
13/11/2019  9:07:00  21.53 °C  57.41 %  881.5 hPa 1.035E-03 g/cm³ 000 chk 53915
13/11/2019  9:08:00  21.48 °C  57.16 %  881.5 hPa 1.036E-03 g/cm³ 000 chk 31944
13/11/2019  9:09:00  21.43 °C  56.83 %  881.5 hPa 1.036E-03 g/cm³ 000 chk 57977
13/11/2019  9:10:00  21.37 °C  57.06 %  881.5 hPa 1.036E-03 g/cm³ 000 chk 23261
13/11/2019  9:11:00  21.33 °C  56.67 %  881.5 hPa 1.036E-03 g/cm³ 000 chk 19084
13/11/2019  9:12:00  21.28 °C  56.32 %  881.5 hPa 1.036E-03 g/cm³ 000 chk    39
13/11/2019  9:13:00  21.24 °C  56.45 %  881.4 hPa 1.037E-03 g/cm³ 000 chk 39388
13/11/2019  9:14:00  21.20 °C  56.33 %  881.4 hPa 1.037E-03 g/cm³ 000 chk 58721
13/11/2019  9:15:00  21.15 °C  56.13 %  881.4 hPa 1.037E-03 g/cm³ 000 chk 10475
13/11/2019  9:16:00  21.11 °C  56.56 %  881.4 hPa 1.037E-03 g/cm³ 000 chk  2487
13/11/2019  9:17:00  21.09 °C  56.81 %  881.4 hPa 1.037E-03 g/cm³ 000 chk 65404
13/11/2019  9:18:00  21.06 °C  56.70 %  881.3 hPa 1.037E-03 g/cm³ 000 chk 18019
13/11/2019  9:19:00  21.03 °C  56.42 %  881.4 hPa 1.037E-03 g/cm³ 000 chk 20189
13/11/2019  9:20:00  21.00 °C  56.49 %  881.3 hPa 1.037E-03 g/cm³ 000 chk 15936
13/11/2019  9:21:00  20.98 °C  56.57 %  881.3 hPa 1.037E-03 g/cm³ 000 chk 25783
13/11/2019  9:22:00  20.95 °C  56.89 %  881.3 hPa 1.037E-03 g/cm³ 000 chk 33891
13/11/2019  9:23:00  20.93 °C  56.81 %  881.3 hPa 1.038E-03 g/cm³ 000 chk 26127
13/11/2019  9:24:00  20.91 °C  56.69 %  881.3 hPa 1.038E-03 g/cm³ 000 chk 47472
13/11/2019  9:25:00  20.88 °C  57.09 %  881.2 hPa 1.038E-03 g/cm³ 000 chk 29996
13/11/2019  9:26:00  20.86 °C  56.84 %  881.3 hPa 1.038E-03 g/cm³ 000 chk 31082
13/11/2019  9:27:00  20.84 °C  56.77 %  881.2 hPa 1.038E-03 g/cm³ 000 chk 16306
13/11/2019  9:28:00  20.82 °C  57.00 %  881.2 hPa 1.038E-03 g/cm³ 000 chk  2237
13/11/2019  9:29:00  20.80 °C  57.11 %  881.3 hPa 1.038E-03 g/cm³ 000 chk  5603
13/11/2019  9:30:00  20.78 °C  56.76 %  881.2 hPa 1.038E-03 g/cm³ 000 chk   530
13/11/2019  9:31:00  20.77 °C  56.97 %  881.2 hPa 1.038E-03 g/cm³ 000 chk 32634
13/11/2019  9:32:00  20.76 °C  56.81 %  881.3 hPa 1.038E-03 g/cm³ 000 chk 34349
13/11/2019  9:33:00  20.74 °C  57.38 %  881.2 hPa 1.038E-03 g/cm³ 000 chk 57951
13/11/2019  9:34:00  20.73 °C  56.93 %  881.2 hPa 1.038E-03 g/cm³ 000 chk 19535
13/11/2019  9:35:00  20.71 °C  57.30 %  881.2 hPa 1.038E-03 g/cm³ 000 chk 25414
13/11/2019  9:36:00  20.70 °C  57.76 %  881.2 hPa 1.038E-03 g/cm³ 000 chk 25564
13/11/2019  9:37:00  20.69 °C  57.59 %  881.2 hPa 1.038E-03 g/cm³ 000 chk 60798
13/11/2019  9:38:00  20.68 °C  57.22 %  881.2 hPa 1.038E-03 g/cm³ 000 chk 58155
13/11/2019  9:39:00  20.68 °C  57.55 %  881.3 hPa 1.038E-03 g/cm³ 000 chk 29464
13/11/2019  9:40:00  20.67 °C  57.70 %  881.3 hPa 1.038E-03 g/cm³ 000 chk 52437
13/11/2019  9:41:00  20.67 °C  57.76 %  881.3 hPa 1.038E-03 g/cm³ 000 chk 34929
13/11/2019  9:42:00  20.67 °C  58.06 %  881.3 hPa 1.038E-03 g/cm³ 000 chk  2018
13/11/2019  9:43:00  20.66 °C  57.84 %  881.3 hPa 1.038E-03 g/cm³ 000 chk 38736
13/11/2019  9:44:00  20.66 °C  58.22 %  881.3 hPa 1.038E-03 g/cm³ 000 chk  7589
13/11/2019  9:45:00  20.66 °C  58.41 %  881.3 hPa 1.038E-03 g/cm³ 000 chk 49391
13/11/2019  9:46:00  20.65 °C  58.60 %  881.3 hPa 1.038E-03 g/cm³ 000 chk 40985
13/11/2019  9:47:00  20.65 °C  58.31 %  881.3 hPa 1.038E-03 g/cm³ 000 chk 59173
13/11/2019  9:48:00  20.64 °C  58.66 %  881.2 hPa 1.038E-03 g/cm³ 000 chk 19580
13/11/2019  9:49:00  20.63 °C  58.67 %  881.2 hPa 1.038E-03 g/cm³ 000 chk 16028
13/11/2019  9:50:00  20.63 °C  58.81 %  881.2 hPa 1.038E-03 g/cm³ 000 chk 21816
13/11/2019  9:51:00  20.62 °C  58.49 %  881.2 hPa 1.039E-03 g/cm³ 000 chk 34627
13/11/2019  9:52:00  20.62 °C  58.84 %  881.2 hPa 1.039E-03 g/cm³ 000 chk 18546
13/11/2019  9:53:00  20.61 °C  58.54 %  881.2 hPa 1.039E-03 g/cm³ 000 chk 53605
13/11/2019  9:54:00  20.61 °C  58.38 %  881.2 hPa 1.039E-03 g/cm³ 000 chk 55537
13/11/2019  9:55:00  20.61 °C  58.24 %  881.2 hPa 1.039E-03 g/cm³ 000 chk 11898
13/11/2019  9:56:00  20.61 °C  58.10 %  881.2 hPa 1.039E-03 g/cm³ 000 chk 58851
13/11/2019  9:57:00  20.60 °C  58.14 %  881.2 hPa 1.039E-03 g/cm³ 000 chk 43654
13/11/2019  9:58:00  20.60 °C  58.00 %  881.3 hPa 1.039E-03 g/cm³ 000 chk 10154
13/11/2019  9:59:00  20.59 °C  57.93 %  881.2 hPa 1.039E-03 g/cm³ 000 chk 23773
13/11/2019 10:00:00  20.58 °C  58.04 %  881.3 hPa 1.039E-03 g/cm³ 000 chk 26315
13/11/2019 10:01:00  20.56 °C  57.87 %  881.2 hPa 1.039E-03 g/cm³ 000 chk  6502
13/11/2019 10:02:00  20.54 °C  57.88 %  881.2 hPa 1.039E-03 g/cm³ 000 chk 11785
13/11/2019 10:03:00  20.53 °C  58.15 %  881.2 hPa 1.039E-03 g/cm³ 000 chk 12561
13/11/2019 10:04:00  20.53 °C  58.31 %  881.2 hPa 1.039E-03 g/cm³ 000 chk  4146
13/11/2019 10:05:00  20.53 °C  58.40 %  881.2 hPa 1.039E-03 g/cm³ 000 chk 38741
13/11/2019 10:06:00  20.53 °C  58.30 %  881.2 hPa 1.039E-03 g/cm³ 000 chk 59512
13/11/2019 10:07:00  20.53 °C  58.60 %  881.2 hPa 1.039E-03 g/cm³ 000 chk 16965
13/11/2019 10:08:00  20.53 °C  59.03 %  881.3 hPa 1.039E-03 g/cm³ 000 chk 40118
13/11/2019 10:09:00  20.54 °C  58.81 %  881.2 hPa 1.039E-03 g/cm³ 000 chk 12663
13/11/2019 10:10:00  20.54 °C  58.66 %  881.2 hPa 1.039E-03 g/cm³ 000 chk 47058
13/11/2019 10:11:00  20.54 °C  58.93 %  881.2 hPa 1.039E-03 g/cm³ 000 chk 34269
13/11/2019 10:12:00  20.54 °C  58.90 %  881.2 hPa 1.039E-03 g/cm³ 000 chk 19762
13/11/2019 10:13:00  20.53 °C  58.76 %  881.3 hPa 1.039E-03 g/cm³ 000 chk  1024
13/11/2019 10:14:00  20.53 °C  59.04 %  881.3 hPa 1.039E-03 g/cm³ 000 chk 23462
13/11/2019 10:15:00  20.53 °C  59.38 %  881.3 hPa 1.039E-03 g/cm³ 000 chk 28022
13/11/2019 10:16:00  20.52 °C  59.54 %  881.3 hPa 1.039E-03 g/cm³ 000 chk 57268
13/11/2019 10:17:00  20.51 °C  59.76 %  881.3 hPa 1.039E-03 g/cm³ 000 chk 56585
13/11/2019 10:18:00  20.50 °C  59.21 %  881.3 hPa 1.039E-03 g/cm³ 000 chk 36612
13/11/2019 10:19:00  20.49 °C  59.43 %  881.2 hPa 1.039E-03 g/cm³ 000 chk 18757
13/11/2019 10:20:00  20.48 °C  59.46 %  881.2 hPa 1.039E-03 g/cm³ 000 chk 13043
13/11/2019 10:21:00  20.47 °C  59.28 %  881.2 hPa 1.039E-03 g/cm³ 000 chk 26097
13/11/2019 10:22:00  20.46 °C  59.37 %  881.2 hPa 1.039E-03 g/cm³ 000 chk 24817
13/11/2019 10:23:00  20.46 °C  58.97 %  881.2 hPa 1.039E-03 g/cm³ 000 chk 23419
13/11/2019 10:24:00  20.45 °C  58.60 %  881.2 hPa 1.039E-03 g/cm³ 000 chk 16107
13/11/2019 10:25:00  20.43 °C  57.92 %  881.1 hPa 1.039E-03 g/cm³ 000 chk  4129
13/11/2019 10:26:00  20.41 °C  56.99 %  881.2 hPa 1.039E-03 g/cm³ 000 chk 34988
13/11/2019 10:27:00  20.40 °C  56.78 %  881.2 hPa 1.039E-03 g/cm³ 000 chk 40782
13/11/2019 10:28:00  20.37 °C  56.58 %  881.2 hPa 1.040E-03 g/cm³ 000 chk 28026
13/11/2019 10:29:00  20.35 °C  56.62 %  881.1 hPa 1.040E-03 g/cm³ 000 chk 40406
13/11/2019 10:30:00  20.33 °C  56.44 %  881.1 hPa 1.040E-03 g/cm³ 000 chk 21291
13/11/2019 10:31:00  20.32 °C  56.53 %  881.1 hPa 1.040E-03 g/cm³ 000 chk 43874
13/11/2019 10:32:00  20.30 °C  56.58 %  881.1 hPa 1.040E-03 g/cm³ 000 chk 59404
13/11/2019 10:33:00  20.29 °C  56.73 %  881.1 hPa 1.040E-03 g/cm³ 000 chk  4783
13/11/2019 10:34:00  20.28 °C  56.99 %  881.0 hPa 1.040E-03 g/cm³ 000 chk 23750
13/11/2019 10:35:00  20.26 °C  57.05 %  881.0 hPa 1.040E-03 g/cm³ 000 chk 37298
13/11/2019 10:36:00  20.26 °C  56.94 %  881.1 hPa 1.040E-03 g/cm³ 000 chk 43857
13/11/2019 10:37:00  20.25 °C  56.96 %  881.1 hPa 1.040E-03 g/cm³ 000 chk 27063
13/11/2019 10:38:00  20.24 °C  57.24 %  881.1 hPa 1.040E-03 g/cm³ 000 chk 62241
13/11/2019 10:39:00  20.24 °C  57.48 %  881.1 hPa 1.040E-03 g/cm³ 000 chk 50536
13/11/2019 10:40:00  20.23 °C  57.58 %  881.1 hPa 1.040E-03 g/cm³ 000 chk 11741
13/11/2019 10:41:00  20.23 °C  57.71 %  881.1 hPa 1.040E-03 g/cm³ 000 chk 16929
13/11/2019 10:42:00  20.23 °C  57.89 %  881.0 hPa 1.040E-03 g/cm³ 000 chk 60723
13/11/2019 10:43:00  20.22 °C  57.88 %  881.1 hPa 1.040E-03 g/cm³ 000 chk 49666
13/11/2019 10:44:00  20.21 °C  58.61 %  881.1 hPa 1.040E-03 g/cm³ 000 chk 37122
13/11/2019 10:45:00  20.21 °C  58.54 %  881.0 hPa 1.040E-03 g/cm³ 000 chk 23429
13/11/2019 10:46:00  20.22 °C  58.74 %  881.0 hPa 1.040E-03 g/cm³ 000 chk 54898
13/11/2019 10:47:00  20.23 °C  58.61 %  881.0 hPa 1.040E-03 g/cm³ 000 chk 46138
13/11/2019 10:48:00  20.23 °C  58.82 %  881.0 hPa 1.040E-03 g/cm³ 000 chk 49896
13/11/2019 10:49:00  20.24 °C  58.95 %  881.0 hPa 1.040E-03 g/cm³ 000 chk 40484
13/11/2019 10:50:00  20.24 °C  59.08 %  881.0 hPa 1.040E-03 g/cm³ 000 chk 14940
13/11/2019 10:51:00  20.24 °C  60.03 %  880.9 hPa 1.040E-03 g/cm³ 000 chk 29881
13/11/2019 10:52:00  20.25 °C  61.88 %  881.0 hPa 1.039E-03 g/cm³ 000 chk 37226
13/11/2019 10:53:00  20.28 °C  63.88 %  880.9 hPa 1.039E-03 g/cm³ 000 chk 62012
13/11/2019 10:54:00  20.30 °C  65.45 %  881.0 hPa 1.039E-03 g/cm³ 000 chk  6216
13/11/2019 10:55:00  20.34 °C  66.61 %  881.0 hPa 1.038E-03 g/cm³ 000 chk 12630
13/11/2019 10:56:00  20.37 °C  68.14 %  881.0 hPa 1.038E-03 g/cm³ 000 chk 17818
13/11/2019 10:57:00  20.42 °C  68.60 %  881.0 hPa 1.038E-03 g/cm³ 000 chk 65231
13/11/2019 10:58:00  20.45 °C  69.29 %  881.0 hPa 1.038E-03 g/cm³ 000 chk 24181
13/11/2019 10:59:00  20.49 °C  70.02 %  881.0 hPa 1.038E-03 g/cm³ 000 chk 15331
13/11/2019 11:00:00  20.54 °C  70.66 %  881.0 hPa 1.037E-03 g/cm³ 000 chk 60077
13/11/2019 11:01:00  20.59 °C  71.77 %  881.0 hPa 1.037E-03 g/cm³ 000 chk 26097
13/11/2019 11:02:00  20.63 °C  71.57 %  881.0 hPa 1.037E-03 g/cm³ 000 chk 18042
13/11/2019 11:03:00  20.67 °C  71.97 %  881.0 hPa 1.036E-03 g/cm³ 000 chk 10949
13/11/2019 11:04:00  20.71 °C  72.29 %  881.0 hPa 1.036E-03 g/cm³ 000 chk 31891
13/11/2019 11:05:00  20.74 °C  72.65 %  880.9 hPa 1.036E-03 g/cm³ 000 chk 60743
13/11/2019 11:06:00  20.77 °C  72.36 %  880.9 hPa 1.036E-03 g/cm³ 000 chk 55154
13/11/2019 11:07:00  20.81 °C  72.67 %  881.0 hPa 1.036E-03 g/cm³ 000 chk 62129
13/11/2019 11:08:00  20.84 °C  72.59 %  880.9 hPa 1.036E-03 g/cm³ 000 chk 21335
13/11/2019 11:09:00  20.88 °C  72.52 %  880.9 hPa 1.036E-03 g/cm³ 000 chk 28664
13/11/2019 11:10:00  20.92 °C  72.45 %  880.9 hPa 1.035E-03 g/cm³ 000 chk  5288
13/11/2019 11:11:00  20.96 °C  72.61 %  880.9 hPa 1.035E-03 g/cm³ 000 chk 52560
13/11/2019 11:12:00  20.98 °C  72.47 %  880.9 hPa 1.035E-03 g/cm³ 000 chk 13934
13/11/2019 11:13:00  21.02 °C  72.44 %  880.8 hPa 1.035E-03 g/cm³ 000 chk 18272
13/11/2019 11:14:00  21.04 °C  72.38 %  880.9 hPa 1.035E-03 g/cm³ 000 chk 54025
13/11/2019 11:15:00  21.07 °C  72.30 %  880.9 hPa 1.035E-03 g/cm³ 000 chk 25580
13/11/2019 11:16:00  21.09 °C  72.30 %  880.9 hPa 1.035E-03 g/cm³ 000 chk 46729
13/11/2019 11:17:00  21.12 °C  72.19 %  880.9 hPa 1.035E-03 g/cm³ 000 chk 46504
13/11/2019 11:18:00  21.15 °C  72.10 %  880.8 hPa 1.034E-03 g/cm³ 000 chk 48174
13/11/2019 11:19:00  21.17 °C  72.24 %  880.8 hPa 1.034E-03 g/cm³ 000 chk   383
13/11/2019 11:20:00  21.19 °C  72.09 %  880.8 hPa 1.034E-03 g/cm³ 000 chk 43482
13/11/2019 11:21:00  21.21 °C  72.25 %  880.8 hPa 1.034E-03 g/cm³ 000 chk 24730
13/11/2019 11:22:00  21.23 °C  72.01 %  880.8 hPa 1.034E-03 g/cm³ 000 chk  2220
13/11/2019 11:23:00  21.25 °C  71.89 %  880.8 hPa 1.034E-03 g/cm³ 000 chk 57281
13/11/2019 11:24:00  21.27 °C  71.83 %  880.8 hPa 1.034E-03 g/cm³ 000 chk 23352
13/11/2019 11:25:00  21.29 °C  71.71 %  880.7 hPa 1.034E-03 g/cm³ 000 chk  9404
13/11/2019 11:26:00  21.30 °C  71.55 %  880.7 hPa 1.034E-03 g/cm³ 000 chk  8279
13/11/2019 11:27:00  21.32 °C  71.30 %  880.8 hPa 1.034E-03 g/cm³ 000 chk 21662
13/11/2019 11:28:00  21.33 °C  71.11 %  880.7 hPa 1.034E-03 g/cm³ 000 chk  3153
13/11/2019 11:29:00  21.34 °C  71.14 %  880.8 hPa 1.034E-03 g/cm³ 000 chk 11952
13/11/2019 11:30:00  21.35 °C  70.95 %  880.7 hPa 1.034E-03 g/cm³ 000 chk 25383
13/11/2019 11:31:00  21.36 °C  70.75 %  880.7 hPa 1.033E-03 g/cm³ 000 chk 63488
13/11/2019 11:32:00  21.37 °C  70.76 %  880.7 hPa 1.033E-03 g/cm³ 000 chk 41263
13/11/2019 11:33:00  21.38 °C  70.70 %  880.7 hPa 1.033E-03 g/cm³ 000 chk  7873
13/11/2019 11:34:00  21.39 °C  70.57 %  880.6 hPa 1.033E-03 g/cm³ 000 chk  8310
13/11/2019 11:35:00  21.40 °C  70.49 %  880.6 hPa 1.033E-03 g/cm³ 000 chk 57543
13/11/2019 11:36:00  21.41 °C  70.46 %  880.6 hPa 1.033E-03 g/cm³ 000 chk  9707
13/11/2019 11:37:00  21.42 °C  70.38 %  880.6 hPa 1.033E-03 g/cm³ 000 chk 48076
13/11/2019 11:38:00  21.43 °C  70.23 %  880.6 hPa 1.033E-03 g/cm³ 000 chk 46455
13/11/2019 11:39:00  21.43 °C  70.17 %  880.6 hPa 1.033E-03 g/cm³ 000 chk 27557
13/11/2019 11:40:00  21.44 °C  70.01 %  880.5 hPa 1.033E-03 g/cm³ 000 chk  9967
13/11/2019 11:41:00  21.45 °C  69.93 %  880.5 hPa 1.033E-03 g/cm³ 000 chk  8109
13/11/2019 11:42:00  21.46 °C  69.94 %  880.5 hPa 1.033E-03 g/cm³ 000 chk 20736
13/11/2019 11:43:00  21.47 °C  69.92 %  880.5 hPa 1.033E-03 g/cm³ 000 chk 33892
13/11/2019 11:44:00  21.47 °C  69.89 %  880.4 hPa 1.033E-03 g/cm³ 000 chk 46951
13/11/2019 11:45:00  21.48 °C  69.72 %  880.4 hPa 1.033E-03 g/cm³ 000 chk 30752
13/11/2019 11:46:00  21.49 °C  69.73 %  880.3 hPa 1.033E-03 g/cm³ 000 chk 54692
13/11/2019 11:47:00  21.50 °C  69.67 %  880.4 hPa 1.033E-03 g/cm³ 000 chk 43737
13/11/2019 11:48:00  21.51 °C  69.56 %  880.3 hPa 1.033E-03 g/cm³ 000 chk 30864
13/11/2019 11:49:00  21.52 °C  69.39 %  880.3 hPa 1.033E-03 g/cm³ 000 chk 52122
13/11/2019 11:50:00  21.54 °C  69.38 %  880.3 hPa 1.033E-03 g/cm³ 000 chk 50749
13/11/2019 11:51:00  21.55 °C  69.35 %  880.3 hPa 1.033E-03 g/cm³ 000 chk 35931
13/11/2019 11:52:00  21.56 °C  69.27 %  880.3 hPa 1.032E-03 g/cm³ 000 chk 39707
13/11/2019 11:53:00  21.58 °C  68.98 %  880.3 hPa 1.032E-03 g/cm³ 000 chk 57652
13/11/2019 11:54:00  21.58 °C  66.93 %  880.2 hPa 1.032E-03 g/cm³ 000 chk 29369
13/11/2019 11:55:00  21.58 °C  65.52 %  880.2 hPa 1.033E-03 g/cm³ 000 chk 50214
13/11/2019 11:56:00  21.55 °C  64.53 %  880.1 hPa 1.033E-03 g/cm³ 000 chk 54754
13/11/2019 11:57:00  21.53 °C  63.85 %  880.1 hPa 1.033E-03 g/cm³ 000 chk 50274
13/11/2019 11:58:00  21.50 °C  63.12 %  880.1 hPa 1.033E-03 g/cm³ 000 chk 62512
13/11/2019 11:59:00  21.46 °C  62.49 %  880.0 hPa 1.033E-03 g/cm³ 000 chk 23635
13/11/2019 12:00:00  21.42 °C  61.63 %  880.0 hPa 1.034E-03 g/cm³ 000 chk 13477
13/11/2019 12:01:00  21.37 °C  61.53 %  880.0 hPa 1.034E-03 g/cm³ 000 chk 15172
13/11/2019 12:02:00  21.34 °C  61.76 %  880.1 hPa 1.034E-03 g/cm³ 000 chk 55015
13/11/2019 12:03:00  21.30 °C  61.26 %  880.0 hPa 1.034E-03 g/cm³ 000 chk 17032
13/11/2019 12:04:00  21.26 °C  61.23 %  880.0 hPa 1.034E-03 g/cm³ 000 chk 47845
13/11/2019 12:05:00  21.23 °C  60.90 %  880.0 hPa 1.034E-03 g/cm³ 000 chk 24709
13/11/2019 12:06:00  21.19 °C  60.88 %  879.9 hPa 1.034E-03 g/cm³ 000 chk 52639
13/11/2019 12:07:00  21.16 °C  61.20 %  879.9 hPa 1.035E-03 g/cm³ 000 chk 58780
13/11/2019 12:08:00  21.12 °C  61.63 %  879.8 hPa 1.034E-03 g/cm³ 000 chk 44271
13/11/2019 12:09:00  21.08 °C  61.95 %  879.8 hPa 1.035E-03 g/cm³ 000 chk  5180
13/11/2019 12:10:00  21.06 °C  61.68 %  879.8 hPa 1.035E-03 g/cm³ 000 chk 19004
13/11/2019 12:11:00  21.05 °C  61.91 %  879.8 hPa 1.035E-03 g/cm³ 000 chk  5747
13/11/2019 12:12:00  21.02 °C  62.07 %  879.8 hPa 1.035E-03 g/cm³ 000 chk 33723
13/11/2019 12:13:00  21.00 °C  61.94 %  879.8 hPa 1.035E-03 g/cm³ 000 chk 52478
13/11/2019 12:14:00  20.97 °C  61.94 %  879.8 hPa 1.035E-03 g/cm³ 000 chk 38064
13/11/2019 12:15:00  20.95 °C  61.47 %  879.8 hPa 1.035E-03 g/cm³ 000 chk 60263
13/11/2019 12:16:00  20.91 °C  60.77 %  879.7 hPa 1.035E-03 g/cm³ 000 chk 10213
13/11/2019 12:17:00  20.89 °C  60.35 %  879.7 hPa 1.035E-03 g/cm³ 000 chk 18795
13/11/2019 12:18:00  20.86 °C  60.04 %  879.6 hPa 1.036E-03 g/cm³ 000 chk 26389
13/11/2019 12:19:00  20.83 °C  58.94 %  879.6 hPa 1.036E-03 g/cm³ 000 chk 16493
13/11/2019 12:20:00  20.80 °C  59.15 %  879.6 hPa 1.036E-03 g/cm³ 000 chk 32044
13/11/2019 12:21:00  20.76 °C  58.43 %  879.6 hPa 1.036E-03 g/cm³ 000 chk 64242
13/11/2019 12:22:00  20.73 °C  57.93 %  879.6 hPa 1.036E-03 g/cm³ 000 chk  8853
13/11/2019 12:23:00  20.70 °C  58.10 %  879.5 hPa 1.036E-03 g/cm³ 000 chk 30554
13/11/2019 12:24:00  20.66 °C  57.97 %  879.5 hPa 1.036E-03 g/cm³ 000 chk  9441
13/11/2019 12:25:00  20.64 °C  58.16 %  879.6 hPa 1.036E-03 g/cm³ 000 chk 31471
13/11/2019 12:26:00  20.61 °C  58.33 %  879.5 hPa 1.037E-03 g/cm³ 000 chk 33187
13/11/2019 12:27:00  20.59 °C  58.41 %  879.5 hPa 1.037E-03 g/cm³ 000 chk 20088
13/11/2019 12:28:00  20.56 °C  58.74 %  879.5 hPa 1.037E-03 g/cm³ 000 chk 60432
13/11/2019 12:29:00  20.53 °C  58.54 %  879.4 hPa 1.037E-03 g/cm³ 000 chk 10621
13/11/2019 12:30:00  20.51 °C  58.51 %  879.5 hPa 1.037E-03 g/cm³ 000 chk 28297
13/11/2019 12:31:00  20.50 °C  58.55 %  879.4 hPa 1.037E-03 g/cm³ 000 chk 55480
13/11/2019 12:32:00  20.47 °C  58.40 %  879.4 hPa 1.037E-03 g/cm³ 000 chk 23471
13/11/2019 12:33:00  20.45 °C  58.59 %  879.5 hPa 1.037E-03 g/cm³ 000 chk 44787
13/11/2019 12:34:00  20.44 °C  58.72 %  879.4 hPa 1.037E-03 g/cm³ 000 chk  3143
13/11/2019 12:35:00  20.42 °C  58.73 %  879.4 hPa 1.037E-03 g/cm³ 000 chk 61287
13/11/2019 12:36:00  20.41 °C  58.99 %  879.4 hPa 1.037E-03 g/cm³ 000 chk  4431
13/11/2019 12:37:00  20.40 °C  59.23 %  879.3 hPa 1.037E-03 g/cm³ 000 chk 26496
13/11/2019 12:38:00  20.39 °C  59.28 %  879.3 hPa 1.037E-03 g/cm³ 000 chk 38124
13/11/2019 12:39:00  20.38 °C  59.16 %  879.3 hPa 1.037E-03 g/cm³ 000 chk 43517
13/11/2019 12:40:00  20.36 °C  59.09 %  879.3 hPa 1.037E-03 g/cm³ 000 chk 62852
13/11/2019 12:41:00  20.35 °C  59.04 %  879.3 hPa 1.037E-03 g/cm³ 000 chk 56417
13/11/2019 12:42:00  20.34 °C  59.12 %  879.3 hPa 1.037E-03 g/cm³ 000 chk 56418
13/11/2019 12:43:00  20.33 °C  59.37 %  879.3 hPa 1.037E-03 g/cm³ 000 chk  6872
13/11/2019 12:44:00  20.32 °C  59.39 %  879.2 hPa 1.037E-03 g/cm³ 000 chk 57655
13/11/2019 12:45:00  20.31 °C  59.52 %  879.3 hPa 1.037E-03 g/cm³ 000 chk 57192
13/11/2019 12:46:00  20.30 °C  59.52 %  879.2 hPa 1.037E-03 g/cm³ 000 chk  2067
13/11/2019 12:47:00  20.30 °C  59.50 %  879.2 hPa 1.037E-03 g/cm³ 000 chk 14518
13/11/2019 12:48:00  20.29 °C  59.43 %  879.2 hPa 1.037E-03 g/cm³ 000 chk 16529
13/11/2019 12:49:00  20.30 °C  59.36 %  879.2 hPa 1.037E-03 g/cm³ 000 chk 48297
13/11/2019 12:50:00  20.29 °C  59.27 %  879.1 hPa 1.037E-03 g/cm³ 000 chk 37126
13/11/2019 12:51:00  20.28 °C  59.24 %  879.2 hPa 1.037E-03 g/cm³ 000 chk 38557
13/11/2019 12:52:00  20.27 °C  59.11 %  879.2 hPa 1.037E-03 g/cm³ 000 chk 19279
13/11/2019 12:53:00  20.26 °C  59.06 %  879.1 hPa 1.037E-03 g/cm³ 000 chk 63737
13/11/2019 12:54:00  20.26 °C  59.14 %  879.2 hPa 1.038E-03 g/cm³ 000 chk 30749
13/11/2019 12:55:00  20.26 °C  59.11 %  879.1 hPa 1.037E-03 g/cm³ 000 chk  1033
13/11/2019 12:56:00  20.25 °C  59.13 %  879.1 hPa 1.037E-03 g/cm³ 000 chk 54180
13/11/2019 12:57:00  20.24 °C  58.89 %  879.1 hPa 1.037E-03 g/cm³ 000 chk  2970
13/11/2019 12:58:00  20.23 °C  58.82 %  879.1 hPa 1.038E-03 g/cm³ 000 chk 26055
13/11/2019 12:59:00  20.22 °C  58.80 %  879.1 hPa 1.038E-03 g/cm³ 000 chk 50338
13/11/2019 13:00:00  20.21 °C  58.98 %  879.0 hPa 1.037E-03 g/cm³ 000 chk 35426
13/11/2019 13:01:00  20.21 °C  58.80 %  879.1 hPa 1.038E-03 g/cm³ 000 chk 62963
13/11/2019 13:02:00  20.19 °C  58.85 %  879.1 hPa 1.038E-03 g/cm³ 000 chk 60576
13/11/2019 13:03:00  20.18 °C  58.97 %  879.0 hPa 1.038E-03 g/cm³ 000 chk 29885
13/11/2019 13:04:00  20.18 °C  58.94 %  879.0 hPa 1.038E-03 g/cm³ 000 chk 38596
13/11/2019 13:05:00  20.17 °C  58.78 %  879.0 hPa 1.038E-03 g/cm³ 000 chk 39598
13/11/2019 13:06:00  20.17 °C  58.75 %  879.0 hPa 1.038E-03 g/cm³ 000 chk 21571
13/11/2019 13:07:00  20.16 °C  58.59 %  879.0 hPa 1.038E-03 g/cm³ 000 chk 13183
13/11/2019 13:08:00  20.15 °C  58.82 %  879.0 hPa 1.038E-03 g/cm³ 000 chk 24475
13/11/2019 13:09:00  20.15 °C  58.89 %  879.0 hPa 1.038E-03 g/cm³ 000 chk 27197
13/11/2019 13:10:00  20.14 °C  58.97 %  879.0 hPa 1.038E-03 g/cm³ 000 chk 31216
13/11/2019 13:11:00  20.14 °C  59.10 %  878.9 hPa 1.038E-03 g/cm³ 000 chk 45088
13/11/2019 13:12:00  20.14 °C  59.07 %  879.0 hPa 1.038E-03 g/cm³ 000 chk 64994
13/11/2019 13:13:00  20.14 °C  59.06 %  878.9 hPa 1.038E-03 g/cm³ 000 chk 35655
13/11/2019 13:14:00  20.14 °C  59.09 %  878.9 hPa 1.038E-03 g/cm³ 000 chk 62781
13/11/2019 13:15:00  20.13 °C  59.04 %  878.9 hPa 1.038E-03 g/cm³ 000 chk  7134
13/11/2019 13:16:00  20.12 °C  58.87 %  878.9 hPa 1.038E-03 g/cm³ 000 chk  4996
13/11/2019 13:17:00  20.12 °C  58.97 %  878.9 hPa 1.038E-03 g/cm³ 000 chk 30988
13/11/2019 13:18:00  20.11 °C  58.89 %  878.8 hPa 1.038E-03 g/cm³ 000 chk 29792
13/11/2019 13:19:00  20.12 °C  59.05 %  878.8 hPa 1.038E-03 g/cm³ 000 chk 57841
13/11/2019 13:20:00  20.11 °C  59.10 %  878.8 hPa 1.038E-03 g/cm³ 000 chk 14824
13/11/2019 13:21:00  20.10 °C  59.05 %  878.7 hPa 1.037E-03 g/cm³ 000 chk 31727
13/11/2019 13:22:00  20.10 °C  58.83 %  878.7 hPa 1.038E-03 g/cm³ 000 chk 32570
13/11/2019 13:23:00  20.10 °C  58.77 %  878.7 hPa 1.038E-03 g/cm³ 000 chk 41012
13/11/2019 13:24:00  20.09 °C  58.77 %  878.7 hPa 1.038E-03 g/cm³ 000 chk 14867
13/11/2019 13:25:00  20.09 °C  58.71 %  878.6 hPa 1.037E-03 g/cm³ 000 chk 33708
13/11/2019 13:26:00  20.08 °C  58.87 %  878.6 hPa 1.037E-03 g/cm³ 000 chk 16936
13/11/2019 13:27:00  20.08 °C  58.89 %  878.6 hPa 1.037E-03 g/cm³ 000 chk 61070
13/11/2019 13:28:00  20.07 °C  58.97 %  878.6 hPa 1.037E-03 g/cm³ 000 chk  5055
13/11/2019 13:29:00  20.07 °C  58.64 %  878.5 hPa 1.037E-03 g/cm³ 000 chk 33871
13/11/2019 13:30:00  20.06 °C  58.88 %  878.5 hPa 1.037E-03 g/cm³ 000 chk  3112
13/11/2019 13:31:00  20.06 °C  59.07 %  878.6 hPa 1.038E-03 g/cm³ 000 chk 21322
13/11/2019 13:32:00  20.06 °C  58.98 %  878.5 hPa 1.037E-03 g/cm³ 000 chk 55631
13/11/2019 13:33:00  20.05 °C  59.04 %  878.5 hPa 1.037E-03 g/cm³ 000 chk 36082
13/11/2019 13:34:00  20.04 °C  59.06 %  878.5 hPa 1.037E-03 g/cm³ 000 chk  4682
13/11/2019 13:35:00  20.04 °C  58.88 %  878.5 hPa 1.037E-03 g/cm³ 000 chk 61337
13/11/2019 13:36:00  20.03 °C  58.79 %  878.5 hPa 1.038E-03 g/cm³ 000 chk 36310
13/11/2019 13:37:00  20.02 °C  58.83 %  878.5 hPa 1.038E-03 g/cm³ 000 chk 50458
13/11/2019 13:38:00  20.02 °C  58.93 %  878.5 hPa 1.038E-03 g/cm³ 000 chk 50531
13/11/2019 13:39:00  20.01 °C  58.87 %  878.4 hPa 1.038E-03 g/cm³ 000 chk 53501
13/11/2019 13:40:00  20.01 °C  58.92 %  878.5 hPa 1.038E-03 g/cm³ 000 chk 27993
13/11/2019 13:41:00  20.01 °C  59.11 %  878.4 hPa 1.038E-03 g/cm³ 000 chk  6364
13/11/2019 13:42:00  20.01 °C  59.29 %  878.4 hPa 1.038E-03 g/cm³ 000 chk 20294
13/11/2019 13:43:00  20.01 °C  58.89 %  878.4 hPa 1.038E-03 g/cm³ 000 chk 29900
13/11/2019 13:44:00  20.00 °C  59.04 %  878.4 hPa 1.038E-03 g/cm³ 000 chk 20482
13/11/2019 13:45:00  20.00 °C  59.04 %  878.4 hPa 1.038E-03 g/cm³ 000 chk 64166
13/11/2019 13:46:00  20.00 °C  59.03 %  878.4 hPa 1.038E-03 g/cm³ 000 chk 17992
13/11/2019 13:47:00  20.00 °C  59.00 %  878.4 hPa 1.038E-03 g/cm³ 000 chk 39916
13/11/2019 13:48:00  20.00 °C  59.36 %  878.4 hPa 1.038E-03 g/cm³ 000 chk 46542
13/11/2019 13:49:00  19.99 °C  59.65 %  878.4 hPa 1.038E-03 g/cm³ 000 chk 56222
13/11/2019 13:50:00  19.99 °C  59.70 %  878.4 hPa 1.038E-03 g/cm³ 000 chk 50833
13/11/2019 13:51:00  19.99 °C  59.63 %  878.4 hPa 1.038E-03 g/cm³ 000 chk 56089
13/11/2019 13:52:00  19.99 °C  59.62 %  878.4 hPa 1.038E-03 g/cm³ 000 chk 35319
13/11/2019 13:53:00  19.99 °C  59.49 %  878.4 hPa 1.038E-03 g/cm³ 000 chk 31754
13/11/2019 13:54:00  19.99 °C  59.68 %  878.3 hPa 1.038E-03 g/cm³ 000 chk 43651
13/11/2019 13:55:00  19.99 °C  59.84 %  878.3 hPa 1.037E-03 g/cm³ 000 chk 23020
13/11/2019 13:56:00  19.99 °C  59.88 %  878.3 hPa 1.037E-03 g/cm³ 000 chk 31232
13/11/2019 13:57:00  19.99 °C  59.89 %  878.3 hPa 1.037E-03 g/cm³ 000 chk 15781
13/11/2019 13:58:00  19.99 °C  59.92 %  878.3 hPa 1.037E-03 g/cm³ 000 chk 41694
13/11/2019 13:59:00  19.99 °C  59.88 %  878.3 hPa 1.037E-03 g/cm³ 000 chk 47701
13/11/2019 14:00:00  19.99 °C  59.77 %  878.3 hPa 1.037E-03 g/cm³ 000 chk 62410
13/11/2019 14:01:00  19.99 °C  59.56 %  878.3 hPa 1.037E-03 g/cm³ 000 chk 29748
13/11/2019 14:02:00  19.99 °C  59.60 %  878.3 hPa 1.037E-03 g/cm³ 000 chk  9644
13/11/2019 14:03:00  19.99 °C  59.37 %  878.2 hPa 1.037E-03 g/cm³ 000 chk 30148
13/11/2019 14:04:00  19.99 °C  59.45 %  878.2 hPa 1.037E-03 g/cm³ 000 chk 47742
13/11/2019 14:05:00  20.00 °C  59.50 %  878.2 hPa 1.037E-03 g/cm³ 000 chk 64155
13/11/2019 14:06:00  19.98 °C  59.58 %  878.2 hPa 1.037E-03 g/cm³ 000 chk 36827
13/11/2019 14:07:00  19.98 °C  59.41 %  878.2 hPa 1.037E-03 g/cm³ 000 chk 57424
13/11/2019 14:08:00  19.97 °C  59.31 %  878.2 hPa 1.037E-03 g/cm³ 000 chk  7053
13/11/2019 14:09:00  19.96 °C  59.20 %  878.2 hPa 1.038E-03 g/cm³ 000 chk  2443
13/11/2019 14:10:00  19.96 °C  58.98 %  878.2 hPa 1.038E-03 g/cm³ 000 chk 62632
13/11/2019 14:11:00  19.95 °C  59.24 %  878.2 hPa 1.038E-03 g/cm³ 000 chk 24910
13/11/2019 14:12:00  19.95 °C  59.12 %  878.2 hPa 1.038E-03 g/cm³ 000 chk 12502
13/11/2019 14:13:00  19.95 °C  59.21 %  878.2 hPa 1.038E-03 g/cm³ 000 chk 60677
13/11/2019 14:14:00  19.95 °C  59.44 %  878.3 hPa 1.038E-03 g/cm³ 000 chk  6342
13/11/2019 14:15:00  19.95 °C  59.28 %  878.3 hPa 1.038E-03 g/cm³ 000 chk 11919
13/11/2019 14:16:00  19.94 °C  59.06 %  878.3 hPa 1.038E-03 g/cm³ 000 chk 50937
13/11/2019 14:17:00  19.94 °C  59.40 %  878.3 hPa 1.038E-03 g/cm³ 000 chk 17128
13/11/2019 14:18:00  19.94 °C  59.54 %  878.2 hPa 1.038E-03 g/cm³ 000 chk 53188
13/11/2019 14:19:00  19.95 °C  61.22 %  878.2 hPa 1.037E-03 g/cm³ 000 chk  1138
13/11/2019 14:20:00  19.97 °C  63.02 %  878.2 hPa 1.037E-03 g/cm³ 000 chk 46311
13/11/2019 14:21:00  19.99 °C  64.42 %  878.1 hPa 1.037E-03 g/cm³ 000 chk 53202
13/11/2019 14:22:00  20.01 °C  66.69 %  878.1 hPa 1.036E-03 g/cm³ 000 chk 27955
13/11/2019 14:23:00  20.04 °C  67.61 %  878.1 hPa 1.036E-03 g/cm³ 000 chk 59727
13/11/2019 14:24:00  20.07 °C  68.77 %  878.1 hPa 1.036E-03 g/cm³ 000 chk 20711
13/11/2019 14:25:00  20.11 °C  69.51 %  878.1 hPa 1.036E-03 g/cm³ 000 chk 45072
13/11/2019 14:26:00  20.14 °C  70.87 %  878.1 hPa 1.035E-03 g/cm³ 000 chk 61160
13/11/2019 14:27:00  20.18 °C  71.05 %  878.1 hPa 1.035E-03 g/cm³ 000 chk 34353
13/11/2019 14:28:00  20.22 °C  71.73 %  878.1 hPa 1.035E-03 g/cm³ 000 chk 13465
13/11/2019 14:29:00  20.25 °C  72.25 %  878.1 hPa 1.035E-03 g/cm³ 000 chk 46534
13/11/2019 14:30:00  20.29 °C  72.81 %  878.1 hPa 1.035E-03 g/cm³ 000 chk 36319
13/11/2019 14:31:00  20.32 °C  73.23 %  878.0 hPa 1.034E-03 g/cm³ 000 chk 47388
13/11/2019 14:32:00  20.35 °C  73.53 %  878.1 hPa 1.034E-03 g/cm³ 000 chk  2592
13/11/2019 14:33:00  20.39 °C  74.21 %  878.1 hPa 1.034E-03 g/cm³ 000 chk 49951
13/11/2019 14:34:00  20.42 °C  74.27 %  878.1 hPa 1.034E-03 g/cm³ 000 chk 30686
13/11/2019 14:35:00  20.45 °C  74.82 %  878.0 hPa 1.034E-03 g/cm³ 000 chk 35161
13/11/2019 14:36:00  20.48 °C  75.06 %  878.0 hPa 1.033E-03 g/cm³ 000 chk 35148
13/11/2019 14:37:00  20.51 °C  74.98 %  878.1 hPa 1.033E-03 g/cm³ 000 chk 17081
13/11/2019 14:38:00  20.55 °C  75.13 %  878.1 hPa 1.033E-03 g/cm³ 000 chk 35741
13/11/2019 14:39:00  20.57 °C  75.82 %  878.1 hPa 1.033E-03 g/cm³ 000 chk 44798
13/11/2019 14:40:00  20.60 °C  75.40 %  878.1 hPa 1.033E-03 g/cm³ 000 chk 60425
13/11/2019 14:41:00  20.63 °C  75.72 %  878.1 hPa 1.033E-03 g/cm³ 000 chk 11928
13/11/2019 14:42:00  20.66 °C  76.13 %  878.1 hPa 1.033E-03 g/cm³ 000 chk 55929
13/11/2019 14:43:00  20.69 °C  75.69 %  878.1 hPa 1.033E-03 g/cm³ 000 chk 51569
13/11/2019 14:44:00  20.71 °C  75.75 %  878.2 hPa 1.033E-03 g/cm³ 000 chk 54598
13/11/2019 14:45:00  20.74 °C  75.83 %  878.2 hPa 1.032E-03 g/cm³ 000 chk 50766
13/11/2019 14:46:00  20.76 °C  75.94 %  878.2 hPa 1.032E-03 g/cm³ 000 chk 55567
13/11/2019 14:47:00  20.78 °C  75.78 %  878.2 hPa 1.032E-03 g/cm³ 000 chk 17573
13/11/2019 14:48:00  20.81 °C  75.85 %  878.2 hPa 1.032E-03 g/cm³ 000 chk 23788
13/11/2019 14:49:00  20.83 °C  75.66 %  878.3 hPa 1.032E-03 g/cm³ 000 chk 55832
13/11/2019 14:50:00  20.86 °C  75.75 %  878.3 hPa 1.032E-03 g/cm³ 000 chk 32721
13/11/2019 14:51:00  20.88 °C  75.55 %  878.4 hPa 1.032E-03 g/cm³ 000 chk  4366
13/11/2019 14:52:00  20.90 °C  75.47 %  878.4 hPa 1.032E-03 g/cm³ 000 chk 27218
13/11/2019 14:53:00  20.92 °C  75.15 %  878.4 hPa 1.032E-03 g/cm³ 000 chk 14829
13/11/2019 14:54:00  20.94 °C  75.01 %  878.4 hPa 1.032E-03 g/cm³ 000 chk 48188
13/11/2019 14:55:00  20.95 °C  75.05 %  878.4 hPa 1.032E-03 g/cm³ 000 chk 62297
13/11/2019 14:56:00  20.97 °C  74.79 %  878.4 hPa 1.032E-03 g/cm³ 000 chk 58344
13/11/2019 14:57:00  20.98 °C  74.64 %  878.4 hPa 1.032E-03 g/cm³ 000 chk   808
13/11/2019 14:58:00  21.00 °C  74.43 %  878.4 hPa 1.032E-03 g/cm³ 000 chk 13914
13/11/2019 14:59:00  21.01 °C  74.28 %  878.4 hPa 1.032E-03 g/cm³ 000 chk 37586
13/11/2019 15:00:00  21.02 °C  74.13 %  878.4 hPa 1.032E-03 g/cm³ 000 chk 38482
13/11/2019 15:01:00  21.03 °C  73.94 %  878.4 hPa 1.032E-03 g/cm³ 000 chk 24335
13/11/2019 15:02:00  21.05 °C  73.90 %  878.4 hPa 1.032E-03 g/cm³ 000 chk 12388
13/11/2019 15:03:00  21.06 °C  73.71 %  878.4 hPa 1.032E-03 g/cm³ 000 chk 17413
13/11/2019 15:04:00  21.07 °C  73.63 %  878.4 hPa 1.032E-03 g/cm³ 000 chk  6801
13/11/2019 15:05:00  21.07 °C  73.52 %  878.4 hPa 1.032E-03 g/cm³ 000 chk 23875
13/11/2019 15:06:00  21.08 °C  73.36 %  878.4 hPa 1.032E-03 g/cm³ 000 chk 27913
13/11/2019 15:07:00  21.09 °C  73.25 %  878.4 hPa 1.032E-03 g/cm³ 000 chk 57665
13/11/2019 15:08:00  21.10 °C  73.15 %  878.4 hPa 1.032E-03 g/cm³ 000 chk 11837
13/11/2019 15:09:00  21.11 °C  73.08 %  878.4 hPa 1.032E-03 g/cm³ 000 chk 42103
13/11/2019 15:10:00  21.12 °C  72.97 %  878.4 hPa 1.032E-03 g/cm³ 000 chk 26701
13/11/2019 15:11:00  21.13 °C  72.88 %  878.4 hPa 1.032E-03 g/cm³ 000 chk 30726
13/11/2019 15:12:00  21.14 °C  72.81 %  878.4 hPa 1.031E-03 g/cm³ 000 chk 63212
13/11/2019 15:13:00  21.14 °C  72.70 %  878.4 hPa 1.031E-03 g/cm³ 000 chk 45282
13/11/2019 15:14:00  21.15 °C  72.63 %  878.4 hPa 1.031E-03 g/cm³ 000 chk   887
13/11/2019 15:15:00  21.16 °C  72.56 %  878.4 hPa 1.031E-03 g/cm³ 000 chk 49895
13/11/2019 15:16:00  21.17 °C  72.29 %  878.4 hPa 1.031E-03 g/cm³ 000 chk 50953
13/11/2019 15:17:00  21.17 °C  72.17 %  878.4 hPa 1.031E-03 g/cm³ 000 chk 27608
13/11/2019 15:18:00  21.18 °C  72.17 %  878.4 hPa 1.031E-03 g/cm³ 000 chk 20679
13/11/2019 15:19:00  21.19 °C  72.07 %  878.4 hPa 1.031E-03 g/cm³ 000 chk 43919
13/11/2019 15:20:00  21.20 °C  71.98 %  878.4 hPa 1.031E-03 g/cm³ 000 chk 27876
13/11/2019 15:21:00  21.20 °C  72.00 %  878.4 hPa 1.031E-03 g/cm³ 000 chk 57120
13/11/2019 15:22:00  21.21 °C  71.91 %  878.4 hPa 1.031E-03 g/cm³ 000 chk 60780
13/11/2019 15:23:00  21.22 °C  71.87 %  878.4 hPa 1.031E-03 g/cm³ 000 chk 39847
13/11/2019 15:24:00  21.22 °C  71.86 %  878.5 hPa 1.031E-03 g/cm³ 000 chk  6795
13/11/2019 15:25:00  21.23 °C  71.75 %  878.5 hPa 1.031E-03 g/cm³ 000 chk 22340
13/11/2019 15:26:00  21.24 °C  71.68 %  878.5 hPa 1.031E-03 g/cm³ 000 chk 27840
13/11/2019 15:27:00  21.24 °C  71.66 %  878.5 hPa 1.031E-03 g/cm³ 000 chk 49254
13/11/2019 15:28:00  21.25 °C  71.67 %  878.5 hPa 1.031E-03 g/cm³ 000 chk 31986
13/11/2019 15:29:00  21.25 °C  71.67 %  878.5 hPa 1.031E-03 g/cm³ 000 chk 54870
13/11/2019 15:30:00  21.26 °C  71.53 %  878.5 hPa 1.031E-03 g/cm³ 000 chk  5184
13/11/2019 15:31:00  21.26 °C  71.50 %  878.5 hPa 1.031E-03 g/cm³ 000 chk 51684
13/11/2019 15:32:00  21.27 °C  71.47 %  878.5 hPa 1.031E-03 g/cm³ 000 chk  9446
13/11/2019 15:33:00  21.28 °C  71.40 %  878.6 hPa 1.031E-03 g/cm³ 000 chk 15862
13/11/2019 15:34:00  21.28 °C  71.37 %  878.6 hPa 1.031E-03 g/cm³ 000 chk 27468
13/11/2019 15:35:00  21.29 °C  71.28 %  878.6 hPa 1.031E-03 g/cm³ 000 chk 31495
13/11/2019 15:36:00  21.30 °C  71.16 %  878.6 hPa 1.031E-03 g/cm³ 000 chk 52675
13/11/2019 15:37:00  21.30 °C  71.15 %  878.6 hPa 1.031E-03 g/cm³ 000 chk  4199
13/11/2019 15:38:00  21.31 °C  71.14 %  878.6 hPa 1.031E-03 g/cm³ 000 chk 44275
13/11/2019 15:39:00  21.32 °C  71.08 %  878.6 hPa 1.031E-03 g/cm³ 000 chk 43067
13/11/2019 15:40:00  21.32 °C  71.05 %  878.6 hPa 1.031E-03 g/cm³ 000 chk 50405
13/11/2019 15:41:00  21.33 °C  71.05 %  878.6 hPa 1.031E-03 g/cm³ 000 chk 65409
13/11/2019 15:42:00  21.33 °C  71.00 %  878.6 hPa 1.031E-03 g/cm³ 000 chk 55662
13/11/2019 15:43:00  21.34 °C  70.95 %  878.6 hPa 1.031E-03 g/cm³ 000 chk 20182
13/11/2019 15:44:00  21.34 °C  70.87 %  878.6 hPa 1.031E-03 g/cm³ 000 chk 33154
13/11/2019 15:45:00  21.35 °C  70.83 %  878.6 hPa 1.031E-03 g/cm³ 000 chk 52967
13/11/2019 15:46:00  21.35 °C  70.75 %  878.6 hPa 1.031E-03 g/cm³ 000 chk 40611
13/11/2019 15:47:00  21.35 °C  70.72 %  878.6 hPa 1.031E-03 g/cm³ 000 chk 14086
13/11/2019 15:48:00  21.36 °C  70.00 %  878.6 hPa 1.031E-03 g/cm³ 000 chk 24531
13/11/2019 15:49:00  21.34 °C  68.15 %  878.6 hPa 1.031E-03 g/cm³ 000 chk 50854
13/11/2019 15:50:00  21.32 °C  67.20 %  878.6 hPa 1.032E-03 g/cm³ 000 chk 20106
13/11/2019 15:51:00  21.30 °C  65.55 %  878.6 hPa 1.032E-03 g/cm³ 000 chk 48724
13/11/2019 15:52:00  21.27 °C  64.46 %  878.7 hPa 1.032E-03 g/cm³ 000 chk 47627
13/11/2019 15:53:00  21.23 °C  63.62 %  878.7 hPa 1.033E-03 g/cm³ 000 chk 21347
13/11/2019 15:54:00  21.19 °C  63.18 %  878.7 hPa 1.033E-03 g/cm³ 000 chk 10468
13/11/2019 15:55:00  21.14 °C  62.30 %  878.7 hPa 1.033E-03 g/cm³ 000 chk 41676
13/11/2019 15:56:00  21.09 °C  62.08 %  878.7 hPa 1.033E-03 g/cm³ 000 chk 15630
13/11/2019 15:57:00  21.05 °C  61.57 %  878.8 hPa 1.034E-03 g/cm³ 000 chk 41817
13/11/2019 15:58:00  20.99 °C  61.19 %  878.8 hPa 1.034E-03 g/cm³ 000 chk 21696
13/11/2019 15:59:00  20.95 °C  60.90 %  878.8 hPa 1.034E-03 g/cm³ 000 chk 41755
13/11/2019 16:00:00  20.90 °C  60.58 %  878.8 hPa 1.034E-03 g/cm³ 000 chk 62411
13/11/2019 16:01:00  20.86 °C  60.45 %  878.8 hPa 1.034E-03 g/cm³ 000 chk  7253
13/11/2019 16:02:00  20.82 °C  60.01 %  878.9 hPa 1.035E-03 g/cm³ 000 chk 10653
13/11/2019 16:03:00  20.78 °C  59.80 %  878.9 hPa 1.035E-03 g/cm³ 000 chk 49124
13/11/2019 16:04:00  20.74 °C  59.67 %  878.9 hPa 1.035E-03 g/cm³ 000 chk 57618
13/11/2019 16:05:00  20.69 °C  59.54 %  879.0 hPa 1.035E-03 g/cm³ 000 chk 50585
13/11/2019 16:06:00  20.66 °C  59.85 %  879.0 hPa 1.035E-03 g/cm³ 000 chk 44493
13/11/2019 16:07:00  20.62 °C  59.61 %  879.0 hPa 1.036E-03 g/cm³ 000 chk 29866
13/11/2019 16:08:00  20.59 °C  59.55 %  879.0 hPa 1.036E-03 g/cm³ 000 chk  3446
13/11/2019 16:09:00  20.55 °C  59.98 %  879.0 hPa 1.036E-03 g/cm³ 000 chk 56837
13/11/2019 16:10:00  20.52 °C  59.32 %  879.0 hPa 1.036E-03 g/cm³ 000 chk 56402
13/11/2019 16:11:00  20.49 °C  59.04 %  879.0 hPa 1.036E-03 g/cm³ 000 chk 62556
13/11/2019 16:12:00  20.46 °C  59.12 %  879.0 hPa 1.036E-03 g/cm³ 000 chk 40661
13/11/2019 16:13:00  20.44 °C  59.18 %  879.0 hPa 1.036E-03 g/cm³ 000 chk  9713
13/11/2019 16:14:00  20.42 °C  59.31 %  879.1 hPa 1.037E-03 g/cm³ 000 chk 10432
13/11/2019 16:15:00  20.40 °C  59.76 %  879.1 hPa 1.037E-03 g/cm³ 000 chk  8787
13/11/2019 16:16:00  20.38 °C  59.79 %  879.1 hPa 1.037E-03 g/cm³ 000 chk 19268
13/11/2019 16:17:00  20.36 °C  59.66 %  879.1 hPa 1.037E-03 g/cm³ 000 chk 41029
13/11/2019 16:18:00  20.35 °C  59.66 %  879.1 hPa 1.037E-03 g/cm³ 000 chk 37459
13/11/2019 16:19:00  20.33 °C  59.64 %  879.1 hPa 1.037E-03 g/cm³ 000 chk  1651
13/11/2019 16:20:00  20.31 °C  59.42 %  879.1 hPa 1.037E-03 g/cm³ 000 chk 14557
13/11/2019 16:21:00  20.29 °C  59.56 %  879.1 hPa 1.037E-03 g/cm³ 000 chk 47306
13/11/2019 16:22:00  20.28 °C  59.75 %  879.1 hPa 1.037E-03 g/cm³ 000 chk  8638
13/11/2019 16:23:00  20.26 °C  60.73 %  879.1 hPa 1.037E-03 g/cm³ 000 chk 17875
13/11/2019 16:24:00  20.25 °C  60.54 %  879.1 hPa 1.037E-03 g/cm³ 000 chk 57779
13/11/2019 16:25:00  20.25 °C  59.98 %  879.1 hPa 1.037E-03 g/cm³ 000 chk 40075
13/11/2019 16:26:00  20.24 °C  60.09 %  879.1 hPa 1.037E-03 g/cm³ 000 chk  5283
13/11/2019 16:27:00  20.23 °C  59.84 %  879.1 hPa 1.037E-03 g/cm³ 000 chk 29034
13/11/2019 16:28:00  20.23 °C  59.72 %  879.1 hPa 1.037E-03 g/cm³ 000 chk 24212
13/11/2019 16:29:00  20.22 °C  60.16 %  879.1 hPa 1.037E-03 g/cm³ 000 chk 23388
13/11/2019 16:30:00  20.23 °C  61.86 %  879.1 hPa 1.037E-03 g/cm³ 000 chk  8166
13/11/2019 16:31:00  20.24 °C  63.92 %  879.1 hPa 1.037E-03 g/cm³ 000 chk 21521
13/11/2019 16:32:00  20.25 °C  65.88 %  879.2 hPa 1.037E-03 g/cm³ 000 chk  9123
13/11/2019 16:33:00  20.27 °C  67.44 %  879.2 hPa 1.037E-03 g/cm³ 000 chk  5984
13/11/2019 16:34:00  20.29 °C  69.08 %  879.2 hPa 1.036E-03 g/cm³ 000 chk 54342
13/11/2019 16:35:00  20.32 °C  70.02 %  879.2 hPa 1.036E-03 g/cm³ 000 chk 63838
13/11/2019 16:36:00  20.35 °C  71.38 %  879.2 hPa 1.036E-03 g/cm³ 000 chk 37276
13/11/2019 16:37:00  20.37 °C  71.88 %  879.2 hPa 1.036E-03 g/cm³ 000 chk 39333
13/11/2019 16:38:00  20.40 °C  72.80 %  879.2 hPa 1.035E-03 g/cm³ 000 chk 34343
13/11/2019 16:39:00  20.44 °C  72.99 %  879.1 hPa 1.035E-03 g/cm³ 000 chk 25941
13/11/2019 16:40:00  20.47 °C  72.78 %  879.1 hPa 1.035E-03 g/cm³ 000 chk 42572
13/11/2019 16:41:00  20.50 °C  73.35 %  879.1 hPa 1.035E-03 g/cm³ 000 chk 18583
13/11/2019 16:42:00  20.54 °C  74.47 %  879.1 hPa 1.035E-03 g/cm³ 000 chk 23276
13/11/2019 16:43:00  20.57 °C  74.89 %  879.1 hPa 1.034E-03 g/cm³ 000 chk  1300
13/11/2019 16:44:00  20.61 °C  75.16 %  879.1 hPa 1.034E-03 g/cm³ 000 chk 48897
13/11/2019 16:45:00  20.64 °C  75.37 %  879.1 hPa 1.034E-03 g/cm³ 000 chk 28217
13/11/2019 16:46:00  20.68 °C  75.65 %  879.2 hPa 1.034E-03 g/cm³ 000 chk  2488
13/11/2019 16:47:00  20.71 °C  76.16 %  879.2 hPa 1.034E-03 g/cm³ 000 chk 60327
13/11/2019 16:48:00  20.74 °C  76.17 %  879.2 hPa 1.034E-03 g/cm³ 000 chk 36917
13/11/2019 16:49:00  20.77 °C  75.69 %  879.2 hPa 1.034E-03 g/cm³ 000 chk 65077
13/11/2019 16:50:00  20.79 °C  73.56 %  879.3 hPa 1.034E-03 g/cm³ 000 chk 25329
13/11/2019 16:51:00  20.80 °C  71.93 %  879.3 hPa 1.034E-03 g/cm³ 000 chk 38919
13/11/2019 16:52:00  20.81 °C  69.89 %  879.3 hPa 1.034E-03 g/cm³ 000 chk  3449
13/11/2019 16:53:00  20.79 °C  68.06 %  879.3 hPa 1.034E-03 g/cm³ 000 chk  9438
13/11/2019 16:54:00  20.77 °C  66.28 %  879.3 hPa 1.035E-03 g/cm³ 000 chk 32023
13/11/2019 16:55:00  20.75 °C  65.43 %  879.3 hPa 1.035E-03 g/cm³ 000 chk 56315
13/11/2019 16:56:00  20.72 °C  64.33 %  879.3 hPa 1.035E-03 g/cm³ 000 chk   399
13/11/2019 16:57:00  20.68 °C  63.42 %  879.3 hPa 1.035E-03 g/cm³ 000 chk 19364
13/11/2019 16:58:00  20.64 °C  62.88 %  879.3 hPa 1.036E-03 g/cm³ 000 chk 24696
13/11/2019 16:59:00  20.59 °C  62.29 %  879.3 hPa 1.036E-03 g/cm³ 000 chk 20373
13/11/2019 17:00:00  20.55 °C  61.87 %  879.3 hPa 1.036E-03 g/cm³ 000 chk 55357
13/11/2019 17:01:00  20.51 °C  61.40 %  879.3 hPa 1.036E-03 g/cm³ 000 chk 46914
13/11/2019 17:02:00  20.47 °C  60.82 %  879.3 hPa 1.037E-03 g/cm³ 000 chk 63417
13/11/2019 17:03:00  20.43 °C  60.54 %  879.3 hPa 1.037E-03 g/cm³ 000 chk 46571
13/11/2019 17:04:00  20.39 °C  60.39 %  879.3 hPa 1.037E-03 g/cm³ 000 chk  3846
13/11/2019 17:05:00  20.35 °C  60.16 %  879.3 hPa 1.037E-03 g/cm³ 000 chk 34803
13/11/2019 17:06:00  20.32 °C  60.24 %  879.3 hPa 1.037E-03 g/cm³ 000 chk 38703
13/11/2019 17:07:00  20.29 °C  60.16 %  879.3 hPa 1.037E-03 g/cm³ 000 chk 52000
13/11/2019 17:08:00  20.25 °C  59.78 %  879.4 hPa 1.038E-03 g/cm³ 000 chk  9270
13/11/2019 17:09:00  20.22 °C  59.53 %  879.4 hPa 1.038E-03 g/cm³ 000 chk 58510
13/11/2019 17:10:00  20.19 °C  59.35 %  879.4 hPa 1.038E-03 g/cm³ 000 chk 33724
13/11/2019 17:11:00  20.16 °C  59.18 %  879.4 hPa 1.038E-03 g/cm³ 000 chk 25355
13/11/2019 17:12:00  20.13 °C  58.93 %  879.4 hPa 1.038E-03 g/cm³ 000 chk 17493
13/11/2019 17:13:00  20.11 °C  59.09 %  879.4 hPa 1.038E-03 g/cm³ 000 chk 28200
13/11/2019 17:14:00  20.08 °C  58.94 %  879.4 hPa 1.038E-03 g/cm³ 000 chk  5204
13/11/2019 17:15:00  20.07 °C  58.70 %  879.4 hPa 1.038E-03 g/cm³ 000 chk 61500
13/11/2019 17:16:00  20.05 °C  58.92 %  879.4 hPa 1.039E-03 g/cm³ 000 chk 30487
13/11/2019 17:17:00  20.04 °C  58.99 %  879.4 hPa 1.039E-03 g/cm³ 000 chk 54129
13/11/2019 17:18:00  20.03 °C  58.98 %  879.4 hPa 1.039E-03 g/cm³ 000 chk 52064
13/11/2019 17:19:00  20.01 °C  58.98 %  879.4 hPa 1.039E-03 g/cm³ 000 chk   583
13/11/2019 17:20:00  20.00 °C  58.96 %  879.4 hPa 1.039E-03 g/cm³ 000 chk 59123
13/11/2019 17:21:00  19.99 °C  58.63 %  879.5 hPa 1.039E-03 g/cm³ 000 chk 40645
13/11/2019 17:22:00  19.98 °C  58.43 %  879.5 hPa 1.039E-03 g/cm³ 000 chk 28849
13/11/2019 17:23:00  19.96 °C  58.42 %  879.5 hPa 1.039E-03 g/cm³ 000 chk 23966
13/11/2019 17:24:00  19.95 °C  58.48 %  879.5 hPa 1.039E-03 g/cm³ 000 chk 18599
13/11/2019 17:25:00  19.94 °C  58.46 %  879.5 hPa 1.039E-03 g/cm³ 000 chk 30145
13/11/2019 17:26:00  19.93 °C  58.57 %  879.4 hPa 1.039E-03 g/cm³ 000 chk 11026
13/11/2019 17:27:00  19.91 °C  59.15 %  879.5 hPa 1.039E-03 g/cm³ 000 chk 53705
13/11/2019 17:28:00  19.92 °C  61.42 %  879.5 hPa 1.039E-03 g/cm³ 000 chk 14872
13/11/2019 17:29:00  19.93 °C  63.55 %  879.5 hPa 1.039E-03 g/cm³ 000 chk 41578
13/11/2019 17:30:00  19.96 °C  65.05 %  879.5 hPa 1.038E-03 g/cm³ 000 chk  4250
13/11/2019 17:31:00  19.99 °C  66.54 %  879.5 hPa 1.038E-03 g/cm³ 000 chk 23755
13/11/2019 17:32:00  20.03 °C  68.14 %  879.5 hPa 1.038E-03 g/cm³ 000 chk   541
13/11/2019 17:33:00  20.07 °C  69.64 %  879.5 hPa 1.037E-03 g/cm³ 000 chk 15150
13/11/2019 17:34:00  20.11 °C  70.78 %  879.5 hPa 1.037E-03 g/cm³ 000 chk 40718
13/11/2019 17:35:00  20.15 °C  70.79 %  879.6 hPa 1.037E-03 g/cm³ 000 chk 21586
13/11/2019 17:36:00  20.19 °C  72.28 %  879.6 hPa 1.037E-03 g/cm³ 000 chk 28439
13/11/2019 17:37:00  20.24 °C  73.00 %  879.6 hPa 1.037E-03 g/cm³ 000 chk  5260
13/11/2019 17:38:00  20.28 °C  73.71 %  879.6 hPa 1.036E-03 g/cm³ 000 chk 61650
13/11/2019 17:39:00  20.33 °C  74.03 %  879.6 hPa 1.036E-03 g/cm³ 000 chk 23609
13/11/2019 17:40:00  20.37 °C  73.87 %  879.7 hPa 1.036E-03 g/cm³ 000 chk 64142
13/11/2019 17:41:00  20.41 °C  74.93 %  879.7 hPa 1.036E-03 g/cm³ 000 chk 33575
13/11/2019 17:42:00  20.44 °C  75.27 %  879.7 hPa 1.036E-03 g/cm³ 000 chk 20237
13/11/2019 17:43:00  20.48 °C  75.79 %  879.7 hPa 1.035E-03 g/cm³ 000 chk 60280
13/11/2019 17:44:00  20.52 °C  75.95 %  879.7 hPa 1.035E-03 g/cm³ 000 chk 56984
13/11/2019 17:45:00  20.55 °C  76.26 %  879.7 hPa 1.035E-03 g/cm³ 000 chk  1856
13/11/2019 17:46:00  20.58 °C  76.46 %  879.7 hPa 1.035E-03 g/cm³ 000 chk  8328
13/11/2019 17:47:00  20.62 °C  76.72 %  879.7 hPa 1.035E-03 g/cm³ 000 chk 41573
13/11/2019 17:48:00  20.64 °C  76.48 %  879.7 hPa 1.035E-03 g/cm³ 000 chk 46273
13/11/2019 17:49:00  20.67 °C  76.92 %  879.7 hPa 1.034E-03 g/cm³ 000 chk 24340
13/11/2019 17:50:00  20.70 °C  77.01 %  879.8 hPa 1.034E-03 g/cm³ 000 chk 48314
13/11/2019 17:51:00  20.73 °C  77.19 %  879.8 hPa 1.034E-03 g/cm³ 000 chk 52339
13/11/2019 17:52:00  20.75 °C  77.25 %  879.8 hPa 1.034E-03 g/cm³ 000 chk 19309
13/11/2019 17:53:00  20.77 °C  77.40 %  879.8 hPa 1.034E-03 g/cm³ 000 chk  7076
13/11/2019 17:54:00  20.79 °C  77.63 %  879.9 hPa 1.034E-03 g/cm³ 000 chk 43608
13/11/2019 17:55:00  20.81 °C  77.30 %  879.9 hPa 1.034E-03 g/cm³ 000 chk 19984
13/11/2019 17:56:00  20.83 °C  77.44 %  879.9 hPa 1.034E-03 g/cm³ 000 chk  9919
13/11/2019 17:57:00  20.85 °C  77.36 %  879.9 hPa 1.034E-03 g/cm³ 000 chk 29277
13/11/2019 17:58:00  20.87 °C  77.40 %  880.0 hPa 1.034E-03 g/cm³ 000 chk 39341
13/11/2019 17:59:00  20.89 °C  77.40 %  880.0 hPa 1.034E-03 g/cm³ 000 chk 22915
13/11/2019 18:00:00  20.90 °C  77.29 %  880.0 hPa 1.034E-03 g/cm³ 000 chk 27129
13/11/2019 18:01:00  20.92 °C  77.53 %  880.0 hPa 1.034E-03 g/cm³ 000 chk  4639
13/11/2019 18:02:00  20.93 °C  77.39 %  880.0 hPa 1.034E-03 g/cm³ 000 chk 20189
13/11/2019 18:03:00  20.94 °C  77.56 %  880.0 hPa 1.034E-03 g/cm³ 000 chk 15057
13/11/2019 18:04:00  20.96 °C  77.44 %  880.1 hPa 1.034E-03 g/cm³ 000 chk 28498
13/11/2019 18:05:00  20.97 °C  77.49 %  880.1 hPa 1.034E-03 g/cm³ 000 chk  9524
13/11/2019 18:06:00  20.98 °C  77.58 %  880.1 hPa 1.034E-03 g/cm³ 000 chk 19644
13/11/2019 18:07:00  20.99 °C  77.26 %  880.2 hPa 1.034E-03 g/cm³ 000 chk 64231
13/11/2019 18:08:00  21.00 °C  75.58 %  880.2 hPa 1.034E-03 g/cm³ 000 chk 15348
13/11/2019 18:09:00  20.99 °C  73.20 %  880.3 hPa 1.034E-03 g/cm³ 000 chk 18228
13/11/2019 18:10:00  20.98 °C  71.72 %  880.3 hPa 1.034E-03 g/cm³ 000 chk 26740
13/11/2019 18:11:00  20.96 °C  68.86 %  880.3 hPa 1.035E-03 g/cm³ 000 chk 17491
13/11/2019 18:12:00  20.92 °C  67.12 %  880.3 hPa 1.035E-03 g/cm³ 000 chk 47424
13/11/2019 18:13:00  20.87 °C  65.55 %  880.3 hPa 1.036E-03 g/cm³ 000 chk 46975
13/11/2019 18:14:00  20.80 °C  64.62 %  880.4 hPa 1.036E-03 g/cm³ 000 chk 60035
13/11/2019 18:15:00  20.74 °C  63.25 %  880.4 hPa 1.036E-03 g/cm³ 000 chk 33726
13/11/2019 18:16:00  20.68 °C  62.42 %  880.4 hPa 1.037E-03 g/cm³ 000 chk 63227
13/11/2019 18:17:00  20.63 °C  61.79 %  880.4 hPa 1.037E-03 g/cm³ 000 chk  3905
13/11/2019 18:18:00  20.57 °C  61.17 %  880.4 hPa 1.037E-03 g/cm³ 000 chk 65357
13/11/2019 18:19:00  20.51 °C  60.82 %  880.4 hPa 1.038E-03 g/cm³ 000 chk 64890
13/11/2019 18:20:00  20.46 °C  60.28 %  880.4 hPa 1.038E-03 g/cm³ 000 chk 39145
13/11/2019 18:21:00  20.40 °C  60.12 %  880.4 hPa 1.038E-03 g/cm³ 000 chk 58556
13/11/2019 18:22:00  20.36 °C  59.88 %  880.5 hPa 1.038E-03 g/cm³ 000 chk 52339
13/11/2019 18:23:00  20.31 °C  59.70 %  880.5 hPa 1.039E-03 g/cm³ 000 chk 47866
13/11/2019 18:24:00  20.27 °C  59.61 %  880.5 hPa 1.039E-03 g/cm³ 000 chk 63162
13/11/2019 18:25:00  20.22 °C  59.24 %  880.5 hPa 1.039E-03 g/cm³ 000 chk 21357
13/11/2019 18:26:00  20.19 °C  59.15 %  880.5 hPa 1.039E-03 g/cm³ 000 chk 52235
13/11/2019 18:27:00  20.15 °C  59.27 %  880.5 hPa 1.039E-03 g/cm³ 000 chk 62928
13/11/2019 18:28:00  20.12 °C  59.17 %  880.5 hPa 1.040E-03 g/cm³ 000 chk 13372
13/11/2019 18:29:00  20.09 °C  58.88 %  880.4 hPa 1.040E-03 g/cm³ 000 chk 29003
13/11/2019 18:30:00  20.06 °C  59.90 %  880.4 hPa 1.040E-03 g/cm³ 000 chk 30224
13/11/2019 18:31:00  20.04 °C  62.19 %  880.4 hPa 1.039E-03 g/cm³ 000 chk 26030
13/11/2019 18:32:00  20.05 °C  63.88 %  880.5 hPa 1.039E-03 g/cm³ 000 chk 52877
13/11/2019 18:33:00  20.07 °C  65.99 %  880.5 hPa 1.039E-03 g/cm³ 000 chk 35530
13/11/2019 18:34:00  20.10 °C  67.45 %  880.5 hPa 1.039E-03 g/cm³ 000 chk 18351
13/11/2019 18:35:00  20.13 °C  69.32 %  880.5 hPa 1.038E-03 g/cm³ 000 chk 48360
13/11/2019 18:36:00  20.16 °C  70.23 %  880.5 hPa 1.038E-03 g/cm³ 000 chk 57742
13/11/2019 18:37:00  20.20 °C  71.20 %  880.5 hPa 1.038E-03 g/cm³ 000 chk 63744
13/11/2019 18:38:00  20.23 °C  72.11 %  880.5 hPa 1.038E-03 g/cm³ 000 chk 54855
13/11/2019 18:39:00  20.27 °C  73.05 %  880.5 hPa 1.038E-03 g/cm³ 000 chk 40916
13/11/2019 18:40:00  20.31 °C  73.12 %  880.6 hPa 1.038E-03 g/cm³ 000 chk 65230
13/11/2019 18:41:00  20.34 °C  74.28 %  880.6 hPa 1.037E-03 g/cm³ 000 chk 17606
13/11/2019 18:42:00  20.38 °C  74.83 %  880.6 hPa 1.037E-03 g/cm³ 000 chk 27664
13/11/2019 18:43:00  20.41 °C  75.22 %  880.6 hPa 1.037E-03 g/cm³ 000 chk  5792
13/11/2019 18:44:00  20.45 °C  75.55 %  880.6 hPa 1.037E-03 g/cm³ 000 chk 34588
13/11/2019 18:45:00  20.48 °C  76.01 %  880.6 hPa 1.036E-03 g/cm³ 000 chk 12559
13/11/2019 18:46:00  20.51 °C  76.18 %  880.6 hPa 1.036E-03 g/cm³ 000 chk 17553
13/11/2019 18:47:00  20.55 °C  76.54 %  880.7 hPa 1.036E-03 g/cm³ 000 chk 36049
13/11/2019 18:48:00  20.57 °C  76.76 %  880.7 hPa 1.036E-03 g/cm³ 000 chk 30045
13/11/2019 18:49:00  20.60 °C  77.12 %  880.7 hPa 1.036E-03 g/cm³ 000 chk 65532
13/11/2019 18:50:00  20.63 °C  77.25 %  880.7 hPa 1.036E-03 g/cm³ 000 chk 19178
13/11/2019 18:51:00  20.66 °C  77.22 %  880.7 hPa 1.036E-03 g/cm³ 000 chk 46473
13/11/2019 18:52:00  20.68 °C  77.53 %  880.7 hPa 1.035E-03 g/cm³ 000 chk 19564
13/11/2019 18:53:00  20.70 °C  77.69 %  880.7 hPa 1.035E-03 g/cm³ 000 chk  2594
13/11/2019 18:54:00  20.72 °C  77.65 %  880.7 hPa 1.035E-03 g/cm³ 000 chk 24795
13/11/2019 18:55:00  20.74 °C  77.91 %  880.7 hPa 1.035E-03 g/cm³ 000 chk  6992
13/11/2019 18:56:00  20.76 °C  77.91 %  880.8 hPa 1.035E-03 g/cm³ 000 chk 58172
13/11/2019 18:57:00  20.78 °C  78.07 %  880.8 hPa 1.035E-03 g/cm³ 000 chk 15593
13/11/2019 18:58:00  20.80 °C  78.26 %  880.8 hPa 1.035E-03 g/cm³ 000 chk 59539
13/11/2019 18:59:00  20.81 °C  78.07 %  880.8 hPa 1.035E-03 g/cm³ 000 chk 65197
13/11/2019 19:00:00  20.83 °C  78.10 %  880.8 hPa 1.035E-03 g/cm³ 000 chk 14261
13/11/2019 19:01:00  20.85 °C  78.05 %  880.8 hPa 1.035E-03 g/cm³ 000 chk 24760
13/11/2019 19:02:00  20.86 °C  77.64 %  880.9 hPa 1.035E-03 g/cm³ 000 chk 51473
13/11/2019 19:03:00  20.88 °C  77.84 %  880.9 hPa 1.035E-03 g/cm³ 000 chk 51384
13/11/2019 19:04:00  20.89 °C  78.02 %  880.9 hPa 1.035E-03 g/cm³ 000 chk  5078
13/11/2019 19:05:00  20.91 °C  77.78 %  880.9 hPa 1.035E-03 g/cm³ 000 chk 26003
13/11/2019 19:06:00  20.92 °C  77.94 %  880.9 hPa 1.035E-03 g/cm³ 000 chk 30139
13/11/2019 19:07:00  20.93 °C  77.80 %  881.0 hPa 1.035E-03 g/cm³ 000 chk 52210
13/11/2019 19:08:00  20.94 °C  77.92 %  881.0 hPa 1.035E-03 g/cm³ 000 chk 25807
13/11/2019 19:09:00  20.95 °C  77.56 %  881.1 hPa 1.035E-03 g/cm³ 000 chk 54050
13/11/2019 19:10:00  20.96 °C  76.02 %  881.1 hPa 1.035E-03 g/cm³ 000 chk 33222
13/11/2019 19:11:00  20.96 °C  73.51 %  881.1 hPa 1.035E-03 g/cm³ 000 chk  3217
13/11/2019 19:12:00  20.94 °C  71.46 %  881.1 hPa 1.036E-03 g/cm³ 000 chk 29352
13/11/2019 19:13:00  20.92 °C  69.43 %  881.1 hPa 1.036E-03 g/cm³ 000 chk 60663
13/11/2019 19:14:00  20.88 °C  68.08 %  881.1 hPa 1.036E-03 g/cm³ 000 chk 19256
13/11/2019 19:15:00  20.84 °C  66.59 %  881.1 hPa 1.037E-03 g/cm³ 000 chk 25966
13/11/2019 19:16:00  20.79 °C  65.85 %  881.1 hPa 1.037E-03 g/cm³ 000 chk  6374
13/11/2019 19:17:00  20.73 °C  64.68 %  881.1 hPa 1.037E-03 g/cm³ 000 chk 16215
13/11/2019 19:18:00  20.68 °C  63.97 %  881.1 hPa 1.037E-03 g/cm³ 000 chk 18726
13/11/2019 19:19:00  20.63 °C  63.32 %  881.1 hPa 1.038E-03 g/cm³ 000 chk 17331
13/11/2019 19:20:00  20.56 °C  62.57 %  881.2 hPa 1.038E-03 g/cm³ 000 chk 54717
13/11/2019 19:21:00  20.51 °C  62.30 %  881.2 hPa 1.039E-03 g/cm³ 000 chk 18802
13/11/2019 19:22:00  20.47 °C  61.49 %  881.2 hPa 1.039E-03 g/cm³ 000 chk 14191
13/11/2019 19:23:00  20.42 °C  61.35 %  881.2 hPa 1.039E-03 g/cm³ 000 chk 38860
13/11/2019 19:24:00  20.37 °C  61.22 %  881.2 hPa 1.039E-03 g/cm³ 000 chk 25770
13/11/2019 19:25:00  20.32 °C  60.95 %  881.2 hPa 1.039E-03 g/cm³ 000 chk 51915
13/11/2019 19:26:00  20.28 °C  60.33 %  881.2 hPa 1.040E-03 g/cm³ 000 chk 21376
13/11/2019 19:27:00  20.24 °C  60.34 %  881.2 hPa 1.040E-03 g/cm³ 000 chk 62252
13/11/2019 19:28:00  20.21 °C  60.12 %  881.3 hPa 1.040E-03 g/cm³ 000 chk 45744
13/11/2019 19:29:00  20.17 °C  59.91 %  881.3 hPa 1.040E-03 g/cm³ 000 chk 45320
13/11/2019 19:30:00  20.14 °C  59.69 %  881.3 hPa 1.040E-03 g/cm³ 000 chk 61121
13/11/2019 19:31:00  20.11 °C  59.41 %  881.3 hPa 1.041E-03 g/cm³ 000 chk 14907
13/11/2019 19:32:00  20.08 °C  59.33 %  881.3 hPa 1.041E-03 g/cm³ 000 chk 53321
13/11/2019 19:33:00  20.05 °C  59.14 %  881.3 hPa 1.041E-03 g/cm³ 000 chk  8574
13/11/2019 19:34:00  20.03 °C  58.97 %  881.2 hPa 1.041E-03 g/cm³ 000 chk 53155
13/11/2019 19:35:00  20.00 °C  60.06 %  881.3 hPa 1.041E-03 g/cm³ 000 chk 22539
13/11/2019 19:36:00  20.00 °C  62.38 %  881.3 hPa 1.041E-03 g/cm³ 000 chk 33194
13/11/2019 19:37:00  20.02 °C  64.20 %  881.3 hPa 1.040E-03 g/cm³ 000 chk 49199
13/11/2019 19:38:00  20.03 °C  65.49 %  881.3 hPa 1.040E-03 g/cm³ 000 chk  1099
13/11/2019 19:39:00  20.05 °C  68.05 %  881.3 hPa 1.040E-03 g/cm³ 000 chk 50777
13/11/2019 19:40:00  20.09 °C  69.22 %  881.3 hPa 1.040E-03 g/cm³ 000 chk 33226
13/11/2019 19:41:00  20.12 °C  70.27 %  881.3 hPa 1.039E-03 g/cm³ 000 chk 29530
13/11/2019 19:42:00  20.16 °C  71.25 %  881.3 hPa 1.039E-03 g/cm³ 000 chk   430
13/11/2019 19:43:00  20.19 °C  71.69 %  881.3 hPa 1.039E-03 g/cm³ 000 chk  3318
13/11/2019 19:44:00  20.23 °C  72.65 %  881.3 hPa 1.039E-03 g/cm³ 000 chk 43412
13/11/2019 19:45:00  20.27 °C  73.35 %  881.3 hPa 1.038E-03 g/cm³ 000 chk 21618
13/11/2019 19:46:00  20.30 °C  73.98 %  881.3 hPa 1.038E-03 g/cm³ 000 chk 65145
13/11/2019 19:47:00  20.34 °C  74.64 %  881.4 hPa 1.038E-03 g/cm³ 000 chk 20616
13/11/2019 19:48:00  20.37 °C  74.93 %  881.4 hPa 1.038E-03 g/cm³ 000 chk 24628
13/11/2019 19:49:00  20.41 °C  75.27 %  881.4 hPa 1.038E-03 g/cm³ 000 chk 47330
13/11/2019 19:50:00  20.44 °C  75.87 %  881.4 hPa 1.038E-03 g/cm³ 000 chk 43829
13/11/2019 19:51:00  20.47 °C  76.09 %  881.4 hPa 1.037E-03 g/cm³ 000 chk 49361
13/11/2019 19:52:00  20.51 °C  76.32 %  881.5 hPa 1.037E-03 g/cm³ 000 chk 60683
13/11/2019 19:53:00  20.54 °C  76.54 %  881.5 hPa 1.037E-03 g/cm³ 000 chk 65415
13/11/2019 19:54:00  20.56 °C  76.79 %  881.5 hPa 1.037E-03 g/cm³ 000 chk 47140
13/11/2019 19:55:00  20.59 °C  77.06 %  881.5 hPa 1.037E-03 g/cm³ 000 chk 21015
13/11/2019 19:56:00  20.62 °C  77.06 %  881.5 hPa 1.037E-03 g/cm³ 000 chk  8199
13/11/2019 19:57:00  20.64 °C  77.29 %  881.5 hPa 1.037E-03 g/cm³ 000 chk  1406
13/11/2019 19:58:00  20.66 °C  77.43 %  881.5 hPa 1.037E-03 g/cm³ 000 chk 54341
13/11/2019 19:59:00  20.69 °C  77.38 %  881.5 hPa 1.036E-03 g/cm³ 000 chk 55978
13/11/2019 20:00:00  20.71 °C  77.85 %  881.5 hPa 1.036E-03 g/cm³ 000 chk 13413
13/11/2019 20:01:00  20.73 °C  77.87 %  881.5 hPa 1.036E-03 g/cm³ 000 chk 26435
13/11/2019 20:02:00  20.75 °C  77.87 %  881.5 hPa 1.036E-03 g/cm³ 000 chk 31785
13/11/2019 20:03:00  20.77 °C  77.89 %  881.5 hPa 1.036E-03 g/cm³ 000 chk 45836
13/11/2019 20:04:00  20.79 °C  78.07 %  881.6 hPa 1.036E-03 g/cm³ 000 chk 12501
13/11/2019 20:05:00  20.80 °C  78.09 %  881.6 hPa 1.036E-03 g/cm³ 000 chk 13510
13/11/2019 20:06:00  20.82 °C  78.02 %  881.6 hPa 1.036E-03 g/cm³ 000 chk 30632
13/11/2019 20:07:00  20.84 °C  78.12 %  881.6 hPa 1.036E-03 g/cm³ 000 chk 47525
13/11/2019 20:08:00  20.85 °C  78.09 %  881.6 hPa 1.036E-03 g/cm³ 000 chk 46878
13/11/2019 20:09:00  20.86 °C  77.99 %  881.6 hPa 1.036E-03 g/cm³ 000 chk  7682
13/11/2019 20:10:00  20.88 °C  77.91 %  881.6 hPa 1.036E-03 g/cm³ 000 chk 55465
13/11/2019 20:11:00  20.89 °C  77.99 %  881.6 hPa 1.036E-03 g/cm³ 000 chk  3023
13/11/2019 20:12:00  20.90 °C  77.63 %  881.6 hPa 1.036E-03 g/cm³ 000 chk 51414
13/11/2019 20:13:00  20.91 °C  77.93 %  881.6 hPa 1.036E-03 g/cm³ 000 chk 61977
13/11/2019 20:14:00  20.92 °C  77.99 %  881.7 hPa 1.036E-03 g/cm³ 000 chk  7796
13/11/2019 20:15:00  20.93 °C  77.82 %  881.7 hPa 1.036E-03 g/cm³ 000 chk 31294
13/11/2019 20:16:00  20.94 °C  77.89 %  881.7 hPa 1.036E-03 g/cm³ 000 chk 28566
13/11/2019 20:17:00  20.95 °C  77.77 %  881.7 hPa 1.035E-03 g/cm³ 000 chk 21016
13/11/2019 20:18:00  20.96 °C  77.72 %  881.7 hPa 1.035E-03 g/cm³ 000 chk 63758
13/11/2019 20:19:00  20.97 °C  77.67 %  881.7 hPa 1.035E-03 g/cm³ 000 chk 39750
13/11/2019 20:20:00  20.97 °C  77.79 %  881.8 hPa 1.036E-03 g/cm³ 000 chk  2909
13/11/2019 20:21:00  20.98 °C  77.74 %  881.8 hPa 1.036E-03 g/cm³ 000 chk 11185
13/11/2019 20:22:00  20.99 °C  76.17 %  881.8 hPa 1.036E-03 g/cm³ 000 chk 57964
13/11/2019 20:23:00  20.98 °C  73.85 %  881.9 hPa 1.036E-03 g/cm³ 000 chk 60274
13/11/2019 20:24:00  20.97 °C  71.66 %  881.9 hPa 1.036E-03 g/cm³ 000 chk 21501
13/11/2019 20:25:00  20.94 °C  69.90 %  881.9 hPa 1.037E-03 g/cm³ 000 chk 60686
13/11/2019 20:26:00  20.91 °C  68.46 %  881.9 hPa 1.037E-03 g/cm³ 000 chk 48075
13/11/2019 20:27:00  20.87 °C  67.32 %  881.9 hPa 1.037E-03 g/cm³ 000 chk 41222
13/11/2019 20:28:00  20.82 °C  66.10 %  881.9 hPa 1.038E-03 g/cm³ 000 chk 63900
13/11/2019 20:29:00  20.77 °C  65.24 %  881.9 hPa 1.038E-03 g/cm³ 000 chk 30421
13/11/2019 20:30:00  20.71 °C  64.16 %  881.9 hPa 1.038E-03 g/cm³ 000 chk 39961
13/11/2019 20:31:00  20.65 °C  63.50 %  881.9 hPa 1.039E-03 g/cm³ 000 chk 48911
13/11/2019 20:32:00  20.59 °C  62.58 %  881.9 hPa 1.039E-03 g/cm³ 000 chk 32836
13/11/2019 20:33:00  20.53 °C  62.14 %  881.9 hPa 1.039E-03 g/cm³ 000 chk 56282
13/11/2019 20:34:00  20.49 °C  62.02 %  881.9 hPa 1.039E-03 g/cm³ 000 chk 40338
13/11/2019 20:35:00  20.43 °C  61.33 %  881.9 hPa 1.040E-03 g/cm³ 000 chk 45920
13/11/2019 20:36:00  20.38 °C  61.01 %  881.8 hPa 1.040E-03 g/cm³ 000 chk 40981
13/11/2019 20:37:00  20.34 °C  60.82 %  881.8 hPa 1.040E-03 g/cm³ 000 chk  9677
13/11/2019 20:38:00  20.30 °C  60.73 %  881.8 hPa 1.040E-03 g/cm³ 000 chk 52788
13/11/2019 20:39:00  20.25 °C  60.65 %  881.8 hPa 1.040E-03 g/cm³ 000 chk 19691
13/11/2019 20:40:00  20.21 °C  60.37 %  881.8 hPa 1.041E-03 g/cm³ 000 chk  3176
13/11/2019 20:41:00  20.17 °C  60.30 %  881.8 hPa 1.041E-03 g/cm³ 000 chk 61691
13/11/2019 20:42:00  20.13 °C  60.04 %  881.8 hPa 1.041E-03 g/cm³ 000 chk 64612
13/11/2019 20:43:00  20.09 °C  59.84 %  881.8 hPa 1.041E-03 g/cm³ 000 chk  8439
13/11/2019 20:44:00  20.06 °C  59.68 %  881.8 hPa 1.041E-03 g/cm³ 000 chk  4928
13/11/2019 20:45:00  20.03 °C  59.69 %  881.8 hPa 1.041E-03 g/cm³ 000 chk   547
13/11/2019 20:46:00  20.01 °C  60.74 %  881.7 hPa 1.041E-03 g/cm³ 000 chk   290
13/11/2019 20:47:00  20.01 °C  63.05 %  881.7 hPa 1.041E-03 g/cm³ 000 chk 30306
13/11/2019 20:48:00  20.01 °C  64.99 %  881.8 hPa 1.041E-03 g/cm³ 000 chk 16160
13/11/2019 20:49:00  20.04 °C  66.55 %  881.8 hPa 1.041E-03 g/cm³ 000 chk 16038
13/11/2019 20:50:00  20.06 °C  68.47 %  881.7 hPa 1.040E-03 g/cm³ 000 chk  1864
13/11/2019 20:51:00  20.09 °C  69.56 %  881.8 hPa 1.040E-03 g/cm³ 000 chk 53143
13/11/2019 20:52:00  20.13 °C  70.81 %  881.8 hPa 1.040E-03 g/cm³ 000 chk 55030
13/11/2019 20:53:00  20.16 °C  71.63 %  881.8 hPa 1.040E-03 g/cm³ 000 chk 57614
13/11/2019 20:54:00  20.20 °C  72.40 %  881.8 hPa 1.039E-03 g/cm³ 000 chk 21174
13/11/2019 20:55:00  20.23 °C  73.23 %  881.7 hPa 1.039E-03 g/cm³ 000 chk 51619
13/11/2019 20:56:00  20.26 °C  73.78 %  881.7 hPa 1.039E-03 g/cm³ 000 chk 48913
13/11/2019 20:57:00  20.30 °C  74.26 %  881.8 hPa 1.039E-03 g/cm³ 000 chk 62315
13/11/2019 20:58:00  20.34 °C  74.77 %  881.8 hPa 1.038E-03 g/cm³ 000 chk  6497
13/11/2019 20:59:00  20.37 °C  75.25 %  881.8 hPa 1.038E-03 g/cm³ 000 chk 19202
13/11/2019 21:00:00  20.40 °C  75.52 %  881.8 hPa 1.038E-03 g/cm³ 000 chk 10182
13/11/2019 21:01:00  20.44 °C  75.12 %  881.8 hPa 1.038E-03 g/cm³ 000 chk 35537
13/11/2019 21:02:00  20.46 °C  75.57 %  881.8 hPa 1.038E-03 g/cm³ 000 chk  3848
13/11/2019 21:03:00  20.50 °C  75.79 %  881.8 hPa 1.038E-03 g/cm³ 000 chk 38881
13/11/2019 21:04:00  20.53 °C  76.13 %  881.8 hPa 1.038E-03 g/cm³ 000 chk 29201
13/11/2019 21:05:00  20.55 °C  76.33 %  881.8 hPa 1.038E-03 g/cm³ 000 chk 48235
13/11/2019 21:06:00  20.58 °C  76.69 %  881.8 hPa 1.037E-03 g/cm³ 000 chk 60824
13/11/2019 21:07:00  20.61 °C  76.80 %  881.8 hPa 1.037E-03 g/cm³ 000 chk 11716
13/11/2019 21:08:00  20.64 °C  76.91 %  881.8 hPa 1.037E-03 g/cm³ 000 chk 38522
13/11/2019 21:09:00  20.66 °C  77.12 %  881.8 hPa 1.037E-03 g/cm³ 000 chk 31016
13/11/2019 21:10:00  20.68 °C  77.08 %  881.8 hPa 1.037E-03 g/cm³ 000 chk 58798
13/11/2019 21:11:00  20.70 °C  77.34 %  881.8 hPa 1.037E-03 g/cm³ 000 chk 19936
13/11/2019 21:12:00  20.72 °C  77.42 %  881.8 hPa 1.037E-03 g/cm³ 000 chk 48974
13/11/2019 21:13:00  20.74 °C  77.62 %  881.8 hPa 1.037E-03 g/cm³ 000 chk 28980
13/11/2019 21:14:00  20.75 °C  77.82 %  881.8 hPa 1.037E-03 g/cm³ 000 chk 46090
13/11/2019 21:15:00  20.77 °C  77.69 %  881.8 hPa 1.036E-03 g/cm³ 000 chk  9065
13/11/2019 21:16:00  20.79 °C  77.91 %  881.8 hPa 1.036E-03 g/cm³ 000 chk  8101
13/11/2019 21:17:00  20.80 °C  77.86 %  881.8 hPa 1.036E-03 g/cm³ 000 chk 56985
13/11/2019 21:18:00  20.82 °C  77.93 %  881.8 hPa 1.036E-03 g/cm³ 000 chk  9315
13/11/2019 21:19:00  20.83 °C  77.79 %  881.8 hPa 1.036E-03 g/cm³ 000 chk 44163
13/11/2019 21:20:00  20.84 °C  77.68 %  881.8 hPa 1.036E-03 g/cm³ 000 chk 51101
13/11/2019 21:21:00  20.85 °C  77.68 %  881.8 hPa 1.036E-03 g/cm³ 000 chk 64761
13/11/2019 21:22:00  20.87 °C  77.62 %  881.8 hPa 1.036E-03 g/cm³ 000 chk 21142
13/11/2019 21:23:00  20.87 °C  77.71 %  881.8 hPa 1.036E-03 g/cm³ 000 chk 20254
13/11/2019 21:24:00  20.88 °C  77.71 %  881.8 hPa 1.036E-03 g/cm³ 000 chk  8493
13/11/2019 21:25:00  20.89 °C  77.65 %  881.8 hPa 1.036E-03 g/cm³ 000 chk 44644
13/11/2019 21:26:00  20.91 °C  77.59 %  881.7 hPa 1.036E-03 g/cm³ 000 chk 14177
13/11/2019 21:27:00  20.92 °C  77.51 %  881.7 hPa 1.036E-03 g/cm³ 000 chk 34692
13/11/2019 21:28:00  20.93 °C  77.38 %  881.7 hPa 1.036E-03 g/cm³ 000 chk 54268
13/11/2019 21:29:00  20.94 °C  77.42 %  881.7 hPa 1.036E-03 g/cm³ 000 chk 65244
13/11/2019 21:30:00  20.95 °C  77.49 %  881.7 hPa 1.036E-03 g/cm³ 000 chk 46141
13/11/2019 21:31:00  20.95 °C  77.43 %  881.7 hPa 1.036E-03 g/cm³ 000 chk 27802
13/11/2019 21:32:00  20.96 °C  77.38 %  881.7 hPa 1.036E-03 g/cm³ 000 chk 32502
13/11/2019 21:33:00  20.97 °C  77.31 %  881.7 hPa 1.035E-03 g/cm³ 000 chk 16850
13/11/2019 21:34:00  20.97 °C  77.21 %  881.7 hPa 1.035E-03 g/cm³ 000 chk  5255
13/11/2019 21:35:00  20.98 °C  77.22 %  881.7 hPa 1.035E-03 g/cm³ 000 chk 12905
13/11/2019 21:36:00  20.99 °C  77.18 %  881.7 hPa 1.035E-03 g/cm³ 000 chk 28210
13/11/2019 21:37:00  20.99 °C  77.00 %  881.7 hPa 1.035E-03 g/cm³ 000 chk 60600
13/11/2019 21:38:00  21.00 °C  76.80 %  881.7 hPa 1.035E-03 g/cm³ 000 chk 55845
13/11/2019 21:39:00  21.00 °C  75.89 %  881.7 hPa 1.036E-03 g/cm³ 000 chk 34022
13/11/2019 21:40:00  20.99 °C  73.35 %  881.7 hPa 1.036E-03 g/cm³ 000 chk 50135
13/11/2019 21:41:00  20.98 °C  71.19 %  881.7 hPa 1.036E-03 g/cm³ 000 chk 50384
13/11/2019 21:42:00  20.95 °C  69.50 %  881.7 hPa 1.036E-03 g/cm³ 000 chk 12094
13/11/2019 21:43:00  20.92 °C  67.98 %  881.7 hPa 1.037E-03 g/cm³ 000 chk 14690
13/11/2019 21:44:00  20.88 °C  66.50 %  881.7 hPa 1.037E-03 g/cm³ 000 chk 10436
13/11/2019 21:45:00  20.82 °C  65.14 %  881.7 hPa 1.038E-03 g/cm³ 000 chk 28464
13/11/2019 21:46:00  20.76 °C  64.19 %  881.7 hPa 1.038E-03 g/cm³ 000 chk   445
13/11/2019 21:47:00  20.69 °C  63.42 %  881.7 hPa 1.038E-03 g/cm³ 000 chk 44808
13/11/2019 21:48:00  20.63 °C  62.68 %  881.7 hPa 1.039E-03 g/cm³ 000 chk 57428
13/11/2019 21:49:00  20.57 °C  62.01 %  881.7 hPa 1.039E-03 g/cm³ 000 chk 31144
13/11/2019 21:50:00  20.52 °C  61.87 %  881.7 hPa 1.039E-03 g/cm³ 000 chk 46083
13/11/2019 21:51:00  20.47 °C  61.63 %  881.6 hPa 1.039E-03 g/cm³ 000 chk 21538
13/11/2019 21:52:00  20.42 °C  60.86 %  881.6 hPa 1.039E-03 g/cm³ 000 chk 30096
13/11/2019 21:53:00  20.37 °C  60.42 %  881.6 hPa 1.040E-03 g/cm³ 000 chk 15184
13/11/2019 21:54:00  20.32 °C  60.48 %  881.6 hPa 1.040E-03 g/cm³ 000 chk 35564
13/11/2019 21:55:00  20.27 °C  60.20 %  881.6 hPa 1.040E-03 g/cm³ 000 chk 52979
13/11/2019 21:56:00  20.22 °C  60.10 %  881.6 hPa 1.040E-03 g/cm³ 000 chk 10157
13/11/2019 21:57:00  20.17 °C  59.77 %  881.6 hPa 1.041E-03 g/cm³ 000 chk 25361
13/11/2019 21:58:00  20.14 °C  59.80 %  881.6 hPa 1.041E-03 g/cm³ 000 chk 21421
13/11/2019 21:59:00  20.10 °C  59.10 %  881.6 hPa 1.041E-03 g/cm³ 000 chk 16202
13/11/2019 22:00:00  20.06 °C  59.47 %  881.6 hPa 1.041E-03 g/cm³ 000 chk  9998
13/11/2019 22:01:00  20.03 °C  60.14 %  881.6 hPa 1.041E-03 g/cm³ 000 chk 59062
13/11/2019 22:02:00  20.01 °C  60.88 %  881.6 hPa 1.041E-03 g/cm³ 000 chk 42908
13/11/2019 22:03:00  20.00 °C  62.46 %  881.6 hPa 1.041E-03 g/cm³ 000 chk 64285
13/11/2019 22:04:00  20.01 °C  64.63 %  881.6 hPa 1.041E-03 g/cm³ 000 chk  1714
13/11/2019 22:05:00  20.02 °C  66.58 %  881.6 hPa 1.040E-03 g/cm³ 000 chk 41434
13/11/2019 22:06:00  20.04 °C  68.12 %  881.6 hPa 1.040E-03 g/cm³ 000 chk 26788
13/11/2019 22:07:00  20.07 °C  69.55 %  881.6 hPa 1.040E-03 g/cm³ 000 chk 25579
13/11/2019 22:08:00  20.11 °C  70.49 %  881.6 hPa 1.040E-03 g/cm³ 000 chk 37607
13/11/2019 22:09:00  20.14 °C  71.62 %  881.6 hPa 1.039E-03 g/cm³ 000 chk 38219
13/11/2019 22:10:00  20.17 °C  72.47 %  881.7 hPa 1.039E-03 g/cm³ 000 chk 29443
13/11/2019 22:11:00  20.21 °C  73.32 %  881.7 hPa 1.039E-03 g/cm³ 000 chk 17743
13/11/2019 22:12:00  20.24 °C  73.66 %  881.7 hPa 1.039E-03 g/cm³ 000 chk 55550
13/11/2019 22:13:00  20.28 °C  74.26 %  881.7 hPa 1.039E-03 g/cm³ 000 chk 35767
13/11/2019 22:14:00  20.31 °C  74.20 %  881.7 hPa 1.039E-03 g/cm³ 000 chk 65424
13/11/2019 22:15:00  20.35 °C  74.98 %  881.7 hPa 1.038E-03 g/cm³ 000 chk 48111
13/11/2019 22:16:00  20.38 °C  75.35 %  881.7 hPa 1.038E-03 g/cm³ 000 chk 31973
13/11/2019 22:17:00  20.41 °C  75.86 %  881.7 hPa 1.038E-03 g/cm³ 000 chk 52324
13/11/2019 22:18:00  20.44 °C  76.30 %  881.7 hPa 1.038E-03 g/cm³ 000 chk 34254
13/11/2019 22:19:00  20.47 °C  76.44 %  881.7 hPa 1.038E-03 g/cm³ 000 chk 27114
13/11/2019 22:20:00  20.50 °C  76.83 %  881.7 hPa 1.038E-03 g/cm³ 000 chk 32149
13/11/2019 22:21:00  20.53 °C  76.78 %  881.7 hPa 1.037E-03 g/cm³ 000 chk 49044
13/11/2019 22:22:00  20.56 °C  76.90 %  881.7 hPa 1.037E-03 g/cm³ 000 chk 32568
13/11/2019 22:23:00  20.58 °C  77.15 %  881.7 hPa 1.037E-03 g/cm³ 000 chk 30563
13/11/2019 22:24:00  20.61 °C  77.05 %  881.7 hPa 1.037E-03 g/cm³ 000 chk 35914
13/11/2019 22:25:00  20.63 °C  77.39 %  881.7 hPa 1.037E-03 g/cm³ 000 chk 55577
13/11/2019 22:26:00  20.65 °C  77.59 %  881.6 hPa 1.037E-03 g/cm³ 000 chk 15305
13/11/2019 22:27:00  20.67 °C  77.52 %  881.6 hPa 1.037E-03 g/cm³ 000 chk 28140
13/11/2019 22:28:00  20.69 °C  77.77 %  881.6 hPa 1.036E-03 g/cm³ 000 chk 40617
13/11/2019 22:29:00  20.71 °C  77.44 %  881.6 hPa 1.036E-03 g/cm³ 000 chk 56804
13/11/2019 22:30:00  20.73 °C  77.72 %  881.6 hPa 1.036E-03 g/cm³ 000 chk  5171
13/11/2019 22:31:00  20.74 °C  77.78 %  881.6 hPa 1.036E-03 g/cm³ 000 chk 63953
13/11/2019 22:32:00  20.76 °C  77.90 %  881.5 hPa 1.036E-03 g/cm³ 000 chk 18375
13/11/2019 22:33:00  20.77 °C  77.61 %  881.5 hPa 1.036E-03 g/cm³ 000 chk 36873
13/11/2019 22:34:00  20.79 °C  77.84 %  881.5 hPa 1.036E-03 g/cm³ 000 chk 14205
13/11/2019 22:35:00  20.80 °C  77.80 %  881.5 hPa 1.036E-03 g/cm³ 000 chk 16749
13/11/2019 22:36:00  20.81 °C  78.07 %  881.5 hPa 1.036E-03 g/cm³ 000 chk 23956
13/11/2019 22:37:00  20.83 °C  78.09 %  881.5 hPa 1.036E-03 g/cm³ 000 chk 37553
13/11/2019 22:38:00  20.84 °C  78.14 %  881.5 hPa 1.036E-03 g/cm³ 000 chk 54927
13/11/2019 22:39:00  20.85 °C  78.06 %  881.5 hPa 1.036E-03 g/cm³ 000 chk 47046
13/11/2019 22:40:00  20.86 °C  77.91 %  881.5 hPa 1.036E-03 g/cm³ 000 chk 43683
13/11/2019 22:41:00  20.87 °C  77.86 %  881.5 hPa 1.036E-03 g/cm³ 000 chk 21226
13/11/2019 22:42:00  20.88 °C  77.62 %  881.5 hPa 1.036E-03 g/cm³ 000 chk 41929
13/11/2019 22:43:00  20.89 °C  77.60 %  881.5 hPa 1.036E-03 g/cm³ 000 chk   684
13/11/2019 22:44:00  20.90 °C  77.60 %  881.5 hPa 1.036E-03 g/cm³ 000 chk 39051
13/11/2019 22:45:00  20.91 °C  77.55 %  881.5 hPa 1.036E-03 g/cm³ 000 chk 15000
13/11/2019 22:46:00  20.92 °C  77.56 %  881.5 hPa 1.036E-03 g/cm³ 000 chk    52
13/11/2019 22:47:00  20.92 °C  77.45 %  881.5 hPa 1.036E-03 g/cm³ 000 chk  7612
13/11/2019 22:48:00  20.93 °C  77.00 %  881.5 hPa 1.036E-03 g/cm³ 000 chk  5532
13/11/2019 22:49:00  20.94 °C  77.11 %  881.5 hPa 1.036E-03 g/cm³ 000 chk 42832
13/11/2019 22:50:00  20.95 °C  77.11 %  881.5 hPa 1.035E-03 g/cm³ 000 chk 29680
13/11/2019 22:51:00  20.95 °C  77.14 %  881.5 hPa 1.035E-03 g/cm³ 000 chk 16468
13/11/2019 22:52:00  20.96 °C  77.18 %  881.5 hPa 1.035E-03 g/cm³ 000 chk 37371
13/11/2019 22:53:00  20.96 °C  77.02 %  881.5 hPa 1.035E-03 g/cm³ 000 chk 35184
13/11/2019 22:54:00  20.97 °C  76.97 %  881.5 hPa 1.035E-03 g/cm³ 000 chk 34192
13/11/2019 22:55:00  20.98 °C  76.97 %  881.5 hPa 1.035E-03 g/cm³ 000 chk 54398
13/11/2019 22:56:00  20.98 °C  76.76 %  881.4 hPa 1.035E-03 g/cm³ 000 chk 48707
13/11/2019 22:57:00  20.99 °C  76.75 %  881.4 hPa 1.035E-03 g/cm³ 000 chk 61991
13/11/2019 22:58:00  20.99 °C  76.76 %  881.4 hPa 1.035E-03 g/cm³ 000 chk 17778
13/11/2019 22:59:00  20.99 °C  76.60 %  881.5 hPa 1.035E-03 g/cm³ 000 chk 14510
13/11/2019 23:00:00  21.00 °C  75.49 %  881.5 hPa 1.035E-03 g/cm³ 000 chk 50138
13/11/2019 23:01:00  20.99 °C  73.16 %  881.4 hPa 1.036E-03 g/cm³ 000 chk 32003
13/11/2019 23:02:00  20.97 °C  70.69 %  881.4 hPa 1.036E-03 g/cm³ 000 chk 29568
13/11/2019 23:03:00  20.95 °C  68.82 %  881.4 hPa 1.036E-03 g/cm³ 000 chk 60764
13/11/2019 23:04:00  20.91 °C  68.13 %  881.4 hPa 1.037E-03 g/cm³ 000 chk 21414
13/11/2019 23:05:00  20.87 °C  67.64 %  881.4 hPa 1.037E-03 g/cm³ 000 chk 15979
13/11/2019 23:06:00  20.83 °C  67.23 %  881.4 hPa 1.037E-03 g/cm³ 000 chk 34102
13/11/2019 23:07:00  20.78 °C  66.64 %  881.4 hPa 1.037E-03 g/cm³ 000 chk 46860
13/11/2019 23:08:00  20.75 °C  65.99 %  881.4 hPa 1.037E-03 g/cm³ 000 chk 28446
13/11/2019 23:09:00  20.69 °C  64.68 %  881.4 hPa 1.038E-03 g/cm³ 000 chk 58587
13/11/2019 23:10:00  20.63 °C  63.55 %  881.4 hPa 1.038E-03 g/cm³ 000 chk 19536
13/11/2019 23:11:00  20.57 °C  62.02 %  881.4 hPa 1.039E-03 g/cm³ 000 chk 17156
13/11/2019 23:12:00  20.51 °C  61.70 %  881.4 hPa 1.039E-03 g/cm³ 000 chk 62090
13/11/2019 23:13:00  20.46 °C  61.49 %  881.4 hPa 1.039E-03 g/cm³ 000 chk 14478
13/11/2019 23:14:00  20.40 °C  60.60 %  881.4 hPa 1.039E-03 g/cm³ 000 chk 23606
13/11/2019 23:15:00  20.35 °C  60.71 %  881.4 hPa 1.039E-03 g/cm³ 000 chk 32397
13/11/2019 23:16:00  20.30 °C  60.32 %  881.4 hPa 1.040E-03 g/cm³ 000 chk  5274
13/11/2019 23:17:00  20.26 °C  59.74 %  881.4 hPa 1.040E-03 g/cm³ 000 chk 11996
13/11/2019 23:18:00  20.21 °C  59.50 %  881.3 hPa 1.040E-03 g/cm³ 000 chk   316
13/11/2019 23:19:00  20.16 °C  59.22 %  881.3 hPa 1.040E-03 g/cm³ 000 chk 13741
13/11/2019 23:20:00  20.13 °C  59.38 %  881.3 hPa 1.040E-03 g/cm³ 000 chk 41522
13/11/2019 23:21:00  20.08 °C  59.06 %  881.3 hPa 1.041E-03 g/cm³ 000 chk 25343
13/11/2019 23:22:00  20.05 °C  58.78 %  881.3 hPa 1.041E-03 g/cm³ 000 chk  4869
13/11/2019 23:23:00  20.02 °C  58.72 %  881.3 hPa 1.041E-03 g/cm³ 000 chk 65255
13/11/2019 23:24:00  19.98 °C  59.15 %  881.2 hPa 1.041E-03 g/cm³ 000 chk 16407
13/11/2019 23:25:00  19.96 °C  61.25 %  881.2 hPa 1.041E-03 g/cm³ 000 chk 23057
13/11/2019 23:26:00  19.96 °C  63.72 %  881.2 hPa 1.041E-03 g/cm³ 000 chk 34397
13/11/2019 23:27:00  19.98 °C  65.80 %  881.1 hPa 1.040E-03 g/cm³ 000 chk 13994
13/11/2019 23:28:00  20.00 °C  67.10 %  881.1 hPa 1.040E-03 g/cm³ 000 chk 46380
13/11/2019 23:29:00  20.03 °C  68.65 %  881.1 hPa 1.040E-03 g/cm³ 000 chk 17591
13/11/2019 23:30:00  20.05 °C  69.84 %  881.1 hPa 1.039E-03 g/cm³ 000 chk 11264
13/11/2019 23:31:00  20.09 °C  70.57 %  881.1 hPa 1.039E-03 g/cm³ 000 chk 41023
13/11/2019 23:32:00  20.12 °C  71.54 %  881.1 hPa 1.039E-03 g/cm³ 000 chk 37905
13/11/2019 23:33:00  20.15 °C  72.16 %  881.1 hPa 1.039E-03 g/cm³ 000 chk 41315
13/11/2019 23:34:00  20.19 °C  72.98 %  881.1 hPa 1.039E-03 g/cm³ 000 chk 64120
13/11/2019 23:35:00  20.22 °C  73.56 %  881.0 hPa 1.038E-03 g/cm³ 000 chk 62324
13/11/2019 23:36:00  20.25 °C  74.09 %  881.0 hPa 1.038E-03 g/cm³ 000 chk 41493
13/11/2019 23:37:00  20.29 °C  74.59 %  881.0 hPa 1.038E-03 g/cm³ 000 chk   289
13/11/2019 23:38:00  20.33 °C  74.93 %  881.0 hPa 1.038E-03 g/cm³ 000 chk 20406
13/11/2019 23:39:00  20.36 °C  75.29 %  881.0 hPa 1.037E-03 g/cm³ 000 chk 38042
13/11/2019 23:40:00  20.39 °C  75.59 %  881.0 hPa 1.037E-03 g/cm³ 000 chk 45774
13/11/2019 23:41:00  20.42 °C  75.91 %  881.0 hPa 1.037E-03 g/cm³ 000 chk 15884
13/11/2019 23:42:00  20.45 °C  75.81 %  881.0 hPa 1.037E-03 g/cm³ 000 chk 29834
13/11/2019 23:43:00  20.48 °C  76.13 %  881.0 hPa 1.037E-03 g/cm³ 000 chk 11652
13/11/2019 23:44:00  20.51 °C  76.52 %  881.0 hPa 1.037E-03 g/cm³ 000 chk 39447
13/11/2019 23:45:00  20.54 °C  76.51 %  881.0 hPa 1.037E-03 g/cm³ 000 chk  4469
13/11/2019 23:46:00  20.56 °C  76.88 %  880.9 hPa 1.036E-03 g/cm³ 000 chk 14379
13/11/2019 23:47:00  20.58 °C  76.79 %  880.9 hPa 1.036E-03 g/cm³ 000 chk  5295
13/11/2019 23:48:00  20.60 °C  77.15 %  880.9 hPa 1.036E-03 g/cm³ 000 chk 59319
13/11/2019 23:49:00  20.62 °C  77.04 %  880.9 hPa 1.036E-03 g/cm³ 000 chk   957
13/11/2019 23:50:00  20.64 °C  77.28 %  880.9 hPa 1.036E-03 g/cm³ 000 chk 48963
13/11/2019 23:51:00  20.66 °C  77.04 %  880.9 hPa 1.036E-03 g/cm³ 000 chk 10812
13/11/2019 23:52:00  20.68 °C  77.19 %  880.9 hPa 1.036E-03 g/cm³ 000 chk 20087
13/11/2019 23:53:00  20.69 °C  77.39 %  880.8 hPa 1.036E-03 g/cm³ 000 chk 19484
13/11/2019 23:54:00  20.71 °C  77.24 %  880.8 hPa 1.036E-03 g/cm³ 000 chk 63189
13/11/2019 23:55:00  20.73 °C  77.37 %  880.8 hPa 1.035E-03 g/cm³ 000 chk 35229
13/11/2019 23:56:00  20.74 °C  77.46 %  880.8 hPa 1.035E-03 g/cm³ 000 chk 12020
13/11/2019 23:57:00  20.75 °C  77.55 %  880.8 hPa 1.035E-03 g/cm³ 000 chk 41660
13/11/2019 23:58:00  20.76 °C  77.65 %  880.8 hPa 1.035E-03 g/cm³ 000 chk 37085
13/11/2019 23:59:00  20.78 °C  77.68 %  880.8 hPa 1.035E-03 g/cm³ 000 chk  8689
