10/09/2019 11:53:00  19.04 °C  63.13 %  881.0 hPa 1.044E-03 g/cm³ 000 chk 15823
10/09/2019 11:54:00  19.06 °C  63.20 %  880.9 hPa 1.044E-03 g/cm³ 000 chk 36162
10/09/2019 11:55:00  19.11 °C  62.99 %  880.9 hPa 1.044E-03 g/cm³ 000 chk  5683
10/09/2019 11:56:00  19.12 °C  62.63 %  880.9 hPa 1.044E-03 g/cm³ 000 chk 10295
10/09/2019 11:57:00  19.12 °C  63.40 %  880.9 hPa 1.044E-03 g/cm³ 000 chk 42452
10/09/2019 11:58:00  19.18 °C  63.76 %  880.9 hPa 1.043E-03 g/cm³ 000 chk  9277
10/09/2019 11:59:00  19.21 °C  64.09 %  880.9 hPa 1.043E-03 g/cm³ 000 chk 15221
10/09/2019 12:00:00  19.24 °C  64.85 %  880.9 hPa 1.043E-03 g/cm³ 000 chk 57105
10/09/2019 12:01:00  19.27 °C  65.37 %  881.0 hPa 1.043E-03 g/cm³ 000 chk 32245
10/09/2019 12:02:00  19.26 °C  65.88 %  880.9 hPa 1.043E-03 g/cm³ 000 chk 18631
10/09/2019 12:03:00  19.25 °C  66.61 %  881.0 hPa 1.043E-03 g/cm³ 000 chk  5507
10/09/2019 12:04:00  19.24 °C  66.84 %  881.0 hPa 1.043E-03 g/cm³ 000 chk 18877
10/09/2019 12:05:00  19.23 °C  67.33 %  880.9 hPa 1.043E-03 g/cm³ 000 chk 46431
10/09/2019 12:06:00  19.22 °C  67.64 %  880.9 hPa 1.043E-03 g/cm³ 000 chk 39144
10/09/2019 12:07:00  19.21 °C  67.95 %  880.9 hPa 1.043E-03 g/cm³ 000 chk 11429
10/09/2019 12:08:00  19.19 °C  68.08 %  880.9 hPa 1.043E-03 g/cm³ 000 chk 21429
10/09/2019 12:09:00  19.19 °C  68.30 %  880.9 hPa 1.043E-03 g/cm³ 000 chk  4452
10/09/2019 12:10:00  19.18 °C  68.38 %  880.9 hPa 1.043E-03 g/cm³ 000 chk 11397
10/09/2019 12:11:00  19.18 °C  68.75 %  881.0 hPa 1.043E-03 g/cm³ 000 chk  1686
10/09/2019 12:12:00  19.18 °C  68.81 %  880.9 hPa 1.043E-03 g/cm³ 000 chk 64979
10/09/2019 12:13:00  19.17 °C  68.87 %  881.0 hPa 1.043E-03 g/cm³ 000 chk 29501
10/09/2019 12:14:00  19.17 °C  68.52 %  880.9 hPa 1.043E-03 g/cm³ 000 chk 36788
10/09/2019 12:15:00  19.16 °C  67.85 %  880.9 hPa 1.043E-03 g/cm³ 000 chk 34463
10/09/2019 12:16:00  19.13 °C  67.27 %  881.0 hPa 1.043E-03 g/cm³ 000 chk 50565
10/09/2019 12:17:00  19.09 °C  66.54 %  880.9 hPa 1.043E-03 g/cm³ 000 chk 34018
10/09/2019 12:18:00  19.05 °C  65.78 %  880.8 hPa 1.044E-03 g/cm³ 000 chk  6866
10/09/2019 12:19:00  19.01 °C  65.86 %  880.8 hPa 1.044E-03 g/cm³ 000 chk 28889
10/09/2019 12:20:00  18.98 °C  65.85 %  880.9 hPa 1.044E-03 g/cm³ 000 chk 10822
10/09/2019 12:21:00  18.95 °C  65.90 %  880.8 hPa 1.044E-03 g/cm³ 000 chk 47187
10/09/2019 12:22:00  18.95 °C  66.09 %  880.8 hPa 1.044E-03 g/cm³ 000 chk 62429
10/09/2019 12:23:00  18.94 °C  66.34 %  880.8 hPa 1.044E-03 g/cm³ 000 chk 47564
10/09/2019 12:24:00  18.93 °C  66.51 %  880.8 hPa 1.044E-03 g/cm³ 000 chk 32798
10/09/2019 12:25:00  18.92 °C  66.65 %  880.7 hPa 1.044E-03 g/cm³ 000 chk 60172
10/09/2019 12:26:00  18.92 °C  67.03 %  880.7 hPa 1.044E-03 g/cm³ 000 chk 10769
10/09/2019 12:27:00  18.91 °C  67.15 %  880.7 hPa 1.044E-03 g/cm³ 000 chk 23770
10/09/2019 12:28:00  18.95 °C  67.54 %  880.7 hPa 1.044E-03 g/cm³ 000 chk 30269
10/09/2019 12:29:00  19.00 °C  67.64 %  880.8 hPa 1.044E-03 g/cm³ 000 chk 22106
10/09/2019 12:30:00  18.99 °C  67.92 %  880.8 hPa 1.044E-03 g/cm³ 000 chk 23151
10/09/2019 12:31:00  18.99 °C  68.12 %  880.8 hPa 1.044E-03 g/cm³ 000 chk 49436
10/09/2019 12:32:00  18.97 °C  68.43 %  880.8 hPa 1.044E-03 g/cm³ 000 chk 63969
10/09/2019 12:33:00  18.97 °C  68.71 %  880.8 hPa 1.044E-03 g/cm³ 000 chk 51507
10/09/2019 12:34:00  18.98 °C  68.65 %  880.7 hPa 1.043E-03 g/cm³ 000 chk 13674
10/09/2019 12:35:00  18.99 °C  68.96 %  880.7 hPa 1.043E-03 g/cm³ 000 chk 30885
10/09/2019 12:36:00  18.99 °C  68.92 %  880.7 hPa 1.043E-03 g/cm³ 000 chk 45899
10/09/2019 12:37:00  18.98 °C  67.99 %  880.6 hPa 1.043E-03 g/cm³ 000 chk  7879
10/09/2019 12:38:00  18.96 °C  67.30 %  880.6 hPa 1.044E-03 g/cm³ 000 chk 45678
10/09/2019 12:39:00  18.93 °C  66.79 %  880.6 hPa 1.044E-03 g/cm³ 000 chk  7078
10/09/2019 12:40:00  18.90 °C  65.99 %  880.5 hPa 1.044E-03 g/cm³ 000 chk 36454
10/09/2019 12:41:00  18.87 °C  65.75 %  880.5 hPa 1.044E-03 g/cm³ 000 chk  7314
10/09/2019 12:42:00  18.85 °C  65.78 %  880.5 hPa 1.044E-03 g/cm³ 000 chk 45564
10/09/2019 12:43:00  18.82 °C  65.68 %  880.5 hPa 1.044E-03 g/cm³ 000 chk 60977
10/09/2019 12:44:00  18.82 °C  67.08 %  880.5 hPa 1.044E-03 g/cm³ 000 chk  7069
10/09/2019 12:45:00  18.82 °C  68.38 %  880.5 hPa 1.044E-03 g/cm³ 000 chk 16880
10/09/2019 12:46:00  18.85 °C  68.59 %  880.5 hPa 1.044E-03 g/cm³ 000 chk  9909
10/09/2019 12:47:00  18.87 °C  68.92 %  880.4 hPa 1.044E-03 g/cm³ 000 chk 34840
10/09/2019 12:48:00  18.90 °C  68.91 %  880.4 hPa 1.043E-03 g/cm³ 000 chk 22750
10/09/2019 12:49:00  18.91 °C  68.06 %  880.3 hPa 1.043E-03 g/cm³ 000 chk  3924
10/09/2019 12:50:00  18.93 °C  67.81 %  880.3 hPa 1.043E-03 g/cm³ 000 chk  6690
10/09/2019 12:51:00  18.99 °C  66.66 %  880.3 hPa 1.043E-03 g/cm³ 000 chk 20368
10/09/2019 12:52:00  18.99 °C  65.63 %  880.4 hPa 1.043E-03 g/cm³ 000 chk 63474
10/09/2019 12:53:00  19.01 °C  64.82 %  880.4 hPa 1.043E-03 g/cm³ 000 chk 55217
10/09/2019 12:54:00  19.00 °C  64.69 %  880.3 hPa 1.043E-03 g/cm³ 000 chk 58151
10/09/2019 12:55:00  19.01 °C  64.59 %  880.3 hPa 1.043E-03 g/cm³ 000 chk 55348
10/09/2019 12:56:00  19.01 °C  64.58 %  880.3 hPa 1.043E-03 g/cm³ 000 chk 35546
10/09/2019 12:57:00  18.98 °C  64.41 %  880.2 hPa 1.043E-03 g/cm³ 000 chk 48056
10/09/2019 12:58:00  18.97 °C  64.67 %  880.2 hPa 1.043E-03 g/cm³ 000 chk 44796
10/09/2019 12:59:00  18.96 °C  65.08 %  880.2 hPa 1.043E-03 g/cm³ 000 chk 61033
10/09/2019 13:00:00  18.96 °C  65.15 %  880.1 hPa 1.043E-03 g/cm³ 000 chk 32014
10/09/2019 13:01:00  18.98 °C  65.32 %  880.2 hPa 1.043E-03 g/cm³ 000 chk 13701
10/09/2019 13:02:00  18.99 °C  65.61 %  880.1 hPa 1.043E-03 g/cm³ 000 chk 10188
10/09/2019 13:03:00  19.01 °C  65.55 %  880.1 hPa 1.043E-03 g/cm³ 000 chk 53091
10/09/2019 13:04:00  19.02 °C  65.71 %  880.1 hPa 1.043E-03 g/cm³ 000 chk  7171
10/09/2019 13:05:00  19.02 °C  65.88 %  880.0 hPa 1.043E-03 g/cm³ 000 chk 19291
10/09/2019 13:06:00  19.03 °C  65.99 %  880.1 hPa 1.043E-03 g/cm³ 000 chk 45325
10/09/2019 13:07:00  19.06 °C  66.12 %  880.0 hPa 1.043E-03 g/cm³ 000 chk  6775
10/09/2019 13:08:00  19.08 °C  66.18 %  880.0 hPa 1.042E-03 g/cm³ 000 chk 49770
10/09/2019 13:09:00  19.10 °C  66.34 %  880.0 hPa 1.042E-03 g/cm³ 000 chk 43528
10/09/2019 13:10:00  19.12 °C  66.44 %  880.0 hPa 1.042E-03 g/cm³ 000 chk 19818
10/09/2019 13:11:00  19.14 °C  66.42 %  880.0 hPa 1.042E-03 g/cm³ 000 chk 44363
10/09/2019 13:12:00  19.17 °C  66.38 %  880.0 hPa 1.042E-03 g/cm³ 000 chk 21030
10/09/2019 13:13:00  19.17 °C  66.52 %  880.0 hPa 1.042E-03 g/cm³ 000 chk 35439
10/09/2019 13:14:00  19.18 °C  66.11 %  880.1 hPa 1.042E-03 g/cm³ 000 chk 43709
10/09/2019 13:15:00  19.19 °C  65.45 %  880.1 hPa 1.042E-03 g/cm³ 000 chk  5478
10/09/2019 13:16:00  19.19 °C  65.13 %  880.1 hPa 1.042E-03 g/cm³ 000 chk 17424
10/09/2019 13:17:00  19.17 °C  64.22 %  880.0 hPa 1.042E-03 g/cm³ 000 chk     0
10/09/2019 13:18:00  19.16 °C  63.50 %  879.9 hPa 1.042E-03 g/cm³ 000 chk 24035
10/09/2019 13:19:00  19.11 °C  63.37 %  879.9 hPa 1.042E-03 g/cm³ 000 chk 49645
10/09/2019 13:20:00  19.09 °C  63.75 %  879.9 hPa 1.042E-03 g/cm³ 000 chk 30385
10/09/2019 13:21:00  19.06 °C  63.72 %  880.0 hPa 1.043E-03 g/cm³ 000 chk 17019
10/09/2019 13:22:00  19.07 °C  63.82 %  879.9 hPa 1.043E-03 g/cm³ 000 chk  2843
10/09/2019 13:23:00  19.06 °C  63.92 %  879.9 hPa 1.043E-03 g/cm³ 000 chk 61523
10/09/2019 13:24:00  19.04 °C  64.18 %  879.9 hPa 1.043E-03 g/cm³ 000 chk 34194
10/09/2019 13:25:00  19.02 °C  64.54 %  879.9 hPa 1.043E-03 g/cm³ 000 chk 55045
10/09/2019 13:26:00  19.02 °C  64.83 %  879.8 hPa 1.043E-03 g/cm³ 000 chk 21327
10/09/2019 13:27:00  19.04 °C  65.10 %  879.9 hPa 1.043E-03 g/cm³ 000 chk 16995
10/09/2019 13:28:00  19.05 °C  65.15 %  879.8 hPa 1.043E-03 g/cm³ 000 chk 29602
10/09/2019 13:29:00  19.06 °C  65.49 %  879.8 hPa 1.042E-03 g/cm³ 000 chk 46878
10/09/2019 13:30:00  19.09 °C  65.62 %  879.8 hPa 1.042E-03 g/cm³ 000 chk 22318
10/09/2019 13:31:00  19.08 °C  65.92 %  879.8 hPa 1.042E-03 g/cm³ 000 chk 28129
10/09/2019 13:32:00  19.10 °C  65.24 %  879.8 hPa 1.042E-03 g/cm³ 000 chk 25486
10/09/2019 13:33:00  19.11 °C  64.79 %  879.8 hPa 1.042E-03 g/cm³ 000 chk 47469
10/09/2019 13:34:00  19.11 °C  64.12 %  879.8 hPa 1.042E-03 g/cm³ 000 chk 46072
10/09/2019 13:35:00  19.11 °C  63.55 %  879.9 hPa 1.042E-03 g/cm³ 000 chk  5101
10/09/2019 13:36:00  19.04 °C  63.53 %  879.8 hPa 1.043E-03 g/cm³ 000 chk 48576
10/09/2019 13:37:00  19.05 °C  63.46 %  879.7 hPa 1.043E-03 g/cm³ 000 chk 64392
10/09/2019 13:38:00  19.06 °C  63.49 %  879.7 hPa 1.043E-03 g/cm³ 000 chk  8861
10/09/2019 13:39:00  19.05 °C  63.31 %  879.7 hPa 1.043E-03 g/cm³ 000 chk 21178
10/09/2019 14:06:42  20.69 °C  63.96 %  879.4 hPa 1.035E-03 g/cm³ 000 chk 16891
10/09/2019 14:07:00  20.67 °C  63.89 %  879.3 hPa 1.035E-03 g/cm³ 000 chk 31197
10/09/2019 14:08:00  20.62 °C  63.75 %  879.3 hPa 1.036E-03 g/cm³ 000 chk 29605
10/09/2019 14:09:00  20.57 °C  63.59 %  879.4 hPa 1.036E-03 g/cm³ 000 chk 19590
10/09/2019 14:10:00  20.52 °C  63.58 %  879.4 hPa 1.036E-03 g/cm³ 000 chk 45922
10/09/2019 14:11:00  20.47 °C  63.50 %  879.5 hPa 1.037E-03 g/cm³ 000 chk  3590
10/09/2019 14:12:00  20.42 °C  63.46 %  879.5 hPa 1.037E-03 g/cm³ 000 chk 51459
10/09/2019 14:13:00  20.39 °C  72.58 %  879.4 hPa 1.036E-03 g/cm³ 000 chk 51753
10/09/2019 14:14:00  20.44 °C  68.44 %  879.4 hPa 1.036E-03 g/cm³ 000 chk   263
10/09/2019 14:15:00  20.51 °C  70.94 %  879.5 hPa 1.036E-03 g/cm³ 000 chk 39982
10/09/2019 14:16:00  20.55 °C  60.01 %  879.4 hPa 1.036E-03 g/cm³ 000 chk 19527
10/09/2019 14:17:00  20.55 °C  58.14 %  879.3 hPa 1.037E-03 g/cm³ 000 chk  3067
10/09/2019 14:18:00  20.53 °C  57.98 %  879.3 hPa 1.037E-03 g/cm³ 000 chk 49919
10/09/2019 14:19:00  20.51 °C  58.18 %  879.3 hPa 1.037E-03 g/cm³ 000 chk 14863
10/09/2019 14:20:00  20.47 °C  58.27 %  879.2 hPa 1.037E-03 g/cm³ 000 chk 44877
10/09/2019 14:21:00  20.44 °C  58.37 %  879.3 hPa 1.037E-03 g/cm³ 000 chk 52946
10/09/2019 14:22:00  20.41 °C  58.54 %  879.3 hPa 1.037E-03 g/cm³ 000 chk 20501
10/09/2019 14:23:00  20.37 °C  58.85 %  879.3 hPa 1.037E-03 g/cm³ 000 chk 33073
10/09/2019 14:24:00  20.34 °C  58.83 %  879.2 hPa 1.037E-03 g/cm³ 000 chk 61791
10/09/2019 14:25:00  20.31 °C  59.23 %  879.2 hPa 1.037E-03 g/cm³ 000 chk 39955
10/09/2019 14:26:00  20.30 °C  66.06 %  879.0 hPa 1.036E-03 g/cm³ 000 chk 45827
10/09/2019 14:27:00  20.32 °C  59.87 %  879.2 hPa 1.037E-03 g/cm³ 000 chk  3624
10/09/2019 14:28:00  20.31 °C  59.45 %  879.3 hPa 1.037E-03 g/cm³ 000 chk 24247
10/09/2019 14:29:00  20.29 °C  59.70 %  879.3 hPa 1.037E-03 g/cm³ 000 chk 62458
10/09/2019 14:30:00  20.27 °C  59.88 %  879.2 hPa 1.037E-03 g/cm³ 000 chk 52654
10/09/2019 14:31:00  20.25 °C  59.92 %  879.3 hPa 1.038E-03 g/cm³ 000 chk 19389
10/09/2019 14:32:00  20.23 °C  60.15 %  879.4 hPa 1.038E-03 g/cm³ 000 chk 46678
10/09/2019 14:33:00  20.21 °C  60.48 %  879.5 hPa 1.038E-03 g/cm³ 000 chk 63422
10/09/2019 14:34:00  20.19 °C  60.67 %  879.5 hPa 1.038E-03 g/cm³ 000 chk 30243
10/09/2019 14:35:00  20.16 °C  60.84 %  879.4 hPa 1.038E-03 g/cm³ 000 chk 26654
10/09/2019 14:36:00  20.14 °C  60.78 %  879.4 hPa 1.038E-03 g/cm³ 000 chk 10714
10/09/2019 14:37:00  20.14 °C  61.04 %  879.5 hPa 1.038E-03 g/cm³ 000 chk 46839
10/09/2019 14:38:00  20.12 °C  61.12 %  879.5 hPa 1.038E-03 g/cm³ 000 chk 64523
10/09/2019 14:39:00  20.11 °C  61.15 %  879.4 hPa 1.038E-03 g/cm³ 000 chk 24249
10/09/2019 14:40:00  20.10 °C  61.24 %  879.5 hPa 1.038E-03 g/cm³ 000 chk 50823
10/09/2019 14:41:00  20.08 °C  61.27 %  879.5 hPa 1.038E-03 g/cm³ 000 chk 34237
10/09/2019 14:42:00  20.08 °C  61.50 %  879.5 hPa 1.038E-03 g/cm³ 000 chk 63889
10/09/2019 14:43:00  20.07 °C  61.49 %  879.5 hPa 1.038E-03 g/cm³ 000 chk 27984
10/09/2019 14:44:00  20.07 °C  61.54 %  879.5 hPa 1.038E-03 g/cm³ 000 chk 18695
10/09/2019 14:45:00  20.06 °C  61.63 %  879.5 hPa 1.038E-03 g/cm³ 000 chk 28949
10/09/2019 14:46:00  20.06 °C  61.74 %  879.5 hPa 1.038E-03 g/cm³ 000 chk  3543
10/09/2019 14:47:00  20.05 °C  61.69 %  879.5 hPa 1.038E-03 g/cm³ 000 chk 58398
10/09/2019 14:48:00  20.05 °C  61.77 %  879.5 hPa 1.038E-03 g/cm³ 000 chk 57957
10/09/2019 14:49:00  20.04 °C  61.84 %  879.6 hPa 1.038E-03 g/cm³ 000 chk 58453
10/09/2019 14:50:00  20.04 °C  61.76 %  879.6 hPa 1.038E-03 g/cm³ 000 chk 15324
10/09/2019 14:51:00  20.03 °C  61.78 %  879.6 hPa 1.039E-03 g/cm³ 000 chk 41726
10/09/2019 14:52:00  20.02 °C  62.03 %  879.6 hPa 1.039E-03 g/cm³ 000 chk  9014
10/09/2019 14:53:00  20.01 °C  62.23 %  879.5 hPa 1.039E-03 g/cm³ 000 chk 61557
10/09/2019 14:54:00  20.00 °C  61.89 %  879.5 hPa 1.039E-03 g/cm³ 000 chk 30682
10/09/2019 14:55:00  19.99 °C  62.05 %  879.6 hPa 1.039E-03 g/cm³ 000 chk 34977
10/09/2019 14:56:00  19.98 °C  62.01 %  879.6 hPa 1.039E-03 g/cm³ 000 chk 53903
10/09/2019 14:57:00  19.97 °C  62.04 %  879.6 hPa 1.039E-03 g/cm³ 000 chk  6753
10/09/2019 14:58:00  19.97 °C  62.01 %  879.6 hPa 1.039E-03 g/cm³ 000 chk 17204
10/09/2019 14:59:00  19.96 °C  62.17 %  879.6 hPa 1.039E-03 g/cm³ 000 chk 22140
10/09/2019 15:00:00  19.96 °C  62.11 %  879.6 hPa 1.039E-03 g/cm³ 000 chk 53706
10/09/2019 15:01:00  19.95 °C  62.19 %  879.6 hPa 1.039E-03 g/cm³ 000 chk 24879
10/09/2019 15:02:00  19.95 °C  62.01 %  879.5 hPa 1.039E-03 g/cm³ 000 chk 48401
10/09/2019 15:03:00  19.95 °C  62.10 %  879.6 hPa 1.039E-03 g/cm³ 000 chk 29031
10/09/2019 15:04:00  19.95 °C  62.09 %  879.6 hPa 1.039E-03 g/cm³ 000 chk  8497
10/09/2019 15:05:00  19.95 °C  62.19 %  879.5 hPa 1.039E-03 g/cm³ 000 chk    70
10/09/2019 15:06:00  19.96 °C  61.92 %  879.6 hPa 1.039E-03 g/cm³ 000 chk 43097
10/09/2019 15:07:00  19.96 °C  61.45 %  879.5 hPa 1.039E-03 g/cm³ 000 chk 35827
10/09/2019 15:08:00  19.96 °C  61.32 %  879.6 hPa 1.039E-03 g/cm³ 000 chk 50074
10/09/2019 15:09:00  19.96 °C  60.80 %  879.6 hPa 1.039E-03 g/cm³ 000 chk 41533
10/09/2019 15:10:00  19.95 °C  60.48 %  879.5 hPa 1.039E-03 g/cm³ 000 chk 46716
10/09/2019 15:11:00  19.95 °C  60.48 %  879.4 hPa 1.039E-03 g/cm³ 000 chk 58764
10/09/2019 15:12:00  19.95 °C  60.48 %  879.5 hPa 1.039E-03 g/cm³ 000 chk 41783
10/09/2019 15:13:00  19.95 °C  60.44 %  879.5 hPa 1.039E-03 g/cm³ 000 chk 38288
10/09/2019 15:14:00  19.94 °C  60.47 %  879.4 hPa 1.039E-03 g/cm³ 000 chk  8061
10/09/2019 15:15:00  19.94 °C  60.44 %  879.5 hPa 1.039E-03 g/cm³ 000 chk 15245
10/09/2019 15:16:00  19.94 °C  60.30 %  879.5 hPa 1.039E-03 g/cm³ 000 chk 12449
10/09/2019 15:17:00  19.94 °C  60.34 %  879.4 hPa 1.039E-03 g/cm³ 000 chk  5968
10/09/2019 15:18:00  19.94 °C  60.66 %  879.4 hPa 1.039E-03 g/cm³ 000 chk 19869
10/09/2019 15:19:00  19.94 °C  60.74 %  879.5 hPa 1.039E-03 g/cm³ 000 chk 17472
10/09/2019 15:20:00  19.94 °C  60.73 %  879.4 hPa 1.039E-03 g/cm³ 000 chk 52579
10/09/2019 15:21:00  19.94 °C  60.80 %  879.3 hPa 1.039E-03 g/cm³ 000 chk 32710
10/09/2019 15:22:00  19.94 °C  60.92 %  879.3 hPa 1.039E-03 g/cm³ 000 chk 39428
10/09/2019 15:23:00  19.94 °C  61.08 %  879.3 hPa 1.039E-03 g/cm³ 000 chk 54266
10/09/2019 15:24:00  19.94 °C  61.11 %  879.3 hPa 1.039E-03 g/cm³ 000 chk 33708
10/09/2019 15:25:00  19.94 °C  61.12 %  879.3 hPa 1.039E-03 g/cm³ 000 chk 24072
10/09/2019 15:26:00  19.94 °C  61.52 %  879.4 hPa 1.039E-03 g/cm³ 000 chk 20472
10/09/2019 15:27:00  19.94 °C  61.36 %  879.4 hPa 1.039E-03 g/cm³ 000 chk 37299
10/09/2019 15:28:00  19.94 °C  61.43 %  879.3 hPa 1.039E-03 g/cm³ 000 chk 26254
10/09/2019 15:29:00  19.94 °C  61.54 %  879.3 hPa 1.039E-03 g/cm³ 000 chk  3847
10/09/2019 15:30:00  19.95 °C  61.58 %  879.2 hPa 1.039E-03 g/cm³ 000 chk 49075
10/09/2019 15:31:00  19.96 °C  61.67 %  879.3 hPa 1.039E-03 g/cm³ 000 chk 62836
10/09/2019 15:32:00  19.95 °C  61.54 %  879.3 hPa 1.039E-03 g/cm³ 000 chk 53167
10/09/2019 15:33:00  19.96 °C  61.72 %  879.3 hPa 1.039E-03 g/cm³ 000 chk 47379
10/09/2019 15:34:00  19.96 °C  61.62 %  879.3 hPa 1.039E-03 g/cm³ 000 chk 60486
10/09/2019 15:35:00  19.97 °C  61.67 %  879.4 hPa 1.039E-03 g/cm³ 000 chk  8328
10/09/2019 15:36:00  19.96 °C  61.72 %  879.4 hPa 1.039E-03 g/cm³ 000 chk 22411
10/09/2019 15:37:00  19.96 °C  61.85 %  879.3 hPa 1.039E-03 g/cm³ 000 chk 37167
10/09/2019 15:38:00  19.97 °C  61.85 %  879.4 hPa 1.039E-03 g/cm³ 000 chk 44560
10/09/2019 15:39:00  19.97 °C  61.97 %  879.4 hPa 1.039E-03 g/cm³ 000 chk 24217
10/09/2019 15:40:00  19.98 °C  62.05 %  879.4 hPa 1.039E-03 g/cm³ 000 chk 54124
10/09/2019 15:41:00  19.99 °C  61.76 %  879.4 hPa 1.039E-03 g/cm³ 000 chk 45037
10/09/2019 15:42:00  19.99 °C  61.48 %  879.4 hPa 1.039E-03 g/cm³ 000 chk  5751
10/09/2019 15:43:00  19.98 °C  60.99 %  879.5 hPa 1.039E-03 g/cm³ 000 chk 26794
10/09/2019 15:44:00  19.97 °C  60.60 %  879.5 hPa 1.039E-03 g/cm³ 000 chk   561
10/09/2019 15:45:00  19.97 °C  60.03 %  879.4 hPa 1.039E-03 g/cm³ 000 chk  9775
10/09/2019 15:46:00  19.95 °C  59.38 %  879.4 hPa 1.039E-03 g/cm³ 000 chk 12149
10/09/2019 15:47:00  19.94 °C  59.57 %  879.4 hPa 1.039E-03 g/cm³ 000 chk 65532
10/09/2019 15:48:00  19.93 °C  59.82 %  879.5 hPa 1.039E-03 g/cm³ 000 chk 43848
10/09/2019 15:49:00  19.93 °C  60.36 %  879.5 hPa 1.039E-03 g/cm³ 000 chk 65200
10/09/2019 15:50:00  19.93 °C  60.75 %  879.5 hPa 1.039E-03 g/cm³ 000 chk  3366
10/09/2019 15:51:00  19.93 °C  60.97 %  879.5 hPa 1.039E-03 g/cm³ 000 chk 64516
10/09/2019 15:52:00  19.92 °C  60.94 %  879.5 hPa 1.039E-03 g/cm³ 000 chk 42283
10/09/2019 15:53:00  19.91 °C  60.53 %  879.5 hPa 1.039E-03 g/cm³ 000 chk 65297
10/09/2019 15:54:00  19.91 °C  60.53 %  879.6 hPa 1.039E-03 g/cm³ 000 chk  8599
10/09/2019 15:55:00  19.91 °C  60.04 %  879.5 hPa 1.039E-03 g/cm³ 000 chk 50004
10/09/2019 15:56:00  19.90 °C  59.96 %  879.4 hPa 1.039E-03 g/cm³ 000 chk 50472
10/09/2019 15:57:00  19.90 °C  60.45 %  879.4 hPa 1.039E-03 g/cm³ 000 chk 37695
10/09/2019 15:58:00  19.91 °C  61.93 %  879.3 hPa 1.039E-03 g/cm³ 000 chk  5100
10/09/2019 15:59:00  19.92 °C  62.98 %  879.3 hPa 1.039E-03 g/cm³ 000 chk  9262
10/09/2019 16:00:00  19.93 °C  64.54 %  879.3 hPa 1.038E-03 g/cm³ 000 chk 26485
10/09/2019 16:01:00  19.94 °C  65.52 %  879.2 hPa 1.038E-03 g/cm³ 000 chk 32732
10/09/2019 16:02:00  19.96 °C  65.83 %  879.2 hPa 1.038E-03 g/cm³ 000 chk 36673
10/09/2019 16:03:00  19.99 °C  67.03 %  879.2 hPa 1.038E-03 g/cm³ 000 chk 32765
10/09/2019 16:04:00  20.01 °C  68.22 %  879.2 hPa 1.038E-03 g/cm³ 000 chk  5581
10/09/2019 16:05:00  20.04 °C  69.24 %  879.2 hPa 1.037E-03 g/cm³ 000 chk 37884
10/09/2019 16:06:00  20.06 °C  70.21 %  879.2 hPa 1.037E-03 g/cm³ 000 chk 20466
10/09/2019 16:07:00  20.09 °C  70.21 %  879.2 hPa 1.037E-03 g/cm³ 000 chk  7708
10/09/2019 16:08:00  20.11 °C  71.11 %  879.1 hPa 1.037E-03 g/cm³ 000 chk 39747
10/09/2019 16:09:00  20.14 °C  71.48 %  879.1 hPa 1.037E-03 g/cm³ 000 chk 25275
10/09/2019 16:10:00  20.17 °C  72.41 %  879.1 hPa 1.036E-03 g/cm³ 000 chk  8510
10/09/2019 16:11:00  20.19 °C  72.80 %  879.2 hPa 1.036E-03 g/cm³ 000 chk 17970
10/09/2019 16:12:00  20.22 °C  73.36 %  879.1 hPa 1.036E-03 g/cm³ 000 chk 49375
10/09/2019 16:13:00  20.24 °C  73.16 %  879.1 hPa 1.036E-03 g/cm³ 000 chk  3749
10/09/2019 16:14:00  20.26 °C  73.35 %  879.0 hPa 1.036E-03 g/cm³ 000 chk 46672
10/09/2019 16:15:00  20.29 °C  73.77 %  879.0 hPa 1.036E-03 g/cm³ 000 chk 48394
10/09/2019 16:16:00  20.31 °C  73.97 %  879.0 hPa 1.036E-03 g/cm³ 000 chk 24060
10/09/2019 16:17:00  20.33 °C  74.52 %  879.0 hPa 1.035E-03 g/cm³ 000 chk 15637
10/09/2019 16:18:00  20.35 °C  74.10 %  879.0 hPa 1.035E-03 g/cm³ 000 chk   881
10/09/2019 16:19:00  20.36 °C  73.92 %  879.0 hPa 1.035E-03 g/cm³ 000 chk 12463
10/09/2019 16:20:00  20.37 °C  72.86 %  879.0 hPa 1.035E-03 g/cm³ 000 chk 63016
10/09/2019 16:21:00  20.38 °C  71.76 %  879.0 hPa 1.035E-03 g/cm³ 000 chk 22090
10/09/2019 16:22:00  20.37 °C  70.46 %  879.0 hPa 1.036E-03 g/cm³ 000 chk 33735
10/09/2019 16:23:00  20.36 °C  69.29 %  879.0 hPa 1.036E-03 g/cm³ 000 chk 51756
10/09/2019 16:24:00  20.34 °C  68.22 %  879.0 hPa 1.036E-03 g/cm³ 000 chk 13256
10/09/2019 16:25:00  20.31 °C  66.96 %  879.0 hPa 1.036E-03 g/cm³ 000 chk  6679
10/09/2019 16:26:00  20.29 °C  66.58 %  879.0 hPa 1.036E-03 g/cm³ 000 chk 15544
10/09/2019 16:27:00  20.26 °C  66.07 %  879.0 hPa 1.037E-03 g/cm³ 000 chk 34317
10/09/2019 16:28:00  20.24 °C  65.30 %  879.0 hPa 1.037E-03 g/cm³ 000 chk 54922
10/09/2019 16:29:00  20.22 °C  65.24 %  879.0 hPa 1.037E-03 g/cm³ 000 chk 27782
10/09/2019 16:30:00  20.20 °C  65.04 %  879.0 hPa 1.037E-03 g/cm³ 000 chk 35709
10/09/2019 16:31:00  20.17 °C  64.43 %  879.0 hPa 1.037E-03 g/cm³ 000 chk 46727
10/09/2019 16:32:00  20.15 °C  64.06 %  879.1 hPa 1.037E-03 g/cm³ 000 chk 51722
10/09/2019 16:33:00  20.14 °C  63.68 %  879.1 hPa 1.037E-03 g/cm³ 000 chk 51155
10/09/2019 16:34:00  20.11 °C  63.08 %  879.1 hPa 1.037E-03 g/cm³ 000 chk  1154
10/09/2019 16:35:00  20.10 °C  63.32 %  879.1 hPa 1.038E-03 g/cm³ 000 chk 18909
10/09/2019 16:36:00  20.07 °C  62.96 %  879.2 hPa 1.038E-03 g/cm³ 000 chk 15670
10/09/2019 16:37:00  20.06 °C  63.11 %  879.2 hPa 1.038E-03 g/cm³ 000 chk 21542
10/09/2019 16:38:00  20.05 °C  62.88 %  879.1 hPa 1.038E-03 g/cm³ 000 chk 47509
10/09/2019 16:39:00  20.04 °C  62.64 %  879.1 hPa 1.038E-03 g/cm³ 000 chk 57205
10/09/2019 16:40:00  20.03 °C  62.44 %  879.1 hPa 1.038E-03 g/cm³ 000 chk 14263
10/09/2019 16:41:00  20.01 °C  62.31 %  879.1 hPa 1.038E-03 g/cm³ 000 chk 42834
10/09/2019 16:42:00  20.01 °C  62.40 %  879.1 hPa 1.038E-03 g/cm³ 000 chk 13694
10/09/2019 16:43:00  20.00 °C  62.15 %  879.1 hPa 1.038E-03 g/cm³ 000 chk 38787
10/09/2019 16:44:00  19.98 °C  61.79 %  879.0 hPa 1.038E-03 g/cm³ 000 chk 46537
10/09/2019 16:45:00  19.97 °C  61.92 %  879.0 hPa 1.038E-03 g/cm³ 000 chk 47778
10/09/2019 16:46:00  19.97 °C  61.90 %  879.0 hPa 1.038E-03 g/cm³ 000 chk 40780
10/09/2019 16:47:00  19.95 °C  61.44 %  879.0 hPa 1.038E-03 g/cm³ 000 chk 58266
10/09/2019 16:48:00  19.94 °C  61.67 %  879.0 hPa 1.038E-03 g/cm³ 000 chk  1364
10/09/2019 16:49:00  19.93 °C  61.90 %  879.0 hPa 1.038E-03 g/cm³ 000 chk 38943
10/09/2019 16:50:00  19.93 °C  61.96 %  879.0 hPa 1.038E-03 g/cm³ 000 chk 12860
10/09/2019 16:51:00  19.92 °C  61.68 %  878.9 hPa 1.038E-03 g/cm³ 000 chk 16369
10/09/2019 16:52:00  19.92 °C  61.35 %  878.9 hPa 1.038E-03 g/cm³ 000 chk 61829
10/09/2019 16:53:00  19.91 °C  61.30 %  878.9 hPa 1.038E-03 g/cm³ 000 chk 12386
10/09/2019 16:54:00  19.90 °C  61.01 %  878.9 hPa 1.038E-03 g/cm³ 000 chk 55725
10/09/2019 16:55:00  19.90 °C  60.96 %  878.9 hPa 1.038E-03 g/cm³ 000 chk 57681
10/09/2019 16:56:00  19.89 °C  61.08 %  878.8 hPa 1.038E-03 g/cm³ 000 chk 16367
10/09/2019 16:57:00  19.88 °C  61.16 %  878.8 hPa 1.038E-03 g/cm³ 000 chk 49829
10/09/2019 16:58:00  19.88 °C  61.07 %  878.8 hPa 1.038E-03 g/cm³ 000 chk 12253
10/09/2019 16:59:00  19.87 °C  60.84 %  878.9 hPa 1.039E-03 g/cm³ 000 chk 41427
10/09/2019 17:00:00  19.86 °C  60.74 %  878.9 hPa 1.039E-03 g/cm³ 000 chk 22542
10/09/2019 17:01:00  19.85 °C  60.54 %  878.9 hPa 1.039E-03 g/cm³ 000 chk 49330
10/09/2019 17:02:00  19.85 °C  60.58 %  878.9 hPa 1.039E-03 g/cm³ 000 chk 58206
10/09/2019 17:03:00  19.85 °C  60.45 %  878.9 hPa 1.039E-03 g/cm³ 000 chk 63700
10/09/2019 17:04:00  19.84 °C  60.51 %  878.9 hPa 1.039E-03 g/cm³ 000 chk 18496
10/09/2019 17:05:00  19.84 °C  60.22 %  878.9 hPa 1.039E-03 g/cm³ 000 chk 21798
10/09/2019 17:06:00  19.84 °C  60.19 %  879.0 hPa 1.039E-03 g/cm³ 000 chk 17596
10/09/2019 17:07:00  19.84 °C  60.96 %  879.0 hPa 1.039E-03 g/cm³ 000 chk 50290
10/09/2019 17:08:00  19.85 °C  62.40 %  879.0 hPa 1.039E-03 g/cm³ 000 chk 55852
10/09/2019 17:09:00  19.86 °C  63.56 %  879.1 hPa 1.038E-03 g/cm³ 000 chk 50542
10/09/2019 17:10:00  19.88 °C  64.74 %  879.1 hPa 1.038E-03 g/cm³ 000 chk 33228
10/09/2019 17:11:00  19.91 °C  65.84 %  879.2 hPa 1.038E-03 g/cm³ 000 chk 65150
10/09/2019 17:12:00  19.94 °C  66.17 %  879.2 hPa 1.038E-03 g/cm³ 000 chk 37173
10/09/2019 17:13:00  19.97 °C  66.10 %  879.3 hPa 1.038E-03 g/cm³ 000 chk 13191
10/09/2019 17:14:00  20.00 °C  67.88 %  879.3 hPa 1.038E-03 g/cm³ 000 chk  1602
10/09/2019 17:15:00  20.04 °C  68.29 %  879.3 hPa 1.037E-03 g/cm³ 000 chk 29474
10/09/2019 17:16:00  20.09 °C  70.11 %  879.4 hPa 1.037E-03 g/cm³ 000 chk 56229
10/09/2019 17:17:00  20.13 °C  69.76 %  879.4 hPa 1.037E-03 g/cm³ 000 chk  5777
10/09/2019 17:18:00  20.15 °C  70.28 %  879.4 hPa 1.037E-03 g/cm³ 000 chk 60856
10/09/2019 17:19:00  20.18 °C  71.77 %  879.4 hPa 1.037E-03 g/cm³ 000 chk 42067
10/09/2019 17:20:00  20.21 °C  71.53 %  879.4 hPa 1.037E-03 g/cm³ 000 chk 52483
10/09/2019 17:21:00  20.23 °C  71.95 %  879.4 hPa 1.036E-03 g/cm³ 000 chk 60217
10/09/2019 17:22:00  20.25 °C  72.77 %  879.4 hPa 1.036E-03 g/cm³ 000 chk 23538
10/09/2019 17:23:00  20.27 °C  73.80 %  879.4 hPa 1.036E-03 g/cm³ 000 chk    99
10/09/2019 17:24:00  20.29 °C  72.92 %  879.4 hPa 1.036E-03 g/cm³ 000 chk 13729
10/09/2019 17:25:00  20.30 °C  72.04 %  879.4 hPa 1.036E-03 g/cm³ 000 chk 32542
10/09/2019 17:26:00  20.30 °C  70.40 %  879.5 hPa 1.037E-03 g/cm³ 000 chk 60907
10/09/2019 17:27:00  20.29 °C  69.04 %  879.4 hPa 1.037E-03 g/cm³ 000 chk 40083
10/09/2019 17:28:00  20.27 °C  67.61 %  879.4 hPa 1.037E-03 g/cm³ 000 chk 52992
10/09/2019 17:29:00  20.25 °C  66.51 %  879.4 hPa 1.037E-03 g/cm³ 000 chk 38476
10/09/2019 17:30:00  20.23 °C  65.77 %  879.5 hPa 1.037E-03 g/cm³ 000 chk 20930
10/09/2019 17:31:00  20.22 °C  65.47 %  879.5 hPa 1.037E-03 g/cm³ 000 chk 27345
10/09/2019 17:32:00  20.19 °C  64.48 %  879.5 hPa 1.038E-03 g/cm³ 000 chk 26513
10/09/2019 17:33:00  20.17 °C  64.07 %  879.5 hPa 1.038E-03 g/cm³ 000 chk 35849
10/09/2019 17:34:00  20.14 °C  63.23 %  879.5 hPa 1.038E-03 g/cm³ 000 chk 28472
10/09/2019 17:35:00  20.12 °C  62.65 %  879.6 hPa 1.038E-03 g/cm³ 000 chk 37967
10/09/2019 17:36:00  20.09 °C  62.49 %  879.5 hPa 1.038E-03 g/cm³ 000 chk 20698
10/09/2019 17:37:00  20.07 °C  62.36 %  879.6 hPa 1.038E-03 g/cm³ 000 chk 61642
10/09/2019 17:38:00  20.05 °C  61.98 %  879.6 hPa 1.038E-03 g/cm³ 000 chk 41995
10/09/2019 17:39:00  20.04 °C  61.69 %  879.6 hPa 1.038E-03 g/cm³ 000 chk 29637
10/09/2019 17:40:00  20.03 °C  61.40 %  879.6 hPa 1.039E-03 g/cm³ 000 chk 40645
10/09/2019 17:41:00  20.01 °C  61.35 %  879.6 hPa 1.039E-03 g/cm³ 000 chk  3616
10/09/2019 17:42:00  20.00 °C  60.82 %  879.6 hPa 1.039E-03 g/cm³ 000 chk 29196
10/09/2019 17:43:00  19.99 °C  61.21 %  879.6 hPa 1.039E-03 g/cm³ 000 chk 36331
10/09/2019 17:44:00  19.97 °C  60.79 %  879.6 hPa 1.039E-03 g/cm³ 000 chk  2719
10/09/2019 17:45:00  19.95 °C  60.63 %  879.6 hPa 1.039E-03 g/cm³ 000 chk 29079
10/09/2019 17:46:00  19.94 °C  60.68 %  879.6 hPa 1.039E-03 g/cm³ 000 chk 49338
10/09/2019 17:47:00  19.93 °C  60.49 %  879.6 hPa 1.039E-03 g/cm³ 000 chk 29185
10/09/2019 17:48:00  19.93 °C  60.95 %  879.6 hPa 1.039E-03 g/cm³ 000 chk 61351
10/09/2019 17:49:00  19.93 °C  62.02 %  879.6 hPa 1.039E-03 g/cm³ 000 chk 10108
10/09/2019 17:50:00  19.94 °C  63.15 %  879.6 hPa 1.039E-03 g/cm³ 000 chk  1323
10/09/2019 17:51:00  19.94 °C  64.57 %  879.6 hPa 1.039E-03 g/cm³ 000 chk 50538
10/09/2019 17:52:00  19.95 °C  65.62 %  879.6 hPa 1.039E-03 g/cm³ 000 chk 57902
10/09/2019 17:53:00  19.96 °C  66.95 %  879.6 hPa 1.038E-03 g/cm³ 000 chk 18565
10/09/2019 17:54:00  19.98 °C  67.24 %  879.6 hPa 1.038E-03 g/cm³ 000 chk  2933
10/09/2019 17:55:00  20.00 °C  68.20 %  879.6 hPa 1.038E-03 g/cm³ 000 chk  1987
10/09/2019 17:56:00  20.02 °C  68.81 %  879.6 hPa 1.038E-03 g/cm³ 000 chk 14236
10/09/2019 17:57:00  20.04 °C  69.41 %  879.7 hPa 1.038E-03 g/cm³ 000 chk 20777
10/09/2019 17:58:00  20.06 °C  69.67 %  879.7 hPa 1.038E-03 g/cm³ 000 chk 56484
10/09/2019 17:59:00  20.08 °C  70.95 %  879.7 hPa 1.037E-03 g/cm³ 000 chk  6669
10/09/2019 18:00:00  20.11 °C  71.12 %  879.7 hPa 1.037E-03 g/cm³ 000 chk 32238
10/09/2019 18:01:00  20.13 °C  71.37 %  879.7 hPa 1.037E-03 g/cm³ 000 chk 60818
10/09/2019 18:02:00  20.15 °C  72.67 %  879.7 hPa 1.037E-03 g/cm³ 000 chk  1606
10/09/2019 18:03:00  20.17 °C  72.45 %  879.7 hPa 1.037E-03 g/cm³ 000 chk 38203
10/09/2019 18:04:00  20.19 °C  72.83 %  879.7 hPa 1.037E-03 g/cm³ 000 chk 34068
10/09/2019 18:05:00  20.21 °C  73.50 %  879.7 hPa 1.037E-03 g/cm³ 000 chk 14048
10/09/2019 18:06:00  20.24 °C  73.33 %  879.8 hPa 1.037E-03 g/cm³ 000 chk 35879
10/09/2019 18:07:00  20.25 °C  74.09 %  879.7 hPa 1.037E-03 g/cm³ 000 chk 53606
10/09/2019 18:08:00  20.27 °C  74.23 %  879.7 hPa 1.036E-03 g/cm³ 000 chk 49193
10/09/2019 18:09:00  20.29 °C  74.32 %  879.7 hPa 1.036E-03 g/cm³ 000 chk 11562
10/09/2019 18:10:00  20.31 °C  74.30 %  879.7 hPa 1.036E-03 g/cm³ 000 chk 28054
10/09/2019 18:11:00  20.33 °C  74.57 %  879.8 hPa 1.036E-03 g/cm³ 000 chk 33630
10/09/2019 18:12:00  20.34 °C  74.90 %  879.8 hPa 1.036E-03 g/cm³ 000 chk  2857
10/09/2019 18:13:00  20.36 °C  75.19 %  879.8 hPa 1.036E-03 g/cm³ 000 chk 38520
10/09/2019 18:14:00  20.37 °C  75.11 %  879.8 hPa 1.036E-03 g/cm³ 000 chk 31427
10/09/2019 18:15:00  20.39 °C  75.01 %  879.9 hPa 1.036E-03 g/cm³ 000 chk 33685
10/09/2019 18:16:00  20.40 °C  75.52 %  879.9 hPa 1.036E-03 g/cm³ 000 chk 59352
10/09/2019 18:17:00  20.42 °C  75.71 %  879.9 hPa 1.036E-03 g/cm³ 000 chk 39332
10/09/2019 18:18:00  20.43 °C  74.51 %  879.9 hPa 1.036E-03 g/cm³ 000 chk 39030
10/09/2019 18:19:00  20.43 °C  72.78 %  879.9 hPa 1.036E-03 g/cm³ 000 chk 22471
10/09/2019 18:20:00  20.41 °C  70.79 %  879.9 hPa 1.036E-03 g/cm³ 000 chk 51720
10/09/2019 18:21:00  20.39 °C  69.28 %  879.9 hPa 1.037E-03 g/cm³ 000 chk 10604
10/09/2019 18:22:00  20.36 °C  67.87 %  879.8 hPa 1.037E-03 g/cm³ 000 chk  7694
10/09/2019 18:23:00  20.33 °C  66.64 %  879.9 hPa 1.037E-03 g/cm³ 000 chk 15779
10/09/2019 18:24:00  20.32 °C  66.24 %  879.9 hPa 1.037E-03 g/cm³ 000 chk 63919
10/09/2019 18:25:00  20.29 °C  65.03 %  879.9 hPa 1.038E-03 g/cm³ 000 chk  2276
10/09/2019 18:26:00  20.26 °C  64.66 %  879.9 hPa 1.038E-03 g/cm³ 000 chk 17843
10/09/2019 18:27:00  20.24 °C  63.68 %  879.9 hPa 1.038E-03 g/cm³ 000 chk 47815
10/09/2019 18:28:00  20.22 °C  64.10 %  879.9 hPa 1.038E-03 g/cm³ 000 chk 50822
10/09/2019 18:29:00  20.19 °C  62.70 %  879.9 hPa 1.038E-03 g/cm³ 000 chk   382
10/09/2019 18:30:00  20.16 °C  61.86 %  879.9 hPa 1.038E-03 g/cm³ 000 chk 41371
10/09/2019 18:31:00  20.13 °C  61.32 %  880.0 hPa 1.039E-03 g/cm³ 000 chk 36547
10/09/2019 18:32:00  20.10 °C  61.05 %  880.0 hPa 1.039E-03 g/cm³ 000 chk 49177
10/09/2019 18:33:00  20.08 °C  61.25 %  880.0 hPa 1.039E-03 g/cm³ 000 chk 13432
10/09/2019 18:34:00  20.06 °C  61.06 %  879.9 hPa 1.039E-03 g/cm³ 000 chk  6708
10/09/2019 18:35:00  20.04 °C  61.00 %  879.9 hPa 1.039E-03 g/cm³ 000 chk 15635
10/09/2019 18:36:00  20.01 °C  60.64 %  880.0 hPa 1.039E-03 g/cm³ 000 chk 22061
10/09/2019 18:37:00  20.00 °C  60.76 %  880.0 hPa 1.039E-03 g/cm³ 000 chk 14180
10/09/2019 18:38:00  19.99 °C  60.43 %  880.0 hPa 1.039E-03 g/cm³ 000 chk 56619
10/09/2019 18:39:00  19.98 °C  60.32 %  880.0 hPa 1.039E-03 g/cm³ 000 chk 52108
10/09/2019 18:40:00  19.97 °C  60.50 %  880.0 hPa 1.039E-03 g/cm³ 000 chk 47093
10/09/2019 18:41:00  19.95 °C  60.45 %  880.1 hPa 1.040E-03 g/cm³ 000 chk 59937
10/09/2019 18:42:00  19.95 °C  61.40 %  880.1 hPa 1.040E-03 g/cm³ 000 chk 23762
10/09/2019 18:43:00  19.95 °C  62.70 %  880.1 hPa 1.039E-03 g/cm³ 000 chk 12973
10/09/2019 18:44:00  19.95 °C  63.75 %  880.1 hPa 1.039E-03 g/cm³ 000 chk 44744
10/09/2019 18:45:00  19.96 °C  64.70 %  880.1 hPa 1.039E-03 g/cm³ 000 chk 24446
10/09/2019 18:46:00  19.97 °C  66.17 %  880.2 hPa 1.039E-03 g/cm³ 000 chk 22906
10/09/2019 18:47:00  19.99 °C  66.56 %  880.1 hPa 1.039E-03 g/cm³ 000 chk 65311
10/09/2019 18:48:00  20.00 °C  67.63 %  880.2 hPa 1.039E-03 g/cm³ 000 chk 52915
10/09/2019 18:49:00  20.02 °C  68.25 %  880.2 hPa 1.039E-03 g/cm³ 000 chk 55711
10/09/2019 18:50:00  20.04 °C  69.14 %  880.2 hPa 1.038E-03 g/cm³ 000 chk 17554
10/09/2019 18:51:00  20.06 °C  69.37 %  880.2 hPa 1.038E-03 g/cm³ 000 chk 15086
10/09/2019 18:52:00  20.08 °C  70.54 %  880.2 hPa 1.038E-03 g/cm³ 000 chk   263
10/09/2019 18:53:00  20.10 °C  71.62 %  880.3 hPa 1.038E-03 g/cm³ 000 chk 45570
10/09/2019 18:54:00  20.12 °C  71.54 %  880.3 hPa 1.038E-03 g/cm³ 000 chk 43663
10/09/2019 18:55:00  20.14 °C  72.22 %  880.3 hPa 1.038E-03 g/cm³ 000 chk 31307
10/09/2019 18:56:00  20.17 °C  72.07 %  880.4 hPa 1.038E-03 g/cm³ 000 chk    22
10/09/2019 18:57:00  20.19 °C  72.65 %  880.5 hPa 1.038E-03 g/cm³ 000 chk 41859
10/09/2019 18:58:00  20.21 °C  72.95 %  880.5 hPa 1.038E-03 g/cm³ 000 chk 24001
10/09/2019 18:59:00  20.23 °C  73.01 %  880.6 hPa 1.038E-03 g/cm³ 000 chk 14913
10/09/2019 19:00:00  20.25 °C  73.23 %  880.6 hPa 1.038E-03 g/cm³ 000 chk 44328
10/09/2019 19:01:00  20.27 °C  73.30 %  880.6 hPa 1.038E-03 g/cm³ 000 chk 54051
10/09/2019 19:02:00  20.29 °C  73.92 %  880.6 hPa 1.038E-03 g/cm³ 000 chk 40309
10/09/2019 19:03:00  20.30 °C  73.84 %  880.6 hPa 1.037E-03 g/cm³ 000 chk  4844
10/09/2019 19:04:00  20.32 °C  74.64 %  880.7 hPa 1.037E-03 g/cm³ 000 chk 60564
10/09/2019 19:05:00  20.34 °C  74.52 %  880.7 hPa 1.037E-03 g/cm³ 000 chk  3266
10/09/2019 19:06:00  20.35 °C  75.01 %  880.7 hPa 1.037E-03 g/cm³ 000 chk 50536
10/09/2019 19:07:00  20.37 °C  74.96 %  880.8 hPa 1.037E-03 g/cm³ 000 chk 47639
10/09/2019 19:08:00  20.39 °C  75.13 %  880.8 hPa 1.037E-03 g/cm³ 000 chk 55485
10/09/2019 19:09:00  20.40 °C  74.93 %  880.8 hPa 1.037E-03 g/cm³ 000 chk 36695
10/09/2019 19:10:00  20.41 °C  74.96 %  880.8 hPa 1.037E-03 g/cm³ 000 chk 50100
10/09/2019 19:11:00  20.43 °C  74.77 %  880.8 hPa 1.037E-03 g/cm³ 000 chk  9749
10/09/2019 19:12:00  20.44 °C  74.82 %  880.8 hPa 1.037E-03 g/cm³ 000 chk 13332
10/09/2019 19:13:00  20.45 °C  75.26 %  880.8 hPa 1.037E-03 g/cm³ 000 chk 59999
10/09/2019 19:14:00  20.46 °C  75.27 %  880.8 hPa 1.037E-03 g/cm³ 000 chk 24676
10/09/2019 19:15:00  20.46 °C  73.92 %  880.9 hPa 1.037E-03 g/cm³ 000 chk 52167
10/09/2019 19:16:00  20.45 °C  71.56 %  880.9 hPa 1.037E-03 g/cm³ 000 chk 37773
10/09/2019 19:17:00  20.42 °C  69.14 %  880.9 hPa 1.038E-03 g/cm³ 000 chk 23529
10/09/2019 19:18:00  20.39 °C  68.12 %  880.9 hPa 1.038E-03 g/cm³ 000 chk 10776
10/09/2019 19:19:00  20.36 °C  66.90 %  880.9 hPa 1.038E-03 g/cm³ 000 chk 16444
10/09/2019 19:20:00  20.34 °C  65.75 %  880.9 hPa 1.038E-03 g/cm³ 000 chk 63593
10/09/2019 19:21:00  20.31 °C  64.99 %  880.9 hPa 1.039E-03 g/cm³ 000 chk 51538
10/09/2019 19:22:00  20.28 °C  64.96 %  880.9 hPa 1.039E-03 g/cm³ 000 chk 37600
10/09/2019 19:23:00  20.26 °C  64.93 %  880.8 hPa 1.039E-03 g/cm³ 000 chk 12954
10/09/2019 19:24:00  20.24 °C  64.88 %  880.9 hPa 1.039E-03 g/cm³ 000 chk 25114
10/09/2019 19:25:00  20.23 °C  64.87 %  880.9 hPa 1.039E-03 g/cm³ 000 chk  5880
10/09/2019 19:26:00  20.21 °C  64.47 %  880.9 hPa 1.039E-03 g/cm³ 000 chk 52040
10/09/2019 19:27:00  20.19 °C  64.33 %  880.9 hPa 1.039E-03 g/cm³ 000 chk 60051
10/09/2019 19:28:00  20.17 °C  63.04 %  880.9 hPa 1.039E-03 g/cm³ 000 chk 29547
10/09/2019 19:29:00  20.14 °C  61.99 %  880.9 hPa 1.040E-03 g/cm³ 000 chk  3963
10/09/2019 19:30:00  20.12 °C  61.21 %  881.0 hPa 1.040E-03 g/cm³ 000 chk 63425
10/09/2019 19:31:00  20.10 °C  61.19 %  881.0 hPa 1.040E-03 g/cm³ 000 chk 54931
10/09/2019 19:32:00  20.08 °C  60.86 %  881.0 hPa 1.040E-03 g/cm³ 000 chk 36280
10/09/2019 19:33:00  20.06 °C  60.77 %  881.1 hPa 1.040E-03 g/cm³ 000 chk 22632
10/09/2019 19:34:00  20.04 °C  60.68 %  881.1 hPa 1.040E-03 g/cm³ 000 chk 34237
10/09/2019 19:35:00  20.03 °C  61.13 %  881.1 hPa 1.040E-03 g/cm³ 000 chk 54656
10/09/2019 19:36:00  20.03 °C  62.36 %  881.1 hPa 1.040E-03 g/cm³ 000 chk 49939
10/09/2019 19:37:00  20.03 °C  63.46 %  881.1 hPa 1.040E-03 g/cm³ 000 chk 14697
10/09/2019 19:38:00  20.03 °C  64.63 %  881.1 hPa 1.040E-03 g/cm³ 000 chk 36918
10/09/2019 19:39:00  20.04 °C  65.51 %  881.1 hPa 1.040E-03 g/cm³ 000 chk  1469
10/09/2019 19:40:00  20.05 °C  66.70 %  881.1 hPa 1.040E-03 g/cm³ 000 chk 21724
10/09/2019 19:41:00  20.06 °C  67.47 %  881.1 hPa 1.040E-03 g/cm³ 000 chk 40785
10/09/2019 19:42:00  20.07 °C  67.90 %  881.1 hPa 1.040E-03 g/cm³ 000 chk 29583
10/09/2019 19:43:00  20.09 °C  68.77 %  881.1 hPa 1.039E-03 g/cm³ 000 chk 46354
10/09/2019 19:44:00  20.11 °C  69.49 %  881.1 hPa 1.039E-03 g/cm³ 000 chk 10396
10/09/2019 19:45:00  20.13 °C  70.12 %  881.1 hPa 1.039E-03 g/cm³ 000 chk 59202
10/09/2019 19:46:00  20.14 °C  71.07 %  881.1 hPa 1.039E-03 g/cm³ 000 chk 42200
10/09/2019 19:47:00  20.16 °C  71.06 %  881.1 hPa 1.039E-03 g/cm³ 000 chk 33022
10/09/2019 19:48:00  20.18 °C  71.37 %  881.1 hPa 1.039E-03 g/cm³ 000 chk 51031
10/09/2019 19:49:00  20.20 °C  72.07 %  881.1 hPa 1.039E-03 g/cm³ 000 chk 41503
10/09/2019 19:50:00  20.22 °C  72.14 %  881.0 hPa 1.038E-03 g/cm³ 000 chk 51974
10/09/2019 19:51:00  20.24 °C  72.96 %  881.0 hPa 1.038E-03 g/cm³ 000 chk 40527
10/09/2019 19:52:00  20.26 °C  73.14 %  881.0 hPa 1.038E-03 g/cm³ 000 chk 35159
10/09/2019 19:53:00  20.28 °C  73.27 %  881.0 hPa 1.038E-03 g/cm³ 000 chk 15886
10/09/2019 19:54:00  20.29 °C  73.30 %  881.1 hPa 1.038E-03 g/cm³ 000 chk   206
10/09/2019 19:55:00  20.31 °C  73.79 %  881.1 hPa 1.038E-03 g/cm³ 000 chk 61762
10/09/2019 19:56:00  20.33 °C  73.90 %  881.1 hPa 1.038E-03 g/cm³ 000 chk 59818
10/09/2019 19:57:00  20.35 °C  73.85 %  881.1 hPa 1.038E-03 g/cm³ 000 chk 48807
10/09/2019 19:58:00  20.36 °C  74.30 %  881.1 hPa 1.038E-03 g/cm³ 000 chk 58622
10/09/2019 19:59:00  20.38 °C  74.69 %  881.1 hPa 1.038E-03 g/cm³ 000 chk  8522
10/09/2019 20:00:00  20.39 °C  74.70 %  881.1 hPa 1.037E-03 g/cm³ 000 chk 45479
10/09/2019 20:01:00  20.40 °C  74.50 %  881.1 hPa 1.037E-03 g/cm³ 000 chk 30563
10/09/2019 20:02:00  20.42 °C  75.10 %  881.1 hPa 1.037E-03 g/cm³ 000 chk 64422
10/09/2019 20:03:00  20.43 °C  75.34 %  881.1 hPa 1.037E-03 g/cm³ 000 chk 29848
10/09/2019 20:04:00  20.44 °C  74.84 %  881.1 hPa 1.037E-03 g/cm³ 000 chk 34214
10/09/2019 20:05:00  20.45 °C  75.12 %  881.1 hPa 1.037E-03 g/cm³ 000 chk 49563
10/09/2019 20:06:00  20.46 °C  73.90 %  881.1 hPa 1.037E-03 g/cm³ 000 chk 30482
10/09/2019 20:07:00  20.45 °C  71.96 %  881.1 hPa 1.038E-03 g/cm³ 000 chk 42369
10/09/2019 20:08:00  20.43 °C  69.62 %  881.0 hPa 1.038E-03 g/cm³ 000 chk 17617
10/09/2019 20:09:00  20.40 °C  68.38 %  881.0 hPa 1.038E-03 g/cm³ 000 chk 65200
10/09/2019 20:10:00  20.38 °C  67.60 %  881.0 hPa 1.038E-03 g/cm³ 000 chk 40781
10/09/2019 20:11:00  20.35 °C  66.24 %  880.9 hPa 1.038E-03 g/cm³ 000 chk 47240
10/09/2019 20:12:00  20.32 °C  65.73 %  880.9 hPa 1.039E-03 g/cm³ 000 chk 49500
10/09/2019 20:13:00  20.30 °C  64.83 %  880.9 hPa 1.039E-03 g/cm³ 000 chk 39372
10/09/2019 20:14:00  20.27 °C  64.22 %  880.9 hPa 1.039E-03 g/cm³ 000 chk 34130
10/09/2019 20:15:00  20.25 °C  63.42 %  880.9 hPa 1.039E-03 g/cm³ 000 chk 31946
10/09/2019 20:16:00  20.22 °C  62.98 %  880.9 hPa 1.039E-03 g/cm³ 000 chk 54671
10/09/2019 20:17:00  20.20 °C  62.55 %  880.8 hPa 1.039E-03 g/cm³ 000 chk 38178
10/09/2019 20:18:00  20.17 °C  62.18 %  880.8 hPa 1.039E-03 g/cm³ 000 chk  8246
10/09/2019 20:19:00  20.15 °C  61.15 %  880.9 hPa 1.040E-03 g/cm³ 000 chk 42475
10/09/2019 20:20:00  20.13 °C  60.57 %  880.9 hPa 1.040E-03 g/cm³ 000 chk 47280
10/09/2019 20:21:00  20.11 °C  60.87 %  880.8 hPa 1.040E-03 g/cm³ 000 chk 18739
10/09/2019 20:22:00  20.09 °C  60.55 %  880.8 hPa 1.040E-03 g/cm³ 000 chk 13235
10/09/2019 20:23:00  20.07 °C  60.11 %  880.8 hPa 1.040E-03 g/cm³ 000 chk 18217
10/09/2019 20:24:00  20.06 °C  61.45 %  880.8 hPa 1.040E-03 g/cm³ 000 chk 42772
10/09/2019 20:25:00  20.05 °C  62.54 %  880.8 hPa 1.040E-03 g/cm³ 000 chk  8953
10/09/2019 20:26:00  20.05 °C  63.64 %  880.7 hPa 1.040E-03 g/cm³ 000 chk 10621
10/09/2019 20:27:00  20.06 °C  64.69 %  880.8 hPa 1.039E-03 g/cm³ 000 chk  8258
10/09/2019 20:28:00  20.06 °C  65.56 %  880.8 hPa 1.039E-03 g/cm³ 000 chk 39807
10/09/2019 20:29:00  20.07 °C  66.54 %  880.8 hPa 1.039E-03 g/cm³ 000 chk 51773
10/09/2019 20:30:00  20.08 °C  67.26 %  880.8 hPa 1.039E-03 g/cm³ 000 chk 49035
10/09/2019 20:31:00  20.10 °C  68.20 %  880.8 hPa 1.039E-03 g/cm³ 000 chk 38159
10/09/2019 20:32:00  20.11 °C  68.99 %  880.9 hPa 1.039E-03 g/cm³ 000 chk 34409
10/09/2019 20:33:00  20.13 °C  69.36 %  880.9 hPa 1.039E-03 g/cm³ 000 chk 13667
10/09/2019 20:34:00  20.14 °C  69.96 %  880.9 hPa 1.039E-03 g/cm³ 000 chk 37997
10/09/2019 20:35:00  20.16 °C  70.45 %  880.9 hPa 1.039E-03 g/cm³ 000 chk 29400
10/09/2019 20:36:00  20.18 °C  71.14 %  880.9 hPa 1.039E-03 g/cm³ 000 chk 55865
10/09/2019 20:37:00  20.20 °C  71.42 %  881.0 hPa 1.039E-03 g/cm³ 000 chk 37048
10/09/2019 20:38:00  20.22 °C  71.82 %  881.0 hPa 1.038E-03 g/cm³ 000 chk 12915
10/09/2019 20:39:00  20.24 °C  71.89 %  881.0 hPa 1.038E-03 g/cm³ 000 chk 41808
10/09/2019 20:40:00  20.25 °C  72.87 %  881.1 hPa 1.038E-03 g/cm³ 000 chk  8253
10/09/2019 20:41:00  20.27 °C  72.54 %  881.1 hPa 1.038E-03 g/cm³ 000 chk 24554
10/09/2019 20:42:00  20.29 °C  72.91 %  881.1 hPa 1.038E-03 g/cm³ 000 chk  4691
10/09/2019 20:43:00  20.31 °C  73.59 %  881.1 hPa 1.038E-03 g/cm³ 000 chk 24491
10/09/2019 20:44:00  20.33 °C  73.33 %  881.1 hPa 1.038E-03 g/cm³ 000 chk 56252
10/09/2019 20:45:00  20.34 °C  73.31 %  881.1 hPa 1.038E-03 g/cm³ 000 chk 56924
10/09/2019 20:46:00  20.35 °C  73.52 %  881.1 hPa 1.038E-03 g/cm³ 000 chk 34717
10/09/2019 20:47:00  20.37 °C  73.74 %  881.1 hPa 1.038E-03 g/cm³ 000 chk 24801
10/09/2019 20:48:00  20.38 °C  74.29 %  881.1 hPa 1.038E-03 g/cm³ 000 chk  6708
10/09/2019 20:49:00  20.40 °C  74.29 %  881.2 hPa 1.038E-03 g/cm³ 000 chk 50836
10/09/2019 20:50:00  20.41 °C  74.07 %  881.2 hPa 1.038E-03 g/cm³ 000 chk 54574
10/09/2019 20:51:00  20.42 °C  74.38 %  881.2 hPa 1.038E-03 g/cm³ 000 chk 26301
10/09/2019 20:52:00  20.44 °C  74.40 %  881.1 hPa 1.037E-03 g/cm³ 000 chk  6823
10/09/2019 20:53:00  20.45 °C  74.19 %  881.2 hPa 1.037E-03 g/cm³ 000 chk 28582
10/09/2019 20:54:00  20.46 °C  74.67 %  881.2 hPa 1.037E-03 g/cm³ 000 chk 52828
10/09/2019 20:55:00  20.47 °C  74.41 %  881.2 hPa 1.037E-03 g/cm³ 000 chk 56163
10/09/2019 20:56:00  20.48 °C  74.07 %  881.2 hPa 1.037E-03 g/cm³ 000 chk 45427
10/09/2019 20:57:00  20.48 °C  73.06 %  881.2 hPa 1.037E-03 g/cm³ 000 chk 50823
10/09/2019 20:58:00  20.48 °C  72.04 %  881.2 hPa 1.038E-03 g/cm³ 000 chk  2176
10/09/2019 20:59:00  20.47 °C  70.67 %  881.3 hPa 1.038E-03 g/cm³ 000 chk 47087
10/09/2019 21:00:00  20.45 °C  69.47 %  881.3 hPa 1.038E-03 g/cm³ 000 chk 58595
10/09/2019 21:01:00  20.43 °C  68.58 %  881.3 hPa 1.038E-03 g/cm³ 000 chk 20977
10/09/2019 21:02:00  20.41 °C  67.00 %  881.3 hPa 1.038E-03 g/cm³ 000 chk 38328
10/09/2019 21:03:00  20.38 °C  65.59 %  881.3 hPa 1.039E-03 g/cm³ 000 chk 63047
10/09/2019 21:04:00  20.35 °C  64.51 %  881.2 hPa 1.039E-03 g/cm³ 000 chk 31421
10/09/2019 21:05:00  20.32 °C  63.95 %  881.2 hPa 1.039E-03 g/cm³ 000 chk 41168
10/09/2019 21:06:00  20.29 °C  63.27 %  881.2 hPa 1.039E-03 g/cm³ 000 chk 10493
10/09/2019 21:07:00  20.26 °C  62.75 %  881.2 hPa 1.040E-03 g/cm³ 000 chk 18204
10/09/2019 21:08:00  20.23 °C  62.21 %  881.2 hPa 1.040E-03 g/cm³ 000 chk 42263
10/09/2019 21:09:00  20.20 °C  61.74 %  881.1 hPa 1.040E-03 g/cm³ 000 chk 57265
10/09/2019 21:10:00  20.18 °C  61.38 %  881.1 hPa 1.040E-03 g/cm³ 000 chk 63640
10/09/2019 21:11:00  20.16 °C  60.78 %  881.2 hPa 1.040E-03 g/cm³ 000 chk  9184
10/09/2019 21:12:00  20.13 °C  60.15 %  881.3 hPa 1.040E-03 g/cm³ 000 chk 17009
10/09/2019 21:13:00  20.11 °C  60.42 %  881.3 hPa 1.040E-03 g/cm³ 000 chk 35022
10/09/2019 21:14:00  20.08 °C  59.28 %  881.4 hPa 1.041E-03 g/cm³ 000 chk 17452
10/09/2019 21:15:00  20.07 °C  60.41 %  881.4 hPa 1.041E-03 g/cm³ 000 chk 23148
10/09/2019 21:16:00  20.06 °C  61.46 %  881.3 hPa 1.040E-03 g/cm³ 000 chk 35125
10/09/2019 21:17:00  20.05 °C  62.64 %  881.4 hPa 1.040E-03 g/cm³ 000 chk  5381
10/09/2019 21:18:00  20.05 °C  63.72 %  881.3 hPa 1.040E-03 g/cm³ 000 chk  1482
10/09/2019 21:19:00  20.06 °C  64.80 %  881.3 hPa 1.040E-03 g/cm³ 000 chk 63190
10/09/2019 21:20:00  20.06 °C  65.65 %  881.3 hPa 1.040E-03 g/cm³ 000 chk 19771
10/09/2019 21:21:00  20.08 °C  66.51 %  881.2 hPa 1.040E-03 g/cm³ 000 chk 61456
10/09/2019 21:22:00  20.09 °C  67.46 %  881.3 hPa 1.040E-03 g/cm³ 000 chk 29786
10/09/2019 21:23:00  20.11 °C  68.10 %  881.3 hPa 1.040E-03 g/cm³ 000 chk 24135
10/09/2019 21:24:00  20.12 °C  69.06 %  881.3 hPa 1.039E-03 g/cm³ 000 chk 46022
10/09/2019 21:25:00  20.14 °C  69.50 %  881.4 hPa 1.039E-03 g/cm³ 000 chk 15828
10/09/2019 21:26:00  20.16 °C  69.83 %  881.4 hPa 1.039E-03 g/cm³ 000 chk 22344
10/09/2019 21:27:00  20.18 °C  70.20 %  881.4 hPa 1.039E-03 g/cm³ 000 chk 30774
10/09/2019 21:28:00  20.20 °C  71.05 %  881.4 hPa 1.039E-03 g/cm³ 000 chk 20120
10/09/2019 21:29:00  20.22 °C  71.25 %  881.4 hPa 1.039E-03 g/cm³ 000 chk 18404
10/09/2019 21:30:00  20.24 °C  71.54 %  881.4 hPa 1.039E-03 g/cm³ 000 chk 35457
10/09/2019 21:31:00  20.25 °C  71.91 %  881.4 hPa 1.039E-03 g/cm³ 000 chk 10553
10/09/2019 21:32:00  20.27 °C  72.38 %  881.4 hPa 1.039E-03 g/cm³ 000 chk   323
10/09/2019 21:33:00  20.29 °C  72.63 %  881.3 hPa 1.038E-03 g/cm³ 000 chk 12445
10/09/2019 21:34:00  20.31 °C  72.54 %  881.3 hPa 1.038E-03 g/cm³ 000 chk 14348
10/09/2019 21:35:00  20.32 °C  72.72 %  881.3 hPa 1.038E-03 g/cm³ 000 chk 20144
10/09/2019 21:36:00  20.34 °C  73.16 %  881.3 hPa 1.038E-03 g/cm³ 000 chk 45353
10/09/2019 21:37:00  20.35 °C  73.86 %  881.3 hPa 1.038E-03 g/cm³ 000 chk 35592
10/09/2019 21:38:00  20.37 °C  73.75 %  881.3 hPa 1.038E-03 g/cm³ 000 chk 24181
10/09/2019 21:39:00  20.38 °C  73.90 %  881.3 hPa 1.038E-03 g/cm³ 000 chk 22300
10/09/2019 21:40:00  20.40 °C  73.98 %  881.4 hPa 1.038E-03 g/cm³ 000 chk 61843
10/09/2019 21:41:00  20.41 °C  74.20 %  881.4 hPa 1.038E-03 g/cm³ 000 chk 54202
10/09/2019 21:42:00  20.43 °C  74.28 %  881.4 hPa 1.038E-03 g/cm³ 000 chk 59348
10/09/2019 21:43:00  20.44 °C  74.53 %  881.4 hPa 1.038E-03 g/cm³ 000 chk 10229
10/09/2019 21:44:00  20.45 °C  74.37 %  881.3 hPa 1.038E-03 g/cm³ 000 chk 14601
10/09/2019 21:45:00  20.46 °C  74.46 %  881.3 hPa 1.037E-03 g/cm³ 000 chk 18530
10/09/2019 21:46:00  20.47 °C  74.32 %  881.3 hPa 1.037E-03 g/cm³ 000 chk 53902
10/09/2019 21:47:00  20.48 °C  74.52 %  881.3 hPa 1.037E-03 g/cm³ 000 chk 33678
10/09/2019 21:48:00  20.49 °C  73.24 %  881.4 hPa 1.038E-03 g/cm³ 000 chk 42605
10/09/2019 21:49:00  20.48 °C  70.71 %  881.4 hPa 1.038E-03 g/cm³ 000 chk 62647
10/09/2019 21:50:00  20.45 °C  68.57 %  881.4 hPa 1.038E-03 g/cm³ 000 chk  3960
10/09/2019 21:51:00  20.42 °C  67.69 %  881.4 hPa 1.038E-03 g/cm³ 000 chk 26194
10/09/2019 21:52:00  20.39 °C  66.12 %  881.4 hPa 1.039E-03 g/cm³ 000 chk 55576
10/09/2019 21:53:00  20.36 °C  65.15 %  881.4 hPa 1.039E-03 g/cm³ 000 chk 31696
10/09/2019 21:54:00  20.33 °C  64.28 %  881.4 hPa 1.039E-03 g/cm³ 000 chk 22790
10/09/2019 21:55:00  20.29 °C  63.51 %  881.3 hPa 1.039E-03 g/cm³ 000 chk 38277
10/09/2019 21:56:00  20.27 °C  62.86 %  881.4 hPa 1.040E-03 g/cm³ 000 chk 18476
10/09/2019 21:57:00  20.24 °C  62.06 %  881.4 hPa 1.040E-03 g/cm³ 000 chk 53666
10/09/2019 21:58:00  20.21 °C  61.71 %  881.4 hPa 1.040E-03 g/cm³ 000 chk 29909
10/09/2019 21:59:00  20.19 °C  62.45 %  881.4 hPa 1.040E-03 g/cm³ 000 chk 26012
10/09/2019 22:00:00  20.17 °C  62.45 %  881.5 hPa 1.040E-03 g/cm³ 000 chk  6538
10/09/2019 22:01:00  20.16 °C  62.68 %  881.5 hPa 1.040E-03 g/cm³ 000 chk 37815
10/09/2019 22:02:00  20.15 °C  62.90 %  881.5 hPa 1.040E-03 g/cm³ 000 chk 14258
10/09/2019 22:03:00  20.13 °C  62.14 %  881.5 hPa 1.040E-03 g/cm³ 000 chk 36091
10/09/2019 22:04:00  20.12 °C  61.65 %  881.5 hPa 1.040E-03 g/cm³ 000 chk 21926
10/09/2019 22:05:00  20.10 °C  61.07 %  881.5 hPa 1.041E-03 g/cm³ 000 chk  1711
10/09/2019 22:06:00  20.09 °C  60.45 %  881.5 hPa 1.041E-03 g/cm³ 000 chk 31926
10/09/2019 22:07:00  20.06 °C  59.56 %  881.5 hPa 1.041E-03 g/cm³ 000 chk 53303
10/09/2019 22:08:00  20.05 °C  60.19 %  881.5 hPa 1.041E-03 g/cm³ 000 chk 33748
10/09/2019 22:09:00  20.04 °C  60.88 %  881.5 hPa 1.041E-03 g/cm³ 000 chk 21748
10/09/2019 22:10:00  20.04 °C  62.01 %  881.5 hPa 1.041E-03 g/cm³ 000 chk 46214
10/09/2019 22:11:00  20.04 °C  63.05 %  881.4 hPa 1.040E-03 g/cm³ 000 chk   938
10/09/2019 22:12:00  20.04 °C  64.21 %  881.4 hPa 1.040E-03 g/cm³ 000 chk 14414
10/09/2019 22:13:00  20.05 °C  65.14 %  881.5 hPa 1.040E-03 g/cm³ 000 chk 62229
10/09/2019 22:14:00  20.05 °C  66.04 %  881.5 hPa 1.040E-03 g/cm³ 000 chk 22119
10/09/2019 22:15:00  20.07 °C  66.84 %  881.5 hPa 1.040E-03 g/cm³ 000 chk 24105
10/09/2019 22:16:00  20.08 °C  67.33 %  881.5 hPa 1.040E-03 g/cm³ 000 chk 18575
10/09/2019 22:17:00  20.10 °C  68.27 %  881.4 hPa 1.040E-03 g/cm³ 000 chk 49522
10/09/2019 22:18:00  20.12 °C  68.62 %  881.4 hPa 1.040E-03 g/cm³ 000 chk 15121
10/09/2019 22:19:00  20.14 °C  69.59 %  881.3 hPa 1.039E-03 g/cm³ 000 chk 24696
10/09/2019 22:20:00  20.16 °C  69.64 %  881.3 hPa 1.039E-03 g/cm³ 000 chk   504
10/09/2019 22:21:00  20.17 °C  70.55 %  881.3 hPa 1.039E-03 g/cm³ 000 chk 20104
10/09/2019 22:22:00  20.19 °C  71.01 %  881.2 hPa 1.039E-03 g/cm³ 000 chk 34365
10/09/2019 22:23:00  20.21 °C  71.01 %  881.2 hPa 1.039E-03 g/cm³ 000 chk  4901
10/09/2019 22:24:00  20.23 °C  71.77 %  881.2 hPa 1.039E-03 g/cm³ 000 chk 51997
10/09/2019 22:25:00  20.25 °C  71.47 %  881.2 hPa 1.039E-03 g/cm³ 000 chk 50507
10/09/2019 22:26:00  20.27 °C  71.94 %  881.2 hPa 1.038E-03 g/cm³ 000 chk 44822
10/09/2019 22:27:00  20.29 °C  72.32 %  881.1 hPa 1.038E-03 g/cm³ 000 chk 15314
10/09/2019 22:28:00  20.31 °C  72.62 %  881.1 hPa 1.038E-03 g/cm³ 000 chk 25984
10/09/2019 22:29:00  20.32 °C  72.66 %  881.1 hPa 1.038E-03 g/cm³ 000 chk 18790
10/09/2019 22:30:00  20.34 °C  73.07 %  881.2 hPa 1.038E-03 g/cm³ 000 chk 40908
10/09/2019 22:31:00  20.35 °C  73.18 %  881.1 hPa 1.038E-03 g/cm³ 000 chk 50296
10/09/2019 22:32:00  20.37 °C  73.05 %  881.2 hPa 1.038E-03 g/cm³ 000 chk 58053
10/09/2019 22:33:00  20.38 °C  73.66 %  881.2 hPa 1.038E-03 g/cm³ 000 chk 50373
10/09/2019 22:34:00  20.40 °C  73.84 %  881.2 hPa 1.038E-03 g/cm³ 000 chk 14273
10/09/2019 22:35:00  20.41 °C  73.66 %  881.2 hPa 1.038E-03 g/cm³ 000 chk 22307
10/09/2019 22:36:00  20.42 °C  73.97 %  881.2 hPa 1.038E-03 g/cm³ 000 chk 63013
10/09/2019 22:37:00  20.44 °C  73.73 %  881.2 hPa 1.038E-03 g/cm³ 000 chk 19842
10/09/2019 22:38:00  20.45 °C  74.20 %  881.2 hPa 1.037E-03 g/cm³ 000 chk 24464
10/09/2019 22:39:00  20.45 °C  74.05 %  881.3 hPa 1.038E-03 g/cm³ 000 chk 20852
10/09/2019 22:40:00  20.46 °C  74.47 %  881.3 hPa 1.037E-03 g/cm³ 000 chk 57360
10/09/2019 22:41:00  20.47 °C  74.38 %  881.3 hPa 1.037E-03 g/cm³ 000 chk 61621
10/09/2019 22:42:00  20.48 °C  74.24 %  881.3 hPa 1.037E-03 g/cm³ 000 chk 59455
10/09/2019 22:43:00  20.49 °C  74.09 %  881.3 hPa 1.037E-03 g/cm³ 000 chk 25090
10/09/2019 22:44:00  20.50 °C  72.79 %  881.2 hPa 1.037E-03 g/cm³ 000 chk 25086
10/09/2019 22:45:00  20.49 °C  71.23 %  881.2 hPa 1.038E-03 g/cm³ 000 chk 17142
10/09/2019 22:46:00  20.47 °C  69.29 %  881.2 hPa 1.038E-03 g/cm³ 000 chk 60654
10/09/2019 22:47:00  20.45 °C  67.28 %  881.2 hPa 1.038E-03 g/cm³ 000 chk 43114
10/09/2019 22:48:00  20.41 °C  65.37 %  881.2 hPa 1.039E-03 g/cm³ 000 chk 58604
10/09/2019 22:49:00  20.37 °C  64.82 %  881.2 hPa 1.039E-03 g/cm³ 000 chk 53563
10/09/2019 22:50:00  20.34 °C  64.02 %  881.2 hPa 1.039E-03 g/cm³ 000 chk 42546
10/09/2019 22:51:00  20.32 °C  63.50 %  881.2 hPa 1.039E-03 g/cm³ 000 chk   730
10/09/2019 22:52:00  20.29 °C  62.74 %  881.2 hPa 1.039E-03 g/cm³ 000 chk 62894
10/09/2019 22:53:00  20.26 °C  61.18 %  881.2 hPa 1.040E-03 g/cm³ 000 chk 64513
10/09/2019 22:54:00  20.23 °C  62.01 %  881.2 hPa 1.040E-03 g/cm³ 000 chk  2742
10/09/2019 22:55:00  20.20 °C  60.94 %  881.2 hPa 1.040E-03 g/cm³ 000 chk 43567
10/09/2019 22:56:00  20.18 °C  61.13 %  881.1 hPa 1.040E-03 g/cm³ 000 chk 13303
10/09/2019 22:57:00  20.15 °C  60.67 %  881.1 hPa 1.040E-03 g/cm³ 000 chk  9541
10/09/2019 22:58:00  20.13 °C  59.48 %  881.1 hPa 1.040E-03 g/cm³ 000 chk  8334
10/09/2019 22:59:00  20.10 °C  59.88 %  881.1 hPa 1.040E-03 g/cm³ 000 chk 31157
10/09/2019 23:00:00  20.08 °C  59.23 %  881.0 hPa 1.040E-03 g/cm³ 000 chk 59897
10/09/2019 23:01:00  20.06 °C  59.82 %  881.0 hPa 1.040E-03 g/cm³ 000 chk 50660
10/09/2019 23:02:00  20.05 °C  60.95 %  881.0 hPa 1.040E-03 g/cm³ 000 chk   294
10/09/2019 23:03:00  20.05 °C  62.09 %  880.9 hPa 1.040E-03 g/cm³ 000 chk 26623
10/09/2019 23:04:00  20.05 °C  63.27 %  880.9 hPa 1.040E-03 g/cm³ 000 chk 42179
10/09/2019 23:05:00  20.05 °C  64.17 %  880.9 hPa 1.040E-03 g/cm³ 000 chk 15937
10/09/2019 23:06:00  20.06 °C  65.12 %  880.9 hPa 1.040E-03 g/cm³ 000 chk 31473
10/09/2019 23:07:00  20.07 °C  65.97 %  880.9 hPa 1.039E-03 g/cm³ 000 chk 11639
10/09/2019 23:08:00  20.09 °C  66.66 %  880.9 hPa 1.039E-03 g/cm³ 000 chk 39717
10/09/2019 23:09:00  20.10 °C  67.14 %  880.9 hPa 1.039E-03 g/cm³ 000 chk 62464
10/09/2019 23:10:00  20.12 °C  68.15 %  880.9 hPa 1.039E-03 g/cm³ 000 chk 52767
10/09/2019 23:11:00  20.13 °C  68.45 %  881.0 hPa 1.039E-03 g/cm³ 000 chk 50402
10/09/2019 23:12:00  20.15 °C  68.65 %  881.0 hPa 1.039E-03 g/cm³ 000 chk  8147
10/09/2019 23:13:00  20.17 °C  69.15 %  881.0 hPa 1.039E-03 g/cm³ 000 chk 34346
10/09/2019 23:14:00  20.18 °C  70.08 %  880.9 hPa 1.039E-03 g/cm³ 000 chk 61781
10/09/2019 23:15:00  20.20 °C  70.23 %  880.9 hPa 1.039E-03 g/cm³ 000 chk 15124
10/09/2019 23:16:00  20.22 °C  70.62 %  880.9 hPa 1.038E-03 g/cm³ 000 chk 51725
10/09/2019 23:17:00  20.24 °C  70.73 %  880.9 hPa 1.038E-03 g/cm³ 000 chk 59649
10/09/2019 23:18:00  20.25 °C  71.21 %  880.9 hPa 1.038E-03 g/cm³ 000 chk 45584
10/09/2019 23:19:00  20.27 °C  71.80 %  880.8 hPa 1.038E-03 g/cm³ 000 chk 28240
10/09/2019 23:20:00  20.29 °C  72.28 %  880.8 hPa 1.038E-03 g/cm³ 000 chk 28347
10/09/2019 23:21:00  20.30 °C  72.29 %  880.8 hPa 1.038E-03 g/cm³ 000 chk  9792
10/09/2019 23:22:00  20.32 °C  72.41 %  880.8 hPa 1.038E-03 g/cm³ 000 chk  4800
10/09/2019 23:23:00  20.33 °C  72.52 %  880.8 hPa 1.038E-03 g/cm³ 000 chk 40584
10/09/2019 23:24:00  20.35 °C  72.86 %  880.8 hPa 1.037E-03 g/cm³ 000 chk  7882
10/09/2019 23:25:00  20.36 °C  73.09 %  880.7 hPa 1.037E-03 g/cm³ 000 chk 55387
10/09/2019 23:26:00  20.37 °C  73.00 %  880.8 hPa 1.037E-03 g/cm³ 000 chk 55159
10/09/2019 23:27:00  20.38 °C  73.23 %  880.7 hPa 1.037E-03 g/cm³ 000 chk  5570
10/09/2019 23:28:00  20.40 °C  73.47 %  880.8 hPa 1.037E-03 g/cm³ 000 chk 47235
10/09/2019 23:29:00  20.41 °C  73.42 %  880.8 hPa 1.037E-03 g/cm³ 000 chk  6887
10/09/2019 23:30:00  20.42 °C  73.52 %  880.8 hPa 1.037E-03 g/cm³ 000 chk 27819
10/09/2019 23:31:00  20.43 °C  73.45 %  880.8 hPa 1.037E-03 g/cm³ 000 chk 38114
10/09/2019 23:32:00  20.45 °C  73.36 %  880.8 hPa 1.037E-03 g/cm³ 000 chk 14410
10/09/2019 23:33:00  20.45 °C  73.41 %  880.8 hPa 1.037E-03 g/cm³ 000 chk 20781
10/09/2019 23:34:00  20.46 °C  73.58 %  880.7 hPa 1.037E-03 g/cm³ 000 chk 55096
10/09/2019 23:35:00  20.48 °C  73.60 %  880.7 hPa 1.037E-03 g/cm³ 000 chk 65379
10/09/2019 23:36:00  20.49 °C  73.44 %  880.7 hPa 1.037E-03 g/cm³ 000 chk 25878
10/09/2019 23:37:00  20.49 °C  73.76 %  880.7 hPa 1.037E-03 g/cm³ 000 chk 21956
10/09/2019 23:38:00  20.51 °C  73.69 %  880.7 hPa 1.037E-03 g/cm³ 000 chk  8224
10/09/2019 23:39:00  20.51 °C  73.51 %  880.6 hPa 1.037E-03 g/cm³ 000 chk 39845
10/09/2019 23:40:00  20.52 °C  73.27 %  880.6 hPa 1.037E-03 g/cm³ 000 chk 23288
10/09/2019 23:41:00  20.52 °C  71.85 %  880.6 hPa 1.037E-03 g/cm³ 000 chk  2900
10/09/2019 23:42:00  20.51 °C  70.10 %  880.6 hPa 1.037E-03 g/cm³ 000 chk 20129
10/09/2019 23:43:00  20.49 °C  68.63 %  880.5 hPa 1.037E-03 g/cm³ 000 chk 36824
10/09/2019 23:44:00  20.46 °C  66.58 %  880.5 hPa 1.037E-03 g/cm³ 000 chk  7740
10/09/2019 23:45:00  20.44 °C  66.42 %  880.5 hPa 1.037E-03 g/cm³ 000 chk 25908
10/09/2019 23:46:00  20.41 °C  64.86 %  880.5 hPa 1.038E-03 g/cm³ 000 chk 40372
10/09/2019 23:47:00  20.38 °C  64.18 %  880.6 hPa 1.038E-03 g/cm³ 000 chk 55187
10/09/2019 23:48:00  20.34 °C  62.78 %  880.6 hPa 1.038E-03 g/cm³ 000 chk 48748
10/09/2019 23:49:00  20.31 °C  62.91 %  880.6 hPa 1.039E-03 g/cm³ 000 chk 34379
10/09/2019 23:50:00  20.28 °C  61.82 %  880.6 hPa 1.039E-03 g/cm³ 000 chk 35389
10/09/2019 23:51:00  20.25 °C  61.69 %  880.6 hPa 1.039E-03 g/cm³ 000 chk 59093
10/09/2019 23:52:00  20.23 °C  61.40 %  880.6 hPa 1.039E-03 g/cm³ 000 chk 14567
10/09/2019 23:53:00  20.19 °C  60.48 %  880.5 hPa 1.039E-03 g/cm³ 000 chk 64925
10/09/2019 23:54:00  20.17 °C  59.82 %  880.5 hPa 1.039E-03 g/cm³ 000 chk 15346
10/09/2019 23:55:00  20.15 °C  59.79 %  880.5 hPa 1.039E-03 g/cm³ 000 chk 27772
10/09/2019 23:56:00  20.13 °C  59.23 %  880.5 hPa 1.040E-03 g/cm³ 000 chk 12551
10/09/2019 23:57:00  20.11 °C  59.53 %  880.5 hPa 1.040E-03 g/cm³ 000 chk 14562
10/09/2019 23:58:00  20.10 °C  60.04 %  880.5 hPa 1.040E-03 g/cm³ 000 chk  8364
10/09/2019 23:59:00  20.09 °C  61.11 %  880.5 hPa 1.039E-03 g/cm³ 000 chk 30957
