18/12/2019  9:07:55  20.36 °C  61.08 %  879.6 hPa 1.037E-03 g/cm³ 000 chk 62562
18/12/2019  9:08:00  20.36 °C  61.12 %  879.6 hPa 1.037E-03 g/cm³ 000 chk 49928
18/12/2019  9:09:00  20.36 °C  60.85 %  879.6 hPa 1.037E-03 g/cm³ 000 chk 64500
18/12/2019  9:10:00  20.34 °C  60.70 %  879.6 hPa 1.037E-03 g/cm³ 000 chk 17663
18/12/2019  9:11:00  20.33 °C  60.61 %  879.7 hPa 1.038E-03 g/cm³ 000 chk  2856
18/12/2019  9:12:00  20.31 °C  60.37 %  879.7 hPa 1.038E-03 g/cm³ 000 chk 14813
18/12/2019  9:13:00  20.29 °C  60.14 %  879.7 hPa 1.038E-03 g/cm³ 000 chk 47804
18/12/2019  9:14:00  20.27 °C  60.13 %  879.7 hPa 1.038E-03 g/cm³ 000 chk 17998
18/12/2019  9:15:00  20.26 °C  60.24 %  879.7 hPa 1.038E-03 g/cm³ 000 chk 32348
18/12/2019  9:16:00  20.24 °C  60.32 %  879.7 hPa 1.038E-03 g/cm³ 000 chk 35868
18/12/2019  9:17:00  20.22 °C  60.20 %  879.6 hPa 1.038E-03 g/cm³ 000 chk  8516
18/12/2019  9:18:00  20.22 °C  60.33 %  879.6 hPa 1.038E-03 g/cm³ 000 chk 22077
18/12/2019  9:19:00  20.20 °C  60.25 %  879.6 hPa 1.038E-03 g/cm³ 000 chk 45366
18/12/2019  9:20:00  20.19 °C  60.17 %  879.7 hPa 1.038E-03 g/cm³ 000 chk  3870
18/12/2019  9:21:00  20.18 °C  60.14 %  879.6 hPa 1.038E-03 g/cm³ 000 chk 47662
18/12/2019  9:22:00  20.16 °C  60.15 %  879.6 hPa 1.038E-03 g/cm³ 000 chk 33354
18/12/2019  9:23:00  20.16 °C  60.41 %  879.6 hPa 1.038E-03 g/cm³ 000 chk 23670
18/12/2019  9:24:00  20.16 °C  60.55 %  879.6 hPa 1.038E-03 g/cm³ 000 chk 32034
18/12/2019  9:25:00  20.15 °C  60.26 %  879.6 hPa 1.038E-03 g/cm³ 000 chk 37383
18/12/2019  9:26:00  20.14 °C  60.26 %  879.6 hPa 1.038E-03 g/cm³ 000 chk 48168
18/12/2019  9:27:00  20.14 °C  60.72 %  879.6 hPa 1.038E-03 g/cm³ 000 chk 25108
18/12/2019  9:28:00  20.14 °C  60.34 %  879.6 hPa 1.038E-03 g/cm³ 000 chk 36084
18/12/2019  9:29:00  20.13 °C  60.51 %  879.6 hPa 1.038E-03 g/cm³ 000 chk 35579
18/12/2019  9:30:00  20.13 °C  60.46 %  879.6 hPa 1.038E-03 g/cm³ 000 chk  3573
18/12/2019  9:31:00  20.12 °C  60.62 %  879.6 hPa 1.038E-03 g/cm³ 000 chk 33483
18/12/2019  9:32:00  20.12 °C  60.26 %  879.5 hPa 1.038E-03 g/cm³ 000 chk 49775
18/12/2019  9:33:00  20.12 °C  60.38 %  879.5 hPa 1.038E-03 g/cm³ 000 chk 44773
18/12/2019  9:34:00  20.11 °C  60.33 %  879.5 hPa 1.038E-03 g/cm³ 000 chk 22237
18/12/2019  9:35:00  20.12 °C  60.37 %  879.5 hPa 1.038E-03 g/cm³ 000 chk 31291
18/12/2019  9:36:00  20.12 °C  60.52 %  879.5 hPa 1.038E-03 g/cm³ 000 chk 23610
18/12/2019  9:37:00  20.13 °C  60.18 %  879.5 hPa 1.038E-03 g/cm³ 000 chk 54760
18/12/2019  9:38:00  20.12 °C  60.26 %  879.5 hPa 1.038E-03 g/cm³ 000 chk 33288
18/12/2019  9:39:00  20.12 °C  60.23 %  879.5 hPa 1.038E-03 g/cm³ 000 chk 45484
18/12/2019  9:40:00  20.12 °C  60.13 %  879.5 hPa 1.038E-03 g/cm³ 000 chk 44039
18/12/2019  9:41:00  20.12 °C  60.23 %  879.5 hPa 1.038E-03 g/cm³ 000 chk  1748
18/12/2019  9:42:00  20.11 °C  60.20 %  879.5 hPa 1.038E-03 g/cm³ 000 chk 15480
18/12/2019  9:43:00  20.12 °C  60.42 %  879.5 hPa 1.038E-03 g/cm³ 000 chk 65136
18/12/2019  9:44:00  20.13 °C  60.27 %  879.4 hPa 1.038E-03 g/cm³ 000 chk 39539
18/12/2019  9:45:00  20.14 °C  60.71 %  879.5 hPa 1.038E-03 g/cm³ 000 chk  4703
18/12/2019  9:46:00  20.13 °C  60.35 %  879.5 hPa 1.038E-03 g/cm³ 000 chk 11329
18/12/2019  9:47:00  20.14 °C  60.24 %  879.5 hPa 1.038E-03 g/cm³ 000 chk 40589
18/12/2019  9:48:00  20.14 °C  60.25 %  879.5 hPa 1.038E-03 g/cm³ 000 chk 46041
18/12/2019  9:49:00  20.14 °C  60.49 %  879.4 hPa 1.038E-03 g/cm³ 000 chk 31940
18/12/2019  9:50:00  20.14 °C  60.31 %  879.5 hPa 1.038E-03 g/cm³ 000 chk 59763
18/12/2019  9:51:00  20.14 °C  60.36 %  879.4 hPa 1.038E-03 g/cm³ 000 chk 47490
18/12/2019  9:52:00  20.14 °C  60.10 %  879.4 hPa 1.038E-03 g/cm³ 000 chk 10294
18/12/2019  9:53:00  20.14 °C  60.50 %  879.4 hPa 1.038E-03 g/cm³ 000 chk 16935
18/12/2019  9:54:00  20.14 °C  60.58 %  879.4 hPa 1.038E-03 g/cm³ 000 chk 16220
18/12/2019  9:55:00  20.14 °C  60.55 %  879.4 hPa 1.038E-03 g/cm³ 000 chk 58618
18/12/2019  9:56:00  20.15 °C  60.48 %  879.4 hPa 1.038E-03 g/cm³ 000 chk 31739
18/12/2019  9:57:00  20.15 °C  60.49 %  879.4 hPa 1.038E-03 g/cm³ 000 chk 15454
18/12/2019  9:58:00  20.15 °C  60.58 %  879.4 hPa 1.038E-03 g/cm³ 000 chk 53542
18/12/2019  9:59:00  20.15 °C  60.58 %  879.3 hPa 1.038E-03 g/cm³ 000 chk  5416
18/12/2019 10:00:00  20.15 °C  60.72 %  879.3 hPa 1.038E-03 g/cm³ 000 chk  1800
18/12/2019 10:01:00  20.14 °C  60.71 %  879.3 hPa 1.038E-03 g/cm³ 000 chk 19308
18/12/2019 10:02:00  20.14 °C  60.55 %  879.3 hPa 1.038E-03 g/cm³ 000 chk 16601
18/12/2019 10:03:00  20.14 °C  60.54 %  879.3 hPa 1.038E-03 g/cm³ 000 chk  1916
18/12/2019 10:04:00  20.13 °C  60.14 %  879.3 hPa 1.038E-03 g/cm³ 000 chk 26613
18/12/2019 10:05:00  20.13 °C  60.40 %  879.3 hPa 1.038E-03 g/cm³ 000 chk 47561
18/12/2019 10:06:00  20.13 °C  60.12 %  879.2 hPa 1.038E-03 g/cm³ 000 chk 26090
18/12/2019 10:07:00  20.13 °C  60.35 %  879.2 hPa 1.038E-03 g/cm³ 000 chk  3092
18/12/2019 10:08:00  20.13 °C  60.71 %  879.2 hPa 1.038E-03 g/cm³ 000 chk 30965
18/12/2019 10:09:00  20.12 °C  60.81 %  879.2 hPa 1.038E-03 g/cm³ 000 chk 16954
18/12/2019 10:10:00  20.12 °C  60.72 %  879.2 hPa 1.038E-03 g/cm³ 000 chk 28850
18/12/2019 10:11:00  20.11 °C  60.25 %  879.2 hPa 1.038E-03 g/cm³ 000 chk 11213
18/12/2019 10:12:00  20.11 °C  60.14 %  879.2 hPa 1.038E-03 g/cm³ 000 chk 31060
18/12/2019 10:13:00  20.11 °C  60.20 %  879.1 hPa 1.038E-03 g/cm³ 000 chk 60537
18/12/2019 10:14:00  20.11 °C  60.30 %  879.2 hPa 1.038E-03 g/cm³ 000 chk 62163
18/12/2019 10:15:00  20.12 °C  60.39 %  879.1 hPa 1.038E-03 g/cm³ 000 chk 58568
18/12/2019 10:16:00  20.12 °C  60.30 %  879.2 hPa 1.038E-03 g/cm³ 000 chk  5595
18/12/2019 10:17:00  20.12 °C  60.23 %  879.2 hPa 1.038E-03 g/cm³ 000 chk  2131
18/12/2019 10:18:00  20.12 °C  60.34 %  879.1 hPa 1.038E-03 g/cm³ 000 chk 16596
18/12/2019 10:19:00  20.13 °C  60.81 %  879.1 hPa 1.038E-03 g/cm³ 000 chk  9134
18/12/2019 10:20:00  20.13 °C  60.87 %  879.1 hPa 1.038E-03 g/cm³ 000 chk 48856
18/12/2019 10:21:00  20.13 °C  60.68 %  879.1 hPa 1.038E-03 g/cm³ 000 chk 16120
18/12/2019 10:22:00  20.13 °C  60.68 %  879.1 hPa 1.038E-03 g/cm³ 000 chk 33047
18/12/2019 10:23:00  20.12 °C  60.64 %  879.1 hPa 1.038E-03 g/cm³ 000 chk  9840
18/12/2019 10:24:00  20.11 °C  60.42 %  879.1 hPa 1.038E-03 g/cm³ 000 chk 28433
18/12/2019 10:25:00  20.12 °C  60.82 %  879.1 hPa 1.038E-03 g/cm³ 000 chk 13866
18/12/2019 10:26:00  20.14 °C  60.36 %  879.1 hPa 1.038E-03 g/cm³ 000 chk 39007
18/12/2019 10:27:00  20.14 °C  60.62 %  879.0 hPa 1.038E-03 g/cm³ 000 chk 48951
18/12/2019 10:28:00  20.16 °C  60.63 %  879.0 hPa 1.037E-03 g/cm³ 000 chk 62895
18/12/2019 10:29:00  20.17 °C  60.87 %  879.0 hPa 1.037E-03 g/cm³ 000 chk 31565
18/12/2019 10:30:00  20.17 °C  60.39 %  879.0 hPa 1.037E-03 g/cm³ 000 chk 63602
18/12/2019 10:31:00  20.17 °C  60.21 %  879.0 hPa 1.037E-03 g/cm³ 000 chk 31480
18/12/2019 10:32:00  20.17 °C  60.50 %  879.0 hPa 1.037E-03 g/cm³ 000 chk 59604
18/12/2019 10:33:00  20.16 °C  60.70 %  879.0 hPa 1.037E-03 g/cm³ 000 chk  5099
18/12/2019 10:34:00  20.15 °C  60.67 %  878.8 hPa 1.037E-03 g/cm³ 000 chk 32680
18/12/2019 10:35:00  20.15 °C  60.12 %  878.9 hPa 1.037E-03 g/cm³ 000 chk 30106
18/12/2019 10:36:00  20.14 °C  60.46 %  878.9 hPa 1.037E-03 g/cm³ 000 chk 12077
18/12/2019 10:37:00  20.13 °C  60.04 %  878.9 hPa 1.038E-03 g/cm³ 000 chk 60983
18/12/2019 10:38:00  20.12 °C  60.25 %  878.9 hPa 1.038E-03 g/cm³ 000 chk 37624
18/12/2019 10:39:00  20.12 °C  60.44 %  878.9 hPa 1.038E-03 g/cm³ 000 chk 54707
18/12/2019 10:40:00  20.11 °C  60.34 %  878.9 hPa 1.038E-03 g/cm³ 000 chk 64238
18/12/2019 10:41:00  20.10 °C  60.37 %  878.8 hPa 1.037E-03 g/cm³ 000 chk 19345
18/12/2019 10:42:00  20.09 °C  60.37 %  878.8 hPa 1.038E-03 g/cm³ 000 chk 65391
18/12/2019 10:43:00  20.07 °C  60.31 %  878.8 hPa 1.038E-03 g/cm³ 000 chk 53569
18/12/2019 10:44:00  20.08 °C  60.46 %  878.8 hPa 1.038E-03 g/cm³ 000 chk 31921
18/12/2019 10:45:00  20.07 °C  60.29 %  878.8 hPa 1.038E-03 g/cm³ 000 chk 50866
18/12/2019 10:46:00  20.07 °C  60.66 %  878.8 hPa 1.038E-03 g/cm³ 000 chk 21227
18/12/2019 10:47:00  20.08 °C  61.00 %  878.8 hPa 1.037E-03 g/cm³ 000 chk 31160
18/12/2019 10:48:00  20.08 °C  60.84 %  878.8 hPa 1.037E-03 g/cm³ 000 chk 40089
18/12/2019 10:49:00  20.09 °C  60.92 %  878.7 hPa 1.037E-03 g/cm³ 000 chk 44497
18/12/2019 10:50:00  20.09 °C  60.86 %  878.7 hPa 1.037E-03 g/cm³ 000 chk 24031
18/12/2019 10:51:00  20.10 °C  60.88 %  878.7 hPa 1.037E-03 g/cm³ 000 chk 65063
18/12/2019 10:52:00  20.10 °C  60.81 %  878.7 hPa 1.037E-03 g/cm³ 000 chk 17611
18/12/2019 10:53:00  20.11 °C  60.64 %  878.7 hPa 1.037E-03 g/cm³ 000 chk 10024
18/12/2019 10:54:00  20.11 °C  61.01 %  878.7 hPa 1.037E-03 g/cm³ 000 chk 48035
18/12/2019 10:55:00  20.11 °C  61.38 %  878.6 hPa 1.037E-03 g/cm³ 000 chk 60711
18/12/2019 10:56:00  20.11 °C  61.23 %  878.6 hPa 1.037E-03 g/cm³ 000 chk  3558
18/12/2019 10:57:00  20.11 °C  61.27 %  878.6 hPa 1.037E-03 g/cm³ 000 chk 54083
18/12/2019 10:58:00  20.12 °C  61.32 %  878.6 hPa 1.037E-03 g/cm³ 000 chk 47225
18/12/2019 10:59:00  20.13 °C  61.54 %  878.6 hPa 1.037E-03 g/cm³ 000 chk 28147
18/12/2019 11:00:00  20.14 °C  61.09 %  878.6 hPa 1.037E-03 g/cm³ 000 chk 16539
18/12/2019 11:01:00  20.15 °C  61.45 %  878.6 hPa 1.037E-03 g/cm³ 000 chk 10057
18/12/2019 11:02:00  20.15 °C  61.53 %  878.5 hPa 1.037E-03 g/cm³ 000 chk 64885
18/12/2019 11:03:00  20.16 °C  61.40 %  878.5 hPa 1.037E-03 g/cm³ 000 chk  4798
18/12/2019 11:04:00  20.16 °C  61.22 %  878.5 hPa 1.037E-03 g/cm³ 000 chk  7464
18/12/2019 11:05:00  20.17 °C  61.37 %  878.5 hPa 1.037E-03 g/cm³ 000 chk 32608
18/12/2019 11:06:00  20.17 °C  61.26 %  878.5 hPa 1.037E-03 g/cm³ 000 chk 60834
18/12/2019 11:07:00  20.17 °C  61.36 %  878.5 hPa 1.037E-03 g/cm³ 000 chk 34602
18/12/2019 11:08:00  20.18 °C  61.25 %  878.5 hPa 1.037E-03 g/cm³ 000 chk  2841
18/12/2019 11:09:00  20.19 °C  61.40 %  878.4 hPa 1.037E-03 g/cm³ 000 chk 20679
18/12/2019 11:10:00  20.18 °C  61.70 %  878.5 hPa 1.037E-03 g/cm³ 000 chk 31751
18/12/2019 11:11:00  20.18 °C  61.95 %  878.4 hPa 1.037E-03 g/cm³ 000 chk 30576
18/12/2019 11:12:00  20.18 °C  61.67 %  878.4 hPa 1.037E-03 g/cm³ 000 chk 21301
18/12/2019 11:13:00  20.18 °C  61.46 %  878.5 hPa 1.037E-03 g/cm³ 000 chk 11679
18/12/2019 11:14:00  20.19 °C  61.53 %  878.4 hPa 1.037E-03 g/cm³ 000 chk 35166
18/12/2019 11:15:00  20.20 °C  62.08 %  878.4 hPa 1.036E-03 g/cm³ 000 chk 58107
18/12/2019 11:16:00  20.20 °C  62.14 %  878.4 hPa 1.036E-03 g/cm³ 000 chk   315
18/12/2019 11:17:00  20.20 °C  62.38 %  878.4 hPa 1.036E-03 g/cm³ 000 chk 63431
18/12/2019 11:18:00  20.20 °C  62.40 %  878.4 hPa 1.036E-03 g/cm³ 000 chk  8018
18/12/2019 11:19:00  20.21 °C  62.30 %  878.3 hPa 1.036E-03 g/cm³ 000 chk 35422
18/12/2019 11:20:00  20.22 °C  62.67 %  878.3 hPa 1.036E-03 g/cm³ 000 chk  2291
18/12/2019 11:21:00  20.22 °C  62.25 %  878.3 hPa 1.036E-03 g/cm³ 000 chk 63715
18/12/2019 11:22:00  20.23 °C  61.99 %  878.4 hPa 1.036E-03 g/cm³ 000 chk  5468
18/12/2019 11:23:00  20.25 °C  61.85 %  878.3 hPa 1.036E-03 g/cm³ 000 chk 10744
18/12/2019 11:24:00  20.27 °C  61.93 %  878.3 hPa 1.036E-03 g/cm³ 000 chk 61742
18/12/2019 11:25:00  20.28 °C  61.81 %  878.4 hPa 1.036E-03 g/cm³ 000 chk 37959
18/12/2019 11:26:00  20.30 °C  62.07 %  878.3 hPa 1.036E-03 g/cm³ 000 chk  1234
18/12/2019 11:27:00  20.31 °C  61.70 %  878.3 hPa 1.036E-03 g/cm³ 000 chk  3154
18/12/2019 11:28:00  20.32 °C  61.62 %  878.3 hPa 1.036E-03 g/cm³ 000 chk 25705
18/12/2019 11:29:00  20.32 °C  62.00 %  878.2 hPa 1.036E-03 g/cm³ 000 chk 23889
18/12/2019 11:30:00  20.33 °C  61.91 %  878.2 hPa 1.036E-03 g/cm³ 000 chk 38097
18/12/2019 11:31:00  20.34 °C  61.79 %  878.2 hPa 1.036E-03 g/cm³ 000 chk  8885
18/12/2019 11:32:00  20.35 °C  61.60 %  878.2 hPa 1.036E-03 g/cm³ 000 chk 51637
18/12/2019 11:33:00  20.36 °C  61.39 %  878.2 hPa 1.036E-03 g/cm³ 000 chk 38088
18/12/2019 11:34:00  20.37 °C  61.79 %  878.2 hPa 1.036E-03 g/cm³ 000 chk 20676
18/12/2019 11:35:00  20.37 °C  61.91 %  878.2 hPa 1.035E-03 g/cm³ 000 chk 53926
18/12/2019 11:36:00  20.37 °C  61.93 %  878.1 hPa 1.035E-03 g/cm³ 000 chk 48311
18/12/2019 11:37:00  20.38 °C  62.15 %  878.0 hPa 1.035E-03 g/cm³ 000 chk 52035
18/12/2019 11:38:00  20.38 °C  61.95 %  878.0 hPa 1.035E-03 g/cm³ 000 chk 14936
18/12/2019 11:39:00  20.37 °C  61.48 %  878.0 hPa 1.035E-03 g/cm³ 000 chk 56132
18/12/2019 11:40:00  20.37 °C  61.40 %  878.0 hPa 1.035E-03 g/cm³ 000 chk 11930
18/12/2019 11:41:00  20.36 °C  61.40 %  878.0 hPa 1.035E-03 g/cm³ 000 chk  5630
18/12/2019 11:42:00  20.35 °C  61.35 %  878.0 hPa 1.035E-03 g/cm³ 000 chk   400
18/12/2019 11:43:00  20.33 °C  61.18 %  878.0 hPa 1.035E-03 g/cm³ 000 chk 48872
18/12/2019 11:44:00  20.32 °C  61.21 %  878.0 hPa 1.036E-03 g/cm³ 000 chk 48742
18/12/2019 11:45:00  20.32 °C  60.71 %  878.0 hPa 1.036E-03 g/cm³ 000 chk 33863
18/12/2019 11:46:00  20.30 °C  60.12 %  878.0 hPa 1.036E-03 g/cm³ 000 chk 12229
18/12/2019 11:47:00  20.29 °C  59.82 %  877.9 hPa 1.036E-03 g/cm³ 000 chk 27079
18/12/2019 11:48:00  20.26 °C  58.99 %  877.9 hPa 1.036E-03 g/cm³ 000 chk 40426
18/12/2019 11:49:00  20.24 °C  58.65 %  877.9 hPa 1.036E-03 g/cm³ 000 chk 51557
18/12/2019 11:50:00  20.21 °C  58.70 %  877.9 hPa 1.036E-03 g/cm³ 000 chk 33452
18/12/2019 11:51:00  20.20 °C  58.69 %  877.9 hPa 1.036E-03 g/cm³ 000 chk 31975
18/12/2019 11:52:00  20.18 °C  58.84 %  877.9 hPa 1.036E-03 g/cm³ 000 chk 19505
18/12/2019 11:53:00  20.16 °C  59.27 %  878.0 hPa 1.036E-03 g/cm³ 000 chk 49871
18/12/2019 11:54:00  20.15 °C  59.68 %  877.9 hPa 1.036E-03 g/cm³ 000 chk  9917
18/12/2019 11:55:00  20.14 °C  61.00 %  877.9 hPa 1.036E-03 g/cm³ 000 chk 12138
18/12/2019 11:56:00  20.14 °C  60.98 %  877.9 hPa 1.036E-03 g/cm³ 000 chk 59870
18/12/2019 11:57:00  20.15 °C  61.37 %  877.8 hPa 1.036E-03 g/cm³ 000 chk 20931
18/12/2019 11:58:00  20.16 °C  61.35 %  877.9 hPa 1.036E-03 g/cm³ 000 chk   128
18/12/2019 11:59:00  20.17 °C  61.47 %  877.9 hPa 1.036E-03 g/cm³ 000 chk 24871
18/12/2019 12:00:00  20.18 °C  62.26 %  877.9 hPa 1.036E-03 g/cm³ 000 chk 26733
18/12/2019 12:01:00  20.19 °C  62.09 %  877.9 hPa 1.036E-03 g/cm³ 000 chk 30801
18/12/2019 12:02:00  20.21 °C  62.50 %  877.9 hPa 1.036E-03 g/cm³ 000 chk 64920
18/12/2019 12:03:00  20.21 °C  62.57 %  877.9 hPa 1.036E-03 g/cm³ 000 chk 21565
18/12/2019 12:04:00  20.21 °C  62.72 %  877.9 hPa 1.036E-03 g/cm³ 000 chk 38943
18/12/2019 12:05:00  20.22 °C  62.65 %  877.8 hPa 1.036E-03 g/cm³ 000 chk 64129
18/12/2019 12:06:00  20.22 °C  62.63 %  877.8 hPa 1.036E-03 g/cm³ 000 chk 43886
18/12/2019 12:07:00  20.22 °C  62.63 %  877.8 hPa 1.036E-03 g/cm³ 000 chk   458
18/12/2019 12:08:00  20.22 °C  62.71 %  877.8 hPa 1.036E-03 g/cm³ 000 chk 39858
18/12/2019 12:09:00  20.23 °C  62.58 %  877.8 hPa 1.036E-03 g/cm³ 000 chk 25998
18/12/2019 12:10:00  20.23 °C  62.51 %  877.8 hPa 1.036E-03 g/cm³ 000 chk  9390
18/12/2019 12:11:00  20.23 °C  62.41 %  877.8 hPa 1.035E-03 g/cm³ 000 chk 20325
18/12/2019 12:12:00  20.23 °C  62.47 %  877.7 hPa 1.035E-03 g/cm³ 000 chk 14986
18/12/2019 12:13:00  20.23 °C  62.60 %  877.7 hPa 1.035E-03 g/cm³ 000 chk 21364
18/12/2019 12:14:00  20.23 °C  62.93 %  877.7 hPa 1.035E-03 g/cm³ 000 chk 45222
18/12/2019 12:15:00  20.25 °C  62.74 %  877.7 hPa 1.035E-03 g/cm³ 000 chk 31745
18/12/2019 12:16:00  20.26 °C  62.89 %  877.7 hPa 1.035E-03 g/cm³ 000 chk 16644
18/12/2019 12:17:00  20.27 °C  62.86 %  877.7 hPa 1.035E-03 g/cm³ 000 chk 37219
18/12/2019 12:18:00  20.28 °C  62.43 %  877.6 hPa 1.035E-03 g/cm³ 000 chk 52212
18/12/2019 12:19:00  20.27 °C  62.41 %  877.6 hPa 1.035E-03 g/cm³ 000 chk    27
18/12/2019 12:20:00  20.27 °C  62.20 %  877.6 hPa 1.035E-03 g/cm³ 000 chk 40578
18/12/2019 12:21:00  20.26 °C  61.55 %  877.5 hPa 1.035E-03 g/cm³ 000 chk 18428
18/12/2019 12:22:00  20.24 °C  60.91 %  877.5 hPa 1.035E-03 g/cm³ 000 chk 32337
18/12/2019 12:23:00  20.23 °C  60.86 %  877.5 hPa 1.035E-03 g/cm³ 000 chk  8861
18/12/2019 12:24:00  20.22 °C  60.15 %  877.4 hPa 1.035E-03 g/cm³ 000 chk 43317
18/12/2019 12:25:00  20.20 °C  60.06 %  877.5 hPa 1.035E-03 g/cm³ 000 chk 11882
18/12/2019 12:26:00  20.18 °C  59.90 %  877.4 hPa 1.036E-03 g/cm³ 000 chk 62248
18/12/2019 12:27:00  20.16 °C  59.88 %  877.4 hPa 1.036E-03 g/cm³ 000 chk  6952
18/12/2019 12:28:00  20.14 °C  59.89 %  877.4 hPa 1.036E-03 g/cm³ 000 chk 22015
18/12/2019 12:29:00  20.13 °C  59.94 %  877.4 hPa 1.036E-03 g/cm³ 000 chk 31536
18/12/2019 12:30:00  20.11 °C  59.96 %  877.4 hPa 1.036E-03 g/cm³ 000 chk 50833
18/12/2019 12:31:00  20.10 °C  60.06 %  877.4 hPa 1.036E-03 g/cm³ 000 chk 46835
18/12/2019 12:32:00  20.09 °C  60.23 %  877.4 hPa 1.036E-03 g/cm³ 000 chk 24345
18/12/2019 12:33:00  20.08 °C  60.26 %  877.4 hPa 1.036E-03 g/cm³ 000 chk 64893
18/12/2019 12:34:00  20.08 °C  60.15 %  877.3 hPa 1.036E-03 g/cm³ 000 chk 29145
18/12/2019 12:35:00  20.07 °C  60.31 %  877.3 hPa 1.036E-03 g/cm³ 000 chk 37997
18/12/2019 12:36:00  20.06 °C  60.50 %  877.3 hPa 1.036E-03 g/cm³ 000 chk 22445
18/12/2019 12:37:00  20.06 °C  60.62 %  877.3 hPa 1.036E-03 g/cm³ 000 chk 26495
18/12/2019 12:38:00  20.05 °C  60.75 %  877.3 hPa 1.036E-03 g/cm³ 000 chk 38468
18/12/2019 12:39:00  20.05 °C  60.88 %  877.3 hPa 1.036E-03 g/cm³ 000 chk 19529
18/12/2019 12:40:00  20.05 °C  61.00 %  877.3 hPa 1.036E-03 g/cm³ 000 chk 59618
18/12/2019 12:41:00  20.04 °C  61.06 %  877.2 hPa 1.036E-03 g/cm³ 000 chk 50386
18/12/2019 12:42:00  20.04 °C  61.21 %  877.2 hPa 1.036E-03 g/cm³ 000 chk 47207
18/12/2019 12:43:00  20.04 °C  61.13 %  877.2 hPa 1.036E-03 g/cm³ 000 chk 34997
18/12/2019 12:44:00  20.04 °C  61.18 %  877.2 hPa 1.036E-03 g/cm³ 000 chk 33486
18/12/2019 12:45:00  20.04 °C  61.50 %  877.2 hPa 1.036E-03 g/cm³ 000 chk   221
18/12/2019 12:46:00  20.04 °C  61.37 %  877.2 hPa 1.036E-03 g/cm³ 000 chk 48349
18/12/2019 12:47:00  20.04 °C  61.44 %  877.1 hPa 1.036E-03 g/cm³ 000 chk 59972
18/12/2019 12:48:00  20.04 °C  61.57 %  877.1 hPa 1.036E-03 g/cm³ 000 chk 40253
18/12/2019 12:49:00  20.03 °C  61.12 %  877.1 hPa 1.036E-03 g/cm³ 000 chk 23401
18/12/2019 12:50:00  20.03 °C  60.89 %  877.1 hPa 1.036E-03 g/cm³ 000 chk  4369
18/12/2019 12:51:00  20.03 °C  60.33 %  877.1 hPa 1.036E-03 g/cm³ 000 chk  2216
18/12/2019 12:52:00  20.02 °C  59.67 %  877.1 hPa 1.036E-03 g/cm³ 000 chk  6236
18/12/2019 12:53:00  20.00 °C  59.22 %  877.1 hPa 1.036E-03 g/cm³ 000 chk 35022
18/12/2019 12:54:00  19.99 °C  59.06 %  877.0 hPa 1.036E-03 g/cm³ 000 chk 58324
18/12/2019 12:55:00  19.98 °C  58.78 %  877.1 hPa 1.036E-03 g/cm³ 000 chk 30520
18/12/2019 12:56:00  19.97 °C  58.94 %  877.0 hPa 1.036E-03 g/cm³ 000 chk 38733
18/12/2019 12:57:00  19.96 °C  59.13 %  877.0 hPa 1.036E-03 g/cm³ 000 chk 65117
18/12/2019 12:58:00  19.95 °C  59.26 %  877.0 hPa 1.036E-03 g/cm³ 000 chk 21820
18/12/2019 12:59:00  19.94 °C  59.27 %  877.0 hPa 1.036E-03 g/cm³ 000 chk 33625
18/12/2019 13:00:00  19.94 °C  59.70 %  876.9 hPa 1.036E-03 g/cm³ 000 chk 55415
18/12/2019 13:01:00  19.93 °C  59.88 %  877.0 hPa 1.036E-03 g/cm³ 000 chk 40767
18/12/2019 13:02:00  19.93 °C  59.96 %  877.0 hPa 1.036E-03 g/cm³ 000 chk 59134
18/12/2019 13:03:00  19.93 °C  60.09 %  877.0 hPa 1.036E-03 g/cm³ 000 chk 60511
18/12/2019 13:04:00  19.93 °C  60.16 %  877.0 hPa 1.036E-03 g/cm³ 000 chk 21001
18/12/2019 13:05:00  19.93 °C  60.05 %  876.9 hPa 1.036E-03 g/cm³ 000 chk 32385
18/12/2019 13:06:00  19.93 °C  60.35 %  876.9 hPa 1.036E-03 g/cm³ 000 chk 49433
18/12/2019 13:07:00  19.93 °C  60.36 %  876.9 hPa 1.036E-03 g/cm³ 000 chk  7357
18/12/2019 13:08:00  19.92 °C  60.47 %  876.9 hPa 1.036E-03 g/cm³ 000 chk 24811
18/12/2019 13:09:00  19.93 °C  60.71 %  876.9 hPa 1.036E-03 g/cm³ 000 chk 46584
18/12/2019 13:10:00  19.93 °C  60.73 %  876.9 hPa 1.036E-03 g/cm³ 000 chk 27610
18/12/2019 13:11:00  19.93 °C  60.74 %  876.9 hPa 1.036E-03 g/cm³ 000 chk 49791
18/12/2019 13:12:00  19.92 °C  60.62 %  876.9 hPa 1.036E-03 g/cm³ 000 chk 49788
18/12/2019 13:13:00  19.92 °C  60.93 %  876.8 hPa 1.036E-03 g/cm³ 000 chk 32038
18/12/2019 13:14:00  19.92 °C  60.67 %  876.8 hPa 1.036E-03 g/cm³ 000 chk 40437
18/12/2019 13:15:00  19.92 °C  61.04 %  876.8 hPa 1.036E-03 g/cm³ 000 chk 53411
18/12/2019 13:16:00  19.93 °C  61.31 %  876.8 hPa 1.036E-03 g/cm³ 000 chk 26619
18/12/2019 13:17:00  19.93 °C  61.34 %  876.8 hPa 1.036E-03 g/cm³ 000 chk 21599
18/12/2019 13:18:00  19.94 °C  61.49 %  876.8 hPa 1.036E-03 g/cm³ 000 chk  4239
18/12/2019 13:19:00  19.95 °C  61.49 %  876.8 hPa 1.036E-03 g/cm³ 000 chk 11243
18/12/2019 13:20:00  19.95 °C  61.55 %  876.8 hPa 1.036E-03 g/cm³ 000 chk  1202
18/12/2019 13:21:00  19.96 °C  61.25 %  876.8 hPa 1.036E-03 g/cm³ 000 chk 40087
18/12/2019 13:22:00  19.97 °C  61.17 %  876.8 hPa 1.036E-03 g/cm³ 000 chk 10446
18/12/2019 13:23:00  19.97 °C  61.12 %  876.8 hPa 1.036E-03 g/cm³ 000 chk  7018
18/12/2019 13:24:00  19.98 °C  61.16 %  876.8 hPa 1.035E-03 g/cm³ 000 chk    27
18/12/2019 13:25:00  19.98 °C  61.28 %  876.8 hPa 1.036E-03 g/cm³ 000 chk 44425
18/12/2019 13:26:00  19.98 °C  61.00 %  876.8 hPa 1.036E-03 g/cm³ 000 chk 14911
18/12/2019 13:27:00  19.98 °C  60.98 %  876.8 hPa 1.036E-03 g/cm³ 000 chk 59840
18/12/2019 13:28:00  19.99 °C  61.11 %  876.8 hPa 1.036E-03 g/cm³ 000 chk 60451
18/12/2019 13:29:00  20.00 °C  60.91 %  876.8 hPa 1.036E-03 g/cm³ 000 chk 42143
18/12/2019 13:30:00  20.00 °C  61.01 %  876.8 hPa 1.036E-03 g/cm³ 000 chk 29157
18/12/2019 13:31:00  20.00 °C  60.63 %  876.8 hPa 1.036E-03 g/cm³ 000 chk 53682
18/12/2019 13:32:00  20.00 °C  60.43 %  876.8 hPa 1.036E-03 g/cm³ 000 chk 44550
18/12/2019 13:33:00  20.01 °C  60.47 %  876.8 hPa 1.036E-03 g/cm³ 000 chk 57699
18/12/2019 13:34:00  20.01 °C  60.62 %  876.8 hPa 1.036E-03 g/cm³ 000 chk 11585
18/12/2019 13:35:00  20.01 °C  60.32 %  876.7 hPa 1.035E-03 g/cm³ 000 chk 41535
18/12/2019 13:36:00  20.02 °C  60.31 %  876.7 hPa 1.035E-03 g/cm³ 000 chk 39059
18/12/2019 13:37:00  20.02 °C  60.19 %  876.7 hPa 1.035E-03 g/cm³ 000 chk  6766
18/12/2019 13:38:00  20.02 °C  59.99 %  876.7 hPa 1.035E-03 g/cm³ 000 chk 20753
18/12/2019 13:39:00  20.03 °C  59.96 %  876.7 hPa 1.035E-03 g/cm³ 000 chk 33142
18/12/2019 13:40:00  20.04 °C  59.96 %  876.7 hPa 1.035E-03 g/cm³ 000 chk 43503
18/12/2019 13:41:00  20.05 °C  59.76 %  876.7 hPa 1.035E-03 g/cm³ 000 chk 21260
18/12/2019 13:42:00  20.06 °C  59.85 %  876.7 hPa 1.035E-03 g/cm³ 000 chk 26635
18/12/2019 13:43:00  20.06 °C  59.97 %  876.6 hPa 1.035E-03 g/cm³ 000 chk 25046
18/12/2019 13:44:00  20.07 °C  61.31 %  876.6 hPa 1.035E-03 g/cm³ 000 chk 20482
18/12/2019 13:45:00  20.10 °C  63.12 %  876.6 hPa 1.035E-03 g/cm³ 000 chk 18450
18/12/2019 13:46:00  20.12 °C  65.14 %  876.6 hPa 1.034E-03 g/cm³ 000 chk 56050
18/12/2019 13:47:00  20.16 °C  66.82 %  876.6 hPa 1.034E-03 g/cm³ 000 chk 43058
18/12/2019 13:48:00  20.20 °C  68.81 %  876.5 hPa 1.033E-03 g/cm³ 000 chk 25419
18/12/2019 13:49:00  20.24 °C  69.46 %  876.5 hPa 1.033E-03 g/cm³ 000 chk 39976
18/12/2019 13:50:00  20.28 °C  70.18 %  876.5 hPa 1.033E-03 g/cm³ 000 chk 20219
18/12/2019 13:51:00  20.33 °C  71.65 %  876.5 hPa 1.033E-03 g/cm³ 000 chk 43358
18/12/2019 13:52:00  20.37 °C  72.01 %  876.5 hPa 1.032E-03 g/cm³ 000 chk 21950
18/12/2019 13:53:00  20.42 °C  72.91 %  876.5 hPa 1.032E-03 g/cm³ 000 chk 23405
18/12/2019 13:54:00  20.47 °C  73.54 %  876.5 hPa 1.032E-03 g/cm³ 000 chk 36882
18/12/2019 13:55:00  20.51 °C  73.78 %  876.5 hPa 1.032E-03 g/cm³ 000 chk 37626
18/12/2019 13:56:00  20.56 °C  73.95 %  876.5 hPa 1.031E-03 g/cm³ 000 chk 43414
18/12/2019 13:57:00  20.60 °C  74.74 %  876.5 hPa 1.031E-03 g/cm³ 000 chk 19155
18/12/2019 13:58:00  20.65 °C  74.87 %  876.5 hPa 1.031E-03 g/cm³ 000 chk 43755
18/12/2019 13:59:00  20.68 °C  75.01 %  876.4 hPa 1.031E-03 g/cm³ 000 chk 56999
18/12/2019 14:00:00  20.72 °C  74.83 %  876.4 hPa 1.031E-03 g/cm³ 000 chk 19449
18/12/2019 14:01:00  20.76 °C  75.61 %  876.4 hPa 1.030E-03 g/cm³ 000 chk 60672
18/12/2019 14:02:00  20.80 °C  75.41 %  876.4 hPa 1.030E-03 g/cm³ 000 chk 49483
18/12/2019 14:03:00  20.83 °C  75.49 %  876.4 hPa 1.030E-03 g/cm³ 000 chk 29102
18/12/2019 14:04:00  20.86 °C  75.42 %  876.5 hPa 1.030E-03 g/cm³ 000 chk 54343
18/12/2019 14:05:00  20.89 °C  74.72 %  876.5 hPa 1.030E-03 g/cm³ 000 chk  5570
18/12/2019 14:06:00  20.92 °C  72.48 %  876.5 hPa 1.030E-03 g/cm³ 000 chk  5321
18/12/2019 14:07:00  20.93 °C  70.74 %  876.4 hPa 1.030E-03 g/cm³ 000 chk 10934
18/12/2019 14:08:00  20.94 °C  68.60 %  876.4 hPa 1.030E-03 g/cm³ 000 chk 25333
18/12/2019 14:09:00  20.94 °C  66.96 %  876.4 hPa 1.031E-03 g/cm³ 000 chk 18329
18/12/2019 14:10:00  20.93 °C  66.08 %  876.4 hPa 1.031E-03 g/cm³ 000 chk 12728
18/12/2019 14:11:00  20.90 °C  64.90 %  876.4 hPa 1.031E-03 g/cm³ 000 chk 57379
18/12/2019 14:12:00  20.87 °C  64.07 %  876.3 hPa 1.031E-03 g/cm³ 000 chk 22262
18/12/2019 14:13:00  20.83 °C  63.06 %  876.3 hPa 1.031E-03 g/cm³ 000 chk 58884
18/12/2019 14:14:00  20.78 °C  62.32 %  876.3 hPa 1.032E-03 g/cm³ 000 chk 23906
18/12/2019 14:15:00  20.73 °C  61.51 %  876.3 hPa 1.032E-03 g/cm³ 000 chk 19523
18/12/2019 14:16:00  20.68 °C  61.63 %  876.3 hPa 1.032E-03 g/cm³ 000 chk  1287
18/12/2019 14:17:00  20.64 °C  61.44 %  876.3 hPa 1.032E-03 g/cm³ 000 chk 26096
18/12/2019 14:18:00  20.60 °C  61.09 %  876.3 hPa 1.033E-03 g/cm³ 000 chk 54229
18/12/2019 14:19:00  20.55 °C  60.94 %  876.3 hPa 1.033E-03 g/cm³ 000 chk 15967
18/12/2019 14:20:00  20.51 °C  60.76 %  876.2 hPa 1.033E-03 g/cm³ 000 chk 10493
18/12/2019 14:21:00  20.47 °C  60.95 %  876.2 hPa 1.033E-03 g/cm³ 000 chk 49354
18/12/2019 14:22:00  20.44 °C  60.87 %  876.2 hPa 1.033E-03 g/cm³ 000 chk 55115
18/12/2019 14:23:00  20.40 °C  60.73 %  876.2 hPa 1.033E-03 g/cm³ 000 chk 53059
18/12/2019 14:24:00  20.37 °C  60.78 %  876.2 hPa 1.033E-03 g/cm³ 000 chk   905
18/12/2019 14:25:00  20.34 °C  60.84 %  876.2 hPa 1.033E-03 g/cm³ 000 chk 50886
18/12/2019 14:26:00  20.31 °C  60.96 %  876.2 hPa 1.034E-03 g/cm³ 000 chk 30597
18/12/2019 14:27:00  20.28 °C  60.96 %  876.2 hPa 1.034E-03 g/cm³ 000 chk 53887
18/12/2019 14:28:00  20.25 °C  60.84 %  876.2 hPa 1.034E-03 g/cm³ 000 chk 53454
18/12/2019 14:29:00  20.23 °C  60.97 %  876.2 hPa 1.034E-03 g/cm³ 000 chk 27075
18/12/2019 14:30:00  20.21 °C  61.16 %  876.2 hPa 1.034E-03 g/cm³ 000 chk 61975
18/12/2019 14:31:00  20.19 °C  61.11 %  876.1 hPa 1.034E-03 g/cm³ 000 chk 12273
18/12/2019 14:32:00  20.18 °C  61.26 %  876.2 hPa 1.034E-03 g/cm³ 000 chk 18775
18/12/2019 14:33:00  20.16 °C  61.35 %  876.1 hPa 1.034E-03 g/cm³ 000 chk 30122
18/12/2019 14:34:00  20.15 °C  61.27 %  876.1 hPa 1.034E-03 g/cm³ 000 chk 18621
18/12/2019 14:35:00  20.14 °C  61.24 %  876.2 hPa 1.034E-03 g/cm³ 000 chk 20262
18/12/2019 14:36:00  20.13 °C  61.20 %  876.2 hPa 1.034E-03 g/cm³ 000 chk 45453
18/12/2019 14:37:00  20.11 °C  61.06 %  876.2 hPa 1.034E-03 g/cm³ 000 chk 22257
18/12/2019 14:38:00  20.10 °C  61.40 %  876.1 hPa 1.034E-03 g/cm³ 000 chk 25134
18/12/2019 14:39:00  20.09 °C  61.25 %  876.1 hPa 1.034E-03 g/cm³ 000 chk 24122
18/12/2019 14:40:00  20.09 °C  61.43 %  876.1 hPa 1.034E-03 g/cm³ 000 chk 44296
18/12/2019 14:41:00  20.08 °C  61.49 %  876.2 hPa 1.034E-03 g/cm³ 000 chk 44944
18/12/2019 14:42:00  20.06 °C  61.39 %  876.2 hPa 1.034E-03 g/cm³ 000 chk 47671
18/12/2019 14:43:00  20.06 °C  61.43 %  876.1 hPa 1.034E-03 g/cm³ 000 chk 59821
18/12/2019 14:44:00  20.05 °C  61.25 %  876.1 hPa 1.034E-03 g/cm³ 000 chk 24697
18/12/2019 14:45:00  20.04 °C  61.54 %  876.1 hPa 1.034E-03 g/cm³ 000 chk 30430
18/12/2019 14:46:00  20.03 °C  61.28 %  876.1 hPa 1.034E-03 g/cm³ 000 chk 41141
18/12/2019 14:47:00  20.03 °C  61.39 %  876.2 hPa 1.035E-03 g/cm³ 000 chk 27650
18/12/2019 14:48:00  20.01 °C  61.44 %  876.1 hPa 1.035E-03 g/cm³ 000 chk 13803
18/12/2019 14:49:00  20.01 °C  61.58 %  876.1 hPa 1.035E-03 g/cm³ 000 chk 50016
18/12/2019 14:50:00  20.01 °C  62.54 %  876.1 hPa 1.035E-03 g/cm³ 000 chk 60263
18/12/2019 14:51:00  20.02 °C  64.16 %  876.1 hPa 1.034E-03 g/cm³ 000 chk 18872
18/12/2019 14:52:00  20.04 °C  66.04 %  876.1 hPa 1.034E-03 g/cm³ 000 chk 26820
18/12/2019 14:53:00  20.06 °C  67.98 %  876.1 hPa 1.034E-03 g/cm³ 000 chk 44217
18/12/2019 14:54:00  20.08 °C  69.57 %  876.1 hPa 1.033E-03 g/cm³ 000 chk 56176
18/12/2019 14:55:00  20.12 °C  70.61 %  876.1 hPa 1.033E-03 g/cm³ 000 chk 64476
18/12/2019 14:56:00  20.15 °C  71.79 %  876.1 hPa 1.033E-03 g/cm³ 000 chk 51524
18/12/2019 14:57:00  20.18 °C  73.14 %  876.2 hPa 1.033E-03 g/cm³ 000 chk 41217
18/12/2019 14:58:00  20.22 °C  73.59 %  876.2 hPa 1.033E-03 g/cm³ 000 chk 36060
18/12/2019 14:59:00  20.26 °C  74.93 %  876.2 hPa 1.032E-03 g/cm³ 000 chk 41521
18/12/2019 15:00:00  20.30 °C  74.99 %  876.2 hPa 1.032E-03 g/cm³ 000 chk 19856
18/12/2019 15:01:00  20.34 °C  75.63 %  876.1 hPa 1.032E-03 g/cm³ 000 chk 34937
18/12/2019 15:02:00  20.38 °C  76.01 %  876.2 hPa 1.032E-03 g/cm³ 000 chk  8104
18/12/2019 15:03:00  20.42 °C  76.45 %  876.2 hPa 1.031E-03 g/cm³ 000 chk 24195
18/12/2019 15:04:00  20.45 °C  76.40 %  876.2 hPa 1.031E-03 g/cm³ 000 chk 26559
18/12/2019 15:05:00  20.50 °C  76.81 %  876.2 hPa 1.031E-03 g/cm³ 000 chk 10129
18/12/2019 15:06:00  20.54 °C  76.95 %  876.2 hPa 1.031E-03 g/cm³ 000 chk 60245
18/12/2019 15:07:00  20.57 °C  76.94 %  876.2 hPa 1.031E-03 g/cm³ 000 chk 24243
18/12/2019 15:08:00  20.61 °C  77.26 %  876.2 hPa 1.031E-03 g/cm³ 000 chk   211
18/12/2019 15:09:00  20.65 °C  77.32 %  876.2 hPa 1.030E-03 g/cm³ 000 chk 55709
18/12/2019 15:10:00  20.68 °C  77.43 %  876.1 hPa 1.030E-03 g/cm³ 000 chk 25419
18/12/2019 15:11:00  20.72 °C  77.31 %  876.1 hPa 1.030E-03 g/cm³ 000 chk 28209
18/12/2019 15:12:00  20.75 °C  77.20 %  876.2 hPa 1.030E-03 g/cm³ 000 chk 33353
18/12/2019 15:13:00  20.77 °C  75.91 %  876.2 hPa 1.030E-03 g/cm³ 000 chk  1866
18/12/2019 15:14:00  20.79 °C  73.78 %  876.2 hPa 1.030E-03 g/cm³ 000 chk 40048
18/12/2019 15:15:00  20.79 °C  71.84 %  876.2 hPa 1.030E-03 g/cm³ 000 chk 52039
18/12/2019 15:16:00  20.78 °C  70.45 %  876.3 hPa 1.031E-03 g/cm³ 000 chk 24636
18/12/2019 15:17:00  20.76 °C  68.72 %  876.2 hPa 1.031E-03 g/cm³ 000 chk 21326
18/12/2019 15:18:00  20.74 °C  67.31 %  876.2 hPa 1.031E-03 g/cm³ 000 chk 46995
18/12/2019 15:19:00  20.72 °C  66.38 %  876.2 hPa 1.031E-03 g/cm³ 000 chk 11437
18/12/2019 15:20:00  20.69 °C  65.85 %  876.2 hPa 1.032E-03 g/cm³ 000 chk 29310
18/12/2019 15:21:00  20.66 °C  64.97 %  876.3 hPa 1.032E-03 g/cm³ 000 chk  4341
18/12/2019 15:22:00  20.63 °C  64.20 %  876.3 hPa 1.032E-03 g/cm³ 000 chk 15299
18/12/2019 15:23:00  20.59 °C  64.08 %  876.3 hPa 1.032E-03 g/cm³ 000 chk 58625
18/12/2019 15:24:00  20.56 °C  63.99 %  876.3 hPa 1.032E-03 g/cm³ 000 chk 22311
18/12/2019 15:25:00  20.53 °C  63.74 %  876.3 hPa 1.032E-03 g/cm³ 000 chk  7104
18/12/2019 15:26:00  20.51 °C  63.48 %  876.3 hPa 1.033E-03 g/cm³ 000 chk 23321
18/12/2019 15:27:00  20.47 °C  63.22 %  876.3 hPa 1.033E-03 g/cm³ 000 chk 30532
18/12/2019 15:28:00  20.45 °C  62.97 %  876.3 hPa 1.033E-03 g/cm³ 000 chk  7312
18/12/2019 15:29:00  20.41 °C  62.43 %  876.3 hPa 1.033E-03 g/cm³ 000 chk 50371
18/12/2019 15:30:00  20.38 °C  62.46 %  876.3 hPa 1.033E-03 g/cm³ 000 chk 46555
18/12/2019 15:31:00  20.35 °C  62.49 %  876.3 hPa 1.033E-03 g/cm³ 000 chk 27829
18/12/2019 15:32:00  20.33 °C  62.38 %  876.3 hPa 1.033E-03 g/cm³ 000 chk 23068
18/12/2019 15:33:00  20.31 °C  62.55 %  876.4 hPa 1.034E-03 g/cm³ 000 chk 36410
18/12/2019 15:34:00  20.29 °C  62.18 %  876.3 hPa 1.034E-03 g/cm³ 000 chk 23232
18/12/2019 15:35:00  20.26 °C  62.04 %  876.4 hPa 1.034E-03 g/cm³ 000 chk 14763
18/12/2019 15:36:00  20.24 °C  61.79 %  876.4 hPa 1.034E-03 g/cm³ 000 chk 42016
18/12/2019 15:37:00  20.22 °C  61.85 %  876.4 hPa 1.034E-03 g/cm³ 000 chk 14249
18/12/2019 15:38:00  20.19 °C  61.53 %  876.4 hPa 1.034E-03 g/cm³ 000 chk  5619
18/12/2019 15:39:00  20.17 °C  61.39 %  876.4 hPa 1.034E-03 g/cm³ 000 chk 42800
18/12/2019 15:40:00  20.15 °C  61.56 %  876.4 hPa 1.034E-03 g/cm³ 000 chk 12930
18/12/2019 15:41:00  20.14 °C  61.75 %  876.4 hPa 1.034E-03 g/cm³ 000 chk 48829
18/12/2019 15:42:00  20.12 °C  61.46 %  876.5 hPa 1.034E-03 g/cm³ 000 chk 11252
18/12/2019 15:43:00  20.10 °C  61.09 %  876.5 hPa 1.035E-03 g/cm³ 000 chk 51620
18/12/2019 15:44:00  20.09 °C  61.11 %  876.5 hPa 1.035E-03 g/cm³ 000 chk 31661
18/12/2019 15:45:00  20.07 °C  61.01 %  876.5 hPa 1.035E-03 g/cm³ 000 chk 31663
18/12/2019 15:46:00  20.05 °C  61.04 %  876.5 hPa 1.035E-03 g/cm³ 000 chk 16067
18/12/2019 15:47:00  20.04 °C  60.53 %  876.6 hPa 1.035E-03 g/cm³ 000 chk 56796
18/12/2019 15:48:00  20.03 °C  60.51 %  876.5 hPa 1.035E-03 g/cm³ 000 chk 63794
18/12/2019 15:49:00  20.01 °C  60.36 %  876.6 hPa 1.035E-03 g/cm³ 000 chk 30725
18/12/2019 15:50:00  20.01 °C  60.75 %  876.5 hPa 1.035E-03 g/cm³ 000 chk 49260
18/12/2019 15:51:00  20.00 °C  62.62 %  876.5 hPa 1.035E-03 g/cm³ 000 chk 22558
18/12/2019 15:52:00  20.01 °C  64.68 %  876.6 hPa 1.035E-03 g/cm³ 000 chk 61312
18/12/2019 15:53:00  20.02 °C  66.32 %  876.6 hPa 1.035E-03 g/cm³ 000 chk 42438
18/12/2019 15:54:00  20.04 °C  68.25 %  876.6 hPa 1.034E-03 g/cm³ 000 chk 14196
18/12/2019 15:55:00  20.06 °C  69.34 %  876.6 hPa 1.034E-03 g/cm³ 000 chk 17250
18/12/2019 15:56:00  20.09 °C  70.45 %  876.6 hPa 1.034E-03 g/cm³ 000 chk 45926
18/12/2019 15:57:00  20.12 °C  71.35 %  876.7 hPa 1.034E-03 g/cm³ 000 chk 56469
18/12/2019 15:58:00  20.15 °C  72.32 %  876.7 hPa 1.034E-03 g/cm³ 000 chk 55971
18/12/2019 15:59:00  20.19 °C  73.13 %  876.6 hPa 1.033E-03 g/cm³ 000 chk 16219
18/12/2019 16:00:00  20.23 °C  73.70 %  876.7 hPa 1.033E-03 g/cm³ 000 chk   534
18/12/2019 16:01:00  20.26 °C  74.62 %  876.7 hPa 1.033E-03 g/cm³ 000 chk 37896
18/12/2019 16:02:00  20.30 °C  74.86 %  876.7 hPa 1.033E-03 g/cm³ 000 chk 27253
18/12/2019 16:03:00  20.34 °C  75.29 %  876.7 hPa 1.032E-03 g/cm³ 000 chk 32059
18/12/2019 16:04:00  20.38 °C  75.65 %  876.7 hPa 1.032E-03 g/cm³ 000 chk 48637
18/12/2019 16:05:00  20.41 °C  75.93 %  876.7 hPa 1.032E-03 g/cm³ 000 chk 21705
18/12/2019 16:06:00  20.45 °C  76.13 %  876.8 hPa 1.032E-03 g/cm³ 000 chk 14702
18/12/2019 16:07:00  20.48 °C  76.45 %  876.8 hPa 1.032E-03 g/cm³ 000 chk 58778
18/12/2019 16:08:00  20.52 °C  76.52 %  876.8 hPa 1.032E-03 g/cm³ 000 chk  7167
18/12/2019 16:09:00  20.55 °C  76.84 %  876.8 hPa 1.032E-03 g/cm³ 000 chk 44014
18/12/2019 16:10:00  20.58 °C  76.74 %  876.8 hPa 1.031E-03 g/cm³ 000 chk 30700
18/12/2019 16:11:00  20.61 °C  76.95 %  876.8 hPa 1.031E-03 g/cm³ 000 chk 24498
18/12/2019 16:12:00  20.64 °C  77.08 %  876.8 hPa 1.031E-03 g/cm³ 000 chk 22208
18/12/2019 16:13:00  20.67 °C  77.08 %  876.8 hPa 1.031E-03 g/cm³ 000 chk  3623
18/12/2019 16:14:00  20.69 °C  77.20 %  876.7 hPa 1.031E-03 g/cm³ 000 chk 64909
18/12/2019 16:15:00  20.72 °C  77.08 %  876.7 hPa 1.031E-03 g/cm³ 000 chk  5037
18/12/2019 16:16:00  20.75 °C  77.34 %  876.8 hPa 1.031E-03 g/cm³ 000 chk  8563
18/12/2019 16:17:00  20.77 °C  75.96 %  876.8 hPa 1.031E-03 g/cm³ 000 chk  4956
18/12/2019 16:18:00  20.78 °C  74.62 %  876.8 hPa 1.031E-03 g/cm³ 000 chk 52725
18/12/2019 16:19:00  20.78 °C  73.17 %  876.8 hPa 1.031E-03 g/cm³ 000 chk  3778
18/12/2019 16:20:00  20.78 °C  71.85 %  876.8 hPa 1.031E-03 g/cm³ 000 chk 34507
18/12/2019 16:21:00  20.76 °C  70.49 %  876.8 hPa 1.031E-03 g/cm³ 000 chk 19238
18/12/2019 16:22:00  20.74 °C  68.48 %  876.8 hPa 1.032E-03 g/cm³ 000 chk 29302
18/12/2019 16:23:00  20.71 °C  66.86 %  876.8 hPa 1.032E-03 g/cm³ 000 chk 59752
18/12/2019 16:24:00  20.67 °C  65.11 %  876.8 hPa 1.032E-03 g/cm³ 000 chk 31334
18/12/2019 16:25:00  20.64 °C  64.15 %  876.8 hPa 1.032E-03 g/cm³ 000 chk 50844
18/12/2019 16:26:00  20.60 °C  63.34 %  876.8 hPa 1.033E-03 g/cm³ 000 chk 41919
18/12/2019 16:27:00  20.55 °C  62.45 %  876.8 hPa 1.033E-03 g/cm³ 000 chk  5041
18/12/2019 16:28:00  20.50 °C  61.55 %  876.8 hPa 1.033E-03 g/cm³ 000 chk 46377
18/12/2019 16:29:00  20.46 °C  61.48 %  876.8 hPa 1.033E-03 g/cm³ 000 chk 23223
18/12/2019 16:30:00  20.42 °C  61.23 %  876.8 hPa 1.034E-03 g/cm³ 000 chk 17465
18/12/2019 16:31:00  20.37 °C  60.87 %  876.8 hPa 1.034E-03 g/cm³ 000 chk 44672
18/12/2019 16:32:00  20.33 °C  60.15 %  876.8 hPa 1.034E-03 g/cm³ 000 chk 19757
18/12/2019 16:33:00  20.28 °C  59.67 %  876.7 hPa 1.034E-03 g/cm³ 000 chk 49108
18/12/2019 16:34:00  20.24 °C  59.42 %  876.7 hPa 1.035E-03 g/cm³ 000 chk 31294
18/12/2019 16:35:00  20.21 °C  59.28 %  876.7 hPa 1.035E-03 g/cm³ 000 chk 62641
18/12/2019 16:36:00  20.17 °C  59.27 %  876.7 hPa 1.035E-03 g/cm³ 000 chk 62827
18/12/2019 16:37:00  20.13 °C  59.24 %  876.7 hPa 1.035E-03 g/cm³ 000 chk 61385
18/12/2019 16:38:00  20.11 °C  61.01 %  876.7 hPa 1.035E-03 g/cm³ 000 chk 53019
18/12/2019 16:39:00  20.09 °C  63.04 %  876.7 hPa 1.035E-03 g/cm³ 000 chk   538
18/12/2019 16:40:00  20.08 °C  65.25 %  876.7 hPa 1.035E-03 g/cm³ 000 chk   785
18/12/2019 16:41:00  20.09 °C  66.55 %  876.8 hPa 1.034E-03 g/cm³ 000 chk 11345
18/12/2019 16:42:00  20.10 °C  68.25 %  876.8 hPa 1.034E-03 g/cm³ 000 chk 15488
18/12/2019 16:43:00  20.12 °C  69.64 %  876.8 hPa 1.034E-03 g/cm³ 000 chk 18447
18/12/2019 16:44:00  20.14 °C  70.73 %  876.8 hPa 1.034E-03 g/cm³ 000 chk  9148
18/12/2019 16:45:00  20.17 °C  71.84 %  876.9 hPa 1.034E-03 g/cm³ 000 chk  4281
18/12/2019 16:46:00  20.20 °C  72.58 %  876.9 hPa 1.034E-03 g/cm³ 000 chk 50804
18/12/2019 16:47:00  20.23 °C  73.51 %  876.9 hPa 1.033E-03 g/cm³ 000 chk  2507
18/12/2019 16:48:00  20.26 °C  73.85 %  876.9 hPa 1.033E-03 g/cm³ 000 chk 10921
18/12/2019 16:49:00  20.29 °C  74.57 %  876.9 hPa 1.033E-03 g/cm³ 000 chk  4327
18/12/2019 16:50:00  20.32 °C  74.83 %  877.0 hPa 1.033E-03 g/cm³ 000 chk 48360
18/12/2019 16:51:00  20.36 °C  75.54 %  877.0 hPa 1.033E-03 g/cm³ 000 chk 33703
18/12/2019 16:52:00  20.39 °C  76.00 %  877.1 hPa 1.033E-03 g/cm³ 000 chk 47849
18/12/2019 16:53:00  20.42 °C  75.94 %  877.1 hPa 1.032E-03 g/cm³ 000 chk 23127
18/12/2019 16:54:00  20.46 °C  76.28 %  877.1 hPa 1.032E-03 g/cm³ 000 chk 42258
18/12/2019 16:55:00  20.49 °C  76.36 %  877.2 hPa 1.032E-03 g/cm³ 000 chk 31021
18/12/2019 16:56:00  20.52 °C  77.04 %  877.2 hPa 1.032E-03 g/cm³ 000 chk 41077
18/12/2019 16:57:00  20.55 °C  76.94 %  877.2 hPa 1.032E-03 g/cm³ 000 chk 44749
18/12/2019 16:58:00  20.58 °C  76.95 %  877.2 hPa 1.032E-03 g/cm³ 000 chk  6992
18/12/2019 16:59:00  20.61 °C  77.01 %  877.3 hPa 1.032E-03 g/cm³ 000 chk   900
18/12/2019 17:00:00  20.65 °C  77.20 %  877.3 hPa 1.032E-03 g/cm³ 000 chk 32878
18/12/2019 17:01:00  20.67 °C  77.17 %  877.3 hPa 1.032E-03 g/cm³ 000 chk 19007
18/12/2019 17:02:00  20.70 °C  77.35 %  877.3 hPa 1.031E-03 g/cm³ 000 chk 51997
18/12/2019 17:03:00  20.73 °C  77.26 %  877.3 hPa 1.031E-03 g/cm³ 000 chk  9430
18/12/2019 17:04:00  20.75 °C  77.32 %  877.4 hPa 1.031E-03 g/cm³ 000 chk 53165
18/12/2019 17:05:00  20.77 °C  76.49 %  877.4 hPa 1.031E-03 g/cm³ 000 chk 51542
18/12/2019 17:06:00  20.78 °C  73.74 %  877.4 hPa 1.032E-03 g/cm³ 000 chk 44463
18/12/2019 17:07:00  20.78 °C  71.98 %  877.4 hPa 1.032E-03 g/cm³ 000 chk 15028
18/12/2019 17:08:00  20.76 °C  69.84 %  877.4 hPa 1.032E-03 g/cm³ 000 chk 50490
18/12/2019 17:09:00  20.74 °C  68.43 %  877.5 hPa 1.032E-03 g/cm³ 000 chk 26504
18/12/2019 17:10:00  20.71 °C  66.72 %  877.5 hPa 1.033E-03 g/cm³ 000 chk 63608
18/12/2019 17:11:00  20.68 °C  65.69 %  877.5 hPa 1.033E-03 g/cm³ 000 chk 62091
18/12/2019 17:12:00  20.64 °C  64.27 %  877.5 hPa 1.033E-03 g/cm³ 000 chk  4806
18/12/2019 17:13:00  20.59 °C  63.44 %  877.5 hPa 1.034E-03 g/cm³ 000 chk 38112
18/12/2019 17:14:00  20.55 °C  63.33 %  877.7 hPa 1.034E-03 g/cm³ 000 chk 31224
18/12/2019 17:15:00  20.51 °C  62.49 %  877.6 hPa 1.034E-03 g/cm³ 000 chk 53203
18/12/2019 17:16:00  20.47 °C  62.38 %  877.6 hPa 1.034E-03 g/cm³ 000 chk 43499
18/12/2019 17:17:00  20.43 °C  61.69 %  877.6 hPa 1.035E-03 g/cm³ 000 chk 55607
18/12/2019 17:18:00  20.39 °C  61.15 %  877.6 hPa 1.035E-03 g/cm³ 000 chk  7131
18/12/2019 17:19:00  20.35 °C  60.76 %  877.6 hPa 1.035E-03 g/cm³ 000 chk 24452
18/12/2019 17:20:00  20.31 °C  60.57 %  877.6 hPa 1.035E-03 g/cm³ 000 chk 50862
18/12/2019 17:21:00  20.27 °C  60.18 %  877.6 hPa 1.035E-03 g/cm³ 000 chk 45992
18/12/2019 17:22:00  20.24 °C  60.16 %  877.6 hPa 1.036E-03 g/cm³ 000 chk 63813
18/12/2019 17:23:00  20.20 °C  60.04 %  877.5 hPa 1.036E-03 g/cm³ 000 chk 34101
18/12/2019 17:24:00  20.16 °C  59.98 %  877.5 hPa 1.036E-03 g/cm³ 000 chk 37503
18/12/2019 17:25:00  20.13 °C  59.57 %  877.5 hPa 1.036E-03 g/cm³ 000 chk 33986
18/12/2019 17:26:00  20.10 °C  59.21 %  877.4 hPa 1.036E-03 g/cm³ 000 chk  7928
18/12/2019 17:27:00  20.08 °C  60.74 %  877.4 hPa 1.036E-03 g/cm³ 000 chk 63768
18/12/2019 17:28:00  20.06 °C  62.74 %  877.4 hPa 1.036E-03 g/cm³ 000 chk 13308
18/12/2019 17:29:00  20.05 °C  64.85 %  877.4 hPa 1.036E-03 g/cm³ 000 chk 10236
18/12/2019 17:30:00  20.06 °C  66.42 %  877.4 hPa 1.035E-03 g/cm³ 000 chk 62009
18/12/2019 17:31:00  20.07 °C  67.71 %  877.4 hPa 1.035E-03 g/cm³ 000 chk 11830
18/12/2019 17:32:00  20.09 °C  69.48 %  877.3 hPa 1.035E-03 g/cm³ 000 chk 61487
18/12/2019 17:33:00  20.12 °C  70.00 %  877.3 hPa 1.035E-03 g/cm³ 000 chk 34691
18/12/2019 17:34:00  20.14 °C  71.50 %  877.4 hPa 1.034E-03 g/cm³ 000 chk 18577
18/12/2019 17:35:00  20.17 °C  72.06 %  877.3 hPa 1.034E-03 g/cm³ 000 chk 24674
18/12/2019 17:36:00  20.20 °C  73.21 %  877.4 hPa 1.034E-03 g/cm³ 000 chk  9879
18/12/2019 17:37:00  20.23 °C  73.73 %  877.4 hPa 1.034E-03 g/cm³ 000 chk 58600
18/12/2019 17:38:00  20.26 °C  73.81 %  877.4 hPa 1.034E-03 g/cm³ 000 chk 59857
18/12/2019 17:39:00  20.30 °C  74.13 %  877.4 hPa 1.034E-03 g/cm³ 000 chk  7284
18/12/2019 17:40:00  20.33 °C  74.87 %  877.4 hPa 1.033E-03 g/cm³ 000 chk 34024
18/12/2019 17:41:00  20.36 °C  75.04 %  877.4 hPa 1.033E-03 g/cm³ 000 chk 24319
18/12/2019 17:42:00  20.40 °C  75.51 %  877.5 hPa 1.033E-03 g/cm³ 000 chk 54956
18/12/2019 17:43:00  20.43 °C  75.89 %  877.5 hPa 1.033E-03 g/cm³ 000 chk 42937
18/12/2019 17:44:00  20.46 °C  76.32 %  877.5 hPa 1.033E-03 g/cm³ 000 chk 51773
18/12/2019 17:45:00  20.49 °C  76.22 %  877.5 hPa 1.033E-03 g/cm³ 000 chk 23551
18/12/2019 17:46:00  20.51 °C  76.51 %  877.5 hPa 1.033E-03 g/cm³ 000 chk 52556
18/12/2019 17:47:00  20.54 °C  76.65 %  877.5 hPa 1.032E-03 g/cm³ 000 chk 17817
18/12/2019 17:48:00  20.57 °C  76.95 %  877.5 hPa 1.032E-03 g/cm³ 000 chk 30244
18/12/2019 17:49:00  20.60 °C  76.98 %  877.5 hPa 1.032E-03 g/cm³ 000 chk 26996
18/12/2019 17:50:00  20.62 °C  77.06 %  877.5 hPa 1.032E-03 g/cm³ 000 chk 55695
18/12/2019 17:51:00  20.65 °C  76.99 %  877.6 hPa 1.032E-03 g/cm³ 000 chk 30667
18/12/2019 17:52:00  20.67 °C  77.19 %  877.6 hPa 1.032E-03 g/cm³ 000 chk 64210
18/12/2019 17:53:00  20.70 °C  77.08 %  877.6 hPa 1.032E-03 g/cm³ 000 chk  6287
18/12/2019 17:54:00  20.72 °C  77.26 %  877.7 hPa 1.032E-03 g/cm³ 000 chk 53624
18/12/2019 17:55:00  20.74 °C  77.20 %  877.7 hPa 1.032E-03 g/cm³ 000 chk 12633
18/12/2019 17:56:00  20.76 °C  77.15 %  877.7 hPa 1.032E-03 g/cm³ 000 chk 29762
18/12/2019 17:57:00  20.78 °C  77.19 %  877.7 hPa 1.032E-03 g/cm³ 000 chk 10351
18/12/2019 17:58:00  20.80 °C  76.78 %  877.8 hPa 1.032E-03 g/cm³ 000 chk 35004
18/12/2019 17:59:00  20.81 °C  75.55 %  877.8 hPa 1.032E-03 g/cm³ 000 chk 62118
18/12/2019 18:00:00  20.81 °C  72.80 %  877.8 hPa 1.032E-03 g/cm³ 000 chk 41166
18/12/2019 18:01:00  20.80 °C  70.70 %  877.8 hPa 1.032E-03 g/cm³ 000 chk 64058
18/12/2019 18:02:00  20.78 °C  68.97 %  877.8 hPa 1.033E-03 g/cm³ 000 chk 47001
18/12/2019 18:03:00  20.75 °C  66.76 %  877.8 hPa 1.033E-03 g/cm³ 000 chk 51664
18/12/2019 18:04:00  20.71 °C  65.39 %  877.8 hPa 1.033E-03 g/cm³ 000 chk 16446
18/12/2019 18:05:00  20.67 °C  64.37 %  877.9 hPa 1.034E-03 g/cm³ 000 chk 29571
18/12/2019 18:06:00  20.63 °C  63.41 %  877.9 hPa 1.034E-03 g/cm³ 000 chk  5625
18/12/2019 18:07:00  20.58 °C  62.80 %  877.8 hPa 1.034E-03 g/cm³ 000 chk 63287
18/12/2019 18:08:00  20.53 °C  62.09 %  877.8 hPa 1.034E-03 g/cm³ 000 chk 53060
18/12/2019 18:09:00  20.48 °C  62.06 %  877.8 hPa 1.035E-03 g/cm³ 000 chk 58111
18/12/2019 18:10:00  20.44 °C  61.34 %  877.9 hPa 1.035E-03 g/cm³ 000 chk 15568
18/12/2019 18:11:00  20.38 °C  60.49 %  877.9 hPa 1.035E-03 g/cm³ 000 chk 19797
18/12/2019 18:12:00  20.34 °C  60.03 %  877.9 hPa 1.035E-03 g/cm³ 000 chk 18693
18/12/2019 18:13:00  20.30 °C  59.98 %  877.9 hPa 1.036E-03 g/cm³ 000 chk 61920
18/12/2019 18:14:00  20.25 °C  59.45 %  877.9 hPa 1.036E-03 g/cm³ 000 chk 53820
18/12/2019 18:15:00  20.21 °C  59.61 %  877.9 hPa 1.036E-03 g/cm³ 000 chk  3012
18/12/2019 18:16:00  20.18 °C  59.61 %  877.9 hPa 1.036E-03 g/cm³ 000 chk  6743
18/12/2019 18:17:00  20.14 °C  61.65 %  877.9 hPa 1.036E-03 g/cm³ 000 chk  6052
18/12/2019 18:18:00  20.13 °C  63.62 %  877.9 hPa 1.036E-03 g/cm³ 000 chk 33166
18/12/2019 18:19:00  20.12 °C  65.46 %  877.9 hPa 1.036E-03 g/cm³ 000 chk 44797
18/12/2019 18:20:00  20.13 °C  67.10 %  877.9 hPa 1.036E-03 g/cm³ 000 chk 49897
18/12/2019 18:21:00  20.14 °C  68.56 %  877.9 hPa 1.035E-03 g/cm³ 000 chk 33344
18/12/2019 18:22:00  20.15 °C  69.52 %  877.9 hPa 1.035E-03 g/cm³ 000 chk 18546
18/12/2019 18:23:00  20.17 °C  70.79 %  877.9 hPa 1.035E-03 g/cm³ 000 chk 18286
18/12/2019 18:24:00  20.19 °C  71.65 %  877.9 hPa 1.035E-03 g/cm³ 000 chk 29870
18/12/2019 18:25:00  20.22 °C  72.33 %  877.9 hPa 1.035E-03 g/cm³ 000 chk  3403
18/12/2019 18:26:00  20.25 °C  72.97 %  877.9 hPa 1.035E-03 g/cm³ 000 chk 62162
18/12/2019 18:27:00  20.28 °C  73.76 %  877.9 hPa 1.034E-03 g/cm³ 000 chk 31972
18/12/2019 18:28:00  20.31 °C  73.87 %  877.9 hPa 1.034E-03 g/cm³ 000 chk 24389
18/12/2019 18:29:00  20.34 °C  74.49 %  878.0 hPa 1.034E-03 g/cm³ 000 chk 15446
18/12/2019 18:30:00  20.37 °C  75.19 %  877.9 hPa 1.034E-03 g/cm³ 000 chk 45645
18/12/2019 18:31:00  20.39 °C  75.43 %  877.9 hPa 1.034E-03 g/cm³ 000 chk   249
18/12/2019 18:32:00  20.42 °C  75.72 %  878.0 hPa 1.034E-03 g/cm³ 000 chk 13606
18/12/2019 18:33:00  20.45 °C  76.28 %  877.9 hPa 1.033E-03 g/cm³ 000 chk 33475
18/12/2019 18:34:00  20.47 °C  76.39 %  878.0 hPa 1.033E-03 g/cm³ 000 chk 61930
18/12/2019 18:35:00  20.50 °C  77.05 %  878.0 hPa 1.033E-03 g/cm³ 000 chk 13042
18/12/2019 18:36:00  20.53 °C  76.86 %  878.0 hPa 1.033E-03 g/cm³ 000 chk 22827
18/12/2019 18:37:00  20.55 °C  76.82 %  878.0 hPa 1.033E-03 g/cm³ 000 chk  8971
18/12/2019 18:38:00  20.58 °C  77.12 %  878.1 hPa 1.033E-03 g/cm³ 000 chk  5018
18/12/2019 18:39:00  20.60 °C  76.99 %  878.1 hPa 1.033E-03 g/cm³ 000 chk 18677
18/12/2019 18:40:00  20.63 °C  77.34 %  878.1 hPa 1.033E-03 g/cm³ 000 chk 18246
18/12/2019 18:41:00  20.65 °C  77.32 %  878.1 hPa 1.033E-03 g/cm³ 000 chk 42855
18/12/2019 18:42:00  20.67 °C  77.29 %  878.1 hPa 1.032E-03 g/cm³ 000 chk  9444
18/12/2019 18:43:00  20.69 °C  77.32 %  878.1 hPa 1.032E-03 g/cm³ 000 chk 48100
18/12/2019 18:44:00  20.71 °C  77.26 %  878.1 hPa 1.032E-03 g/cm³ 000 chk  1070
18/12/2019 18:45:00  20.73 °C  77.22 %  878.2 hPa 1.032E-03 g/cm³ 000 chk 62199
18/12/2019 18:46:00  20.76 °C  77.26 %  878.2 hPa 1.032E-03 g/cm³ 000 chk 28639
18/12/2019 18:47:00  20.77 °C  77.20 %  878.2 hPa 1.032E-03 g/cm³ 000 chk 47803
18/12/2019 18:48:00  20.79 °C  77.06 %  878.3 hPa 1.032E-03 g/cm³ 000 chk 51051
18/12/2019 18:49:00  20.80 °C  74.82 %  878.3 hPa 1.033E-03 g/cm³ 000 chk 33012
18/12/2019 18:50:00  20.81 °C  72.93 %  878.3 hPa 1.033E-03 g/cm³ 000 chk 55415
18/12/2019 18:51:00  20.79 °C  70.61 %  878.3 hPa 1.033E-03 g/cm³ 000 chk 45111
18/12/2019 18:52:00  20.76 °C  68.99 %  878.3 hPa 1.033E-03 g/cm³ 000 chk  5189
18/12/2019 18:53:00  20.74 °C  67.59 %  878.3 hPa 1.034E-03 g/cm³ 000 chk 11847
18/12/2019 18:54:00  20.70 °C  66.11 %  878.3 hPa 1.034E-03 g/cm³ 000 chk 50323
18/12/2019 18:55:00  20.66 °C  65.03 %  878.3 hPa 1.034E-03 g/cm³ 000 chk 12329
18/12/2019 18:56:00  20.62 °C  63.99 %  878.3 hPa 1.034E-03 g/cm³ 000 chk 39883
18/12/2019 18:57:00  20.57 °C  62.58 %  878.3 hPa 1.035E-03 g/cm³ 000 chk 59930
18/12/2019 18:58:00  20.53 °C  62.59 %  878.3 hPa 1.035E-03 g/cm³ 000 chk    72
18/12/2019 18:59:00  20.48 °C  61.74 %  878.3 hPa 1.035E-03 g/cm³ 000 chk 34639
18/12/2019 19:00:00  20.43 °C  61.23 %  878.3 hPa 1.035E-03 g/cm³ 000 chk 53549
18/12/2019 19:01:00  20.38 °C  61.14 %  878.3 hPa 1.036E-03 g/cm³ 000 chk 46596
18/12/2019 19:02:00  20.33 °C  60.50 %  878.3 hPa 1.036E-03 g/cm³ 000 chk  4367
18/12/2019 19:03:00  20.29 °C  60.47 %  878.3 hPa 1.036E-03 g/cm³ 000 chk 34203
18/12/2019 19:04:00  20.25 °C  60.17 %  878.3 hPa 1.036E-03 g/cm³ 000 chk  6514
18/12/2019 19:05:00  20.20 °C  59.61 %  878.4 hPa 1.037E-03 g/cm³ 000 chk 61434
18/12/2019 19:06:00  20.16 °C  59.58 %  878.4 hPa 1.037E-03 g/cm³ 000 chk    87
18/12/2019 19:07:00  20.12 °C  58.89 %  878.3 hPa 1.037E-03 g/cm³ 000 chk 49074
18/12/2019 19:08:00  20.09 °C  59.97 %  878.3 hPa 1.037E-03 g/cm³ 000 chk 17672
18/12/2019 19:09:00  20.06 °C  61.93 %  878.4 hPa 1.037E-03 g/cm³ 000 chk 54290
18/12/2019 19:10:00  20.05 °C  63.92 %  878.4 hPa 1.037E-03 g/cm³ 000 chk 61256
18/12/2019 19:11:00  20.06 °C  65.53 %  878.4 hPa 1.037E-03 g/cm³ 000 chk 64319
18/12/2019 19:12:00  20.07 °C  67.31 %  878.4 hPa 1.036E-03 g/cm³ 000 chk 12037
18/12/2019 19:13:00  20.08 °C  69.01 %  878.4 hPa 1.036E-03 g/cm³ 000 chk  7742
18/12/2019 19:14:00  20.10 °C  69.82 %  878.5 hPa 1.036E-03 g/cm³ 000 chk 23268
18/12/2019 19:15:00  20.13 °C  71.03 %  878.5 hPa 1.036E-03 g/cm³ 000 chk 10005
18/12/2019 19:16:00  20.15 °C  71.97 %  878.5 hPa 1.036E-03 g/cm³ 000 chk 18747
18/12/2019 19:17:00  20.18 °C  72.35 %  878.5 hPa 1.036E-03 g/cm³ 000 chk  4162
18/12/2019 19:18:00  20.21 °C  73.21 %  878.5 hPa 1.035E-03 g/cm³ 000 chk 23321
18/12/2019 19:19:00  20.25 °C  73.81 %  878.6 hPa 1.035E-03 g/cm³ 000 chk 31862
18/12/2019 19:20:00  20.28 °C  74.35 %  878.6 hPa 1.035E-03 g/cm³ 000 chk  4743
18/12/2019 19:21:00  20.31 °C  74.74 %  878.6 hPa 1.035E-03 g/cm³ 000 chk 39625
18/12/2019 19:22:00  20.34 °C  75.15 %  878.6 hPa 1.035E-03 g/cm³ 000 chk  3603
18/12/2019 19:23:00  20.37 °C  75.37 %  878.7 hPa 1.035E-03 g/cm³ 000 chk 62970
18/12/2019 19:24:00  20.40 °C  75.87 %  878.7 hPa 1.034E-03 g/cm³ 000 chk 26605
18/12/2019 19:25:00  20.43 °C  75.95 %  878.7 hPa 1.034E-03 g/cm³ 000 chk 25895
18/12/2019 19:26:00  20.46 °C  76.45 %  878.7 hPa 1.034E-03 g/cm³ 000 chk 48601
18/12/2019 19:27:00  20.48 °C  76.34 %  878.7 hPa 1.034E-03 g/cm³ 000 chk 20532
18/12/2019 19:28:00  20.51 °C  76.74 %  878.7 hPa 1.034E-03 g/cm³ 000 chk 24458
18/12/2019 19:29:00  20.54 °C  76.80 %  878.7 hPa 1.034E-03 g/cm³ 000 chk 54850
18/12/2019 19:30:00  20.56 °C  76.70 %  878.8 hPa 1.034E-03 g/cm³ 000 chk 54345
18/12/2019 19:31:00  20.58 °C  76.90 %  878.8 hPa 1.034E-03 g/cm³ 000 chk 54752
18/12/2019 19:32:00  20.61 °C  77.16 %  878.8 hPa 1.034E-03 g/cm³ 000 chk 31494
18/12/2019 19:33:00  20.63 °C  77.40 %  878.8 hPa 1.034E-03 g/cm³ 000 chk 23736
18/12/2019 19:34:00  20.66 °C  77.07 %  878.8 hPa 1.033E-03 g/cm³ 000 chk 24308
18/12/2019 19:35:00  20.67 °C  77.23 %  878.8 hPa 1.033E-03 g/cm³ 000 chk 53706
18/12/2019 19:36:00  20.70 °C  77.15 %  878.8 hPa 1.033E-03 g/cm³ 000 chk 58758
18/12/2019 19:37:00  20.72 °C  77.14 %  878.8 hPa 1.033E-03 g/cm³ 000 chk 49568
18/12/2019 19:38:00  20.74 °C  76.98 %  878.8 hPa 1.033E-03 g/cm³ 000 chk 26630
18/12/2019 19:39:00  20.76 °C  77.02 %  878.8 hPa 1.033E-03 g/cm³ 000 chk 17019
18/12/2019 19:40:00  20.78 °C  77.06 %  878.8 hPa 1.033E-03 g/cm³ 000 chk 16684
18/12/2019 19:41:00  20.79 °C  77.10 %  878.9 hPa 1.033E-03 g/cm³ 000 chk 44336
18/12/2019 19:42:00  20.81 °C  75.75 %  878.9 hPa 1.033E-03 g/cm³ 000 chk 53887
18/12/2019 19:43:00  20.82 °C  74.23 %  878.9 hPa 1.033E-03 g/cm³ 000 chk 62493
18/12/2019 19:44:00  20.81 °C  72.28 %  878.9 hPa 1.033E-03 g/cm³ 000 chk 44136
18/12/2019 19:45:00  20.79 °C  70.96 %  878.9 hPa 1.034E-03 g/cm³ 000 chk 39641
18/12/2019 19:46:00  20.77 °C  69.95 %  878.9 hPa 1.034E-03 g/cm³ 000 chk 41438
18/12/2019 19:47:00  20.75 °C  69.01 %  878.9 hPa 1.034E-03 g/cm³ 000 chk  7613
18/12/2019 19:48:00  20.73 °C  67.98 %  879.0 hPa 1.034E-03 g/cm³ 000 chk 11401
18/12/2019 19:49:00  20.69 °C  66.58 %  879.0 hPa 1.035E-03 g/cm³ 000 chk 59953
18/12/2019 19:50:00  20.65 °C  64.69 %  879.0 hPa 1.035E-03 g/cm³ 000 chk 10838
18/12/2019 19:51:00  20.61 °C  63.54 %  879.0 hPa 1.035E-03 g/cm³ 000 chk  1744
18/12/2019 19:52:00  20.56 °C  62.73 %  879.0 hPa 1.036E-03 g/cm³ 000 chk 12236
18/12/2019 19:53:00  20.51 °C  61.79 %  879.0 hPa 1.036E-03 g/cm³ 000 chk 12809
18/12/2019 19:54:00  20.47 °C  62.15 %  879.0 hPa 1.036E-03 g/cm³ 000 chk 16302
18/12/2019 19:55:00  20.43 °C  62.36 %  879.0 hPa 1.036E-03 g/cm³ 000 chk 58711
18/12/2019 19:56:00  20.39 °C  62.83 %  879.0 hPa 1.036E-03 g/cm³ 000 chk 23774
18/12/2019 19:57:00  20.35 °C  62.74 %  879.0 hPa 1.036E-03 g/cm³ 000 chk 64985
18/12/2019 19:58:00  20.32 °C  62.70 %  879.1 hPa 1.037E-03 g/cm³ 000 chk 34141
18/12/2019 19:59:00  20.29 °C  62.24 %  879.0 hPa 1.037E-03 g/cm³ 000 chk 52968
18/12/2019 20:00:00  20.26 °C  61.89 %  879.1 hPa 1.037E-03 g/cm³ 000 chk 36012
18/12/2019 20:01:00  20.23 °C  61.69 %  879.1 hPa 1.037E-03 g/cm³ 000 chk 45385
18/12/2019 20:02:00  20.20 °C  61.05 %  879.1 hPa 1.037E-03 g/cm³ 000 chk 24584
18/12/2019 20:03:00  20.17 °C  61.00 %  879.1 hPa 1.038E-03 g/cm³ 000 chk 37653
18/12/2019 20:04:00  20.14 °C  60.85 %  879.1 hPa 1.038E-03 g/cm³ 000 chk 15450
18/12/2019 20:05:00  20.12 °C  60.99 %  879.1 hPa 1.038E-03 g/cm³ 000 chk 28244
18/12/2019 20:06:00  20.08 °C  60.70 %  879.1 hPa 1.038E-03 g/cm³ 000 chk 59426
18/12/2019 20:07:00  20.06 °C  62.27 %  879.1 hPa 1.038E-03 g/cm³ 000 chk 19375
18/12/2019 20:08:00  20.06 °C  64.09 %  879.1 hPa 1.038E-03 g/cm³ 000 chk 60910
18/12/2019 20:09:00  20.06 °C  65.98 %  879.1 hPa 1.037E-03 g/cm³ 000 chk 16221
18/12/2019 20:10:00  20.07 °C  67.29 %  879.1 hPa 1.037E-03 g/cm³ 000 chk 42650
18/12/2019 20:11:00  20.09 °C  68.38 %  879.1 hPa 1.037E-03 g/cm³ 000 chk 47911
18/12/2019 20:12:00  20.11 °C  69.51 %  879.1 hPa 1.037E-03 g/cm³ 000 chk  4007
18/12/2019 20:13:00  20.14 °C  70.51 %  879.1 hPa 1.037E-03 g/cm³ 000 chk 27303
18/12/2019 20:14:00  20.16 °C  71.29 %  879.1 hPa 1.036E-03 g/cm³ 000 chk  9280
18/12/2019 20:15:00  20.19 °C  71.82 %  879.1 hPa 1.036E-03 g/cm³ 000 chk 60318
18/12/2019 20:16:00  20.22 °C  72.52 %  879.1 hPa 1.036E-03 g/cm³ 000 chk 43097
18/12/2019 20:17:00  20.25 °C  73.22 %  879.1 hPa 1.036E-03 g/cm³ 000 chk 26470
18/12/2019 20:18:00  20.28 °C  73.47 %  879.1 hPa 1.036E-03 g/cm³ 000 chk 42516
18/12/2019 20:19:00  20.31 °C  74.00 %  879.2 hPa 1.036E-03 g/cm³ 000 chk 48116
18/12/2019 20:20:00  20.34 °C  74.50 %  879.2 hPa 1.035E-03 g/cm³ 000 chk 40862
18/12/2019 20:21:00  20.36 °C  75.26 %  879.2 hPa 1.035E-03 g/cm³ 000 chk 59495
18/12/2019 20:22:00  20.39 °C  75.18 %  879.2 hPa 1.035E-03 g/cm³ 000 chk 43703
18/12/2019 20:23:00  20.42 °C  75.35 %  879.2 hPa 1.035E-03 g/cm³ 000 chk 32498
18/12/2019 20:24:00  20.45 °C  75.83 %  879.2 hPa 1.035E-03 g/cm³ 000 chk 61904
18/12/2019 20:25:00  20.47 °C  75.83 %  879.2 hPa 1.035E-03 g/cm³ 000 chk 14583
18/12/2019 20:26:00  20.50 °C  75.86 %  879.3 hPa 1.035E-03 g/cm³ 000 chk 33432
18/12/2019 20:27:00  20.52 °C  75.89 %  879.3 hPa 1.035E-03 g/cm³ 000 chk 41148
18/12/2019 20:28:00  20.55 °C  75.92 %  879.3 hPa 1.035E-03 g/cm³ 000 chk  2690
18/12/2019 20:29:00  20.57 °C  76.12 %  879.3 hPa 1.035E-03 g/cm³ 000 chk 62187
18/12/2019 20:30:00  20.59 °C  76.34 %  879.3 hPa 1.034E-03 g/cm³ 000 chk 62168
18/12/2019 20:31:00  20.62 °C  76.39 %  879.4 hPa 1.034E-03 g/cm³ 000 chk 35371
18/12/2019 20:32:00  20.64 °C  76.32 %  879.4 hPa 1.034E-03 g/cm³ 000 chk  3651
18/12/2019 20:33:00  20.66 °C  76.24 %  879.4 hPa 1.034E-03 g/cm³ 000 chk 59720
18/12/2019 20:34:00  20.67 °C  76.39 %  879.4 hPa 1.034E-03 g/cm³ 000 chk 23775
18/12/2019 20:35:00  20.69 °C  76.45 %  879.4 hPa 1.034E-03 g/cm³ 000 chk 49200
18/12/2019 20:36:00  20.71 °C  76.22 %  879.4 hPa 1.034E-03 g/cm³ 000 chk 58030
18/12/2019 20:37:00  20.73 °C  76.30 %  879.4 hPa 1.034E-03 g/cm³ 000 chk 29092
18/12/2019 20:38:00  20.75 °C  76.14 %  879.5 hPa 1.034E-03 g/cm³ 000 chk 22650
18/12/2019 20:39:00  20.77 °C  76.10 %  879.4 hPa 1.034E-03 g/cm³ 000 chk  7176
18/12/2019 20:40:00  20.79 °C  76.01 %  879.5 hPa 1.034E-03 g/cm³ 000 chk 48935
18/12/2019 20:41:00  20.80 °C  74.83 %  879.5 hPa 1.034E-03 g/cm³ 000 chk 34405
18/12/2019 20:42:00  20.80 °C  72.65 %  879.5 hPa 1.034E-03 g/cm³ 000 chk 46656
18/12/2019 20:43:00  20.79 °C  70.39 %  879.5 hPa 1.034E-03 g/cm³ 000 chk 18672
18/12/2019 20:44:00  20.77 °C  68.61 %  879.6 hPa 1.035E-03 g/cm³ 000 chk  7640
18/12/2019 20:45:00  20.74 °C  66.97 %  879.5 hPa 1.035E-03 g/cm³ 000 chk 33225
18/12/2019 20:46:00  20.70 °C  64.97 %  879.5 hPa 1.035E-03 g/cm³ 000 chk 39195
18/12/2019 20:47:00  20.65 °C  63.55 %  879.6 hPa 1.036E-03 g/cm³ 000 chk 54488
18/12/2019 20:48:00  20.61 °C  62.84 %  879.6 hPa 1.036E-03 g/cm³ 000 chk 28518
18/12/2019 20:49:00  20.56 °C  62.09 %  879.5 hPa 1.036E-03 g/cm³ 000 chk 64160
18/12/2019 20:50:00  20.51 °C  61.30 %  879.5 hPa 1.037E-03 g/cm³ 000 chk 32340
18/12/2019 20:51:00  20.45 °C  60.55 %  879.5 hPa 1.037E-03 g/cm³ 000 chk 19093
18/12/2019 20:52:00  20.41 °C  59.92 %  879.5 hPa 1.037E-03 g/cm³ 000 chk 31458
18/12/2019 20:53:00  20.35 °C  59.95 %  879.5 hPa 1.037E-03 g/cm³ 000 chk 59317
18/12/2019 20:54:00  20.31 °C  60.38 %  879.5 hPa 1.038E-03 g/cm³ 000 chk 35830
18/12/2019 20:55:00  20.27 °C  60.85 %  879.5 hPa 1.038E-03 g/cm³ 000 chk 25946
18/12/2019 20:56:00  20.23 °C  61.55 %  879.5 hPa 1.038E-03 g/cm³ 000 chk 19551
18/12/2019 20:57:00  20.21 °C  61.83 %  879.5 hPa 1.038E-03 g/cm³ 000 chk 43656
18/12/2019 20:58:00  20.18 °C  61.72 %  879.5 hPa 1.038E-03 g/cm³ 000 chk 10251
18/12/2019 20:59:00  20.16 °C  61.13 %  879.5 hPa 1.038E-03 g/cm³ 000 chk  1482
18/12/2019 21:00:00  20.13 °C  60.32 %  879.5 hPa 1.038E-03 g/cm³ 000 chk 34812
18/12/2019 21:01:00  20.10 °C  59.52 %  879.4 hPa 1.038E-03 g/cm³ 000 chk 27874
18/12/2019 21:02:00  20.07 °C  59.95 %  879.4 hPa 1.038E-03 g/cm³ 000 chk 46084
18/12/2019 21:03:00  20.05 °C  61.55 %  879.4 hPa 1.038E-03 g/cm³ 000 chk 42656
18/12/2019 21:04:00  20.04 °C  63.59 %  879.4 hPa 1.038E-03 g/cm³ 000 chk 24097
18/12/2019 21:05:00  20.05 °C  65.06 %  879.4 hPa 1.038E-03 g/cm³ 000 chk 11922
18/12/2019 21:06:00  20.05 °C  66.93 %  879.4 hPa 1.038E-03 g/cm³ 000 chk 63775
18/12/2019 21:07:00  20.06 °C  68.07 %  879.4 hPa 1.038E-03 g/cm³ 000 chk 46110
18/12/2019 21:08:00  20.08 °C  69.16 %  879.4 hPa 1.037E-03 g/cm³ 000 chk 42943
18/12/2019 21:09:00  20.11 °C  70.08 %  879.4 hPa 1.037E-03 g/cm³ 000 chk 23817
18/12/2019 21:10:00  20.13 °C  70.99 %  879.4 hPa 1.037E-03 g/cm³ 000 chk 38637
18/12/2019 21:11:00  20.15 °C  71.37 %  879.4 hPa 1.037E-03 g/cm³ 000 chk  4064
18/12/2019 21:12:00  20.18 °C  71.98 %  879.5 hPa 1.037E-03 g/cm³ 000 chk 15267
18/12/2019 21:13:00  20.21 °C  72.65 %  879.5 hPa 1.037E-03 g/cm³ 000 chk 49141
18/12/2019 21:14:00  20.24 °C  73.12 %  879.5 hPa 1.036E-03 g/cm³ 000 chk 12116
18/12/2019 21:15:00  20.27 °C  73.40 %  879.5 hPa 1.036E-03 g/cm³ 000 chk 60715
18/12/2019 21:16:00  20.31 °C  74.02 %  879.5 hPa 1.036E-03 g/cm³ 000 chk 52277
18/12/2019 21:17:00  20.34 °C  74.26 %  879.4 hPa 1.036E-03 g/cm³ 000 chk 32089
18/12/2019 21:18:00  20.36 °C  74.58 %  879.4 hPa 1.036E-03 g/cm³ 000 chk  6223
18/12/2019 21:19:00  20.39 °C  74.70 %  879.4 hPa 1.035E-03 g/cm³ 000 chk 24763
18/12/2019 21:20:00  20.41 °C  75.00 %  879.4 hPa 1.035E-03 g/cm³ 000 chk 32488
18/12/2019 21:21:00  20.44 °C  75.07 %  879.4 hPa 1.035E-03 g/cm³ 000 chk 33163
18/12/2019 21:22:00  20.46 °C  75.41 %  879.4 hPa 1.035E-03 g/cm³ 000 chk 29522
18/12/2019 21:23:00  20.49 °C  75.57 %  879.4 hPa 1.035E-03 g/cm³ 000 chk  3216
18/12/2019 21:24:00  20.51 °C  75.68 %  879.4 hPa 1.035E-03 g/cm³ 000 chk 60419
18/12/2019 21:25:00  20.53 °C  75.69 %  879.4 hPa 1.035E-03 g/cm³ 000 chk 51237
18/12/2019 21:26:00  20.55 °C  75.59 %  879.4 hPa 1.035E-03 g/cm³ 000 chk 54072
18/12/2019 21:27:00  20.58 °C  75.72 %  879.4 hPa 1.035E-03 g/cm³ 000 chk 48652
18/12/2019 21:28:00  20.60 °C  75.75 %  879.3 hPa 1.034E-03 g/cm³ 000 chk 11407
18/12/2019 21:29:00  20.62 °C  75.93 %  879.4 hPa 1.035E-03 g/cm³ 000 chk 42052
18/12/2019 21:30:00  20.64 °C  75.70 %  879.4 hPa 1.034E-03 g/cm³ 000 chk 62116
18/12/2019 21:31:00  20.66 °C  75.65 %  879.4 hPa 1.034E-03 g/cm³ 000 chk 25263
18/12/2019 21:32:00  20.67 °C  75.75 %  879.4 hPa 1.034E-03 g/cm³ 000 chk 36012
18/12/2019 21:33:00  20.69 °C  75.55 %  879.4 hPa 1.034E-03 g/cm³ 000 chk 36057
18/12/2019 21:34:00  20.70 °C  75.45 %  879.4 hPa 1.034E-03 g/cm³ 000 chk 54994
18/12/2019 21:35:00  20.72 °C  75.37 %  879.4 hPa 1.034E-03 g/cm³ 000 chk 17718
18/12/2019 21:36:00  20.74 °C  75.30 %  879.4 hPa 1.034E-03 g/cm³ 000 chk 23901
18/12/2019 21:37:00  20.75 °C  75.20 %  879.4 hPa 1.034E-03 g/cm³ 000 chk 42517
18/12/2019 21:38:00  20.76 °C  75.11 %  879.4 hPa 1.034E-03 g/cm³ 000 chk 31093
18/12/2019 21:39:00  20.78 °C  74.94 %  879.5 hPa 1.034E-03 g/cm³ 000 chk 34938
18/12/2019 21:40:00  20.79 °C  74.64 %  879.5 hPa 1.034E-03 g/cm³ 000 chk  1485
18/12/2019 21:41:00  20.80 °C  73.04 %  879.5 hPa 1.034E-03 g/cm³ 000 chk 14179
18/12/2019 21:42:00  20.79 °C  71.27 %  879.5 hPa 1.034E-03 g/cm³ 000 chk 63321
18/12/2019 21:43:00  20.78 °C  70.24 %  879.5 hPa 1.035E-03 g/cm³ 000 chk 11232
18/12/2019 21:44:00  20.76 °C  68.90 %  879.5 hPa 1.035E-03 g/cm³ 000 chk 26738
18/12/2019 21:45:00  20.74 °C  67.83 %  879.5 hPa 1.035E-03 g/cm³ 000 chk 59079
18/12/2019 21:46:00  20.71 °C  66.33 %  879.5 hPa 1.035E-03 g/cm³ 000 chk 24300
18/12/2019 21:47:00  20.68 °C  65.42 %  879.4 hPa 1.035E-03 g/cm³ 000 chk 57254
18/12/2019 21:48:00  20.64 °C  64.74 %  879.4 hPa 1.035E-03 g/cm³ 000 chk 26769
18/12/2019 21:49:00  20.60 °C  63.64 %  879.4 hPa 1.036E-03 g/cm³ 000 chk 62477
18/12/2019 21:50:00  20.56 °C  62.74 %  879.4 hPa 1.036E-03 g/cm³ 000 chk 46376
18/12/2019 21:51:00  20.51 °C  62.09 %  879.4 hPa 1.036E-03 g/cm³ 000 chk 39689
18/12/2019 21:52:00  20.47 °C  61.47 %  879.4 hPa 1.037E-03 g/cm³ 000 chk 59043
18/12/2019 21:53:00  20.42 °C  61.11 %  879.4 hPa 1.037E-03 g/cm³ 000 chk 62552
18/12/2019 21:54:00  20.37 °C  60.55 %  879.4 hPa 1.037E-03 g/cm³ 000 chk 57531
18/12/2019 21:55:00  20.33 °C  60.17 %  879.4 hPa 1.037E-03 g/cm³ 000 chk 55213
18/12/2019 21:56:00  20.28 °C  59.74 %  879.4 hPa 1.038E-03 g/cm³ 000 chk 15741
18/12/2019 21:57:00  20.24 °C  59.18 %  879.4 hPa 1.038E-03 g/cm³ 000 chk   573
18/12/2019 21:58:00  20.20 °C  59.00 %  879.4 hPa 1.038E-03 g/cm³ 000 chk 11584
18/12/2019 21:59:00  20.17 °C  59.01 %  879.4 hPa 1.038E-03 g/cm³ 000 chk 44563
18/12/2019 22:00:00  20.14 °C  60.61 %  879.3 hPa 1.038E-03 g/cm³ 000 chk 38815
18/12/2019 22:01:00  20.12 °C  62.64 %  879.3 hPa 1.038E-03 g/cm³ 000 chk 24709
18/12/2019 22:02:00  20.12 °C  64.28 %  879.3 hPa 1.038E-03 g/cm³ 000 chk  9105
18/12/2019 22:03:00  20.11 °C  65.73 %  879.3 hPa 1.037E-03 g/cm³ 000 chk 28862
18/12/2019 22:04:00  20.12 °C  67.22 %  879.2 hPa 1.037E-03 g/cm³ 000 chk 25459
18/12/2019 22:05:00  20.13 °C  68.36 %  879.2 hPa 1.037E-03 g/cm³ 000 chk  7300
18/12/2019 22:06:00  20.14 °C  69.55 %  879.2 hPa 1.037E-03 g/cm³ 000 chk 29148
18/12/2019 22:07:00  20.16 °C  70.06 %  879.2 hPa 1.037E-03 g/cm³ 000 chk 22016
18/12/2019 22:08:00  20.18 °C  70.71 %  879.2 hPa 1.037E-03 g/cm³ 000 chk 16156
18/12/2019 22:09:00  20.21 °C  71.65 %  879.1 hPa 1.036E-03 g/cm³ 000 chk 21707
18/12/2019 22:10:00  20.23 °C  71.90 %  879.1 hPa 1.036E-03 g/cm³ 000 chk 60352
18/12/2019 22:11:00  20.26 °C  72.60 %  879.1 hPa 1.036E-03 g/cm³ 000 chk 58926
18/12/2019 22:12:00  20.28 °C  73.09 %  879.1 hPa 1.036E-03 g/cm³ 000 chk 42682
18/12/2019 22:13:00  20.31 °C  73.26 %  879.1 hPa 1.036E-03 g/cm³ 000 chk 10264
18/12/2019 22:14:00  20.34 °C  73.79 %  879.1 hPa 1.035E-03 g/cm³ 000 chk   382
18/12/2019 22:15:00  20.37 °C  73.66 %  879.1 hPa 1.035E-03 g/cm³ 000 chk 29366
18/12/2019 22:16:00  20.39 °C  74.18 %  879.1 hPa 1.035E-03 g/cm³ 000 chk 20802
18/12/2019 22:17:00  20.41 °C  74.34 %  879.1 hPa 1.035E-03 g/cm³ 000 chk 39493
18/12/2019 22:18:00  20.44 °C  74.78 %  879.1 hPa 1.035E-03 g/cm³ 000 chk 20576
18/12/2019 22:19:00  20.46 °C  74.82 %  879.1 hPa 1.035E-03 g/cm³ 000 chk 60143
18/12/2019 22:20:00  20.48 °C  74.94 %  879.1 hPa 1.035E-03 g/cm³ 000 chk 56639
18/12/2019 22:21:00  20.50 °C  74.96 %  879.1 hPa 1.035E-03 g/cm³ 000 chk 29444
18/12/2019 22:22:00  20.52 °C  75.00 %  879.1 hPa 1.035E-03 g/cm³ 000 chk 53297
18/12/2019 22:23:00  20.54 °C  75.23 %  879.1 hPa 1.035E-03 g/cm³ 000 chk 26955
18/12/2019 22:24:00  20.56 °C  75.15 %  879.1 hPa 1.034E-03 g/cm³ 000 chk 28935
18/12/2019 22:25:00  20.58 °C  75.27 %  879.0 hPa 1.034E-03 g/cm³ 000 chk 53771
18/12/2019 22:26:00  20.60 °C  75.21 %  879.1 hPa 1.034E-03 g/cm³ 000 chk 17676
18/12/2019 22:27:00  20.62 °C  75.25 %  879.0 hPa 1.034E-03 g/cm³ 000 chk   382
18/12/2019 22:28:00  20.64 °C  75.17 %  879.0 hPa 1.034E-03 g/cm³ 000 chk 65496
18/12/2019 22:29:00  20.66 °C  75.07 %  879.0 hPa 1.034E-03 g/cm³ 000 chk 63187
18/12/2019 22:30:00  20.67 °C  74.99 %  879.0 hPa 1.034E-03 g/cm³ 000 chk 46187
18/12/2019 22:31:00  20.69 °C  74.93 %  879.0 hPa 1.034E-03 g/cm³ 000 chk  1606
18/12/2019 22:32:00  20.71 °C  74.87 %  879.0 hPa 1.034E-03 g/cm³ 000 chk 37658
18/12/2019 22:33:00  20.72 °C  74.83 %  879.0 hPa 1.034E-03 g/cm³ 000 chk 49148
18/12/2019 22:34:00  20.74 °C  74.70 %  879.0 hPa 1.034E-03 g/cm³ 000 chk 63659
18/12/2019 22:35:00  20.75 °C  74.56 %  879.0 hPa 1.034E-03 g/cm³ 000 chk 60820
18/12/2019 22:36:00  20.76 °C  74.49 %  879.0 hPa 1.034E-03 g/cm³ 000 chk 35607
18/12/2019 22:37:00  20.77 °C  74.37 %  879.0 hPa 1.033E-03 g/cm³ 000 chk 29940
18/12/2019 22:38:00  20.78 °C  73.13 %  879.0 hPa 1.034E-03 g/cm³ 000 chk 51623
18/12/2019 22:39:00  20.79 °C  71.48 %  879.0 hPa 1.034E-03 g/cm³ 000 chk  3427
18/12/2019 22:40:00  20.78 °C  70.25 %  879.0 hPa 1.034E-03 g/cm³ 000 chk 24719
18/12/2019 22:41:00  20.76 °C  68.29 %  879.0 hPa 1.034E-03 g/cm³ 000 chk 13788
18/12/2019 22:42:00  20.73 °C  66.28 %  878.9 hPa 1.034E-03 g/cm³ 000 chk 24662
18/12/2019 22:43:00  20.69 °C  64.26 %  878.9 hPa 1.035E-03 g/cm³ 000 chk 20759
18/12/2019 22:44:00  20.65 °C  62.62 %  878.8 hPa 1.035E-03 g/cm³ 000 chk  8394
18/12/2019 22:45:00  20.60 °C  62.25 %  878.8 hPa 1.035E-03 g/cm³ 000 chk  7964
18/12/2019 22:46:00  20.55 °C  61.71 %  878.8 hPa 1.036E-03 g/cm³ 000 chk 33402
18/12/2019 22:47:00  20.51 °C  62.15 %  878.7 hPa 1.036E-03 g/cm³ 000 chk 20240
18/12/2019 22:48:00  20.46 °C  62.61 %  878.7 hPa 1.036E-03 g/cm³ 000 chk 24146
18/12/2019 22:49:00  20.43 °C  62.66 %  878.7 hPa 1.036E-03 g/cm³ 000 chk 41265
18/12/2019 22:50:00  20.39 °C  62.46 %  878.7 hPa 1.036E-03 g/cm³ 000 chk 31537
18/12/2019 22:51:00  20.36 °C  61.70 %  878.6 hPa 1.036E-03 g/cm³ 000 chk 52699
18/12/2019 22:52:00  20.32 °C  60.79 %  878.6 hPa 1.036E-03 g/cm³ 000 chk  8237
18/12/2019 22:53:00  20.28 °C  59.86 %  878.6 hPa 1.037E-03 g/cm³ 000 chk 55230
18/12/2019 22:54:00  20.24 °C  59.05 %  878.6 hPa 1.037E-03 g/cm³ 000 chk 64935
18/12/2019 22:55:00  20.19 °C  58.53 %  878.6 hPa 1.037E-03 g/cm³ 000 chk 16636
18/12/2019 22:56:00  20.15 °C  60.08 %  878.6 hPa 1.037E-03 g/cm³ 000 chk 46046
18/12/2019 22:57:00  20.13 °C  62.28 %  878.6 hPa 1.037E-03 g/cm³ 000 chk  7583
18/12/2019 22:58:00  20.12 °C  63.71 %  878.6 hPa 1.037E-03 g/cm³ 000 chk 55692
18/12/2019 22:59:00  20.12 °C  65.51 %  878.6 hPa 1.037E-03 g/cm³ 000 chk  4926
18/12/2019 23:00:00  20.12 °C  66.68 %  878.6 hPa 1.036E-03 g/cm³ 000 chk 36634
18/12/2019 23:01:00  20.13 °C  68.00 %  878.6 hPa 1.036E-03 g/cm³ 000 chk 15408
18/12/2019 23:02:00  20.14 °C  69.18 %  878.6 hPa 1.036E-03 g/cm³ 000 chk  3752
18/12/2019 23:03:00  20.16 °C  69.89 %  878.6 hPa 1.036E-03 g/cm³ 000 chk 11211
18/12/2019 23:04:00  20.18 °C  70.69 %  878.6 hPa 1.036E-03 g/cm³ 000 chk 36061
18/12/2019 23:05:00  20.20 °C  71.22 %  878.6 hPa 1.036E-03 g/cm³ 000 chk 54894
18/12/2019 23:06:00  20.22 °C  72.10 %  878.6 hPa 1.036E-03 g/cm³ 000 chk 24659
18/12/2019 23:07:00  20.25 °C  72.42 %  878.6 hPa 1.035E-03 g/cm³ 000 chk 25705
18/12/2019 23:08:00  20.28 °C  72.65 %  878.6 hPa 1.035E-03 g/cm³ 000 chk 65455
18/12/2019 23:09:00  20.31 °C  73.21 %  878.6 hPa 1.035E-03 g/cm³ 000 chk 32509
18/12/2019 23:10:00  20.33 °C  73.46 %  878.6 hPa 1.035E-03 g/cm³ 000 chk 23218
18/12/2019 23:11:00  20.36 °C  73.75 %  878.6 hPa 1.035E-03 g/cm³ 000 chk 53671
18/12/2019 23:12:00  20.38 °C  73.95 %  878.6 hPa 1.035E-03 g/cm³ 000 chk 50501
18/12/2019 23:13:00  20.42 °C  74.08 %  878.6 hPa 1.035E-03 g/cm³ 000 chk 29071
18/12/2019 23:14:00  20.44 °C  74.40 %  878.6 hPa 1.034E-03 g/cm³ 000 chk 26629
18/12/2019 23:15:00  20.47 °C  74.56 %  878.6 hPa 1.034E-03 g/cm³ 000 chk  7886
18/12/2019 23:16:00  20.49 °C  74.76 %  878.6 hPa 1.034E-03 g/cm³ 000 chk  3056
18/12/2019 23:17:00  20.51 °C  74.78 %  878.6 hPa 1.034E-03 g/cm³ 000 chk 14792
18/12/2019 23:18:00  20.53 °C  75.00 %  878.6 hPa 1.034E-03 g/cm³ 000 chk  8898
18/12/2019 23:19:00  20.55 °C  75.12 %  878.6 hPa 1.034E-03 g/cm³ 000 chk 30414
18/12/2019 23:20:00  20.57 °C  75.08 %  878.6 hPa 1.034E-03 g/cm³ 000 chk 54292
18/12/2019 23:21:00  20.58 °C  75.16 %  878.6 hPa 1.034E-03 g/cm³ 000 chk 17364
18/12/2019 23:22:00  20.60 °C  75.23 %  878.6 hPa 1.034E-03 g/cm³ 000 chk 23280
18/12/2019 23:23:00  20.61 °C  75.45 %  878.6 hPa 1.034E-03 g/cm³ 000 chk 36730
18/12/2019 23:24:00  20.63 °C  75.25 %  878.6 hPa 1.034E-03 g/cm³ 000 chk 31086
18/12/2019 23:25:00  20.65 °C  75.16 %  878.6 hPa 1.033E-03 g/cm³ 000 chk   639
18/12/2019 23:26:00  20.66 °C  75.05 %  878.6 hPa 1.033E-03 g/cm³ 000 chk 63743
18/12/2019 23:27:00  20.68 °C  75.02 %  878.6 hPa 1.033E-03 g/cm³ 000 chk 15312
18/12/2019 23:28:00  20.69 °C  75.10 %  878.6 hPa 1.033E-03 g/cm³ 000 chk 12392
18/12/2019 23:29:00  20.70 °C  74.85 %  878.6 hPa 1.033E-03 g/cm³ 000 chk 40395
18/12/2019 23:30:00  20.72 °C  74.76 %  878.6 hPa 1.033E-03 g/cm³ 000 chk 52416
18/12/2019 23:31:00  20.73 °C  74.56 %  878.6 hPa 1.033E-03 g/cm³ 000 chk 14335
18/12/2019 23:32:00  20.75 °C  74.46 %  878.6 hPa 1.033E-03 g/cm³ 000 chk 60601
18/12/2019 23:33:00  20.76 °C  74.30 %  878.5 hPa 1.033E-03 g/cm³ 000 chk 53603
18/12/2019 23:34:00  20.77 °C  74.12 %  878.5 hPa 1.033E-03 g/cm³ 000 chk 36736
18/12/2019 23:35:00  20.78 °C  74.03 %  878.5 hPa 1.033E-03 g/cm³ 000 chk 62275
18/12/2019 23:36:00  20.80 °C  73.89 %  878.5 hPa 1.033E-03 g/cm³ 000 chk 63202
18/12/2019 23:37:00  20.81 °C  73.80 %  878.5 hPa 1.033E-03 g/cm³ 000 chk 51333
18/12/2019 23:38:00  20.82 °C  73.66 %  878.5 hPa 1.033E-03 g/cm³ 000 chk 54548
18/12/2019 23:39:00  20.84 °C  73.13 %  878.5 hPa 1.033E-03 g/cm³ 000 chk 33527
18/12/2019 23:40:00  20.84 °C  72.00 %  878.5 hPa 1.033E-03 g/cm³ 000 chk 47131
18/12/2019 23:41:00  20.83 °C  69.46 %  878.5 hPa 1.033E-03 g/cm³ 000 chk 61462
18/12/2019 23:42:00  20.81 °C  67.67 %  878.5 hPa 1.034E-03 g/cm³ 000 chk 25541
18/12/2019 23:43:00  20.78 °C  66.40 %  878.5 hPa 1.034E-03 g/cm³ 000 chk 12946
18/12/2019 23:44:00  20.75 °C  64.98 %  878.5 hPa 1.034E-03 g/cm³ 000 chk 30443
18/12/2019 23:45:00  20.71 °C  63.49 %  878.5 hPa 1.034E-03 g/cm³ 000 chk  2025
18/12/2019 23:46:00  20.67 °C  62.67 %  878.5 hPa 1.035E-03 g/cm³ 000 chk  6806
18/12/2019 23:47:00  20.62 °C  62.03 %  878.5 hPa 1.035E-03 g/cm³ 000 chk 37403
18/12/2019 23:48:00  20.56 °C  60.96 %  878.5 hPa 1.035E-03 g/cm³ 000 chk 40069
18/12/2019 23:49:00  20.51 °C  60.29 %  878.4 hPa 1.035E-03 g/cm³ 000 chk 53293
18/12/2019 23:50:00  20.46 °C  60.22 %  878.4 hPa 1.036E-03 g/cm³ 000 chk 28571
18/12/2019 23:51:00  20.42 °C  59.43 %  878.4 hPa 1.036E-03 g/cm³ 000 chk 42389
18/12/2019 23:52:00  20.36 °C  58.98 %  878.4 hPa 1.036E-03 g/cm³ 000 chk 57446
18/12/2019 23:53:00  20.32 °C  59.11 %  878.4 hPa 1.036E-03 g/cm³ 000 chk 55730
18/12/2019 23:54:00  20.27 °C  58.64 %  878.4 hPa 1.037E-03 g/cm³ 000 chk 33667
18/12/2019 23:55:00  20.23 °C  58.34 %  878.3 hPa 1.037E-03 g/cm³ 000 chk 32786
18/12/2019 23:56:00  20.19 °C  58.49 %  878.2 hPa 1.037E-03 g/cm³ 000 chk 11094
18/12/2019 23:57:00  20.16 °C  60.48 %  878.2 hPa 1.037E-03 g/cm³ 000 chk 19942
18/12/2019 23:58:00  20.13 °C  62.65 %  878.2 hPa 1.036E-03 g/cm³ 000 chk  2774
18/12/2019 23:59:00  20.13 °C  64.02 %  878.2 hPa 1.036E-03 g/cm³ 000 chk   976
