12/09/2019  7:54:21  20.53 °C  72.11 %  880.4 hPa 1.036E-03 g/cm³ 000 chk 39536
12/09/2019  7:55:00  20.54 °C  72.25 %  880.4 hPa 1.036E-03 g/cm³ 000 chk 36640
12/09/2019  7:56:00  20.56 °C  72.05 %  880.4 hPa 1.036E-03 g/cm³ 000 chk 37655
12/09/2019  7:57:00  20.57 °C  72.16 %  880.5 hPa 1.036E-03 g/cm³ 000 chk 58891
12/09/2019  7:58:00  20.59 °C  72.26 %  880.5 hPa 1.036E-03 g/cm³ 000 chk 19619
12/09/2019  7:59:00  20.60 °C  72.49 %  880.5 hPa 1.036E-03 g/cm³ 000 chk 41878
12/09/2019  8:00:00  20.62 °C  72.75 %  880.6 hPa 1.036E-03 g/cm³ 000 chk 11607
12/09/2019  8:01:00  20.63 °C  72.71 %  880.6 hPa 1.036E-03 g/cm³ 000 chk 25138
12/09/2019  8:02:00  20.65 °C  72.91 %  880.6 hPa 1.036E-03 g/cm³ 000 chk 47327
12/09/2019  8:03:00  20.66 °C  72.91 %  880.6 hPa 1.036E-03 g/cm³ 000 chk 57400
12/09/2019  8:04:00  20.67 °C  73.14 %  880.7 hPa 1.036E-03 g/cm³ 000 chk 54688
12/09/2019  8:05:00  20.68 °C  73.14 %  880.7 hPa 1.036E-03 g/cm³ 000 chk 33870
12/09/2019  8:06:00  20.69 °C  73.09 %  880.6 hPa 1.036E-03 g/cm³ 000 chk 57883
12/09/2019  8:07:00  20.71 °C  73.34 %  880.6 hPa 1.036E-03 g/cm³ 000 chk 42836
12/09/2019  8:08:00  20.71 °C  73.33 %  880.6 hPa 1.036E-03 g/cm³ 000 chk 25600
12/09/2019  8:09:00  20.72 °C  73.69 %  880.6 hPa 1.036E-03 g/cm³ 000 chk 20093
12/09/2019  8:10:00  20.72 °C  73.73 %  880.6 hPa 1.036E-03 g/cm³ 000 chk 47217
12/09/2019  8:11:00  20.72 °C  73.41 %  880.6 hPa 1.036E-03 g/cm³ 000 chk 34979
12/09/2019  8:12:00  20.72 °C  72.78 %  880.6 hPa 1.036E-03 g/cm³ 000 chk 41508
12/09/2019  8:13:00  20.71 °C  71.99 %  880.6 hPa 1.036E-03 g/cm³ 000 chk  9826
12/09/2019  8:14:00  20.70 °C  71.24 %  880.6 hPa 1.036E-03 g/cm³ 000 chk 37575
12/09/2019  8:15:00  20.69 °C  70.67 %  880.6 hPa 1.036E-03 g/cm³ 000 chk  4244
12/09/2019  8:16:00  20.68 °C  69.96 %  880.6 hPa 1.036E-03 g/cm³ 000 chk 19315
12/09/2019  8:17:00  20.66 °C  69.02 %  880.6 hPa 1.036E-03 g/cm³ 000 chk 65049
12/09/2019  8:18:00  20.64 °C  67.62 %  880.6 hPa 1.037E-03 g/cm³ 000 chk 15682
12/09/2019  8:19:00  20.62 °C  66.48 %  880.6 hPa 1.037E-03 g/cm³ 000 chk  4391
12/09/2019  8:20:00  20.60 °C  66.07 %  880.6 hPa 1.037E-03 g/cm³ 000 chk 10852
12/09/2019  8:21:00  20.57 °C  63.69 %  880.6 hPa 1.037E-03 g/cm³ 000 chk  4784
12/09/2019  8:22:00  20.55 °C  64.40 %  880.6 hPa 1.037E-03 g/cm³ 000 chk 15317
12/09/2019  8:23:00  20.53 °C  64.37 %  880.6 hPa 1.038E-03 g/cm³ 000 chk 62072
12/09/2019  8:24:00  20.51 °C  63.96 %  880.6 hPa 1.038E-03 g/cm³ 000 chk 55520
12/09/2019  8:25:00  20.49 °C  63.90 %  880.6 hPa 1.038E-03 g/cm³ 000 chk   730
12/09/2019  8:26:00  20.47 °C  63.56 %  880.6 hPa 1.038E-03 g/cm³ 000 chk 14435
12/09/2019  8:27:00  20.46 °C  64.18 %  880.6 hPa 1.038E-03 g/cm³ 000 chk 62945
12/09/2019  8:28:00  20.44 °C  62.82 %  880.6 hPa 1.038E-03 g/cm³ 000 chk 34108
12/09/2019  8:29:00  20.43 °C  62.74 %  880.6 hPa 1.038E-03 g/cm³ 000 chk 62838
12/09/2019  8:30:00  20.41 °C  61.64 %  880.6 hPa 1.038E-03 g/cm³ 000 chk 58077
12/09/2019  8:31:00  20.39 °C  61.82 %  880.6 hPa 1.038E-03 g/cm³ 000 chk 23045
12/09/2019  8:32:00  20.37 °C  60.51 %  880.6 hPa 1.038E-03 g/cm³ 000 chk 43404
12/09/2019  8:33:00  20.35 °C  60.50 %  880.6 hPa 1.039E-03 g/cm³ 000 chk 36203
12/09/2019  8:34:00  20.34 °C  59.90 %  880.6 hPa 1.039E-03 g/cm³ 000 chk 49741
12/09/2019  8:35:00  20.32 °C  60.06 %  880.6 hPa 1.039E-03 g/cm³ 000 chk 26986
12/09/2019  8:36:00  20.30 °C  59.77 %  880.6 hPa 1.039E-03 g/cm³ 000 chk 53894
12/09/2019  8:37:00  20.28 °C  59.48 %  880.6 hPa 1.039E-03 g/cm³ 000 chk  3528
12/09/2019  8:38:00  20.27 °C  59.42 %  880.6 hPa 1.039E-03 g/cm³ 000 chk 17620
12/09/2019  8:39:00  20.26 °C  59.35 %  880.6 hPa 1.039E-03 g/cm³ 000 chk 48243
12/09/2019  8:40:00  20.25 °C  59.40 %  880.6 hPa 1.039E-03 g/cm³ 000 chk  2606
12/09/2019  8:41:00  20.23 °C  59.14 %  880.6 hPa 1.039E-03 g/cm³ 000 chk 28823
12/09/2019  8:42:00  20.22 °C  59.90 %  880.6 hPa 1.039E-03 g/cm³ 000 chk 60368
12/09/2019  8:43:00  20.21 °C  60.97 %  880.6 hPa 1.039E-03 g/cm³ 000 chk 64117
12/09/2019  8:44:00  20.21 °C  62.06 %  880.6 hPa 1.039E-03 g/cm³ 000 chk 58227
12/09/2019  8:45:00  20.22 °C  63.13 %  880.6 hPa 1.039E-03 g/cm³ 000 chk 29348
12/09/2019  8:46:00  20.22 °C  63.74 %  880.6 hPa 1.039E-03 g/cm³ 000 chk 52900
12/09/2019  8:47:00  20.23 °C  64.77 %  880.6 hPa 1.039E-03 g/cm³ 000 chk 45713
12/09/2019  8:48:00  20.24 °C  65.40 %  880.6 hPa 1.039E-03 g/cm³ 000 chk 54507
12/09/2019  8:49:00  20.25 °C  66.14 %  880.7 hPa 1.038E-03 g/cm³ 000 chk 37541
12/09/2019  8:50:00  20.26 °C  66.69 %  880.6 hPa 1.038E-03 g/cm³ 000 chk 27729
12/09/2019  8:51:00  20.27 °C  67.35 %  880.7 hPa 1.038E-03 g/cm³ 000 chk 41703
12/09/2019  8:52:00  20.29 °C  68.14 %  880.7 hPa 1.038E-03 g/cm³ 000 chk 43622
12/09/2019  8:53:00  20.30 °C  67.88 %  880.7 hPa 1.038E-03 g/cm³ 000 chk 25188
12/09/2019  8:54:00  20.32 °C  69.15 %  880.7 hPa 1.038E-03 g/cm³ 000 chk 33915
12/09/2019  8:55:00  20.33 °C  70.05 %  880.7 hPa 1.038E-03 g/cm³ 000 chk 58961
12/09/2019  8:56:00  20.35 °C  70.13 %  880.7 hPa 1.038E-03 g/cm³ 000 chk 54039
12/09/2019  8:57:00  20.36 °C  70.07 %  880.8 hPa 1.038E-03 g/cm³ 000 chk  7133
12/09/2019  8:58:00  20.38 °C  70.46 %  880.8 hPa 1.038E-03 g/cm³ 000 chk 40118
12/09/2019  8:59:00  20.39 °C  70.69 %  880.8 hPa 1.038E-03 g/cm³ 000 chk 35978
12/09/2019  9:00:00  20.41 °C  71.07 %  880.8 hPa 1.037E-03 g/cm³ 000 chk 19064
12/09/2019  9:01:00  20.42 °C  71.32 %  880.8 hPa 1.037E-03 g/cm³ 000 chk 35816
12/09/2019  9:02:00  20.44 °C  72.25 %  880.8 hPa 1.037E-03 g/cm³ 000 chk 41864
12/09/2019  9:03:00  20.45 °C  72.26 %  880.9 hPa 1.037E-03 g/cm³ 000 chk  5816
12/09/2019  9:04:00  20.46 °C  72.43 %  880.9 hPa 1.037E-03 g/cm³ 000 chk 59500
12/09/2019  9:05:00  20.47 °C  72.64 %  880.9 hPa 1.037E-03 g/cm³ 000 chk  4178
12/09/2019  9:06:00  20.48 °C  72.79 %  880.9 hPa 1.037E-03 g/cm³ 000 chk 58841
12/09/2019  9:07:00  20.50 °C  72.70 %  880.9 hPa 1.037E-03 g/cm³ 000 chk 54496
12/09/2019  9:08:00  20.51 °C  73.16 %  880.9 hPa 1.037E-03 g/cm³ 000 chk 64391
12/09/2019  9:09:00  20.52 °C  73.17 %  880.9 hPa 1.037E-03 g/cm³ 000 chk 20065
12/09/2019  9:10:00  20.53 °C  73.11 %  880.8 hPa 1.037E-03 g/cm³ 000 chk 36054
12/09/2019  9:11:00  20.54 °C  73.29 %  880.8 hPa 1.037E-03 g/cm³ 000 chk 64322
12/09/2019  9:12:00  20.55 °C  73.63 %  880.8 hPa 1.037E-03 g/cm³ 000 chk 26587
12/09/2019  9:13:00  20.56 °C  74.12 %  880.8 hPa 1.037E-03 g/cm³ 000 chk  8878
12/09/2019  9:14:00  20.57 °C  74.25 %  880.8 hPa 1.037E-03 g/cm³ 000 chk  9569
12/09/2019  9:15:00  20.57 °C  74.36 %  880.8 hPa 1.037E-03 g/cm³ 000 chk 14569
12/09/2019  9:16:00  20.58 °C  74.81 %  880.8 hPa 1.036E-03 g/cm³ 000 chk 48786
12/09/2019  9:17:00  20.59 °C  74.48 %  880.8 hPa 1.036E-03 g/cm³ 000 chk 33065
12/09/2019  9:18:00  20.60 °C  74.84 %  880.7 hPa 1.036E-03 g/cm³ 000 chk 22239
12/09/2019  9:19:00  20.60 °C  74.97 %  880.7 hPa 1.036E-03 g/cm³ 000 chk 19287
12/09/2019  9:20:00  20.61 °C  74.81 %  880.7 hPa 1.036E-03 g/cm³ 000 chk 34765
12/09/2019  9:21:00  20.62 °C  74.71 %  880.7 hPa 1.036E-03 g/cm³ 000 chk 56961
12/09/2019  9:22:00  20.62 °C  75.01 %  880.7 hPa 1.036E-03 g/cm³ 000 chk 12720
12/09/2019  9:23:00  20.63 °C  74.84 %  880.7 hPa 1.036E-03 g/cm³ 000 chk 49825
12/09/2019  9:24:00  20.64 °C  74.60 %  880.7 hPa 1.036E-03 g/cm³ 000 chk 55067
12/09/2019  9:25:00  20.64 °C  74.66 %  880.7 hPa 1.036E-03 g/cm³ 000 chk 37823
12/09/2019  9:26:00  20.65 °C  74.74 %  880.8 hPa 1.036E-03 g/cm³ 000 chk 50109
12/09/2019  9:27:00  20.66 °C  75.10 %  880.7 hPa 1.036E-03 g/cm³ 000 chk 23465
12/09/2019  9:28:00  20.66 °C  75.35 %  880.7 hPa 1.036E-03 g/cm³ 000 chk 49831
12/09/2019  9:29:00  20.66 °C  75.37 %  880.7 hPa 1.036E-03 g/cm³ 000 chk 61954
12/09/2019  9:30:00  20.66 °C  74.80 %  880.7 hPa 1.036E-03 g/cm³ 000 chk 58402
12/09/2019  9:31:00  20.66 °C  73.80 %  880.7 hPa 1.036E-03 g/cm³ 000 chk 32471
12/09/2019  9:32:00  20.65 °C  72.42 %  880.6 hPa 1.036E-03 g/cm³ 000 chk 49646
12/09/2019  9:33:00  20.64 °C  71.68 %  880.6 hPa 1.036E-03 g/cm³ 000 chk 47349
12/09/2019  9:34:00  20.63 °C  69.84 %  880.6 hPa 1.037E-03 g/cm³ 000 chk 19698
12/09/2019  9:35:00  20.61 °C  68.85 %  880.6 hPa 1.037E-03 g/cm³ 000 chk 63688
12/09/2019  9:36:00  20.58 °C  67.33 %  880.6 hPa 1.037E-03 g/cm³ 000 chk 14075
12/09/2019  9:37:00  20.56 °C  66.92 %  880.6 hPa 1.037E-03 g/cm³ 000 chk 35578
12/09/2019  9:38:00  20.54 °C  65.93 %  880.6 hPa 1.037E-03 g/cm³ 000 chk 13322
12/09/2019  9:39:00  20.51 °C  65.04 %  880.6 hPa 1.037E-03 g/cm³ 000 chk 51756
12/09/2019  9:40:00  20.49 °C  64.30 %  880.6 hPa 1.038E-03 g/cm³ 000 chk 43339
12/09/2019  9:41:00  20.47 °C  63.95 %  880.6 hPa 1.038E-03 g/cm³ 000 chk 49414
12/09/2019  9:42:00  20.44 °C  63.12 %  880.6 hPa 1.038E-03 g/cm³ 000 chk 20162
12/09/2019  9:43:00  20.42 °C  62.29 %  880.6 hPa 1.038E-03 g/cm³ 000 chk 20362
12/09/2019  9:44:00  20.40 °C  62.17 %  880.5 hPa 1.038E-03 g/cm³ 000 chk 62714
12/09/2019  9:45:00  20.38 °C  61.80 %  880.5 hPa 1.038E-03 g/cm³ 000 chk 37318
12/09/2019  9:46:00  20.36 °C  61.85 %  880.5 hPa 1.038E-03 g/cm³ 000 chk 56739
12/09/2019  9:47:00  20.34 °C  61.34 %  880.5 hPa 1.038E-03 g/cm³ 000 chk 14491
12/09/2019  9:48:00  20.32 °C  60.51 %  880.5 hPa 1.039E-03 g/cm³ 000 chk 21880
12/09/2019  9:49:00  20.31 °C  60.72 %  880.5 hPa 1.039E-03 g/cm³ 000 chk 47812
12/09/2019  9:50:00  20.29 °C  60.88 %  880.5 hPa 1.039E-03 g/cm³ 000 chk  5073
12/09/2019  9:51:00  20.28 °C  60.61 %  880.5 hPa 1.039E-03 g/cm³ 000 chk 60465
12/09/2019  9:52:00  20.26 °C  60.55 %  880.4 hPa 1.039E-03 g/cm³ 000 chk 46198
12/09/2019  9:53:00  20.25 °C  60.31 %  880.4 hPa 1.039E-03 g/cm³ 000 chk 39038
12/09/2019  9:54:00  20.24 °C  61.11 %  880.3 hPa 1.039E-03 g/cm³ 000 chk 41514
12/09/2019  9:55:00  20.23 °C  62.16 %  880.3 hPa 1.039E-03 g/cm³ 000 chk 52973
12/09/2019  9:56:00  20.23 °C  63.11 %  880.3 hPa 1.039E-03 g/cm³ 000 chk 57887
12/09/2019  9:57:00  20.23 °C  64.02 %  880.3 hPa 1.038E-03 g/cm³ 000 chk 52999
12/09/2019  9:58:00  20.24 °C  64.94 %  880.3 hPa 1.038E-03 g/cm³ 000 chk 54610
12/09/2019  9:59:00  20.25 °C  65.61 %  880.3 hPa 1.038E-03 g/cm³ 000 chk 59009
12/09/2019 10:00:00  20.25 °C  66.36 %  880.3 hPa 1.038E-03 g/cm³ 000 chk 46406
12/09/2019 10:01:00  20.26 °C  66.75 %  880.2 hPa 1.038E-03 g/cm³ 000 chk 41792
12/09/2019 10:02:00  20.28 °C  67.79 %  880.2 hPa 1.038E-03 g/cm³ 000 chk 31290
12/09/2019 10:03:00  20.29 °C  68.43 %  880.2 hPa 1.038E-03 g/cm³ 000 chk 50068
12/09/2019 10:04:00  20.30 °C  69.09 %  880.2 hPa 1.037E-03 g/cm³ 000 chk 32598
12/09/2019 10:05:00  20.31 °C  69.77 %  880.2 hPa 1.037E-03 g/cm³ 000 chk 33522
12/09/2019 10:06:00  20.33 °C  69.59 %  880.2 hPa 1.037E-03 g/cm³ 000 chk 39111
12/09/2019 10:07:00  20.34 °C  69.51 %  880.1 hPa 1.037E-03 g/cm³ 000 chk 42203
12/09/2019 10:08:00  20.35 °C  70.35 %  880.0 hPa 1.037E-03 g/cm³ 000 chk 57751
12/09/2019 10:09:00  20.37 °C  69.97 %  880.0 hPa 1.037E-03 g/cm³ 000 chk 10977
12/09/2019 10:10:00  20.38 °C  71.00 %  879.9 hPa 1.036E-03 g/cm³ 000 chk 63639
12/09/2019 10:11:00  20.40 °C  71.24 %  879.9 hPa 1.036E-03 g/cm³ 000 chk 56210
12/09/2019 10:12:00  20.41 °C  71.29 %  879.8 hPa 1.036E-03 g/cm³ 000 chk 32235
12/09/2019 10:13:00  20.43 °C  71.89 %  879.8 hPa 1.036E-03 g/cm³ 000 chk 46590
12/09/2019 10:14:00  20.44 °C  72.24 %  879.8 hPa 1.036E-03 g/cm³ 000 chk 38357
12/09/2019 10:15:00  20.45 °C  72.59 %  879.8 hPa 1.036E-03 g/cm³ 000 chk  8049
12/09/2019 10:16:00  20.46 °C  72.76 %  879.7 hPa 1.036E-03 g/cm³ 000 chk 23941
12/09/2019 10:17:00  20.47 °C  72.50 %  879.7 hPa 1.036E-03 g/cm³ 000 chk 18618
12/09/2019 10:18:00  20.49 °C  73.15 %  879.7 hPa 1.036E-03 g/cm³ 000 chk 11212
12/09/2019 10:19:00  20.50 °C  73.19 %  879.7 hPa 1.036E-03 g/cm³ 000 chk  4661
12/09/2019 10:20:00  20.51 °C  73.35 %  879.7 hPa 1.036E-03 g/cm³ 000 chk 44251
12/09/2019 10:21:00  20.52 °C  73.52 %  879.7 hPa 1.035E-03 g/cm³ 000 chk 63120
12/09/2019 10:22:00  20.53 °C  73.74 %  879.7 hPa 1.035E-03 g/cm³ 000 chk 63204
12/09/2019 10:23:00  20.54 °C  73.66 %  879.7 hPa 1.035E-03 g/cm³ 000 chk 13096
12/09/2019 10:24:00  20.55 °C  74.14 %  879.7 hPa 1.035E-03 g/cm³ 000 chk 23811
12/09/2019 10:25:00  20.56 °C  74.45 %  879.7 hPa 1.035E-03 g/cm³ 000 chk 59516
12/09/2019 10:26:00  20.56 °C  74.43 %  879.8 hPa 1.035E-03 g/cm³ 000 chk 40339
12/09/2019 10:27:00  20.57 °C  74.25 %  879.8 hPa 1.035E-03 g/cm³ 000 chk 18457
12/09/2019 10:28:00  20.58 °C  74.02 %  879.8 hPa 1.035E-03 g/cm³ 000 chk 45148
12/09/2019 10:29:00  20.59 °C  74.66 %  879.9 hPa 1.035E-03 g/cm³ 000 chk  1667
12/09/2019 10:30:00  20.60 °C  74.73 %  879.9 hPa 1.035E-03 g/cm³ 000 chk 46576
12/09/2019 10:31:00  20.60 °C  74.70 %  880.0 hPa 1.035E-03 g/cm³ 000 chk  3760
12/09/2019 10:32:00  20.61 °C  75.20 %  880.0 hPa 1.035E-03 g/cm³ 000 chk 45082
12/09/2019 10:33:00  20.62 °C  75.07 %  880.1 hPa 1.035E-03 g/cm³ 000 chk 54003
12/09/2019 10:34:00  20.62 °C  74.94 %  880.2 hPa 1.036E-03 g/cm³ 000 chk 60271
12/09/2019 10:35:00  20.63 °C  75.27 %  880.3 hPa 1.036E-03 g/cm³ 000 chk  3933
12/09/2019 10:36:00  20.63 °C  75.29 %  880.3 hPa 1.036E-03 g/cm³ 000 chk 46768
12/09/2019 10:37:00  20.64 °C  75.30 %  880.3 hPa 1.035E-03 g/cm³ 000 chk 60733
12/09/2019 10:38:00  20.64 °C  75.24 %  880.3 hPa 1.035E-03 g/cm³ 000 chk 39237
12/09/2019 10:39:00  20.65 °C  75.13 %  880.3 hPa 1.035E-03 g/cm³ 000 chk 41303
12/09/2019 10:40:00  20.65 °C  75.33 %  880.4 hPa 1.035E-03 g/cm³ 000 chk  4730
12/09/2019 10:41:00  20.66 °C  75.56 %  880.4 hPa 1.035E-03 g/cm³ 000 chk 54131
12/09/2019 10:42:00  20.66 °C  75.29 %  880.5 hPa 1.036E-03 g/cm³ 000 chk 48970
12/09/2019 10:43:00  20.66 °C  74.65 %  880.4 hPa 1.036E-03 g/cm³ 000 chk  8208
12/09/2019 10:44:00  20.66 °C  73.71 %  880.4 hPa 1.036E-03 g/cm³ 000 chk 12565
12/09/2019 10:45:00  20.65 °C  72.65 %  880.3 hPa 1.036E-03 g/cm³ 000 chk  9065
12/09/2019 10:46:00  20.64 °C  71.67 %  880.3 hPa 1.036E-03 g/cm³ 000 chk 26464
12/09/2019 10:47:00  20.62 °C  70.89 %  880.4 hPa 1.036E-03 g/cm³ 000 chk 20594
12/09/2019 10:48:00  20.61 °C  69.80 %  880.3 hPa 1.036E-03 g/cm³ 000 chk 37039
12/09/2019 10:49:00  20.59 °C  68.20 %  880.3 hPa 1.037E-03 g/cm³ 000 chk 37976
12/09/2019 10:50:00  20.57 °C  67.79 %  880.3 hPa 1.037E-03 g/cm³ 000 chk 20437
12/09/2019 10:51:00  20.55 °C  67.92 %  880.3 hPa 1.037E-03 g/cm³ 000 chk 55415
12/09/2019 10:52:00  20.54 °C  66.53 %  880.3 hPa 1.037E-03 g/cm³ 000 chk 35481
12/09/2019 10:53:00  20.52 °C  65.73 %  880.3 hPa 1.037E-03 g/cm³ 000 chk 46276
12/09/2019 10:54:00  20.50 °C  65.22 %  880.3 hPa 1.037E-03 g/cm³ 000 chk 44966
12/09/2019 10:55:00  20.48 °C  64.93 %  880.3 hPa 1.037E-03 g/cm³ 000 chk 10143
12/09/2019 10:56:00  20.45 °C  64.07 %  880.3 hPa 1.037E-03 g/cm³ 000 chk 30205
12/09/2019 10:57:00  20.44 °C  63.43 %  880.3 hPa 1.038E-03 g/cm³ 000 chk 52787
12/09/2019 10:58:00  20.42 °C  63.65 %  880.3 hPa 1.038E-03 g/cm³ 000 chk 33976
12/09/2019 10:59:00  20.40 °C  63.65 %  880.3 hPa 1.038E-03 g/cm³ 000 chk 19871
12/09/2019 11:00:00  20.39 °C  63.10 %  880.3 hPa 1.038E-03 g/cm³ 000 chk 53712
12/09/2019 11:01:00  20.37 °C  63.19 %  880.3 hPa 1.038E-03 g/cm³ 000 chk  5373
12/09/2019 11:02:00  20.36 °C  62.46 %  880.3 hPa 1.038E-03 g/cm³ 000 chk 16724
12/09/2019 11:03:00  20.34 °C  62.23 %  880.2 hPa 1.038E-03 g/cm³ 000 chk 59593
12/09/2019 11:04:00  20.33 °C  61.97 %  880.1 hPa 1.038E-03 g/cm³ 000 chk 17970
12/09/2019 11:05:00  20.31 °C  61.56 %  880.0 hPa 1.038E-03 g/cm³ 000 chk 39580
12/09/2019 11:06:00  20.30 °C  61.43 %  880.0 hPa 1.038E-03 g/cm³ 000 chk 60831
12/09/2019 11:07:00  20.28 °C  61.04 %  880.2 hPa 1.038E-03 g/cm³ 000 chk 43194
12/09/2019 11:08:00  20.27 °C  61.39 %  880.4 hPa 1.039E-03 g/cm³ 000 chk 30191
12/09/2019 11:09:00  20.26 °C  61.15 %  880.5 hPa 1.039E-03 g/cm³ 000 chk 60295
12/09/2019 11:10:00  20.25 °C  60.82 %  880.5 hPa 1.039E-03 g/cm³ 000 chk 53183
12/09/2019 11:11:00  20.25 °C  61.61 %  880.4 hPa 1.039E-03 g/cm³ 000 chk 47828
12/09/2019 11:12:00  20.24 °C  62.48 %  880.5 hPa 1.039E-03 g/cm³ 000 chk 22736
12/09/2019 11:13:00  20.24 °C  63.44 %  880.4 hPa 1.039E-03 g/cm³ 000 chk  1855
12/09/2019 11:14:00  20.24 °C  64.26 %  880.4 hPa 1.038E-03 g/cm³ 000 chk 14393
12/09/2019 11:15:00  20.25 °C  65.23 %  880.3 hPa 1.038E-03 g/cm³ 000 chk 25835
12/09/2019 11:16:00  20.25 °C  65.88 %  880.3 hPa 1.038E-03 g/cm³ 000 chk 17716
12/09/2019 11:17:00  20.26 °C  66.46 %  880.2 hPa 1.038E-03 g/cm³ 000 chk  4990
12/09/2019 11:18:00  20.27 °C  67.31 %  880.2 hPa 1.038E-03 g/cm³ 000 chk  4404
12/09/2019 11:19:00  20.28 °C  67.51 %  880.2 hPa 1.038E-03 g/cm³ 000 chk 16436
12/09/2019 11:20:00  20.29 °C  67.99 %  880.2 hPa 1.038E-03 g/cm³ 000 chk 19292
12/09/2019 11:21:00  20.31 °C  69.26 %  880.2 hPa 1.037E-03 g/cm³ 000 chk 12694
12/09/2019 11:22:00  20.32 °C  69.37 %  880.1 hPa 1.037E-03 g/cm³ 000 chk  6888
12/09/2019 11:23:00  20.33 °C  69.84 %  880.1 hPa 1.037E-03 g/cm³ 000 chk 38802
12/09/2019 11:24:00  20.35 °C  70.06 %  880.1 hPa 1.037E-03 g/cm³ 000 chk 25700
12/09/2019 11:25:00  20.36 °C  70.36 %  880.1 hPa 1.037E-03 g/cm³ 000 chk 15604
12/09/2019 11:26:00  20.37 °C  70.91 %  880.1 hPa 1.037E-03 g/cm³ 000 chk  4328
12/09/2019 11:27:00  20.39 °C  71.53 %  880.1 hPa 1.037E-03 g/cm³ 000 chk 56071
12/09/2019 11:28:00  20.40 °C  72.13 %  880.0 hPa 1.036E-03 g/cm³ 000 chk 32366
12/09/2019 11:29:00  20.41 °C  71.93 %  880.0 hPa 1.036E-03 g/cm³ 000 chk 29764
12/09/2019 11:30:00  20.43 °C  71.78 %  879.9 hPa 1.036E-03 g/cm³ 000 chk 27525
12/09/2019 11:31:00  20.44 °C  71.78 %  879.9 hPa 1.036E-03 g/cm³ 000 chk 62564
12/09/2019 11:32:00  20.45 °C  72.86 %  879.9 hPa 1.036E-03 g/cm³ 000 chk 11717
12/09/2019 11:33:00  20.46 °C  73.00 %  879.9 hPa 1.036E-03 g/cm³ 000 chk 51799
12/09/2019 11:34:00  20.47 °C  73.11 %  879.9 hPa 1.036E-03 g/cm³ 000 chk 58307
12/09/2019 11:35:00  20.49 °C  72.68 %  879.9 hPa 1.036E-03 g/cm³ 000 chk 30256
12/09/2019 11:36:00  20.50 °C  73.15 %  879.9 hPa 1.036E-03 g/cm³ 000 chk 59229
12/09/2019 11:37:00  20.51 °C  73.94 %  879.8 hPa 1.036E-03 g/cm³ 000 chk  2309
12/09/2019 11:38:00  20.52 °C  73.80 %  879.8 hPa 1.036E-03 g/cm³ 000 chk 36670
12/09/2019 11:39:00  20.53 °C  73.96 %  879.8 hPa 1.036E-03 g/cm³ 000 chk 39542
12/09/2019 11:40:00  20.54 °C  74.27 %  879.8 hPa 1.035E-03 g/cm³ 000 chk 45026
12/09/2019 11:41:00  20.55 °C  73.96 %  879.8 hPa 1.035E-03 g/cm³ 000 chk 35016
12/09/2019 11:42:00  20.56 °C  73.83 %  879.8 hPa 1.035E-03 g/cm³ 000 chk 40008
12/09/2019 11:43:00  20.57 °C  74.05 %  879.8 hPa 1.035E-03 g/cm³ 000 chk 47124
12/09/2019 11:44:00  20.57 °C  74.99 %  879.7 hPa 1.035E-03 g/cm³ 000 chk 37931
12/09/2019 11:45:00  20.58 °C  75.15 %  879.8 hPa 1.035E-03 g/cm³ 000 chk 11443
12/09/2019 11:46:00  20.59 °C  75.15 %  879.7 hPa 1.035E-03 g/cm³ 000 chk  9884
12/09/2019 11:47:00  20.60 °C  75.38 %  879.7 hPa 1.035E-03 g/cm³ 000 chk 37661
12/09/2019 11:48:00  20.61 °C  75.14 %  879.7 hPa 1.035E-03 g/cm³ 000 chk 40656
12/09/2019 11:49:00  20.61 °C  75.18 %  879.7 hPa 1.035E-03 g/cm³ 000 chk 43127
12/09/2019 11:50:00  20.62 °C  75.04 %  879.7 hPa 1.035E-03 g/cm³ 000 chk 16952
12/09/2019 11:51:00  20.63 °C  75.15 %  879.6 hPa 1.035E-03 g/cm³ 000 chk 44325
12/09/2019 11:52:00  20.64 °C  75.38 %  879.7 hPa 1.035E-03 g/cm³ 000 chk 28546
12/09/2019 11:53:00  20.64 °C  75.18 %  879.7 hPa 1.035E-03 g/cm³ 000 chk  1405
12/09/2019 11:54:00  20.65 °C  75.47 %  879.6 hPa 1.035E-03 g/cm³ 000 chk  4874
12/09/2019 11:55:00  20.65 °C  75.27 %  879.6 hPa 1.035E-03 g/cm³ 000 chk 47424
12/09/2019 11:56:00  20.66 °C  75.42 %  879.6 hPa 1.034E-03 g/cm³ 000 chk 28099
12/09/2019 11:57:00  20.66 °C  75.45 %  879.6 hPa 1.034E-03 g/cm³ 000 chk 50278
12/09/2019 11:58:00  20.66 °C  74.63 %  879.6 hPa 1.035E-03 g/cm³ 000 chk 47797
12/09/2019 11:59:00  20.65 °C  73.54 %  879.6 hPa 1.035E-03 g/cm³ 000 chk 53621
12/09/2019 12:00:00  20.64 °C  71.94 %  879.5 hPa 1.035E-03 g/cm³ 000 chk 34149
12/09/2019 12:01:00  20.63 °C  71.50 %  879.5 hPa 1.035E-03 g/cm³ 000 chk 28505
12/09/2019 12:02:00  20.61 °C  70.42 %  879.6 hPa 1.035E-03 g/cm³ 000 chk 13051
12/09/2019 12:03:00  20.59 °C  68.53 %  879.5 hPa 1.036E-03 g/cm³ 000 chk 51468
12/09/2019 12:04:00  20.57 °C  67.97 %  879.5 hPa 1.036E-03 g/cm³ 000 chk 45980
12/09/2019 12:05:00  20.56 °C  67.65 %  879.5 hPa 1.036E-03 g/cm³ 000 chk  4946
12/09/2019 12:06:00  20.54 °C  65.92 %  879.5 hPa 1.036E-03 g/cm³ 000 chk 44463
12/09/2019 12:07:00  20.51 °C  65.04 %  879.5 hPa 1.036E-03 g/cm³ 000 chk 48776
12/09/2019 12:08:00  20.49 °C  64.38 %  879.5 hPa 1.036E-03 g/cm³ 000 chk 60459
12/09/2019 12:09:00  20.46 °C  64.22 %  879.5 hPa 1.036E-03 g/cm³ 000 chk  4074
12/09/2019 12:10:00  20.45 °C  63.69 %  879.5 hPa 1.037E-03 g/cm³ 000 chk 54957
12/09/2019 12:11:00  20.43 °C  63.96 %  879.5 hPa 1.037E-03 g/cm³ 000 chk 12836
12/09/2019 12:12:00  20.41 °C  63.80 %  879.5 hPa 1.037E-03 g/cm³ 000 chk 49252
12/09/2019 12:13:00  20.39 °C  62.70 %  879.5 hPa 1.037E-03 g/cm³ 000 chk 50828
12/09/2019 12:14:00  20.37 °C  62.73 %  879.5 hPa 1.037E-03 g/cm³ 000 chk 20095
12/09/2019 12:15:00  20.35 °C  62.43 %  879.5 hPa 1.037E-03 g/cm³ 000 chk 34607
12/09/2019 12:16:00  20.34 °C  62.60 %  879.5 hPa 1.037E-03 g/cm³ 000 chk  7771
12/09/2019 12:17:00  20.32 °C  61.86 %  879.4 hPa 1.037E-03 g/cm³ 000 chk 13966
12/09/2019 12:18:00  20.31 °C  61.90 %  879.4 hPa 1.037E-03 g/cm³ 000 chk 10932
12/09/2019 12:19:00  20.29 °C  61.14 %  879.4 hPa 1.037E-03 g/cm³ 000 chk 44006
12/09/2019 12:20:00  20.28 °C  60.86 %  879.4 hPa 1.037E-03 g/cm³ 000 chk 16904
12/09/2019 12:21:00  20.27 °C  61.40 %  879.3 hPa 1.037E-03 g/cm³ 000 chk   652
12/09/2019 12:22:00  20.25 °C  60.82 %  879.3 hPa 1.037E-03 g/cm³ 000 chk 54561
12/09/2019 12:23:00  20.24 °C  60.51 %  879.3 hPa 1.038E-03 g/cm³ 000 chk 23802
12/09/2019 12:24:00  20.23 °C  61.11 %  879.3 hPa 1.038E-03 g/cm³ 000 chk 44143
12/09/2019 12:25:00  20.23 °C  61.82 %  879.3 hPa 1.037E-03 g/cm³ 000 chk 29889
12/09/2019 12:26:00  20.22 °C  62.90 %  879.3 hPa 1.037E-03 g/cm³ 000 chk 61668
12/09/2019 12:27:00  20.22 °C  63.79 %  879.3 hPa 1.037E-03 g/cm³ 000 chk  3800
12/09/2019 12:28:00  20.23 °C  64.68 %  879.3 hPa 1.037E-03 g/cm³ 000 chk 16945
12/09/2019 12:29:00  20.23 °C  65.24 %  879.3 hPa 1.037E-03 g/cm³ 000 chk  9279
12/09/2019 12:30:00  20.24 °C  66.33 %  879.3 hPa 1.037E-03 g/cm³ 000 chk 26195
12/09/2019 12:31:00  20.25 °C  66.29 %  879.4 hPa 1.037E-03 g/cm³ 000 chk 33202
12/09/2019 12:32:00  20.26 °C  67.57 %  879.3 hPa 1.037E-03 g/cm³ 000 chk 62568
12/09/2019 12:33:00  20.27 °C  68.16 %  879.3 hPa 1.037E-03 g/cm³ 000 chk  4614
12/09/2019 12:34:00  20.28 °C  68.48 %  879.3 hPa 1.037E-03 g/cm³ 000 chk 31406
12/09/2019 12:35:00  20.30 °C  69.27 %  879.3 hPa 1.036E-03 g/cm³ 000 chk 13732
12/09/2019 12:36:00  20.31 °C  69.73 %  879.3 hPa 1.036E-03 g/cm³ 000 chk 28435
12/09/2019 12:37:00  20.32 °C  70.25 %  879.3 hPa 1.036E-03 g/cm³ 000 chk 16399
12/09/2019 12:38:00  20.34 °C  69.93 %  879.3 hPa 1.036E-03 g/cm³ 000 chk 37539
12/09/2019 12:39:00  20.35 °C  70.33 %  879.2 hPa 1.036E-03 g/cm³ 000 chk 51395
12/09/2019 12:40:00  20.36 °C  70.45 %  879.2 hPa 1.036E-03 g/cm³ 000 chk  2462
12/09/2019 12:41:00  20.38 °C  70.99 %  879.2 hPa 1.036E-03 g/cm³ 000 chk 37955
12/09/2019 12:42:00  20.39 °C  71.80 %  879.1 hPa 1.035E-03 g/cm³ 000 chk 42467
12/09/2019 12:43:00  20.41 °C  71.66 %  879.1 hPa 1.035E-03 g/cm³ 000 chk  7483
12/09/2019 12:44:00  20.42 °C  72.12 %  879.1 hPa 1.035E-03 g/cm³ 000 chk 16101
12/09/2019 12:45:00  20.43 °C  72.29 %  879.0 hPa 1.035E-03 g/cm³ 000 chk 25504
12/09/2019 12:46:00  20.44 °C  72.51 %  879.0 hPa 1.035E-03 g/cm³ 000 chk 49610
12/09/2019 12:47:00  20.45 °C  72.61 %  879.0 hPa 1.035E-03 g/cm³ 000 chk 64217
12/09/2019 12:48:00  20.46 °C  72.78 %  878.9 hPa 1.035E-03 g/cm³ 000 chk 15584
12/09/2019 12:49:00  20.48 °C  73.04 %  878.9 hPa 1.035E-03 g/cm³ 000 chk 12307
12/09/2019 12:50:00  20.49 °C  72.70 %  878.9 hPa 1.035E-03 g/cm³ 000 chk 49455
12/09/2019 12:51:00  20.50 °C  73.26 %  878.9 hPa 1.035E-03 g/cm³ 000 chk  6736
12/09/2019 12:52:00  20.51 °C  73.44 %  878.8 hPa 1.034E-03 g/cm³ 000 chk 22277
12/09/2019 12:53:00  20.52 °C  73.34 %  878.8 hPa 1.034E-03 g/cm³ 000 chk 53024
12/09/2019 12:54:00  20.53 °C  73.56 %  878.8 hPa 1.034E-03 g/cm³ 000 chk 20854
12/09/2019 12:55:00  20.54 °C  73.92 %  878.8 hPa 1.034E-03 g/cm³ 000 chk 47946
12/09/2019 12:56:00  20.55 °C  74.46 %  878.8 hPa 1.034E-03 g/cm³ 000 chk  4293
12/09/2019 12:57:00  20.55 °C  74.24 %  878.8 hPa 1.034E-03 g/cm³ 000 chk  8334
12/09/2019 12:58:00  20.56 °C  74.22 %  878.7 hPa 1.034E-03 g/cm³ 000 chk 55448
12/09/2019 12:59:00  20.57 °C  74.08 %  878.7 hPa 1.034E-03 g/cm³ 000 chk 20900
12/09/2019 13:00:00  20.57 °C  74.60 %  878.7 hPa 1.034E-03 g/cm³ 000 chk 53502
12/09/2019 13:01:00  20.58 °C  74.55 %  878.7 hPa 1.034E-03 g/cm³ 000 chk  6247
12/09/2019 13:02:00  20.58 °C  74.83 %  878.7 hPa 1.034E-03 g/cm³ 000 chk 34936
12/09/2019 13:03:00  20.59 °C  74.78 %  878.7 hPa 1.034E-03 g/cm³ 000 chk 11701
12/09/2019 13:04:00  20.59 °C  74.68 %  878.7 hPa 1.034E-03 g/cm³ 000 chk 30944
12/09/2019 13:05:00  20.60 °C  75.05 %  878.7 hPa 1.034E-03 g/cm³ 000 chk 40392
12/09/2019 13:06:00  20.60 °C  74.72 %  878.7 hPa 1.034E-03 g/cm³ 000 chk 29176
12/09/2019 13:07:00  20.61 °C  74.61 %  878.7 hPa 1.034E-03 g/cm³ 000 chk 64944
12/09/2019 13:08:00  20.61 °C  74.93 %  878.7 hPa 1.034E-03 g/cm³ 000 chk 42575
12/09/2019 13:09:00  20.62 °C  75.01 %  878.7 hPa 1.034E-03 g/cm³ 000 chk 62960
12/09/2019 13:10:00  20.62 °C  74.88 %  878.6 hPa 1.034E-03 g/cm³ 000 chk  7409
12/09/2019 13:11:00  20.63 °C  74.80 %  878.6 hPa 1.034E-03 g/cm³ 000 chk 53143
12/09/2019 13:12:00  20.63 °C  74.97 %  878.6 hPa 1.034E-03 g/cm³ 000 chk 45909
12/09/2019 13:13:00  20.64 °C  75.21 %  878.5 hPa 1.033E-03 g/cm³ 000 chk 55822
12/09/2019 13:14:00  20.64 °C  75.40 %  878.5 hPa 1.033E-03 g/cm³ 000 chk 41624
12/09/2019 13:15:00  20.65 °C  75.01 %  878.4 hPa 1.033E-03 g/cm³ 000 chk 19740
12/09/2019 13:16:00  20.65 °C  74.17 %  878.4 hPa 1.033E-03 g/cm³ 000 chk 19651
12/09/2019 13:17:00  20.64 °C  73.15 %  878.4 hPa 1.033E-03 g/cm³ 000 chk 56823
12/09/2019 13:18:00  20.63 °C  71.76 %  878.3 hPa 1.034E-03 g/cm³ 000 chk 21471
12/09/2019 13:19:00  20.61 °C  69.75 %  878.3 hPa 1.034E-03 g/cm³ 000 chk 58502
12/09/2019 13:20:00  20.59 °C  68.37 %  878.3 hPa 1.034E-03 g/cm³ 000 chk 25316
12/09/2019 13:21:00  20.58 °C  67.19 %  878.3 hPa 1.034E-03 g/cm³ 000 chk 28519
12/09/2019 13:22:00  20.55 °C  65.68 %  878.3 hPa 1.035E-03 g/cm³ 000 chk  1400
12/09/2019 13:23:00  20.53 °C  65.66 %  878.3 hPa 1.035E-03 g/cm³ 000 chk  3419
12/09/2019 13:24:00  20.50 °C  65.08 %  878.3 hPa 1.035E-03 g/cm³ 000 chk 27789
12/09/2019 13:25:00  20.48 °C  64.11 %  878.2 hPa 1.035E-03 g/cm³ 000 chk 62672
12/09/2019 13:26:00  20.45 °C  62.92 %  878.2 hPa 1.035E-03 g/cm³ 000 chk 50642
12/09/2019 13:27:00  20.43 °C  62.92 %  878.1 hPa 1.035E-03 g/cm³ 000 chk 32780
12/09/2019 13:28:00  20.41 °C  62.42 %  878.1 hPa 1.035E-03 g/cm³ 000 chk 57898
12/09/2019 13:29:00  20.39 °C  62.18 %  878.0 hPa 1.035E-03 g/cm³ 000 chk 65211
12/09/2019 13:30:00  20.37 °C  61.52 %  878.0 hPa 1.035E-03 g/cm³ 000 chk 37507
12/09/2019 13:31:00  20.35 °C  61.57 %  877.9 hPa 1.035E-03 g/cm³ 000 chk 27226
12/09/2019 13:32:00  20.33 °C  60.81 %  877.9 hPa 1.035E-03 g/cm³ 000 chk 52956
12/09/2019 13:33:00  20.32 °C  60.68 %  877.9 hPa 1.036E-03 g/cm³ 000 chk 12415
12/09/2019 13:34:00  20.30 °C  60.91 %  877.9 hPa 1.036E-03 g/cm³ 000 chk 49709
12/09/2019 13:35:00  20.28 °C  60.59 %  877.9 hPa 1.036E-03 g/cm³ 000 chk  8137
12/09/2019 13:36:00  20.27 °C  60.22 %  877.8 hPa 1.036E-03 g/cm³ 000 chk 65016
12/09/2019 13:37:00  20.25 °C  59.85 %  877.8 hPa 1.036E-03 g/cm³ 000 chk 31919
12/09/2019 13:38:00  20.23 °C  60.23 %  877.8 hPa 1.036E-03 g/cm³ 000 chk 48398
12/09/2019 13:39:00  20.22 °C  59.69 %  877.8 hPa 1.036E-03 g/cm³ 000 chk 32415
12/09/2019 13:40:00  20.21 °C  59.89 %  877.8 hPa 1.036E-03 g/cm³ 000 chk 20615
12/09/2019 13:41:00  20.20 °C  59.69 %  877.8 hPa 1.036E-03 g/cm³ 000 chk 43620
12/09/2019 13:42:00  20.19 °C  59.65 %  877.8 hPa 1.036E-03 g/cm³ 000 chk 10228
12/09/2019 13:43:00  20.18 °C  59.24 %  877.7 hPa 1.036E-03 g/cm³ 000 chk  5412
12/09/2019 13:44:00  20.17 °C  59.69 %  877.7 hPa 1.036E-03 g/cm³ 000 chk 51872
12/09/2019 13:45:00  20.17 °C  60.44 %  877.7 hPa 1.036E-03 g/cm³ 000 chk 39710
12/09/2019 13:46:00  20.17 °C  61.53 %  877.6 hPa 1.036E-03 g/cm³ 000 chk 36500
12/09/2019 13:47:00  20.17 °C  62.51 %  877.6 hPa 1.036E-03 g/cm³ 000 chk 19990
12/09/2019 13:48:00  20.18 °C  63.35 %  877.6 hPa 1.035E-03 g/cm³ 000 chk 37049
12/09/2019 13:49:00  20.18 °C  63.94 %  877.5 hPa 1.035E-03 g/cm³ 000 chk 40401
12/09/2019 13:50:00  20.19 °C  64.92 %  877.5 hPa 1.035E-03 g/cm³ 000 chk 38499
12/09/2019 13:51:00  20.21 °C  65.52 %  877.5 hPa 1.035E-03 g/cm³ 000 chk 37563
12/09/2019 13:52:00  20.22 °C  66.32 %  877.5 hPa 1.035E-03 g/cm³ 000 chk 12254
12/09/2019 13:53:00  20.23 °C  67.27 %  877.5 hPa 1.035E-03 g/cm³ 000 chk 56714
12/09/2019 13:54:00  20.25 °C  67.64 %  877.5 hPa 1.035E-03 g/cm³ 000 chk 23491
12/09/2019 13:55:00  20.26 °C  68.54 %  877.4 hPa 1.034E-03 g/cm³ 000 chk  2680
12/09/2019 13:56:00  20.27 °C  69.07 %  877.4 hPa 1.034E-03 g/cm³ 000 chk 50130
12/09/2019 13:57:00  20.29 °C  69.56 %  877.4 hPa 1.034E-03 g/cm³ 000 chk 61028
12/09/2019 13:58:00  20.30 °C  69.45 %  877.4 hPa 1.034E-03 g/cm³ 000 chk 38467
12/09/2019 13:59:00  20.32 °C  70.04 %  877.4 hPa 1.034E-03 g/cm³ 000 chk 60338
12/09/2019 14:00:00  20.34 °C  70.20 %  877.4 hPa 1.034E-03 g/cm³ 000 chk 22618
12/09/2019 14:01:00  20.35 °C  70.44 %  877.4 hPa 1.034E-03 g/cm³ 000 chk  6097
12/09/2019 14:02:00  20.36 °C  71.05 %  877.4 hPa 1.034E-03 g/cm³ 000 chk 59349
12/09/2019 14:03:00  20.38 °C  71.44 %  877.3 hPa 1.033E-03 g/cm³ 000 chk 26274
12/09/2019 14:04:00  20.39 °C  71.08 %  877.4 hPa 1.033E-03 g/cm³ 000 chk 20487
12/09/2019 14:05:00  20.41 °C  71.34 %  877.3 hPa 1.033E-03 g/cm³ 000 chk 13702
12/09/2019 14:06:00  20.43 °C  71.18 %  877.2 hPa 1.033E-03 g/cm³ 000 chk 19686
12/09/2019 14:07:00  20.44 °C  71.02 %  877.2 hPa 1.033E-03 g/cm³ 000 chk 24872
12/09/2019 14:08:00  20.46 °C  71.44 %  877.2 hPa 1.033E-03 g/cm³ 000 chk 60491
12/09/2019 14:09:00  20.47 °C  72.57 %  877.2 hPa 1.033E-03 g/cm³ 000 chk 36900
12/09/2019 14:10:00  20.48 °C  72.36 %  877.2 hPa 1.033E-03 g/cm³ 000 chk 49826
12/09/2019 14:11:00  20.49 °C  72.86 %  877.2 hPa 1.033E-03 g/cm³ 000 chk 14552
12/09/2019 14:12:00  20.50 °C  72.70 %  877.1 hPa 1.033E-03 g/cm³ 000 chk 11325
12/09/2019 14:13:00  20.51 °C  72.35 %  877.2 hPa 1.033E-03 g/cm³ 000 chk  1299
12/09/2019 14:14:00  20.52 °C  72.50 %  877.2 hPa 1.033E-03 g/cm³ 000 chk 64455
12/09/2019 14:15:00  20.53 °C  73.08 %  877.2 hPa 1.033E-03 g/cm³ 000 chk 47140
12/09/2019 14:16:00  20.54 °C  73.22 %  877.2 hPa 1.032E-03 g/cm³ 000 chk 32791
12/09/2019 14:17:00  20.55 °C  72.93 %  877.2 hPa 1.032E-03 g/cm³ 000 chk  1904
12/09/2019 14:18:00  20.56 °C  73.05 %  877.1 hPa 1.032E-03 g/cm³ 000 chk   448
12/09/2019 14:19:00  20.56 °C  73.17 %  877.1 hPa 1.032E-03 g/cm³ 000 chk 61769
12/09/2019 14:20:00  20.57 °C  73.34 %  877.1 hPa 1.032E-03 g/cm³ 000 chk 42148
12/09/2019 14:21:00  20.58 °C  73.54 %  877.1 hPa 1.032E-03 g/cm³ 000 chk 62884
12/09/2019 14:22:00  20.59 °C  73.64 %  877.1 hPa 1.032E-03 g/cm³ 000 chk 56316
12/09/2019 14:23:00  20.59 °C  73.46 %  877.0 hPa 1.032E-03 g/cm³ 000 chk 53846
12/09/2019 14:24:00  20.60 °C  73.63 %  877.1 hPa 1.032E-03 g/cm³ 000 chk 18780
12/09/2019 14:25:00  20.61 °C  73.62 %  877.1 hPa 1.032E-03 g/cm³ 000 chk 40761
12/09/2019 14:26:00  20.62 °C  73.80 %  877.2 hPa 1.032E-03 g/cm³ 000 chk 49900
12/09/2019 14:27:00  20.62 °C  73.75 %  877.2 hPa 1.032E-03 g/cm³ 000 chk 61667
12/09/2019 14:28:00  20.62 °C  73.29 %  877.2 hPa 1.032E-03 g/cm³ 000 chk 44076
12/09/2019 14:29:00  20.62 °C  72.49 %  877.2 hPa 1.032E-03 g/cm³ 000 chk 38522
12/09/2019 14:30:00  20.61 °C  71.49 %  877.3 hPa 1.033E-03 g/cm³ 000 chk 10664
12/09/2019 14:31:00  20.60 °C  70.41 %  877.3 hPa 1.033E-03 g/cm³ 000 chk 27346
12/09/2019 14:32:00  20.59 °C  69.57 %  877.3 hPa 1.033E-03 g/cm³ 000 chk 52239
12/09/2019 14:33:00  20.58 °C  68.37 %  877.3 hPa 1.033E-03 g/cm³ 000 chk 26521
12/09/2019 14:34:00  20.56 °C  67.62 %  877.4 hPa 1.033E-03 g/cm³ 000 chk 40935
12/09/2019 14:35:00  20.54 °C  65.75 %  877.4 hPa 1.034E-03 g/cm³ 000 chk 63377
12/09/2019 14:36:00  20.52 °C  65.43 %  877.4 hPa 1.034E-03 g/cm³ 000 chk   652
12/09/2019 14:37:00  20.50 °C  65.25 %  877.4 hPa 1.034E-03 g/cm³ 000 chk  9541
12/09/2019 14:38:00  20.48 °C  63.86 %  877.4 hPa 1.034E-03 g/cm³ 000 chk 44529
12/09/2019 14:39:00  20.46 °C  64.17 %  877.4 hPa 1.034E-03 g/cm³ 000 chk 45514
12/09/2019 14:40:00  20.44 °C  63.39 %  877.4 hPa 1.034E-03 g/cm³ 000 chk 14749
12/09/2019 14:41:00  20.43 °C  63.13 %  877.4 hPa 1.034E-03 g/cm³ 000 chk  5156
12/09/2019 14:42:00  20.41 °C  61.85 %  877.4 hPa 1.034E-03 g/cm³ 000 chk 18230
12/09/2019 14:43:00  20.38 °C  61.29 %  877.5 hPa 1.035E-03 g/cm³ 000 chk  9485
12/09/2019 14:44:00  20.37 °C  61.19 %  877.5 hPa 1.035E-03 g/cm³ 000 chk 19273
12/09/2019 14:45:00  20.35 °C  60.72 %  877.4 hPa 1.035E-03 g/cm³ 000 chk 29898
12/09/2019 14:46:00  20.33 °C  61.05 %  877.4 hPa 1.035E-03 g/cm³ 000 chk 15487
12/09/2019 14:47:00  20.31 °C  60.85 %  877.5 hPa 1.035E-03 g/cm³ 000 chk 23929
12/09/2019 14:48:00  20.30 °C  60.66 %  877.5 hPa 1.035E-03 g/cm³ 000 chk 47723
12/09/2019 14:49:00  20.28 °C  61.37 %  877.5 hPa 1.035E-03 g/cm³ 000 chk 62421
12/09/2019 14:50:00  20.28 °C  62.42 %  877.5 hPa 1.035E-03 g/cm³ 000 chk  7699
12/09/2019 14:51:00  20.27 °C  63.31 %  877.5 hPa 1.035E-03 g/cm³ 000 chk 26659
12/09/2019 14:52:00  20.27 °C  64.11 %  877.5 hPa 1.035E-03 g/cm³ 000 chk 10182
12/09/2019 14:53:00  20.27 °C  64.77 %  877.5 hPa 1.035E-03 g/cm³ 000 chk 25484
12/09/2019 14:54:00  20.28 °C  65.51 %  877.5 hPa 1.035E-03 g/cm³ 000 chk 46072
12/09/2019 14:55:00  20.29 °C  66.20 %  877.5 hPa 1.035E-03 g/cm³ 000 chk 21880
12/09/2019 14:56:00  20.29 °C  67.20 %  877.4 hPa 1.034E-03 g/cm³ 000 chk 33566
12/09/2019 14:57:00  20.30 °C  67.67 %  877.4 hPa 1.034E-03 g/cm³ 000 chk 58704
12/09/2019 14:58:00  20.31 °C  68.21 %  877.4 hPa 1.034E-03 g/cm³ 000 chk 27342
12/09/2019 14:59:00  20.32 °C  68.51 %  877.4 hPa 1.034E-03 g/cm³ 000 chk 62187
12/09/2019 15:00:00  20.33 °C  68.68 %  877.4 hPa 1.034E-03 g/cm³ 000 chk  4073
12/09/2019 15:01:00  20.34 °C  69.36 %  877.4 hPa 1.034E-03 g/cm³ 000 chk  1679
12/09/2019 15:02:00  20.35 °C  69.63 %  877.3 hPa 1.034E-03 g/cm³ 000 chk 57235
12/09/2019 15:03:00  20.36 °C  70.05 %  877.3 hPa 1.034E-03 g/cm³ 000 chk 61688
12/09/2019 15:04:00  20.38 °C  70.45 %  877.3 hPa 1.033E-03 g/cm³ 000 chk 52729
12/09/2019 15:05:00  20.39 °C  70.73 %  877.3 hPa 1.033E-03 g/cm³ 000 chk  6378
12/09/2019 15:06:00  20.40 °C  71.08 %  877.3 hPa 1.033E-03 g/cm³ 000 chk 50402
12/09/2019 15:07:00  20.41 °C  70.92 %  877.3 hPa 1.033E-03 g/cm³ 000 chk  7388
12/09/2019 15:08:00  20.42 °C  71.16 %  877.3 hPa 1.033E-03 g/cm³ 000 chk  3006
12/09/2019 15:09:00  20.43 °C  71.52 %  877.3 hPa 1.033E-03 g/cm³ 000 chk 33902
12/09/2019 15:10:00  20.44 °C  71.93 %  877.3 hPa 1.033E-03 g/cm³ 000 chk  6613
12/09/2019 15:11:00  20.45 °C  72.10 %  877.3 hPa 1.033E-03 g/cm³ 000 chk 25855
12/09/2019 15:12:00  20.46 °C  72.38 %  877.3 hPa 1.033E-03 g/cm³ 000 chk   266
12/09/2019 15:13:00  20.47 °C  72.62 %  877.3 hPa 1.033E-03 g/cm³ 000 chk 18676
12/09/2019 15:14:00  20.48 °C  72.31 %  877.3 hPa 1.033E-03 g/cm³ 000 chk 20830
12/09/2019 15:15:00  20.49 °C  72.42 %  877.3 hPa 1.033E-03 g/cm³ 000 chk 56824
12/09/2019 15:16:00  20.50 °C  72.88 %  877.3 hPa 1.033E-03 g/cm³ 000 chk  7830
12/09/2019 15:17:00  20.51 °C  73.07 %  877.4 hPa 1.033E-03 g/cm³ 000 chk 61742
12/09/2019 15:18:00  20.51 °C  73.24 %  877.4 hPa 1.033E-03 g/cm³ 000 chk 34336
12/09/2019 15:19:00  20.52 °C  73.22 %  877.4 hPa 1.033E-03 g/cm³ 000 chk 12487
12/09/2019 15:20:00  20.53 °C  73.20 %  877.5 hPa 1.033E-03 g/cm³ 000 chk 45348
12/09/2019 15:21:00  20.53 °C  73.39 %  877.5 hPa 1.033E-03 g/cm³ 000 chk 57007
12/09/2019 15:22:00  20.54 °C  73.31 %  877.5 hPa 1.033E-03 g/cm³ 000 chk 48135
12/09/2019 15:23:00  20.55 °C  73.66 %  877.5 hPa 1.033E-03 g/cm³ 000 chk 34043
12/09/2019 15:24:00  20.55 °C  73.74 %  877.5 hPa 1.033E-03 g/cm³ 000 chk 19375
12/09/2019 15:25:00  20.56 °C  73.55 %  877.5 hPa 1.033E-03 g/cm³ 000 chk 15890
12/09/2019 15:26:00  20.56 °C  73.66 %  877.5 hPa 1.033E-03 g/cm³ 000 chk 63114
12/09/2019 15:27:00  20.57 °C  73.47 %  877.4 hPa 1.033E-03 g/cm³ 000 chk  6624
12/09/2019 15:28:00  20.58 °C  73.35 %  877.5 hPa 1.033E-03 g/cm³ 000 chk 33128
12/09/2019 15:29:00  20.59 °C  73.64 %  877.4 hPa 1.032E-03 g/cm³ 000 chk 44545
12/09/2019 15:30:00  20.59 °C  73.36 %  877.5 hPa 1.033E-03 g/cm³ 000 chk 35119
12/09/2019 15:31:00  20.60 °C  73.69 %  877.5 hPa 1.033E-03 g/cm³ 000 chk 26221
12/09/2019 15:32:00  20.60 °C  73.50 %  877.5 hPa 1.033E-03 g/cm³ 000 chk 56566
12/09/2019 15:33:00  20.61 °C  73.48 %  877.6 hPa 1.033E-03 g/cm³ 000 chk 33859
12/09/2019 15:34:00  20.62 °C  73.41 %  877.5 hPa 1.033E-03 g/cm³ 000 chk 44421
12/09/2019 15:35:00  20.62 °C  73.29 %  877.5 hPa 1.033E-03 g/cm³ 000 chk 61389
12/09/2019 15:36:00  20.63 °C  73.25 %  877.6 hPa 1.033E-03 g/cm³ 000 chk  5662
12/09/2019 15:37:00  20.63 °C  72.78 %  877.6 hPa 1.033E-03 g/cm³ 000 chk 23869
12/09/2019 15:38:00  20.62 °C  71.75 %  877.5 hPa 1.033E-03 g/cm³ 000 chk 50802
12/09/2019 15:39:00  20.62 °C  71.30 %  877.5 hPa 1.033E-03 g/cm³ 000 chk 13667
12/09/2019 15:40:00  20.61 °C  69.43 %  877.5 hPa 1.033E-03 g/cm³ 000 chk 25664
12/09/2019 15:41:00  20.59 °C  68.01 %  877.4 hPa 1.033E-03 g/cm³ 000 chk 49828
12/09/2019 15:42:00  20.58 °C  67.50 %  877.4 hPa 1.033E-03 g/cm³ 000 chk 61869
12/09/2019 15:43:00  20.56 °C  66.50 %  877.3 hPa 1.033E-03 g/cm³ 000 chk 53045
12/09/2019 15:44:00  20.54 °C  64.46 %  877.2 hPa 1.033E-03 g/cm³ 000 chk 36492
12/09/2019 15:45:00  20.51 °C  63.98 %  877.1 hPa 1.033E-03 g/cm³ 000 chk 52914
12/09/2019 15:46:00  20.49 °C  63.02 %  877.1 hPa 1.034E-03 g/cm³ 000 chk 40642
12/09/2019 15:47:00  20.46 °C  62.27 %  877.1 hPa 1.034E-03 g/cm³ 000 chk  1643
12/09/2019 15:48:00  20.44 °C  62.56 %  877.1 hPa 1.034E-03 g/cm³ 000 chk 34942
12/09/2019 15:49:00  20.42 °C  61.90 %  877.2 hPa 1.034E-03 g/cm³ 000 chk 53851
12/09/2019 15:50:00  20.39 °C  60.68 %  877.3 hPa 1.034E-03 g/cm³ 000 chk 55585
12/09/2019 15:51:00  20.37 °C  60.39 %  877.4 hPa 1.035E-03 g/cm³ 000 chk 39676
12/09/2019 15:52:00  20.35 °C  60.46 %  877.4 hPa 1.035E-03 g/cm³ 000 chk 27985
12/09/2019 15:53:00  20.33 °C  59.65 %  877.5 hPa 1.035E-03 g/cm³ 000 chk 26428
12/09/2019 15:54:00  20.32 °C  59.93 %  877.5 hPa 1.035E-03 g/cm³ 000 chk 35886
12/09/2019 15:55:00  20.29 °C  59.15 %  877.5 hPa 1.035E-03 g/cm³ 000 chk 25918
12/09/2019 15:56:00  20.28 °C  59.25 %  877.6 hPa 1.036E-03 g/cm³ 000 chk   474
12/09/2019 15:57:00  20.26 °C  60.07 %  877.6 hPa 1.036E-03 g/cm³ 000 chk 53741
12/09/2019 15:58:00  20.25 °C  61.09 %  877.6 hPa 1.035E-03 g/cm³ 000 chk 29862
12/09/2019 15:59:00  20.25 °C  62.05 %  877.6 hPa 1.035E-03 g/cm³ 000 chk 45606
12/09/2019 16:00:00  20.25 °C  62.90 %  877.6 hPa 1.035E-03 g/cm³ 000 chk 50603
12/09/2019 16:01:00  20.25 °C  63.62 %  877.6 hPa 1.035E-03 g/cm³ 000 chk 25785
12/09/2019 16:02:00  20.25 °C  64.34 %  877.6 hPa 1.035E-03 g/cm³ 000 chk  1438
12/09/2019 16:03:00  20.26 °C  65.17 %  877.6 hPa 1.035E-03 g/cm³ 000 chk 31294
12/09/2019 16:04:00  20.27 °C  65.49 %  877.6 hPa 1.035E-03 g/cm³ 000 chk 30748
12/09/2019 16:05:00  20.27 °C  66.07 %  877.6 hPa 1.035E-03 g/cm³ 000 chk 58408
12/09/2019 16:06:00  20.28 °C  66.83 %  877.6 hPa 1.035E-03 g/cm³ 000 chk  5605
12/09/2019 16:07:00  20.30 °C  67.16 %  877.6 hPa 1.035E-03 g/cm³ 000 chk 10630
12/09/2019 16:08:00  20.31 °C  67.95 %  877.6 hPa 1.034E-03 g/cm³ 000 chk 52923
12/09/2019 16:09:00  20.32 °C  68.01 %  877.6 hPa 1.034E-03 g/cm³ 000 chk  5030
12/09/2019 16:10:00  20.33 °C  68.54 %  877.6 hPa 1.034E-03 g/cm³ 000 chk 24540
12/09/2019 16:11:00  20.34 °C  69.07 %  877.6 hPa 1.034E-03 g/cm³ 000 chk 10168
12/09/2019 16:12:00  20.35 °C  69.42 %  877.6 hPa 1.034E-03 g/cm³ 000 chk 20514
12/09/2019 16:13:00  20.36 °C  69.36 %  877.6 hPa 1.034E-03 g/cm³ 000 chk 48134
12/09/2019 16:14:00  20.38 °C  69.84 %  877.6 hPa 1.034E-03 g/cm³ 000 chk  6378
12/09/2019 16:15:00  20.39 °C  69.83 %  877.6 hPa 1.034E-03 g/cm³ 000 chk  8335
12/09/2019 16:16:00  20.40 °C  70.22 %  877.6 hPa 1.034E-03 g/cm³ 000 chk 17930
12/09/2019 16:17:00  20.41 °C  70.68 %  877.6 hPa 1.034E-03 g/cm³ 000 chk 53208
12/09/2019 16:18:00  20.43 °C  70.73 %  877.6 hPa 1.034E-03 g/cm³ 000 chk 13088
12/09/2019 16:19:00  20.44 °C  71.02 %  877.5 hPa 1.033E-03 g/cm³ 000 chk 22694
12/09/2019 16:20:00  20.45 °C  70.97 %  877.5 hPa 1.033E-03 g/cm³ 000 chk 45641
12/09/2019 16:21:00  20.46 °C  71.03 %  877.5 hPa 1.033E-03 g/cm³ 000 chk  4086
12/09/2019 16:22:00  20.47 °C  71.36 %  877.5 hPa 1.033E-03 g/cm³ 000 chk 47278
12/09/2019 16:23:00  20.48 °C  71.40 %  877.5 hPa 1.033E-03 g/cm³ 000 chk 51074
12/09/2019 16:24:00  20.49 °C  71.53 %  877.5 hPa 1.033E-03 g/cm³ 000 chk 29719
12/09/2019 16:25:00  20.50 °C  71.89 %  877.6 hPa 1.033E-03 g/cm³ 000 chk 10721
12/09/2019 16:26:00  20.51 °C  71.42 %  877.6 hPa 1.033E-03 g/cm³ 000 chk 39184
12/09/2019 16:27:00  20.52 °C  71.39 %  877.6 hPa 1.033E-03 g/cm³ 000 chk 40503
12/09/2019 16:28:00  20.54 °C  71.40 %  877.6 hPa 1.033E-03 g/cm³ 000 chk 16166
12/09/2019 16:29:00  20.55 °C  71.66 %  877.6 hPa 1.033E-03 g/cm³ 000 chk 10777
12/09/2019 16:30:00  20.56 °C  71.38 %  877.6 hPa 1.033E-03 g/cm³ 000 chk 39650
12/09/2019 16:31:00  20.57 °C  71.52 %  877.6 hPa 1.033E-03 g/cm³ 000 chk 54123
12/09/2019 16:32:00  20.58 °C  71.53 %  877.7 hPa 1.033E-03 g/cm³ 000 chk 33691
12/09/2019 16:33:00  20.58 °C  71.44 %  877.6 hPa 1.033E-03 g/cm³ 000 chk  4934
12/09/2019 16:34:00  20.59 °C  71.31 %  877.7 hPa 1.033E-03 g/cm³ 000 chk 46953
12/09/2019 16:35:00  20.60 °C  71.43 %  877.7 hPa 1.033E-03 g/cm³ 000 chk 59762
12/09/2019 16:36:00  20.61 °C  71.28 %  877.7 hPa 1.033E-03 g/cm³ 000 chk 22705
12/09/2019 16:37:00  20.62 °C  71.37 %  877.7 hPa 1.033E-03 g/cm³ 000 chk 11129
12/09/2019 16:38:00  20.63 °C  71.28 %  877.6 hPa 1.033E-03 g/cm³ 000 chk 43159
12/09/2019 16:39:00  20.64 °C  71.27 %  877.6 hPa 1.033E-03 g/cm³ 000 chk 56437
12/09/2019 16:40:00  20.64 °C  71.32 %  877.6 hPa 1.033E-03 g/cm³ 000 chk 39045
12/09/2019 16:41:00  20.65 °C  71.36 %  877.6 hPa 1.033E-03 g/cm³ 000 chk 55264
12/09/2019 16:42:00  20.65 °C  71.27 %  877.6 hPa 1.033E-03 g/cm³ 000 chk 17698
12/09/2019 16:43:00  20.66 °C  71.36 %  877.6 hPa 1.033E-03 g/cm³ 000 chk 12520
12/09/2019 16:44:00  20.66 °C  71.38 %  877.6 hPa 1.033E-03 g/cm³ 000 chk 41875
12/09/2019 16:45:00  20.67 °C  71.34 %  877.5 hPa 1.033E-03 g/cm³ 000 chk 20235
12/09/2019 16:46:00  20.68 °C  71.26 %  877.6 hPa 1.032E-03 g/cm³ 000 chk  6845
12/09/2019 16:47:00  20.68 °C  71.24 %  877.6 hPa 1.032E-03 g/cm³ 000 chk 10776
12/09/2019 16:48:00  20.69 °C  71.19 %  877.6 hPa 1.032E-03 g/cm³ 000 chk  2808
12/09/2019 16:49:00  20.69 °C  71.17 %  877.6 hPa 1.032E-03 g/cm³ 000 chk 42590
12/09/2019 16:50:00  20.70 °C  71.18 %  877.5 hPa 1.032E-03 g/cm³ 000 chk 19935
12/09/2019 16:51:00  20.70 °C  71.15 %  877.5 hPa 1.032E-03 g/cm³ 000 chk 38521
12/09/2019 16:52:00  20.71 °C  71.16 %  877.5 hPa 1.032E-03 g/cm³ 000 chk 53078
12/09/2019 16:53:00  20.71 °C  71.11 %  877.5 hPa 1.032E-03 g/cm³ 000 chk 26355
12/09/2019 16:54:00  20.71 °C  71.11 %  877.5 hPa 1.032E-03 g/cm³ 000 chk 62346
12/09/2019 16:55:00  20.72 °C  71.12 %  877.4 hPa 1.032E-03 g/cm³ 000 chk  9529
12/09/2019 16:56:00  20.72 °C  71.10 %  877.4 hPa 1.032E-03 g/cm³ 000 chk   215
12/09/2019 16:57:00  20.73 °C  71.26 %  877.3 hPa 1.032E-03 g/cm³ 000 chk 47982
12/09/2019 16:58:00  20.74 °C  71.23 %  877.3 hPa 1.032E-03 g/cm³ 000 chk 55166
12/09/2019 16:59:00  20.74 °C  71.19 %  877.3 hPa 1.032E-03 g/cm³ 000 chk  4014
12/09/2019 17:00:00  20.75 °C  71.32 %  877.3 hPa 1.032E-03 g/cm³ 000 chk 43137
12/09/2019 17:01:00  20.75 °C  71.07 %  877.3 hPa 1.032E-03 g/cm³ 000 chk 39762
12/09/2019 17:02:00  20.75 °C  70.34 %  877.3 hPa 1.032E-03 g/cm³ 000 chk 50134
12/09/2019 17:03:00  20.74 °C  69.17 %  877.3 hPa 1.032E-03 g/cm³ 000 chk 54923
12/09/2019 17:04:00  20.72 °C  67.85 %  877.4 hPa 1.032E-03 g/cm³ 000 chk 29243
12/09/2019 17:05:00  20.68 °C  64.81 %  877.4 hPa 1.033E-03 g/cm³ 000 chk 41317
12/09/2019 17:06:00  20.64 °C  64.03 %  877.4 hPa 1.033E-03 g/cm³ 000 chk 19691
12/09/2019 17:07:00  20.60 °C  63.12 %  877.4 hPa 1.034E-03 g/cm³ 000 chk 15986
12/09/2019 17:08:00  20.55 °C  61.77 %  877.3 hPa 1.034E-03 g/cm³ 000 chk 52781
12/09/2019 17:09:00  20.50 °C  61.40 %  877.3 hPa 1.034E-03 g/cm³ 000 chk 12601
12/09/2019 17:10:00  20.46 °C  61.34 %  877.3 hPa 1.034E-03 g/cm³ 000 chk 13773
12/09/2019 17:11:00  20.42 °C  60.38 %  877.3 hPa 1.034E-03 g/cm³ 000 chk 21616
12/09/2019 17:12:00  20.38 °C  59.90 %  877.3 hPa 1.035E-03 g/cm³ 000 chk  5717
12/09/2019 17:13:00  20.35 °C  59.45 %  877.3 hPa 1.035E-03 g/cm³ 000 chk 31944
12/09/2019 17:14:00  20.30 °C  59.53 %  877.3 hPa 1.035E-03 g/cm³ 000 chk 37211
12/09/2019 17:15:00  20.26 °C  58.75 %  877.3 hPa 1.035E-03 g/cm³ 000 chk 29100
12/09/2019 17:16:00  20.22 °C  58.99 %  877.3 hPa 1.035E-03 g/cm³ 000 chk 21697
12/09/2019 17:17:00  20.21 °C  59.36 %  877.3 hPa 1.035E-03 g/cm³ 000 chk 30219
12/09/2019 17:18:00  20.17 °C  58.70 %  877.3 hPa 1.036E-03 g/cm³ 000 chk 23682
12/09/2019 17:19:00  20.14 °C  58.10 %  877.3 hPa 1.036E-03 g/cm³ 000 chk  1163
12/09/2019 17:20:00  20.11 °C  57.39 %  877.3 hPa 1.036E-03 g/cm³ 000 chk  5341
12/09/2019 17:21:00  20.08 °C  57.69 %  877.3 hPa 1.036E-03 g/cm³ 000 chk 45502
12/09/2019 17:22:00  20.06 °C  57.97 %  877.4 hPa 1.036E-03 g/cm³ 000 chk  3544
12/09/2019 17:23:00  20.04 °C  58.62 %  877.4 hPa 1.036E-03 g/cm³ 000 chk 44266
12/09/2019 17:24:00  20.03 °C  58.89 %  877.3 hPa 1.036E-03 g/cm³ 000 chk 15609
12/09/2019 17:25:00  20.03 °C  59.50 %  877.4 hPa 1.036E-03 g/cm³ 000 chk 44056
12/09/2019 17:26:00  20.03 °C  60.16 %  877.4 hPa 1.036E-03 g/cm³ 000 chk 30465
12/09/2019 17:27:00  20.02 °C  59.89 %  877.4 hPa 1.036E-03 g/cm³ 000 chk 60512
12/09/2019 17:28:00  20.00 °C  59.54 %  877.4 hPa 1.036E-03 g/cm³ 000 chk 65348
12/09/2019 17:29:00  19.99 °C  59.16 %  877.4 hPa 1.036E-03 g/cm³ 000 chk 48185
12/09/2019 17:30:00  19.97 °C  58.22 %  877.5 hPa 1.037E-03 g/cm³ 000 chk 36719
12/09/2019 17:31:00  19.96 °C  57.80 %  877.5 hPa 1.037E-03 g/cm³ 000 chk 57222
12/09/2019 17:32:00  19.95 °C  58.85 %  877.5 hPa 1.037E-03 g/cm³ 000 chk 64404
12/09/2019 17:33:00  19.95 °C  60.13 %  877.5 hPa 1.037E-03 g/cm³ 000 chk 25642
12/09/2019 17:34:00  19.95 °C  61.22 %  877.5 hPa 1.037E-03 g/cm³ 000 chk 35897
12/09/2019 17:35:00  19.96 °C  62.19 %  877.5 hPa 1.036E-03 g/cm³ 000 chk 47949
12/09/2019 17:36:00  19.98 °C  63.21 %  877.6 hPa 1.036E-03 g/cm³ 000 chk 23998
12/09/2019 17:37:00  19.99 °C  64.36 %  877.5 hPa 1.036E-03 g/cm³ 000 chk 56921
12/09/2019 17:38:00  20.00 °C  65.25 %  877.6 hPa 1.036E-03 g/cm³ 000 chk 49582
12/09/2019 17:39:00  20.02 °C  65.81 %  877.6 hPa 1.036E-03 g/cm³ 000 chk 32186
12/09/2019 17:40:00  20.04 °C  66.51 %  877.6 hPa 1.036E-03 g/cm³ 000 chk 62772
12/09/2019 17:41:00  20.06 °C  67.29 %  877.6 hPa 1.035E-03 g/cm³ 000 chk 34188
12/09/2019 17:42:00  20.08 °C  67.30 %  877.6 hPa 1.035E-03 g/cm³ 000 chk 38342
12/09/2019 17:43:00  20.10 °C  67.76 %  877.6 hPa 1.035E-03 g/cm³ 000 chk 36681
12/09/2019 17:44:00  20.13 °C  68.72 %  877.6 hPa 1.035E-03 g/cm³ 000 chk 27852
12/09/2019 17:45:00  20.14 °C  68.72 %  877.6 hPa 1.035E-03 g/cm³ 000 chk 62253
12/09/2019 17:46:00  20.17 °C  69.69 %  877.6 hPa 1.035E-03 g/cm³ 000 chk 29107
12/09/2019 17:47:00  20.19 °C  70.05 %  877.6 hPa 1.035E-03 g/cm³ 000 chk 46098
12/09/2019 17:48:00  20.21 °C  70.89 %  877.6 hPa 1.035E-03 g/cm³ 000 chk  5777
12/09/2019 17:49:00  20.23 °C  70.84 %  877.6 hPa 1.034E-03 g/cm³ 000 chk 44661
12/09/2019 17:50:00  20.25 °C  70.78 %  877.6 hPa 1.034E-03 g/cm³ 000 chk 54139
12/09/2019 17:51:00  20.27 °C  70.05 %  877.6 hPa 1.034E-03 g/cm³ 000 chk 43932
12/09/2019 17:52:00  20.29 °C  70.73 %  877.6 hPa 1.034E-03 g/cm³ 000 chk 20539
12/09/2019 17:53:00  20.31 °C  70.85 %  877.6 hPa 1.034E-03 g/cm³ 000 chk 35754
12/09/2019 17:54:00  20.32 °C  72.09 %  877.6 hPa 1.034E-03 g/cm³ 000 chk 53697
12/09/2019 17:55:00  20.34 °C  72.10 %  877.6 hPa 1.034E-03 g/cm³ 000 chk  6863
12/09/2019 17:56:00  20.35 °C  71.27 %  877.7 hPa 1.034E-03 g/cm³ 000 chk 16101
12/09/2019 17:57:00  20.37 °C  71.66 %  877.7 hPa 1.034E-03 g/cm³ 000 chk 55926
12/09/2019 17:58:00  20.38 °C  73.15 %  877.7 hPa 1.034E-03 g/cm³ 000 chk 13968
12/09/2019 17:59:00  20.39 °C  73.25 %  877.7 hPa 1.034E-03 g/cm³ 000 chk  3459
12/09/2019 18:00:00  20.41 °C  72.99 %  877.7 hPa 1.034E-03 g/cm³ 000 chk 51120
12/09/2019 18:01:00  20.42 °C  71.78 %  877.7 hPa 1.034E-03 g/cm³ 000 chk 17398
12/09/2019 18:02:00  20.43 °C  72.42 %  877.8 hPa 1.034E-03 g/cm³ 000 chk 52106
12/09/2019 18:03:00  20.45 °C  72.55 %  877.8 hPa 1.034E-03 g/cm³ 000 chk  1670
12/09/2019 18:04:00  20.45 °C  72.57 %  877.8 hPa 1.034E-03 g/cm³ 000 chk  2558
12/09/2019 18:05:00  20.46 °C  73.27 %  877.9 hPa 1.034E-03 g/cm³ 000 chk 63635
12/09/2019 18:06:00  20.47 °C  72.94 %  877.9 hPa 1.034E-03 g/cm³ 000 chk 61630
12/09/2019 18:07:00  20.48 °C  73.46 %  878.0 hPa 1.034E-03 g/cm³ 000 chk 49731
12/09/2019 18:08:00  20.49 °C  72.84 %  878.0 hPa 1.034E-03 g/cm³ 000 chk 38935
12/09/2019 18:09:00  20.50 °C  72.90 %  878.0 hPa 1.034E-03 g/cm³ 000 chk 35264
12/09/2019 18:10:00  20.51 °C  73.31 %  878.0 hPa 1.034E-03 g/cm³ 000 chk  8204
12/09/2019 18:11:00  20.52 °C  73.39 %  878.0 hPa 1.033E-03 g/cm³ 000 chk 37550
12/09/2019 18:12:00  20.52 °C  73.25 %  878.0 hPa 1.033E-03 g/cm³ 000 chk 29038
12/09/2019 18:13:00  20.53 °C  73.27 %  878.0 hPa 1.033E-03 g/cm³ 000 chk 53259
12/09/2019 18:14:00  20.53 °C  73.39 %  878.0 hPa 1.033E-03 g/cm³ 000 chk 33628
12/09/2019 18:15:00  20.54 °C  73.25 %  878.0 hPa 1.033E-03 g/cm³ 000 chk 16530
12/09/2019 18:16:00  20.55 °C  73.64 %  878.0 hPa 1.033E-03 g/cm³ 000 chk 17161
12/09/2019 18:17:00  20.55 °C  73.29 %  878.0 hPa 1.033E-03 g/cm³ 000 chk 22554
12/09/2019 18:18:00  20.55 °C  73.51 %  878.0 hPa 1.033E-03 g/cm³ 000 chk 45199
12/09/2019 18:19:00  20.56 °C  73.57 %  878.1 hPa 1.033E-03 g/cm³ 000 chk 65340
12/09/2019 18:20:00  20.57 °C  73.63 %  878.1 hPa 1.033E-03 g/cm³ 000 chk 27132
12/09/2019 18:21:00  20.57 °C  73.69 %  878.2 hPa 1.034E-03 g/cm³ 000 chk 63715
12/09/2019 18:22:00  20.57 °C  73.80 %  878.2 hPa 1.033E-03 g/cm³ 000 chk 33231
12/09/2019 18:23:00  20.58 °C  72.78 %  878.2 hPa 1.034E-03 g/cm³ 000 chk 43987
12/09/2019 18:24:00  20.57 °C  71.43 %  878.2 hPa 1.034E-03 g/cm³ 000 chk 43698
12/09/2019 18:25:00  20.55 °C  68.37 %  878.2 hPa 1.034E-03 g/cm³ 000 chk 20020
12/09/2019 18:26:00  20.52 °C  66.56 %  878.2 hPa 1.034E-03 g/cm³ 000 chk 18899
12/09/2019 18:27:00  20.48 °C  65.59 %  878.3 hPa 1.035E-03 g/cm³ 000 chk 64731
12/09/2019 18:28:00  20.44 °C  64.67 %  878.3 hPa 1.035E-03 g/cm³ 000 chk 41966
12/09/2019 18:29:00  20.40 °C  64.22 %  878.3 hPa 1.035E-03 g/cm³ 000 chk 38905
12/09/2019 18:30:00  20.36 °C  63.49 %  878.3 hPa 1.035E-03 g/cm³ 000 chk 11030
12/09/2019 18:31:00  20.33 °C  62.51 %  878.3 hPa 1.036E-03 g/cm³ 000 chk 28165
12/09/2019 18:32:00  20.28 °C  61.89 %  878.3 hPa 1.036E-03 g/cm³ 000 chk 25826
12/09/2019 18:33:00  20.26 °C  61.42 %  878.4 hPa 1.036E-03 g/cm³ 000 chk 21688
12/09/2019 18:34:00  20.22 °C  60.21 %  878.4 hPa 1.037E-03 g/cm³ 000 chk 57844
12/09/2019 18:35:00  20.18 °C  60.85 %  878.4 hPa 1.037E-03 g/cm³ 000 chk 25180
12/09/2019 18:36:00  20.15 °C  60.37 %  878.4 hPa 1.037E-03 g/cm³ 000 chk  7781
12/09/2019 18:37:00  20.13 °C  60.16 %  878.5 hPa 1.037E-03 g/cm³ 000 chk 50250
12/09/2019 18:38:00  20.11 °C  59.83 %  878.5 hPa 1.037E-03 g/cm³ 000 chk 46490
12/09/2019 18:39:00  20.08 °C  60.06 %  878.5 hPa 1.037E-03 g/cm³ 000 chk   586
12/09/2019 18:40:00  20.07 °C  60.08 %  878.5 hPa 1.037E-03 g/cm³ 000 chk 58078
12/09/2019 18:41:00  20.06 °C  61.02 %  878.5 hPa 1.037E-03 g/cm³ 000 chk 15269
12/09/2019 18:42:00  20.05 °C  61.89 %  878.5 hPa 1.037E-03 g/cm³ 000 chk 10338
12/09/2019 18:43:00  20.05 °C  62.92 %  878.5 hPa 1.037E-03 g/cm³ 000 chk 11727
12/09/2019 18:44:00  20.05 °C  63.91 %  878.5 hPa 1.037E-03 g/cm³ 000 chk 24490
12/09/2019 18:45:00  20.06 °C  64.88 %  878.6 hPa 1.037E-03 g/cm³ 000 chk 47564
12/09/2019 18:46:00  20.07 °C  65.86 %  878.6 hPa 1.037E-03 g/cm³ 000 chk   509
12/09/2019 18:47:00  20.08 °C  66.23 %  878.6 hPa 1.037E-03 g/cm³ 000 chk 14342
12/09/2019 18:48:00  20.10 °C  67.14 %  878.6 hPa 1.037E-03 g/cm³ 000 chk 62887
12/09/2019 18:49:00  20.11 °C  68.01 %  878.6 hPa 1.036E-03 g/cm³ 000 chk 26512
12/09/2019 18:50:00  20.13 °C  68.10 %  878.6 hPa 1.036E-03 g/cm³ 000 chk 27933
12/09/2019 18:51:00  20.14 °C  68.78 %  878.6 hPa 1.036E-03 g/cm³ 000 chk  6672
12/09/2019 18:52:00  20.16 °C  69.03 %  878.6 hPa 1.036E-03 g/cm³ 000 chk  2464
12/09/2019 18:53:00  20.18 °C  69.39 %  878.6 hPa 1.036E-03 g/cm³ 000 chk 48122
12/09/2019 18:54:00  20.20 °C  69.87 %  878.6 hPa 1.036E-03 g/cm³ 000 chk 54819
12/09/2019 18:55:00  20.21 °C  69.96 %  878.6 hPa 1.036E-03 g/cm³ 000 chk 49258
12/09/2019 18:56:00  20.23 °C  70.50 %  878.7 hPa 1.036E-03 g/cm³ 000 chk 37868
12/09/2019 18:57:00  20.25 °C  70.99 %  878.7 hPa 1.036E-03 g/cm³ 000 chk 39186
12/09/2019 18:58:00  20.26 °C  70.88 %  878.7 hPa 1.036E-03 g/cm³ 000 chk 34345
12/09/2019 18:59:00  20.28 °C  71.69 %  878.7 hPa 1.036E-03 g/cm³ 000 chk 64157
12/09/2019 19:00:00  20.29 °C  70.97 %  878.8 hPa 1.036E-03 g/cm³ 000 chk 45406
12/09/2019 19:01:00  20.31 °C  71.76 %  878.8 hPa 1.036E-03 g/cm³ 000 chk 14846
12/09/2019 19:02:00  20.32 °C  71.21 %  878.8 hPa 1.036E-03 g/cm³ 000 chk 30666
12/09/2019 19:03:00  20.34 °C  72.63 %  878.8 hPa 1.035E-03 g/cm³ 000 chk 53819
12/09/2019 19:04:00  20.35 °C  72.20 %  878.8 hPa 1.035E-03 g/cm³ 000 chk 24887
12/09/2019 19:05:00  20.36 °C  72.72 %  878.8 hPa 1.035E-03 g/cm³ 000 chk 41800
12/09/2019 19:06:00  20.38 °C  72.06 %  878.8 hPa 1.035E-03 g/cm³ 000 chk 49902
12/09/2019 19:07:00  20.39 °C  72.13 %  878.8 hPa 1.035E-03 g/cm³ 000 chk 41126
12/09/2019 19:08:00  20.40 °C  73.43 %  878.8 hPa 1.035E-03 g/cm³ 000 chk 23629
12/09/2019 19:09:00  20.41 °C  72.99 %  878.8 hPa 1.035E-03 g/cm³ 000 chk 17606
12/09/2019 19:10:00  20.42 °C  72.70 %  878.8 hPa 1.035E-03 g/cm³ 000 chk 13858
12/09/2019 19:11:00  20.43 °C  74.00 %  878.8 hPa 1.035E-03 g/cm³ 000 chk 28105
12/09/2019 19:12:00  20.44 °C  73.36 %  878.9 hPa 1.035E-03 g/cm³ 000 chk 49169
12/09/2019 19:13:00  20.45 °C  74.21 %  878.9 hPa 1.035E-03 g/cm³ 000 chk  2057
12/09/2019 19:14:00  20.46 °C  73.31 %  878.8 hPa 1.035E-03 g/cm³ 000 chk 26138
12/09/2019 19:15:00  20.47 °C  73.50 %  878.8 hPa 1.035E-03 g/cm³ 000 chk 45201
12/09/2019 19:16:00  20.47 °C  73.86 %  878.8 hPa 1.035E-03 g/cm³ 000 chk  8334
12/09/2019 19:17:00  20.48 °C  73.53 %  878.9 hPa 1.035E-03 g/cm³ 000 chk 53444
12/09/2019 19:18:00  20.49 °C  73.45 %  878.9 hPa 1.035E-03 g/cm³ 000 chk 44925
12/09/2019 19:19:00  20.50 °C  73.61 %  878.9 hPa 1.035E-03 g/cm³ 000 chk 48861
12/09/2019 19:20:00  20.50 °C  73.72 %  878.9 hPa 1.035E-03 g/cm³ 000 chk 31367
12/09/2019 19:21:00  20.51 °C  73.96 %  878.9 hPa 1.035E-03 g/cm³ 000 chk 62565
12/09/2019 19:22:00  20.51 °C  73.51 %  878.9 hPa 1.035E-03 g/cm³ 000 chk 18775
12/09/2019 19:23:00  20.52 °C  73.87 %  878.9 hPa 1.034E-03 g/cm³ 000 chk 16001
12/09/2019 19:24:00  20.53 °C  74.40 %  879.0 hPa 1.035E-03 g/cm³ 000 chk 14709
12/09/2019 19:25:00  20.54 °C  73.93 %  879.0 hPa 1.035E-03 g/cm³ 000 chk  8245
12/09/2019 19:26:00  20.54 °C  74.40 %  879.0 hPa 1.034E-03 g/cm³ 000 chk  6586
12/09/2019 19:27:00  20.55 °C  74.15 %  879.0 hPa 1.034E-03 g/cm³ 000 chk 47943
12/09/2019 19:28:00  20.55 °C  74.09 %  879.0 hPa 1.034E-03 g/cm³ 000 chk 10045
12/09/2019 19:29:00  20.55 °C  74.28 %  879.0 hPa 1.034E-03 g/cm³ 000 chk 41155
12/09/2019 19:30:00  20.56 °C  74.15 %  879.0 hPa 1.034E-03 g/cm³ 000 chk 26582
12/09/2019 19:31:00  20.56 °C  74.11 %  879.0 hPa 1.034E-03 g/cm³ 000 chk 47475
12/09/2019 19:32:00  20.56 °C  74.04 %  879.0 hPa 1.034E-03 g/cm³ 000 chk 24496
12/09/2019 19:33:00  20.57 °C  74.09 %  879.1 hPa 1.035E-03 g/cm³ 000 chk 60483
12/09/2019 19:34:00  20.57 °C  74.16 %  879.1 hPa 1.035E-03 g/cm³ 000 chk 21013
12/09/2019 19:35:00  20.57 °C  73.91 %  879.1 hPa 1.035E-03 g/cm³ 000 chk  2696
12/09/2019 19:36:00  20.58 °C  74.05 %  879.1 hPa 1.034E-03 g/cm³ 000 chk  3065
12/09/2019 19:37:00  20.58 °C  74.15 %  879.1 hPa 1.034E-03 g/cm³ 000 chk 24945
12/09/2019 19:38:00  20.58 °C  74.06 %  879.1 hPa 1.034E-03 g/cm³ 000 chk  5640
12/09/2019 19:39:00  20.58 °C  73.16 %  879.1 hPa 1.035E-03 g/cm³ 000 chk 19472
12/09/2019 19:40:00  20.58 °C  71.75 %  879.1 hPa 1.035E-03 g/cm³ 000 chk 17945
12/09/2019 19:41:00  20.56 °C  70.18 %  879.1 hPa 1.035E-03 g/cm³ 000 chk 26567
12/09/2019 19:42:00  20.54 °C  68.89 %  879.1 hPa 1.035E-03 g/cm³ 000 chk 24209
12/09/2019 19:43:00  20.51 °C  67.35 %  879.1 hPa 1.035E-03 g/cm³ 000 chk  3920
12/09/2019 19:44:00  20.48 °C  66.24 %  879.1 hPa 1.036E-03 g/cm³ 000 chk 10501
12/09/2019 19:45:00  20.44 °C  65.26 %  879.1 hPa 1.036E-03 g/cm³ 000 chk 57486
12/09/2019 19:46:00  20.40 °C  64.41 %  879.2 hPa 1.036E-03 g/cm³ 000 chk 16491
12/09/2019 19:47:00  20.36 °C  63.57 %  879.2 hPa 1.037E-03 g/cm³ 000 chk 41730
12/09/2019 19:48:00  20.33 °C  63.29 %  879.2 hPa 1.037E-03 g/cm³ 000 chk 62289
12/09/2019 19:49:00  20.29 °C  61.94 %  879.2 hPa 1.037E-03 g/cm³ 000 chk 29903
12/09/2019 19:50:00  20.26 °C  62.45 %  879.2 hPa 1.037E-03 g/cm³ 000 chk  6000
12/09/2019 19:51:00  20.23 °C  61.97 %  879.2 hPa 1.037E-03 g/cm³ 000 chk 16580
12/09/2019 19:52:00  20.20 °C  61.41 %  879.2 hPa 1.037E-03 g/cm³ 000 chk  8856
12/09/2019 19:53:00  20.17 °C  60.70 %  879.2 hPa 1.038E-03 g/cm³ 000 chk 13807
12/09/2019 19:54:00  20.14 °C  59.77 %  879.3 hPa 1.038E-03 g/cm³ 000 chk 58051
12/09/2019 19:55:00  20.10 °C  60.05 %  879.3 hPa 1.038E-03 g/cm³ 000 chk 40929
12/09/2019 19:56:00  20.08 °C  59.51 %  879.3 hPa 1.038E-03 g/cm³ 000 chk 32843
12/09/2019 19:57:00  20.05 °C  59.60 %  879.3 hPa 1.038E-03 g/cm³ 000 chk 24400
12/09/2019 19:58:00  20.03 °C  59.55 %  879.3 hPa 1.038E-03 g/cm³ 000 chk 41719
12/09/2019 19:59:00  20.01 °C  60.64 %  879.3 hPa 1.038E-03 g/cm³ 000 chk 52453
12/09/2019 20:00:00  20.01 °C  61.70 %  879.3 hPa 1.038E-03 g/cm³ 000 chk 10393
12/09/2019 20:01:00  20.01 °C  62.72 %  879.3 hPa 1.038E-03 g/cm³ 000 chk 59419
12/09/2019 20:02:00  20.02 °C  63.78 %  879.4 hPa 1.038E-03 g/cm³ 000 chk 10498
12/09/2019 20:03:00  20.02 °C  64.75 %  879.4 hPa 1.038E-03 g/cm³ 000 chk 49909
12/09/2019 20:04:00  20.03 °C  65.48 %  879.4 hPa 1.038E-03 g/cm³ 000 chk 10021
12/09/2019 20:05:00  20.04 °C  66.38 %  879.3 hPa 1.038E-03 g/cm³ 000 chk 59019
12/09/2019 20:06:00  20.05 °C  67.06 %  879.4 hPa 1.038E-03 g/cm³ 000 chk 12391
12/09/2019 20:07:00  20.07 °C  67.70 %  879.4 hPa 1.038E-03 g/cm³ 000 chk 55170
12/09/2019 20:08:00  20.08 °C  68.42 %  879.4 hPa 1.037E-03 g/cm³ 000 chk 33306
12/09/2019 20:09:00  20.11 °C  68.94 %  879.4 hPa 1.037E-03 g/cm³ 000 chk  2064
12/09/2019 20:10:00  20.12 °C  69.18 %  879.4 hPa 1.037E-03 g/cm³ 000 chk 29446
12/09/2019 20:11:00  20.14 °C  69.34 %  879.4 hPa 1.037E-03 g/cm³ 000 chk  8575
12/09/2019 20:12:00  20.16 °C  69.97 %  879.4 hPa 1.037E-03 g/cm³ 000 chk 35617
12/09/2019 20:13:00  20.18 °C  69.85 %  879.4 hPa 1.037E-03 g/cm³ 000 chk  4386
12/09/2019 20:14:00  20.20 °C  69.93 %  879.4 hPa 1.037E-03 g/cm³ 000 chk 38347
12/09/2019 20:15:00  20.22 °C  70.43 %  879.4 hPa 1.037E-03 g/cm³ 000 chk  1150
12/09/2019 20:16:00  20.24 °C  70.85 %  879.4 hPa 1.037E-03 g/cm³ 000 chk 61640
12/09/2019 20:17:00  20.25 °C  72.05 %  879.4 hPa 1.036E-03 g/cm³ 000 chk 27199
12/09/2019 20:18:00  20.27 °C  71.72 %  879.3 hPa 1.036E-03 g/cm³ 000 chk 38055
12/09/2019 20:19:00  20.28 °C  71.81 %  879.3 hPa 1.036E-03 g/cm³ 000 chk 46050
12/09/2019 20:20:00  20.30 °C  71.84 %  879.4 hPa 1.036E-03 g/cm³ 000 chk 43424
12/09/2019 20:21:00  20.31 °C  72.05 %  879.4 hPa 1.036E-03 g/cm³ 000 chk 20107
12/09/2019 20:22:00  20.33 °C  72.22 %  879.4 hPa 1.036E-03 g/cm³ 000 chk 20925
12/09/2019 20:23:00  20.34 °C  72.08 %  879.4 hPa 1.036E-03 g/cm³ 000 chk 31748
12/09/2019 20:24:00  20.35 °C  71.96 %  879.4 hPa 1.036E-03 g/cm³ 000 chk 36829
12/09/2019 20:25:00  20.36 °C  72.34 %  879.4 hPa 1.036E-03 g/cm³ 000 chk 48174
12/09/2019 20:26:00  20.37 °C  73.12 %  879.4 hPa 1.036E-03 g/cm³ 000 chk 11334
12/09/2019 20:27:00  20.38 °C  72.04 %  879.4 hPa 1.036E-03 g/cm³ 000 chk 50072
12/09/2019 20:28:00  20.39 °C  72.49 %  879.4 hPa 1.036E-03 g/cm³ 000 chk  9146
12/09/2019 20:29:00  20.41 °C  72.92 %  879.4 hPa 1.036E-03 g/cm³ 000 chk 59927
12/09/2019 20:30:00  20.42 °C  73.21 %  879.5 hPa 1.036E-03 g/cm³ 000 chk 33569
12/09/2019 20:31:00  20.42 °C  72.93 %  879.5 hPa 1.036E-03 g/cm³ 000 chk 57990
12/09/2019 20:32:00  20.43 °C  73.70 %  879.5 hPa 1.036E-03 g/cm³ 000 chk 59954
12/09/2019 20:33:00  20.44 °C  73.67 %  879.5 hPa 1.036E-03 g/cm³ 000 chk 46846
12/09/2019 20:34:00  20.45 °C  73.51 %  879.5 hPa 1.035E-03 g/cm³ 000 chk 23923
12/09/2019 20:35:00  20.45 °C  73.71 %  879.6 hPa 1.036E-03 g/cm³ 000 chk 32048
12/09/2019 20:36:00  20.46 °C  73.95 %  879.6 hPa 1.036E-03 g/cm³ 000 chk 34074
12/09/2019 20:37:00  20.47 °C  73.57 %  879.6 hPa 1.036E-03 g/cm³ 000 chk  9635
12/09/2019 20:38:00  20.48 °C  73.32 %  879.6 hPa 1.036E-03 g/cm³ 000 chk 34642
12/09/2019 20:39:00  20.48 °C  73.96 %  879.7 hPa 1.036E-03 g/cm³ 000 chk 41361
12/09/2019 20:40:00  20.49 °C  73.72 %  879.7 hPa 1.036E-03 g/cm³ 000 chk 38923
12/09/2019 20:41:00  20.49 °C  73.98 %  879.7 hPa 1.036E-03 g/cm³ 000 chk 33067
12/09/2019 20:42:00  20.50 °C  73.58 %  879.8 hPa 1.036E-03 g/cm³ 000 chk  5190
12/09/2019 20:43:00  20.50 °C  73.80 %  879.8 hPa 1.036E-03 g/cm³ 000 chk 38672
12/09/2019 20:44:00  20.51 °C  73.72 %  879.8 hPa 1.036E-03 g/cm³ 000 chk  2051
12/09/2019 20:45:00  20.51 °C  73.71 %  879.8 hPa 1.036E-03 g/cm³ 000 chk 54695
12/09/2019 20:46:00  20.52 °C  73.66 %  879.9 hPa 1.036E-03 g/cm³ 000 chk 41586
12/09/2019 20:47:00  20.52 °C  73.45 %  879.9 hPa 1.036E-03 g/cm³ 000 chk 49037
12/09/2019 20:48:00  20.53 °C  73.56 %  879.9 hPa 1.036E-03 g/cm³ 000 chk 22836
12/09/2019 20:49:00  20.53 °C  73.66 %  879.9 hPa 1.036E-03 g/cm³ 000 chk 62439
12/09/2019 20:50:00  20.54 °C  73.74 %  879.8 hPa 1.036E-03 g/cm³ 000 chk  8696
12/09/2019 20:51:00  20.54 °C  73.55 %  879.8 hPa 1.036E-03 g/cm³ 000 chk 42502
12/09/2019 20:52:00  20.55 °C  73.56 %  879.8 hPa 1.035E-03 g/cm³ 000 chk 65130
12/09/2019 20:53:00  20.55 °C  73.66 %  879.8 hPa 1.035E-03 g/cm³ 000 chk 21689
12/09/2019 20:54:00  20.55 °C  73.65 %  879.8 hPa 1.035E-03 g/cm³ 000 chk 46784
12/09/2019 20:55:00  20.56 °C  73.64 %  879.8 hPa 1.035E-03 g/cm³ 000 chk   806
12/09/2019 20:56:00  20.56 °C  73.52 %  879.8 hPa 1.035E-03 g/cm³ 000 chk 21182
12/09/2019 20:57:00  20.56 °C  73.41 %  879.9 hPa 1.036E-03 g/cm³ 000 chk 46881
12/09/2019 20:58:00  20.57 °C  73.75 %  879.9 hPa 1.036E-03 g/cm³ 000 chk 37570
12/09/2019 20:59:00  20.57 °C  73.32 %  879.9 hPa 1.036E-03 g/cm³ 000 chk 64466
12/09/2019 21:00:00  20.57 °C  73.47 %  879.9 hPa 1.036E-03 g/cm³ 000 chk 52134
12/09/2019 21:01:00  20.58 °C  73.47 %  880.0 hPa 1.036E-03 g/cm³ 000 chk 64684
12/09/2019 21:02:00  20.58 °C  73.35 %  880.0 hPa 1.036E-03 g/cm³ 000 chk  6528
12/09/2019 21:03:00  20.58 °C  73.29 %  880.0 hPa 1.036E-03 g/cm³ 000 chk 61195
12/09/2019 21:04:00  20.59 °C  73.15 %  880.0 hPa 1.036E-03 g/cm³ 000 chk 30662
12/09/2019 21:05:00  20.59 °C  73.11 %  880.0 hPa 1.036E-03 g/cm³ 000 chk 43363
12/09/2019 21:06:00  20.60 °C  73.30 %  880.0 hPa 1.036E-03 g/cm³ 000 chk 38314
12/09/2019 21:07:00  20.60 °C  73.20 %  880.0 hPa 1.036E-03 g/cm³ 000 chk 65314
12/09/2019 21:08:00  20.61 °C  73.14 %  880.0 hPa 1.036E-03 g/cm³ 000 chk 56001
12/09/2019 21:09:00  20.61 °C  72.96 %  880.0 hPa 1.036E-03 g/cm³ 000 chk 47889
12/09/2019 21:10:00  20.61 °C  72.96 %  880.0 hPa 1.036E-03 g/cm³ 000 chk 65330
12/09/2019 21:11:00  20.62 °C  72.60 %  880.0 hPa 1.036E-03 g/cm³ 000 chk 18558
12/09/2019 21:12:00  20.61 °C  72.02 %  880.0 hPa 1.036E-03 g/cm³ 000 chk 40765
12/09/2019 21:13:00  20.60 °C  69.35 %  880.0 hPa 1.036E-03 g/cm³ 000 chk 24182
12/09/2019 21:14:00  20.58 °C  68.69 %  879.9 hPa 1.036E-03 g/cm³ 000 chk 40657
12/09/2019 21:15:00  20.55 °C  67.18 %  879.9 hPa 1.036E-03 g/cm³ 000 chk 29121
12/09/2019 21:16:00  20.53 °C  65.95 %  880.0 hPa 1.037E-03 g/cm³ 000 chk 56542
12/09/2019 21:17:00  20.49 °C  64.40 %  879.9 hPa 1.037E-03 g/cm³ 000 chk  9583
12/09/2019 21:18:00  20.46 °C  64.37 %  880.0 hPa 1.037E-03 g/cm³ 000 chk 47959
12/09/2019 21:19:00  20.42 °C  63.01 %  880.0 hPa 1.037E-03 g/cm³ 000 chk  2259
12/09/2019 21:20:00  20.39 °C  62.34 %  880.0 hPa 1.038E-03 g/cm³ 000 chk 47417
12/09/2019 21:21:00  20.35 °C  61.47 %  880.0 hPa 1.038E-03 g/cm³ 000 chk 23921
12/09/2019 21:22:00  20.31 °C  60.78 %  880.0 hPa 1.038E-03 g/cm³ 000 chk 24304
12/09/2019 21:23:00  20.28 °C  60.85 %  880.0 hPa 1.038E-03 g/cm³ 000 chk 35747
12/09/2019 21:24:00  20.25 °C  60.99 %  880.0 hPa 1.038E-03 g/cm³ 000 chk 55868
12/09/2019 21:25:00  20.21 °C  59.72 %  880.0 hPa 1.039E-03 g/cm³ 000 chk 41881
12/09/2019 21:26:00  20.17 °C  59.66 %  879.9 hPa 1.039E-03 g/cm³ 000 chk 39817
12/09/2019 21:27:00  20.14 °C  59.73 %  879.9 hPa 1.039E-03 g/cm³ 000 chk 39490
12/09/2019 21:28:00  20.11 °C  59.21 %  879.9 hPa 1.039E-03 g/cm³ 000 chk 38473
12/09/2019 21:29:00  20.08 °C  58.33 %  879.8 hPa 1.039E-03 g/cm³ 000 chk   214
12/09/2019 21:30:00  20.05 °C  59.05 %  879.8 hPa 1.039E-03 g/cm³ 000 chk 41559
12/09/2019 21:31:00  20.04 °C  59.14 %  879.8 hPa 1.039E-03 g/cm³ 000 chk 46110
12/09/2019 21:32:00  20.03 °C  60.66 %  879.8 hPa 1.039E-03 g/cm³ 000 chk 11828
12/09/2019 21:33:00  20.02 °C  61.80 %  879.9 hPa 1.039E-03 g/cm³ 000 chk 21407
12/09/2019 21:34:00  20.02 °C  62.74 %  879.9 hPa 1.039E-03 g/cm³ 000 chk 17259
12/09/2019 21:35:00  20.03 °C  63.64 %  879.9 hPa 1.039E-03 g/cm³ 000 chk 10303
12/09/2019 21:36:00  20.03 °C  64.49 %  879.9 hPa 1.039E-03 g/cm³ 000 chk  5848
12/09/2019 21:37:00  20.04 °C  65.37 %  879.9 hPa 1.038E-03 g/cm³ 000 chk 57124
12/09/2019 21:38:00  20.05 °C  66.30 %  879.9 hPa 1.038E-03 g/cm³ 000 chk 32151
12/09/2019 21:39:00  20.06 °C  66.79 %  879.9 hPa 1.038E-03 g/cm³ 000 chk 57542
12/09/2019 21:40:00  20.08 °C  67.48 %  879.9 hPa 1.038E-03 g/cm³ 000 chk 60154
12/09/2019 21:41:00  20.10 °C  67.81 %  879.9 hPa 1.038E-03 g/cm³ 000 chk 55839
12/09/2019 21:42:00  20.11 °C  68.24 %  879.9 hPa 1.038E-03 g/cm³ 000 chk 40124
12/09/2019 21:43:00  20.13 °C  69.35 %  879.9 hPa 1.038E-03 g/cm³ 000 chk 59562
12/09/2019 21:44:00  20.14 °C  69.41 %  879.9 hPa 1.038E-03 g/cm³ 000 chk 64597
12/09/2019 21:45:00  20.16 °C  69.83 %  879.9 hPa 1.038E-03 g/cm³ 000 chk 44719
12/09/2019 21:46:00  20.18 °C  69.99 %  879.8 hPa 1.037E-03 g/cm³ 000 chk 13566
12/09/2019 21:47:00  20.20 °C  70.11 %  879.8 hPa 1.037E-03 g/cm³ 000 chk  4591
12/09/2019 21:48:00  20.22 °C  70.33 %  879.8 hPa 1.037E-03 g/cm³ 000 chk 59491
12/09/2019 21:49:00  20.24 °C  70.63 %  879.8 hPa 1.037E-03 g/cm³ 000 chk 59099
12/09/2019 21:50:00  20.25 °C  70.55 %  879.8 hPa 1.037E-03 g/cm³ 000 chk 56655
12/09/2019 21:51:00  20.27 °C  70.65 %  879.8 hPa 1.037E-03 g/cm³ 000 chk  5151
12/09/2019 21:52:00  20.28 °C  71.01 %  879.8 hPa 1.037E-03 g/cm³ 000 chk 46153
12/09/2019 21:53:00  20.30 °C  71.23 %  879.8 hPa 1.037E-03 g/cm³ 000 chk 55849
12/09/2019 21:54:00  20.31 °C  71.37 %  879.7 hPa 1.037E-03 g/cm³ 000 chk 20157
12/09/2019 21:55:00  20.33 °C  71.40 %  879.7 hPa 1.036E-03 g/cm³ 000 chk 17560
12/09/2019 21:56:00  20.34 °C  71.52 %  879.7 hPa 1.036E-03 g/cm³ 000 chk 37919
12/09/2019 21:57:00  20.35 °C  71.44 %  879.7 hPa 1.036E-03 g/cm³ 000 chk 33111
12/09/2019 21:58:00  20.36 °C  71.68 %  879.7 hPa 1.036E-03 g/cm³ 000 chk 61209
12/09/2019 21:59:00  20.38 °C  71.78 %  879.7 hPa 1.036E-03 g/cm³ 000 chk 61211
12/09/2019 22:00:00  20.39 °C  72.20 %  879.6 hPa 1.036E-03 g/cm³ 000 chk 28923
12/09/2019 22:01:00  20.40 °C  72.19 %  879.6 hPa 1.036E-03 g/cm³ 000 chk 29456
12/09/2019 22:02:00  20.41 °C  72.15 %  879.6 hPa 1.036E-03 g/cm³ 000 chk 49468
12/09/2019 22:03:00  20.42 °C  73.21 %  879.6 hPa 1.036E-03 g/cm³ 000 chk 32177
12/09/2019 22:04:00  20.43 °C  72.92 %  879.6 hPa 1.036E-03 g/cm³ 000 chk 24330
12/09/2019 22:05:00  20.43 °C  72.91 %  879.6 hPa 1.036E-03 g/cm³ 000 chk 33454
12/09/2019 22:06:00  20.44 °C  72.67 %  879.6 hPa 1.036E-03 g/cm³ 000 chk 59311
12/09/2019 22:07:00  20.45 °C  73.14 %  879.6 hPa 1.036E-03 g/cm³ 000 chk 64277
12/09/2019 22:08:00  20.45 °C  72.74 %  879.6 hPa 1.036E-03 g/cm³ 000 chk 43954
12/09/2019 22:09:00  20.46 °C  73.10 %  879.6 hPa 1.036E-03 g/cm³ 000 chk  6054
12/09/2019 22:10:00  20.47 °C  72.63 %  879.7 hPa 1.036E-03 g/cm³ 000 chk  7375
12/09/2019 22:11:00  20.47 °C  73.22 %  879.7 hPa 1.036E-03 g/cm³ 000 chk  3011
12/09/2019 22:12:00  20.48 °C  73.12 %  879.7 hPa 1.036E-03 g/cm³ 000 chk 20241
12/09/2019 22:13:00  20.48 °C  73.31 %  879.7 hPa 1.036E-03 g/cm³ 000 chk 21230
12/09/2019 22:14:00  20.49 °C  72.96 %  879.7 hPa 1.036E-03 g/cm³ 000 chk 50296
12/09/2019 22:15:00  20.50 °C  73.42 %  879.7 hPa 1.036E-03 g/cm³ 000 chk 17519
12/09/2019 22:16:00  20.50 °C  73.37 %  879.8 hPa 1.036E-03 g/cm³ 000 chk 34370
12/09/2019 22:17:00  20.51 °C  73.18 %  879.8 hPa 1.036E-03 g/cm³ 000 chk 38526
12/09/2019 22:18:00  20.51 °C  73.31 %  879.8 hPa 1.036E-03 g/cm³ 000 chk 37747
12/09/2019 22:19:00  20.52 °C  73.05 %  879.9 hPa 1.036E-03 g/cm³ 000 chk 18102
12/09/2019 22:20:00  20.52 °C  73.34 %  879.9 hPa 1.036E-03 g/cm³ 000 chk 55478
12/09/2019 22:21:00  20.53 °C  73.34 %  879.9 hPa 1.036E-03 g/cm³ 000 chk 58322
12/09/2019 22:22:00  20.53 °C  73.72 %  879.9 hPa 1.036E-03 g/cm³ 000 chk 29320
12/09/2019 22:23:00  20.54 °C  73.41 %  879.8 hPa 1.036E-03 g/cm³ 000 chk 25418
12/09/2019 22:24:00  20.54 °C  73.66 %  879.8 hPa 1.036E-03 g/cm³ 000 chk 13673
12/09/2019 22:25:00  20.54 °C  73.21 %  879.9 hPa 1.036E-03 g/cm³ 000 chk 42285
12/09/2019 22:26:00  20.55 °C  73.14 %  879.9 hPa 1.036E-03 g/cm³ 000 chk  4725
12/09/2019 22:27:00  20.55 °C  73.25 %  879.9 hPa 1.036E-03 g/cm³ 000 chk 21927
12/09/2019 22:28:00  20.55 °C  73.17 %  879.9 hPa 1.036E-03 g/cm³ 000 chk  3972
12/09/2019 22:29:00  20.56 °C  73.07 %  879.9 hPa 1.036E-03 g/cm³ 000 chk 38735
12/09/2019 22:30:00  20.56 °C  72.91 %  879.9 hPa 1.036E-03 g/cm³ 000 chk 44085
12/09/2019 22:31:00  20.57 °C  73.02 %  879.9 hPa 1.036E-03 g/cm³ 000 chk 28936
12/09/2019 22:32:00  20.57 °C  72.94 %  879.9 hPa 1.036E-03 g/cm³ 000 chk 45502
12/09/2019 22:33:00  20.57 °C  72.74 %  879.9 hPa 1.036E-03 g/cm³ 000 chk 55965
12/09/2019 22:34:00  20.58 °C  72.54 %  880.0 hPa 1.036E-03 g/cm³ 000 chk  4625
12/09/2019 22:35:00  20.58 °C  72.45 %  880.0 hPa 1.036E-03 g/cm³ 000 chk 38296
12/09/2019 22:36:00  20.59 °C  72.49 %  879.9 hPa 1.036E-03 g/cm³ 000 chk 16720
12/09/2019 22:37:00  20.59 °C  72.51 %  880.0 hPa 1.036E-03 g/cm³ 000 chk 42302
12/09/2019 22:38:00  20.60 °C  72.34 %  880.0 hPa 1.036E-03 g/cm³ 000 chk 21241
12/09/2019 22:39:00  20.60 °C  72.31 %  880.0 hPa 1.036E-03 g/cm³ 000 chk 24925
12/09/2019 22:40:00  20.60 °C  72.21 %  880.0 hPa 1.036E-03 g/cm³ 000 chk 48301
12/09/2019 22:41:00  20.61 °C  72.12 %  880.0 hPa 1.036E-03 g/cm³ 000 chk 61630
12/09/2019 22:42:00  20.61 °C  72.05 %  880.0 hPa 1.036E-03 g/cm³ 000 chk 35964
12/09/2019 22:43:00  20.61 °C  72.05 %  880.0 hPa 1.036E-03 g/cm³ 000 chk  9944
12/09/2019 22:44:00  20.62 °C  71.24 %  880.0 hPa 1.036E-03 g/cm³ 000 chk 40095
12/09/2019 22:45:00  20.61 °C  70.37 %  880.0 hPa 1.036E-03 g/cm³ 000 chk 58184
12/09/2019 22:46:00  20.59 °C  68.11 %  880.0 hPa 1.036E-03 g/cm³ 000 chk 17470
12/09/2019 22:47:00  20.56 °C  66.18 %  880.0 hPa 1.036E-03 g/cm³ 000 chk 28785
12/09/2019 22:48:00  20.53 °C  64.89 %  880.0 hPa 1.037E-03 g/cm³ 000 chk 27228
12/09/2019 22:49:00  20.48 °C  63.49 %  880.0 hPa 1.037E-03 g/cm³ 000 chk 40360
12/09/2019 22:50:00  20.44 °C  62.80 %  879.9 hPa 1.037E-03 g/cm³ 000 chk  8869
12/09/2019 22:51:00  20.40 °C  62.25 %  879.9 hPa 1.037E-03 g/cm³ 000 chk 55093
12/09/2019 22:52:00  20.36 °C  61.43 %  879.9 hPa 1.038E-03 g/cm³ 000 chk  9517
12/09/2019 22:53:00  20.33 °C  61.57 %  879.9 hPa 1.038E-03 g/cm³ 000 chk 28002
12/09/2019 22:54:00  20.30 °C  61.53 %  879.9 hPa 1.038E-03 g/cm³ 000 chk 32345
12/09/2019 22:55:00  20.27 °C  62.36 %  879.9 hPa 1.038E-03 g/cm³ 000 chk 55520
12/09/2019 22:56:00  20.25 °C  61.56 %  879.9 hPa 1.038E-03 g/cm³ 000 chk 62533
12/09/2019 22:57:00  20.22 °C  61.57 %  879.9 hPa 1.038E-03 g/cm³ 000 chk 34469
12/09/2019 22:58:00  20.20 °C  61.89 %  879.9 hPa 1.038E-03 g/cm³ 000 chk 57985
12/09/2019 22:59:00  20.18 °C  61.15 %  879.9 hPa 1.038E-03 g/cm³ 000 chk 60127
12/09/2019 23:00:00  20.15 °C  60.44 %  879.9 hPa 1.039E-03 g/cm³ 000 chk 26341
12/09/2019 23:01:00  20.13 °C  60.38 %  879.9 hPa 1.039E-03 g/cm³ 000 chk 13317
12/09/2019 23:02:00  20.10 °C  59.68 %  879.8 hPa 1.039E-03 g/cm³ 000 chk 51751
12/09/2019 23:03:00  20.08 °C  60.39 %  879.8 hPa 1.039E-03 g/cm³ 000 chk 22982
12/09/2019 23:04:00  20.06 °C  59.76 %  879.8 hPa 1.039E-03 g/cm³ 000 chk 51136
12/09/2019 23:05:00  20.04 °C  59.78 %  879.8 hPa 1.039E-03 g/cm³ 000 chk  2277
12/09/2019 23:06:00  20.02 °C  59.88 %  879.8 hPa 1.039E-03 g/cm³ 000 chk  4644
12/09/2019 23:07:00  20.02 °C  60.41 %  879.8 hPa 1.039E-03 g/cm³ 000 chk 63004
12/09/2019 23:08:00  20.02 °C  61.36 %  879.8 hPa 1.039E-03 g/cm³ 000 chk 26006
12/09/2019 23:09:00  20.02 °C  62.38 %  879.8 hPa 1.039E-03 g/cm³ 000 chk 14615
12/09/2019 23:10:00  20.02 °C  63.24 %  879.8 hPa 1.039E-03 g/cm³ 000 chk 45319
12/09/2019 23:11:00  20.03 °C  64.02 %  879.8 hPa 1.039E-03 g/cm³ 000 chk 37993
12/09/2019 23:12:00  20.04 °C  64.88 %  879.8 hPa 1.038E-03 g/cm³ 000 chk 44392
12/09/2019 23:13:00  20.05 °C  65.98 %  879.8 hPa 1.038E-03 g/cm³ 000 chk 50748
12/09/2019 23:14:00  20.06 °C  66.32 %  879.8 hPa 1.038E-03 g/cm³ 000 chk  8720
12/09/2019 23:15:00  20.08 °C  66.89 %  879.8 hPa 1.038E-03 g/cm³ 000 chk 48162
12/09/2019 23:16:00  20.09 °C  67.25 %  879.8 hPa 1.038E-03 g/cm³ 000 chk 40736
12/09/2019 23:17:00  20.12 °C  67.78 %  879.8 hPa 1.038E-03 g/cm³ 000 chk 10434
12/09/2019 23:18:00  20.14 °C  68.00 %  879.8 hPa 1.038E-03 g/cm³ 000 chk 37996
12/09/2019 23:19:00  20.15 °C  68.82 %  879.8 hPa 1.038E-03 g/cm³ 000 chk 62560
12/09/2019 23:20:00  20.17 °C  69.20 %  879.8 hPa 1.037E-03 g/cm³ 000 chk 60405
12/09/2019 23:21:00  20.19 °C  69.37 %  879.8 hPa 1.037E-03 g/cm³ 000 chk 59638
12/09/2019 23:22:00  20.21 °C  69.56 %  879.8 hPa 1.037E-03 g/cm³ 000 chk 34122
12/09/2019 23:23:00  20.23 °C  70.38 %  879.8 hPa 1.037E-03 g/cm³ 000 chk 54243
12/09/2019 23:24:00  20.24 °C  70.54 %  879.8 hPa 1.037E-03 g/cm³ 000 chk 61234
12/09/2019 23:25:00  20.26 °C  70.63 %  879.8 hPa 1.037E-03 g/cm³ 000 chk  9571
12/09/2019 23:26:00  20.27 °C  70.63 %  879.8 hPa 1.037E-03 g/cm³ 000 chk  2892
12/09/2019 23:27:00  20.29 °C  70.94 %  879.8 hPa 1.037E-03 g/cm³ 000 chk 51656
12/09/2019 23:28:00  20.30 °C  71.43 %  879.8 hPa 1.037E-03 g/cm³ 000 chk 21550
12/09/2019 23:29:00  20.32 °C  70.98 %  879.8 hPa 1.037E-03 g/cm³ 000 chk 21479
12/09/2019 23:30:00  20.33 °C  71.59 %  879.8 hPa 1.036E-03 g/cm³ 000 chk 64004
12/09/2019 23:31:00  20.35 °C  71.76 %  879.8 hPa 1.036E-03 g/cm³ 000 chk 57213
12/09/2019 23:32:00  20.36 °C  71.80 %  879.9 hPa 1.036E-03 g/cm³ 000 chk 33838
12/09/2019 23:33:00  20.37 °C  72.76 %  879.8 hPa 1.036E-03 g/cm³ 000 chk 22930
12/09/2019 23:34:00  20.38 °C  72.49 %  879.9 hPa 1.036E-03 g/cm³ 000 chk  9601
12/09/2019 23:35:00  20.40 °C  73.04 %  879.9 hPa 1.036E-03 g/cm³ 000 chk 37749
12/09/2019 23:36:00  20.41 °C  72.78 %  879.9 hPa 1.036E-03 g/cm³ 000 chk 29063
12/09/2019 23:37:00  20.42 °C  72.80 %  879.9 hPa 1.036E-03 g/cm³ 000 chk 49353
12/09/2019 23:38:00  20.43 °C  72.97 %  879.9 hPa 1.036E-03 g/cm³ 000 chk 21105
12/09/2019 23:39:00  20.44 °C  73.01 %  879.9 hPa 1.036E-03 g/cm³ 000 chk 45769
12/09/2019 23:40:00  20.45 °C  73.03 %  879.8 hPa 1.036E-03 g/cm³ 000 chk 23936
12/09/2019 23:41:00  20.46 °C  73.15 %  879.8 hPa 1.036E-03 g/cm³ 000 chk 11083
12/09/2019 23:42:00  20.47 °C  73.82 %  879.8 hPa 1.036E-03 g/cm³ 000 chk  1824
12/09/2019 23:43:00  20.48 °C  73.25 %  879.8 hPa 1.036E-03 g/cm³ 000 chk 21757
12/09/2019 23:44:00  20.49 °C  72.85 %  879.8 hPa 1.036E-03 g/cm³ 000 chk 49514
12/09/2019 23:45:00  20.50 °C  73.44 %  879.8 hPa 1.036E-03 g/cm³ 000 chk  6225
12/09/2019 23:46:00  20.50 °C  73.49 %  879.8 hPa 1.036E-03 g/cm³ 000 chk 54972
12/09/2019 23:47:00  20.51 °C  74.06 %  879.8 hPa 1.036E-03 g/cm³ 000 chk 63039
12/09/2019 23:48:00  20.52 °C  73.66 %  879.8 hPa 1.036E-03 g/cm³ 000 chk 62614
12/09/2019 23:49:00  20.52 °C  74.03 %  879.8 hPa 1.036E-03 g/cm³ 000 chk 63373
12/09/2019 23:50:00  20.53 °C  73.99 %  879.8 hPa 1.036E-03 g/cm³ 000 chk 24953
12/09/2019 23:51:00  20.54 °C  74.31 %  879.8 hPa 1.035E-03 g/cm³ 000 chk  9914
12/09/2019 23:52:00  20.55 °C  73.40 %  879.8 hPa 1.036E-03 g/cm³ 000 chk  5188
12/09/2019 23:53:00  20.55 °C  73.84 %  879.9 hPa 1.036E-03 g/cm³ 000 chk 12905
12/09/2019 23:54:00  20.56 °C  73.89 %  879.8 hPa 1.035E-03 g/cm³ 000 chk 56390
12/09/2019 23:55:00  20.57 °C  74.31 %  879.8 hPa 1.035E-03 g/cm³ 000 chk 65135
12/09/2019 23:56:00  20.57 °C  74.44 %  879.8 hPa 1.035E-03 g/cm³ 000 chk  6210
12/09/2019 23:57:00  20.58 °C  74.03 %  879.8 hPa 1.035E-03 g/cm³ 000 chk 35352
12/09/2019 23:58:00  20.58 °C  74.21 %  879.7 hPa 1.035E-03 g/cm³ 000 chk 13335
12/09/2019 23:59:00  20.58 °C  74.19 %  879.7 hPa 1.035E-03 g/cm³ 000 chk 30406
