28/10/2019  9:30:20  20.40 °C  60.76 %  881.0 hPa 1.039E-03 g/cm³ 000 chk 19879
28/10/2019  9:31:00  20.40 °C  60.99 %  881.0 hPa 1.039E-03 g/cm³ 000 chk 48796
28/10/2019  9:32:00  20.41 °C  60.34 %  880.9 hPa 1.039E-03 g/cm³ 000 chk 53635
28/10/2019  9:33:00  20.41 °C  60.09 %  880.9 hPa 1.039E-03 g/cm³ 000 chk  2642
28/10/2019  9:34:00  20.40 °C  59.87 %  880.9 hPa 1.039E-03 g/cm³ 000 chk 33731
28/10/2019  9:35:00  20.39 °C  59.61 %  880.9 hPa 1.039E-03 g/cm³ 000 chk 43739
28/10/2019  9:36:00  20.39 °C  59.43 %  881.0 hPa 1.039E-03 g/cm³ 000 chk 32366
28/10/2019  9:37:00  20.39 °C  59.66 %  880.9 hPa 1.039E-03 g/cm³ 000 chk 48273
28/10/2019  9:38:00  20.38 °C  59.18 %  881.0 hPa 1.039E-03 g/cm³ 000 chk  6852
28/10/2019  9:39:00  20.37 °C  59.07 %  880.9 hPa 1.039E-03 g/cm³ 000 chk 20741
28/10/2019  9:40:00  20.36 °C  59.29 %  880.8 hPa 1.039E-03 g/cm³ 000 chk 57876
28/10/2019  9:41:00  20.37 °C  59.08 %  880.8 hPa 1.039E-03 g/cm³ 000 chk 62506
28/10/2019  9:42:00  20.37 °C  59.07 %  880.8 hPa 1.039E-03 g/cm³ 000 chk 41158
28/10/2019  9:43:00  20.37 °C  58.94 %  880.8 hPa 1.039E-03 g/cm³ 000 chk 60475
28/10/2019  9:44:00  20.37 °C  58.67 %  880.8 hPa 1.039E-03 g/cm³ 000 chk  4073
28/10/2019  9:45:00  20.37 °C  58.59 %  880.7 hPa 1.039E-03 g/cm³ 000 chk 34616
28/10/2019  9:46:00  20.37 °C  58.30 %  880.7 hPa 1.039E-03 g/cm³ 000 chk 15674
28/10/2019  9:47:00  20.37 °C  58.23 %  880.7 hPa 1.039E-03 g/cm³ 000 chk  8370
28/10/2019  9:48:00  20.37 °C  58.13 %  880.7 hPa 1.039E-03 g/cm³ 000 chk 57488
28/10/2019  9:49:00  20.38 °C  58.27 %  880.7 hPa 1.039E-03 g/cm³ 000 chk 50440
28/10/2019  9:50:00  20.38 °C  58.22 %  880.8 hPa 1.039E-03 g/cm³ 000 chk 15403
28/10/2019  9:51:00  20.38 °C  58.20 %  880.8 hPa 1.039E-03 g/cm³ 000 chk  3214
28/10/2019  9:52:00  20.38 °C  58.18 %  880.8 hPa 1.039E-03 g/cm³ 000 chk 23316
28/10/2019  9:53:00  20.38 °C  58.05 %  880.8 hPa 1.039E-03 g/cm³ 000 chk 16542
28/10/2019  9:54:00  20.38 °C  57.91 %  880.8 hPa 1.039E-03 g/cm³ 000 chk 20509
28/10/2019  9:55:00  20.38 °C  58.42 %  880.8 hPa 1.039E-03 g/cm³ 000 chk 48375
28/10/2019  9:56:00  20.36 °C  58.70 %  880.8 hPa 1.039E-03 g/cm³ 000 chk 62436
28/10/2019  9:57:00  20.36 °C  58.83 %  880.8 hPa 1.039E-03 g/cm³ 000 chk 12267
28/10/2019  9:58:00  20.36 °C  59.39 %  880.7 hPa 1.039E-03 g/cm³ 000 chk 59583
28/10/2019  9:59:00  20.36 °C  59.75 %  880.7 hPa 1.039E-03 g/cm³ 000 chk  7853
28/10/2019 10:00:00  20.37 °C  59.69 %  880.7 hPa 1.039E-03 g/cm³ 000 chk 29498
28/10/2019 10:01:00  20.37 °C  59.82 %  880.7 hPa 1.039E-03 g/cm³ 000 chk 34587
28/10/2019 10:02:00  20.38 °C  60.22 %  880.7 hPa 1.039E-03 g/cm³ 000 chk 35023
28/10/2019 10:03:00  20.37 °C  60.31 %  880.7 hPa 1.039E-03 g/cm³ 000 chk 28173
28/10/2019 10:04:00  20.36 °C  60.45 %  880.7 hPa 1.039E-03 g/cm³ 000 chk 56951
28/10/2019 10:05:00  20.36 °C  60.34 %  880.7 hPa 1.039E-03 g/cm³ 000 chk 22800
28/10/2019 10:06:00  20.35 °C  60.44 %  880.7 hPa 1.039E-03 g/cm³ 000 chk 54398
28/10/2019 10:07:00  20.35 °C  60.61 %  880.7 hPa 1.039E-03 g/cm³ 000 chk 10113
28/10/2019 10:08:00  20.35 °C  60.68 %  880.8 hPa 1.039E-03 g/cm³ 000 chk 50903
28/10/2019 10:09:00  20.35 °C  60.88 %  880.8 hPa 1.039E-03 g/cm³ 000 chk 44532
28/10/2019 10:10:00  20.35 °C  60.72 %  880.8 hPa 1.039E-03 g/cm³ 000 chk 39551
28/10/2019 10:11:00  20.35 °C  61.01 %  880.9 hPa 1.039E-03 g/cm³ 000 chk 61009
28/10/2019 10:12:00  20.35 °C  60.70 %  880.8 hPa 1.039E-03 g/cm³ 000 chk  5429
28/10/2019 10:13:00  20.35 °C  61.07 %  880.8 hPa 1.039E-03 g/cm³ 000 chk 60494
28/10/2019 10:14:00  20.35 °C  61.04 %  880.8 hPa 1.039E-03 g/cm³ 000 chk  3639
28/10/2019 10:15:00  20.35 °C  60.89 %  880.9 hPa 1.039E-03 g/cm³ 000 chk 32176
28/10/2019 10:16:00  20.35 °C  60.93 %  880.8 hPa 1.039E-03 g/cm³ 000 chk 35108
28/10/2019 10:17:00  20.35 °C  61.29 %  880.8 hPa 1.039E-03 g/cm³ 000 chk   129
28/10/2019 10:18:00  20.35 °C  60.95 %  880.8 hPa 1.039E-03 g/cm³ 000 chk  3541
28/10/2019 10:19:00  20.35 °C  60.89 %  880.7 hPa 1.039E-03 g/cm³ 000 chk 57182
28/10/2019 10:20:00  20.36 °C  61.26 %  880.7 hPa 1.039E-03 g/cm³ 000 chk  9286
28/10/2019 10:21:00  20.35 °C  61.31 %  880.7 hPa 1.039E-03 g/cm³ 000 chk 49036
28/10/2019 10:22:00  20.36 °C  61.28 %  880.7 hPa 1.039E-03 g/cm³ 000 chk 14095
28/10/2019 10:23:00  20.36 °C  61.57 %  880.7 hPa 1.039E-03 g/cm³ 000 chk 46698
28/10/2019 10:24:00  20.36 °C  61.74 %  880.7 hPa 1.039E-03 g/cm³ 000 chk 37960
28/10/2019 10:25:00  20.37 °C  61.71 %  880.6 hPa 1.038E-03 g/cm³ 000 chk 53177
28/10/2019 10:26:00  20.37 °C  61.72 %  880.6 hPa 1.038E-03 g/cm³ 000 chk  1878
28/10/2019 10:27:00  20.37 °C  61.46 %  880.6 hPa 1.038E-03 g/cm³ 000 chk 55684
28/10/2019 10:28:00  20.37 °C  61.51 %  880.6 hPa 1.038E-03 g/cm³ 000 chk 56060
28/10/2019 10:29:00  20.37 °C  61.63 %  880.6 hPa 1.038E-03 g/cm³ 000 chk 59950
28/10/2019 10:30:00  20.37 °C  61.72 %  880.6 hPa 1.038E-03 g/cm³ 000 chk 33568
28/10/2019 10:31:00  20.37 °C  61.48 %  880.5 hPa 1.038E-03 g/cm³ 000 chk  4111
28/10/2019 10:32:00  20.37 °C  61.80 %  880.5 hPa 1.038E-03 g/cm³ 000 chk 17982
28/10/2019 10:33:00  20.37 °C  61.64 %  880.5 hPa 1.038E-03 g/cm³ 000 chk 22812
28/10/2019 10:34:00  20.37 °C  61.87 %  880.5 hPa 1.038E-03 g/cm³ 000 chk 31458
28/10/2019 10:35:00  20.38 °C  62.20 %  880.5 hPa 1.038E-03 g/cm³ 000 chk 55576
28/10/2019 10:36:00  20.38 °C  62.36 %  880.5 hPa 1.038E-03 g/cm³ 000 chk 18651
28/10/2019 10:37:00  20.38 °C  62.50 %  880.5 hPa 1.038E-03 g/cm³ 000 chk  3217
28/10/2019 10:38:00  20.38 °C  62.52 %  880.5 hPa 1.038E-03 g/cm³ 000 chk 22213
28/10/2019 10:39:00  20.38 °C  62.68 %  880.5 hPa 1.038E-03 g/cm³ 000 chk 36373
28/10/2019 10:40:00  20.38 °C  62.27 %  880.4 hPa 1.038E-03 g/cm³ 000 chk 16683
28/10/2019 10:41:00  20.38 °C  62.54 %  880.5 hPa 1.038E-03 g/cm³ 000 chk 42265
28/10/2019 10:42:00  20.38 °C  62.48 %  880.5 hPa 1.038E-03 g/cm³ 000 chk 18137
28/10/2019 10:43:00  20.37 °C  62.48 %  880.4 hPa 1.038E-03 g/cm³ 000 chk 61027
28/10/2019 10:44:00  20.38 °C  62.98 %  880.4 hPa 1.038E-03 g/cm³ 000 chk 16800
28/10/2019 10:45:00  20.39 °C  62.59 %  880.4 hPa 1.038E-03 g/cm³ 000 chk 38425
28/10/2019 10:46:00  20.40 °C  62.68 %  880.4 hPa 1.038E-03 g/cm³ 000 chk 26811
28/10/2019 10:47:00  20.41 °C  63.01 %  880.3 hPa 1.038E-03 g/cm³ 000 chk 43140
28/10/2019 10:48:00  20.41 °C  62.87 %  880.4 hPa 1.038E-03 g/cm³ 000 chk 47374
28/10/2019 10:49:00  20.42 °C  63.34 %  880.3 hPa 1.038E-03 g/cm³ 000 chk 43329
28/10/2019 10:50:00  20.43 °C  62.93 %  880.3 hPa 1.038E-03 g/cm³ 000 chk 61069
28/10/2019 10:51:00  20.43 °C  62.72 %  880.3 hPa 1.038E-03 g/cm³ 000 chk 26799
28/10/2019 10:52:00  20.43 °C  62.90 %  880.3 hPa 1.038E-03 g/cm³ 000 chk 36038
28/10/2019 10:53:00  20.42 °C  62.44 %  880.2 hPa 1.038E-03 g/cm³ 000 chk 64263
28/10/2019 10:54:00  20.42 °C  62.77 %  880.2 hPa 1.038E-03 g/cm³ 000 chk  6409
28/10/2019 10:55:00  20.42 °C  62.60 %  880.2 hPa 1.038E-03 g/cm³ 000 chk 28800
28/10/2019 10:56:00  20.41 °C  62.52 %  880.2 hPa 1.038E-03 g/cm³ 000 chk 42842
28/10/2019 10:57:00  20.41 °C  62.50 %  880.1 hPa 1.038E-03 g/cm³ 000 chk 56320
28/10/2019 10:58:00  20.41 °C  62.47 %  880.1 hPa 1.038E-03 g/cm³ 000 chk 57208
28/10/2019 10:59:00  20.40 °C  62.56 %  880.1 hPa 1.038E-03 g/cm³ 000 chk 51505
28/10/2019 11:00:00  20.41 °C  62.50 %  880.1 hPa 1.038E-03 g/cm³ 000 chk 57159
28/10/2019 11:01:00  20.40 °C  62.64 %  880.1 hPa 1.038E-03 g/cm³ 000 chk 36949
28/10/2019 11:02:00  20.40 °C  62.45 %  880.1 hPa 1.038E-03 g/cm³ 000 chk   736
28/10/2019 11:03:00  20.40 °C  62.37 %  880.1 hPa 1.038E-03 g/cm³ 000 chk 62087
28/10/2019 11:04:00  20.40 °C  62.66 %  880.1 hPa 1.038E-03 g/cm³ 000 chk 35430
28/10/2019 11:05:00  20.39 °C  62.69 %  880.1 hPa 1.038E-03 g/cm³ 000 chk 26618
28/10/2019 11:06:00  20.39 °C  62.30 %  880.0 hPa 1.038E-03 g/cm³ 000 chk  9435
28/10/2019 11:07:00  20.39 °C  62.28 %  880.0 hPa 1.038E-03 g/cm³ 000 chk 42577
28/10/2019 11:08:00  20.38 °C  62.23 %  880.0 hPa 1.038E-03 g/cm³ 000 chk 26822
28/10/2019 11:09:00  20.38 °C  62.35 %  879.9 hPa 1.037E-03 g/cm³ 000 chk 36581
28/10/2019 11:10:00  20.38 °C  62.02 %  880.0 hPa 1.038E-03 g/cm³ 000 chk 43803
28/10/2019 11:11:00  20.38 °C  62.09 %  879.9 hPa 1.037E-03 g/cm³ 000 chk 64534
28/10/2019 11:12:00  20.38 °C  62.24 %  879.9 hPa 1.037E-03 g/cm³ 000 chk 62112
28/10/2019 11:13:00  20.37 °C  62.64 %  879.9 hPa 1.037E-03 g/cm³ 000 chk 25595
28/10/2019 11:14:00  20.37 °C  62.83 %  879.9 hPa 1.037E-03 g/cm³ 000 chk 13316
28/10/2019 11:15:00  20.37 °C  62.52 %  879.9 hPa 1.037E-03 g/cm³ 000 chk 45649
28/10/2019 11:16:00  20.37 °C  62.30 %  879.9 hPa 1.037E-03 g/cm³ 000 chk 38737
28/10/2019 11:17:00  20.36 °C  62.44 %  879.9 hPa 1.037E-03 g/cm³ 000 chk  6390
28/10/2019 11:18:00  20.36 °C  62.30 %  879.8 hPa 1.037E-03 g/cm³ 000 chk 38196
28/10/2019 11:19:00  20.36 °C  62.52 %  879.9 hPa 1.037E-03 g/cm³ 000 chk 23595
28/10/2019 11:20:00  20.36 °C  62.24 %  879.8 hPa 1.038E-03 g/cm³ 000 chk 64644
28/10/2019 11:21:00  20.36 °C  62.71 %  879.8 hPa 1.037E-03 g/cm³ 000 chk 52214
28/10/2019 11:22:00  20.36 °C  62.73 %  879.8 hPa 1.037E-03 g/cm³ 000 chk 60952
28/10/2019 11:23:00  20.36 °C  62.50 %  879.8 hPa 1.037E-03 g/cm³ 000 chk 62439
28/10/2019 11:24:00  20.35 °C  62.24 %  879.8 hPa 1.037E-03 g/cm³ 000 chk  8222
28/10/2019 11:25:00  20.35 °C  62.55 %  879.8 hPa 1.037E-03 g/cm³ 000 chk 42873
28/10/2019 11:26:00  20.35 °C  62.53 %  879.8 hPa 1.037E-03 g/cm³ 000 chk 63126
28/10/2019 11:27:00  20.35 °C  62.48 %  879.8 hPa 1.037E-03 g/cm³ 000 chk   796
28/10/2019 11:28:00  20.35 °C  62.80 %  879.8 hPa 1.037E-03 g/cm³ 000 chk 10903
28/10/2019 11:29:00  20.35 °C  62.68 %  879.8 hPa 1.037E-03 g/cm³ 000 chk 43446
28/10/2019 11:30:00  20.35 °C  62.56 %  879.8 hPa 1.037E-03 g/cm³ 000 chk 60384
28/10/2019 11:31:00  20.34 °C  62.23 %  879.8 hPa 1.037E-03 g/cm³ 000 chk 35142
28/10/2019 11:32:00  20.34 °C  62.71 %  879.7 hPa 1.037E-03 g/cm³ 000 chk 34865
28/10/2019 11:33:00  20.35 °C  62.74 %  879.7 hPa 1.037E-03 g/cm³ 000 chk 10837
28/10/2019 11:34:00  20.34 °C  62.75 %  879.7 hPa 1.037E-03 g/cm³ 000 chk 50157
28/10/2019 11:35:00  20.35 °C  62.93 %  879.7 hPa 1.037E-03 g/cm³ 000 chk 55054
28/10/2019 11:36:00  20.34 °C  62.56 %  879.7 hPa 1.037E-03 g/cm³ 000 chk 25085
28/10/2019 11:37:00  20.34 °C  62.82 %  879.7 hPa 1.037E-03 g/cm³ 000 chk 32424
28/10/2019 11:38:00  20.34 °C  62.67 %  879.7 hPa 1.037E-03 g/cm³ 000 chk 59002
28/10/2019 11:39:00  20.34 °C  62.96 %  879.7 hPa 1.037E-03 g/cm³ 000 chk 41076
28/10/2019 11:40:00  20.34 °C  63.30 %  879.7 hPa 1.037E-03 g/cm³ 000 chk 49798
28/10/2019 11:41:00  20.34 °C  63.11 %  879.7 hPa 1.037E-03 g/cm³ 000 chk 17784
28/10/2019 11:42:00  20.35 °C  63.16 %  879.7 hPa 1.037E-03 g/cm³ 000 chk 26710
28/10/2019 11:43:00  20.34 °C  62.64 %  879.7 hPa 1.037E-03 g/cm³ 000 chk 39405
28/10/2019 11:44:00  20.34 °C  62.97 %  879.7 hPa 1.037E-03 g/cm³ 000 chk 31295
28/10/2019 11:45:00  20.34 °C  62.84 %  879.6 hPa 1.037E-03 g/cm³ 000 chk 40675
28/10/2019 11:46:00  20.33 °C  62.62 %  879.6 hPa 1.037E-03 g/cm³ 000 chk 15310
28/10/2019 11:47:00  20.33 °C  63.16 %  879.6 hPa 1.037E-03 g/cm³ 000 chk 46517
28/10/2019 11:48:00  20.33 °C  62.88 %  879.6 hPa 1.037E-03 g/cm³ 000 chk 58043
28/10/2019 11:49:00  20.33 °C  62.58 %  879.5 hPa 1.037E-03 g/cm³ 000 chk 49680
28/10/2019 11:50:00  20.32 °C  62.96 %  879.4 hPa 1.037E-03 g/cm³ 000 chk 59769
28/10/2019 11:51:00  20.32 °C  62.64 %  879.4 hPa 1.037E-03 g/cm³ 000 chk 55415
28/10/2019 11:52:00  20.31 °C  62.58 %  879.4 hPa 1.037E-03 g/cm³ 000 chk  2479
28/10/2019 11:53:00  20.31 °C  62.85 %  879.3 hPa 1.037E-03 g/cm³ 000 chk 32083
28/10/2019 11:54:00  20.31 °C  62.78 %  879.3 hPa 1.037E-03 g/cm³ 000 chk 39043
28/10/2019 11:55:00  20.30 °C  62.68 %  879.2 hPa 1.037E-03 g/cm³ 000 chk 39583
28/10/2019 11:56:00  20.30 °C  62.47 %  879.2 hPa 1.037E-03 g/cm³ 000 chk  3624
28/10/2019 11:57:00  20.30 °C  62.59 %  879.1 hPa 1.037E-03 g/cm³ 000 chk 10589
28/10/2019 11:58:00  20.30 °C  62.63 %  879.1 hPa 1.037E-03 g/cm³ 000 chk 39804
28/10/2019 11:59:00  20.29 °C  62.63 %  879.1 hPa 1.037E-03 g/cm³ 000 chk 16006
28/10/2019 12:00:00  20.30 °C  62.79 %  879.0 hPa 1.037E-03 g/cm³ 000 chk 38251
28/10/2019 12:01:00  20.30 °C  62.73 %  879.0 hPa 1.037E-03 g/cm³ 000 chk 19916
28/10/2019 12:02:00  20.29 °C  62.29 %  879.0 hPa 1.037E-03 g/cm³ 000 chk 36839
28/10/2019 12:03:00  20.29 °C  62.36 %  878.9 hPa 1.037E-03 g/cm³ 000 chk 16236
28/10/2019 12:04:00  20.29 °C  62.86 %  878.9 hPa 1.037E-03 g/cm³ 000 chk 27403
28/10/2019 12:05:00  20.28 °C  62.24 %  878.9 hPa 1.037E-03 g/cm³ 000 chk 52060
28/10/2019 12:06:00  20.28 °C  62.02 %  878.8 hPa 1.037E-03 g/cm³ 000 chk 41916
28/10/2019 12:07:00  20.28 °C  62.40 %  878.8 hPa 1.037E-03 g/cm³ 000 chk 21420
28/10/2019 12:08:00  20.27 °C  62.53 %  878.8 hPa 1.037E-03 g/cm³ 000 chk 57247
28/10/2019 12:09:00  20.27 °C  62.73 %  878.8 hPa 1.037E-03 g/cm³ 000 chk 46432
28/10/2019 12:10:00  20.27 °C  62.48 %  878.8 hPa 1.037E-03 g/cm³ 000 chk 28214
28/10/2019 12:11:00  20.27 °C  62.98 %  878.7 hPa 1.036E-03 g/cm³ 000 chk  8611
28/10/2019 12:12:00  20.27 °C  62.82 %  878.7 hPa 1.036E-03 g/cm³ 000 chk 11363
28/10/2019 12:13:00  20.27 °C  63.07 %  878.7 hPa 1.036E-03 g/cm³ 000 chk 20146
28/10/2019 12:14:00  20.27 °C  62.76 %  878.6 hPa 1.036E-03 g/cm³ 000 chk 40768
28/10/2019 12:15:00  20.27 °C  63.30 %  878.6 hPa 1.036E-03 g/cm³ 000 chk 35661
28/10/2019 12:16:00  20.27 °C  63.07 %  878.6 hPa 1.036E-03 g/cm³ 000 chk 14292
28/10/2019 12:17:00  20.27 °C  62.63 %  878.6 hPa 1.036E-03 g/cm³ 000 chk 31107
28/10/2019 12:18:00  20.27 °C  62.72 %  878.6 hPa 1.036E-03 g/cm³ 000 chk 38139
28/10/2019 12:19:00  20.26 °C  63.02 %  878.6 hPa 1.036E-03 g/cm³ 000 chk 65345
28/10/2019 12:20:00  20.26 °C  63.35 %  878.6 hPa 1.036E-03 g/cm³ 000 chk 36673
28/10/2019 12:21:00  20.27 °C  63.39 %  878.6 hPa 1.036E-03 g/cm³ 000 chk 10278
28/10/2019 12:22:00  20.27 °C  62.92 %  878.6 hPa 1.036E-03 g/cm³ 000 chk 39397
28/10/2019 12:23:00  20.27 °C  62.90 %  878.6 hPa 1.036E-03 g/cm³ 000 chk 43328
28/10/2019 12:24:00  20.27 °C  63.07 %  878.6 hPa 1.036E-03 g/cm³ 000 chk 44641
28/10/2019 12:25:00  20.28 °C  63.11 %  878.6 hPa 1.036E-03 g/cm³ 000 chk 53667
28/10/2019 12:26:00  20.27 °C  62.92 %  878.6 hPa 1.036E-03 g/cm³ 000 chk 45939
28/10/2019 12:27:00  20.27 °C  62.96 %  878.6 hPa 1.036E-03 g/cm³ 000 chk 28118
28/10/2019 12:28:00  20.27 °C  63.01 %  878.6 hPa 1.036E-03 g/cm³ 000 chk 16347
28/10/2019 12:29:00  20.27 °C  62.75 %  878.6 hPa 1.036E-03 g/cm³ 000 chk 45472
28/10/2019 12:30:00  20.26 °C  63.23 %  878.6 hPa 1.036E-03 g/cm³ 000 chk  6854
28/10/2019 12:31:00  20.25 °C  62.71 %  878.6 hPa 1.036E-03 g/cm³ 000 chk 18597
28/10/2019 12:32:00  20.25 °C  62.80 %  878.5 hPa 1.036E-03 g/cm³ 000 chk 20511
28/10/2019 12:33:00  20.25 °C  63.24 %  878.6 hPa 1.036E-03 g/cm³ 000 chk 21611
28/10/2019 12:34:00  20.25 °C  62.89 %  878.5 hPa 1.036E-03 g/cm³ 000 chk 27329
28/10/2019 12:35:00  20.25 °C  62.91 %  878.5 hPa 1.036E-03 g/cm³ 000 chk 59467
28/10/2019 12:36:00  20.25 °C  63.20 %  878.5 hPa 1.036E-03 g/cm³ 000 chk 60327
28/10/2019 12:37:00  20.25 °C  62.94 %  878.5 hPa 1.036E-03 g/cm³ 000 chk 25600
28/10/2019 12:38:00  20.25 °C  62.82 %  878.4 hPa 1.036E-03 g/cm³ 000 chk 29485
28/10/2019 12:39:00  20.25 °C  63.11 %  878.4 hPa 1.036E-03 g/cm³ 000 chk 16336
28/10/2019 12:40:00  20.25 °C  62.76 %  878.4 hPa 1.036E-03 g/cm³ 000 chk 45567
28/10/2019 12:41:00  20.25 °C  62.91 %  878.3 hPa 1.036E-03 g/cm³ 000 chk 46967
28/10/2019 12:42:00  20.25 °C  63.08 %  878.3 hPa 1.036E-03 g/cm³ 000 chk 40130
28/10/2019 12:43:00  20.25 °C  62.86 %  878.3 hPa 1.036E-03 g/cm³ 000 chk 24849
28/10/2019 12:44:00  20.25 °C  63.00 %  878.2 hPa 1.036E-03 g/cm³ 000 chk 45641
28/10/2019 12:45:00  20.25 °C  62.70 %  878.2 hPa 1.036E-03 g/cm³ 000 chk 18483
28/10/2019 12:46:00  20.25 °C  62.82 %  878.2 hPa 1.036E-03 g/cm³ 000 chk 27766
28/10/2019 12:47:00  20.25 °C  62.47 %  878.2 hPa 1.036E-03 g/cm³ 000 chk 24078
28/10/2019 12:48:00  20.25 °C  62.47 %  878.2 hPa 1.036E-03 g/cm³ 000 chk 40539
28/10/2019 12:49:00  20.25 °C  62.88 %  878.2 hPa 1.036E-03 g/cm³ 000 chk 56864
28/10/2019 12:50:00  20.25 °C  62.60 %  878.2 hPa 1.036E-03 g/cm³ 000 chk 45958
28/10/2019 12:51:00  20.25 °C  62.92 %  878.2 hPa 1.036E-03 g/cm³ 000 chk 33416
28/10/2019 12:52:00  20.25 °C  62.86 %  878.2 hPa 1.036E-03 g/cm³ 000 chk 35146
28/10/2019 12:53:00  20.25 °C  63.17 %  878.3 hPa 1.036E-03 g/cm³ 000 chk 42722
28/10/2019 12:54:00  20.24 °C  63.44 %  878.3 hPa 1.036E-03 g/cm³ 000 chk 54722
28/10/2019 12:55:00  20.24 °C  62.98 %  878.3 hPa 1.036E-03 g/cm³ 000 chk 45705
28/10/2019 12:56:00  20.24 °C  62.86 %  878.3 hPa 1.036E-03 g/cm³ 000 chk 52040
28/10/2019 12:57:00  20.23 °C  62.89 %  878.4 hPa 1.036E-03 g/cm³ 000 chk 53504
28/10/2019 12:58:00  20.23 °C  62.35 %  878.4 hPa 1.036E-03 g/cm³ 000 chk 19528
28/10/2019 12:59:00  20.23 °C  62.41 %  878.4 hPa 1.036E-03 g/cm³ 000 chk 21039
28/10/2019 13:00:00  20.23 °C  62.85 %  878.4 hPa 1.036E-03 g/cm³ 000 chk 20036
28/10/2019 13:01:00  20.23 °C  62.85 %  878.4 hPa 1.036E-03 g/cm³ 000 chk 58592
28/10/2019 13:02:00  20.23 °C  62.61 %  878.4 hPa 1.036E-03 g/cm³ 000 chk 61065
28/10/2019 13:03:00  20.23 °C  62.65 %  878.4 hPa 1.036E-03 g/cm³ 000 chk 12332
28/10/2019 13:04:00  20.22 °C  62.34 %  878.4 hPa 1.036E-03 g/cm³ 000 chk 55565
28/10/2019 13:05:00  20.22 °C  62.72 %  878.4 hPa 1.036E-03 g/cm³ 000 chk 23836
28/10/2019 13:06:00  20.22 °C  62.79 %  878.4 hPa 1.036E-03 g/cm³ 000 chk 32241
28/10/2019 13:07:00  20.22 °C  62.60 %  878.4 hPa 1.036E-03 g/cm³ 000 chk  4730
28/10/2019 13:08:00  20.22 °C  62.39 %  878.4 hPa 1.036E-03 g/cm³ 000 chk 55221
28/10/2019 13:09:00  20.22 °C  62.60 %  878.4 hPa 1.036E-03 g/cm³ 000 chk 30859
28/10/2019 13:10:00  20.22 °C  62.73 %  878.4 hPa 1.036E-03 g/cm³ 000 chk 35716
28/10/2019 13:11:00  20.22 °C  62.24 %  878.5 hPa 1.036E-03 g/cm³ 000 chk 56300
28/10/2019 13:12:00  20.22 °C  62.55 %  878.5 hPa 1.036E-03 g/cm³ 000 chk 18880
28/10/2019 13:13:00  20.22 °C  62.46 %  878.5 hPa 1.036E-03 g/cm³ 000 chk 21576
28/10/2019 13:14:00  20.22 °C  62.42 %  878.4 hPa 1.036E-03 g/cm³ 000 chk 19556
28/10/2019 13:15:00  20.22 °C  62.53 %  878.4 hPa 1.036E-03 g/cm³ 000 chk 52205
28/10/2019 13:16:00  20.22 °C  62.64 %  878.5 hPa 1.036E-03 g/cm³ 000 chk 36384
28/10/2019 13:17:00  20.22 °C  62.73 %  878.4 hPa 1.036E-03 g/cm³ 000 chk  7933
28/10/2019 13:18:00  20.23 °C  62.70 %  878.4 hPa 1.036E-03 g/cm³ 000 chk 14440
28/10/2019 13:19:00  20.23 °C  62.92 %  878.3 hPa 1.036E-03 g/cm³ 000 chk 42976
28/10/2019 13:20:00  20.23 °C  63.18 %  878.3 hPa 1.036E-03 g/cm³ 000 chk 63456
28/10/2019 13:21:00  20.23 °C  62.72 %  878.2 hPa 1.036E-03 g/cm³ 000 chk 18145
28/10/2019 13:22:00  20.23 °C  62.80 %  878.2 hPa 1.036E-03 g/cm³ 000 chk 25252
28/10/2019 13:23:00  20.23 °C  62.44 %  878.2 hPa 1.036E-03 g/cm³ 000 chk 48605
28/10/2019 13:24:00  20.22 °C  62.76 %  878.2 hPa 1.036E-03 g/cm³ 000 chk  8978
28/10/2019 13:25:00  20.23 °C  62.91 %  878.2 hPa 1.036E-03 g/cm³ 000 chk 56048
28/10/2019 13:26:00  20.23 °C  63.02 %  878.2 hPa 1.036E-03 g/cm³ 000 chk 33606
28/10/2019 13:27:00  20.23 °C  62.80 %  878.2 hPa 1.036E-03 g/cm³ 000 chk 58006
28/10/2019 13:28:00  20.23 °C  62.97 %  878.3 hPa 1.036E-03 g/cm³ 000 chk  6330
28/10/2019 13:29:00  20.23 °C  63.04 %  878.3 hPa 1.036E-03 g/cm³ 000 chk 21575
28/10/2019 13:30:00  20.23 °C  62.59 %  878.3 hPa 1.036E-03 g/cm³ 000 chk 61923
28/10/2019 13:31:00  20.23 °C  62.73 %  878.3 hPa 1.036E-03 g/cm³ 000 chk 59679
28/10/2019 13:32:00  20.23 °C  62.70 %  878.3 hPa 1.036E-03 g/cm³ 000 chk  8688
28/10/2019 13:33:00  20.23 °C  62.80 %  878.3 hPa 1.036E-03 g/cm³ 000 chk 35583
28/10/2019 13:34:00  20.22 °C  62.54 %  878.3 hPa 1.036E-03 g/cm³ 000 chk 15287
28/10/2019 13:35:00  20.22 °C  62.55 %  878.3 hPa 1.036E-03 g/cm³ 000 chk 31762
28/10/2019 13:36:00  20.22 °C  62.64 %  878.3 hPa 1.036E-03 g/cm³ 000 chk 11915
28/10/2019 13:37:00  20.22 °C  62.80 %  878.3 hPa 1.036E-03 g/cm³ 000 chk 12713
28/10/2019 13:38:00  20.22 °C  62.78 %  878.3 hPa 1.036E-03 g/cm³ 000 chk  6229
28/10/2019 13:39:00  20.21 °C  62.77 %  878.3 hPa 1.036E-03 g/cm³ 000 chk 43953
28/10/2019 13:40:00  20.22 °C  63.00 %  878.3 hPa 1.036E-03 g/cm³ 000 chk  6129
28/10/2019 13:41:00  20.21 °C  63.08 %  878.2 hPa 1.036E-03 g/cm³ 000 chk 24128
28/10/2019 13:42:00  20.21 °C  62.95 %  878.2 hPa 1.036E-03 g/cm³ 000 chk   500
28/10/2019 13:43:00  20.22 °C  63.60 %  878.2 hPa 1.036E-03 g/cm³ 000 chk 20900
28/10/2019 13:44:00  20.22 °C  63.37 %  878.1 hPa 1.036E-03 g/cm³ 000 chk 36026
28/10/2019 13:45:00  20.22 °C  63.17 %  878.1 hPa 1.036E-03 g/cm³ 000 chk 58949
28/10/2019 13:46:00  20.22 °C  63.41 %  878.1 hPa 1.036E-03 g/cm³ 000 chk 46899
28/10/2019 13:47:00  20.22 °C  63.17 %  878.1 hPa 1.036E-03 g/cm³ 000 chk 62222
28/10/2019 13:48:00  20.22 °C  63.28 %  878.1 hPa 1.036E-03 g/cm³ 000 chk 55343
28/10/2019 13:49:00  20.22 °C  63.19 %  878.1 hPa 1.036E-03 g/cm³ 000 chk 40957
28/10/2019 13:50:00  20.22 °C  62.68 %  878.1 hPa 1.036E-03 g/cm³ 000 chk 26113
28/10/2019 13:51:00  20.21 °C  62.14 %  878.1 hPa 1.036E-03 g/cm³ 000 chk 25127
28/10/2019 13:52:00  20.20 °C  61.69 %  878.1 hPa 1.036E-03 g/cm³ 000 chk  3567
28/10/2019 13:53:00  20.19 °C  61.40 %  878.1 hPa 1.036E-03 g/cm³ 000 chk 52335
28/10/2019 13:54:00  20.19 °C  61.02 %  878.0 hPa 1.036E-03 g/cm³ 000 chk 64246
28/10/2019 13:55:00  20.18 °C  61.14 %  878.0 hPa 1.036E-03 g/cm³ 000 chk 61374
28/10/2019 13:56:00  20.17 °C  61.02 %  878.0 hPa 1.036E-03 g/cm³ 000 chk 34103
28/10/2019 13:57:00  20.17 °C  61.21 %  878.0 hPa 1.036E-03 g/cm³ 000 chk 39112
28/10/2019 13:58:00  20.16 °C  61.40 %  878.0 hPa 1.036E-03 g/cm³ 000 chk  9394
28/10/2019 13:59:00  20.16 °C  61.39 %  878.0 hPa 1.036E-03 g/cm³ 000 chk 19415
28/10/2019 14:00:00  20.16 °C  61.79 %  878.0 hPa 1.036E-03 g/cm³ 000 chk 10325
28/10/2019 14:01:00  20.15 °C  61.85 %  877.9 hPa 1.036E-03 g/cm³ 000 chk 17892
28/10/2019 14:02:00  20.15 °C  61.93 %  877.9 hPa 1.036E-03 g/cm³ 000 chk 54311
28/10/2019 14:03:00  20.15 °C  61.81 %  877.9 hPa 1.036E-03 g/cm³ 000 chk  9390
28/10/2019 14:04:00  20.15 °C  61.66 %  877.9 hPa 1.036E-03 g/cm³ 000 chk 29521
28/10/2019 14:05:00  20.15 °C  61.80 %  877.9 hPa 1.036E-03 g/cm³ 000 chk 63090
28/10/2019 14:06:00  20.15 °C  61.86 %  877.9 hPa 1.036E-03 g/cm³ 000 chk 42909
28/10/2019 14:07:00  20.14 °C  62.08 %  877.9 hPa 1.036E-03 g/cm³ 000 chk 43957
28/10/2019 14:08:00  20.15 °C  62.61 %  877.9 hPa 1.036E-03 g/cm³ 000 chk 65485
28/10/2019 14:09:00  20.15 °C  62.66 %  877.9 hPa 1.036E-03 g/cm³ 000 chk 22120
28/10/2019 14:10:00  20.15 °C  62.62 %  877.9 hPa 1.036E-03 g/cm³ 000 chk 26186
28/10/2019 14:11:00  20.15 °C  62.76 %  877.9 hPa 1.036E-03 g/cm³ 000 chk 30915
28/10/2019 14:12:00  20.15 °C  62.72 %  877.9 hPa 1.036E-03 g/cm³ 000 chk 45869
28/10/2019 14:13:00  20.14 °C  62.84 %  877.9 hPa 1.036E-03 g/cm³ 000 chk 26594
28/10/2019 14:14:00  20.14 °C  62.65 %  877.9 hPa 1.036E-03 g/cm³ 000 chk 56861
28/10/2019 14:15:00  20.14 °C  62.68 %  877.9 hPa 1.036E-03 g/cm³ 000 chk  1467
28/10/2019 14:16:00  20.14 °C  62.71 %  877.9 hPa 1.036E-03 g/cm³ 000 chk 32635
28/10/2019 14:17:00  20.14 °C  62.72 %  877.9 hPa 1.036E-03 g/cm³ 000 chk 41695
28/10/2019 14:18:00  20.14 °C  63.13 %  877.9 hPa 1.036E-03 g/cm³ 000 chk  8057
28/10/2019 14:19:00  20.15 °C  62.87 %  877.8 hPa 1.036E-03 g/cm³ 000 chk 14353
28/10/2019 14:20:00  20.15 °C  62.90 %  877.8 hPa 1.036E-03 g/cm³ 000 chk 34890
28/10/2019 14:21:00  20.15 °C  62.86 %  877.8 hPa 1.036E-03 g/cm³ 000 chk  3266
28/10/2019 14:22:00  20.15 °C  63.02 %  877.7 hPa 1.036E-03 g/cm³ 000 chk 45657
28/10/2019 14:23:00  20.14 °C  62.84 %  877.7 hPa 1.036E-03 g/cm³ 000 chk 13896
28/10/2019 14:24:00  20.14 °C  63.13 %  877.7 hPa 1.036E-03 g/cm³ 000 chk 12649
28/10/2019 14:25:00  20.15 °C  63.22 %  877.7 hPa 1.036E-03 g/cm³ 000 chk 59259
28/10/2019 14:26:00  20.15 °C  62.80 %  877.7 hPa 1.036E-03 g/cm³ 000 chk 21435
28/10/2019 14:27:00  20.15 °C  62.72 %  877.7 hPa 1.036E-03 g/cm³ 000 chk 25269
28/10/2019 14:28:00  20.14 °C  62.63 %  877.7 hPa 1.036E-03 g/cm³ 000 chk  7693
28/10/2019 14:29:00  20.14 °C  63.03 %  877.7 hPa 1.036E-03 g/cm³ 000 chk  9307
28/10/2019 14:30:00  20.14 °C  62.86 %  877.7 hPa 1.036E-03 g/cm³ 000 chk 43021
28/10/2019 14:31:00  20.14 °C  62.52 %  877.7 hPa 1.036E-03 g/cm³ 000 chk 46936
28/10/2019 14:32:00  20.13 °C  62.54 %  877.7 hPa 1.036E-03 g/cm³ 000 chk 54258
28/10/2019 14:33:00  20.13 °C  62.46 %  877.7 hPa 1.036E-03 g/cm³ 000 chk  9083
28/10/2019 14:34:00  20.14 °C  62.42 %  877.7 hPa 1.036E-03 g/cm³ 000 chk 63302
28/10/2019 14:35:00  20.13 °C  62.81 %  877.6 hPa 1.036E-03 g/cm³ 000 chk 59183
28/10/2019 14:36:00  20.14 °C  62.74 %  877.6 hPa 1.036E-03 g/cm³ 000 chk 62766
28/10/2019 14:37:00  20.14 °C  62.46 %  877.6 hPa 1.036E-03 g/cm³ 000 chk 50684
28/10/2019 14:38:00  20.14 °C  62.27 %  877.6 hPa 1.036E-03 g/cm³ 000 chk 59462
28/10/2019 14:39:00  20.13 °C  62.20 %  877.6 hPa 1.036E-03 g/cm³ 000 chk 29862
28/10/2019 14:40:00  20.13 °C  62.02 %  877.6 hPa 1.036E-03 g/cm³ 000 chk 13088
28/10/2019 14:41:00  20.13 °C  62.21 %  877.6 hPa 1.036E-03 g/cm³ 000 chk 11999
28/10/2019 14:42:00  20.12 °C  62.37 %  877.6 hPa 1.036E-03 g/cm³ 000 chk 11996
28/10/2019 14:43:00  20.12 °C  62.89 %  877.6 hPa 1.036E-03 g/cm³ 000 chk 17252
28/10/2019 14:44:00  20.12 °C  62.52 %  877.5 hPa 1.036E-03 g/cm³ 000 chk 49936
28/10/2019 14:45:00  20.12 °C  62.64 %  877.5 hPa 1.036E-03 g/cm³ 000 chk 34755
28/10/2019 14:46:00  20.11 °C  62.08 %  877.5 hPa 1.036E-03 g/cm³ 000 chk 22146
28/10/2019 14:47:00  20.11 °C  62.01 %  877.5 hPa 1.036E-03 g/cm³ 000 chk 63781
28/10/2019 14:48:00  20.11 °C  62.45 %  877.4 hPa 1.036E-03 g/cm³ 000 chk 29840
28/10/2019 14:49:00  20.11 °C  62.42 %  877.4 hPa 1.036E-03 g/cm³ 000 chk 56629
28/10/2019 14:50:00  20.10 °C  62.42 %  877.4 hPa 1.036E-03 g/cm³ 000 chk  2262
28/10/2019 14:51:00  20.10 °C  62.50 %  877.4 hPa 1.036E-03 g/cm³ 000 chk 63583
28/10/2019 14:52:00  20.10 °C  62.46 %  877.5 hPa 1.036E-03 g/cm³ 000 chk 37064
28/10/2019 14:53:00  20.10 °C  62.47 %  877.4 hPa 1.036E-03 g/cm³ 000 chk 11833
28/10/2019 14:54:00  20.09 °C  62.49 %  877.4 hPa 1.036E-03 g/cm³ 000 chk 45596
28/10/2019 14:55:00  20.09 °C  62.78 %  877.4 hPa 1.036E-03 g/cm³ 000 chk 62926
28/10/2019 14:56:00  20.09 °C  62.63 %  877.4 hPa 1.036E-03 g/cm³ 000 chk  5391
28/10/2019 14:57:00  20.09 °C  62.43 %  877.4 hPa 1.036E-03 g/cm³ 000 chk 32752
28/10/2019 14:58:00  20.09 °C  62.03 %  877.3 hPa 1.036E-03 g/cm³ 000 chk  4538
28/10/2019 14:59:00  20.09 °C  62.27 %  877.3 hPa 1.036E-03 g/cm³ 000 chk  3908
28/10/2019 15:00:00  20.09 °C  62.35 %  877.3 hPa 1.036E-03 g/cm³ 000 chk 15583
28/10/2019 15:01:00  20.09 °C  62.37 %  877.3 hPa 1.036E-03 g/cm³ 000 chk  3194
28/10/2019 15:02:00  20.09 °C  62.23 %  877.3 hPa 1.036E-03 g/cm³ 000 chk  1976
28/10/2019 15:03:00  20.08 °C  61.84 %  877.3 hPa 1.036E-03 g/cm³ 000 chk 52936
28/10/2019 15:04:00  20.08 °C  62.20 %  877.3 hPa 1.036E-03 g/cm³ 000 chk 56997
28/10/2019 15:05:00  20.08 °C  62.09 %  877.3 hPa 1.036E-03 g/cm³ 000 chk 45401
28/10/2019 15:06:00  20.08 °C  62.34 %  877.3 hPa 1.036E-03 g/cm³ 000 chk 32707
28/10/2019 15:07:00  20.08 °C  62.37 %  877.3 hPa 1.036E-03 g/cm³ 000 chk 41575
28/10/2019 15:08:00  20.07 °C  62.56 %  877.3 hPa 1.036E-03 g/cm³ 000 chk 29847
28/10/2019 15:09:00  20.07 °C  62.49 %  877.3 hPa 1.036E-03 g/cm³ 000 chk 62748
28/10/2019 15:10:00  20.06 °C  62.03 %  877.3 hPa 1.036E-03 g/cm³ 000 chk 37449
28/10/2019 15:11:00  20.05 °C  61.99 %  877.4 hPa 1.036E-03 g/cm³ 000 chk 10085
28/10/2019 15:12:00  20.05 °C  62.66 %  877.4 hPa 1.036E-03 g/cm³ 000 chk 33285
28/10/2019 15:13:00  20.05 °C  62.29 %  877.4 hPa 1.036E-03 g/cm³ 000 chk   791
28/10/2019 15:14:00  20.04 °C  62.32 %  877.4 hPa 1.036E-03 g/cm³ 000 chk 22656
28/10/2019 15:15:00  20.04 °C  62.59 %  877.4 hPa 1.036E-03 g/cm³ 000 chk 28104
28/10/2019 15:16:00  20.04 °C  62.02 %  877.5 hPa 1.036E-03 g/cm³ 000 chk 46312
28/10/2019 15:17:00  20.03 °C  61.97 %  877.4 hPa 1.036E-03 g/cm³ 000 chk 47679
28/10/2019 15:18:00  20.03 °C  62.00 %  877.4 hPa 1.036E-03 g/cm³ 000 chk 34825
28/10/2019 15:19:00  20.03 °C  61.95 %  877.4 hPa 1.036E-03 g/cm³ 000 chk 19151
28/10/2019 15:20:00  20.02 °C  61.85 %  877.4 hPa 1.036E-03 g/cm³ 000 chk 26709
28/10/2019 15:21:00  20.02 °C  61.79 %  877.4 hPa 1.036E-03 g/cm³ 000 chk 24409
28/10/2019 15:22:00  20.01 °C  61.46 %  877.4 hPa 1.036E-03 g/cm³ 000 chk 63873
28/10/2019 15:23:00  20.00 °C  61.31 %  877.4 hPa 1.036E-03 g/cm³ 000 chk   294
28/10/2019 15:24:00  19.99 °C  61.13 %  877.4 hPa 1.036E-03 g/cm³ 000 chk 32104
28/10/2019 15:25:00  19.99 °C  61.01 %  877.4 hPa 1.036E-03 g/cm³ 000 chk 36321
28/10/2019 15:26:00  19.98 °C  61.11 %  877.4 hPa 1.036E-03 g/cm³ 000 chk 25570
28/10/2019 15:27:00  19.98 °C  61.13 %  877.4 hPa 1.036E-03 g/cm³ 000 chk 21319
28/10/2019 15:28:00  19.98 °C  61.15 %  877.4 hPa 1.036E-03 g/cm³ 000 chk 32018
28/10/2019 15:29:00  19.97 °C  60.82 %  877.4 hPa 1.036E-03 g/cm³ 000 chk 48804
28/10/2019 15:30:00  19.96 °C  60.81 %  877.4 hPa 1.036E-03 g/cm³ 000 chk  7239
28/10/2019 15:31:00  19.95 °C  60.67 %  877.4 hPa 1.036E-03 g/cm³ 000 chk 27431
28/10/2019 15:32:00  19.94 °C  60.64 %  877.4 hPa 1.036E-03 g/cm³ 000 chk 12808
28/10/2019 15:33:00  19.93 °C  60.57 %  877.4 hPa 1.037E-03 g/cm³ 000 chk 55903
28/10/2019 15:34:00  19.93 °C  60.41 %  877.3 hPa 1.036E-03 g/cm³ 000 chk  3937
28/10/2019 15:35:00  19.92 °C  60.34 %  877.3 hPa 1.036E-03 g/cm³ 000 chk 28103
28/10/2019 15:36:00  19.91 °C  60.73 %  877.3 hPa 1.036E-03 g/cm³ 000 chk 58335
28/10/2019 15:37:00  19.90 °C  60.44 %  877.3 hPa 1.037E-03 g/cm³ 000 chk 56076
28/10/2019 15:38:00  19.89 °C  60.54 %  877.3 hPa 1.037E-03 g/cm³ 000 chk 54315
28/10/2019 15:39:00  19.89 °C  60.61 %  877.3 hPa 1.037E-03 g/cm³ 000 chk 59384
28/10/2019 15:40:00  19.88 °C  60.53 %  877.3 hPa 1.037E-03 g/cm³ 000 chk 61842
28/10/2019 15:41:00  19.88 °C  60.06 %  877.3 hPa 1.037E-03 g/cm³ 000 chk 49839
28/10/2019 15:42:00  19.87 °C  60.28 %  877.3 hPa 1.037E-03 g/cm³ 000 chk 16467
28/10/2019 15:43:00  19.86 °C  60.30 %  877.3 hPa 1.037E-03 g/cm³ 000 chk 21273
28/10/2019 15:44:00  19.85 °C  60.22 %  877.3 hPa 1.037E-03 g/cm³ 000 chk 28174
28/10/2019 15:45:00  19.84 °C  60.10 %  877.3 hPa 1.037E-03 g/cm³ 000 chk 53020
28/10/2019 15:46:00  19.84 °C  60.26 %  877.3 hPa 1.037E-03 g/cm³ 000 chk 40580
28/10/2019 15:47:00  19.84 °C  60.18 %  877.3 hPa 1.037E-03 g/cm³ 000 chk 12885
28/10/2019 15:48:00  19.84 °C  60.35 %  877.3 hPa 1.037E-03 g/cm³ 000 chk 17241
28/10/2019 15:49:00  19.84 °C  60.34 %  877.3 hPa 1.037E-03 g/cm³ 000 chk  1276
28/10/2019 15:50:00  19.83 °C  60.02 %  877.3 hPa 1.037E-03 g/cm³ 000 chk 39917
28/10/2019 15:51:00  19.83 °C  60.12 %  877.3 hPa 1.037E-03 g/cm³ 000 chk 61797
28/10/2019 15:52:00  19.82 °C  60.38 %  877.2 hPa 1.037E-03 g/cm³ 000 chk 37958
28/10/2019 15:53:00  19.82 °C  61.05 %  877.2 hPa 1.037E-03 g/cm³ 000 chk 57227
28/10/2019 15:54:00  19.83 °C  62.75 %  877.2 hPa 1.036E-03 g/cm³ 000 chk 60182
28/10/2019 15:55:00  19.85 °C  64.44 %  877.2 hPa 1.036E-03 g/cm³ 000 chk 43020
28/10/2019 15:56:00  19.87 °C  66.36 %  877.2 hPa 1.036E-03 g/cm³ 000 chk 20120
28/10/2019 15:57:00  19.91 °C  68.56 %  877.3 hPa 1.036E-03 g/cm³ 000 chk 35120
28/10/2019 15:58:00  19.94 °C  69.66 %  877.3 hPa 1.035E-03 g/cm³ 000 chk 36491
28/10/2019 15:59:00  19.99 °C  69.60 %  877.3 hPa 1.035E-03 g/cm³ 000 chk 21222
28/10/2019 16:00:00  20.03 °C  71.05 %  877.3 hPa 1.035E-03 g/cm³ 000 chk 27792
28/10/2019 16:01:00  20.08 °C  71.95 %  877.3 hPa 1.035E-03 g/cm³ 000 chk 64317
28/10/2019 16:02:00  20.13 °C  73.25 %  877.3 hPa 1.034E-03 g/cm³ 000 chk 35307
28/10/2019 16:03:00  20.17 °C  73.25 %  877.3 hPa 1.034E-03 g/cm³ 000 chk 58441
28/10/2019 16:04:00  20.22 °C  72.93 %  877.3 hPa 1.034E-03 g/cm³ 000 chk 26951
28/10/2019 16:05:00  20.26 °C  73.38 %  877.3 hPa 1.034E-03 g/cm³ 000 chk  2761
28/10/2019 16:06:00  20.30 °C  73.89 %  877.3 hPa 1.034E-03 g/cm³ 000 chk 27949
28/10/2019 16:07:00  20.35 °C  74.71 %  877.3 hPa 1.033E-03 g/cm³ 000 chk 19184
28/10/2019 16:08:00  20.39 °C  75.51 %  877.4 hPa 1.033E-03 g/cm³ 000 chk 48449
28/10/2019 16:09:00  20.43 °C  75.76 %  877.3 hPa 1.033E-03 g/cm³ 000 chk 58477
28/10/2019 16:10:00  20.46 °C  75.63 %  877.3 hPa 1.033E-03 g/cm³ 000 chk 44964
28/10/2019 16:11:00  20.50 °C  76.03 %  877.3 hPa 1.032E-03 g/cm³ 000 chk   284
28/10/2019 16:12:00  20.54 °C  76.67 %  877.4 hPa 1.032E-03 g/cm³ 000 chk 25520
28/10/2019 16:13:00  20.58 °C  76.56 %  877.4 hPa 1.032E-03 g/cm³ 000 chk 11627
28/10/2019 16:14:00  20.61 °C  76.97 %  877.4 hPa 1.032E-03 g/cm³ 000 chk 64179
28/10/2019 16:15:00  20.65 °C  77.00 %  877.4 hPa 1.032E-03 g/cm³ 000 chk  1353
28/10/2019 16:16:00  20.68 °C  77.16 %  877.3 hPa 1.031E-03 g/cm³ 000 chk 25514
28/10/2019 16:17:00  20.71 °C  77.29 %  877.3 hPa 1.031E-03 g/cm³ 000 chk 11556
28/10/2019 16:18:00  20.74 °C  77.36 %  877.3 hPa 1.031E-03 g/cm³ 000 chk 37016
28/10/2019 16:19:00  20.76 °C  77.32 %  877.3 hPa 1.031E-03 g/cm³ 000 chk 11710
28/10/2019 16:20:00  20.78 °C  77.41 %  877.3 hPa 1.031E-03 g/cm³ 000 chk 33664
28/10/2019 16:21:00  20.81 °C  77.46 %  877.3 hPa 1.031E-03 g/cm³ 000 chk 33424
28/10/2019 16:22:00  20.83 °C  77.39 %  877.3 hPa 1.031E-03 g/cm³ 000 chk 30013
28/10/2019 16:23:00  20.85 °C  77.22 %  877.3 hPa 1.031E-03 g/cm³ 000 chk  9266
28/10/2019 16:24:00  20.87 °C  77.08 %  877.3 hPa 1.031E-03 g/cm³ 000 chk 24720
28/10/2019 16:25:00  20.89 °C  77.24 %  877.3 hPa 1.031E-03 g/cm³ 000 chk 64742
28/10/2019 16:26:00  20.90 °C  77.15 %  877.3 hPa 1.031E-03 g/cm³ 000 chk 41249
28/10/2019 16:27:00  20.92 °C  76.74 %  877.4 hPa 1.031E-03 g/cm³ 000 chk 31583
28/10/2019 16:28:00  20.94 °C  76.96 %  877.4 hPa 1.031E-03 g/cm³ 000 chk 17417
28/10/2019 16:29:00  20.95 °C  77.15 %  877.3 hPa 1.030E-03 g/cm³ 000 chk 14195
28/10/2019 16:30:00  20.97 °C  77.09 %  877.3 hPa 1.030E-03 g/cm³ 000 chk 19708
28/10/2019 16:31:00  20.98 °C  77.04 %  877.5 hPa 1.030E-03 g/cm³ 000 chk 64494
28/10/2019 16:32:00  20.99 °C  77.09 %  877.5 hPa 1.030E-03 g/cm³ 000 chk 42179
28/10/2019 16:33:00  21.00 °C  76.62 %  877.5 hPa 1.030E-03 g/cm³ 000 chk 42538
28/10/2019 16:34:00  21.01 °C  76.45 %  877.5 hPa 1.030E-03 g/cm³ 000 chk 25033
28/10/2019 16:35:00  21.01 °C  76.38 %  877.5 hPa 1.030E-03 g/cm³ 000 chk 31405
28/10/2019 16:36:00  21.02 °C  76.30 %  877.5 hPa 1.030E-03 g/cm³ 000 chk 57091
28/10/2019 16:37:00  21.02 °C  76.28 %  877.5 hPa 1.030E-03 g/cm³ 000 chk 23945
28/10/2019 16:38:00  21.02 °C  76.22 %  877.5 hPa 1.030E-03 g/cm³ 000 chk 61407
28/10/2019 16:39:00  21.03 °C  76.10 %  877.5 hPa 1.030E-03 g/cm³ 000 chk 20173
28/10/2019 16:40:00  21.03 °C  75.95 %  877.5 hPa 1.030E-03 g/cm³ 000 chk 64351
28/10/2019 16:41:00  21.03 °C  75.89 %  877.6 hPa 1.030E-03 g/cm³ 000 chk 17963
28/10/2019 16:42:00  21.03 °C  75.76 %  877.6 hPa 1.031E-03 g/cm³ 000 chk  5037
28/10/2019 16:43:00  21.04 °C  75.62 %  877.6 hPa 1.031E-03 g/cm³ 000 chk 14433
28/10/2019 16:44:00  21.05 °C  75.41 %  877.6 hPa 1.031E-03 g/cm³ 000 chk 35715
28/10/2019 16:45:00  21.05 °C  75.39 %  877.6 hPa 1.031E-03 g/cm³ 000 chk  2535
28/10/2019 16:46:00  21.06 °C  75.31 %  877.6 hPa 1.031E-03 g/cm³ 000 chk 44105
28/10/2019 16:47:00  21.06 °C  75.23 %  877.6 hPa 1.031E-03 g/cm³ 000 chk 23744
28/10/2019 16:48:00  21.07 °C  75.10 %  877.6 hPa 1.031E-03 g/cm³ 000 chk 31266
28/10/2019 16:49:00  21.07 °C  75.06 %  877.6 hPa 1.031E-03 g/cm³ 000 chk 65194
28/10/2019 16:50:00  21.08 °C  74.89 %  877.6 hPa 1.031E-03 g/cm³ 000 chk 64437
28/10/2019 16:51:00  21.08 °C  74.90 %  877.7 hPa 1.031E-03 g/cm³ 000 chk 28010
28/10/2019 16:52:00  21.09 °C  74.78 %  877.6 hPa 1.030E-03 g/cm³ 000 chk 37717
28/10/2019 16:53:00  21.09 °C  74.73 %  877.6 hPa 1.030E-03 g/cm³ 000 chk 42739
28/10/2019 16:54:00  21.09 °C  74.62 %  877.6 hPa 1.031E-03 g/cm³ 000 chk  7782
28/10/2019 16:55:00  21.10 °C  74.70 %  877.6 hPa 1.030E-03 g/cm³ 000 chk 57712
28/10/2019 16:56:00  21.11 °C  74.48 %  877.6 hPa 1.030E-03 g/cm³ 000 chk 10026
28/10/2019 16:57:00  21.11 °C  74.56 %  877.6 hPa 1.030E-03 g/cm³ 000 chk 19360
28/10/2019 16:58:00  21.11 °C  74.48 %  877.6 hPa 1.030E-03 g/cm³ 000 chk 19931
28/10/2019 16:59:00  21.12 °C  74.45 %  877.6 hPa 1.030E-03 g/cm³ 000 chk 25662
28/10/2019 17:00:00  21.12 °C  74.32 %  877.6 hPa 1.030E-03 g/cm³ 000 chk 52811
28/10/2019 17:01:00  21.13 °C  74.27 %  877.6 hPa 1.030E-03 g/cm³ 000 chk 44035
28/10/2019 17:02:00  21.14 °C  74.15 %  877.6 hPa 1.030E-03 g/cm³ 000 chk 48351
28/10/2019 17:03:00  21.14 °C  74.20 %  877.6 hPa 1.030E-03 g/cm³ 000 chk 36620
28/10/2019 17:04:00  21.15 °C  74.08 %  877.7 hPa 1.031E-03 g/cm³ 000 chk 23161
28/10/2019 17:05:00  21.15 °C  74.02 %  877.7 hPa 1.030E-03 g/cm³ 000 chk 33311
28/10/2019 17:06:00  21.15 °C  74.11 %  877.7 hPa 1.030E-03 g/cm³ 000 chk 35548
28/10/2019 17:07:00  21.16 °C  73.96 %  877.7 hPa 1.030E-03 g/cm³ 000 chk  8194
28/10/2019 17:08:00  21.16 °C  73.86 %  877.7 hPa 1.030E-03 g/cm³ 000 chk  8315
28/10/2019 17:09:00  21.17 °C  73.79 %  877.8 hPa 1.031E-03 g/cm³ 000 chk 54646
28/10/2019 17:10:00  21.17 °C  73.78 %  877.8 hPa 1.031E-03 g/cm³ 000 chk 31828
28/10/2019 17:11:00  21.17 °C  73.73 %  877.7 hPa 1.030E-03 g/cm³ 000 chk 27955
28/10/2019 17:12:00  21.18 °C  73.65 %  877.8 hPa 1.031E-03 g/cm³ 000 chk  9083
28/10/2019 17:13:00  21.18 °C  73.63 %  877.8 hPa 1.031E-03 g/cm³ 000 chk 26591
28/10/2019 17:14:00  21.19 °C  73.59 %  877.8 hPa 1.031E-03 g/cm³ 000 chk  4370
28/10/2019 17:15:00  21.19 °C  73.44 %  877.8 hPa 1.031E-03 g/cm³ 000 chk  2712
28/10/2019 17:16:00  21.20 °C  73.46 %  877.8 hPa 1.030E-03 g/cm³ 000 chk 33227
28/10/2019 17:17:00  21.20 °C  73.38 %  877.8 hPa 1.030E-03 g/cm³ 000 chk 60847
28/10/2019 17:18:00  21.20 °C  73.28 %  877.8 hPa 1.031E-03 g/cm³ 000 chk 60695
28/10/2019 17:19:00  21.21 °C  73.15 %  877.9 hPa 1.031E-03 g/cm³ 000 chk 24146
28/10/2019 17:20:00  21.21 °C  73.15 %  877.9 hPa 1.031E-03 g/cm³ 000 chk 11556
28/10/2019 17:21:00  21.22 °C  73.15 %  877.9 hPa 1.031E-03 g/cm³ 000 chk 30147
28/10/2019 17:22:00  21.22 °C  73.10 %  877.9 hPa 1.031E-03 g/cm³ 000 chk 21292
28/10/2019 17:23:00  21.22 °C  73.14 %  878.0 hPa 1.031E-03 g/cm³ 000 chk  9591
28/10/2019 17:24:00  21.22 °C  73.11 %  877.9 hPa 1.031E-03 g/cm³ 000 chk 33264
28/10/2019 17:25:00  21.23 °C  73.00 %  878.0 hPa 1.031E-03 g/cm³ 000 chk 16199
28/10/2019 17:26:00  21.23 °C  73.03 %  878.0 hPa 1.031E-03 g/cm³ 000 chk 63400
28/10/2019 17:27:00  21.23 °C  72.98 %  878.0 hPa 1.031E-03 g/cm³ 000 chk 21335
28/10/2019 17:28:00  21.24 °C  73.02 %  878.0 hPa 1.031E-03 g/cm³ 000 chk 17693
28/10/2019 17:29:00  21.24 °C  72.99 %  878.0 hPa 1.031E-03 g/cm³ 000 chk 57826
28/10/2019 17:30:00  21.25 °C  72.94 %  878.0 hPa 1.031E-03 g/cm³ 000 chk 17667
28/10/2019 17:31:00  21.25 °C  72.90 %  878.0 hPa 1.031E-03 g/cm³ 000 chk 39846
28/10/2019 17:32:00  21.25 °C  72.86 %  878.0 hPa 1.031E-03 g/cm³ 000 chk  2661
28/10/2019 17:33:00  21.26 °C  72.80 %  878.0 hPa 1.031E-03 g/cm³ 000 chk 48258
28/10/2019 17:34:00  21.26 °C  72.85 %  878.0 hPa 1.031E-03 g/cm³ 000 chk 45307
28/10/2019 17:35:00  21.27 °C  72.77 %  878.0 hPa 1.030E-03 g/cm³ 000 chk  4340
28/10/2019 17:36:00  21.27 °C  72.91 %  878.0 hPa 1.030E-03 g/cm³ 000 chk 32924
28/10/2019 17:37:00  21.27 °C  72.84 %  878.0 hPa 1.030E-03 g/cm³ 000 chk 29460
28/10/2019 17:38:00  21.27 °C  72.76 %  878.1 hPa 1.031E-03 g/cm³ 000 chk 53630
28/10/2019 17:39:00  21.27 °C  72.81 %  878.1 hPa 1.030E-03 g/cm³ 000 chk 31153
28/10/2019 17:40:00  21.28 °C  72.72 %  878.1 hPa 1.030E-03 g/cm³ 000 chk 59788
28/10/2019 17:41:00  21.28 °C  72.73 %  878.1 hPa 1.030E-03 g/cm³ 000 chk 44585
28/10/2019 17:42:00  21.29 °C  72.75 %  878.2 hPa 1.031E-03 g/cm³ 000 chk  9528
28/10/2019 17:43:00  21.29 °C  72.68 %  878.2 hPa 1.031E-03 g/cm³ 000 chk 16050
28/10/2019 17:44:00  21.29 °C  72.70 %  878.2 hPa 1.031E-03 g/cm³ 000 chk 33765
28/10/2019 17:45:00  21.30 °C  72.63 %  878.2 hPa 1.031E-03 g/cm³ 000 chk 37171
28/10/2019 17:46:00  21.30 °C  72.67 %  878.2 hPa 1.031E-03 g/cm³ 000 chk 23261
28/10/2019 17:47:00  21.30 °C  72.73 %  878.2 hPa 1.031E-03 g/cm³ 000 chk 17492
28/10/2019 17:48:00  21.30 °C  72.69 %  878.2 hPa 1.031E-03 g/cm³ 000 chk 13870
28/10/2019 17:49:00  21.31 °C  72.72 %  878.2 hPa 1.030E-03 g/cm³ 000 chk 21157
28/10/2019 17:50:00  21.31 °C  72.76 %  878.3 hPa 1.031E-03 g/cm³ 000 chk 39698
28/10/2019 17:51:00  21.31 °C  72.73 %  878.3 hPa 1.031E-03 g/cm³ 000 chk 43190
28/10/2019 17:52:00  21.31 °C  72.74 %  878.3 hPa 1.031E-03 g/cm³ 000 chk  5208
28/10/2019 17:53:00  21.31 °C  72.66 %  878.3 hPa 1.031E-03 g/cm³ 000 chk 58577
28/10/2019 17:54:00  21.32 °C  72.62 %  878.4 hPa 1.031E-03 g/cm³ 000 chk 39232
28/10/2019 17:55:00  21.32 °C  72.73 %  878.4 hPa 1.031E-03 g/cm³ 000 chk  7881
28/10/2019 17:56:00  21.32 °C  72.70 %  878.4 hPa 1.031E-03 g/cm³ 000 chk 54822
28/10/2019 17:57:00  21.33 °C  72.63 %  878.4 hPa 1.031E-03 g/cm³ 000 chk 23150
28/10/2019 17:58:00  21.33 °C  72.64 %  878.4 hPa 1.031E-03 g/cm³ 000 chk 39226
28/10/2019 17:59:00  21.33 °C  72.63 %  878.4 hPa 1.031E-03 g/cm³ 000 chk 12447
28/10/2019 18:00:00  21.33 °C  72.57 %  878.4 hPa 1.031E-03 g/cm³ 000 chk 32288
28/10/2019 18:01:00  21.34 °C  72.61 %  878.5 hPa 1.031E-03 g/cm³ 000 chk 63202
28/10/2019 18:02:00  21.34 °C  72.57 %  878.5 hPa 1.031E-03 g/cm³ 000 chk 42874
28/10/2019 18:03:00  21.34 °C  72.77 %  878.5 hPa 1.031E-03 g/cm³ 000 chk 52613
28/10/2019 18:04:00  21.34 °C  72.71 %  878.5 hPa 1.031E-03 g/cm³ 000 chk 46844
28/10/2019 18:05:00  21.35 °C  72.78 %  878.5 hPa 1.031E-03 g/cm³ 000 chk 34971
28/10/2019 18:06:00  21.35 °C  72.81 %  878.6 hPa 1.031E-03 g/cm³ 000 chk 30755
28/10/2019 18:07:00  21.36 °C  72.75 %  878.6 hPa 1.031E-03 g/cm³ 000 chk 21870
28/10/2019 18:08:00  21.36 °C  72.78 %  878.6 hPa 1.031E-03 g/cm³ 000 chk 58425
28/10/2019 18:09:00  21.37 °C  72.88 %  878.6 hPa 1.031E-03 g/cm³ 000 chk 57078
28/10/2019 18:10:00  21.37 °C  72.34 %  878.7 hPa 1.031E-03 g/cm³ 000 chk 16028
28/10/2019 18:11:00  21.37 °C  71.22 %  878.7 hPa 1.031E-03 g/cm³ 000 chk 18995
28/10/2019 18:12:00  21.35 °C  70.02 %  878.7 hPa 1.031E-03 g/cm³ 000 chk 50712
28/10/2019 18:13:00  21.34 °C  69.31 %  878.7 hPa 1.031E-03 g/cm³ 000 chk  4969
28/10/2019 18:14:00  21.31 °C  67.75 %  878.7 hPa 1.032E-03 g/cm³ 000 chk  1411
28/10/2019 18:15:00  21.28 °C  66.42 %  878.8 hPa 1.032E-03 g/cm³ 000 chk  5907
28/10/2019 18:16:00  21.24 °C  65.09 %  878.7 hPa 1.032E-03 g/cm³ 000 chk 10853
28/10/2019 18:17:00  21.19 °C  63.87 %  878.8 hPa 1.033E-03 g/cm³ 000 chk 43612
28/10/2019 18:18:00  21.14 °C  62.90 %  878.8 hPa 1.033E-03 g/cm³ 000 chk 41457
28/10/2019 18:19:00  21.09 °C  62.19 %  878.8 hPa 1.033E-03 g/cm³ 000 chk  1895
28/10/2019 18:20:00  21.04 °C  62.45 %  878.8 hPa 1.033E-03 g/cm³ 000 chk 28738
28/10/2019 18:21:00  20.99 °C  62.78 %  878.8 hPa 1.034E-03 g/cm³ 000 chk 51567
28/10/2019 18:22:00  20.96 °C  63.29 %  878.8 hPa 1.034E-03 g/cm³ 000 chk 61518
28/10/2019 18:23:00  20.93 °C  63.67 %  878.8 hPa 1.034E-03 g/cm³ 000 chk 51867
28/10/2019 18:24:00  20.89 °C  63.56 %  878.9 hPa 1.034E-03 g/cm³ 000 chk 46813
28/10/2019 18:25:00  20.85 °C  62.94 %  878.9 hPa 1.034E-03 g/cm³ 000 chk  7857
28/10/2019 18:26:00  20.82 °C  62.18 %  878.9 hPa 1.035E-03 g/cm³ 000 chk 51632
28/10/2019 18:27:00  20.77 °C  61.70 %  878.9 hPa 1.035E-03 g/cm³ 000 chk 55907
28/10/2019 18:28:00  20.73 °C  60.84 %  879.0 hPa 1.035E-03 g/cm³ 000 chk  2438
28/10/2019 18:29:00  20.69 °C  60.74 %  879.0 hPa 1.035E-03 g/cm³ 000 chk 24468
28/10/2019 18:30:00  20.66 °C  60.56 %  879.0 hPa 1.035E-03 g/cm³ 000 chk 47783
28/10/2019 18:31:00  20.62 °C  60.36 %  879.0 hPa 1.036E-03 g/cm³ 000 chk 54952
28/10/2019 18:32:00  20.58 °C  60.72 %  879.0 hPa 1.036E-03 g/cm³ 000 chk 33228
28/10/2019 18:33:00  20.56 °C  61.35 %  879.0 hPa 1.036E-03 g/cm³ 000 chk  4682
28/10/2019 18:34:00  20.53 °C  61.94 %  879.0 hPa 1.036E-03 g/cm³ 000 chk 15814
28/10/2019 18:35:00  20.52 °C  62.36 %  879.1 hPa 1.036E-03 g/cm³ 000 chk 38114
28/10/2019 18:36:00  20.50 °C  62.48 %  879.1 hPa 1.036E-03 g/cm³ 000 chk 36430
28/10/2019 18:37:00  20.49 °C  62.32 %  879.1 hPa 1.036E-03 g/cm³ 000 chk 39285
28/10/2019 18:38:00  20.47 °C  61.13 %  879.1 hPa 1.036E-03 g/cm³ 000 chk 61143
28/10/2019 18:39:00  20.44 °C  60.93 %  879.1 hPa 1.036E-03 g/cm³ 000 chk 59205
28/10/2019 18:40:00  20.42 °C  60.28 %  879.2 hPa 1.037E-03 g/cm³ 000 chk 19262
28/10/2019 18:41:00  20.39 °C  60.14 %  879.2 hPa 1.037E-03 g/cm³ 000 chk 45654
28/10/2019 18:42:00  20.37 °C  59.99 %  879.2 hPa 1.037E-03 g/cm³ 000 chk 40219
28/10/2019 18:43:00  20.35 °C  59.96 %  879.2 hPa 1.037E-03 g/cm³ 000 chk 48959
28/10/2019 18:44:00  20.33 °C  59.59 %  879.2 hPa 1.037E-03 g/cm³ 000 chk 25628
28/10/2019 18:45:00  20.32 °C  59.96 %  879.2 hPa 1.037E-03 g/cm³ 000 chk 46503
28/10/2019 18:46:00  20.30 °C  60.58 %  879.2 hPa 1.037E-03 g/cm³ 000 chk  9302
28/10/2019 18:47:00  20.29 °C  61.27 %  879.2 hPa 1.037E-03 g/cm³ 000 chk 14961
28/10/2019 18:48:00  20.28 °C  61.65 %  879.3 hPa 1.037E-03 g/cm³ 000 chk 51204
28/10/2019 18:49:00  20.28 °C  62.20 %  879.2 hPa 1.037E-03 g/cm³ 000 chk 12902
28/10/2019 18:50:00  20.28 °C  62.11 %  879.2 hPa 1.037E-03 g/cm³ 000 chk 39731
28/10/2019 18:51:00  20.27 °C  61.49 %  879.3 hPa 1.037E-03 g/cm³ 000 chk 11061
28/10/2019 18:52:00  20.26 °C  61.10 %  879.3 hPa 1.037E-03 g/cm³ 000 chk   128
28/10/2019 18:53:00  20.26 °C  60.44 %  879.3 hPa 1.037E-03 g/cm³ 000 chk 20128
28/10/2019 18:54:00  20.25 °C  60.24 %  879.3 hPa 1.038E-03 g/cm³ 000 chk 11579
28/10/2019 18:55:00  20.24 °C  59.88 %  879.3 hPa 1.038E-03 g/cm³ 000 chk 49453
28/10/2019 18:56:00  20.23 °C  60.18 %  879.3 hPa 1.038E-03 g/cm³ 000 chk   129
28/10/2019 18:57:00  20.22 °C  60.68 %  879.3 hPa 1.038E-03 g/cm³ 000 chk 64295
28/10/2019 18:58:00  20.22 °C  61.58 %  879.3 hPa 1.038E-03 g/cm³ 000 chk 43801
28/10/2019 18:59:00  20.22 °C  61.91 %  879.3 hPa 1.037E-03 g/cm³ 000 chk   301
28/10/2019 19:00:00  20.22 °C  62.38 %  879.3 hPa 1.037E-03 g/cm³ 000 chk 40077
28/10/2019 19:01:00  20.23 °C  62.34 %  879.4 hPa 1.038E-03 g/cm³ 000 chk 20751
28/10/2019 19:02:00  20.23 °C  62.34 %  879.4 hPa 1.038E-03 g/cm³ 000 chk 61152
28/10/2019 19:03:00  20.22 °C  60.94 %  879.4 hPa 1.038E-03 g/cm³ 000 chk 46221
28/10/2019 19:04:00  20.21 °C  60.29 %  879.4 hPa 1.038E-03 g/cm³ 000 chk 25515
28/10/2019 19:05:00  20.20 °C  60.32 %  879.4 hPa 1.038E-03 g/cm³ 000 chk  2017
28/10/2019 19:06:00  20.19 °C  60.28 %  879.4 hPa 1.038E-03 g/cm³ 000 chk 42077
28/10/2019 19:07:00  20.19 °C  60.16 %  879.4 hPa 1.038E-03 g/cm³ 000 chk  2188
28/10/2019 19:08:00  20.18 °C  60.04 %  879.4 hPa 1.038E-03 g/cm³ 000 chk   820
28/10/2019 19:09:00  20.17 °C  60.18 %  879.4 hPa 1.038E-03 g/cm³ 000 chk  3829
28/10/2019 19:10:00  20.16 °C  59.82 %  879.4 hPa 1.038E-03 g/cm³ 000 chk 57875
28/10/2019 19:11:00  20.16 °C  59.74 %  879.5 hPa 1.038E-03 g/cm³ 000 chk 24136
28/10/2019 19:12:00  20.14 °C  59.58 %  879.5 hPa 1.038E-03 g/cm³ 000 chk 56956
28/10/2019 19:13:00  20.14 °C  59.75 %  879.5 hPa 1.038E-03 g/cm³ 000 chk 50561
28/10/2019 19:14:00  20.13 °C  59.69 %  879.5 hPa 1.038E-03 g/cm³ 000 chk 14738
28/10/2019 19:15:00  20.12 °C  59.51 %  879.5 hPa 1.038E-03 g/cm³ 000 chk 60035
28/10/2019 19:16:00  20.12 °C  59.47 %  879.5 hPa 1.038E-03 g/cm³ 000 chk 31552
28/10/2019 19:17:00  20.10 °C  59.39 %  879.5 hPa 1.038E-03 g/cm³ 000 chk 29863
28/10/2019 19:18:00  20.09 °C  59.46 %  879.5 hPa 1.038E-03 g/cm³ 000 chk 36973
28/10/2019 19:19:00  20.09 °C  59.29 %  879.5 hPa 1.038E-03 g/cm³ 000 chk 53540
28/10/2019 19:20:00  20.08 °C  59.50 %  879.5 hPa 1.038E-03 g/cm³ 000 chk 63059
28/10/2019 19:21:00  20.07 °C  59.34 %  879.5 hPa 1.039E-03 g/cm³ 000 chk 54163
28/10/2019 19:22:00  20.06 °C  59.29 %  879.5 hPa 1.039E-03 g/cm³ 000 chk 19602
28/10/2019 19:23:00  20.05 °C  59.72 %  879.5 hPa 1.039E-03 g/cm³ 000 chk 35822
28/10/2019 19:24:00  20.05 °C  60.37 %  879.5 hPa 1.038E-03 g/cm³ 000 chk  3488
28/10/2019 19:25:00  20.05 °C  61.41 %  879.6 hPa 1.038E-03 g/cm³ 000 chk 21029
28/10/2019 19:26:00  20.06 °C  61.95 %  879.6 hPa 1.038E-03 g/cm³ 000 chk 43640
28/10/2019 19:27:00  20.07 °C  62.34 %  879.6 hPa 1.038E-03 g/cm³ 000 chk 36104
28/10/2019 19:28:00  20.08 °C  62.06 %  879.6 hPa 1.038E-03 g/cm³ 000 chk 11361
28/10/2019 19:29:00  20.09 °C  61.59 %  879.6 hPa 1.038E-03 g/cm³ 000 chk  3256
28/10/2019 19:30:00  20.09 °C  60.90 %  879.6 hPa 1.038E-03 g/cm³ 000 chk 56408
28/10/2019 19:31:00  20.08 °C  60.05 %  879.6 hPa 1.039E-03 g/cm³ 000 chk 32696
28/10/2019 19:32:00  20.07 °C  60.12 %  879.6 hPa 1.039E-03 g/cm³ 000 chk 63536
28/10/2019 19:33:00  20.06 °C  59.72 %  879.6 hPa 1.039E-03 g/cm³ 000 chk 35321
28/10/2019 19:34:00  20.05 °C  60.13 %  879.6 hPa 1.039E-03 g/cm³ 000 chk 18799
28/10/2019 19:35:00  20.04 °C  60.32 %  879.6 hPa 1.039E-03 g/cm³ 000 chk 24401
28/10/2019 19:36:00  20.04 °C  61.18 %  879.6 hPa 1.039E-03 g/cm³ 000 chk 49914
28/10/2019 19:37:00  20.04 °C  62.00 %  879.6 hPa 1.038E-03 g/cm³ 000 chk 45206
28/10/2019 19:38:00  20.05 °C  62.30 %  879.6 hPa 1.038E-03 g/cm³ 000 chk 57716
28/10/2019 19:39:00  20.05 °C  62.50 %  879.7 hPa 1.038E-03 g/cm³ 000 chk 45674
28/10/2019 19:40:00  20.05 °C  61.69 %  879.6 hPa 1.038E-03 g/cm³ 000 chk 41905
28/10/2019 19:41:00  20.05 °C  61.57 %  879.6 hPa 1.038E-03 g/cm³ 000 chk  3936
28/10/2019 19:42:00  20.04 °C  60.38 %  879.6 hPa 1.039E-03 g/cm³ 000 chk 23167
28/10/2019 19:43:00  20.03 °C  60.11 %  879.6 hPa 1.039E-03 g/cm³ 000 chk   198
28/10/2019 19:44:00  20.03 °C  59.98 %  879.6 hPa 1.039E-03 g/cm³ 000 chk  7062
28/10/2019 19:45:00  20.03 °C  59.92 %  879.6 hPa 1.039E-03 g/cm³ 000 chk 49969
28/10/2019 19:46:00  20.03 °C  60.03 %  879.6 hPa 1.039E-03 g/cm³ 000 chk 56025
28/10/2019 19:47:00  20.03 °C  60.26 %  879.6 hPa 1.039E-03 g/cm³ 000 chk 10534
28/10/2019 19:48:00  20.03 °C  60.70 %  879.6 hPa 1.039E-03 g/cm³ 000 chk  2026
28/10/2019 19:49:00  20.02 °C  61.50 %  879.6 hPa 1.039E-03 g/cm³ 000 chk 27849
28/10/2019 19:50:00  20.03 °C  62.01 %  879.6 hPa 1.038E-03 g/cm³ 000 chk 42068
28/10/2019 19:51:00  20.04 °C  62.44 %  879.6 hPa 1.038E-03 g/cm³ 000 chk 25088
28/10/2019 19:52:00  20.04 °C  62.53 %  879.6 hPa 1.038E-03 g/cm³ 000 chk  7874
28/10/2019 19:53:00  20.04 °C  62.07 %  879.6 hPa 1.038E-03 g/cm³ 000 chk 49406
28/10/2019 19:54:00  20.04 °C  61.57 %  879.6 hPa 1.039E-03 g/cm³ 000 chk 42488
28/10/2019 19:55:00  20.04 °C  60.61 %  879.6 hPa 1.039E-03 g/cm³ 000 chk 28983
28/10/2019 19:56:00  20.03 °C  60.53 %  879.6 hPa 1.039E-03 g/cm³ 000 chk 25067
28/10/2019 19:57:00  20.03 °C  60.31 %  879.6 hPa 1.039E-03 g/cm³ 000 chk 20896
28/10/2019 19:58:00  20.03 °C  60.36 %  879.6 hPa 1.039E-03 g/cm³ 000 chk 37620
28/10/2019 19:59:00  20.02 °C  60.54 %  879.6 hPa 1.039E-03 g/cm³ 000 chk 13183
28/10/2019 20:00:00  20.01 °C  61.19 %  879.6 hPa 1.039E-03 g/cm³ 000 chk  8410
28/10/2019 20:01:00  20.02 °C  61.79 %  879.6 hPa 1.039E-03 g/cm³ 000 chk 30931
28/10/2019 20:02:00  20.02 °C  62.43 %  879.6 hPa 1.038E-03 g/cm³ 000 chk 17838
28/10/2019 20:03:00  20.03 °C  62.82 %  879.6 hPa 1.038E-03 g/cm³ 000 chk 37399
28/10/2019 20:04:00  20.04 °C  62.64 %  879.5 hPa 1.038E-03 g/cm³ 000 chk 22099
28/10/2019 20:05:00  20.03 °C  61.97 %  879.5 hPa 1.038E-03 g/cm³ 000 chk 20286
28/10/2019 20:06:00  20.02 °C  61.09 %  879.5 hPa 1.039E-03 g/cm³ 000 chk 26263
28/10/2019 20:07:00  20.02 °C  60.94 %  879.5 hPa 1.039E-03 g/cm³ 000 chk 11368
28/10/2019 20:08:00  20.01 °C  60.65 %  879.5 hPa 1.039E-03 g/cm³ 000 chk 62164
28/10/2019 20:09:00  20.01 °C  60.87 %  879.5 hPa 1.039E-03 g/cm³ 000 chk  1014
28/10/2019 20:10:00  20.01 °C  61.60 %  879.5 hPa 1.039E-03 g/cm³ 000 chk  5455
28/10/2019 20:11:00  20.02 °C  62.20 %  879.5 hPa 1.038E-03 g/cm³ 000 chk 32251
28/10/2019 20:12:00  20.02 °C  62.68 %  879.5 hPa 1.038E-03 g/cm³ 000 chk 60067
28/10/2019 20:13:00  20.02 °C  62.79 %  879.5 hPa 1.038E-03 g/cm³ 000 chk 27946
28/10/2019 20:14:00  20.03 °C  62.62 %  879.5 hPa 1.038E-03 g/cm³ 000 chk 14013
28/10/2019 20:15:00  20.02 °C  61.59 %  879.5 hPa 1.038E-03 g/cm³ 000 chk 25227
28/10/2019 20:16:00  20.02 °C  60.99 %  879.5 hPa 1.039E-03 g/cm³ 000 chk 19557
28/10/2019 20:17:00  20.02 °C  60.70 %  879.5 hPa 1.039E-03 g/cm³ 000 chk  8773
28/10/2019 20:18:00  20.01 °C  60.55 %  879.6 hPa 1.039E-03 g/cm³ 000 chk   759
28/10/2019 20:19:00  20.01 °C  60.56 %  879.6 hPa 1.039E-03 g/cm³ 000 chk 57171
28/10/2019 20:20:00  20.00 °C  61.04 %  879.6 hPa 1.039E-03 g/cm³ 000 chk 14177
28/10/2019 20:21:00  20.00 °C  61.69 %  879.7 hPa 1.039E-03 g/cm³ 000 chk  5501
28/10/2019 20:22:00  20.01 °C  62.29 %  879.7 hPa 1.039E-03 g/cm³ 000 chk  3008
28/10/2019 20:23:00  20.01 °C  62.39 %  879.7 hPa 1.039E-03 g/cm³ 000 chk 24904
28/10/2019 20:24:00  20.01 °C  62.42 %  879.7 hPa 1.039E-03 g/cm³ 000 chk 44017
28/10/2019 20:25:00  20.01 °C  61.49 %  879.7 hPa 1.039E-03 g/cm³ 000 chk 28272
28/10/2019 20:26:00  20.00 °C  61.03 %  879.7 hPa 1.039E-03 g/cm³ 000 chk 62185
28/10/2019 20:27:00  20.00 °C  61.57 %  879.7 hPa 1.039E-03 g/cm³ 000 chk 11477
28/10/2019 20:28:00  20.00 °C  64.02 %  879.7 hPa 1.039E-03 g/cm³ 000 chk  9587
28/10/2019 20:29:00  20.00 °C  65.72 %  879.7 hPa 1.038E-03 g/cm³ 000 chk 57288
28/10/2019 20:30:00  20.01 °C  67.36 %  879.7 hPa 1.038E-03 g/cm³ 000 chk 56996
28/10/2019 20:31:00  20.03 °C  68.50 %  879.7 hPa 1.038E-03 g/cm³ 000 chk  2515
28/10/2019 20:32:00  20.05 °C  69.75 %  879.7 hPa 1.038E-03 g/cm³ 000 chk 56318
28/10/2019 20:33:00  20.08 °C  70.94 %  879.7 hPa 1.037E-03 g/cm³ 000 chk 22584
28/10/2019 20:34:00  20.11 °C  71.72 %  879.7 hPa 1.037E-03 g/cm³ 000 chk 32132
28/10/2019 20:35:00  20.14 °C  72.50 %  879.7 hPa 1.037E-03 g/cm³ 000 chk 11163
28/10/2019 20:36:00  20.16 °C  73.51 %  879.7 hPa 1.037E-03 g/cm³ 000 chk 35562
28/10/2019 20:37:00  20.20 °C  74.12 %  879.7 hPa 1.037E-03 g/cm³ 000 chk 62108
28/10/2019 20:38:00  20.23 °C  74.55 %  879.7 hPa 1.037E-03 g/cm³ 000 chk   830
28/10/2019 20:39:00  20.26 °C  74.76 %  879.7 hPa 1.036E-03 g/cm³ 000 chk 18630
28/10/2019 20:40:00  20.29 °C  75.35 %  879.7 hPa 1.036E-03 g/cm³ 000 chk 35321
28/10/2019 20:41:00  20.33 °C  75.35 %  879.7 hPa 1.036E-03 g/cm³ 000 chk 56896
28/10/2019 20:42:00  20.36 °C  75.81 %  879.7 hPa 1.036E-03 g/cm³ 000 chk 33398
28/10/2019 20:43:00  20.39 °C  75.80 %  879.7 hPa 1.036E-03 g/cm³ 000 chk 16025
28/10/2019 20:44:00  20.42 °C  75.94 %  879.7 hPa 1.036E-03 g/cm³ 000 chk 53365
28/10/2019 20:45:00  20.45 °C  76.30 %  879.7 hPa 1.035E-03 g/cm³ 000 chk 52163
28/10/2019 20:46:00  20.48 °C  76.21 %  879.7 hPa 1.035E-03 g/cm³ 000 chk 49608
28/10/2019 20:47:00  20.51 °C  76.38 %  879.8 hPa 1.035E-03 g/cm³ 000 chk 34077
28/10/2019 20:48:00  20.53 °C  76.48 %  879.8 hPa 1.035E-03 g/cm³ 000 chk 58889
28/10/2019 20:49:00  20.56 °C  76.47 %  879.8 hPa 1.035E-03 g/cm³ 000 chk 61800
28/10/2019 20:50:00  20.58 °C  76.57 %  879.9 hPa 1.035E-03 g/cm³ 000 chk 59065
28/10/2019 20:51:00  20.60 °C  76.67 %  879.9 hPa 1.035E-03 g/cm³ 000 chk 29654
28/10/2019 20:52:00  20.62 °C  76.77 %  879.9 hPa 1.035E-03 g/cm³ 000 chk 28566
28/10/2019 20:53:00  20.64 °C  76.67 %  879.9 hPa 1.035E-03 g/cm³ 000 chk 41371
28/10/2019 20:54:00  20.66 °C  76.88 %  879.9 hPa 1.035E-03 g/cm³ 000 chk 32229
28/10/2019 20:55:00  20.68 °C  77.00 %  879.9 hPa 1.035E-03 g/cm³ 000 chk  1212
28/10/2019 20:56:00  20.69 °C  76.97 %  879.9 hPa 1.035E-03 g/cm³ 000 chk 47307
28/10/2019 20:57:00  20.71 °C  77.00 %  880.0 hPa 1.035E-03 g/cm³ 000 chk 30797
28/10/2019 20:58:00  20.73 °C  76.84 %  880.0 hPa 1.035E-03 g/cm³ 000 chk 65263
28/10/2019 20:59:00  20.74 °C  76.84 %  880.0 hPa 1.035E-03 g/cm³ 000 chk 24846
28/10/2019 21:00:00  20.76 °C  76.67 %  880.0 hPa 1.034E-03 g/cm³ 000 chk 56701
28/10/2019 21:01:00  20.77 °C  76.65 %  880.0 hPa 1.034E-03 g/cm³ 000 chk 31768
28/10/2019 21:02:00  20.78 °C  76.84 %  880.0 hPa 1.034E-03 g/cm³ 000 chk  5179
28/10/2019 21:03:00  20.79 °C  76.80 %  880.0 hPa 1.034E-03 g/cm³ 000 chk 23390
28/10/2019 21:04:00  20.80 °C  76.61 %  880.1 hPa 1.034E-03 g/cm³ 000 chk 45888
28/10/2019 21:05:00  20.81 °C  76.57 %  880.1 hPa 1.034E-03 g/cm³ 000 chk 26195
28/10/2019 21:06:00  20.82 °C  76.73 %  880.1 hPa 1.034E-03 g/cm³ 000 chk 40869
28/10/2019 21:07:00  20.82 °C  76.60 %  880.1 hPa 1.034E-03 g/cm³ 000 chk 33325
28/10/2019 21:08:00  20.83 °C  76.73 %  880.1 hPa 1.034E-03 g/cm³ 000 chk 25748
28/10/2019 21:09:00  20.84 °C  76.52 %  880.1 hPa 1.034E-03 g/cm³ 000 chk 54831
28/10/2019 21:10:00  20.86 °C  76.52 %  880.1 hPa 1.034E-03 g/cm³ 000 chk 61839
28/10/2019 21:11:00  20.86 °C  76.49 %  880.1 hPa 1.034E-03 g/cm³ 000 chk  1029
28/10/2019 21:12:00  20.87 °C  76.31 %  880.1 hPa 1.034E-03 g/cm³ 000 chk   746
28/10/2019 21:13:00  20.88 °C  76.00 %  880.0 hPa 1.034E-03 g/cm³ 000 chk 18214
28/10/2019 21:14:00  20.89 °C  76.18 %  880.0 hPa 1.034E-03 g/cm³ 000 chk 27569
28/10/2019 21:15:00  20.90 °C  76.07 %  880.0 hPa 1.034E-03 g/cm³ 000 chk 58724
28/10/2019 21:16:00  20.90 °C  76.13 %  880.0 hPa 1.034E-03 g/cm³ 000 chk 61094
28/10/2019 21:17:00  20.91 °C  75.93 %  880.0 hPa 1.034E-03 g/cm³ 000 chk 58508
28/10/2019 21:18:00  20.92 °C  75.89 %  880.0 hPa 1.034E-03 g/cm³ 000 chk 25781
28/10/2019 21:19:00  20.93 °C  75.73 %  880.0 hPa 1.034E-03 g/cm³ 000 chk 11385
28/10/2019 21:20:00  20.93 °C  75.64 %  880.0 hPa 1.034E-03 g/cm³ 000 chk 39970
28/10/2019 21:21:00  20.94 °C  75.53 %  880.0 hPa 1.034E-03 g/cm³ 000 chk   181
28/10/2019 21:22:00  20.95 °C  75.46 %  880.0 hPa 1.034E-03 g/cm³ 000 chk 30646
28/10/2019 21:23:00  20.95 °C  75.45 %  879.9 hPa 1.034E-03 g/cm³ 000 chk 52470
28/10/2019 21:24:00  20.96 °C  75.43 %  879.9 hPa 1.034E-03 g/cm³ 000 chk 17868
28/10/2019 21:25:00  20.96 °C  75.26 %  880.0 hPa 1.034E-03 g/cm³ 000 chk  4194
28/10/2019 21:26:00  20.97 °C  75.17 %  880.0 hPa 1.034E-03 g/cm³ 000 chk 54075
28/10/2019 21:27:00  20.97 °C  75.10 %  880.0 hPa 1.034E-03 g/cm³ 000 chk 31390
28/10/2019 21:28:00  20.98 °C  74.93 %  880.0 hPa 1.034E-03 g/cm³ 000 chk 26612
28/10/2019 21:29:00  20.99 °C  74.89 %  880.0 hPa 1.034E-03 g/cm³ 000 chk 61119
28/10/2019 21:30:00  20.99 °C  74.91 %  880.1 hPa 1.034E-03 g/cm³ 000 chk 31718
28/10/2019 21:31:00  21.00 °C  74.71 %  880.1 hPa 1.034E-03 g/cm³ 000 chk 46968
28/10/2019 21:32:00  21.01 °C  74.66 %  880.1 hPa 1.034E-03 g/cm³ 000 chk 23162
28/10/2019 21:33:00  21.02 °C  74.51 %  880.1 hPa 1.034E-03 g/cm³ 000 chk   491
28/10/2019 21:34:00  21.03 °C  74.56 %  880.2 hPa 1.034E-03 g/cm³ 000 chk 19884
28/10/2019 21:35:00  21.03 °C  74.44 %  880.2 hPa 1.034E-03 g/cm³ 000 chk 48421
28/10/2019 21:36:00  21.04 °C  74.56 %  880.2 hPa 1.034E-03 g/cm³ 000 chk 28066
28/10/2019 21:37:00  21.04 °C  74.27 %  880.2 hPa 1.034E-03 g/cm³ 000 chk 60101
28/10/2019 21:38:00  21.05 °C  74.20 %  880.2 hPa 1.034E-03 g/cm³ 000 chk 47185
28/10/2019 21:39:00  21.06 °C  74.12 %  880.2 hPa 1.034E-03 g/cm³ 000 chk 31424
28/10/2019 21:40:00  21.06 °C  74.08 %  880.2 hPa 1.034E-03 g/cm³ 000 chk 54579
28/10/2019 21:41:00  21.07 °C  74.01 %  880.2 hPa 1.034E-03 g/cm³ 000 chk 60244
28/10/2019 21:42:00  21.07 °C  74.04 %  880.2 hPa 1.034E-03 g/cm³ 000 chk 52667
28/10/2019 21:43:00  21.08 °C  73.89 %  880.1 hPa 1.034E-03 g/cm³ 000 chk 22416
28/10/2019 21:44:00  21.08 °C  73.75 %  880.2 hPa 1.034E-03 g/cm³ 000 chk  5310
28/10/2019 21:45:00  21.08 °C  73.63 %  880.1 hPa 1.034E-03 g/cm³ 000 chk 56265
28/10/2019 21:46:00  21.09 °C  73.67 %  880.1 hPa 1.034E-03 g/cm³ 000 chk 33255
28/10/2019 21:47:00  21.09 °C  73.66 %  880.1 hPa 1.034E-03 g/cm³ 000 chk 50754
28/10/2019 21:48:00  21.10 °C  73.61 %  880.1 hPa 1.034E-03 g/cm³ 000 chk  2632
28/10/2019 21:49:00  21.11 °C  73.52 %  880.1 hPa 1.034E-03 g/cm³ 000 chk 18011
28/10/2019 21:50:00  21.11 °C  73.57 %  880.1 hPa 1.034E-03 g/cm³ 000 chk 39800
28/10/2019 21:51:00  21.11 °C  73.49 %  880.1 hPa 1.034E-03 g/cm³ 000 chk 63474
28/10/2019 21:52:00  21.11 °C  73.47 %  880.1 hPa 1.034E-03 g/cm³ 000 chk 19999
28/10/2019 21:53:00  21.12 °C  73.42 %  880.1 hPa 1.033E-03 g/cm³ 000 chk 36287
28/10/2019 21:54:00  21.12 °C  73.40 %  880.1 hPa 1.033E-03 g/cm³ 000 chk 33479
28/10/2019 21:55:00  21.12 °C  73.45 %  880.1 hPa 1.033E-03 g/cm³ 000 chk 45411
28/10/2019 21:56:00  21.13 °C  73.42 %  880.1 hPa 1.033E-03 g/cm³ 000 chk 40013
28/10/2019 21:57:00  21.13 °C  73.40 %  880.1 hPa 1.033E-03 g/cm³ 000 chk 44264
28/10/2019 21:58:00  21.13 °C  73.39 %  880.1 hPa 1.033E-03 g/cm³ 000 chk 43388
28/10/2019 21:59:00  21.14 °C  73.29 %  880.1 hPa 1.033E-03 g/cm³ 000 chk 63153
28/10/2019 22:00:00  21.14 °C  73.34 %  880.1 hPa 1.033E-03 g/cm³ 000 chk 43095
28/10/2019 22:01:00  21.14 °C  73.25 %  880.1 hPa 1.033E-03 g/cm³ 000 chk 12254
28/10/2019 22:02:00  21.15 °C  73.27 %  880.1 hPa 1.033E-03 g/cm³ 000 chk 39920
28/10/2019 22:03:00  21.15 °C  73.27 %  880.1 hPa 1.033E-03 g/cm³ 000 chk 12628
28/10/2019 22:04:00  21.15 °C  73.14 %  880.0 hPa 1.033E-03 g/cm³ 000 chk 10766
28/10/2019 22:05:00  21.16 °C  73.21 %  880.0 hPa 1.033E-03 g/cm³ 000 chk 60318
28/10/2019 22:06:00  21.16 °C  73.21 %  880.0 hPa 1.033E-03 g/cm³ 000 chk 21617
28/10/2019 22:07:00  21.16 °C  73.21 %  880.0 hPa 1.033E-03 g/cm³ 000 chk 65237
28/10/2019 22:08:00  21.17 °C  73.19 %  880.0 hPa 1.033E-03 g/cm³ 000 chk 18229
28/10/2019 22:09:00  21.17 °C  73.17 %  880.0 hPa 1.033E-03 g/cm³ 000 chk 60307
28/10/2019 22:10:00  21.17 °C  73.09 %  880.0 hPa 1.033E-03 g/cm³ 000 chk 27038
28/10/2019 22:11:00  21.18 °C  72.99 %  880.0 hPa 1.033E-03 g/cm³ 000 chk 43305
28/10/2019 22:12:00  21.18 °C  72.99 %  880.0 hPa 1.033E-03 g/cm³ 000 chk  5830
28/10/2019 22:13:00  21.19 °C  73.01 %  880.0 hPa 1.033E-03 g/cm³ 000 chk 21753
28/10/2019 22:14:00  21.19 °C  72.99 %  880.0 hPa 1.033E-03 g/cm³ 000 chk 47323
28/10/2019 22:15:00  21.19 °C  72.91 %  880.0 hPa 1.033E-03 g/cm³ 000 chk 64125
28/10/2019 22:16:00  21.20 °C  72.99 %  879.9 hPa 1.033E-03 g/cm³ 000 chk 25864
28/10/2019 22:17:00  21.20 °C  72.95 %  879.9 hPa 1.033E-03 g/cm³ 000 chk 21423
28/10/2019 22:18:00  21.21 °C  72.88 %  879.9 hPa 1.033E-03 g/cm³ 000 chk 45844
28/10/2019 22:19:00  21.21 °C  72.85 %  879.9 hPa 1.033E-03 g/cm³ 000 chk 26802
28/10/2019 22:20:00  21.21 °C  72.84 %  879.9 hPa 1.033E-03 g/cm³ 000 chk 63173
28/10/2019 22:21:00  21.22 °C  72.79 %  879.9 hPa 1.033E-03 g/cm³ 000 chk 56971
28/10/2019 22:22:00  21.22 °C  72.85 %  879.9 hPa 1.033E-03 g/cm³ 000 chk 64716
28/10/2019 22:23:00  21.22 °C  72.93 %  880.0 hPa 1.033E-03 g/cm³ 000 chk  7840
28/10/2019 22:24:00  21.23 °C  72.84 %  880.0 hPa 1.033E-03 g/cm³ 000 chk 55604
28/10/2019 22:25:00  21.23 °C  72.87 %  880.0 hPa 1.033E-03 g/cm³ 000 chk  1168
28/10/2019 22:26:00  21.23 °C  72.90 %  880.0 hPa 1.033E-03 g/cm³ 000 chk 30802
28/10/2019 22:27:00  21.23 °C  72.87 %  880.0 hPa 1.033E-03 g/cm³ 000 chk  4571
28/10/2019 22:28:00  21.24 °C  72.80 %  880.0 hPa 1.033E-03 g/cm³ 000 chk 59338
28/10/2019 22:29:00  21.24 °C  72.79 %  880.0 hPa 1.033E-03 g/cm³ 000 chk 18886
28/10/2019 22:30:00  21.24 °C  72.82 %  880.0 hPa 1.033E-03 g/cm³ 000 chk 37708
28/10/2019 22:31:00  21.25 °C  72.77 %  880.0 hPa 1.033E-03 g/cm³ 000 chk 12419
28/10/2019 22:32:00  21.25 °C  72.82 %  880.0 hPa 1.033E-03 g/cm³ 000 chk  6087
28/10/2019 22:33:00  21.25 °C  72.80 %  879.9 hPa 1.033E-03 g/cm³ 000 chk 16774
28/10/2019 22:34:00  21.26 °C  72.75 %  879.9 hPa 1.033E-03 g/cm³ 000 chk 48663
28/10/2019 22:35:00  21.26 °C  72.79 %  879.9 hPa 1.033E-03 g/cm³ 000 chk 34992
28/10/2019 22:36:00  21.26 °C  72.85 %  879.9 hPa 1.033E-03 g/cm³ 000 chk 43767
28/10/2019 22:37:00  21.26 °C  72.75 %  879.9 hPa 1.033E-03 g/cm³ 000 chk   504
28/10/2019 22:38:00  21.27 °C  72.76 %  879.9 hPa 1.033E-03 g/cm³ 000 chk 10093
28/10/2019 22:39:00  21.27 °C  72.82 %  879.9 hPa 1.033E-03 g/cm³ 000 chk 63587
28/10/2019 22:40:00  21.27 °C  72.72 %  879.9 hPa 1.033E-03 g/cm³ 000 chk 58388
28/10/2019 22:41:00  21.27 °C  72.67 %  879.9 hPa 1.033E-03 g/cm³ 000 chk  6044
28/10/2019 22:42:00  21.28 °C  72.60 %  879.9 hPa 1.033E-03 g/cm³ 000 chk 20536
28/10/2019 22:43:00  21.28 °C  72.68 %  879.9 hPa 1.033E-03 g/cm³ 000 chk  4766
28/10/2019 22:44:00  21.28 °C  72.71 %  879.9 hPa 1.033E-03 g/cm³ 000 chk 17096
28/10/2019 22:45:00  21.28 °C  72.72 %  879.9 hPa 1.033E-03 g/cm³ 000 chk 40812
28/10/2019 22:46:00  21.28 °C  72.71 %  880.0 hPa 1.033E-03 g/cm³ 000 chk 12647
28/10/2019 22:47:00  21.29 °C  72.61 %  880.0 hPa 1.033E-03 g/cm³ 000 chk 51759
28/10/2019 22:48:00  21.29 °C  72.74 %  880.0 hPa 1.033E-03 g/cm³ 000 chk 21334
28/10/2019 22:49:00  21.29 °C  72.58 %  880.0 hPa 1.033E-03 g/cm³ 000 chk 42410
28/10/2019 22:50:00  21.29 °C  72.56 %  880.0 hPa 1.033E-03 g/cm³ 000 chk 59275
28/10/2019 22:51:00  21.29 °C  72.67 %  880.0 hPa 1.033E-03 g/cm³ 000 chk 41049
28/10/2019 22:52:00  21.29 °C  72.57 %  880.0 hPa 1.033E-03 g/cm³ 000 chk  8129
28/10/2019 22:53:00  21.29 °C  72.55 %  879.9 hPa 1.033E-03 g/cm³ 000 chk 18816
28/10/2019 22:54:00  21.29 °C  72.62 %  879.9 hPa 1.033E-03 g/cm³ 000 chk 57231
28/10/2019 22:55:00  21.29 °C  72.62 %  879.9 hPa 1.033E-03 g/cm³ 000 chk 29995
28/10/2019 22:56:00  21.29 °C  72.57 %  879.9 hPa 1.033E-03 g/cm³ 000 chk 21427
28/10/2019 22:57:00  21.29 °C  72.73 %  879.9 hPa 1.033E-03 g/cm³ 000 chk 19789
28/10/2019 22:58:00  21.30 °C  72.55 %  879.9 hPa 1.033E-03 g/cm³ 000 chk 44061
28/10/2019 22:59:00  21.30 °C  72.61 %  879.8 hPa 1.032E-03 g/cm³ 000 chk 35674
28/10/2019 23:00:00  21.30 °C  72.57 %  879.8 hPa 1.032E-03 g/cm³ 000 chk  3227
28/10/2019 23:01:00  21.30 °C  72.60 %  879.8 hPa 1.032E-03 g/cm³ 000 chk 42313
28/10/2019 23:02:00  21.30 °C  72.53 %  879.8 hPa 1.032E-03 g/cm³ 000 chk 28113
28/10/2019 23:03:00  21.30 °C  72.46 %  879.8 hPa 1.032E-03 g/cm³ 000 chk 40537
28/10/2019 23:04:00  21.30 °C  72.47 %  879.8 hPa 1.032E-03 g/cm³ 000 chk 58913
28/10/2019 23:05:00  21.30 °C  72.45 %  879.8 hPa 1.032E-03 g/cm³ 000 chk 54916
28/10/2019 23:06:00  21.30 °C  72.49 %  879.8 hPa 1.032E-03 g/cm³ 000 chk 62824
28/10/2019 23:07:00  21.30 °C  72.53 %  879.8 hPa 1.032E-03 g/cm³ 000 chk 60899
28/10/2019 23:08:00  21.31 °C  72.48 %  879.8 hPa 1.032E-03 g/cm³ 000 chk 58200
28/10/2019 23:09:00  21.31 °C  72.49 %  879.8 hPa 1.032E-03 g/cm³ 000 chk 42237
28/10/2019 23:10:00  21.31 °C  72.39 %  879.8 hPa 1.032E-03 g/cm³ 000 chk  8220
28/10/2019 23:11:00  21.32 °C  72.43 %  879.7 hPa 1.032E-03 g/cm³ 000 chk 60986
28/10/2019 23:12:00  21.32 °C  72.54 %  879.7 hPa 1.032E-03 g/cm³ 000 chk 37624
28/10/2019 23:13:00  21.32 °C  72.50 %  879.7 hPa 1.032E-03 g/cm³ 000 chk 19549
28/10/2019 23:14:00  21.32 °C  72.54 %  879.7 hPa 1.032E-03 g/cm³ 000 chk 44325
28/10/2019 23:15:00  21.32 °C  72.46 %  879.7 hPa 1.032E-03 g/cm³ 000 chk 23980
28/10/2019 23:16:00  21.32 °C  72.41 %  879.7 hPa 1.032E-03 g/cm³ 000 chk 57666
28/10/2019 23:17:00  21.33 °C  72.37 %  879.7 hPa 1.032E-03 g/cm³ 000 chk 62692
28/10/2019 23:18:00  21.32 °C  72.32 %  879.7 hPa 1.032E-03 g/cm³ 000 chk 15473
28/10/2019 23:19:00  21.33 °C  72.42 %  879.7 hPa 1.032E-03 g/cm³ 000 chk 51159
28/10/2019 23:20:00  21.33 °C  72.39 %  879.6 hPa 1.032E-03 g/cm³ 000 chk  4661
28/10/2019 23:21:00  21.33 °C  72.40 %  879.7 hPa 1.032E-03 g/cm³ 000 chk 33796
28/10/2019 23:22:00  21.33 °C  72.41 %  879.7 hPa 1.032E-03 g/cm³ 000 chk 55018
28/10/2019 23:23:00  21.34 °C  72.40 %  879.7 hPa 1.032E-03 g/cm³ 000 chk 41994
28/10/2019 23:24:00  21.34 °C  72.29 %  879.7 hPa 1.032E-03 g/cm³ 000 chk 13470
28/10/2019 23:25:00  21.34 °C  72.31 %  879.6 hPa 1.032E-03 g/cm³ 000 chk 20288
28/10/2019 23:26:00  21.34 °C  72.34 %  879.6 hPa 1.032E-03 g/cm³ 000 chk 27055
28/10/2019 23:27:00  21.34 °C  72.17 %  879.7 hPa 1.032E-03 g/cm³ 000 chk 36100
28/10/2019 23:28:00  21.35 °C  72.17 %  879.6 hPa 1.032E-03 g/cm³ 000 chk  9669
28/10/2019 23:29:00  21.35 °C  72.16 %  879.7 hPa 1.032E-03 g/cm³ 000 chk 39732
28/10/2019 23:30:00  21.35 °C  72.12 %  879.7 hPa 1.032E-03 g/cm³ 000 chk 43798
28/10/2019 23:31:00  21.36 °C  71.95 %  879.7 hPa 1.032E-03 g/cm³ 000 chk 49598
28/10/2019 23:32:00  21.36 °C  71.94 %  879.6 hPa 1.032E-03 g/cm³ 000 chk 27140
28/10/2019 23:33:00  21.36 °C  71.92 %  879.6 hPa 1.032E-03 g/cm³ 000 chk 11936
28/10/2019 23:34:00  21.37 °C  71.88 %  879.6 hPa 1.032E-03 g/cm³ 000 chk 38966
28/10/2019 23:35:00  21.37 °C  71.93 %  879.6 hPa 1.032E-03 g/cm³ 000 chk 28092
28/10/2019 23:36:00  21.37 °C  71.89 %  879.5 hPa 1.032E-03 g/cm³ 000 chk 11139
28/10/2019 23:37:00  21.37 °C  71.80 %  879.5 hPa 1.032E-03 g/cm³ 000 chk 33828
28/10/2019 23:38:00  21.37 °C  71.80 %  879.5 hPa 1.032E-03 g/cm³ 000 chk 17521
28/10/2019 23:39:00  21.37 °C  71.76 %  879.5 hPa 1.032E-03 g/cm³ 000 chk   382
28/10/2019 23:40:00  21.37 °C  71.92 %  879.4 hPa 1.032E-03 g/cm³ 000 chk 20592
28/10/2019 23:41:00  21.37 °C  71.90 %  879.4 hPa 1.032E-03 g/cm³ 000 chk 24789
28/10/2019 23:42:00  21.37 °C  71.99 %  879.4 hPa 1.032E-03 g/cm³ 000 chk 55865
28/10/2019 23:43:00  21.38 °C  71.91 %  879.4 hPa 1.032E-03 g/cm³ 000 chk 25557
28/10/2019 23:44:00  21.38 °C  71.77 %  879.4 hPa 1.032E-03 g/cm³ 000 chk 55595
28/10/2019 23:45:00  21.38 °C  71.81 %  879.4 hPa 1.032E-03 g/cm³ 000 chk 39972
28/10/2019 23:46:00  21.38 °C  71.80 %  879.3 hPa 1.032E-03 g/cm³ 000 chk 41056
28/10/2019 23:47:00  21.39 °C  71.72 %  879.4 hPa 1.032E-03 g/cm³ 000 chk 28164
28/10/2019 23:48:00  21.39 °C  71.66 %  879.3 hPa 1.032E-03 g/cm³ 000 chk 29910
28/10/2019 23:49:00  21.39 °C  71.62 %  879.3 hPa 1.032E-03 g/cm³ 000 chk 43635
28/10/2019 23:50:00  21.39 °C  71.61 %  879.3 hPa 1.032E-03 g/cm³ 000 chk 39248
28/10/2019 23:51:00  21.40 °C  71.63 %  879.3 hPa 1.032E-03 g/cm³ 000 chk  1486
28/10/2019 23:52:00  21.40 °C  71.60 %  879.3 hPa 1.032E-03 g/cm³ 000 chk 52513
28/10/2019 23:53:00  21.40 °C  71.57 %  879.3 hPa 1.032E-03 g/cm³ 000 chk 25843
28/10/2019 23:54:00  21.40 °C  71.65 %  879.3 hPa 1.032E-03 g/cm³ 000 chk 27644
28/10/2019 23:55:00  21.40 °C  71.57 %  879.3 hPa 1.032E-03 g/cm³ 000 chk 23342
28/10/2019 23:56:00  21.40 °C  71.50 %  879.3 hPa 1.032E-03 g/cm³ 000 chk 59328
28/10/2019 23:57:00  21.40 °C  71.43 %  879.3 hPa 1.032E-03 g/cm³ 000 chk 64072
28/10/2019 23:58:00  21.41 °C  71.34 %  879.3 hPa 1.032E-03 g/cm³ 000 chk 26654
28/10/2019 23:59:00  21.41 °C  71.28 %  879.2 hPa 1.031E-03 g/cm³ 000 chk 26242
