07/07/2020  9:49:08  18.08 °C  60.79 %  881.2 hPa 1.049E-03 g/cm³ 000 chk 29051
07/07/2020  9:50:00  18.09 °C  60.81 %  881.2 hPa 1.049E-03 g/cm³ 000 chk 25566
07/07/2020  9:51:00  18.10 °C  60.80 %  881.3 hPa 1.049E-03 g/cm³ 000 chk 53873
07/07/2020  9:52:00  18.10 °C  60.80 %  881.3 hPa 1.049E-03 g/cm³ 000 chk 28062
07/07/2020  9:53:00  18.10 °C  60.78 %  881.3 hPa 1.049E-03 g/cm³ 000 chk 11923
07/07/2020  9:54:00  18.11 °C  60.79 %  881.3 hPa 1.049E-03 g/cm³ 000 chk 50987
07/07/2020  9:55:00  18.11 °C  60.72 %  881.3 hPa 1.049E-03 g/cm³ 000 chk 62093
07/07/2020  9:56:00  18.12 °C  60.79 %  881.3 hPa 1.049E-03 g/cm³ 000 chk  8227
07/07/2020  9:57:00  18.13 °C  60.79 %  881.2 hPa 1.048E-03 g/cm³ 000 chk 58066
07/07/2020  9:58:00  18.16 °C  60.89 %  881.3 hPa 1.048E-03 g/cm³ 000 chk 36030
07/07/2020  9:59:00  18.20 °C  60.94 %  881.2 hPa 1.048E-03 g/cm³ 000 chk 15190
07/07/2020 10:00:00  18.23 °C  60.86 %  881.2 hPa 1.048E-03 g/cm³ 000 chk 13120
07/07/2020 10:01:00  18.25 °C  61.10 %  881.2 hPa 1.048E-03 g/cm³ 000 chk 16952
07/07/2020 10:02:00  18.24 °C  60.98 %  881.2 hPa 1.048E-03 g/cm³ 000 chk 54624
07/07/2020 10:03:00  18.24 °C  60.91 %  881.3 hPa 1.048E-03 g/cm³ 000 chk 33683
07/07/2020 10:04:00  18.22 °C  60.65 %  881.3 hPa 1.048E-03 g/cm³ 000 chk 51141
07/07/2020 10:05:00  18.21 °C  60.56 %  881.3 hPa 1.048E-03 g/cm³ 000 chk 59477
07/07/2020 10:06:00  18.19 °C  60.54 %  881.3 hPa 1.048E-03 g/cm³ 000 chk 61959
07/07/2020 10:07:00  18.19 °C  60.60 %  881.3 hPa 1.048E-03 g/cm³ 000 chk 11477
07/07/2020 10:08:00  18.18 °C  60.70 %  881.3 hPa 1.048E-03 g/cm³ 000 chk 48492
07/07/2020 10:09:00  18.17 °C  60.72 %  881.3 hPa 1.048E-03 g/cm³ 000 chk 30339
07/07/2020 10:10:00  18.17 °C  60.63 %  881.3 hPa 1.048E-03 g/cm³ 000 chk  8077
07/07/2020 10:11:00  18.16 °C  60.70 %  881.2 hPa 1.048E-03 g/cm³ 000 chk 27281
07/07/2020 10:12:00  18.15 °C  60.61 %  881.3 hPa 1.048E-03 g/cm³ 000 chk 62276
07/07/2020 10:13:00  18.15 °C  60.72 %  881.3 hPa 1.048E-03 g/cm³ 000 chk 61132
07/07/2020 10:14:00  18.16 °C  60.63 %  881.3 hPa 1.048E-03 g/cm³ 000 chk 42203
07/07/2020 10:15:00  18.17 °C  60.62 %  881.2 hPa 1.048E-03 g/cm³ 000 chk 35818
07/07/2020 10:16:00  18.18 °C  60.66 %  881.2 hPa 1.048E-03 g/cm³ 000 chk 47950
07/07/2020 10:17:00  18.18 °C  60.50 %  881.2 hPa 1.048E-03 g/cm³ 000 chk 65437
07/07/2020 10:18:00  18.18 °C  60.45 %  881.2 hPa 1.048E-03 g/cm³ 000 chk 26340
07/07/2020 10:19:00  18.17 °C  60.36 %  881.2 hPa 1.048E-03 g/cm³ 000 chk 32968
07/07/2020 10:20:00  18.18 °C  60.34 %  881.2 hPa 1.048E-03 g/cm³ 000 chk 37621
07/07/2020 10:21:00  18.17 °C  60.32 %  881.2 hPa 1.048E-03 g/cm³ 000 chk 11547
07/07/2020 10:22:00  18.18 °C  60.43 %  881.2 hPa 1.048E-03 g/cm³ 000 chk 17533
07/07/2020 10:23:00  18.19 °C  60.48 %  881.2 hPa 1.048E-03 g/cm³ 000 chk 57371
07/07/2020 10:24:00  18.18 °C  60.39 %  881.3 hPa 1.048E-03 g/cm³ 000 chk 12341
07/07/2020 10:25:00  18.18 °C  60.36 %  881.2 hPa 1.048E-03 g/cm³ 000 chk 35014
07/07/2020 10:26:00  18.18 °C  60.39 %  881.2 hPa 1.048E-03 g/cm³ 000 chk 56362
07/07/2020 10:27:00  18.18 °C  60.39 %  881.2 hPa 1.048E-03 g/cm³ 000 chk 30350
07/07/2020 10:28:00  18.18 °C  60.34 %  881.2 hPa 1.048E-03 g/cm³ 000 chk 51161
07/07/2020 10:29:00  18.17 °C  60.29 %  881.2 hPa 1.048E-03 g/cm³ 000 chk 10009
07/07/2020 10:30:00  18.17 °C  60.35 %  881.2 hPa 1.048E-03 g/cm³ 000 chk 16149
07/07/2020 10:31:00  18.17 °C  60.37 %  881.1 hPa 1.048E-03 g/cm³ 000 chk 17487
07/07/2020 10:32:00  18.17 °C  60.41 %  881.1 hPa 1.048E-03 g/cm³ 000 chk 54626
07/07/2020 10:33:00  18.18 °C  60.26 %  881.1 hPa 1.048E-03 g/cm³ 000 chk 34659
07/07/2020 10:34:00  18.19 °C  60.33 %  881.1 hPa 1.048E-03 g/cm³ 000 chk 56054
07/07/2020 10:35:00  18.19 °C  60.31 %  881.1 hPa 1.048E-03 g/cm³ 000 chk 59987
07/07/2020 10:36:00  18.20 °C  60.10 %  881.1 hPa 1.048E-03 g/cm³ 000 chk 54938
07/07/2020 10:37:00  18.21 °C  59.99 %  881.0 hPa 1.048E-03 g/cm³ 000 chk 39555
07/07/2020 10:38:00  18.21 °C  59.87 %  881.0 hPa 1.048E-03 g/cm³ 000 chk 40184
07/07/2020 10:39:00  18.21 °C  59.86 %  881.0 hPa 1.048E-03 g/cm³ 000 chk 56157
07/07/2020 10:40:00  18.22 °C  59.79 %  881.0 hPa 1.048E-03 g/cm³ 000 chk 56938
07/07/2020 10:41:00  18.22 °C  59.85 %  881.0 hPa 1.048E-03 g/cm³ 000 chk 59750
07/07/2020 10:42:00  18.22 °C  59.84 %  881.0 hPa 1.048E-03 g/cm³ 000 chk 48008
07/07/2020 10:43:00  18.23 °C  59.89 %  881.0 hPa 1.048E-03 g/cm³ 000 chk 61934
07/07/2020 10:44:00  18.24 °C  60.02 %  881.0 hPa 1.048E-03 g/cm³ 000 chk 17914
07/07/2020 10:45:00  18.25 °C  60.00 %  881.0 hPa 1.048E-03 g/cm³ 000 chk 58527
07/07/2020 10:46:00  18.26 °C  60.14 %  881.0 hPa 1.048E-03 g/cm³ 000 chk  7454
07/07/2020 10:47:00  18.26 °C  60.04 %  880.9 hPa 1.047E-03 g/cm³ 000 chk 17113
07/07/2020 10:48:00  18.27 °C  60.04 %  881.0 hPa 1.048E-03 g/cm³ 000 chk  9731
07/07/2020 10:49:00  18.28 °C  60.12 %  881.0 hPa 1.047E-03 g/cm³ 000 chk 23950
07/07/2020 10:50:00  18.29 °C  60.15 %  881.0 hPa 1.047E-03 g/cm³ 000 chk 35692
07/07/2020 10:51:00  18.29 °C  60.25 %  881.0 hPa 1.047E-03 g/cm³ 000 chk  8639
07/07/2020 10:52:00  18.31 °C  60.16 %  881.0 hPa 1.047E-03 g/cm³ 000 chk 30649
07/07/2020 10:53:00  18.33 °C  60.16 %  881.0 hPa 1.047E-03 g/cm³ 000 chk 48798
07/07/2020 10:54:00  18.35 °C  60.26 %  880.9 hPa 1.047E-03 g/cm³ 000 chk 48661
07/07/2020 10:55:00  18.36 °C  60.21 %  880.9 hPa 1.047E-03 g/cm³ 000 chk 58867
07/07/2020 10:56:00  18.38 °C  60.17 %  880.9 hPa 1.047E-03 g/cm³ 000 chk 57057
07/07/2020 10:57:00  18.40 °C  60.18 %  880.9 hPa 1.047E-03 g/cm³ 000 chk 41661
07/07/2020 10:58:00  18.41 °C  60.17 %  880.9 hPa 1.047E-03 g/cm³ 000 chk  6187
07/07/2020 10:59:00  18.43 °C  60.18 %  880.9 hPa 1.047E-03 g/cm³ 000 chk 14863
07/07/2020 11:00:00  18.44 °C  60.29 %  880.9 hPa 1.047E-03 g/cm³ 000 chk 35722
07/07/2020 11:01:00  18.46 °C  60.30 %  880.8 hPa 1.046E-03 g/cm³ 000 chk 32279
07/07/2020 11:02:00  18.47 °C  60.24 %  880.8 hPa 1.046E-03 g/cm³ 000 chk 58389
07/07/2020 11:03:00  18.48 °C  60.27 %  880.8 hPa 1.046E-03 g/cm³ 000 chk 49915
07/07/2020 11:04:00  18.49 °C  60.38 %  880.8 hPa 1.046E-03 g/cm³ 000 chk 60781
07/07/2020 11:05:00  18.50 °C  60.47 %  880.8 hPa 1.046E-03 g/cm³ 000 chk 25430
07/07/2020 11:06:00  18.51 °C  60.45 %  880.8 hPa 1.046E-03 g/cm³ 000 chk 55160
07/07/2020 11:07:00  18.51 °C  60.55 %  880.8 hPa 1.046E-03 g/cm³ 000 chk 48624
07/07/2020 11:08:00  18.52 °C  60.58 %  880.8 hPa 1.046E-03 g/cm³ 000 chk 65252
07/07/2020 11:09:00  18.53 °C  60.64 %  880.8 hPa 1.046E-03 g/cm³ 000 chk 23028
07/07/2020 11:10:00  18.53 °C  60.68 %  880.8 hPa 1.046E-03 g/cm³ 000 chk 33236
07/07/2020 11:11:00  18.53 °C  60.65 %  880.7 hPa 1.046E-03 g/cm³ 000 chk 32370
07/07/2020 11:12:00  18.54 °C  60.68 %  880.7 hPa 1.046E-03 g/cm³ 000 chk 34266
07/07/2020 11:13:00  18.54 °C  60.65 %  880.7 hPa 1.046E-03 g/cm³ 000 chk 24188
07/07/2020 11:14:00  18.54 °C  60.60 %  880.8 hPa 1.046E-03 g/cm³ 000 chk 30213
07/07/2020 11:15:00  18.54 °C  60.54 %  880.7 hPa 1.046E-03 g/cm³ 000 chk 36055
07/07/2020 11:16:00  18.55 °C  60.48 %  880.7 hPa 1.046E-03 g/cm³ 000 chk 65239
07/07/2020 11:17:00  18.55 °C  60.50 %  880.7 hPa 1.046E-03 g/cm³ 000 chk 31837
07/07/2020 11:18:00  18.55 °C  60.42 %  880.7 hPa 1.046E-03 g/cm³ 000 chk 58917
07/07/2020 11:19:00  18.55 °C  60.44 %  880.7 hPa 1.046E-03 g/cm³ 000 chk 41601
07/07/2020 11:20:00  18.55 °C  60.46 %  880.8 hPa 1.046E-03 g/cm³ 000 chk 28662
07/07/2020 11:21:00  18.55 °C  60.43 %  880.8 hPa 1.046E-03 g/cm³ 000 chk 23634
07/07/2020 11:22:00  18.55 °C  60.37 %  880.9 hPa 1.046E-03 g/cm³ 000 chk 44586
07/07/2020 11:23:00  18.55 °C  60.40 %  880.8 hPa 1.046E-03 g/cm³ 000 chk 15897
07/07/2020 11:24:00  18.55 °C  60.34 %  880.7 hPa 1.046E-03 g/cm³ 000 chk 15267
07/07/2020 11:25:00  18.54 °C  60.28 %  880.8 hPa 1.046E-03 g/cm³ 000 chk 30952
07/07/2020 11:26:00  18.54 °C  60.32 %  880.8 hPa 1.046E-03 g/cm³ 000 chk 29992
07/07/2020 11:27:00  18.54 °C  60.32 %  880.7 hPa 1.046E-03 g/cm³ 000 chk 64396
07/07/2020 11:28:00  18.54 °C  60.26 %  880.6 hPa 1.046E-03 g/cm³ 000 chk 30368
07/07/2020 11:29:00  18.54 °C  60.28 %  880.6 hPa 1.046E-03 g/cm³ 000 chk 55814
07/07/2020 11:30:00  18.54 °C  60.30 %  880.7 hPa 1.046E-03 g/cm³ 000 chk 20319
07/07/2020 11:31:00  18.53 °C  60.33 %  880.6 hPa 1.046E-03 g/cm³ 000 chk 24298
07/07/2020 11:32:00  18.53 °C  60.38 %  880.6 hPa 1.046E-03 g/cm³ 000 chk 32263
07/07/2020 11:33:00  18.53 °C  60.36 %  880.7 hPa 1.046E-03 g/cm³ 000 chk 11253
07/07/2020 11:34:00  18.53 °C  60.32 %  880.6 hPa 1.046E-03 g/cm³ 000 chk 13273
07/07/2020 11:35:00  18.53 °C  60.32 %  880.7 hPa 1.046E-03 g/cm³ 000 chk 24617
07/07/2020 11:36:00  18.52 °C  60.27 %  880.7 hPa 1.046E-03 g/cm³ 000 chk  5930
07/07/2020 11:37:00  18.52 °C  60.33 %  880.6 hPa 1.046E-03 g/cm³ 000 chk 61687
07/07/2020 11:38:00  18.52 °C  60.44 %  880.7 hPa 1.046E-03 g/cm³ 000 chk  2613
07/07/2020 11:39:00  18.52 °C  60.48 %  880.7 hPa 1.046E-03 g/cm³ 000 chk 15506
07/07/2020 11:40:00  18.51 °C  60.46 %  880.8 hPa 1.046E-03 g/cm³ 000 chk 61711
07/07/2020 11:41:00  18.51 °C  60.68 %  880.7 hPa 1.046E-03 g/cm³ 000 chk 47602
07/07/2020 11:42:00  18.51 °C  60.76 %  880.6 hPa 1.046E-03 g/cm³ 000 chk 14695
07/07/2020 11:43:00  18.51 °C  60.97 %  880.7 hPa 1.046E-03 g/cm³ 000 chk 17937
07/07/2020 11:44:00  18.51 °C  61.07 %  880.6 hPa 1.046E-03 g/cm³ 000 chk 47973
07/07/2020 11:45:00  18.51 °C  61.08 %  880.6 hPa 1.046E-03 g/cm³ 000 chk 64194
07/07/2020 11:46:00  18.51 °C  61.07 %  880.6 hPa 1.046E-03 g/cm³ 000 chk 44590
07/07/2020 11:47:00  18.51 °C  61.01 %  880.5 hPa 1.046E-03 g/cm³ 000 chk 41333
07/07/2020 11:48:00  18.51 °C  61.05 %  880.5 hPa 1.046E-03 g/cm³ 000 chk  5409
07/07/2020 11:49:00  18.51 °C  61.03 %  880.5 hPa 1.046E-03 g/cm³ 000 chk 20869
07/07/2020 11:50:00  18.51 °C  61.07 %  880.5 hPa 1.046E-03 g/cm³ 000 chk 24999
07/07/2020 11:51:00  18.51 °C  61.20 %  880.5 hPa 1.046E-03 g/cm³ 000 chk  2137
07/07/2020 11:52:00  18.51 °C  61.26 %  880.5 hPa 1.046E-03 g/cm³ 000 chk 22966
07/07/2020 11:53:00  18.51 °C  61.39 %  880.5 hPa 1.046E-03 g/cm³ 000 chk 55357
07/07/2020 11:54:00  18.51 °C  61.35 %  880.5 hPa 1.046E-03 g/cm³ 000 chk 53575
07/07/2020 11:55:00  18.51 °C  61.52 %  880.4 hPa 1.046E-03 g/cm³ 000 chk 33112
07/07/2020 11:56:00  18.51 °C  61.63 %  880.4 hPa 1.046E-03 g/cm³ 000 chk 54209
07/07/2020 11:57:00  18.51 °C  61.59 %  880.4 hPa 1.046E-03 g/cm³ 000 chk  2833
07/07/2020 11:58:00  18.51 °C  61.66 %  880.4 hPa 1.046E-03 g/cm³ 000 chk  8240
07/07/2020 11:59:00  18.51 °C  61.85 %  880.3 hPa 1.046E-03 g/cm³ 000 chk 21177
07/07/2020 12:00:00  18.51 °C  61.84 %  880.3 hPa 1.046E-03 g/cm³ 000 chk 20592
07/07/2020 12:01:00  18.51 °C  61.90 %  880.3 hPa 1.046E-03 g/cm³ 000 chk 20217
07/07/2020 12:02:00  18.52 °C  61.79 %  880.4 hPa 1.046E-03 g/cm³ 000 chk 43387
07/07/2020 12:03:00  18.52 °C  61.67 %  880.4 hPa 1.046E-03 g/cm³ 000 chk 50673
07/07/2020 12:04:00  18.52 °C  61.36 %  880.4 hPa 1.046E-03 g/cm³ 000 chk 48400
07/07/2020 12:05:00  18.52 °C  61.17 %  880.4 hPa 1.046E-03 g/cm³ 000 chk 15086
07/07/2020 12:06:00  18.51 °C  60.84 %  880.4 hPa 1.046E-03 g/cm³ 000 chk 37147
07/07/2020 12:07:00  18.51 °C  60.72 %  880.5 hPa 1.046E-03 g/cm³ 000 chk 11584
07/07/2020 12:08:00  18.51 °C  60.47 %  880.4 hPa 1.046E-03 g/cm³ 000 chk 36150
07/07/2020 12:09:00  18.51 °C  60.51 %  880.5 hPa 1.046E-03 g/cm³ 000 chk 61674
07/07/2020 12:10:00  18.51 °C  60.61 %  880.4 hPa 1.046E-03 g/cm³ 000 chk 19946
07/07/2020 12:11:00  18.51 °C  60.56 %  880.5 hPa 1.046E-03 g/cm³ 000 chk  7532
07/07/2020 12:12:00  18.51 °C  60.66 %  880.5 hPa 1.046E-03 g/cm³ 000 chk 41716
07/07/2020 12:13:00  18.51 °C  60.72 %  880.4 hPa 1.046E-03 g/cm³ 000 chk 17705
07/07/2020 12:14:00  18.50 °C  60.89 %  880.4 hPa 1.046E-03 g/cm³ 000 chk 57145
07/07/2020 12:15:00  18.50 °C  61.07 %  880.4 hPa 1.046E-03 g/cm³ 000 chk  8938
07/07/2020 12:16:00  18.50 °C  61.22 %  880.4 hPa 1.046E-03 g/cm³ 000 chk 50270
07/07/2020 12:17:00  18.50 °C  61.39 %  880.4 hPa 1.046E-03 g/cm³ 000 chk 12756
07/07/2020 12:18:00  18.50 °C  61.47 %  880.4 hPa 1.046E-03 g/cm³ 000 chk 14145
07/07/2020 12:19:00  18.50 °C  61.79 %  880.5 hPa 1.046E-03 g/cm³ 000 chk 25284
07/07/2020 12:20:00  18.50 °C  61.83 %  880.4 hPa 1.046E-03 g/cm³ 000 chk 39758
07/07/2020 12:21:00  18.49 °C  61.82 %  880.3 hPa 1.046E-03 g/cm³ 000 chk 48415
07/07/2020 12:22:00  18.49 °C  61.91 %  880.3 hPa 1.046E-03 g/cm³ 000 chk 46556
07/07/2020 12:23:00  18.49 °C  61.93 %  880.4 hPa 1.046E-03 g/cm³ 000 chk 60371
07/07/2020 12:24:00  18.49 °C  62.02 %  880.5 hPa 1.046E-03 g/cm³ 000 chk 39837
07/07/2020 12:25:00  18.49 °C  62.01 %  880.5 hPa 1.046E-03 g/cm³ 000 chk 17977
07/07/2020 12:26:00  18.49 °C  61.96 %  880.5 hPa 1.046E-03 g/cm³ 000 chk  2997
07/07/2020 12:27:00  18.49 °C  62.03 %  880.5 hPa 1.046E-03 g/cm³ 000 chk 51571
07/07/2020 12:28:00  18.49 °C  62.05 %  880.4 hPa 1.046E-03 g/cm³ 000 chk  7794
07/07/2020 12:29:00  18.49 °C  62.09 %  880.4 hPa 1.046E-03 g/cm³ 000 chk 10453
07/07/2020 12:30:00  18.49 °C  62.06 %  880.3 hPa 1.046E-03 g/cm³ 000 chk 59743
07/07/2020 12:31:00  18.49 °C  62.19 %  880.3 hPa 1.046E-03 g/cm³ 000 chk 26836
07/07/2020 12:32:00  18.49 °C  62.26 %  880.3 hPa 1.046E-03 g/cm³ 000 chk 15439
07/07/2020 12:33:00  18.49 °C  62.10 %  880.4 hPa 1.046E-03 g/cm³ 000 chk  5686
07/07/2020 12:34:00  18.50 °C  62.21 %  880.4 hPa 1.046E-03 g/cm³ 000 chk 24935
07/07/2020 12:35:00  18.50 °C  62.32 %  880.4 hPa 1.046E-03 g/cm³ 000 chk 31983
07/07/2020 12:36:00  18.50 °C  62.32 %  880.4 hPa 1.046E-03 g/cm³ 000 chk 49920
07/07/2020 12:37:00  18.50 °C  62.24 %  880.4 hPa 1.046E-03 g/cm³ 000 chk 18312
07/07/2020 12:38:00  18.50 °C  62.23 %  880.5 hPa 1.046E-03 g/cm³ 000 chk 32136
07/07/2020 12:39:00  18.50 °C  62.24 %  880.5 hPa 1.046E-03 g/cm³ 000 chk 54317
07/07/2020 12:40:00  18.50 °C  62.30 %  880.5 hPa 1.046E-03 g/cm³ 000 chk 32220
07/07/2020 12:41:00  18.50 °C  62.32 %  880.5 hPa 1.046E-03 g/cm³ 000 chk 19833
07/07/2020 12:42:00  18.50 °C  62.38 %  880.4 hPa 1.046E-03 g/cm³ 000 chk 31169
07/07/2020 12:43:00  18.50 °C  62.41 %  880.4 hPa 1.046E-03 g/cm³ 000 chk  5796
07/07/2020 12:44:00  18.50 °C  62.36 %  880.3 hPa 1.046E-03 g/cm³ 000 chk 11956
07/07/2020 12:45:00  18.50 °C  62.30 %  880.3 hPa 1.046E-03 g/cm³ 000 chk 27152
07/07/2020 12:46:00  18.49 °C  62.30 %  880.3 hPa 1.046E-03 g/cm³ 000 chk 55969
07/07/2020 12:47:00  18.49 °C  62.17 %  880.2 hPa 1.045E-03 g/cm³ 000 chk 19272
07/07/2020 12:48:00  18.49 °C  62.27 %  880.2 hPa 1.045E-03 g/cm³ 000 chk 35690
07/07/2020 12:49:00  18.49 °C  62.28 %  880.3 hPa 1.046E-03 g/cm³ 000 chk 13018
07/07/2020 12:50:00  18.49 °C  62.22 %  880.3 hPa 1.046E-03 g/cm³ 000 chk  1274
07/07/2020 12:51:00  18.49 °C  62.30 %  880.3 hPa 1.046E-03 g/cm³ 000 chk 62579
07/07/2020 12:52:00  18.49 °C  62.32 %  880.4 hPa 1.046E-03 g/cm³ 000 chk 48951
07/07/2020 12:53:00  18.49 °C  62.35 %  880.4 hPa 1.046E-03 g/cm³ 000 chk  5778
07/07/2020 12:54:00  18.49 °C  62.39 %  880.4 hPa 1.046E-03 g/cm³ 000 chk  8168
07/07/2020 12:55:00  18.49 °C  62.42 %  880.4 hPa 1.046E-03 g/cm³ 000 chk 60044
07/07/2020 12:56:00  18.49 °C  62.24 %  880.3 hPa 1.046E-03 g/cm³ 000 chk 54567
07/07/2020 12:57:00  18.49 °C  61.85 %  880.2 hPa 1.045E-03 g/cm³ 000 chk 39808
07/07/2020 12:58:00  18.49 °C  61.65 %  880.2 hPa 1.045E-03 g/cm³ 000 chk 39506
07/07/2020 12:59:00  18.49 °C  61.13 %  880.2 hPa 1.046E-03 g/cm³ 000 chk  8055
07/07/2020 13:00:00  18.49 °C  60.83 %  880.2 hPa 1.046E-03 g/cm³ 000 chk 59288
07/07/2020 13:01:00  18.49 °C  60.92 %  880.2 hPa 1.046E-03 g/cm³ 000 chk 24593
07/07/2020 13:02:00  18.49 °C  60.86 %  880.1 hPa 1.045E-03 g/cm³ 000 chk  8559
07/07/2020 13:03:00  18.48 °C  60.62 %  880.1 hPa 1.045E-03 g/cm³ 000 chk 44941
07/07/2020 13:04:00  18.48 °C  60.72 %  880.1 hPa 1.045E-03 g/cm³ 000 chk 64216
07/07/2020 13:05:00  18.47 °C  60.61 %  880.1 hPa 1.046E-03 g/cm³ 000 chk  7513
07/07/2020 13:06:00  18.47 °C  60.72 %  880.0 hPa 1.045E-03 g/cm³ 000 chk 60813
07/07/2020 13:07:00  18.47 °C  60.68 %  880.0 hPa 1.045E-03 g/cm³ 000 chk 62726
07/07/2020 13:08:00  18.47 °C  60.57 %  879.9 hPa 1.045E-03 g/cm³ 000 chk 47299
07/07/2020 13:09:00  18.46 °C  60.69 %  879.9 hPa 1.045E-03 g/cm³ 000 chk 34258
07/07/2020 13:10:00  18.46 °C  60.83 %  880.0 hPa 1.045E-03 g/cm³ 000 chk  5265
07/07/2020 13:11:00  18.46 °C  60.94 %  879.9 hPa 1.045E-03 g/cm³ 000 chk  7164
07/07/2020 13:12:00  18.46 °C  60.94 %  880.0 hPa 1.045E-03 g/cm³ 000 chk 49911
07/07/2020 13:13:00  18.46 °C  61.05 %  880.0 hPa 1.045E-03 g/cm³ 000 chk  5131
07/07/2020 13:14:00  18.45 °C  61.12 %  879.9 hPa 1.045E-03 g/cm³ 000 chk 55032
07/07/2020 13:15:00  18.45 °C  61.20 %  879.8 hPa 1.045E-03 g/cm³ 000 chk  8062
07/07/2020 13:16:00  18.45 °C  61.25 %  879.8 hPa 1.045E-03 g/cm³ 000 chk 14737
07/07/2020 13:17:00  18.45 °C  61.30 %  879.8 hPa 1.045E-03 g/cm³ 000 chk 51737
07/07/2020 13:18:00  18.45 °C  61.32 %  879.8 hPa 1.045E-03 g/cm³ 000 chk 36941
07/07/2020 13:19:00  18.45 °C  61.40 %  879.8 hPa 1.045E-03 g/cm³ 000 chk 24618
07/07/2020 13:20:00  18.45 °C  61.46 %  879.7 hPa 1.045E-03 g/cm³ 000 chk 55644
07/07/2020 13:21:00  18.45 °C  61.53 %  879.7 hPa 1.045E-03 g/cm³ 000 chk 10964
07/07/2020 13:22:00  18.45 °C  61.62 %  879.6 hPa 1.045E-03 g/cm³ 000 chk 33049
07/07/2020 13:23:00  18.45 °C  61.57 %  879.7 hPa 1.045E-03 g/cm³ 000 chk 19358
07/07/2020 13:24:00  18.45 °C  61.62 %  879.6 hPa 1.045E-03 g/cm³ 000 chk 48836
07/07/2020 13:25:00  18.45 °C  61.72 %  879.6 hPa 1.045E-03 g/cm³ 000 chk 54348
07/07/2020 13:26:00  18.45 °C  61.74 %  879.6 hPa 1.045E-03 g/cm³ 000 chk 34211
07/07/2020 13:27:00  18.45 °C  61.78 %  879.6 hPa 1.045E-03 g/cm³ 000 chk 45828
07/07/2020 13:28:00  18.45 °C  61.80 %  879.6 hPa 1.045E-03 g/cm³ 000 chk 39672
07/07/2020 13:29:00  18.45 °C  61.81 %  879.6 hPa 1.045E-03 g/cm³ 000 chk 56669
07/07/2020 13:30:00  18.45 °C  61.80 %  879.6 hPa 1.045E-03 g/cm³ 000 chk 29823
07/07/2020 13:31:00  18.45 °C  61.88 %  879.6 hPa 1.045E-03 g/cm³ 000 chk 14041
07/07/2020 13:32:00  18.44 °C  61.98 %  879.6 hPa 1.045E-03 g/cm³ 000 chk 55514
07/07/2020 13:33:00  18.44 °C  61.99 %  879.5 hPa 1.045E-03 g/cm³ 000 chk 54400
07/07/2020 13:34:00  18.44 °C  61.99 %  879.5 hPa 1.045E-03 g/cm³ 000 chk 16889
07/07/2020 13:35:00  18.44 °C  62.01 %  879.5 hPa 1.045E-03 g/cm³ 000 chk 62013
07/07/2020 13:36:00  18.44 °C  62.18 %  879.4 hPa 1.045E-03 g/cm³ 000 chk 29097
07/07/2020 13:37:00  18.44 °C  62.19 %  879.4 hPa 1.045E-03 g/cm³ 000 chk 13836
07/07/2020 13:38:00  18.44 °C  62.13 %  879.4 hPa 1.045E-03 g/cm³ 000 chk 33882
07/07/2020 13:39:00  18.44 °C  62.18 %  879.4 hPa 1.045E-03 g/cm³ 000 chk 45564
07/07/2020 13:40:00  18.44 °C  62.28 %  879.4 hPa 1.045E-03 g/cm³ 000 chk 44119
07/07/2020 13:41:00  18.44 °C  62.38 %  879.4 hPa 1.045E-03 g/cm³ 000 chk 50911
07/07/2020 13:42:00  18.44 °C  62.34 %  879.4 hPa 1.045E-03 g/cm³ 000 chk 58675
07/07/2020 13:43:00  18.44 °C  62.43 %  879.4 hPa 1.045E-03 g/cm³ 000 chk 35924
07/07/2020 13:44:00  18.44 °C  62.53 %  879.4 hPa 1.045E-03 g/cm³ 000 chk 55553
07/07/2020 13:45:00  18.44 °C  62.55 %  879.3 hPa 1.045E-03 g/cm³ 000 chk 62223
07/07/2020 13:46:00  18.44 °C  62.63 %  879.3 hPa 1.045E-03 g/cm³ 000 chk 41623
07/07/2020 13:47:00  18.44 °C  62.84 %  879.2 hPa 1.045E-03 g/cm³ 000 chk 13281
07/07/2020 13:48:00  18.44 °C  62.94 %  879.3 hPa 1.045E-03 g/cm³ 000 chk 51916
07/07/2020 13:49:00  18.44 °C  62.94 %  879.4 hPa 1.045E-03 g/cm³ 000 chk  3778
07/07/2020 13:50:00  18.45 °C  63.00 %  879.3 hPa 1.044E-03 g/cm³ 000 chk 20498
07/07/2020 13:51:00  18.45 °C  63.09 %  879.3 hPa 1.044E-03 g/cm³ 000 chk 65461
07/07/2020 13:52:00  18.45 °C  63.25 %  879.3 hPa 1.044E-03 g/cm³ 000 chk  7170
07/07/2020 13:53:00  18.45 °C  63.43 %  879.2 hPa 1.044E-03 g/cm³ 000 chk 41244
07/07/2020 13:54:00  18.45 °C  63.53 %  879.3 hPa 1.044E-03 g/cm³ 000 chk  3357
07/07/2020 13:55:00  18.45 °C  63.65 %  879.3 hPa 1.044E-03 g/cm³ 000 chk 18894
07/07/2020 13:56:00  18.45 °C  63.71 %  879.3 hPa 1.044E-03 g/cm³ 000 chk 16908
07/07/2020 13:57:00  18.45 °C  63.83 %  879.3 hPa 1.044E-03 g/cm³ 000 chk 29442
07/07/2020 13:58:00  18.46 °C  63.76 %  879.3 hPa 1.044E-03 g/cm³ 000 chk 55743
07/07/2020 13:59:00  18.46 °C  63.58 %  879.3 hPa 1.044E-03 g/cm³ 000 chk 46402
07/07/2020 14:00:00  18.46 °C  63.31 %  879.3 hPa 1.044E-03 g/cm³ 000 chk  5016
07/07/2020 14:01:00  18.46 °C  63.03 %  879.3 hPa 1.044E-03 g/cm³ 000 chk  9034
07/07/2020 14:02:00  18.46 °C  62.71 %  879.3 hPa 1.044E-03 g/cm³ 000 chk 22138
07/07/2020 14:03:00  18.46 °C  62.65 %  879.3 hPa 1.044E-03 g/cm³ 000 chk 18675
07/07/2020 14:04:00  18.46 °C  62.59 %  879.3 hPa 1.044E-03 g/cm³ 000 chk 16894
07/07/2020 14:05:00  18.46 °C  62.57 %  879.3 hPa 1.044E-03 g/cm³ 000 chk 60760
07/07/2020 14:06:00  18.46 °C  62.64 %  879.2 hPa 1.044E-03 g/cm³ 000 chk 56468
07/07/2020 14:07:00  18.46 °C  62.70 %  879.2 hPa 1.044E-03 g/cm³ 000 chk 49693
07/07/2020 14:08:00  18.46 °C  62.88 %  879.2 hPa 1.044E-03 g/cm³ 000 chk 60385
07/07/2020 14:09:00  18.45 °C  62.94 %  879.3 hPa 1.044E-03 g/cm³ 000 chk  5757
07/07/2020 14:10:00  18.45 °C  63.08 %  879.2 hPa 1.044E-03 g/cm³ 000 chk 42576
07/07/2020 14:11:00  18.45 °C  63.15 %  879.2 hPa 1.044E-03 g/cm³ 000 chk 48602
07/07/2020 14:12:00  18.45 °C  63.37 %  879.2 hPa 1.044E-03 g/cm³ 000 chk 22639
07/07/2020 14:13:00  18.45 °C  63.39 %  879.2 hPa 1.044E-03 g/cm³ 000 chk 62665
07/07/2020 14:14:00  18.45 °C  63.53 %  879.1 hPa 1.044E-03 g/cm³ 000 chk 22690
07/07/2020 14:15:00  18.46 °C  63.63 %  879.1 hPa 1.044E-03 g/cm³ 000 chk    50
07/07/2020 14:16:00  18.46 °C  63.72 %  879.1 hPa 1.044E-03 g/cm³ 000 chk 37616
07/07/2020 14:17:00  18.46 °C  63.70 %  879.1 hPa 1.044E-03 g/cm³ 000 chk 41557
07/07/2020 14:18:00  18.46 °C  63.87 %  879.1 hPa 1.044E-03 g/cm³ 000 chk 24746
07/07/2020 14:19:00  18.46 °C  63.81 %  879.1 hPa 1.044E-03 g/cm³ 000 chk  9230
07/07/2020 14:20:00  18.46 °C  64.01 %  879.0 hPa 1.044E-03 g/cm³ 000 chk 24340
07/07/2020 14:21:00  18.46 °C  63.87 %  879.0 hPa 1.044E-03 g/cm³ 000 chk 60040
07/07/2020 14:22:00  18.46 °C  64.04 %  879.0 hPa 1.044E-03 g/cm³ 000 chk 54111
07/07/2020 14:23:00  18.46 °C  64.01 %  879.0 hPa 1.044E-03 g/cm³ 000 chk 57595
07/07/2020 14:24:00  18.46 °C  64.13 %  879.0 hPa 1.044E-03 g/cm³ 000 chk 12207
07/07/2020 14:25:00  18.46 °C  64.10 %  879.0 hPa 1.044E-03 g/cm³ 000 chk 61963
07/07/2020 14:26:00  18.47 °C  64.12 %  879.0 hPa 1.044E-03 g/cm³ 000 chk 17957
07/07/2020 14:27:00  18.47 °C  64.11 %  879.1 hPa 1.044E-03 g/cm³ 000 chk 25301
07/07/2020 14:28:00  18.47 °C  64.25 %  879.0 hPa 1.044E-03 g/cm³ 000 chk 12194
07/07/2020 14:29:00  18.47 °C  64.15 %  878.9 hPa 1.044E-03 g/cm³ 000 chk 46193
07/07/2020 14:30:00  18.47 °C  64.32 %  879.0 hPa 1.044E-03 g/cm³ 000 chk   520
07/07/2020 14:31:00  18.47 °C  64.34 %  878.9 hPa 1.044E-03 g/cm³ 000 chk 30636
07/07/2020 14:32:00  18.47 °C  64.36 %  878.9 hPa 1.044E-03 g/cm³ 000 chk 21058
07/07/2020 14:33:00  18.47 °C  64.44 %  878.9 hPa 1.044E-03 g/cm³ 000 chk 41509
07/07/2020 14:34:00  18.47 °C  64.40 %  878.8 hPa 1.044E-03 g/cm³ 000 chk 47625
07/07/2020 14:35:00  18.47 °C  64.22 %  878.9 hPa 1.044E-03 g/cm³ 000 chk 29462
07/07/2020 14:36:00  18.47 °C  63.87 %  878.9 hPa 1.044E-03 g/cm³ 000 chk 25754
07/07/2020 14:37:00  18.47 °C  63.54 %  878.9 hPa 1.044E-03 g/cm³ 000 chk 30926
07/07/2020 14:38:00  18.47 °C  63.21 %  878.8 hPa 1.044E-03 g/cm³ 000 chk  6157
07/07/2020 14:39:00  18.47 °C  62.85 %  878.8 hPa 1.044E-03 g/cm³ 000 chk 22406
07/07/2020 14:40:00  18.47 °C  62.65 %  878.8 hPa 1.044E-03 g/cm³ 000 chk 35805
07/07/2020 14:41:00  18.47 °C  62.49 %  878.8 hPa 1.044E-03 g/cm³ 000 chk 32033
07/07/2020 14:42:00  18.47 °C  62.39 %  878.7 hPa 1.044E-03 g/cm³ 000 chk  9740
07/07/2020 14:43:00  18.46 °C  62.40 %  878.7 hPa 1.044E-03 g/cm³ 000 chk 55465
07/07/2020 14:44:00  18.46 °C  62.36 %  878.7 hPa 1.044E-03 g/cm³ 000 chk 25362
07/07/2020 14:45:00  18.46 °C  62.27 %  878.8 hPa 1.044E-03 g/cm³ 000 chk 49307
07/07/2020 14:46:00  18.46 °C  62.41 %  878.7 hPa 1.044E-03 g/cm³ 000 chk 46490
07/07/2020 14:47:00  18.46 °C  62.57 %  878.8 hPa 1.044E-03 g/cm³ 000 chk  5394
07/07/2020 14:48:00  18.46 °C  62.73 %  878.7 hPa 1.044E-03 g/cm³ 000 chk 17693
07/07/2020 14:49:00  18.45 °C  62.87 %  878.8 hPa 1.044E-03 g/cm³ 000 chk 19536
07/07/2020 14:50:00  18.45 °C  63.02 %  878.7 hPa 1.044E-03 g/cm³ 000 chk 58374
07/07/2020 14:51:00  18.45 °C  63.08 %  878.8 hPa 1.044E-03 g/cm³ 000 chk  6305
07/07/2020 14:52:00  18.45 °C  63.20 %  878.8 hPa 1.044E-03 g/cm³ 000 chk 36631
07/07/2020 14:53:00  18.45 °C  63.47 %  878.8 hPa 1.044E-03 g/cm³ 000 chk  9820
07/07/2020 14:54:00  18.45 °C  63.55 %  878.8 hPa 1.044E-03 g/cm³ 000 chk 59656
07/07/2020 14:55:00  18.45 °C  63.30 %  878.9 hPa 1.044E-03 g/cm³ 000 chk  8982
07/07/2020 14:56:00  18.45 °C  63.14 %  878.9 hPa 1.044E-03 g/cm³ 000 chk 10403
07/07/2020 14:57:00  18.45 °C  62.87 %  878.8 hPa 1.044E-03 g/cm³ 000 chk 40202
07/07/2020 14:58:00  18.45 °C  62.71 %  878.8 hPa 1.044E-03 g/cm³ 000 chk 45812
07/07/2020 14:59:00  18.45 °C  62.31 %  878.8 hPa 1.044E-03 g/cm³ 000 chk 55525
07/07/2020 15:00:00  18.45 °C  62.14 %  878.8 hPa 1.044E-03 g/cm³ 000 chk 59400
07/07/2020 15:01:00  18.45 °C  62.08 %  878.8 hPa 1.044E-03 g/cm³ 000 chk  7811
07/07/2020 15:02:00  18.45 °C  62.04 %  878.9 hPa 1.044E-03 g/cm³ 000 chk 50235
07/07/2020 15:03:00  18.45 °C  62.08 %  878.9 hPa 1.044E-03 g/cm³ 000 chk 62108
07/07/2020 15:04:00  18.44 °C  62.18 %  879.0 hPa 1.044E-03 g/cm³ 000 chk  1801
07/07/2020 15:05:00  18.44 °C  62.15 %  878.9 hPa 1.044E-03 g/cm³ 000 chk 60847
07/07/2020 15:06:00  18.44 °C  62.35 %  879.0 hPa 1.044E-03 g/cm³ 000 chk 41755
07/07/2020 15:07:00  18.44 °C  62.44 %  879.0 hPa 1.044E-03 g/cm³ 000 chk  9340
07/07/2020 15:08:00  18.44 °C  62.65 %  879.0 hPa 1.044E-03 g/cm³ 000 chk 51571
07/07/2020 15:09:00  18.44 °C  62.83 %  879.0 hPa 1.044E-03 g/cm³ 000 chk 19536
07/07/2020 15:10:00  18.44 °C  63.01 %  879.0 hPa 1.044E-03 g/cm³ 000 chk 49927
07/07/2020 15:11:00  18.44 °C  63.07 %  879.1 hPa 1.044E-03 g/cm³ 000 chk 32503
07/07/2020 15:12:00  18.44 °C  63.27 %  879.0 hPa 1.044E-03 g/cm³ 000 chk 63511
07/07/2020 15:13:00  18.45 °C  63.33 %  879.0 hPa 1.044E-03 g/cm³ 000 chk 30558
07/07/2020 15:14:00  18.45 °C  63.56 %  879.0 hPa 1.044E-03 g/cm³ 000 chk 31689
07/07/2020 15:15:00  18.45 °C  63.72 %  879.1 hPa 1.044E-03 g/cm³ 000 chk 40035
07/07/2020 15:16:00  18.45 °C  63.73 %  879.1 hPa 1.044E-03 g/cm³ 000 chk 52877
07/07/2020 15:17:00  18.45 °C  63.77 %  879.1 hPa 1.044E-03 g/cm³ 000 chk  4136
07/07/2020 15:18:00  18.45 °C  63.79 %  879.1 hPa 1.044E-03 g/cm³ 000 chk 54911
07/07/2020 15:19:00  18.45 °C  63.82 %  879.0 hPa 1.044E-03 g/cm³ 000 chk  6950
07/07/2020 15:20:00  18.45 °C  63.79 %  879.1 hPa 1.044E-03 g/cm³ 000 chk  4013
07/07/2020 15:21:00  18.46 °C  63.98 %  879.1 hPa 1.044E-03 g/cm³ 000 chk 31692
07/07/2020 15:22:00  18.46 °C  63.96 %  879.1 hPa 1.044E-03 g/cm³ 000 chk 49697
07/07/2020 15:23:00  18.46 °C  63.99 %  879.1 hPa 1.044E-03 g/cm³ 000 chk 33670
07/07/2020 15:24:00  18.46 °C  64.21 %  879.1 hPa 1.044E-03 g/cm³ 000 chk  4018
07/07/2020 15:25:00  18.46 °C  64.19 %  879.1 hPa 1.044E-03 g/cm³ 000 chk 19811
07/07/2020 15:26:00  18.46 °C  64.30 %  879.1 hPa 1.044E-03 g/cm³ 000 chk 14292
07/07/2020 15:27:00  18.47 °C  64.47 %  879.1 hPa 1.044E-03 g/cm³ 000 chk 53107
07/07/2020 15:28:00  18.47 °C  64.40 %  879.2 hPa 1.044E-03 g/cm³ 000 chk 18392
07/07/2020 15:29:00  18.47 °C  64.43 %  879.2 hPa 1.044E-03 g/cm³ 000 chk 39548
07/07/2020 15:30:00  18.47 °C  64.43 %  879.2 hPa 1.044E-03 g/cm³ 000 chk 56927
07/07/2020 15:31:00  18.47 °C  64.56 %  879.2 hPa 1.044E-03 g/cm³ 000 chk 11735
07/07/2020 15:32:00  18.47 °C  64.42 %  879.1 hPa 1.044E-03 g/cm³ 000 chk 28138
07/07/2020 15:33:00  18.48 °C  64.47 %  879.1 hPa 1.044E-03 g/cm³ 000 chk 42244
07/07/2020 15:34:00  18.48 °C  64.65 %  879.1 hPa 1.044E-03 g/cm³ 000 chk 27175
07/07/2020 15:35:00  18.48 °C  64.81 %  879.1 hPa 1.044E-03 g/cm³ 000 chk 29957
07/07/2020 15:36:00  18.48 °C  64.76 %  879.1 hPa 1.044E-03 g/cm³ 000 chk 51264
07/07/2020 15:37:00  18.48 °C  64.81 %  879.1 hPa 1.044E-03 g/cm³ 000 chk 24654
07/07/2020 15:38:00  18.48 °C  64.70 %  879.1 hPa 1.044E-03 g/cm³ 000 chk 19633
07/07/2020 15:39:00  18.49 °C  64.67 %  879.1 hPa 1.044E-03 g/cm³ 000 chk 46328
07/07/2020 15:40:00  18.49 °C  64.83 %  879.1 hPa 1.044E-03 g/cm³ 000 chk  7330
07/07/2020 15:41:00  18.49 °C  64.73 %  879.1 hPa 1.044E-03 g/cm³ 000 chk 47021
07/07/2020 15:42:00  18.49 °C  64.80 %  879.1 hPa 1.044E-03 g/cm³ 000 chk 32489
07/07/2020 15:43:00  18.49 °C  64.70 %  879.1 hPa 1.044E-03 g/cm³ 000 chk 54758
07/07/2020 15:44:00  18.49 °C  64.75 %  879.1 hPa 1.044E-03 g/cm³ 000 chk 55711
07/07/2020 15:45:00  18.49 °C  64.83 %  879.1 hPa 1.044E-03 g/cm³ 000 chk 40080
07/07/2020 15:46:00  18.50 °C  64.78 %  879.1 hPa 1.044E-03 g/cm³ 000 chk 45704
07/07/2020 15:47:00  18.50 °C  64.65 %  879.1 hPa 1.044E-03 g/cm³ 000 chk 43266
07/07/2020 15:48:00  18.50 °C  64.62 %  879.1 hPa 1.044E-03 g/cm³ 000 chk 27222
07/07/2020 15:49:00  18.50 °C  64.46 %  879.1 hPa 1.044E-03 g/cm³ 000 chk 29864
07/07/2020 15:50:00  18.50 °C  64.40 %  879.1 hPa 1.044E-03 g/cm³ 000 chk 56971
07/07/2020 15:51:00  18.50 °C  64.29 %  879.0 hPa 1.044E-03 g/cm³ 000 chk 34966
07/07/2020 15:52:00  18.50 °C  64.30 %  879.0 hPa 1.044E-03 g/cm³ 000 chk 62038
07/07/2020 15:53:00  18.50 °C  64.21 %  879.1 hPa 1.044E-03 g/cm³ 000 chk 35979
07/07/2020 15:54:00  18.50 °C  64.27 %  879.1 hPa 1.044E-03 g/cm³ 000 chk 63474
07/07/2020 15:55:00  18.50 °C  64.18 %  879.1 hPa 1.044E-03 g/cm³ 000 chk 46626
07/07/2020 15:56:00  18.50 °C  64.16 %  879.1 hPa 1.044E-03 g/cm³ 000 chk  4047
07/07/2020 15:57:00  18.50 °C  64.19 %  879.1 hPa 1.044E-03 g/cm³ 000 chk 20072
07/07/2020 15:58:00  18.50 °C  64.24 %  879.1 hPa 1.044E-03 g/cm³ 000 chk 65352
07/07/2020 15:59:00  18.50 °C  64.20 %  879.1 hPa 1.044E-03 g/cm³ 000 chk  8685
07/07/2020 16:00:00  18.50 °C  64.19 %  879.1 hPa 1.044E-03 g/cm³ 000 chk 52049
07/07/2020 16:01:00  18.50 °C  64.16 %  879.0 hPa 1.044E-03 g/cm³ 000 chk 29602
07/07/2020 16:02:00  18.50 °C  64.22 %  879.0 hPa 1.044E-03 g/cm³ 000 chk 47163
07/07/2020 16:03:00  18.50 °C  64.30 %  879.0 hPa 1.044E-03 g/cm³ 000 chk 18610
07/07/2020 16:04:00  18.50 °C  64.32 %  879.0 hPa 1.044E-03 g/cm³ 000 chk 18378
07/07/2020 16:05:00  18.50 °C  64.38 %  879.0 hPa 1.044E-03 g/cm³ 000 chk 40813
07/07/2020 16:06:00  18.50 °C  64.48 %  879.1 hPa 1.044E-03 g/cm³ 000 chk  6420
07/07/2020 16:07:00  18.50 °C  64.44 %  879.1 hPa 1.044E-03 g/cm³ 000 chk 12211
07/07/2020 16:08:00  18.50 °C  64.42 %  879.1 hPa 1.044E-03 g/cm³ 000 chk   486
07/07/2020 16:09:00  18.51 °C  64.42 %  879.1 hPa 1.044E-03 g/cm³ 000 chk 14978
07/07/2020 16:10:00  18.51 °C  64.28 %  879.1 hPa 1.044E-03 g/cm³ 000 chk  3148
07/07/2020 16:11:00  18.51 °C  64.32 %  879.1 hPa 1.044E-03 g/cm³ 000 chk  5319
07/07/2020 16:12:00  18.51 °C  64.28 %  879.1 hPa 1.044E-03 g/cm³ 000 chk  6407
07/07/2020 16:13:00  18.51 °C  64.27 %  879.1 hPa 1.044E-03 g/cm³ 000 chk 22688
07/07/2020 16:14:00  18.51 °C  64.22 %  879.2 hPa 1.044E-03 g/cm³ 000 chk  7974
07/07/2020 16:15:00  18.51 °C  64.12 %  879.3 hPa 1.044E-03 g/cm³ 000 chk 19617
07/07/2020 16:16:00  18.51 °C  64.09 %  879.3 hPa 1.044E-03 g/cm³ 000 chk 44128
07/07/2020 16:17:00  18.51 °C  64.02 %  879.3 hPa 1.044E-03 g/cm³ 000 chk 39366
07/07/2020 16:18:00  18.51 °C  63.90 %  879.2 hPa 1.044E-03 g/cm³ 000 chk  3026
07/07/2020 16:19:00  18.51 °C  63.69 %  879.2 hPa 1.044E-03 g/cm³ 000 chk 42462
07/07/2020 16:20:00  18.51 °C  63.62 %  879.2 hPa 1.044E-03 g/cm³ 000 chk 18858
07/07/2020 16:21:00  18.51 °C  63.51 %  879.2 hPa 1.044E-03 g/cm³ 000 chk 38009
07/07/2020 16:22:00  18.51 °C  63.43 %  879.2 hPa 1.044E-03 g/cm³ 000 chk 29115
07/07/2020 16:23:00  18.50 °C  63.36 %  879.1 hPa 1.044E-03 g/cm³ 000 chk 22754
07/07/2020 16:24:00  18.50 °C  63.28 %  879.1 hPa 1.044E-03 g/cm³ 000 chk  2997
07/07/2020 16:25:00  18.50 °C  63.33 %  879.1 hPa 1.044E-03 g/cm³ 000 chk 65087
07/07/2020 16:26:00  18.50 °C  63.28 %  879.1 hPa 1.044E-03 g/cm³ 000 chk  7934
07/07/2020 16:27:00  18.50 °C  62.96 %  879.0 hPa 1.044E-03 g/cm³ 000 chk  6670
07/07/2020 16:28:00  18.50 °C  62.94 %  879.0 hPa 1.044E-03 g/cm³ 000 chk 16474
07/07/2020 16:29:00  18.49 °C  62.77 %  879.0 hPa 1.044E-03 g/cm³ 000 chk 21287
07/07/2020 16:30:00  18.49 °C  62.74 %  879.1 hPa 1.044E-03 g/cm³ 000 chk 39248
07/07/2020 16:31:00  18.49 °C  62.52 %  879.0 hPa 1.044E-03 g/cm³ 000 chk 58619
07/07/2020 16:32:00  18.49 °C  62.64 %  879.0 hPa 1.044E-03 g/cm³ 000 chk 46435
07/07/2020 16:33:00  18.49 °C  62.53 %  879.0 hPa 1.044E-03 g/cm³ 000 chk  7345
07/07/2020 16:34:00  18.49 °C  62.57 %  879.0 hPa 1.044E-03 g/cm³ 000 chk 64969
07/07/2020 16:35:00  18.48 °C  62.64 %  879.0 hPa 1.044E-03 g/cm³ 000 chk 45530
07/07/2020 16:36:00  18.48 °C  62.45 %  879.0 hPa 1.044E-03 g/cm³ 000 chk  9071
07/07/2020 16:37:00  18.48 °C  62.30 %  879.0 hPa 1.044E-03 g/cm³ 000 chk 53257
07/07/2020 16:38:00  18.48 °C  62.20 %  878.9 hPa 1.044E-03 g/cm³ 000 chk 57712
07/07/2020 16:39:00  18.48 °C  62.22 %  878.9 hPa 1.044E-03 g/cm³ 000 chk 53717
07/07/2020 16:40:00  18.48 °C  62.04 %  878.9 hPa 1.044E-03 g/cm³ 000 chk 57938
07/07/2020 16:41:00  18.47 °C  61.95 %  878.9 hPa 1.044E-03 g/cm³ 000 chk 45023
07/07/2020 16:42:00  18.47 °C  61.91 %  878.9 hPa 1.044E-03 g/cm³ 000 chk 25649
07/07/2020 16:43:00  18.47 °C  62.09 %  878.9 hPa 1.044E-03 g/cm³ 000 chk 55285
07/07/2020 16:44:00  18.47 °C  62.10 %  878.8 hPa 1.044E-03 g/cm³ 000 chk 32503
07/07/2020 16:45:00  18.47 °C  62.14 %  878.8 hPa 1.044E-03 g/cm³ 000 chk 41042
07/07/2020 16:46:00  18.47 °C  62.03 %  878.8 hPa 1.044E-03 g/cm³ 000 chk 56464
07/07/2020 16:47:00  18.46 °C  61.86 %  878.8 hPa 1.044E-03 g/cm³ 000 chk 20410
07/07/2020 16:48:00  18.46 °C  61.56 %  878.7 hPa 1.044E-03 g/cm³ 000 chk 27167
07/07/2020 16:49:00  18.46 °C  61.51 %  878.8 hPa 1.044E-03 g/cm³ 000 chk 59322
07/07/2020 16:50:00  18.46 °C  61.56 %  878.7 hPa 1.044E-03 g/cm³ 000 chk 33944
07/07/2020 16:51:00  18.46 °C  61.58 %  878.8 hPa 1.044E-03 g/cm³ 000 chk  3134
07/07/2020 16:52:00  18.46 °C  61.56 %  878.9 hPa 1.044E-03 g/cm³ 000 chk 19591
07/07/2020 16:53:00  18.46 °C  61.60 %  878.9 hPa 1.044E-03 g/cm³ 000 chk  2132
07/07/2020 16:54:00  18.45 °C  61.57 %  878.9 hPa 1.044E-03 g/cm³ 000 chk 27672
07/07/2020 16:55:00  18.45 °C  61.58 %  878.9 hPa 1.044E-03 g/cm³ 000 chk 11711
07/07/2020 16:56:00  18.45 °C  61.26 %  879.0 hPa 1.044E-03 g/cm³ 000 chk 26000
07/07/2020 16:57:00  18.45 °C  61.35 %  879.0 hPa 1.044E-03 g/cm³ 000 chk 30744
07/07/2020 16:58:00  18.45 °C  61.21 %  879.0 hPa 1.044E-03 g/cm³ 000 chk  3168
07/07/2020 16:59:00  18.45 °C  61.34 %  879.0 hPa 1.044E-03 g/cm³ 000 chk 65512
07/07/2020 17:00:00  18.45 °C  61.49 %  879.0 hPa 1.044E-03 g/cm³ 000 chk 10142
07/07/2020 17:01:00  18.45 °C  61.43 %  879.0 hPa 1.044E-03 g/cm³ 000 chk 65337
07/07/2020 17:02:00  18.45 °C  61.36 %  879.0 hPa 1.044E-03 g/cm³ 000 chk  6420
07/07/2020 17:03:00  18.44 °C  61.25 %  879.0 hPa 1.044E-03 g/cm³ 000 chk 38236
07/07/2020 17:04:00  18.44 °C  61.21 %  879.0 hPa 1.044E-03 g/cm³ 000 chk 29732
07/07/2020 17:05:00  18.44 °C  61.25 %  879.0 hPa 1.044E-03 g/cm³ 000 chk 43649
07/07/2020 17:06:00  18.44 °C  61.12 %  879.0 hPa 1.044E-03 g/cm³ 000 chk  5656
07/07/2020 17:07:00  18.44 °C  60.97 %  879.0 hPa 1.044E-03 g/cm³ 000 chk 29897
07/07/2020 17:08:00  18.44 °C  61.15 %  879.0 hPa 1.044E-03 g/cm³ 000 chk 32744
07/07/2020 17:09:00  18.44 °C  61.09 %  879.0 hPa 1.044E-03 g/cm³ 000 chk 35171
07/07/2020 17:10:00  18.44 °C  61.10 %  879.0 hPa 1.044E-03 g/cm³ 000 chk  2159
07/07/2020 17:11:00  18.44 °C  61.23 %  879.0 hPa 1.044E-03 g/cm³ 000 chk 54716
07/07/2020 17:12:00  18.43 °C  61.22 %  879.0 hPa 1.044E-03 g/cm³ 000 chk 45591
07/07/2020 17:13:00  18.43 °C  61.17 %  879.0 hPa 1.044E-03 g/cm³ 000 chk 33220
07/07/2020 17:14:00  18.43 °C  61.01 %  879.0 hPa 1.044E-03 g/cm³ 000 chk 14993
07/07/2020 17:15:00  18.43 °C  60.97 %  879.0 hPa 1.044E-03 g/cm³ 000 chk 61292
07/07/2020 17:16:00  18.43 °C  60.90 %  879.0 hPa 1.044E-03 g/cm³ 000 chk 21378
07/07/2020 17:17:00  18.43 °C  60.91 %  879.0 hPa 1.044E-03 g/cm³ 000 chk  5159
07/07/2020 17:18:00  18.43 °C  60.82 %  879.0 hPa 1.044E-03 g/cm³ 000 chk 25438
07/07/2020 17:19:00  18.43 °C  60.83 %  879.0 hPa 1.044E-03 g/cm³ 000 chk  9467
07/07/2020 17:20:00  18.43 °C  60.97 %  879.0 hPa 1.044E-03 g/cm³ 000 chk 58272
07/07/2020 17:21:00  18.43 °C  61.05 %  879.0 hPa 1.044E-03 g/cm³ 000 chk 16988
07/07/2020 17:22:00  18.43 °C  61.10 %  879.0 hPa 1.044E-03 g/cm³ 000 chk 42143
07/07/2020 17:23:00  18.43 °C  61.00 %  879.1 hPa 1.045E-03 g/cm³ 000 chk 14210
07/07/2020 17:24:00  18.43 °C  60.94 %  879.1 hPa 1.045E-03 g/cm³ 000 chk 18339
07/07/2020 17:25:00  18.42 °C  61.03 %  879.1 hPa 1.045E-03 g/cm³ 000 chk 61087
07/07/2020 17:26:00  18.42 °C  60.95 %  879.1 hPa 1.045E-03 g/cm³ 000 chk 11817
07/07/2020 17:27:00  18.42 °C  60.89 %  879.1 hPa 1.045E-03 g/cm³ 000 chk 55458
07/07/2020 17:28:00  18.42 °C  60.83 %  879.1 hPa 1.045E-03 g/cm³ 000 chk 27380
07/07/2020 17:29:00  18.42 °C  60.90 %  879.1 hPa 1.045E-03 g/cm³ 000 chk 30588
07/07/2020 17:30:00  18.42 °C  60.94 %  879.1 hPa 1.045E-03 g/cm³ 000 chk 18270
07/07/2020 17:31:00  18.42 °C  60.97 %  879.1 hPa 1.045E-03 g/cm³ 000 chk 39674
07/07/2020 17:32:00  18.42 °C  60.91 %  879.1 hPa 1.045E-03 g/cm³ 000 chk 51989
07/07/2020 17:33:00  18.42 °C  60.90 %  879.1 hPa 1.045E-03 g/cm³ 000 chk 36016
07/07/2020 17:34:00  18.42 °C  61.03 %  879.1 hPa 1.045E-03 g/cm³ 000 chk 65424
07/07/2020 17:35:00  18.42 °C  60.89 %  879.1 hPa 1.045E-03 g/cm³ 000 chk 30274
07/07/2020 17:36:00  18.42 °C  60.97 %  879.1 hPa 1.045E-03 g/cm³ 000 chk  3971
07/07/2020 17:37:00  18.42 °C  61.00 %  879.2 hPa 1.045E-03 g/cm³ 000 chk 31872
07/07/2020 17:38:00  18.42 °C  61.07 %  879.1 hPa 1.045E-03 g/cm³ 000 chk 62507
07/07/2020 17:39:00  18.42 °C  61.09 %  879.1 hPa 1.045E-03 g/cm³ 000 chk 22669
07/07/2020 17:40:00  18.42 °C  61.11 %  879.1 hPa 1.045E-03 g/cm³ 000 chk 28031
07/07/2020 17:41:00  18.42 °C  61.04 %  879.1 hPa 1.045E-03 g/cm³ 000 chk 40695
07/07/2020 17:42:00  18.42 °C  60.83 %  879.1 hPa 1.045E-03 g/cm³ 000 chk 29548
07/07/2020 17:43:00  18.42 °C  60.86 %  879.1 hPa 1.045E-03 g/cm³ 000 chk 16584
07/07/2020 17:44:00  18.42 °C  60.75 %  879.2 hPa 1.045E-03 g/cm³ 000 chk 59621
07/07/2020 17:45:00  18.42 °C  60.72 %  879.2 hPa 1.045E-03 g/cm³ 000 chk 16704
07/07/2020 17:46:00  18.41 °C  60.81 %  879.2 hPa 1.045E-03 g/cm³ 000 chk 31303
07/07/2020 17:47:00  18.41 °C  60.83 %  879.2 hPa 1.045E-03 g/cm³ 000 chk 19170
07/07/2020 17:48:00  18.41 °C  60.87 %  879.1 hPa 1.045E-03 g/cm³ 000 chk 46409
07/07/2020 17:49:00  18.41 °C  60.74 %  879.1 hPa 1.045E-03 g/cm³ 000 chk 26950
07/07/2020 17:50:00  18.41 °C  60.71 %  879.1 hPa 1.045E-03 g/cm³ 000 chk 46181
07/07/2020 17:51:00  18.41 °C  60.56 %  879.2 hPa 1.045E-03 g/cm³ 000 chk 38500
07/07/2020 17:52:00  18.41 °C  60.63 %  879.2 hPa 1.045E-03 g/cm³ 000 chk 45308
07/07/2020 17:53:00  18.41 °C  60.44 %  879.2 hPa 1.045E-03 g/cm³ 000 chk 55554
07/07/2020 17:54:00  18.41 °C  60.48 %  879.2 hPa 1.045E-03 g/cm³ 000 chk 53368
07/07/2020 17:55:00  18.41 °C  60.52 %  879.2 hPa 1.045E-03 g/cm³ 000 chk 51443
07/07/2020 17:56:00  18.41 °C  60.60 %  879.1 hPa 1.045E-03 g/cm³ 000 chk 42645
07/07/2020 17:57:00  18.41 °C  60.54 %  879.2 hPa 1.045E-03 g/cm³ 000 chk 13240
07/07/2020 17:58:00  18.41 °C  60.29 %  879.2 hPa 1.045E-03 g/cm³ 000 chk 16941
07/07/2020 17:59:00  18.40 °C  60.22 %  879.2 hPa 1.045E-03 g/cm³ 000 chk 58955
07/07/2020 18:00:00  18.40 °C  60.18 %  879.2 hPa 1.045E-03 g/cm³ 000 chk 44790
07/07/2020 18:01:00  18.40 °C  60.06 %  879.2 hPa 1.045E-03 g/cm³ 000 chk 49788
07/07/2020 18:02:00  18.40 °C  60.22 %  879.2 hPa 1.045E-03 g/cm³ 000 chk 51657
07/07/2020 18:03:00  18.40 °C  59.84 %  879.2 hPa 1.045E-03 g/cm³ 000 chk 50716
07/07/2020 18:04:00  18.40 °C  59.89 %  879.2 hPa 1.045E-03 g/cm³ 000 chk  8807
07/07/2020 18:05:00  18.40 °C  59.93 %  879.2 hPa 1.045E-03 g/cm³ 000 chk 15084
07/07/2020 18:06:00  18.40 °C  59.94 %  879.2 hPa 1.045E-03 g/cm³ 000 chk 34306
07/07/2020 18:07:00  18.39 °C  59.88 %  879.2 hPa 1.045E-03 g/cm³ 000 chk 56498
07/07/2020 18:08:00  18.39 °C  59.78 %  879.3 hPa 1.045E-03 g/cm³ 000 chk 58392
07/07/2020 18:09:00  18.39 °C  59.90 %  879.3 hPa 1.045E-03 g/cm³ 000 chk 26425
07/07/2020 18:10:00  18.39 °C  59.72 %  879.3 hPa 1.045E-03 g/cm³ 000 chk 30876
07/07/2020 18:11:00  18.39 °C  59.73 %  879.3 hPa 1.045E-03 g/cm³ 000 chk 16185
07/07/2020 18:12:00  18.39 °C  59.74 %  879.3 hPa 1.045E-03 g/cm³ 000 chk 33751
07/07/2020 18:13:00  18.39 °C  59.73 %  879.3 hPa 1.045E-03 g/cm³ 000 chk 10866
07/07/2020 18:14:00  18.38 °C  59.81 %  879.4 hPa 1.045E-03 g/cm³ 000 chk 56267
07/07/2020 18:15:00  18.38 °C  59.72 %  879.4 hPa 1.045E-03 g/cm³ 000 chk  1988
07/07/2020 18:16:00  18.38 °C  59.88 %  879.4 hPa 1.045E-03 g/cm³ 000 chk 52099
07/07/2020 18:17:00  18.38 °C  59.61 %  879.4 hPa 1.045E-03 g/cm³ 000 chk 42403
07/07/2020 18:18:00  18.38 °C  59.70 %  879.5 hPa 1.045E-03 g/cm³ 000 chk 45455
07/07/2020 18:19:00  18.38 °C  59.59 %  879.5 hPa 1.045E-03 g/cm³ 000 chk 56947
07/07/2020 18:20:00  18.38 °C  59.59 %  879.5 hPa 1.045E-03 g/cm³ 000 chk 44293
07/07/2020 18:21:00  18.37 °C  59.65 %  879.5 hPa 1.045E-03 g/cm³ 000 chk 24735
07/07/2020 18:22:00  18.37 °C  59.46 %  879.5 hPa 1.045E-03 g/cm³ 000 chk 26667
07/07/2020 18:23:00  18.37 °C  59.43 %  879.5 hPa 1.045E-03 g/cm³ 000 chk 23439
07/07/2020 18:24:00  18.37 °C  59.39 %  879.5 hPa 1.045E-03 g/cm³ 000 chk 31799
07/07/2020 18:25:00  18.37 °C  59.26 %  879.4 hPa 1.045E-03 g/cm³ 000 chk  1256
07/07/2020 18:26:00  18.37 °C  59.29 %  879.4 hPa 1.045E-03 g/cm³ 000 chk 20484
07/07/2020 18:27:00  18.37 °C  59.31 %  879.4 hPa 1.045E-03 g/cm³ 000 chk 53902
07/07/2020 18:28:00  18.37 °C  59.20 %  879.4 hPa 1.045E-03 g/cm³ 000 chk 16374
07/07/2020 18:29:00  18.36 °C  59.15 %  879.4 hPa 1.045E-03 g/cm³ 000 chk 40421
07/07/2020 18:30:00  18.36 °C  59.09 %  879.4 hPa 1.045E-03 g/cm³ 000 chk 34281
07/07/2020 18:31:00  18.36 °C  59.15 %  879.4 hPa 1.045E-03 g/cm³ 000 chk 29538
07/07/2020 18:32:00  18.36 °C  59.20 %  879.4 hPa 1.045E-03 g/cm³ 000 chk 22010
07/07/2020 18:33:00  18.36 °C  59.20 %  879.5 hPa 1.045E-03 g/cm³ 000 chk  1546
07/07/2020 18:34:00  18.36 °C  59.28 %  879.5 hPa 1.045E-03 g/cm³ 000 chk 31601
07/07/2020 18:35:00  18.36 °C  59.14 %  879.5 hPa 1.045E-03 g/cm³ 000 chk 19873
07/07/2020 18:36:00  18.36 °C  59.18 %  879.6 hPa 1.046E-03 g/cm³ 000 chk  9457
07/07/2020 18:37:00  18.35 °C  59.25 %  879.6 hPa 1.046E-03 g/cm³ 000 chk  3427
07/07/2020 18:38:00  18.35 °C  59.10 %  879.6 hPa 1.046E-03 g/cm³ 000 chk 21569
07/07/2020 18:39:00  18.35 °C  59.15 %  879.6 hPa 1.046E-03 g/cm³ 000 chk 26597
07/07/2020 18:40:00  18.35 °C  59.06 %  879.6 hPa 1.046E-03 g/cm³ 000 chk 52501
07/07/2020 18:41:00  18.35 °C  59.17 %  879.7 hPa 1.046E-03 g/cm³ 000 chk 46024
07/07/2020 18:42:00  18.35 °C  58.92 %  879.7 hPa 1.046E-03 g/cm³ 000 chk 50258
07/07/2020 18:43:00  18.34 °C  58.83 %  879.7 hPa 1.046E-03 g/cm³ 000 chk 53787
07/07/2020 18:44:00  18.34 °C  58.83 %  879.7 hPa 1.046E-03 g/cm³ 000 chk 18274
07/07/2020 18:45:00  18.34 °C  58.91 %  879.8 hPa 1.046E-03 g/cm³ 000 chk 37867
07/07/2020 18:46:00  18.34 °C  58.89 %  879.8 hPa 1.046E-03 g/cm³ 000 chk  1066
07/07/2020 18:47:00  18.34 °C  58.94 %  879.8 hPa 1.046E-03 g/cm³ 000 chk  8096
07/07/2020 18:48:00  18.34 °C  58.91 %  879.8 hPa 1.046E-03 g/cm³ 000 chk 18165
07/07/2020 18:49:00  18.34 °C  58.96 %  879.8 hPa 1.046E-03 g/cm³ 000 chk 61264
07/07/2020 18:50:00  18.34 °C  58.91 %  879.9 hPa 1.046E-03 g/cm³ 000 chk 20774
07/07/2020 18:51:00  18.34 °C  58.84 %  879.9 hPa 1.046E-03 g/cm³ 000 chk 41646
07/07/2020 18:52:00  18.34 °C  58.85 %  879.9 hPa 1.046E-03 g/cm³ 000 chk 61504
07/07/2020 18:53:00  18.34 °C  59.18 %  879.9 hPa 1.046E-03 g/cm³ 000 chk 47807
07/07/2020 18:54:00  18.34 °C  59.89 %  879.9 hPa 1.046E-03 g/cm³ 000 chk 50050
07/07/2020 18:55:00  18.34 °C  60.07 %  880.0 hPa 1.046E-03 g/cm³ 000 chk 33514
07/07/2020 18:56:00  18.34 °C  60.57 %  880.0 hPa 1.046E-03 g/cm³ 000 chk 15772
07/07/2020 18:57:00  18.34 °C  60.85 %  880.0 hPa 1.046E-03 g/cm³ 000 chk 52425
07/07/2020 18:58:00  18.34 °C  60.83 %  880.1 hPa 1.046E-03 g/cm³ 000 chk  7112
07/07/2020 18:59:00  18.34 °C  61.01 %  880.1 hPa 1.046E-03 g/cm³ 000 chk 31256
07/07/2020 19:00:00  18.35 °C  60.84 %  880.1 hPa 1.046E-03 g/cm³ 000 chk 18971
07/07/2020 19:01:00  18.35 °C  60.89 %  880.2 hPa 1.046E-03 g/cm³ 000 chk 55874
07/07/2020 19:02:00  18.35 °C  60.79 %  880.2 hPa 1.046E-03 g/cm³ 000 chk 25606
07/07/2020 19:03:00  18.35 °C  60.81 %  880.2 hPa 1.046E-03 g/cm³ 000 chk  9995
07/07/2020 19:04:00  18.35 °C  60.69 %  880.3 hPa 1.046E-03 g/cm³ 000 chk 25251
07/07/2020 19:05:00  18.35 °C  60.75 %  880.3 hPa 1.046E-03 g/cm³ 000 chk 37928
07/07/2020 19:06:00  18.35 °C  60.62 %  880.3 hPa 1.046E-03 g/cm³ 000 chk 59626
07/07/2020 19:07:00  18.36 °C  60.52 %  880.3 hPa 1.046E-03 g/cm³ 000 chk 45178
07/07/2020 19:08:00  18.36 °C  60.41 %  880.3 hPa 1.046E-03 g/cm³ 000 chk 50947
07/07/2020 19:09:00  18.36 °C  60.22 %  880.3 hPa 1.046E-03 g/cm³ 000 chk  6729
07/07/2020 19:10:00  18.36 °C  60.10 %  880.3 hPa 1.046E-03 g/cm³ 000 chk 50204
07/07/2020 19:11:00  18.36 °C  60.08 %  880.4 hPa 1.046E-03 g/cm³ 000 chk 10300
07/07/2020 19:12:00  18.36 °C  59.95 %  880.4 hPa 1.046E-03 g/cm³ 000 chk 44503
07/07/2020 19:13:00  18.36 °C  59.88 %  880.4 hPa 1.047E-03 g/cm³ 000 chk 46748
07/07/2020 19:14:00  18.36 °C  59.95 %  880.4 hPa 1.046E-03 g/cm³ 000 chk 37386
07/07/2020 19:15:00  18.35 °C  59.72 %  880.5 hPa 1.047E-03 g/cm³ 000 chk 61950
07/07/2020 19:16:00  18.35 °C  59.71 %  880.5 hPa 1.047E-03 g/cm³ 000 chk 14609
07/07/2020 19:17:00  18.35 °C  59.58 %  880.5 hPa 1.047E-03 g/cm³ 000 chk 22253
07/07/2020 19:18:00  18.35 °C  59.49 %  880.5 hPa 1.047E-03 g/cm³ 000 chk 48021
07/07/2020 19:19:00  18.35 °C  59.63 %  880.6 hPa 1.047E-03 g/cm³ 000 chk 59542
07/07/2020 19:20:00  18.35 °C  60.14 %  880.6 hPa 1.047E-03 g/cm³ 000 chk  4704
07/07/2020 19:21:00  18.35 °C  60.36 %  880.6 hPa 1.047E-03 g/cm³ 000 chk 58014
07/07/2020 19:22:00  18.35 °C  60.91 %  880.6 hPa 1.047E-03 g/cm³ 000 chk 24386
07/07/2020 19:23:00  18.35 °C  61.25 %  880.6 hPa 1.047E-03 g/cm³ 000 chk 53477
07/07/2020 19:24:00  18.35 °C  61.23 %  880.6 hPa 1.047E-03 g/cm³ 000 chk 43932
07/07/2020 19:25:00  18.35 °C  61.03 %  880.6 hPa 1.047E-03 g/cm³ 000 chk 49507
07/07/2020 19:26:00  18.35 °C  60.69 %  880.6 hPa 1.047E-03 g/cm³ 000 chk 40061
07/07/2020 19:27:00  18.35 °C  60.42 %  880.6 hPa 1.047E-03 g/cm³ 000 chk 27008
07/07/2020 19:28:00  18.35 °C  60.16 %  880.6 hPa 1.047E-03 g/cm³ 000 chk 56653
07/07/2020 19:29:00  18.35 °C  60.04 %  880.5 hPa 1.047E-03 g/cm³ 000 chk 26171
07/07/2020 19:30:00  18.35 °C  59.82 %  880.5 hPa 1.047E-03 g/cm³ 000 chk 18226
07/07/2020 19:31:00  18.35 °C  59.74 %  880.6 hPa 1.047E-03 g/cm³ 000 chk 18882
07/07/2020 19:32:00  18.35 °C  59.79 %  880.5 hPa 1.047E-03 g/cm³ 000 chk 52432
07/07/2020 19:33:00  18.35 °C  59.55 %  880.5 hPa 1.047E-03 g/cm³ 000 chk 14892
07/07/2020 19:34:00  18.35 °C  59.57 %  880.5 hPa 1.047E-03 g/cm³ 000 chk 13652
07/07/2020 19:35:00  18.35 °C  59.65 %  880.5 hPa 1.047E-03 g/cm³ 000 chk  1414
07/07/2020 19:36:00  18.34 °C  59.94 %  880.5 hPa 1.047E-03 g/cm³ 000 chk 50947
07/07/2020 19:37:00  18.34 °C  60.42 %  880.5 hPa 1.047E-03 g/cm³ 000 chk  2068
07/07/2020 19:38:00  18.34 °C  60.62 %  880.5 hPa 1.047E-03 g/cm³ 000 chk  2074
07/07/2020 19:39:00  18.34 °C  60.85 %  880.5 hPa 1.047E-03 g/cm³ 000 chk 24632
07/07/2020 19:40:00  18.34 °C  60.79 %  880.5 hPa 1.047E-03 g/cm³ 000 chk 57420
07/07/2020 19:41:00  18.35 °C  60.62 %  880.5 hPa 1.047E-03 g/cm³ 000 chk 33798
07/07/2020 19:42:00  18.35 °C  60.36 %  880.5 hPa 1.047E-03 g/cm³ 000 chk 20337
07/07/2020 19:43:00  18.35 °C  60.19 %  880.5 hPa 1.047E-03 g/cm³ 000 chk 52877
07/07/2020 19:44:00  18.34 °C  59.91 %  880.6 hPa 1.047E-03 g/cm³ 000 chk 58083
07/07/2020 19:45:00  18.34 °C  59.87 %  880.6 hPa 1.047E-03 g/cm³ 000 chk 26219
07/07/2020 19:46:00  18.34 °C  60.05 %  880.7 hPa 1.047E-03 g/cm³ 000 chk 12795
07/07/2020 19:47:00  18.34 °C  60.39 %  880.7 hPa 1.047E-03 g/cm³ 000 chk  1835
07/07/2020 19:48:00  18.34 °C  60.83 %  880.7 hPa 1.047E-03 g/cm³ 000 chk 29795
07/07/2020 19:49:00  18.34 °C  61.24 %  880.7 hPa 1.047E-03 g/cm³ 000 chk 19688
07/07/2020 19:50:00  18.34 °C  61.39 %  880.7 hPa 1.047E-03 g/cm³ 000 chk 47589
07/07/2020 19:51:00  18.34 °C  61.45 %  880.7 hPa 1.047E-03 g/cm³ 000 chk 20352
07/07/2020 19:52:00  18.35 °C  61.14 %  880.7 hPa 1.047E-03 g/cm³ 000 chk 35895
07/07/2020 19:53:00  18.35 °C  60.79 %  880.7 hPa 1.047E-03 g/cm³ 000 chk 51043
07/07/2020 19:54:00  18.35 °C  60.46 %  880.7 hPa 1.047E-03 g/cm³ 000 chk 47470
07/07/2020 19:55:00  18.35 °C  60.06 %  880.7 hPa 1.047E-03 g/cm³ 000 chk 54143
07/07/2020 19:56:00  18.34 °C  59.97 %  880.7 hPa 1.047E-03 g/cm³ 000 chk 23383
07/07/2020 19:57:00  18.34 °C  59.80 %  880.6 hPa 1.047E-03 g/cm³ 000 chk 52106
07/07/2020 19:58:00  18.34 °C  59.85 %  880.6 hPa 1.047E-03 g/cm³ 000 chk 37599
07/07/2020 19:59:00  18.34 °C  59.79 %  880.6 hPa 1.047E-03 g/cm³ 000 chk 42451
07/07/2020 20:00:00  18.34 °C  59.64 %  880.5 hPa 1.047E-03 g/cm³ 000 chk 40783
07/07/2020 20:01:00  18.34 °C  59.36 %  880.5 hPa 1.047E-03 g/cm³ 000 chk 44915
07/07/2020 20:02:00  18.34 °C  59.25 %  880.5 hPa 1.047E-03 g/cm³ 000 chk 42928
07/07/2020 20:03:00  18.34 °C  59.03 %  880.5 hPa 1.047E-03 g/cm³ 000 chk  9039
07/07/2020 20:04:00  18.33 °C  59.11 %  880.4 hPa 1.047E-03 g/cm³ 000 chk  8202
07/07/2020 20:05:00  18.33 °C  59.06 %  880.4 hPa 1.047E-03 g/cm³ 000 chk 18819
07/07/2020 20:06:00  18.33 °C  58.69 %  880.4 hPa 1.047E-03 g/cm³ 000 chk 36253
07/07/2020 20:07:00  18.33 °C  58.92 %  880.4 hPa 1.047E-03 g/cm³ 000 chk 47504
07/07/2020 20:08:00  18.33 °C  59.02 %  880.4 hPa 1.047E-03 g/cm³ 000 chk 59548
07/07/2020 20:09:00  18.32 °C  58.86 %  880.4 hPa 1.047E-03 g/cm³ 000 chk 63116
07/07/2020 20:10:00  18.32 °C  58.83 %  880.4 hPa 1.047E-03 g/cm³ 000 chk 11183
07/07/2020 20:11:00  18.32 °C  58.82 %  880.4 hPa 1.047E-03 g/cm³ 000 chk 27658
07/07/2020 20:12:00  18.32 °C  59.08 %  880.4 hPa 1.047E-03 g/cm³ 000 chk 61587
07/07/2020 20:13:00  18.32 °C  59.28 %  880.4 hPa 1.047E-03 g/cm³ 000 chk 39532
07/07/2020 20:14:00  18.31 °C  59.73 %  880.4 hPa 1.047E-03 g/cm³ 000 chk 25293
07/07/2020 20:15:00  18.31 °C  60.24 %  880.4 hPa 1.047E-03 g/cm³ 000 chk 33202
07/07/2020 20:16:00  18.31 °C  60.45 %  880.4 hPa 1.047E-03 g/cm³ 000 chk 54194
07/07/2020 20:17:00  18.31 °C  60.59 %  880.4 hPa 1.047E-03 g/cm³ 000 chk  9529
07/07/2020 20:18:00  18.31 °C  60.42 %  880.3 hPa 1.047E-03 g/cm³ 000 chk 54504
07/07/2020 20:19:00  18.31 °C  60.20 %  880.3 hPa 1.047E-03 g/cm³ 000 chk 58531
07/07/2020 20:20:00  18.31 °C  59.82 %  880.3 hPa 1.047E-03 g/cm³ 000 chk 18085
07/07/2020 20:21:00  18.31 °C  59.52 %  880.3 hPa 1.047E-03 g/cm³ 000 chk 11761
07/07/2020 20:22:00  18.31 °C  59.35 %  880.3 hPa 1.047E-03 g/cm³ 000 chk 37361
07/07/2020 20:23:00  18.31 °C  59.18 %  880.3 hPa 1.047E-03 g/cm³ 000 chk 35340
07/07/2020 20:24:00  18.31 °C  59.14 %  880.3 hPa 1.047E-03 g/cm³ 000 chk 33654
07/07/2020 20:25:00  18.31 °C  58.97 %  880.4 hPa 1.047E-03 g/cm³ 000 chk 24845
07/07/2020 20:26:00  18.31 °C  58.98 %  880.4 hPa 1.047E-03 g/cm³ 000 chk 13793
07/07/2020 20:27:00  18.31 °C  58.80 %  880.4 hPa 1.047E-03 g/cm³ 000 chk 46955
07/07/2020 20:28:00  18.31 °C  58.92 %  880.5 hPa 1.047E-03 g/cm³ 000 chk 54343
07/07/2020 20:29:00  18.30 °C  59.18 %  880.5 hPa 1.047E-03 g/cm³ 000 chk 52309
07/07/2020 20:30:00  18.30 °C  59.69 %  880.6 hPa 1.047E-03 g/cm³ 000 chk 61002
07/07/2020 20:31:00  18.30 °C  60.10 %  880.6 hPa 1.047E-03 g/cm³ 000 chk 52076
07/07/2020 20:32:00  18.30 °C  60.53 %  880.6 hPa 1.047E-03 g/cm³ 000 chk 49974
07/07/2020 20:33:00  18.30 °C  60.77 %  880.6 hPa 1.047E-03 g/cm³ 000 chk 56776
07/07/2020 20:34:00  18.30 °C  60.83 %  880.6 hPa 1.047E-03 g/cm³ 000 chk 15643
07/07/2020 20:35:00  18.30 °C  60.87 %  880.7 hPa 1.047E-03 g/cm³ 000 chk  6890
07/07/2020 20:36:00  18.30 °C  60.85 %  880.7 hPa 1.047E-03 g/cm³ 000 chk 16132
07/07/2020 20:37:00  18.30 °C  60.86 %  880.7 hPa 1.047E-03 g/cm³ 000 chk 58016
07/07/2020 20:38:00  18.31 °C  60.96 %  880.7 hPa 1.047E-03 g/cm³ 000 chk 29465
07/07/2020 20:39:00  18.31 °C  60.80 %  880.7 hPa 1.047E-03 g/cm³ 000 chk 63377
07/07/2020 20:40:00  18.31 °C  60.68 %  880.7 hPa 1.047E-03 g/cm³ 000 chk 50120
07/07/2020 20:41:00  18.31 °C  60.52 %  880.7 hPa 1.047E-03 g/cm³ 000 chk  6936
07/07/2020 20:42:00  18.31 °C  60.36 %  880.7 hPa 1.047E-03 g/cm³ 000 chk 53272
07/07/2020 20:43:00  18.31 °C  60.18 %  880.7 hPa 1.047E-03 g/cm³ 000 chk 48357
07/07/2020 20:44:00  18.31 °C  59.90 %  880.7 hPa 1.047E-03 g/cm³ 000 chk 19124
07/07/2020 20:45:00  18.31 °C  59.73 %  880.7 hPa 1.047E-03 g/cm³ 000 chk 22167
07/07/2020 20:46:00  18.31 °C  59.72 %  880.7 hPa 1.047E-03 g/cm³ 000 chk  1145
07/07/2020 20:47:00  18.31 °C  59.54 %  880.7 hPa 1.047E-03 g/cm³ 000 chk 32902
07/07/2020 20:48:00  18.31 °C  59.51 %  880.7 hPa 1.047E-03 g/cm³ 000 chk 55763
07/07/2020 20:49:00  18.31 °C  59.41 %  880.7 hPa 1.047E-03 g/cm³ 000 chk 45915
07/07/2020 20:50:00  18.31 °C  59.25 %  880.7 hPa 1.047E-03 g/cm³ 000 chk 33687
07/07/2020 20:51:00  18.30 °C  59.24 %  880.7 hPa 1.047E-03 g/cm³ 000 chk 22002
07/07/2020 20:52:00  18.30 °C  58.99 %  880.7 hPa 1.047E-03 g/cm³ 000 chk 51741
07/07/2020 20:53:00  18.30 °C  59.29 %  880.7 hPa 1.047E-03 g/cm³ 000 chk 12731
07/07/2020 20:54:00  18.30 °C  59.62 %  880.7 hPa 1.047E-03 g/cm³ 000 chk 64373
07/07/2020 20:55:00  18.30 °C  60.05 %  880.7 hPa 1.047E-03 g/cm³ 000 chk  6269
07/07/2020 20:56:00  18.30 °C  60.52 %  880.7 hPa 1.047E-03 g/cm³ 000 chk 41994
07/07/2020 20:57:00  18.30 °C  60.69 %  880.7 hPa 1.047E-03 g/cm³ 000 chk 37339
07/07/2020 20:58:00  18.30 °C  60.70 %  880.7 hPa 1.047E-03 g/cm³ 000 chk 38049
07/07/2020 20:59:00  18.30 °C  60.59 %  880.7 hPa 1.047E-03 g/cm³ 000 chk 64349
07/07/2020 21:00:00  18.30 °C  60.20 %  880.7 hPa 1.047E-03 g/cm³ 000 chk 22314
07/07/2020 21:01:00  18.30 °C  59.81 %  880.7 hPa 1.047E-03 g/cm³ 000 chk 23550
07/07/2020 21:02:00  18.30 °C  59.62 %  880.7 hPa 1.047E-03 g/cm³ 000 chk 21142
07/07/2020 21:03:00  18.30 °C  59.59 %  880.7 hPa 1.047E-03 g/cm³ 000 chk 26439
07/07/2020 21:04:00  18.30 °C  59.31 %  880.7 hPa 1.047E-03 g/cm³ 000 chk  6866
07/07/2020 21:05:00  18.30 °C  59.30 %  880.7 hPa 1.047E-03 g/cm³ 000 chk 23927
07/07/2020 21:06:00  18.30 °C  59.20 %  880.6 hPa 1.047E-03 g/cm³ 000 chk 56288
07/07/2020 21:07:00  18.30 °C  59.03 %  880.6 hPa 1.047E-03 g/cm³ 000 chk 50719
07/07/2020 21:08:00  18.30 °C  59.14 %  880.7 hPa 1.047E-03 g/cm³ 000 chk 15411
07/07/2020 21:09:00  18.30 °C  58.75 %  880.7 hPa 1.047E-03 g/cm³ 000 chk 60260
07/07/2020 21:10:00  18.30 °C  58.94 %  880.7 hPa 1.047E-03 g/cm³ 000 chk 33729
07/07/2020 21:11:00  18.29 °C  59.16 %  880.8 hPa 1.047E-03 g/cm³ 000 chk 51535
07/07/2020 21:12:00  18.29 °C  59.63 %  880.8 hPa 1.047E-03 g/cm³ 000 chk 12130
07/07/2020 21:13:00  18.29 °C  59.98 %  880.9 hPa 1.047E-03 g/cm³ 000 chk 57915
07/07/2020 21:14:00  18.29 °C  60.50 %  880.9 hPa 1.047E-03 g/cm³ 000 chk 54495
07/07/2020 21:15:00  18.29 °C  60.61 %  880.9 hPa 1.047E-03 g/cm³ 000 chk 37645
07/07/2020 21:16:00  18.29 °C  60.70 %  880.9 hPa 1.047E-03 g/cm³ 000 chk   463
07/07/2020 21:17:00  18.29 °C  60.20 %  880.9 hPa 1.047E-03 g/cm³ 000 chk 44018
07/07/2020 21:18:00  18.29 °C  59.92 %  880.9 hPa 1.047E-03 g/cm³ 000 chk 31483
07/07/2020 21:19:00  18.29 °C  59.60 %  881.0 hPa 1.047E-03 g/cm³ 000 chk 31477
07/07/2020 21:20:00  18.29 °C  59.31 %  881.0 hPa 1.048E-03 g/cm³ 000 chk 57428
07/07/2020 21:21:00  18.29 °C  59.18 %  881.0 hPa 1.048E-03 g/cm³ 000 chk 36776
07/07/2020 21:22:00  18.28 °C  59.15 %  881.0 hPa 1.048E-03 g/cm³ 000 chk 53381
07/07/2020 21:23:00  18.28 °C  59.08 %  881.0 hPa 1.048E-03 g/cm³ 000 chk 51983
07/07/2020 21:24:00  18.28 °C  58.97 %  881.0 hPa 1.048E-03 g/cm³ 000 chk  9260
07/07/2020 21:25:00  18.28 °C  58.90 %  881.0 hPa 1.048E-03 g/cm³ 000 chk 36233
07/07/2020 21:26:00  18.28 °C  58.81 %  881.0 hPa 1.048E-03 g/cm³ 000 chk  8011
07/07/2020 21:27:00  18.28 °C  58.71 %  881.0 hPa 1.048E-03 g/cm³ 000 chk 46148
07/07/2020 21:28:00  18.28 °C  59.01 %  881.0 hPa 1.048E-03 g/cm³ 000 chk  9423
07/07/2020 21:29:00  18.27 °C  59.39 %  881.0 hPa 1.048E-03 g/cm³ 000 chk 40276
07/07/2020 21:30:00  18.27 °C  59.83 %  881.1 hPa 1.048E-03 g/cm³ 000 chk 37694
07/07/2020 21:31:00  18.27 °C  60.10 %  881.1 hPa 1.048E-03 g/cm³ 000 chk  1436
07/07/2020 21:32:00  18.27 °C  60.28 %  881.0 hPa 1.048E-03 g/cm³ 000 chk 43858
07/07/2020 21:33:00  18.27 °C  60.50 %  881.0 hPa 1.047E-03 g/cm³ 000 chk 11641
07/07/2020 21:34:00  18.27 °C  60.53 %  881.1 hPa 1.048E-03 g/cm³ 000 chk 12827
07/07/2020 21:35:00  18.27 °C  60.38 %  881.0 hPa 1.047E-03 g/cm³ 000 chk 64072
07/07/2020 21:36:00  18.28 °C  60.45 %  881.0 hPa 1.047E-03 g/cm³ 000 chk  3885
07/07/2020 21:37:00  18.28 °C  60.20 %  881.0 hPa 1.047E-03 g/cm³ 000 chk 15463
07/07/2020 21:38:00  18.28 °C  60.08 %  881.0 hPa 1.047E-03 g/cm³ 000 chk 54379
07/07/2020 21:39:00  18.28 °C  60.00 %  880.9 hPa 1.047E-03 g/cm³ 000 chk 42957
07/07/2020 21:40:00  18.28 °C  59.87 %  880.9 hPa 1.047E-03 g/cm³ 000 chk 12858
07/07/2020 21:41:00  18.28 °C  59.83 %  880.9 hPa 1.047E-03 g/cm³ 000 chk 60575
07/07/2020 21:42:00  18.27 °C  59.66 %  880.9 hPa 1.047E-03 g/cm³ 000 chk 61629
07/07/2020 21:43:00  18.28 °C  59.53 %  880.9 hPa 1.047E-03 g/cm³ 000 chk 14372
07/07/2020 21:44:00  18.27 °C  59.26 %  880.9 hPa 1.047E-03 g/cm³ 000 chk  4053
07/07/2020 21:45:00  18.27 °C  59.28 %  880.9 hPa 1.047E-03 g/cm³ 000 chk 41843
07/07/2020 21:46:00  18.27 °C  58.94 %  880.9 hPa 1.048E-03 g/cm³ 000 chk 54738
07/07/2020 21:47:00  18.27 °C  58.74 %  880.9 hPa 1.048E-03 g/cm³ 000 chk 48881
07/07/2020 21:48:00  18.27 °C  58.63 %  880.9 hPa 1.048E-03 g/cm³ 000 chk 48521
07/07/2020 21:49:00  18.27 °C  58.77 %  881.0 hPa 1.048E-03 g/cm³ 000 chk 37376
07/07/2020 21:50:00  18.27 °C  58.42 %  881.0 hPa 1.048E-03 g/cm³ 000 chk 20308
07/07/2020 21:51:00  18.26 °C  58.33 %  880.9 hPa 1.048E-03 g/cm³ 000 chk 26867
07/07/2020 21:52:00  18.26 °C  58.55 %  880.9 hPa 1.048E-03 g/cm³ 000 chk 14834
07/07/2020 21:53:00  18.26 °C  58.66 %  881.0 hPa 1.048E-03 g/cm³ 000 chk 54561
07/07/2020 21:54:00  18.26 °C  59.02 %  881.0 hPa 1.048E-03 g/cm³ 000 chk 42155
07/07/2020 21:55:00  18.26 °C  59.54 %  881.0 hPa 1.048E-03 g/cm³ 000 chk 57494
07/07/2020 21:56:00  18.26 °C  60.01 %  881.0 hPa 1.048E-03 g/cm³ 000 chk 36003
07/07/2020 21:57:00  18.26 °C  60.13 %  880.9 hPa 1.047E-03 g/cm³ 000 chk 18789
07/07/2020 21:58:00  18.26 °C  60.20 %  880.9 hPa 1.047E-03 g/cm³ 000 chk 65095
07/07/2020 21:59:00  18.26 °C  59.96 %  880.9 hPa 1.047E-03 g/cm³ 000 chk 12734
07/07/2020 22:00:00  18.26 °C  59.62 %  880.9 hPa 1.047E-03 g/cm³ 000 chk 43996
07/07/2020 22:01:00  18.26 °C  59.37 %  880.9 hPa 1.048E-03 g/cm³ 000 chk 40110
07/07/2020 22:02:00  18.26 °C  59.05 %  880.9 hPa 1.048E-03 g/cm³ 000 chk 47415
07/07/2020 22:03:00  18.26 °C  58.86 %  880.9 hPa 1.048E-03 g/cm³ 000 chk 13798
07/07/2020 22:04:00  18.26 °C  58.86 %  880.9 hPa 1.048E-03 g/cm³ 000 chk 41119
07/07/2020 22:05:00  18.26 °C  58.56 %  880.9 hPa 1.048E-03 g/cm³ 000 chk 52171
07/07/2020 22:06:00  18.26 °C  58.60 %  880.9 hPa 1.048E-03 g/cm³ 000 chk 39507
07/07/2020 22:07:00  18.25 °C  58.48 %  880.9 hPa 1.048E-03 g/cm³ 000 chk 60141
07/07/2020 22:08:00  18.25 °C  58.25 %  881.0 hPa 1.048E-03 g/cm³ 000 chk 27220
07/07/2020 22:09:00  18.25 °C  58.20 %  881.0 hPa 1.048E-03 g/cm³ 000 chk 23024
07/07/2020 22:10:00  18.25 °C  58.07 %  881.0 hPa 1.048E-03 g/cm³ 000 chk 56969
07/07/2020 22:11:00  18.24 °C  58.13 %  881.0 hPa 1.048E-03 g/cm³ 000 chk 20928
07/07/2020 22:12:00  18.24 °C  58.10 %  881.0 hPa 1.048E-03 g/cm³ 000 chk 39215
07/07/2020 22:13:00  18.24 °C  57.83 %  881.0 hPa 1.048E-03 g/cm³ 000 chk 46448
07/07/2020 22:14:00  18.24 °C  57.81 %  881.0 hPa 1.048E-03 g/cm³ 000 chk 47624
07/07/2020 22:15:00  18.24 °C  57.76 %  881.0 hPa 1.048E-03 g/cm³ 000 chk  4614
07/07/2020 22:16:00  18.23 °C  58.05 %  881.0 hPa 1.048E-03 g/cm³ 000 chk 57296
07/07/2020 22:17:00  18.23 °C  58.44 %  881.0 hPa 1.048E-03 g/cm³ 000 chk 22720
07/07/2020 22:18:00  18.23 °C  58.89 %  881.0 hPa 1.048E-03 g/cm³ 000 chk 59467
07/07/2020 22:19:00  18.23 °C  59.33 %  881.0 hPa 1.048E-03 g/cm³ 000 chk 25070
07/07/2020 22:20:00  18.23 °C  59.73 %  881.0 hPa 1.048E-03 g/cm³ 000 chk 53805
07/07/2020 22:21:00  18.23 °C  59.72 %  881.0 hPa 1.048E-03 g/cm³ 000 chk 38280
07/07/2020 22:22:00  18.23 °C  59.55 %  881.0 hPa 1.048E-03 g/cm³ 000 chk 59709
07/07/2020 22:23:00  18.23 °C  59.21 %  881.0 hPa 1.048E-03 g/cm³ 000 chk 63322
07/07/2020 22:24:00  18.23 °C  58.92 %  881.1 hPa 1.048E-03 g/cm³ 000 chk 48501
07/07/2020 22:25:00  18.23 °C  58.78 %  881.1 hPa 1.048E-03 g/cm³ 000 chk 42069
07/07/2020 22:26:00  18.23 °C  58.81 %  881.1 hPa 1.048E-03 g/cm³ 000 chk  7954
07/07/2020 22:27:00  18.23 °C  59.03 %  881.2 hPa 1.048E-03 g/cm³ 000 chk 13629
07/07/2020 22:28:00  18.23 °C  59.52 %  881.3 hPa 1.048E-03 g/cm³ 000 chk 57764
07/07/2020 22:29:00  18.23 °C  59.72 %  881.3 hPa 1.048E-03 g/cm³ 000 chk 35675
07/07/2020 22:30:00  18.23 °C  60.18 %  881.2 hPa 1.048E-03 g/cm³ 000 chk  3714
07/07/2020 22:31:00  18.23 °C  60.44 %  881.2 hPa 1.048E-03 g/cm³ 000 chk 14524
07/07/2020 22:32:00  18.23 °C  60.34 %  881.2 hPa 1.048E-03 g/cm³ 000 chk 18321
07/07/2020 22:33:00  18.23 °C  60.38 %  881.2 hPa 1.048E-03 g/cm³ 000 chk 28982
07/07/2020 22:34:00  18.23 °C  60.36 %  881.3 hPa 1.048E-03 g/cm³ 000 chk  6937
07/07/2020 22:35:00  18.23 °C  60.26 %  881.3 hPa 1.048E-03 g/cm³ 000 chk 29073
07/07/2020 22:36:00  18.23 °C  60.25 %  881.2 hPa 1.048E-03 g/cm³ 000 chk 16426
07/07/2020 22:37:00  18.24 °C  60.12 %  881.2 hPa 1.048E-03 g/cm³ 000 chk 56509
07/07/2020 22:38:00  18.24 °C  60.07 %  881.2 hPa 1.048E-03 g/cm³ 000 chk 17860
07/07/2020 22:39:00  18.24 °C  60.00 %  881.2 hPa 1.048E-03 g/cm³ 000 chk 60513
07/07/2020 22:40:00  18.24 °C  59.76 %  881.2 hPa 1.048E-03 g/cm³ 000 chk 38204
07/07/2020 22:41:00  18.24 °C  59.48 %  881.2 hPa 1.048E-03 g/cm³ 000 chk 14829
07/07/2020 22:42:00  18.24 °C  59.31 %  881.1 hPa 1.048E-03 g/cm³ 000 chk  2108
07/07/2020 22:43:00  18.24 °C  59.12 %  881.1 hPa 1.048E-03 g/cm³ 000 chk  5571
07/07/2020 22:44:00  18.24 °C  59.00 %  881.1 hPa 1.048E-03 g/cm³ 000 chk 55959
07/07/2020 22:45:00  18.24 °C  58.86 %  881.1 hPa 1.048E-03 g/cm³ 000 chk 53062
07/07/2020 22:46:00  18.23 °C  58.72 %  881.0 hPa 1.048E-03 g/cm³ 000 chk 51474
07/07/2020 22:47:00  18.23 °C  58.78 %  881.0 hPa 1.048E-03 g/cm³ 000 chk  4533
07/07/2020 22:48:00  18.23 °C  58.60 %  881.0 hPa 1.048E-03 g/cm³ 000 chk 63950
07/07/2020 22:49:00  18.23 °C  58.59 %  881.0 hPa 1.048E-03 g/cm³ 000 chk 22046
07/07/2020 22:50:00  18.23 °C  58.45 %  881.0 hPa 1.048E-03 g/cm³ 000 chk 19986
07/07/2020 22:51:00  18.23 °C  58.24 %  881.0 hPa 1.048E-03 g/cm³ 000 chk  2393
07/07/2020 22:52:00  18.22 °C  58.20 %  881.0 hPa 1.048E-03 g/cm³ 000 chk 21367
07/07/2020 22:53:00  18.22 °C  58.28 %  881.0 hPa 1.048E-03 g/cm³ 000 chk  4561
07/07/2020 22:54:00  18.22 °C  58.19 %  881.0 hPa 1.048E-03 g/cm³ 000 chk 27102
07/07/2020 22:55:00  18.22 °C  58.17 %  881.0 hPa 1.048E-03 g/cm³ 000 chk 50552
07/07/2020 22:56:00  18.22 °C  58.16 %  881.0 hPa 1.048E-03 g/cm³ 000 chk 38806
07/07/2020 22:57:00  18.21 °C  58.25 %  880.9 hPa 1.048E-03 g/cm³ 000 chk 35078
07/07/2020 22:58:00  18.21 °C  57.90 %  880.9 hPa 1.048E-03 g/cm³ 000 chk 57843
07/07/2020 22:59:00  18.21 °C  57.93 %  880.9 hPa 1.048E-03 g/cm³ 000 chk 15447
07/07/2020 23:00:00  18.21 °C  58.17 %  880.8 hPa 1.048E-03 g/cm³ 000 chk 59747
07/07/2020 23:01:00  18.21 °C  58.58 %  880.8 hPa 1.048E-03 g/cm³ 000 chk 26737
07/07/2020 23:02:00  18.21 °C  58.90 %  880.8 hPa 1.048E-03 g/cm³ 000 chk 15936
07/07/2020 23:03:00  18.21 °C  59.27 %  880.9 hPa 1.048E-03 g/cm³ 000 chk 16307
07/07/2020 23:04:00  18.21 °C  59.63 %  880.9 hPa 1.048E-03 g/cm³ 000 chk  7806
07/07/2020 23:05:00  18.21 °C  59.67 %  880.8 hPa 1.048E-03 g/cm³ 000 chk 14735
07/07/2020 23:06:00  18.21 °C  59.57 %  880.8 hPa 1.048E-03 g/cm³ 000 chk 34327
07/07/2020 23:07:00  18.21 °C  59.08 %  880.8 hPa 1.048E-03 g/cm³ 000 chk 50985
07/07/2020 23:08:00  18.21 °C  58.91 %  880.8 hPa 1.048E-03 g/cm³ 000 chk 37670
07/07/2020 23:09:00  18.21 °C  58.78 %  880.8 hPa 1.048E-03 g/cm³ 000 chk 64774
07/07/2020 23:10:00  18.21 °C  58.89 %  880.8 hPa 1.048E-03 g/cm³ 000 chk 21903
07/07/2020 23:11:00  18.20 °C  59.11 %  880.8 hPa 1.048E-03 g/cm³ 000 chk  6064
07/07/2020 23:12:00  18.21 °C  59.48 %  880.9 hPa 1.048E-03 g/cm³ 000 chk 50513
07/07/2020 23:13:00  18.21 °C  59.84 %  880.9 hPa 1.048E-03 g/cm³ 000 chk 61994
07/07/2020 23:14:00  18.21 °C  59.99 %  880.9 hPa 1.048E-03 g/cm³ 000 chk 54909
07/07/2020 23:15:00  18.21 °C  60.10 %  880.9 hPa 1.048E-03 g/cm³ 000 chk 62192
07/07/2020 23:16:00  18.21 °C  60.10 %  880.9 hPa 1.048E-03 g/cm³ 000 chk 19743
07/07/2020 23:17:00  18.21 °C  60.18 %  880.8 hPa 1.047E-03 g/cm³ 000 chk 62114
07/07/2020 23:18:00  18.21 °C  60.07 %  880.8 hPa 1.048E-03 g/cm³ 000 chk  7575
07/07/2020 23:19:00  18.21 °C  60.04 %  880.7 hPa 1.047E-03 g/cm³ 000 chk 57468
07/07/2020 23:20:00  18.21 °C  59.95 %  880.7 hPa 1.047E-03 g/cm³ 000 chk 13581
07/07/2020 23:21:00  18.21 °C  59.92 %  880.7 hPa 1.047E-03 g/cm³ 000 chk 40104
07/07/2020 23:22:00  18.21 °C  59.74 %  880.7 hPa 1.047E-03 g/cm³ 000 chk  3264
07/07/2020 23:23:00  18.21 °C  59.52 %  880.7 hPa 1.047E-03 g/cm³ 000 chk 34879
07/07/2020 23:24:00  18.21 °C  59.41 %  880.7 hPa 1.047E-03 g/cm³ 000 chk 43626
07/07/2020 23:25:00  18.21 °C  59.36 %  880.7 hPa 1.047E-03 g/cm³ 000 chk 49933
07/07/2020 23:26:00  18.21 °C  59.24 %  880.6 hPa 1.047E-03 g/cm³ 000 chk 57243
07/07/2020 23:27:00  18.21 °C  58.86 %  880.6 hPa 1.047E-03 g/cm³ 000 chk 32272
07/07/2020 23:28:00  18.21 °C  58.81 %  880.6 hPa 1.047E-03 g/cm³ 000 chk 48452
07/07/2020 23:29:00  18.21 °C  58.65 %  880.6 hPa 1.047E-03 g/cm³ 000 chk 41574
07/07/2020 23:30:00  18.21 °C  58.58 %  880.6 hPa 1.047E-03 g/cm³ 000 chk 38704
07/07/2020 23:31:00  18.21 °C  58.64 %  880.6 hPa 1.047E-03 g/cm³ 000 chk 41440
07/07/2020 23:32:00  18.21 °C  58.40 %  880.6 hPa 1.047E-03 g/cm³ 000 chk 43605
07/07/2020 23:33:00  18.21 °C  58.38 %  880.6 hPa 1.047E-03 g/cm³ 000 chk 10289
07/07/2020 23:34:00  18.20 °C  58.38 %  880.6 hPa 1.047E-03 g/cm³ 000 chk 11400
07/07/2020 23:35:00  18.20 °C  58.17 %  880.7 hPa 1.048E-03 g/cm³ 000 chk 20591
07/07/2020 23:36:00  18.20 °C  58.25 %  880.7 hPa 1.048E-03 g/cm³ 000 chk 30198
07/07/2020 23:37:00  18.20 °C  58.06 %  880.7 hPa 1.048E-03 g/cm³ 000 chk 26633
07/07/2020 23:38:00  18.20 °C  57.78 %  880.7 hPa 1.048E-03 g/cm³ 000 chk 40482
07/07/2020 23:39:00  18.20 °C  57.93 %  880.7 hPa 1.048E-03 g/cm³ 000 chk 27139
07/07/2020 23:40:00  18.20 °C  57.85 %  880.7 hPa 1.048E-03 g/cm³ 000 chk 23027
07/07/2020 23:41:00  18.20 °C  57.70 %  880.7 hPa 1.048E-03 g/cm³ 000 chk 27644
07/07/2020 23:42:00  18.20 °C  57.72 %  880.7 hPa 1.048E-03 g/cm³ 000 chk 19986
07/07/2020 23:43:00  18.19 °C  57.72 %  880.7 hPa 1.048E-03 g/cm³ 000 chk 19146
07/07/2020 23:44:00  18.19 °C  57.73 %  880.6 hPa 1.048E-03 g/cm³ 000 chk 52198
07/07/2020 23:45:00  18.19 °C  57.76 %  880.6 hPa 1.048E-03 g/cm³ 000 chk 63554
07/07/2020 23:46:00  18.19 °C  57.69 %  880.7 hPa 1.048E-03 g/cm³ 000 chk 38358
07/07/2020 23:47:00  18.18 °C  57.78 %  880.7 hPa 1.048E-03 g/cm³ 000 chk 33695
07/07/2020 23:48:00  18.18 °C  57.89 %  880.7 hPa 1.048E-03 g/cm³ 000 chk 44896
07/07/2020 23:49:00  18.18 °C  58.14 %  880.7 hPa 1.048E-03 g/cm³ 000 chk 34109
07/07/2020 23:50:00  18.18 °C  58.64 %  880.7 hPa 1.048E-03 g/cm³ 000 chk   476
07/07/2020 23:51:00  18.18 °C  59.11 %  880.7 hPa 1.048E-03 g/cm³ 000 chk 25254
07/07/2020 23:52:00  18.18 °C  59.56 %  880.7 hPa 1.048E-03 g/cm³ 000 chk  7933
07/07/2020 23:53:00  18.18 °C  59.47 %  880.7 hPa 1.048E-03 g/cm³ 000 chk 39284
07/07/2020 23:54:00  18.18 °C  59.40 %  880.7 hPa 1.048E-03 g/cm³ 000 chk  3852
07/07/2020 23:55:00  18.18 °C  59.13 %  880.7 hPa 1.048E-03 g/cm³ 000 chk 53809
07/07/2020 23:56:00  18.18 °C  58.80 %  880.7 hPa 1.048E-03 g/cm³ 000 chk 35719
07/07/2020 23:57:00  18.18 °C  58.44 %  880.7 hPa 1.048E-03 g/cm³ 000 chk 21758
07/07/2020 23:58:00  18.18 °C  58.23 %  880.7 hPa 1.048E-03 g/cm³ 000 chk 38724
07/07/2020 23:59:00  18.18 °C  58.09 %  880.7 hPa 1.048E-03 g/cm³ 000 chk 36792
