11/05/2020 10:28:30  19.35 °C  63.32 %  881.4 hPa 1.043E-03 g/cm³ 000 chk 42429
11/05/2020 10:29:00  19.36 °C  63.45 %  881.5 hPa 1.043E-03 g/cm³ 000 chk 11610
11/05/2020 10:30:00  19.37 °C  63.14 %  881.5 hPa 1.043E-03 g/cm³ 000 chk  5409
11/05/2020 10:31:00  19.38 °C  63.21 %  881.5 hPa 1.043E-03 g/cm³ 000 chk 56760
11/05/2020 10:32:00  19.39 °C  63.02 %  881.6 hPa 1.043E-03 g/cm³ 000 chk  3891
11/05/2020 10:33:00  19.40 °C  63.08 %  881.6 hPa 1.043E-03 g/cm³ 000 chk 31663
11/05/2020 10:34:00  19.41 °C  63.31 %  881.6 hPa 1.043E-03 g/cm³ 000 chk 31330
11/05/2020 10:35:00  19.41 °C  63.88 %  881.6 hPa 1.043E-03 g/cm³ 000 chk  5339
11/05/2020 10:36:00  19.42 °C  63.38 %  881.6 hPa 1.043E-03 g/cm³ 000 chk 39017
11/05/2020 10:37:00  19.43 °C  63.46 %  881.7 hPa 1.043E-03 g/cm³ 000 chk 40089
11/05/2020 10:38:00  19.43 °C  63.65 %  881.7 hPa 1.043E-03 g/cm³ 000 chk 60311
11/05/2020 10:39:00  19.44 °C  63.17 %  881.7 hPa 1.043E-03 g/cm³ 000 chk 11957
11/05/2020 10:40:00  19.45 °C  63.08 %  881.7 hPa 1.043E-03 g/cm³ 000 chk 35206
11/05/2020 10:41:00  19.46 °C  63.13 %  881.7 hPa 1.043E-03 g/cm³ 000 chk 36431
11/05/2020 10:42:00  19.46 °C  62.86 %  881.7 hPa 1.043E-03 g/cm³ 000 chk 14841
11/05/2020 10:43:00  19.47 °C  62.87 %  881.7 hPa 1.043E-03 g/cm³ 000 chk 61340
11/05/2020 10:44:00  19.48 °C  63.00 %  881.7 hPa 1.043E-03 g/cm³ 000 chk 54235
11/05/2020 10:45:00  19.48 °C  62.73 %  881.7 hPa 1.043E-03 g/cm³ 000 chk 24225
11/05/2020 10:46:00  19.48 °C  62.68 %  881.7 hPa 1.043E-03 g/cm³ 000 chk 48736
11/05/2020 10:47:00  19.49 °C  62.77 %  881.7 hPa 1.043E-03 g/cm³ 000 chk 44587
11/05/2020 10:48:00  19.50 °C  62.76 %  881.7 hPa 1.043E-03 g/cm³ 000 chk 35873
11/05/2020 10:49:00  19.50 °C  62.76 %  881.7 hPa 1.043E-03 g/cm³ 000 chk  9861
11/05/2020 10:50:00  19.51 °C  62.44 %  881.7 hPa 1.043E-03 g/cm³ 000 chk 26896
11/05/2020 10:51:00  19.51 °C  62.44 %  881.7 hPa 1.043E-03 g/cm³ 000 chk 50100
11/05/2020 10:52:00  19.51 °C  62.45 %  881.7 hPa 1.043E-03 g/cm³ 000 chk 37210
11/05/2020 10:53:00  19.52 °C  62.53 %  881.7 hPa 1.043E-03 g/cm³ 000 chk 59281
11/05/2020 10:54:00  19.52 °C  62.54 %  881.7 hPa 1.043E-03 g/cm³ 000 chk 29161
11/05/2020 10:55:00  19.53 °C  62.50 %  881.7 hPa 1.043E-03 g/cm³ 000 chk 16012
11/05/2020 10:56:00  19.53 °C  62.37 %  881.7 hPa 1.043E-03 g/cm³ 000 chk 33420
11/05/2020 10:57:00  19.53 °C  62.58 %  881.7 hPa 1.043E-03 g/cm³ 000 chk 50117
11/05/2020 10:58:00  19.53 °C  62.65 %  881.7 hPa 1.043E-03 g/cm³ 000 chk 29413
11/05/2020 10:59:00  19.52 °C  62.69 %  881.6 hPa 1.043E-03 g/cm³ 000 chk 11478
11/05/2020 11:00:00  19.52 °C  62.63 %  881.6 hPa 1.043E-03 g/cm³ 000 chk 14179
11/05/2020 11:01:00  19.51 °C  62.39 %  881.6 hPa 1.043E-03 g/cm³ 000 chk  7454
11/05/2020 11:02:00  19.51 °C  62.57 %  881.6 hPa 1.043E-03 g/cm³ 000 chk 42013
11/05/2020 11:03:00  19.50 °C  62.98 %  881.6 hPa 1.043E-03 g/cm³ 000 chk 30118
11/05/2020 11:04:00  19.51 °C  63.06 %  881.5 hPa 1.043E-03 g/cm³ 000 chk 44475
11/05/2020 11:05:00  19.52 °C  63.10 %  881.5 hPa 1.043E-03 g/cm³ 000 chk 56176
11/05/2020 11:06:00  19.53 °C  63.11 %  881.5 hPa 1.043E-03 g/cm³ 000 chk  6238
11/05/2020 11:07:00  19.54 °C  63.14 %  881.5 hPa 1.043E-03 g/cm³ 000 chk  7871
11/05/2020 11:08:00  19.54 °C  63.33 %  881.5 hPa 1.043E-03 g/cm³ 000 chk  7600
11/05/2020 11:09:00  19.55 °C  63.25 %  881.4 hPa 1.043E-03 g/cm³ 000 chk 61868
11/05/2020 11:10:00  19.56 °C  63.12 %  881.4 hPa 1.042E-03 g/cm³ 000 chk 17531
11/05/2020 11:11:00  19.57 °C  63.08 %  881.4 hPa 1.042E-03 g/cm³ 000 chk 52528
11/05/2020 11:12:00  19.57 °C  63.10 %  881.4 hPa 1.042E-03 g/cm³ 000 chk 23281
11/05/2020 11:13:00  19.57 °C  62.98 %  881.4 hPa 1.042E-03 g/cm³ 000 chk 18722
11/05/2020 11:14:00  19.58 °C  63.06 %  881.4 hPa 1.042E-03 g/cm³ 000 chk 45130
11/05/2020 11:15:00  19.58 °C  63.09 %  881.4 hPa 1.042E-03 g/cm³ 000 chk 61933
11/05/2020 11:16:00  19.58 °C  63.03 %  881.4 hPa 1.042E-03 g/cm³ 000 chk 15361
11/05/2020 11:17:00  19.58 °C  63.08 %  881.4 hPa 1.042E-03 g/cm³ 000 chk  2471
11/05/2020 11:18:00  19.59 °C  63.06 %  881.4 hPa 1.042E-03 g/cm³ 000 chk 24112
11/05/2020 11:19:00  19.59 °C  62.87 %  881.4 hPa 1.042E-03 g/cm³ 000 chk 18656
11/05/2020 11:20:00  19.59 °C  62.71 %  881.4 hPa 1.042E-03 g/cm³ 000 chk 54333
11/05/2020 11:21:00  19.59 °C  62.80 %  881.3 hPa 1.042E-03 g/cm³ 000 chk 64665
11/05/2020 11:22:00  19.59 °C  62.87 %  881.3 hPa 1.042E-03 g/cm³ 000 chk 16503
11/05/2020 11:23:00  19.59 °C  62.74 %  881.4 hPa 1.042E-03 g/cm³ 000 chk 62162
11/05/2020 11:24:00  19.59 °C  62.83 %  881.3 hPa 1.042E-03 g/cm³ 000 chk  2987
11/05/2020 11:25:00  19.59 °C  62.79 %  881.3 hPa 1.042E-03 g/cm³ 000 chk 53927
11/05/2020 11:26:00  19.59 °C  62.87 %  881.4 hPa 1.042E-03 g/cm³ 000 chk  1099
11/05/2020 11:27:00  19.58 °C  62.98 %  881.3 hPa 1.042E-03 g/cm³ 000 chk 31402
11/05/2020 11:28:00  19.58 °C  62.88 %  881.4 hPa 1.042E-03 g/cm³ 000 chk  5241
11/05/2020 11:29:00  19.57 °C  62.90 %  881.4 hPa 1.042E-03 g/cm³ 000 chk 28089
11/05/2020 11:30:00  19.57 °C  62.78 %  881.4 hPa 1.042E-03 g/cm³ 000 chk    31
11/05/2020 11:31:00  19.56 °C  62.84 %  881.3 hPa 1.042E-03 g/cm³ 000 chk 51321
11/05/2020 11:32:00  19.55 °C  62.91 %  881.3 hPa 1.042E-03 g/cm³ 000 chk 56569
11/05/2020 11:33:00  19.54 °C  62.99 %  881.3 hPa 1.042E-03 g/cm³ 000 chk  3999
11/05/2020 11:34:00  19.54 °C  62.87 %  881.3 hPa 1.043E-03 g/cm³ 000 chk 23561
11/05/2020 11:35:00  19.53 °C  63.14 %  881.3 hPa 1.042E-03 g/cm³ 000 chk  9584
11/05/2020 11:36:00  19.53 °C  63.10 %  881.2 hPa 1.042E-03 g/cm³ 000 chk  6090
11/05/2020 11:37:00  19.52 °C  63.01 %  881.2 hPa 1.042E-03 g/cm³ 000 chk   387
11/05/2020 11:38:00  19.52 °C  63.09 %  881.1 hPa 1.042E-03 g/cm³ 000 chk 25131
11/05/2020 11:39:00  19.52 °C  63.12 %  881.1 hPa 1.042E-03 g/cm³ 000 chk 38817
11/05/2020 11:40:00  19.51 °C  63.01 %  881.1 hPa 1.042E-03 g/cm³ 000 chk 53010
11/05/2020 11:41:00  19.51 °C  62.85 %  881.1 hPa 1.042E-03 g/cm³ 000 chk 16578
11/05/2020 11:42:00  19.50 °C  62.99 %  881.0 hPa 1.042E-03 g/cm³ 000 chk 52118
11/05/2020 11:43:00  19.50 °C  63.03 %  881.1 hPa 1.042E-03 g/cm³ 000 chk 31548
11/05/2020 11:44:00  19.49 °C  63.04 %  881.1 hPa 1.042E-03 g/cm³ 000 chk 57882
11/05/2020 11:45:00  19.49 °C  63.14 %  881.1 hPa 1.042E-03 g/cm³ 000 chk 34962
11/05/2020 11:46:00  19.49 °C  63.06 %  881.1 hPa 1.042E-03 g/cm³ 000 chk 27984
11/05/2020 11:47:00  19.49 °C  63.31 %  881.1 hPa 1.042E-03 g/cm³ 000 chk 50306
11/05/2020 11:48:00  19.48 °C  63.40 %  881.1 hPa 1.042E-03 g/cm³ 000 chk 47316
11/05/2020 11:49:00  19.48 °C  63.37 %  881.0 hPa 1.042E-03 g/cm³ 000 chk 10471
11/05/2020 11:50:00  19.48 °C  63.24 %  881.0 hPa 1.042E-03 g/cm³ 000 chk 56296
11/05/2020 11:51:00  19.48 °C  63.07 %  881.0 hPa 1.042E-03 g/cm³ 000 chk 50711
11/05/2020 11:52:00  19.48 °C  63.24 %  881.0 hPa 1.042E-03 g/cm³ 000 chk 52899
11/05/2020 11:53:00  19.47 °C  63.10 %  880.9 hPa 1.042E-03 g/cm³ 000 chk 55867
11/05/2020 11:54:00  19.47 °C  63.12 %  880.9 hPa 1.042E-03 g/cm³ 000 chk 54595
11/05/2020 11:55:00  19.47 °C  63.13 %  880.9 hPa 1.042E-03 g/cm³ 000 chk 37606
11/05/2020 11:56:00  19.46 °C  63.08 %  880.8 hPa 1.042E-03 g/cm³ 000 chk  6835
11/05/2020 11:57:00  19.46 °C  63.09 %  880.8 hPa 1.042E-03 g/cm³ 000 chk 23830
11/05/2020 11:58:00  19.46 °C  63.19 %  880.8 hPa 1.042E-03 g/cm³ 000 chk 23919
11/05/2020 11:59:00  19.46 °C  63.03 %  880.8 hPa 1.042E-03 g/cm³ 000 chk 17892
11/05/2020 12:00:00  19.45 °C  63.07 %  880.8 hPa 1.042E-03 g/cm³ 000 chk 11374
11/05/2020 12:01:00  19.45 °C  62.92 %  880.7 hPa 1.042E-03 g/cm³ 000 chk 43667
11/05/2020 12:02:00  19.45 °C  62.90 %  880.7 hPa 1.042E-03 g/cm³ 000 chk 36733
11/05/2020 12:03:00  19.45 °C  62.83 %  880.7 hPa 1.042E-03 g/cm³ 000 chk 37621
11/05/2020 12:04:00  19.45 °C  62.98 %  880.7 hPa 1.042E-03 g/cm³ 000 chk 22690
11/05/2020 12:05:00  19.45 °C  62.84 %  880.7 hPa 1.042E-03 g/cm³ 000 chk 44585
11/05/2020 12:06:00  19.44 °C  63.02 %  880.6 hPa 1.042E-03 g/cm³ 000 chk 50727
11/05/2020 12:07:00  19.44 °C  62.79 %  880.6 hPa 1.042E-03 g/cm³ 000 chk 41823
11/05/2020 12:08:00  19.44 °C  62.96 %  880.6 hPa 1.042E-03 g/cm³ 000 chk 18830
11/05/2020 12:09:00  19.44 °C  62.97 %  880.6 hPa 1.042E-03 g/cm³ 000 chk  3627
11/05/2020 12:10:00  19.43 °C  62.88 %  880.6 hPa 1.042E-03 g/cm³ 000 chk 21602
11/05/2020 12:11:00  19.43 °C  62.76 %  880.5 hPa 1.042E-03 g/cm³ 000 chk 45712
11/05/2020 12:12:00  19.43 °C  62.86 %  880.5 hPa 1.042E-03 g/cm³ 000 chk  3284
11/05/2020 12:13:00  19.43 °C  62.89 %  880.5 hPa 1.042E-03 g/cm³ 000 chk 19827
11/05/2020 12:14:00  19.43 °C  62.67 %  880.5 hPa 1.042E-03 g/cm³ 000 chk  8079
11/05/2020 12:15:00  19.43 °C  62.74 %  880.5 hPa 1.042E-03 g/cm³ 000 chk   519
11/05/2020 12:16:00  19.43 °C  62.82 %  880.5 hPa 1.042E-03 g/cm³ 000 chk 21059
11/05/2020 12:17:00  19.43 °C  62.84 %  880.4 hPa 1.042E-03 g/cm³ 000 chk 61363
11/05/2020 12:18:00  19.43 °C  62.95 %  880.4 hPa 1.042E-03 g/cm³ 000 chk   715
11/05/2020 12:19:00  19.43 °C  62.83 %  880.4 hPa 1.042E-03 g/cm³ 000 chk 34371
11/05/2020 12:20:00  19.43 °C  62.71 %  880.4 hPa 1.042E-03 g/cm³ 000 chk 28319
11/05/2020 12:21:00  19.43 °C  62.99 %  880.4 hPa 1.042E-03 g/cm³ 000 chk 60862
11/05/2020 12:22:00  19.42 °C  63.00 %  880.4 hPa 1.042E-03 g/cm³ 000 chk 22475
11/05/2020 12:23:00  19.42 °C  62.98 %  880.4 hPa 1.042E-03 g/cm³ 000 chk 33844
11/05/2020 12:24:00  19.42 °C  62.90 %  880.5 hPa 1.042E-03 g/cm³ 000 chk    27
11/05/2020 12:25:00  19.42 °C  63.05 %  880.4 hPa 1.042E-03 g/cm³ 000 chk 23474
11/05/2020 12:26:00  19.42 °C  63.10 %  880.4 hPa 1.042E-03 g/cm³ 000 chk 48497
11/05/2020 12:27:00  19.42 °C  63.21 %  880.5 hPa 1.042E-03 g/cm³ 000 chk  1015
11/05/2020 12:28:00  19.42 °C  63.21 %  880.5 hPa 1.042E-03 g/cm³ 000 chk 50082
11/05/2020 12:29:00  19.43 °C  63.45 %  880.5 hPa 1.042E-03 g/cm³ 000 chk 35881
11/05/2020 12:30:00  19.43 °C  63.38 %  880.4 hPa 1.042E-03 g/cm³ 000 chk 32926
11/05/2020 12:31:00  19.43 °C  63.39 %  880.4 hPa 1.042E-03 g/cm³ 000 chk 51003
11/05/2020 12:32:00  19.43 °C  63.46 %  880.4 hPa 1.042E-03 g/cm³ 000 chk 21269
11/05/2020 12:33:00  19.43 °C  63.69 %  880.4 hPa 1.042E-03 g/cm³ 000 chk 53993
11/05/2020 12:34:00  19.43 °C  63.66 %  880.4 hPa 1.042E-03 g/cm³ 000 chk 44179
11/05/2020 12:35:00  19.43 °C  63.76 %  880.4 hPa 1.042E-03 g/cm³ 000 chk 50715
11/05/2020 12:36:00  19.43 °C  63.70 %  880.4 hPa 1.042E-03 g/cm³ 000 chk 38900
11/05/2020 12:37:00  19.43 °C  63.89 %  880.4 hPa 1.042E-03 g/cm³ 000 chk 14840
11/05/2020 12:38:00  19.43 °C  63.85 %  880.4 hPa 1.042E-03 g/cm³ 000 chk 26030
11/05/2020 12:39:00  19.44 °C  63.93 %  880.5 hPa 1.042E-03 g/cm³ 000 chk 11575
11/05/2020 12:40:00  19.44 °C  63.98 %  880.5 hPa 1.042E-03 g/cm³ 000 chk 45033
11/05/2020 12:41:00  19.44 °C  63.83 %  880.5 hPa 1.042E-03 g/cm³ 000 chk 23139
11/05/2020 12:42:00  19.44 °C  63.76 %  880.4 hPa 1.042E-03 g/cm³ 000 chk 33907
11/05/2020 12:43:00  19.44 °C  64.07 %  880.4 hPa 1.042E-03 g/cm³ 000 chk 13125
11/05/2020 12:44:00  19.45 °C  64.24 %  880.3 hPa 1.041E-03 g/cm³ 000 chk 61262
11/05/2020 12:45:00  19.45 °C  64.34 %  880.3 hPa 1.041E-03 g/cm³ 000 chk 34246
11/05/2020 12:46:00  19.47 °C  64.00 %  880.3 hPa 1.041E-03 g/cm³ 000 chk 11740
11/05/2020 12:47:00  19.48 °C  63.88 %  880.3 hPa 1.041E-03 g/cm³ 000 chk 25864
11/05/2020 12:48:00  19.49 °C  64.07 %  880.3 hPa 1.041E-03 g/cm³ 000 chk 11942
11/05/2020 12:49:00  19.51 °C  63.58 %  880.3 hPa 1.041E-03 g/cm³ 000 chk 49495
11/05/2020 12:50:00  19.52 °C  63.53 %  880.3 hPa 1.041E-03 g/cm³ 000 chk 59445
11/05/2020 12:51:00  19.53 °C  63.35 %  880.3 hPa 1.041E-03 g/cm³ 000 chk 15807
11/05/2020 12:52:00  19.53 °C  63.02 %  880.3 hPa 1.041E-03 g/cm³ 000 chk 33062
11/05/2020 12:53:00  19.53 °C  63.01 %  880.2 hPa 1.041E-03 g/cm³ 000 chk 42454
11/05/2020 12:54:00  19.54 °C  63.00 %  880.2 hPa 1.041E-03 g/cm³ 000 chk 59627
11/05/2020 12:55:00  19.54 °C  62.98 %  880.1 hPa 1.041E-03 g/cm³ 000 chk 28907
11/05/2020 12:56:00  19.54 °C  62.98 %  880.1 hPa 1.041E-03 g/cm³ 000 chk 52996
11/05/2020 12:57:00  19.55 °C  62.95 %  880.1 hPa 1.041E-03 g/cm³ 000 chk 34146
11/05/2020 12:58:00  19.55 °C  62.77 %  880.1 hPa 1.041E-03 g/cm³ 000 chk  7857
11/05/2020 12:59:00  19.56 °C  62.75 %  880.0 hPa 1.041E-03 g/cm³ 000 chk  9475
11/05/2020 13:00:00  19.57 °C  62.73 %  880.0 hPa 1.041E-03 g/cm³ 000 chk 13173
11/05/2020 13:01:00  19.57 °C  62.54 %  880.0 hPa 1.041E-03 g/cm³ 000 chk 23179
11/05/2020 13:02:00  19.57 °C  62.48 %  879.9 hPa 1.041E-03 g/cm³ 000 chk 57263
11/05/2020 13:03:00  19.58 °C  62.36 %  880.0 hPa 1.041E-03 g/cm³ 000 chk 11877
11/05/2020 13:04:00  19.58 °C  62.37 %  879.9 hPa 1.041E-03 g/cm³ 000 chk 12537
11/05/2020 13:05:00  19.59 °C  62.40 %  879.9 hPa 1.041E-03 g/cm³ 000 chk 51294
11/05/2020 13:06:00  19.59 °C  62.46 %  879.9 hPa 1.041E-03 g/cm³ 000 chk 39345
11/05/2020 13:07:00  19.60 °C  62.53 %  879.9 hPa 1.041E-03 g/cm³ 000 chk 50245
11/05/2020 13:08:00  19.60 °C  62.68 %  879.9 hPa 1.041E-03 g/cm³ 000 chk 39781
11/05/2020 13:09:00  19.60 °C  62.37 %  879.9 hPa 1.041E-03 g/cm³ 000 chk 55899
11/05/2020 13:10:00  19.61 °C  62.11 %  879.9 hPa 1.041E-03 g/cm³ 000 chk  8675
11/05/2020 13:11:00  19.61 °C  62.54 %  879.9 hPa 1.041E-03 g/cm³ 000 chk 54002
11/05/2020 13:12:00  19.62 °C  62.73 %  879.9 hPa 1.041E-03 g/cm³ 000 chk 23556
11/05/2020 13:13:00  19.62 °C  62.26 %  879.9 hPa 1.041E-03 g/cm³ 000 chk 28473
11/05/2020 13:14:00  19.62 °C  62.18 %  880.0 hPa 1.041E-03 g/cm³ 000 chk 39633
11/05/2020 13:15:00  19.62 °C  62.17 %  880.0 hPa 1.041E-03 g/cm³ 000 chk 56182
11/05/2020 13:16:00  19.61 °C  62.11 %  880.0 hPa 1.041E-03 g/cm³ 000 chk 30938
11/05/2020 13:17:00  19.61 °C  62.17 %  880.0 hPa 1.041E-03 g/cm³ 000 chk 15486
11/05/2020 13:18:00  19.61 °C  62.12 %  880.1 hPa 1.041E-03 g/cm³ 000 chk 40063
11/05/2020 13:19:00  19.60 °C  62.68 %  880.1 hPa 1.041E-03 g/cm³ 000 chk  5594
11/05/2020 13:20:00  19.61 °C  61.96 %  880.1 hPa 1.041E-03 g/cm³ 000 chk   226
11/05/2020 13:21:00  19.62 °C  62.45 %  880.2 hPa 1.041E-03 g/cm³ 000 chk 21805
11/05/2020 13:22:00  19.63 °C  62.59 %  880.2 hPa 1.041E-03 g/cm³ 000 chk 10029
11/05/2020 13:23:00  19.64 °C  62.40 %  880.3 hPa 1.041E-03 g/cm³ 000 chk 33975
11/05/2020 13:24:00  19.65 °C  62.38 %  880.3 hPa 1.041E-03 g/cm³ 000 chk 43214
11/05/2020 13:25:00  19.67 °C  62.74 %  880.4 hPa 1.041E-03 g/cm³ 000 chk 21493
11/05/2020 13:26:00  19.68 °C  62.53 %  880.4 hPa 1.041E-03 g/cm³ 000 chk 54282
11/05/2020 13:27:00  19.70 °C  62.88 %  880.4 hPa 1.041E-03 g/cm³ 000 chk 48834
11/05/2020 13:28:00  19.71 °C  62.99 %  880.3 hPa 1.041E-03 g/cm³ 000 chk 44240
11/05/2020 13:29:00  19.72 °C  62.86 %  880.3 hPa 1.040E-03 g/cm³ 000 chk 57305
11/05/2020 13:30:00  19.73 °C  62.81 %  880.3 hPa 1.040E-03 g/cm³ 000 chk  2363
11/05/2020 13:31:00  19.74 °C  62.67 %  880.3 hPa 1.040E-03 g/cm³ 000 chk 47453
11/05/2020 13:32:00  19.75 °C  62.53 %  880.3 hPa 1.040E-03 g/cm³ 000 chk 58116
11/05/2020 13:33:00  19.77 °C  62.52 %  880.3 hPa 1.040E-03 g/cm³ 000 chk 50978
11/05/2020 13:34:00  19.77 °C  62.49 %  880.3 hPa 1.040E-03 g/cm³ 000 chk  3445
11/05/2020 13:35:00  19.77 °C  62.81 %  880.3 hPa 1.040E-03 g/cm³ 000 chk 19983
11/05/2020 13:36:00  19.77 °C  63.06 %  880.2 hPa 1.040E-03 g/cm³ 000 chk 23232
11/05/2020 13:37:00  19.78 °C  62.91 %  880.2 hPa 1.040E-03 g/cm³ 000 chk 39286
11/05/2020 13:38:00  19.78 °C  62.91 %  880.3 hPa 1.040E-03 g/cm³ 000 chk 41079
11/05/2020 13:39:00  19.77 °C  62.73 %  880.2 hPa 1.040E-03 g/cm³ 000 chk 21323
11/05/2020 13:40:00  19.77 °C  62.73 %  880.2 hPa 1.040E-03 g/cm³ 000 chk 20119
11/05/2020 13:41:00  19.77 °C  63.00 %  880.2 hPa 1.040E-03 g/cm³ 000 chk 50157
11/05/2020 13:42:00  19.77 °C  63.32 %  880.2 hPa 1.040E-03 g/cm³ 000 chk 58996
11/05/2020 13:43:00  19.78 °C  63.54 %  880.2 hPa 1.040E-03 g/cm³ 000 chk 22900
11/05/2020 13:44:00  19.78 °C  63.77 %  880.1 hPa 1.040E-03 g/cm³ 000 chk 12457
11/05/2020 13:45:00  19.79 °C  63.81 %  880.1 hPa 1.040E-03 g/cm³ 000 chk 58470
11/05/2020 13:46:00  19.78 °C  63.73 %  880.1 hPa 1.040E-03 g/cm³ 000 chk 20963
11/05/2020 13:47:00  19.79 °C  63.96 %  880.0 hPa 1.040E-03 g/cm³ 000 chk 52052
11/05/2020 13:48:00  19.79 °C  63.53 %  880.0 hPa 1.040E-03 g/cm³ 000 chk 37853
11/05/2020 13:49:00  19.79 °C  63.55 %  880.0 hPa 1.040E-03 g/cm³ 000 chk 55161
11/05/2020 13:50:00  19.79 °C  62.96 %  880.0 hPa 1.040E-03 g/cm³ 000 chk 30106
11/05/2020 13:51:00  19.79 °C  62.88 %  880.0 hPa 1.040E-03 g/cm³ 000 chk  6416
11/05/2020 13:52:00  19.80 °C  62.81 %  880.0 hPa 1.040E-03 g/cm³ 000 chk  2889
11/05/2020 13:53:00  19.79 °C  63.18 %  880.0 hPa 1.040E-03 g/cm³ 000 chk 40194
11/05/2020 13:54:00  19.80 °C  62.81 %  880.0 hPa 1.040E-03 g/cm³ 000 chk 13460
11/05/2020 13:55:00  19.80 °C  62.67 %  880.0 hPa 1.040E-03 g/cm³ 000 chk 45495
11/05/2020 13:56:00  19.80 °C  62.77 %  880.0 hPa 1.040E-03 g/cm³ 000 chk 52852
11/05/2020 13:57:00  19.80 °C  62.62 %  880.0 hPa 1.040E-03 g/cm³ 000 chk 15868
11/05/2020 13:58:00  19.80 °C  62.54 %  880.0 hPa 1.040E-03 g/cm³ 000 chk  5086
11/05/2020 13:59:00  19.80 °C  62.35 %  880.0 hPa 1.040E-03 g/cm³ 000 chk 21653
11/05/2020 14:00:00  19.80 °C  62.36 %  880.0 hPa 1.040E-03 g/cm³ 000 chk 32930
11/05/2020 14:01:00  19.81 °C  62.29 %  880.0 hPa 1.040E-03 g/cm³ 000 chk 37097
11/05/2020 14:02:00  19.81 °C  62.35 %  880.0 hPa 1.040E-03 g/cm³ 000 chk 29481
11/05/2020 14:03:00  19.80 °C  62.40 %  879.9 hPa 1.040E-03 g/cm³ 000 chk 30571
11/05/2020 14:04:00  19.80 °C  62.40 %  879.9 hPa 1.040E-03 g/cm³ 000 chk 57874
11/05/2020 14:05:00  19.80 °C  62.40 %  879.9 hPa 1.040E-03 g/cm³ 000 chk 18614
11/05/2020 14:06:00  19.79 °C  62.21 %  879.9 hPa 1.040E-03 g/cm³ 000 chk 45571
11/05/2020 14:07:00  19.79 °C  62.19 %  879.9 hPa 1.040E-03 g/cm³ 000 chk 61650
11/05/2020 14:08:00  19.78 °C  61.99 %  879.8 hPa 1.040E-03 g/cm³ 000 chk 26973
11/05/2020 14:09:00  19.76 °C  61.77 %  879.8 hPa 1.040E-03 g/cm³ 000 chk 28406
11/05/2020 14:10:00  19.75 °C  61.63 %  879.8 hPa 1.040E-03 g/cm³ 000 chk 27835
11/05/2020 14:11:00  19.74 °C  61.63 %  879.8 hPa 1.040E-03 g/cm³ 000 chk 22495
11/05/2020 14:12:00  19.74 °C  61.70 %  879.8 hPa 1.040E-03 g/cm³ 000 chk 24348
11/05/2020 14:13:00  19.74 °C  61.82 %  879.8 hPa 1.040E-03 g/cm³ 000 chk 28178
11/05/2020 14:14:00  19.74 °C  61.56 %  879.7 hPa 1.040E-03 g/cm³ 000 chk 27290
11/05/2020 14:15:00  19.74 °C  61.99 %  879.7 hPa 1.040E-03 g/cm³ 000 chk 10977
11/05/2020 14:16:00  19.74 °C  62.06 %  879.7 hPa 1.040E-03 g/cm³ 000 chk 36719
11/05/2020 14:17:00  19.74 °C  61.93 %  879.7 hPa 1.040E-03 g/cm³ 000 chk 19881
11/05/2020 14:18:00  19.74 °C  61.68 %  879.6 hPa 1.040E-03 g/cm³ 000 chk 59905
11/05/2020 14:19:00  19.74 °C  61.79 %  879.6 hPa 1.040E-03 g/cm³ 000 chk 28040
11/05/2020 14:20:00  19.74 °C  61.69 %  879.6 hPa 1.040E-03 g/cm³ 000 chk 57042
11/05/2020 14:21:00  19.75 °C  61.60 %  879.6 hPa 1.040E-03 g/cm³ 000 chk 57525
11/05/2020 14:22:00  19.75 °C  62.07 %  879.5 hPa 1.040E-03 g/cm³ 000 chk 59245
11/05/2020 14:23:00  19.76 °C  62.21 %  879.5 hPa 1.039E-03 g/cm³ 000 chk 42330
11/05/2020 14:24:00  19.77 °C  62.28 %  879.5 hPa 1.039E-03 g/cm³ 000 chk 42208
11/05/2020 14:25:00  19.77 °C  62.47 %  879.4 hPa 1.039E-03 g/cm³ 000 chk  7421
11/05/2020 14:26:00  19.78 °C  62.45 %  879.5 hPa 1.039E-03 g/cm³ 000 chk 15117
11/05/2020 14:27:00  19.78 °C  62.29 %  879.5 hPa 1.039E-03 g/cm³ 000 chk  3396
11/05/2020 14:28:00  19.79 °C  62.31 %  879.5 hPa 1.039E-03 g/cm³ 000 chk 29951
11/05/2020 14:29:00  19.79 °C  62.18 %  879.5 hPa 1.039E-03 g/cm³ 000 chk  6915
11/05/2020 14:30:00  19.80 °C  62.22 %  879.5 hPa 1.039E-03 g/cm³ 000 chk 34273
11/05/2020 14:31:00  19.79 °C  62.16 %  879.5 hPa 1.039E-03 g/cm³ 000 chk 62342
11/05/2020 14:32:00  19.79 °C  62.24 %  879.4 hPa 1.039E-03 g/cm³ 000 chk 12107
11/05/2020 14:33:00  19.79 °C  62.31 %  879.4 hPa 1.039E-03 g/cm³ 000 chk 56515
11/05/2020 14:34:00  19.79 °C  62.36 %  879.4 hPa 1.039E-03 g/cm³ 000 chk 19131
11/05/2020 14:35:00  19.79 °C  62.39 %  879.4 hPa 1.039E-03 g/cm³ 000 chk  2844
11/05/2020 14:36:00  19.79 °C  62.45 %  879.4 hPa 1.039E-03 g/cm³ 000 chk 59442
11/05/2020 14:37:00  19.79 °C  62.37 %  879.4 hPa 1.039E-03 g/cm³ 000 chk  6229
11/05/2020 14:38:00  19.79 °C  62.30 %  879.4 hPa 1.039E-03 g/cm³ 000 chk 56065
11/05/2020 14:39:00  19.79 °C  62.07 %  879.4 hPa 1.039E-03 g/cm³ 000 chk 29395
11/05/2020 14:40:00  19.80 °C  62.10 %  879.4 hPa 1.039E-03 g/cm³ 000 chk  1175
11/05/2020 14:41:00  19.79 °C  62.18 %  879.4 hPa 1.039E-03 g/cm³ 000 chk 61060
11/05/2020 14:42:00  19.80 °C  62.29 %  879.4 hPa 1.039E-03 g/cm³ 000 chk  5288
11/05/2020 14:43:00  19.80 °C  62.23 %  879.5 hPa 1.039E-03 g/cm³ 000 chk 13659
11/05/2020 14:44:00  19.80 °C  62.53 %  879.5 hPa 1.039E-03 g/cm³ 000 chk 24800
11/05/2020 14:45:00  19.81 °C  62.67 %  879.5 hPa 1.039E-03 g/cm³ 000 chk 12274
11/05/2020 14:46:00  19.82 °C  63.08 %  879.4 hPa 1.039E-03 g/cm³ 000 chk 57595
11/05/2020 14:47:00  19.83 °C  63.10 %  879.4 hPa 1.039E-03 g/cm³ 000 chk 62385
11/05/2020 14:48:00  19.84 °C  62.60 %  879.4 hPa 1.039E-03 g/cm³ 000 chk 22143
11/05/2020 14:49:00  19.85 °C  62.43 %  879.4 hPa 1.039E-03 g/cm³ 000 chk 55872
11/05/2020 14:50:00  19.86 °C  63.10 %  879.4 hPa 1.039E-03 g/cm³ 000 chk 35749
11/05/2020 14:51:00  19.87 °C  63.53 %  879.4 hPa 1.039E-03 g/cm³ 000 chk  1908
11/05/2020 14:52:00  19.88 °C  62.92 %  879.4 hPa 1.039E-03 g/cm³ 000 chk 16144
11/05/2020 14:53:00  19.90 °C  63.27 %  879.4 hPa 1.039E-03 g/cm³ 000 chk 49960
11/05/2020 14:54:00  19.91 °C  63.24 %  879.3 hPa 1.039E-03 g/cm³ 000 chk 56891
11/05/2020 14:55:00  19.92 °C  63.23 %  879.3 hPa 1.039E-03 g/cm³ 000 chk 34269
11/05/2020 14:56:00  19.93 °C  62.72 %  879.3 hPa 1.039E-03 g/cm³ 000 chk 54902
11/05/2020 14:57:00  19.93 °C  63.41 %  879.3 hPa 1.038E-03 g/cm³ 000 chk 39800
11/05/2020 14:58:00  19.94 °C  63.06 %  879.2 hPa 1.038E-03 g/cm³ 000 chk 21640
11/05/2020 14:59:00  19.95 °C  63.01 %  879.2 hPa 1.038E-03 g/cm³ 000 chk 27885
11/05/2020 15:00:00  19.96 °C  62.81 %  879.2 hPa 1.038E-03 g/cm³ 000 chk 42605
11/05/2020 15:01:00  19.97 °C  62.97 %  879.2 hPa 1.038E-03 g/cm³ 000 chk 45861
11/05/2020 15:02:00  19.97 °C  62.98 %  879.2 hPa 1.038E-03 g/cm³ 000 chk 59337
11/05/2020 15:03:00  19.98 °C  62.70 %  879.2 hPa 1.038E-03 g/cm³ 000 chk 40866
11/05/2020 15:04:00  19.99 °C  62.83 %  879.2 hPa 1.038E-03 g/cm³ 000 chk 60848
11/05/2020 15:05:00  20.00 °C  62.65 %  879.1 hPa 1.038E-03 g/cm³ 000 chk 36865
11/05/2020 15:06:00  20.01 °C  62.58 %  879.1 hPa 1.038E-03 g/cm³ 000 chk 53083
11/05/2020 15:07:00  20.01 °C  62.88 %  879.0 hPa 1.038E-03 g/cm³ 000 chk 23899
11/05/2020 15:08:00  20.01 °C  63.00 %  879.0 hPa 1.038E-03 g/cm³ 000 chk  9337
11/05/2020 15:09:00  20.00 °C  63.04 %  879.0 hPa 1.038E-03 g/cm³ 000 chk 27420
11/05/2020 15:10:00  19.99 °C  63.02 %  879.0 hPa 1.038E-03 g/cm³ 000 chk 29266
11/05/2020 15:11:00  19.98 °C  62.53 %  879.1 hPa 1.038E-03 g/cm³ 000 chk 52710
11/05/2020 15:12:00  19.98 °C  62.70 %  879.1 hPa 1.038E-03 g/cm³ 000 chk 50514
11/05/2020 15:13:00  19.98 °C  63.03 %  879.1 hPa 1.038E-03 g/cm³ 000 chk 18472
11/05/2020 15:14:00  19.97 °C  63.04 %  879.1 hPa 1.038E-03 g/cm³ 000 chk  9498
11/05/2020 15:15:00  19.97 °C  63.08 %  879.1 hPa 1.038E-03 g/cm³ 000 chk  5053
11/05/2020 15:16:00  19.98 °C  63.04 %  879.1 hPa 1.038E-03 g/cm³ 000 chk 51995
11/05/2020 15:17:00  19.98 °C  62.97 %  879.1 hPa 1.038E-03 g/cm³ 000 chk 34790
11/05/2020 15:18:00  19.99 °C  63.23 %  879.1 hPa 1.038E-03 g/cm³ 000 chk 62320
11/05/2020 15:19:00  19.99 °C  63.08 %  879.1 hPa 1.038E-03 g/cm³ 000 chk  1677
11/05/2020 15:20:00  19.99 °C  63.04 %  879.1 hPa 1.038E-03 g/cm³ 000 chk 59896
11/05/2020 15:21:00  19.99 °C  63.06 %  879.1 hPa 1.038E-03 g/cm³ 000 chk 55645
11/05/2020 15:22:00  20.00 °C  63.16 %  879.1 hPa 1.038E-03 g/cm³ 000 chk  5619
11/05/2020 15:23:00  20.01 °C  63.17 %  879.1 hPa 1.038E-03 g/cm³ 000 chk 50070
11/05/2020 15:24:00  20.01 °C  63.23 %  879.1 hPa 1.038E-03 g/cm³ 000 chk  8857
11/05/2020 15:25:00  20.01 °C  63.37 %  879.1 hPa 1.038E-03 g/cm³ 000 chk 15376
11/05/2020 15:26:00  20.02 °C  63.37 %  879.1 hPa 1.038E-03 g/cm³ 000 chk 29116
11/05/2020 15:27:00  20.02 °C  63.10 %  879.1 hPa 1.038E-03 g/cm³ 000 chk  6210
11/05/2020 15:28:00  20.02 °C  63.11 %  879.1 hPa 1.038E-03 g/cm³ 000 chk 13590
11/05/2020 15:29:00  20.02 °C  63.33 %  879.1 hPa 1.038E-03 g/cm³ 000 chk 50664
11/05/2020 15:30:00  20.02 °C  63.65 %  879.1 hPa 1.038E-03 g/cm³ 000 chk 28498
11/05/2020 15:31:00  20.02 °C  63.51 %  879.1 hPa 1.038E-03 g/cm³ 000 chk 45440
11/05/2020 15:32:00  20.02 °C  63.66 %  879.1 hPa 1.038E-03 g/cm³ 000 chk  3353
11/05/2020 15:33:00  20.02 °C  63.48 %  879.1 hPa 1.038E-03 g/cm³ 000 chk 25060
11/05/2020 15:34:00  20.02 °C  63.56 %  879.1 hPa 1.038E-03 g/cm³ 000 chk 12979
11/05/2020 15:35:00  20.02 °C  63.50 %  879.1 hPa 1.038E-03 g/cm³ 000 chk 30231
11/05/2020 15:36:00  20.02 °C  63.48 %  879.1 hPa 1.038E-03 g/cm³ 000 chk 57814
11/05/2020 15:37:00  20.03 °C  63.31 %  879.1 hPa 1.038E-03 g/cm³ 000 chk  8051
11/05/2020 15:38:00  20.03 °C  63.41 %  879.1 hPa 1.038E-03 g/cm³ 000 chk  8164
11/05/2020 15:39:00  20.03 °C  63.35 %  879.1 hPa 1.038E-03 g/cm³ 000 chk   387
11/05/2020 15:40:00  20.03 °C  63.24 %  879.1 hPa 1.038E-03 g/cm³ 000 chk 12658
11/05/2020 15:41:00  20.03 °C  63.15 %  879.1 hPa 1.038E-03 g/cm³ 000 chk 30368
11/05/2020 15:42:00  20.04 °C  63.25 %  879.1 hPa 1.038E-03 g/cm³ 000 chk 64637
11/05/2020 15:43:00  20.04 °C  63.25 %  879.1 hPa 1.038E-03 g/cm³ 000 chk 22233
11/05/2020 15:44:00  20.04 °C  63.40 %  879.1 hPa 1.038E-03 g/cm³ 000 chk 23118
11/05/2020 15:45:00  20.04 °C  63.34 %  879.1 hPa 1.038E-03 g/cm³ 000 chk 17449
11/05/2020 15:46:00  20.04 °C  63.56 %  879.1 hPa 1.038E-03 g/cm³ 000 chk 24873
11/05/2020 15:47:00  20.04 °C  63.23 %  879.1 hPa 1.038E-03 g/cm³ 000 chk 37455
11/05/2020 15:48:00  20.04 °C  63.25 %  879.1 hPa 1.038E-03 g/cm³ 000 chk 48154
11/05/2020 15:49:00  20.04 °C  63.24 %  879.2 hPa 1.038E-03 g/cm³ 000 chk 45120
11/05/2020 15:50:00  20.04 °C  63.29 %  879.2 hPa 1.038E-03 g/cm³ 000 chk 34145
11/05/2020 15:51:00  20.04 °C  63.28 %  879.1 hPa 1.038E-03 g/cm³ 000 chk 35131
11/05/2020 15:52:00  20.05 °C  63.48 %  879.2 hPa 1.038E-03 g/cm³ 000 chk 60421
11/05/2020 15:53:00  20.05 °C  63.68 %  879.2 hPa 1.038E-03 g/cm³ 000 chk 34554
11/05/2020 15:54:00  20.05 °C  63.60 %  879.2 hPa 1.038E-03 g/cm³ 000 chk 64385
11/05/2020 15:55:00  20.05 °C  63.55 %  879.2 hPa 1.038E-03 g/cm³ 000 chk 51282
11/05/2020 15:56:00  20.05 °C  63.59 %  879.2 hPa 1.038E-03 g/cm³ 000 chk 60350
11/05/2020 15:57:00  20.06 °C  63.61 %  879.2 hPa 1.038E-03 g/cm³ 000 chk 23340
11/05/2020 15:58:00  20.06 °C  64.12 %  879.2 hPa 1.038E-03 g/cm³ 000 chk  7402
11/05/2020 15:59:00  20.06 °C  63.52 %  879.2 hPa 1.038E-03 g/cm³ 000 chk 18090
11/05/2020 16:00:00  20.07 °C  63.52 %  879.2 hPa 1.038E-03 g/cm³ 000 chk 14498
11/05/2020 16:01:00  20.07 °C  63.37 %  879.2 hPa 1.038E-03 g/cm³ 000 chk  3048
11/05/2020 16:02:00  20.06 °C  63.80 %  879.2 hPa 1.038E-03 g/cm³ 000 chk 59352
11/05/2020 16:03:00  20.06 °C  63.58 %  879.2 hPa 1.038E-03 g/cm³ 000 chk 25742
11/05/2020 16:04:00  20.06 °C  63.81 %  879.3 hPa 1.038E-03 g/cm³ 000 chk 52304
11/05/2020 16:05:00  20.06 °C  64.29 %  879.2 hPa 1.038E-03 g/cm³ 000 chk 18113
11/05/2020 16:06:00  20.07 °C  63.89 %  879.2 hPa 1.038E-03 g/cm³ 000 chk 22925
11/05/2020 16:07:00  20.08 °C  64.20 %  879.2 hPa 1.038E-03 g/cm³ 000 chk 15363
11/05/2020 16:08:00  20.08 °C  63.70 %  879.2 hPa 1.038E-03 g/cm³ 000 chk 52382
11/05/2020 16:09:00  20.09 °C  63.73 %  879.2 hPa 1.038E-03 g/cm³ 000 chk 33018
11/05/2020 16:10:00  20.09 °C  63.59 %  879.2 hPa 1.038E-03 g/cm³ 000 chk 30337
11/05/2020 16:11:00  20.09 °C  63.64 %  879.2 hPa 1.038E-03 g/cm³ 000 chk 44368
11/05/2020 16:12:00  20.08 °C  63.68 %  879.2 hPa 1.038E-03 g/cm³ 000 chk  8060
11/05/2020 16:13:00  20.08 °C  63.52 %  879.2 hPa 1.038E-03 g/cm³ 000 chk 51116
11/05/2020 16:14:00  20.07 °C  63.17 %  879.2 hPa 1.038E-03 g/cm³ 000 chk 61482
11/05/2020 16:15:00  20.06 °C  63.48 %  879.2 hPa 1.038E-03 g/cm³ 000 chk  8404
11/05/2020 16:16:00  20.05 °C  63.71 %  879.2 hPa 1.038E-03 g/cm³ 000 chk 26636
11/05/2020 16:17:00  20.05 °C  63.40 %  879.2 hPa 1.038E-03 g/cm³ 000 chk 12254
11/05/2020 16:18:00  20.04 °C  63.36 %  879.2 hPa 1.038E-03 g/cm³ 000 chk 20617
11/05/2020 16:19:00  20.04 °C  63.38 %  879.2 hPa 1.038E-03 g/cm³ 000 chk 64559
11/05/2020 16:20:00  20.03 °C  63.29 %  879.1 hPa 1.038E-03 g/cm³ 000 chk 56526
11/05/2020 16:21:00  20.03 °C  63.54 %  879.1 hPa 1.038E-03 g/cm³ 000 chk 51114
11/05/2020 16:22:00  20.01 °C  63.08 %  879.1 hPa 1.038E-03 g/cm³ 000 chk 34652
11/05/2020 16:23:00  20.00 °C  63.17 %  879.1 hPa 1.038E-03 g/cm³ 000 chk 38679
11/05/2020 16:24:00  19.99 °C  62.80 %  879.1 hPa 1.038E-03 g/cm³ 000 chk  9051
11/05/2020 16:25:00  19.97 °C  62.68 %  879.2 hPa 1.038E-03 g/cm³ 000 chk 33039
11/05/2020 16:26:00  19.96 °C  62.49 %  879.2 hPa 1.038E-03 g/cm³ 000 chk 33402
11/05/2020 16:27:00  19.95 °C  62.38 %  879.2 hPa 1.038E-03 g/cm³ 000 chk 63326
11/05/2020 16:28:00  19.93 °C  62.01 %  879.3 hPa 1.039E-03 g/cm³ 000 chk 28527
11/05/2020 16:29:00  19.93 °C  62.32 %  879.3 hPa 1.039E-03 g/cm³ 000 chk 45756
11/05/2020 16:30:00  19.92 °C  62.29 %  879.3 hPa 1.039E-03 g/cm³ 000 chk 14449
11/05/2020 16:31:00  19.91 °C  62.25 %  879.4 hPa 1.039E-03 g/cm³ 000 chk 37439
11/05/2020 16:32:00  19.90 °C  62.30 %  879.4 hPa 1.039E-03 g/cm³ 000 chk 58684
11/05/2020 16:33:00  19.89 °C  62.32 %  879.4 hPa 1.039E-03 g/cm³ 000 chk 56007
11/05/2020 16:34:00  19.89 °C  62.22 %  879.4 hPa 1.039E-03 g/cm³ 000 chk 36754
11/05/2020 16:35:00  19.88 °C  62.28 %  879.4 hPa 1.039E-03 g/cm³ 000 chk 50933
11/05/2020 16:36:00  19.87 °C  62.18 %  879.4 hPa 1.039E-03 g/cm³ 000 chk 33319
11/05/2020 16:37:00  19.86 °C  62.08 %  879.4 hPa 1.039E-03 g/cm³ 000 chk 31087
11/05/2020 16:38:00  19.85 °C  61.69 %  879.4 hPa 1.039E-03 g/cm³ 000 chk 22193
11/05/2020 16:39:00  19.85 °C  61.65 %  879.4 hPa 1.039E-03 g/cm³ 000 chk 24598
11/05/2020 16:40:00  19.84 °C  61.64 %  879.4 hPa 1.039E-03 g/cm³ 000 chk   267
11/05/2020 16:41:00  19.83 °C  61.71 %  879.4 hPa 1.039E-03 g/cm³ 000 chk 51142
11/05/2020 16:42:00  19.83 °C  61.56 %  879.4 hPa 1.039E-03 g/cm³ 000 chk 47987
11/05/2020 16:43:00  19.82 °C  61.55 %  879.4 hPa 1.039E-03 g/cm³ 000 chk 63255
11/05/2020 16:44:00  19.82 °C  61.67 %  879.5 hPa 1.039E-03 g/cm³ 000 chk   332
11/05/2020 16:45:00  19.81 °C  61.58 %  879.5 hPa 1.039E-03 g/cm³ 000 chk 45791
11/05/2020 16:46:00  19.81 °C  61.46 %  879.5 hPa 1.039E-03 g/cm³ 000 chk 51998
11/05/2020 16:47:00  19.80 °C  61.35 %  879.5 hPa 1.039E-03 g/cm³ 000 chk 18360
11/05/2020 16:48:00  19.79 °C  61.15 %  879.5 hPa 1.039E-03 g/cm³ 000 chk 61187
11/05/2020 16:49:00  19.79 °C  61.37 %  879.5 hPa 1.039E-03 g/cm³ 000 chk  8189
11/05/2020 16:50:00  19.78 °C  61.48 %  879.5 hPa 1.039E-03 g/cm³ 000 chk 57823
11/05/2020 16:51:00  19.78 °C  61.47 %  879.5 hPa 1.039E-03 g/cm³ 000 chk 41080
11/05/2020 16:52:00  19.77 °C  61.63 %  879.5 hPa 1.039E-03 g/cm³ 000 chk 20615
11/05/2020 16:53:00  19.77 °C  61.69 %  879.5 hPa 1.039E-03 g/cm³ 000 chk 34848
11/05/2020 16:54:00  19.77 °C  61.83 %  879.5 hPa 1.039E-03 g/cm³ 000 chk 44765
11/05/2020 16:55:00  19.76 °C  61.61 %  879.6 hPa 1.040E-03 g/cm³ 000 chk 45387
11/05/2020 16:56:00  19.76 °C  61.57 %  879.6 hPa 1.040E-03 g/cm³ 000 chk 57555
11/05/2020 16:57:00  19.76 °C  61.24 %  879.6 hPa 1.040E-03 g/cm³ 000 chk 64949
11/05/2020 16:58:00  19.75 °C  61.27 %  879.6 hPa 1.040E-03 g/cm³ 000 chk 47267
11/05/2020 16:59:00  19.75 °C  61.36 %  879.7 hPa 1.040E-03 g/cm³ 000 chk 50814
11/05/2020 17:00:00  19.75 °C  61.37 %  879.7 hPa 1.040E-03 g/cm³ 000 chk 17097
11/05/2020 17:01:00  19.74 °C  61.33 %  879.7 hPa 1.040E-03 g/cm³ 000 chk  3500
11/05/2020 17:02:00  19.74 °C  61.16 %  879.7 hPa 1.040E-03 g/cm³ 000 chk 60184
11/05/2020 17:03:00  19.74 °C  61.19 %  879.7 hPa 1.040E-03 g/cm³ 000 chk 43711
11/05/2020 17:04:00  19.74 °C  61.42 %  879.7 hPa 1.040E-03 g/cm³ 000 chk 41053
11/05/2020 17:05:00  19.73 °C  61.07 %  879.7 hPa 1.040E-03 g/cm³ 000 chk 26121
11/05/2020 17:06:00  19.73 °C  60.89 %  879.7 hPa 1.040E-03 g/cm³ 000 chk 36497
11/05/2020 17:07:00  19.72 °C  60.87 %  879.7 hPa 1.040E-03 g/cm³ 000 chk 46071
11/05/2020 17:08:00  19.72 °C  61.00 %  879.7 hPa 1.040E-03 g/cm³ 000 chk  8662
11/05/2020 17:09:00  19.71 °C  60.88 %  879.7 hPa 1.040E-03 g/cm³ 000 chk 49222
11/05/2020 17:10:00  19.71 °C  61.10 %  879.7 hPa 1.040E-03 g/cm³ 000 chk 64830
11/05/2020 17:11:00  19.71 °C  61.08 %  879.7 hPa 1.040E-03 g/cm³ 000 chk 32692
11/05/2020 17:12:00  19.71 °C  61.12 %  879.7 hPa 1.040E-03 g/cm³ 000 chk 29300
11/05/2020 17:13:00  19.71 °C  61.27 %  879.7 hPa 1.040E-03 g/cm³ 000 chk 16807
11/05/2020 17:14:00  19.71 °C  61.13 %  879.7 hPa 1.040E-03 g/cm³ 000 chk 41128
11/05/2020 17:15:00  19.71 °C  61.16 %  879.8 hPa 1.040E-03 g/cm³ 000 chk 46860
11/05/2020 17:16:00  19.71 °C  61.23 %  879.8 hPa 1.040E-03 g/cm³ 000 chk 37268
11/05/2020 17:17:00  19.70 °C  60.97 %  879.8 hPa 1.040E-03 g/cm³ 000 chk 36851
11/05/2020 17:18:00  19.70 °C  61.11 %  879.9 hPa 1.040E-03 g/cm³ 000 chk  2439
11/05/2020 17:19:00  19.70 °C  60.98 %  879.9 hPa 1.040E-03 g/cm³ 000 chk 63317
11/05/2020 17:20:00  19.70 °C  61.01 %  879.9 hPa 1.040E-03 g/cm³ 000 chk  4217
11/05/2020 17:21:00  19.70 °C  61.33 %  879.9 hPa 1.040E-03 g/cm³ 000 chk  8363
11/05/2020 17:22:00  19.70 °C  61.05 %  880.0 hPa 1.040E-03 g/cm³ 000 chk  6103
11/05/2020 17:23:00  19.69 °C  61.10 %  880.0 hPa 1.041E-03 g/cm³ 000 chk 60352
11/05/2020 17:24:00  19.69 °C  61.05 %  880.0 hPa 1.041E-03 g/cm³ 000 chk 10133
11/05/2020 17:25:00  19.69 °C  60.98 %  880.0 hPa 1.041E-03 g/cm³ 000 chk 28010
11/05/2020 17:26:00  19.69 °C  61.07 %  880.0 hPa 1.041E-03 g/cm³ 000 chk 43231
11/05/2020 17:27:00  19.69 °C  61.19 %  880.0 hPa 1.041E-03 g/cm³ 000 chk 50261
11/05/2020 17:28:00  19.68 °C  61.04 %  880.1 hPa 1.041E-03 g/cm³ 000 chk 56762
11/05/2020 17:29:00  19.68 °C  61.12 %  880.1 hPa 1.041E-03 g/cm³ 000 chk 22834
11/05/2020 17:30:00  19.68 °C  61.09 %  880.1 hPa 1.041E-03 g/cm³ 000 chk 16959
11/05/2020 17:31:00  19.68 °C  61.17 %  880.1 hPa 1.041E-03 g/cm³ 000 chk 11957
11/05/2020 17:32:00  19.68 °C  60.87 %  880.1 hPa 1.041E-03 g/cm³ 000 chk     3
11/05/2020 17:33:00  19.68 °C  60.92 %  880.1 hPa 1.041E-03 g/cm³ 000 chk 62347
11/05/2020 17:34:00  19.67 °C  60.81 %  880.1 hPa 1.041E-03 g/cm³ 000 chk 10900
11/05/2020 17:35:00  19.67 °C  60.53 %  880.1 hPa 1.041E-03 g/cm³ 000 chk 56257
11/05/2020 17:36:00  19.67 °C  60.74 %  880.1 hPa 1.041E-03 g/cm³ 000 chk 42868
11/05/2020 17:37:00  19.67 °C  60.69 %  880.1 hPa 1.041E-03 g/cm³ 000 chk 48382
11/05/2020 17:38:00  19.67 °C  60.85 %  880.1 hPa 1.041E-03 g/cm³ 000 chk  8495
11/05/2020 17:39:00  19.67 °C  61.00 %  880.2 hPa 1.041E-03 g/cm³ 000 chk  2049
11/05/2020 17:40:00  19.67 °C  60.86 %  880.2 hPa 1.041E-03 g/cm³ 000 chk 43688
11/05/2020 17:41:00  19.67 °C  60.83 %  880.2 hPa 1.041E-03 g/cm³ 000 chk 39180
11/05/2020 17:42:00  19.66 °C  60.72 %  880.2 hPa 1.041E-03 g/cm³ 000 chk 23433
11/05/2020 17:43:00  19.66 °C  60.51 %  880.2 hPa 1.041E-03 g/cm³ 000 chk 18038
11/05/2020 17:44:00  19.66 °C  60.52 %  880.2 hPa 1.041E-03 g/cm³ 000 chk 41999
11/05/2020 17:45:00  19.66 °C  60.31 %  880.3 hPa 1.041E-03 g/cm³ 000 chk 32785
11/05/2020 17:46:00  19.65 °C  60.36 %  880.3 hPa 1.041E-03 g/cm³ 000 chk 52924
11/05/2020 17:47:00  19.65 °C  60.44 %  880.3 hPa 1.041E-03 g/cm³ 000 chk 16091
11/05/2020 17:48:00  19.65 °C  60.35 %  880.3 hPa 1.041E-03 g/cm³ 000 chk 54093
11/05/2020 17:49:00  19.65 °C  60.39 %  880.3 hPa 1.041E-03 g/cm³ 000 chk 58858
11/05/2020 17:50:00  19.64 °C  60.69 %  880.4 hPa 1.041E-03 g/cm³ 000 chk 24122
11/05/2020 17:51:00  19.64 °C  60.63 %  880.4 hPa 1.041E-03 g/cm³ 000 chk 34461
11/05/2020 17:52:00  19.64 °C  60.50 %  880.4 hPa 1.041E-03 g/cm³ 000 chk 19973
11/05/2020 17:53:00  19.64 °C  60.60 %  880.5 hPa 1.041E-03 g/cm³ 000 chk  7554
11/05/2020 17:54:00  19.64 °C  60.39 %  880.5 hPa 1.041E-03 g/cm³ 000 chk 36193
11/05/2020 17:55:00  19.64 °C  60.28 %  880.5 hPa 1.041E-03 g/cm³ 000 chk  2792
11/05/2020 17:56:00  19.64 °C  60.34 %  880.5 hPa 1.041E-03 g/cm³ 000 chk 59688
11/05/2020 17:57:00  19.64 °C  60.50 %  880.6 hPa 1.042E-03 g/cm³ 000 chk 32223
11/05/2020 17:58:00  19.64 °C  60.61 %  880.6 hPa 1.042E-03 g/cm³ 000 chk 20732
11/05/2020 17:59:00  19.64 °C  60.58 %  880.6 hPa 1.042E-03 g/cm³ 000 chk 65324
11/05/2020 18:00:00  19.63 °C  60.36 %  880.6 hPa 1.042E-03 g/cm³ 000 chk 63052
11/05/2020 18:01:00  19.63 °C  60.28 %  880.6 hPa 1.042E-03 g/cm³ 000 chk 39622
11/05/2020 18:02:00  19.63 °C  60.05 %  880.6 hPa 1.042E-03 g/cm³ 000 chk 38000
11/05/2020 18:03:00  19.63 °C  60.09 %  880.6 hPa 1.042E-03 g/cm³ 000 chk 41687
11/05/2020 18:04:00  19.63 °C  60.30 %  880.6 hPa 1.042E-03 g/cm³ 000 chk 13018
11/05/2020 18:05:00  19.62 °C  60.40 %  880.6 hPa 1.042E-03 g/cm³ 000 chk 51580
11/05/2020 18:06:00  19.62 °C  60.38 %  880.6 hPa 1.042E-03 g/cm³ 000 chk 24147
11/05/2020 18:07:00  19.62 °C  60.83 %  880.6 hPa 1.042E-03 g/cm³ 000 chk 43755
11/05/2020 18:08:00  19.62 °C  60.57 %  880.6 hPa 1.042E-03 g/cm³ 000 chk 57167
11/05/2020 18:09:00  19.62 °C  60.91 %  880.7 hPa 1.042E-03 g/cm³ 000 chk 25443
11/05/2020 18:10:00  19.61 °C  60.34 %  880.6 hPa 1.042E-03 g/cm³ 000 chk 46181
11/05/2020 18:11:00  19.62 °C  60.39 %  880.7 hPa 1.042E-03 g/cm³ 000 chk 25812
11/05/2020 18:12:00  19.61 °C  60.47 %  880.7 hPa 1.042E-03 g/cm³ 000 chk 61368
11/05/2020 18:13:00  19.61 °C  60.38 %  880.7 hPa 1.042E-03 g/cm³ 000 chk 28381
11/05/2020 18:14:00  19.62 °C  60.56 %  880.6 hPa 1.042E-03 g/cm³ 000 chk 63071
11/05/2020 18:15:00  19.62 °C  60.67 %  880.7 hPa 1.042E-03 g/cm³ 000 chk 18649
11/05/2020 18:16:00  19.62 °C  60.87 %  880.7 hPa 1.042E-03 g/cm³ 000 chk 14001
11/05/2020 18:17:00  19.62 °C  60.70 %  880.7 hPa 1.042E-03 g/cm³ 000 chk 40639
11/05/2020 18:18:00  19.62 °C  60.69 %  880.7 hPa 1.042E-03 g/cm³ 000 chk 39877
11/05/2020 18:19:00  19.62 °C  60.65 %  880.7 hPa 1.042E-03 g/cm³ 000 chk 44386
11/05/2020 18:20:00  19.62 °C  60.58 %  880.7 hPa 1.042E-03 g/cm³ 000 chk 44897
11/05/2020 18:21:00  19.62 °C  60.56 %  880.7 hPa 1.042E-03 g/cm³ 000 chk   967
11/05/2020 18:22:00  19.62 °C  60.52 %  880.7 hPa 1.042E-03 g/cm³ 000 chk 51241
11/05/2020 18:23:00  19.62 °C  60.46 %  880.8 hPa 1.042E-03 g/cm³ 000 chk 62112
11/05/2020 18:24:00  19.62 °C  60.65 %  880.8 hPa 1.042E-03 g/cm³ 000 chk 53378
11/05/2020 18:25:00  19.62 °C  60.60 %  880.8 hPa 1.042E-03 g/cm³ 000 chk 58150
11/05/2020 18:26:00  19.62 °C  60.77 %  880.8 hPa 1.042E-03 g/cm³ 000 chk 40932
11/05/2020 18:27:00  19.62 °C  60.59 %  880.7 hPa 1.042E-03 g/cm³ 000 chk 55065
11/05/2020 18:28:00  19.62 °C  60.45 %  880.7 hPa 1.042E-03 g/cm³ 000 chk 19299
11/05/2020 18:29:00  19.62 °C  60.60 %  880.8 hPa 1.042E-03 g/cm³ 000 chk 40092
11/05/2020 18:30:00  19.62 °C  60.42 %  880.8 hPa 1.042E-03 g/cm³ 000 chk 33509
11/05/2020 18:31:00  19.62 °C  60.72 %  880.8 hPa 1.042E-03 g/cm³ 000 chk 10294
11/05/2020 18:32:00  19.62 °C  60.46 %  880.8 hPa 1.042E-03 g/cm³ 000 chk 58287
11/05/2020 18:33:00  19.61 °C  60.61 %  880.8 hPa 1.042E-03 g/cm³ 000 chk 30738
11/05/2020 18:34:00  19.61 °C  60.65 %  880.8 hPa 1.042E-03 g/cm³ 000 chk 39274
11/05/2020 18:35:00  19.61 °C  60.55 %  880.8 hPa 1.042E-03 g/cm³ 000 chk 13241
11/05/2020 18:36:00  19.61 °C  60.36 %  880.8 hPa 1.042E-03 g/cm³ 000 chk 64440
11/05/2020 18:37:00  19.61 °C  60.40 %  880.8 hPa 1.042E-03 g/cm³ 000 chk 32734
11/05/2020 18:38:00  19.61 °C  60.39 %  880.8 hPa 1.042E-03 g/cm³ 000 chk 31306
11/05/2020 18:39:00  19.61 °C  60.05 %  880.8 hPa 1.042E-03 g/cm³ 000 chk 19610
11/05/2020 18:40:00  19.61 °C  60.33 %  880.8 hPa 1.042E-03 g/cm³ 000 chk 48945
11/05/2020 18:41:00  19.60 °C  60.23 %  880.8 hPa 1.042E-03 g/cm³ 000 chk 17529
11/05/2020 18:42:00  19.60 °C  59.96 %  880.8 hPa 1.042E-03 g/cm³ 000 chk 59851
11/05/2020 18:43:00  19.60 °C  60.15 %  880.8 hPa 1.042E-03 g/cm³ 000 chk 48965
11/05/2020 18:44:00  19.60 °C  60.12 %  880.8 hPa 1.042E-03 g/cm³ 000 chk 10557
11/05/2020 18:45:00  19.60 °C  59.89 %  880.8 hPa 1.042E-03 g/cm³ 000 chk 22429
11/05/2020 18:46:00  19.59 °C  59.83 %  880.8 hPa 1.042E-03 g/cm³ 000 chk 13325
11/05/2020 18:47:00  19.59 °C  59.91 %  880.8 hPa 1.042E-03 g/cm³ 000 chk 50308
11/05/2020 18:48:00  19.59 °C  59.55 %  880.8 hPa 1.042E-03 g/cm³ 000 chk 28940
11/05/2020 18:49:00  19.59 °C  59.37 %  880.8 hPa 1.042E-03 g/cm³ 000 chk 16711
11/05/2020 18:50:00  19.59 °C  60.01 %  880.8 hPa 1.042E-03 g/cm³ 000 chk 41296
11/05/2020 18:51:00  19.59 °C  59.72 %  880.8 hPa 1.042E-03 g/cm³ 000 chk 63093
11/05/2020 18:52:00  19.59 °C  59.83 %  880.9 hPa 1.042E-03 g/cm³ 000 chk 23652
11/05/2020 18:53:00  19.59 °C  60.00 %  880.9 hPa 1.042E-03 g/cm³ 000 chk  2794
11/05/2020 18:54:00  19.59 °C  59.70 %  880.9 hPa 1.042E-03 g/cm³ 000 chk  5394
11/05/2020 18:55:00  19.59 °C  59.75 %  880.9 hPa 1.042E-03 g/cm³ 000 chk  9910
11/05/2020 18:56:00  19.59 °C  59.69 %  880.9 hPa 1.042E-03 g/cm³ 000 chk 50550
11/05/2020 18:57:00  19.59 °C  59.71 %  880.9 hPa 1.042E-03 g/cm³ 000 chk 18428
11/05/2020 18:58:00  19.58 °C  59.63 %  880.9 hPa 1.042E-03 g/cm³ 000 chk 19524
11/05/2020 18:59:00  19.58 °C  59.72 %  881.0 hPa 1.042E-03 g/cm³ 000 chk 64205
11/05/2020 19:00:00  19.58 °C  59.72 %  881.0 hPa 1.042E-03 g/cm³ 000 chk 37755
11/05/2020 19:01:00  19.57 °C  59.66 %  881.0 hPa 1.042E-03 g/cm³ 000 chk 30392
11/05/2020 19:02:00  19.57 °C  59.69 %  881.0 hPa 1.042E-03 g/cm³ 000 chk  8788
11/05/2020 19:03:00  19.57 °C  59.71 %  881.0 hPa 1.042E-03 g/cm³ 000 chk 41182
11/05/2020 19:04:00  19.57 °C  59.36 %  881.0 hPa 1.042E-03 g/cm³ 000 chk 62995
11/05/2020 19:05:00  19.57 °C  59.75 %  881.0 hPa 1.042E-03 g/cm³ 000 chk 60162
11/05/2020 19:06:00  19.57 °C  59.46 %  881.0 hPa 1.042E-03 g/cm³ 000 chk  9114
11/05/2020 19:07:00  19.57 °C  59.39 %  881.0 hPa 1.042E-03 g/cm³ 000 chk 41727
11/05/2020 19:08:00  19.56 °C  59.67 %  880.9 hPa 1.042E-03 g/cm³ 000 chk 50417
11/05/2020 19:09:00  19.56 °C  59.56 %  880.9 hPa 1.042E-03 g/cm³ 000 chk 33571
11/05/2020 19:10:00  19.56 °C  59.80 %  880.9 hPa 1.042E-03 g/cm³ 000 chk 59632
11/05/2020 19:11:00  19.56 °C  59.65 %  881.0 hPa 1.042E-03 g/cm³ 000 chk 11219
11/05/2020 19:12:00  19.56 °C  59.63 %  881.0 hPa 1.042E-03 g/cm³ 000 chk 31292
11/05/2020 19:13:00  19.56 °C  59.52 %  881.0 hPa 1.042E-03 g/cm³ 000 chk 15854
11/05/2020 19:14:00  19.56 °C  59.47 %  880.9 hPa 1.042E-03 g/cm³ 000 chk 49339
11/05/2020 19:15:00  19.56 °C  59.25 %  881.0 hPa 1.042E-03 g/cm³ 000 chk 49648
11/05/2020 19:16:00  19.56 °C  59.30 %  881.0 hPa 1.042E-03 g/cm³ 000 chk 10035
11/05/2020 19:17:00  19.56 °C  59.26 %  881.0 hPa 1.042E-03 g/cm³ 000 chk 41915
11/05/2020 19:18:00  19.56 °C  59.44 %  881.0 hPa 1.042E-03 g/cm³ 000 chk 63745
11/05/2020 19:19:00  19.55 °C  59.65 %  881.0 hPa 1.042E-03 g/cm³ 000 chk 36028
11/05/2020 19:20:00  19.55 °C  59.51 %  881.0 hPa 1.042E-03 g/cm³ 000 chk 35772
11/05/2020 19:21:00  19.55 °C  59.61 %  881.1 hPa 1.043E-03 g/cm³ 000 chk 55546
11/05/2020 19:22:00  19.55 °C  59.52 %  881.1 hPa 1.043E-03 g/cm³ 000 chk  4194
11/05/2020 19:23:00  19.55 °C  59.33 %  881.1 hPa 1.043E-03 g/cm³ 000 chk 22313
11/05/2020 19:24:00  19.55 °C  59.27 %  881.1 hPa 1.043E-03 g/cm³ 000 chk 30333
11/05/2020 19:25:00  19.55 °C  59.25 %  881.1 hPa 1.043E-03 g/cm³ 000 chk 18136
11/05/2020 19:26:00  19.55 °C  59.28 %  881.2 hPa 1.043E-03 g/cm³ 000 chk 50122
11/05/2020 19:27:00  19.55 °C  59.14 %  881.2 hPa 1.043E-03 g/cm³ 000 chk 62746
11/05/2020 19:28:00  19.55 °C  59.47 %  881.2 hPa 1.043E-03 g/cm³ 000 chk 17110
11/05/2020 19:29:00  19.55 °C  59.45 %  881.3 hPa 1.043E-03 g/cm³ 000 chk 35623
11/05/2020 19:30:00  19.55 °C  59.51 %  881.3 hPa 1.043E-03 g/cm³ 000 chk 31529
11/05/2020 19:31:00  19.54 °C  59.48 %  881.3 hPa 1.043E-03 g/cm³ 000 chk 34146
11/05/2020 19:32:00  19.55 °C  59.40 %  881.3 hPa 1.043E-03 g/cm³ 000 chk 17231
11/05/2020 19:33:00  19.55 °C  59.40 %  881.3 hPa 1.043E-03 g/cm³ 000 chk 59883
11/05/2020 19:34:00  19.54 °C  59.50 %  881.3 hPa 1.043E-03 g/cm³ 000 chk 11646
11/05/2020 19:35:00  19.54 °C  59.47 %  881.3 hPa 1.043E-03 g/cm³ 000 chk 17655
11/05/2020 19:36:00  19.54 °C  59.72 %  881.4 hPa 1.043E-03 g/cm³ 000 chk  3269
11/05/2020 19:37:00  19.55 °C  59.51 %  881.4 hPa 1.043E-03 g/cm³ 000 chk 33018
11/05/2020 19:38:00  19.55 °C  59.75 %  881.4 hPa 1.043E-03 g/cm³ 000 chk 62709
11/05/2020 19:39:00  19.55 °C  59.36 %  881.5 hPa 1.043E-03 g/cm³ 000 chk  4272
11/05/2020 19:40:00  19.54 °C  59.37 %  881.5 hPa 1.043E-03 g/cm³ 000 chk 29101
11/05/2020 19:41:00  19.54 °C  59.31 %  881.5 hPa 1.043E-03 g/cm³ 000 chk 13577
11/05/2020 19:42:00  19.54 °C  59.15 %  881.5 hPa 1.043E-03 g/cm³ 000 chk 16060
11/05/2020 19:43:00  19.54 °C  58.96 %  881.5 hPa 1.043E-03 g/cm³ 000 chk 45677
11/05/2020 19:44:00  19.54 °C  59.02 %  881.5 hPa 1.043E-03 g/cm³ 000 chk 49740
11/05/2020 19:45:00  19.53 °C  58.98 %  881.5 hPa 1.043E-03 g/cm³ 000 chk 48887
11/05/2020 19:46:00  19.53 °C  58.80 %  881.5 hPa 1.043E-03 g/cm³ 000 chk 10550
11/05/2020 19:47:00  19.53 °C  59.03 %  881.5 hPa 1.043E-03 g/cm³ 000 chk 42471
11/05/2020 19:48:00  19.53 °C  58.90 %  881.5 hPa 1.043E-03 g/cm³ 000 chk 33771
11/05/2020 19:49:00  19.53 °C  59.00 %  881.5 hPa 1.043E-03 g/cm³ 000 chk 47126
11/05/2020 19:50:00  19.53 °C  59.09 %  881.5 hPa 1.043E-03 g/cm³ 000 chk 63798
11/05/2020 19:51:00  19.53 °C  58.90 %  881.5 hPa 1.043E-03 g/cm³ 000 chk 51144
11/05/2020 19:52:00  19.53 °C  58.90 %  881.5 hPa 1.043E-03 g/cm³ 000 chk 30759
11/05/2020 19:53:00  19.52 °C  59.09 %  881.5 hPa 1.043E-03 g/cm³ 000 chk 55065
11/05/2020 19:54:00  19.52 °C  59.23 %  881.5 hPa 1.043E-03 g/cm³ 000 chk 61496
11/05/2020 19:55:00  19.52 °C  59.21 %  881.5 hPa 1.043E-03 g/cm³ 000 chk 49309
11/05/2020 19:56:00  19.52 °C  59.41 %  881.5 hPa 1.043E-03 g/cm³ 000 chk 32668
11/05/2020 19:57:00  19.52 °C  59.42 %  881.6 hPa 1.043E-03 g/cm³ 000 chk 59847
11/05/2020 19:58:00  19.52 °C  59.35 %  881.6 hPa 1.043E-03 g/cm³ 000 chk 59985
11/05/2020 19:59:00  19.52 °C  59.52 %  881.6 hPa 1.043E-03 g/cm³ 000 chk 17178
11/05/2020 20:00:00  19.52 °C  59.62 %  881.7 hPa 1.043E-03 g/cm³ 000 chk 31348
11/05/2020 20:01:00  19.52 °C  59.51 %  881.7 hPa 1.043E-03 g/cm³ 000 chk 42919
11/05/2020 20:02:00  19.52 °C  59.76 %  881.7 hPa 1.043E-03 g/cm³ 000 chk 56082
11/05/2020 20:03:00  19.52 °C  59.66 %  881.7 hPa 1.043E-03 g/cm³ 000 chk 45466
11/05/2020 20:04:00  19.52 °C  59.57 %  881.7 hPa 1.043E-03 g/cm³ 000 chk 51605
11/05/2020 20:05:00  19.52 °C  59.59 %  881.7 hPa 1.043E-03 g/cm³ 000 chk 25907
11/05/2020 20:06:00  19.52 °C  59.45 %  881.7 hPa 1.043E-03 g/cm³ 000 chk 34547
11/05/2020 20:07:00  19.52 °C  59.58 %  881.7 hPa 1.043E-03 g/cm³ 000 chk 40313
11/05/2020 20:08:00  19.52 °C  59.67 %  881.7 hPa 1.043E-03 g/cm³ 000 chk 46680
11/05/2020 20:09:00  19.52 °C  59.69 %  881.7 hPa 1.043E-03 g/cm³ 000 chk  6910
11/05/2020 20:10:00  19.52 °C  59.38 %  881.7 hPa 1.043E-03 g/cm³ 000 chk 45893
11/05/2020 20:11:00  19.52 °C  59.75 %  881.7 hPa 1.043E-03 g/cm³ 000 chk 43094
11/05/2020 20:12:00  19.52 °C  59.81 %  881.7 hPa 1.043E-03 g/cm³ 000 chk 25107
11/05/2020 20:13:00  19.52 °C  59.80 %  881.7 hPa 1.043E-03 g/cm³ 000 chk  9654
11/05/2020 20:14:00  19.52 °C  59.76 %  881.7 hPa 1.043E-03 g/cm³ 000 chk 24420
11/05/2020 20:15:00  19.52 °C  59.99 %  881.7 hPa 1.043E-03 g/cm³ 000 chk 57156
11/05/2020 20:16:00  19.52 °C  59.94 %  881.7 hPa 1.043E-03 g/cm³ 000 chk  4521
11/05/2020 20:17:00  19.52 °C  59.69 %  881.7 hPa 1.043E-03 g/cm³ 000 chk 52132
11/05/2020 20:18:00  19.52 °C  59.53 %  881.7 hPa 1.043E-03 g/cm³ 000 chk 31109
11/05/2020 20:19:00  19.51 °C  59.41 %  881.8 hPa 1.043E-03 g/cm³ 000 chk 24399
11/05/2020 20:20:00  19.51 °C  59.57 %  881.8 hPa 1.044E-03 g/cm³ 000 chk    82
11/05/2020 20:21:00  19.51 °C  59.59 %  881.8 hPa 1.044E-03 g/cm³ 000 chk 44276
11/05/2020 20:22:00  19.51 °C  59.42 %  881.8 hPa 1.044E-03 g/cm³ 000 chk 19509
11/05/2020 20:23:00  19.51 °C  59.47 %  881.8 hPa 1.044E-03 g/cm³ 000 chk 32657
11/05/2020 20:24:00  19.51 °C  59.38 %  881.8 hPa 1.044E-03 g/cm³ 000 chk 49449
11/05/2020 20:25:00  19.51 °C  59.53 %  881.9 hPa 1.044E-03 g/cm³ 000 chk  3381
11/05/2020 20:26:00  19.51 °C  59.21 %  881.9 hPa 1.044E-03 g/cm³ 000 chk 59417
11/05/2020 20:27:00  19.51 °C  59.12 %  882.0 hPa 1.044E-03 g/cm³ 000 chk 16693
11/05/2020 20:28:00  19.51 °C  59.25 %  882.0 hPa 1.044E-03 g/cm³ 000 chk 33302
11/05/2020 20:29:00  19.51 °C  59.03 %  882.0 hPa 1.044E-03 g/cm³ 000 chk  1769
11/05/2020 20:30:00  19.51 °C  59.15 %  882.0 hPa 1.044E-03 g/cm³ 000 chk 27878
11/05/2020 20:31:00  19.51 °C  58.95 %  882.0 hPa 1.044E-03 g/cm³ 000 chk 38711
11/05/2020 20:32:00  19.51 °C  58.79 %  882.1 hPa 1.044E-03 g/cm³ 000 chk 35848
11/05/2020 20:33:00  19.51 °C  58.96 %  882.1 hPa 1.044E-03 g/cm³ 000 chk  3112
11/05/2020 20:34:00  19.51 °C  59.00 %  882.1 hPa 1.044E-03 g/cm³ 000 chk 58888
11/05/2020 20:35:00  19.51 °C  58.74 %  882.1 hPa 1.044E-03 g/cm³ 000 chk 26739
11/05/2020 20:36:00  19.50 °C  58.53 %  882.1 hPa 1.044E-03 g/cm³ 000 chk 34054
11/05/2020 20:37:00  19.50 °C  58.73 %  882.2 hPa 1.044E-03 g/cm³ 000 chk 41990
11/05/2020 20:38:00  19.50 °C  58.78 %  882.2 hPa 1.044E-03 g/cm³ 000 chk 64337
11/05/2020 20:39:00  19.50 °C  58.73 %  882.2 hPa 1.044E-03 g/cm³ 000 chk 52983
11/05/2020 20:40:00  19.50 °C  58.66 %  882.2 hPa 1.044E-03 g/cm³ 000 chk 35335
11/05/2020 20:41:00  19.50 °C  58.74 %  882.2 hPa 1.044E-03 g/cm³ 000 chk 31374
11/05/2020 20:42:00  19.50 °C  58.67 %  882.2 hPa 1.044E-03 g/cm³ 000 chk 29261
11/05/2020 20:43:00  19.50 °C  58.59 %  882.2 hPa 1.044E-03 g/cm³ 000 chk 56988
11/05/2020 20:44:00  19.49 °C  58.67 %  882.2 hPa 1.044E-03 g/cm³ 000 chk 17102
11/05/2020 20:45:00  19.49 °C  58.52 %  882.2 hPa 1.044E-03 g/cm³ 000 chk 28957
11/05/2020 20:46:00  19.49 °C  58.70 %  882.2 hPa 1.044E-03 g/cm³ 000 chk 38056
11/05/2020 20:47:00  19.49 °C  58.56 %  882.2 hPa 1.044E-03 g/cm³ 000 chk  4183
11/05/2020 20:48:00  19.49 °C  58.48 %  882.2 hPa 1.044E-03 g/cm³ 000 chk  5676
11/05/2020 20:49:00  19.49 °C  58.19 %  882.2 hPa 1.044E-03 g/cm³ 000 chk 20752
11/05/2020 20:50:00  19.49 °C  58.24 %  882.3 hPa 1.044E-03 g/cm³ 000 chk 40210
11/05/2020 20:51:00  19.48 °C  58.27 %  882.3 hPa 1.044E-03 g/cm³ 000 chk 53622
11/05/2020 20:52:00  19.48 °C  58.32 %  882.3 hPa 1.044E-03 g/cm³ 000 chk 14261
11/05/2020 20:53:00  19.48 °C  58.52 %  882.3 hPa 1.044E-03 g/cm³ 000 chk 40447
11/05/2020 20:54:00  19.48 °C  58.44 %  882.3 hPa 1.044E-03 g/cm³ 000 chk  9898
11/05/2020 20:55:00  19.48 °C  58.34 %  882.4 hPa 1.044E-03 g/cm³ 000 chk  8806
11/05/2020 20:56:00  19.47 °C  58.17 %  882.4 hPa 1.045E-03 g/cm³ 000 chk 53593
11/05/2020 20:57:00  19.47 °C  58.15 %  882.4 hPa 1.045E-03 g/cm³ 000 chk 57852
11/05/2020 20:58:00  19.46 °C  57.96 %  882.4 hPa 1.045E-03 g/cm³ 000 chk 63166
11/05/2020 20:59:00  19.46 °C  58.04 %  882.4 hPa 1.045E-03 g/cm³ 000 chk 14304
11/05/2020 21:00:00  19.46 °C  58.15 %  882.4 hPa 1.045E-03 g/cm³ 000 chk 29563
11/05/2020 21:01:00  19.46 °C  58.13 %  882.4 hPa 1.045E-03 g/cm³ 000 chk 14303
11/05/2020 21:02:00  19.46 °C  58.12 %  882.4 hPa 1.045E-03 g/cm³ 000 chk 25905
11/05/2020 21:03:00  19.45 °C  58.24 %  882.4 hPa 1.045E-03 g/cm³ 000 chk 54177
11/05/2020 21:04:00  19.45 °C  58.05 %  882.4 hPa 1.045E-03 g/cm³ 000 chk 27522
11/05/2020 21:05:00  19.45 °C  58.05 %  882.4 hPa 1.045E-03 g/cm³ 000 chk 49446
11/05/2020 21:06:00  19.45 °C  58.15 %  882.4 hPa 1.045E-03 g/cm³ 000 chk 48869
11/05/2020 21:07:00  19.46 °C  58.01 %  882.5 hPa 1.045E-03 g/cm³ 000 chk 43899
11/05/2020 21:08:00  19.45 °C  58.13 %  882.5 hPa 1.045E-03 g/cm³ 000 chk 49984
11/05/2020 21:09:00  19.45 °C  58.11 %  882.5 hPa 1.045E-03 g/cm³ 000 chk 62437
11/05/2020 21:10:00  19.45 °C  58.09 %  882.5 hPa 1.045E-03 g/cm³ 000 chk 40936
11/05/2020 21:11:00  19.45 °C  58.19 %  882.5 hPa 1.045E-03 g/cm³ 000 chk 62816
11/05/2020 21:12:00  19.45 °C  57.99 %  882.5 hPa 1.045E-03 g/cm³ 000 chk 31576
11/05/2020 21:13:00  19.45 °C  58.19 %  882.6 hPa 1.045E-03 g/cm³ 000 chk 43988
11/05/2020 21:14:00  19.45 °C  58.30 %  882.6 hPa 1.045E-03 g/cm³ 000 chk 64501
11/05/2020 21:15:00  19.45 °C  58.25 %  882.6 hPa 1.045E-03 g/cm³ 000 chk  2173
11/05/2020 21:16:00  19.45 °C  58.23 %  882.6 hPa 1.045E-03 g/cm³ 000 chk 22930
11/05/2020 21:17:00  19.44 °C  58.36 %  882.6 hPa 1.045E-03 g/cm³ 000 chk 15322
11/05/2020 21:18:00  19.44 °C  58.40 %  882.6 hPa 1.045E-03 g/cm³ 000 chk 54605
11/05/2020 21:19:00  19.44 °C  58.34 %  882.6 hPa 1.045E-03 g/cm³ 000 chk 52010
11/05/2020 21:20:00  19.44 °C  58.35 %  882.6 hPa 1.045E-03 g/cm³ 000 chk 21853
11/05/2020 21:21:00  19.44 °C  58.16 %  882.6 hPa 1.045E-03 g/cm³ 000 chk 18594
11/05/2020 21:22:00  19.44 °C  58.20 %  882.6 hPa 1.045E-03 g/cm³ 000 chk  6458
11/05/2020 21:23:00  19.44 °C  58.57 %  882.6 hPa 1.045E-03 g/cm³ 000 chk 28765
11/05/2020 21:24:00  19.44 °C  59.10 %  882.6 hPa 1.045E-03 g/cm³ 000 chk 46732
11/05/2020 21:25:00  19.44 °C  59.94 %  882.6 hPa 1.045E-03 g/cm³ 000 chk 43328
11/05/2020 21:26:00  19.44 °C  60.58 %  882.6 hPa 1.045E-03 g/cm³ 000 chk 49459
11/05/2020 21:27:00  19.45 °C  61.03 %  882.6 hPa 1.045E-03 g/cm³ 000 chk 62928
11/05/2020 21:28:00  19.45 °C  60.97 %  882.6 hPa 1.045E-03 g/cm³ 000 chk 53469
11/05/2020 21:29:00  19.46 °C  60.40 %  882.6 hPa 1.045E-03 g/cm³ 000 chk 19147
11/05/2020 21:30:00  19.46 °C  60.22 %  882.6 hPa 1.045E-03 g/cm³ 000 chk 37895
11/05/2020 21:31:00  19.46 °C  59.58 %  882.7 hPa 1.045E-03 g/cm³ 000 chk 16245
11/05/2020 21:32:00  19.46 °C  59.54 %  882.7 hPa 1.045E-03 g/cm³ 000 chk  7321
11/05/2020 21:33:00  19.46 °C  59.31 %  882.7 hPa 1.045E-03 g/cm³ 000 chk 12243
11/05/2020 21:34:00  19.47 °C  59.20 %  882.7 hPa 1.045E-03 g/cm³ 000 chk  1607
11/05/2020 21:35:00  19.46 °C  59.06 %  882.7 hPa 1.045E-03 g/cm³ 000 chk  4984
11/05/2020 21:36:00  19.46 °C  58.89 %  882.7 hPa 1.045E-03 g/cm³ 000 chk  5857
11/05/2020 21:37:00  19.46 °C  58.86 %  882.8 hPa 1.045E-03 g/cm³ 000 chk 29510
11/05/2020 21:38:00  19.46 °C  58.88 %  882.8 hPa 1.045E-03 g/cm³ 000 chk 46353
11/05/2020 21:39:00  19.45 °C  58.66 %  882.8 hPa 1.045E-03 g/cm³ 000 chk 10867
11/05/2020 21:40:00  19.45 °C  58.72 %  882.8 hPa 1.045E-03 g/cm³ 000 chk 33666
11/05/2020 21:41:00  19.45 °C  58.79 %  882.8 hPa 1.045E-03 g/cm³ 000 chk 46628
11/05/2020 21:42:00  19.45 °C  58.66 %  882.8 hPa 1.045E-03 g/cm³ 000 chk  8932
11/05/2020 21:43:00  19.45 °C  58.75 %  882.8 hPa 1.045E-03 g/cm³ 000 chk 16236
11/05/2020 21:44:00  19.45 °C  58.74 %  882.8 hPa 1.045E-03 g/cm³ 000 chk 18196
11/05/2020 21:45:00  19.45 °C  58.82 %  882.8 hPa 1.045E-03 g/cm³ 000 chk   539
11/05/2020 21:46:00  19.45 °C  58.82 %  882.8 hPa 1.045E-03 g/cm³ 000 chk 48628
11/05/2020 21:47:00  19.45 °C  58.82 %  882.8 hPa 1.045E-03 g/cm³ 000 chk  5968
11/05/2020 21:48:00  19.45 °C  58.66 %  882.8 hPa 1.045E-03 g/cm³ 000 chk 25219
11/05/2020 21:49:00  19.45 °C  58.76 %  882.8 hPa 1.045E-03 g/cm³ 000 chk  2059
11/05/2020 21:50:00  19.45 °C  58.53 %  882.8 hPa 1.045E-03 g/cm³ 000 chk  5491
11/05/2020 21:51:00  19.45 °C  58.56 %  882.8 hPa 1.045E-03 g/cm³ 000 chk  9943
11/05/2020 21:52:00  19.44 °C  58.76 %  882.8 hPa 1.045E-03 g/cm³ 000 chk 51363
11/05/2020 21:53:00  19.44 °C  58.88 %  882.8 hPa 1.045E-03 g/cm³ 000 chk 26030
11/05/2020 21:54:00  19.44 °C  58.89 %  882.8 hPa 1.045E-03 g/cm³ 000 chk  7638
11/05/2020 21:55:00  19.44 °C  58.91 %  882.8 hPa 1.045E-03 g/cm³ 000 chk 40796
11/05/2020 21:56:00  19.44 °C  58.93 %  882.8 hPa 1.045E-03 g/cm³ 000 chk 47794
11/05/2020 21:57:00  19.44 °C  58.88 %  882.8 hPa 1.045E-03 g/cm³ 000 chk 20280
11/05/2020 21:58:00  19.44 °C  58.76 %  882.8 hPa 1.045E-03 g/cm³ 000 chk 35012
11/05/2020 21:59:00  19.44 °C  59.03 %  882.8 hPa 1.045E-03 g/cm³ 000 chk 60350
11/05/2020 22:00:00  19.44 °C  58.74 %  882.8 hPa 1.045E-03 g/cm³ 000 chk 22441
11/05/2020 22:01:00  19.44 °C  58.66 %  882.8 hPa 1.045E-03 g/cm³ 000 chk 42784
11/05/2020 22:02:00  19.44 °C  58.53 %  882.7 hPa 1.045E-03 g/cm³ 000 chk 42424
11/05/2020 22:03:00  19.44 °C  58.85 %  882.7 hPa 1.045E-03 g/cm³ 000 chk  8428
11/05/2020 22:04:00  19.44 °C  58.82 %  882.7 hPa 1.045E-03 g/cm³ 000 chk 46740
11/05/2020 22:05:00  19.43 °C  58.66 %  882.7 hPa 1.045E-03 g/cm³ 000 chk 40179
11/05/2020 22:06:00  19.43 °C  58.75 %  882.7 hPa 1.045E-03 g/cm³ 000 chk 37936
11/05/2020 22:07:00  19.43 °C  58.58 %  882.7 hPa 1.045E-03 g/cm³ 000 chk 36813
11/05/2020 22:08:00  19.43 °C  58.36 %  882.8 hPa 1.045E-03 g/cm³ 000 chk 28020
11/05/2020 22:09:00  19.43 °C  58.21 %  882.8 hPa 1.045E-03 g/cm³ 000 chk  1277
11/05/2020 22:10:00  19.43 °C  58.30 %  882.8 hPa 1.045E-03 g/cm³ 000 chk 28147
11/05/2020 22:11:00  19.43 °C  58.49 %  882.8 hPa 1.045E-03 g/cm³ 000 chk   662
11/05/2020 22:12:00  19.43 °C  58.56 %  882.8 hPa 1.045E-03 g/cm³ 000 chk 38486
11/05/2020 22:13:00  19.43 °C  58.55 %  882.8 hPa 1.045E-03 g/cm³ 000 chk 19442
11/05/2020 22:14:00  19.43 °C  58.40 %  882.8 hPa 1.045E-03 g/cm³ 000 chk 34727
11/05/2020 22:15:00  19.43 °C  58.35 %  882.8 hPa 1.045E-03 g/cm³ 000 chk 29889
11/05/2020 22:16:00  19.43 °C  58.44 %  882.7 hPa 1.045E-03 g/cm³ 000 chk 49901
11/05/2020 22:17:00  19.43 °C  58.27 %  882.7 hPa 1.045E-03 g/cm³ 000 chk  8103
11/05/2020 22:18:00  19.43 °C  58.25 %  882.7 hPa 1.045E-03 g/cm³ 000 chk 17907
11/05/2020 22:19:00  19.42 °C  58.31 %  882.7 hPa 1.045E-03 g/cm³ 000 chk 51898
11/05/2020 22:20:00  19.42 °C  58.48 %  882.7 hPa 1.045E-03 g/cm³ 000 chk 31757
11/05/2020 22:21:00  19.42 °C  58.54 %  882.7 hPa 1.045E-03 g/cm³ 000 chk 35462
11/05/2020 22:22:00  19.42 °C  58.50 %  882.7 hPa 1.045E-03 g/cm³ 000 chk 16744
11/05/2020 22:23:00  19.42 °C  58.51 %  882.7 hPa 1.045E-03 g/cm³ 000 chk  1741
11/05/2020 22:24:00  19.42 °C  58.58 %  882.7 hPa 1.045E-03 g/cm³ 000 chk 38583
11/05/2020 22:25:00  19.42 °C  58.29 %  882.7 hPa 1.045E-03 g/cm³ 000 chk  4560
11/05/2020 22:26:00  19.42 °C  58.40 %  882.8 hPa 1.045E-03 g/cm³ 000 chk 36818
11/05/2020 22:27:00  19.41 °C  58.18 %  882.7 hPa 1.045E-03 g/cm³ 000 chk  7086
11/05/2020 22:28:00  19.41 °C  58.16 %  882.7 hPa 1.045E-03 g/cm³ 000 chk 56825
11/05/2020 22:29:00  19.41 °C  58.17 %  882.7 hPa 1.045E-03 g/cm³ 000 chk 39516
11/05/2020 22:30:00  19.41 °C  58.13 %  882.8 hPa 1.045E-03 g/cm³ 000 chk 36478
11/05/2020 22:31:00  19.41 °C  58.10 %  882.8 hPa 1.045E-03 g/cm³ 000 chk 21466
11/05/2020 22:32:00  19.40 °C  58.31 %  882.8 hPa 1.045E-03 g/cm³ 000 chk 20655
11/05/2020 22:33:00  19.40 °C  58.09 %  882.8 hPa 1.045E-03 g/cm³ 000 chk  4734
11/05/2020 22:34:00  19.40 °C  58.24 %  882.8 hPa 1.045E-03 g/cm³ 000 chk 13918
11/05/2020 22:35:00  19.40 °C  58.78 %  882.8 hPa 1.045E-03 g/cm³ 000 chk    96
11/05/2020 22:36:00  19.40 °C  59.70 %  882.8 hPa 1.045E-03 g/cm³ 000 chk 51089
11/05/2020 22:37:00  19.40 °C  60.42 %  882.7 hPa 1.045E-03 g/cm³ 000 chk 39168
11/05/2020 22:38:00  19.41 °C  60.77 %  882.7 hPa 1.045E-03 g/cm³ 000 chk 20962
11/05/2020 22:39:00  19.41 °C  61.20 %  882.7 hPa 1.045E-03 g/cm³ 000 chk 26818
11/05/2020 22:40:00  19.42 °C  60.71 %  882.6 hPa 1.045E-03 g/cm³ 000 chk   909
11/05/2020 22:41:00  19.42 °C  60.20 %  882.6 hPa 1.045E-03 g/cm³ 000 chk 17585
11/05/2020 22:42:00  19.43 °C  59.44 %  882.6 hPa 1.045E-03 g/cm³ 000 chk 21554
11/05/2020 22:43:00  19.43 °C  59.09 %  882.6 hPa 1.045E-03 g/cm³ 000 chk 20257
11/05/2020 22:44:00  19.43 °C  59.10 %  882.6 hPa 1.045E-03 g/cm³ 000 chk  8055
11/05/2020 22:45:00  19.43 °C  58.96 %  882.6 hPa 1.045E-03 g/cm³ 000 chk  2726
11/05/2020 22:46:00  19.43 °C  58.72 %  882.5 hPa 1.045E-03 g/cm³ 000 chk 19248
11/05/2020 22:47:00  19.43 °C  58.69 %  882.5 hPa 1.045E-03 g/cm³ 000 chk 48826
11/05/2020 22:48:00  19.42 °C  58.54 %  882.5 hPa 1.045E-03 g/cm³ 000 chk 40538
11/05/2020 22:49:00  19.42 °C  58.57 %  882.6 hPa 1.045E-03 g/cm³ 000 chk  2049
11/05/2020 22:50:00  19.42 °C  58.36 %  882.5 hPa 1.045E-03 g/cm³ 000 chk 59954
11/05/2020 22:51:00  19.42 °C  58.31 %  882.5 hPa 1.045E-03 g/cm³ 000 chk 17303
11/05/2020 22:52:00  19.42 °C  58.27 %  882.5 hPa 1.045E-03 g/cm³ 000 chk 53844
11/05/2020 22:53:00  19.42 °C  58.37 %  882.5 hPa 1.045E-03 g/cm³ 000 chk 47324
11/05/2020 22:54:00  19.41 °C  58.57 %  882.5 hPa 1.045E-03 g/cm³ 000 chk 57096
11/05/2020 22:55:00  19.41 °C  59.12 %  882.4 hPa 1.045E-03 g/cm³ 000 chk 17745
11/05/2020 22:56:00  19.41 °C  60.18 %  882.4 hPa 1.045E-03 g/cm³ 000 chk 49918
11/05/2020 22:57:00  19.42 °C  60.50 %  882.4 hPa 1.044E-03 g/cm³ 000 chk 45679
11/05/2020 22:58:00  19.42 °C  60.97 %  882.4 hPa 1.044E-03 g/cm³ 000 chk 28903
11/05/2020 22:59:00  19.43 °C  60.98 %  882.5 hPa 1.044E-03 g/cm³ 000 chk 22996
11/05/2020 23:00:00  19.43 °C  60.41 %  882.5 hPa 1.045E-03 g/cm³ 000 chk 62544
11/05/2020 23:01:00  19.43 °C  59.79 %  882.5 hPa 1.045E-03 g/cm³ 000 chk 64706
11/05/2020 23:02:00  19.43 °C  59.62 %  882.5 hPa 1.045E-03 g/cm³ 000 chk  7171
11/05/2020 23:03:00  19.43 °C  59.38 %  882.5 hPa 1.045E-03 g/cm³ 000 chk 50237
11/05/2020 23:04:00  19.43 °C  59.25 %  882.5 hPa 1.045E-03 g/cm³ 000 chk 57450
11/05/2020 23:05:00  19.43 °C  59.28 %  882.5 hPa 1.045E-03 g/cm³ 000 chk 15308
11/05/2020 23:06:00  19.43 °C  59.19 %  882.5 hPa 1.045E-03 g/cm³ 000 chk 26965
11/05/2020 23:07:00  19.43 °C  59.09 %  882.4 hPa 1.045E-03 g/cm³ 000 chk 64137
11/05/2020 23:08:00  19.43 °C  59.25 %  882.4 hPa 1.045E-03 g/cm³ 000 chk 26244
11/05/2020 23:09:00  19.43 °C  58.88 %  882.4 hPa 1.045E-03 g/cm³ 000 chk 11276
11/05/2020 23:10:00  19.42 °C  58.67 %  882.4 hPa 1.045E-03 g/cm³ 000 chk 54123
11/05/2020 23:11:00  19.42 °C  58.75 %  882.3 hPa 1.045E-03 g/cm³ 000 chk 19784
11/05/2020 23:12:00  19.42 °C  58.86 %  882.3 hPa 1.044E-03 g/cm³ 000 chk 33997
11/05/2020 23:13:00  19.42 °C  58.70 %  882.3 hPa 1.045E-03 g/cm³ 000 chk 49411
11/05/2020 23:14:00  19.42 °C  58.77 %  882.3 hPa 1.045E-03 g/cm³ 000 chk 22395
11/05/2020 23:15:00  19.42 °C  58.79 %  882.3 hPa 1.045E-03 g/cm³ 000 chk 64477
11/05/2020 23:16:00  19.42 °C  58.86 %  882.3 hPa 1.044E-03 g/cm³ 000 chk 44635
11/05/2020 23:17:00  19.42 °C  58.76 %  882.3 hPa 1.045E-03 g/cm³ 000 chk  1429
11/05/2020 23:18:00  19.42 °C  59.25 %  882.3 hPa 1.044E-03 g/cm³ 000 chk  8836
11/05/2020 23:19:00  19.41 °C  58.88 %  882.3 hPa 1.045E-03 g/cm³ 000 chk 39566
11/05/2020 23:20:00  19.41 °C  59.21 %  882.3 hPa 1.044E-03 g/cm³ 000 chk 32020
11/05/2020 23:21:00  19.41 °C  58.80 %  882.3 hPa 1.045E-03 g/cm³ 000 chk 43870
11/05/2020 23:22:00  19.41 °C  58.95 %  882.3 hPa 1.045E-03 g/cm³ 000 chk 19869
11/05/2020 23:23:00  19.41 °C  59.00 %  882.3 hPa 1.045E-03 g/cm³ 000 chk 61280
11/05/2020 23:24:00  19.41 °C  59.30 %  882.3 hPa 1.044E-03 g/cm³ 000 chk 31407
11/05/2020 23:25:00  19.41 °C  59.00 %  882.3 hPa 1.045E-03 g/cm³ 000 chk 53437
11/05/2020 23:26:00  19.41 °C  59.05 %  882.3 hPa 1.045E-03 g/cm³ 000 chk 63058
11/05/2020 23:27:00  19.41 °C  59.11 %  882.4 hPa 1.045E-03 g/cm³ 000 chk 34417
11/05/2020 23:28:00  19.40 °C  58.90 %  882.3 hPa 1.045E-03 g/cm³ 000 chk  1338
11/05/2020 23:29:00  19.40 °C  59.07 %  882.4 hPa 1.045E-03 g/cm³ 000 chk 21356
11/05/2020 23:30:00  19.40 °C  59.30 %  882.3 hPa 1.045E-03 g/cm³ 000 chk 31379
11/05/2020 23:31:00  19.40 °C  59.13 %  882.3 hPa 1.045E-03 g/cm³ 000 chk 26476
11/05/2020 23:32:00  19.40 °C  59.16 %  882.3 hPa 1.045E-03 g/cm³ 000 chk 16771
11/05/2020 23:33:00  19.41 °C  58.89 %  882.2 hPa 1.044E-03 g/cm³ 000 chk 63784
11/05/2020 23:34:00  19.40 °C  59.03 %  882.2 hPa 1.044E-03 g/cm³ 000 chk 57063
11/05/2020 23:35:00  19.40 °C  58.79 %  882.2 hPa 1.044E-03 g/cm³ 000 chk 22174
11/05/2020 23:36:00  19.40 °C  58.48 %  882.2 hPa 1.044E-03 g/cm³ 000 chk  1031
11/05/2020 23:37:00  19.40 °C  58.33 %  882.2 hPa 1.045E-03 g/cm³ 000 chk 61858
11/05/2020 23:38:00  19.39 °C  58.28 %  882.2 hPa 1.045E-03 g/cm³ 000 chk 49890
11/05/2020 23:39:00  19.39 °C  58.36 %  882.1 hPa 1.044E-03 g/cm³ 000 chk 58710
11/05/2020 23:40:00  19.39 °C  58.60 %  882.1 hPa 1.044E-03 g/cm³ 000 chk  5651
11/05/2020 23:41:00  19.39 °C  58.61 %  882.1 hPa 1.044E-03 g/cm³ 000 chk 20918
11/05/2020 23:42:00  19.39 °C  58.67 %  882.1 hPa 1.044E-03 g/cm³ 000 chk    89
11/05/2020 23:43:00  19.38 °C  58.71 %  882.1 hPa 1.045E-03 g/cm³ 000 chk  5584
11/05/2020 23:44:00  19.38 °C  58.74 %  882.1 hPa 1.045E-03 g/cm³ 000 chk  6569
11/05/2020 23:45:00  19.38 °C  58.46 %  882.0 hPa 1.045E-03 g/cm³ 000 chk 53295
11/05/2020 23:46:00  19.38 °C  58.51 %  882.0 hPa 1.044E-03 g/cm³ 000 chk 44076
11/05/2020 23:47:00  19.38 °C  58.55 %  882.0 hPa 1.044E-03 g/cm³ 000 chk 29321
11/05/2020 23:48:00  19.38 °C  58.27 %  882.0 hPa 1.044E-03 g/cm³ 000 chk 59423
11/05/2020 23:49:00  19.38 °C  58.34 %  882.0 hPa 1.044E-03 g/cm³ 000 chk 62871
11/05/2020 23:50:00  19.38 °C  58.46 %  881.9 hPa 1.044E-03 g/cm³ 000 chk 40840
11/05/2020 23:51:00  19.37 °C  58.70 %  881.9 hPa 1.044E-03 g/cm³ 000 chk  8209
11/05/2020 23:52:00  19.38 °C  58.49 %  881.8 hPa 1.044E-03 g/cm³ 000 chk 39060
11/05/2020 23:53:00  19.38 °C  58.69 %  881.8 hPa 1.044E-03 g/cm³ 000 chk 62059
11/05/2020 23:54:00  19.38 °C  59.00 %  881.7 hPa 1.044E-03 g/cm³ 000 chk 55011
11/05/2020 23:55:00  19.38 °C  59.68 %  881.7 hPa 1.044E-03 g/cm³ 000 chk 38059
11/05/2020 23:56:00  19.38 °C  60.39 %  881.7 hPa 1.044E-03 g/cm³ 000 chk 35999
11/05/2020 23:57:00  19.39 °C  60.76 %  881.6 hPa 1.044E-03 g/cm³ 000 chk 25881
11/05/2020 23:58:00  19.39 °C  61.15 %  881.6 hPa 1.044E-03 g/cm³ 000 chk 17086
11/05/2020 23:59:00  19.40 °C  60.81 %  881.6 hPa 1.044E-03 g/cm³ 000 chk 41337
