21/02/2020  8:45:06  18.03 °C  59.20 %  882.5 hPa 1.050E-03 g/cm³ 000 chk 21390
21/02/2020  8:46:00  18.04 °C  59.14 %  882.4 hPa 1.050E-03 g/cm³ 000 chk 47307
21/02/2020  8:47:00  18.06 °C  59.29 %  882.4 hPa 1.050E-03 g/cm³ 000 chk   153
21/02/2020  8:48:00  18.08 °C  59.26 %  882.4 hPa 1.050E-03 g/cm³ 000 chk 16709
21/02/2020  8:49:00  18.10 °C  59.24 %  882.5 hPa 1.050E-03 g/cm³ 000 chk  5674
21/02/2020  8:50:00  18.12 °C  59.25 %  882.5 hPa 1.050E-03 g/cm³ 000 chk 56459
21/02/2020  8:51:00  18.13 °C  59.24 %  882.5 hPa 1.050E-03 g/cm³ 000 chk  2798
21/02/2020  8:52:00  18.15 °C  59.12 %  882.6 hPa 1.050E-03 g/cm³ 000 chk 46092
21/02/2020  8:53:00  18.16 °C  59.70 %  882.5 hPa 1.050E-03 g/cm³ 000 chk 15867
21/02/2020  8:54:00  18.17 °C  60.50 %  882.5 hPa 1.050E-03 g/cm³ 000 chk 45914
21/02/2020  8:55:00  18.18 °C  61.28 %  882.5 hPa 1.050E-03 g/cm³ 000 chk 23144
21/02/2020  8:56:00  18.20 °C  62.08 %  882.5 hPa 1.049E-03 g/cm³ 000 chk 31823
21/02/2020  8:57:00  18.21 °C  62.29 %  882.5 hPa 1.049E-03 g/cm³ 000 chk 27249
21/02/2020  8:58:00  18.23 °C  62.57 %  882.6 hPa 1.049E-03 g/cm³ 000 chk 17560
21/02/2020  8:59:00  18.25 °C  62.27 %  882.6 hPa 1.049E-03 g/cm³ 000 chk 35451
21/02/2020  9:00:00  18.26 °C  61.70 %  882.4 hPa 1.049E-03 g/cm³ 000 chk 20634
21/02/2020  9:01:00  18.28 °C  61.22 %  882.5 hPa 1.049E-03 g/cm³ 000 chk 62328
21/02/2020  9:02:00  18.29 °C  60.37 %  882.6 hPa 1.049E-03 g/cm³ 000 chk 24472
21/02/2020  9:03:00  18.30 °C  60.74 %  882.6 hPa 1.049E-03 g/cm³ 000 chk 19927
21/02/2020  9:04:00  18.31 °C  60.92 %  882.7 hPa 1.049E-03 g/cm³ 000 chk 40893
21/02/2020  9:05:00  18.32 °C  62.27 %  882.5 hPa 1.049E-03 g/cm³ 000 chk 19924
21/02/2020  9:06:00  18.34 °C  62.57 %  882.6 hPa 1.049E-03 g/cm³ 000 chk 56707
21/02/2020  9:07:00  18.36 °C  62.77 %  882.6 hPa 1.049E-03 g/cm³ 000 chk 54527
21/02/2020  9:08:00  18.38 °C  62.71 %  882.6 hPa 1.049E-03 g/cm³ 000 chk 36896
21/02/2020  9:09:00  18.39 °C  62.38 %  882.6 hPa 1.049E-03 g/cm³ 000 chk 28402
21/02/2020  9:10:00  18.40 °C  61.81 %  882.5 hPa 1.049E-03 g/cm³ 000 chk 63791
21/02/2020  9:11:00  18.41 °C  61.09 %  882.5 hPa 1.049E-03 g/cm³ 000 chk 60192
21/02/2020  9:12:00  18.41 °C  60.77 %  882.6 hPa 1.049E-03 g/cm³ 000 chk 18924
21/02/2020  9:13:00  18.41 °C  60.50 %  882.6 hPa 1.049E-03 g/cm³ 000 chk  8210
21/02/2020  9:14:00  18.41 °C  60.43 %  882.7 hPa 1.049E-03 g/cm³ 000 chk 64275
21/02/2020  9:15:00  18.42 °C  60.51 %  882.6 hPa 1.049E-03 g/cm³ 000 chk   141
21/02/2020  9:16:00  18.42 °C  61.30 %  882.6 hPa 1.049E-03 g/cm³ 000 chk 49809
21/02/2020  9:17:00  18.42 °C  61.17 %  882.6 hPa 1.049E-03 g/cm³ 000 chk 43887
21/02/2020  9:18:00  18.42 °C  60.71 %  882.5 hPa 1.049E-03 g/cm³ 000 chk 24119
21/02/2020  9:19:00  18.41 °C  60.79 %  882.6 hPa 1.049E-03 g/cm³ 000 chk 42285
21/02/2020  9:20:00  18.41 °C  61.11 %  882.6 hPa 1.049E-03 g/cm³ 000 chk 44715
21/02/2020  9:21:00  18.41 °C  61.87 %  882.6 hPa 1.049E-03 g/cm³ 000 chk 60234
21/02/2020  9:22:00  18.41 °C  62.26 %  882.7 hPa 1.049E-03 g/cm³ 000 chk 45541
21/02/2020  9:23:00  18.41 °C  62.48 %  882.5 hPa 1.049E-03 g/cm³ 000 chk 44806
21/02/2020  9:24:00  18.41 °C  62.61 %  882.6 hPa 1.049E-03 g/cm³ 000 chk 46296
21/02/2020  9:25:00  18.41 °C  62.24 %  882.6 hPa 1.049E-03 g/cm³ 000 chk 18377
21/02/2020  9:26:00  18.41 °C  61.77 %  882.6 hPa 1.049E-03 g/cm³ 000 chk 32664
21/02/2020  9:27:00  18.40 °C  61.12 %  882.5 hPa 1.049E-03 g/cm³ 000 chk 38637
21/02/2020  9:28:00  18.40 °C  60.79 %  882.5 hPa 1.049E-03 g/cm³ 000 chk 22856
21/02/2020  9:29:00  18.40 °C  60.41 %  882.5 hPa 1.049E-03 g/cm³ 000 chk  7065
21/02/2020  9:30:00  18.39 °C  60.34 %  882.5 hPa 1.049E-03 g/cm³ 000 chk 43587
21/02/2020  9:31:00  18.38 °C  60.28 %  882.5 hPa 1.049E-03 g/cm³ 000 chk 52488
21/02/2020  9:32:00  18.38 °C  60.32 %  882.6 hPa 1.049E-03 g/cm³ 000 chk 35639
21/02/2020  9:33:00  18.38 °C  60.25 %  882.5 hPa 1.049E-03 g/cm³ 000 chk 43329
21/02/2020  9:34:00  18.37 °C  60.10 %  882.6 hPa 1.049E-03 g/cm³ 000 chk  5626
21/02/2020  9:35:00  18.37 °C  59.94 %  882.5 hPa 1.049E-03 g/cm³ 000 chk  2954
21/02/2020  9:36:00  18.36 °C  59.77 %  882.5 hPa 1.049E-03 g/cm³ 000 chk 37666
21/02/2020  9:37:00  18.36 °C  59.97 %  882.5 hPa 1.049E-03 g/cm³ 000 chk 63489
21/02/2020  9:38:00  18.35 °C  60.00 %  882.5 hPa 1.049E-03 g/cm³ 000 chk 33296
21/02/2020  9:39:00  18.35 °C  60.11 %  882.5 hPa 1.049E-03 g/cm³ 000 chk  1433
21/02/2020  9:40:00  18.35 °C  60.34 %  882.5 hPa 1.049E-03 g/cm³ 000 chk 16670
21/02/2020  9:41:00  18.35 °C  60.38 %  882.5 hPa 1.049E-03 g/cm³ 000 chk 30649
21/02/2020  9:42:00  18.35 °C  60.53 %  882.4 hPa 1.049E-03 g/cm³ 000 chk 44782
21/02/2020  9:43:00  18.35 °C  60.49 %  882.4 hPa 1.049E-03 g/cm³ 000 chk 46693
21/02/2020  9:44:00  18.35 °C  60.45 %  882.5 hPa 1.049E-03 g/cm³ 000 chk 17995
21/02/2020  9:45:00  18.35 °C  60.48 %  882.5 hPa 1.049E-03 g/cm³ 000 chk 40429
21/02/2020  9:46:00  18.35 °C  60.52 %  882.4 hPa 1.049E-03 g/cm³ 000 chk 27001
21/02/2020  9:47:00  18.35 °C  60.52 %  882.5 hPa 1.049E-03 g/cm³ 000 chk 14985
21/02/2020  9:48:00  18.35 °C  60.67 %  882.5 hPa 1.049E-03 g/cm³ 000 chk 25515
21/02/2020  9:49:00  18.35 °C  61.03 %  882.5 hPa 1.049E-03 g/cm³ 000 chk 11772
21/02/2020  9:50:00  18.35 °C  60.80 %  882.5 hPa 1.049E-03 g/cm³ 000 chk 20394
21/02/2020  9:51:00  18.35 °C  60.91 %  882.6 hPa 1.049E-03 g/cm³ 000 chk 33756
21/02/2020  9:52:00  18.35 °C  60.65 %  882.5 hPa 1.049E-03 g/cm³ 000 chk   614
21/02/2020  9:53:00  18.35 °C  60.62 %  882.5 hPa 1.049E-03 g/cm³ 000 chk 43971
21/02/2020  9:54:00  18.35 °C  60.29 %  882.5 hPa 1.049E-03 g/cm³ 000 chk 24845
21/02/2020  9:55:00  18.35 °C  60.31 %  882.4 hPa 1.049E-03 g/cm³ 000 chk  6867
21/02/2020  9:56:00  18.35 °C  60.16 %  882.3 hPa 1.049E-03 g/cm³ 000 chk  2252
21/02/2020  9:57:00  18.34 °C  60.36 %  882.3 hPa 1.049E-03 g/cm³ 000 chk 62451
21/02/2020  9:58:00  18.34 °C  60.19 %  882.4 hPa 1.049E-03 g/cm³ 000 chk 30292
21/02/2020  9:59:00  18.33 °C  60.17 %  882.4 hPa 1.049E-03 g/cm³ 000 chk 61367
21/02/2020 10:00:00  18.33 °C  60.26 %  882.3 hPa 1.049E-03 g/cm³ 000 chk 52243
21/02/2020 10:01:00  18.31 °C  59.91 %  882.4 hPa 1.049E-03 g/cm³ 000 chk 58306
21/02/2020 10:02:00  18.30 °C  59.75 %  882.5 hPa 1.049E-03 g/cm³ 000 chk 33087
21/02/2020 10:03:00  18.30 °C  59.58 %  882.5 hPa 1.049E-03 g/cm³ 000 chk 39618
21/02/2020 10:04:00  18.29 °C  59.45 %  882.5 hPa 1.049E-03 g/cm³ 000 chk 45515
21/02/2020 10:05:00  18.29 °C  59.50 %  882.5 hPa 1.049E-03 g/cm³ 000 chk 16963
21/02/2020 10:06:00  18.28 °C  59.67 %  882.5 hPa 1.049E-03 g/cm³ 000 chk 28442
21/02/2020 10:07:00  18.27 °C  59.59 %  882.5 hPa 1.049E-03 g/cm³ 000 chk 14465
21/02/2020 10:08:00  18.27 °C  59.72 %  882.5 hPa 1.049E-03 g/cm³ 000 chk 42893
21/02/2020 10:09:00  18.26 °C  59.66 %  882.6 hPa 1.050E-03 g/cm³ 000 chk 62771
21/02/2020 10:10:00  18.25 °C  59.39 %  882.6 hPa 1.050E-03 g/cm³ 000 chk 43209
21/02/2020 10:11:00  18.24 °C  59.39 %  882.6 hPa 1.050E-03 g/cm³ 000 chk 37805
21/02/2020 10:12:00  18.23 °C  59.35 %  882.6 hPa 1.050E-03 g/cm³ 000 chk 34052
21/02/2020 10:13:00  18.22 °C  60.00 %  882.6 hPa 1.050E-03 g/cm³ 000 chk 27988
21/02/2020 10:14:00  18.22 °C  60.73 %  882.6 hPa 1.050E-03 g/cm³ 000 chk 20463
21/02/2020 10:15:00  18.22 °C  61.67 %  882.6 hPa 1.049E-03 g/cm³ 000 chk 22386
21/02/2020 10:16:00  18.22 °C  62.09 %  882.5 hPa 1.049E-03 g/cm³ 000 chk 21929
21/02/2020 10:17:00  18.23 °C  62.43 %  882.5 hPa 1.049E-03 g/cm³ 000 chk 56443
21/02/2020 10:18:00  18.23 °C  62.34 %  882.5 hPa 1.049E-03 g/cm³ 000 chk 57325
21/02/2020 10:19:00  18.24 °C  62.40 %  882.5 hPa 1.049E-03 g/cm³ 000 chk 62671
21/02/2020 10:20:00  18.24 °C  62.36 %  882.6 hPa 1.049E-03 g/cm³ 000 chk 57988
21/02/2020 10:21:00  18.24 °C  62.15 %  882.5 hPa 1.049E-03 g/cm³ 000 chk 46212
21/02/2020 10:22:00  18.24 °C  61.94 %  882.6 hPa 1.049E-03 g/cm³ 000 chk 40155
21/02/2020 10:23:00  18.25 °C  61.79 %  882.6 hPa 1.049E-03 g/cm³ 000 chk  5946
21/02/2020 10:24:00  18.25 °C  61.74 %  882.6 hPa 1.049E-03 g/cm³ 000 chk 62273
21/02/2020 10:25:00  18.25 °C  61.48 %  882.6 hPa 1.049E-03 g/cm³ 000 chk 50577
21/02/2020 10:26:00  18.26 °C  61.20 %  882.6 hPa 1.049E-03 g/cm³ 000 chk 24785
21/02/2020 10:27:00  18.25 °C  61.09 %  882.6 hPa 1.049E-03 g/cm³ 000 chk 64878
21/02/2020 10:28:00  18.25 °C  60.87 %  882.7 hPa 1.050E-03 g/cm³ 000 chk  1296
21/02/2020 10:29:00  18.25 °C  60.74 %  882.6 hPa 1.050E-03 g/cm³ 000 chk  8267
21/02/2020 10:30:00  18.24 °C  60.51 %  882.6 hPa 1.050E-03 g/cm³ 000 chk 44275
21/02/2020 10:31:00  18.24 °C  60.46 %  882.6 hPa 1.050E-03 g/cm³ 000 chk 50554
21/02/2020 10:32:00  18.24 °C  60.68 %  882.6 hPa 1.049E-03 g/cm³ 000 chk 10948
21/02/2020 10:33:00  18.24 °C  60.46 %  882.6 hPa 1.050E-03 g/cm³ 000 chk 53297
21/02/2020 10:34:00  18.23 °C  60.33 %  882.6 hPa 1.050E-03 g/cm³ 000 chk 10703
21/02/2020 10:35:00  18.23 °C  60.08 %  882.6 hPa 1.050E-03 g/cm³ 000 chk  7198
21/02/2020 10:36:00  18.23 °C  60.01 %  882.6 hPa 1.050E-03 g/cm³ 000 chk 42738
21/02/2020 10:37:00  18.22 °C  60.09 %  882.7 hPa 1.050E-03 g/cm³ 000 chk 36032
21/02/2020 10:38:00  18.22 °C  59.88 %  882.7 hPa 1.050E-03 g/cm³ 000 chk 10942
21/02/2020 10:39:00  18.21 °C  59.73 %  882.6 hPa 1.050E-03 g/cm³ 000 chk  5540
21/02/2020 10:40:00  18.20 °C  59.67 %  882.6 hPa 1.050E-03 g/cm³ 000 chk 11669
21/02/2020 10:41:00  18.20 °C  59.63 %  882.5 hPa 1.050E-03 g/cm³ 000 chk 47311
21/02/2020 10:42:00  18.20 °C  59.71 %  882.5 hPa 1.050E-03 g/cm³ 000 chk 23821
21/02/2020 10:43:00  18.19 °C  59.58 %  882.6 hPa 1.050E-03 g/cm³ 000 chk 55154
21/02/2020 10:44:00  18.19 °C  59.56 %  882.6 hPa 1.050E-03 g/cm³ 000 chk 17417
21/02/2020 10:45:00  18.18 °C  59.34 %  882.5 hPa 1.050E-03 g/cm³ 000 chk 44669
21/02/2020 10:46:00  18.18 °C  59.23 %  882.5 hPa 1.050E-03 g/cm³ 000 chk 53951
21/02/2020 10:47:00  18.17 °C  59.22 %  882.6 hPa 1.050E-03 g/cm³ 000 chk  9647
21/02/2020 10:48:00  18.17 °C  59.18 %  882.6 hPa 1.050E-03 g/cm³ 000 chk 38798
21/02/2020 10:49:00  18.16 °C  59.30 %  882.6 hPa 1.050E-03 g/cm³ 000 chk 33971
21/02/2020 10:50:00  18.16 °C  59.24 %  882.6 hPa 1.050E-03 g/cm³ 000 chk 29885
21/02/2020 10:51:00  18.15 °C  59.42 %  882.6 hPa 1.050E-03 g/cm³ 000 chk 49844
21/02/2020 10:52:00  18.15 °C  59.67 %  882.6 hPa 1.050E-03 g/cm³ 000 chk  9216
21/02/2020 10:53:00  18.15 °C  59.88 %  882.6 hPa 1.050E-03 g/cm³ 000 chk 42016
21/02/2020 10:54:00  18.15 °C  59.98 %  882.6 hPa 1.050E-03 g/cm³ 000 chk 61813
21/02/2020 10:55:00  18.14 °C  59.87 %  882.6 hPa 1.050E-03 g/cm³ 000 chk 57662
21/02/2020 10:56:00  18.14 °C  59.88 %  882.5 hPa 1.050E-03 g/cm³ 000 chk 65069
21/02/2020 10:57:00  18.14 °C  59.85 %  882.5 hPa 1.050E-03 g/cm³ 000 chk  9611
21/02/2020 10:58:00  18.14 °C  60.16 %  882.4 hPa 1.050E-03 g/cm³ 000 chk  8332
21/02/2020 10:59:00  18.15 °C  60.12 %  882.5 hPa 1.050E-03 g/cm³ 000 chk 38589
21/02/2020 11:00:00  18.15 °C  60.45 %  882.5 hPa 1.050E-03 g/cm³ 000 chk 64659
21/02/2020 11:01:00  18.15 °C  60.44 %  882.5 hPa 1.050E-03 g/cm³ 000 chk 47926
21/02/2020 11:02:00  18.15 °C  60.70 %  882.5 hPa 1.050E-03 g/cm³ 000 chk 28847
21/02/2020 11:03:00  18.15 °C  61.06 %  882.4 hPa 1.050E-03 g/cm³ 000 chk 40321
21/02/2020 11:04:00  18.15 °C  60.81 %  882.5 hPa 1.050E-03 g/cm³ 000 chk 41944
21/02/2020 11:05:00  18.16 °C  60.89 %  882.4 hPa 1.050E-03 g/cm³ 000 chk 60009
21/02/2020 11:06:00  18.16 °C  60.66 %  882.4 hPa 1.050E-03 g/cm³ 000 chk 32514
21/02/2020 11:07:00  18.16 °C  61.07 %  882.4 hPa 1.050E-03 g/cm³ 000 chk 43093
21/02/2020 11:08:00  18.17 °C  60.79 %  882.4 hPa 1.049E-03 g/cm³ 000 chk 14612
21/02/2020 11:09:00  18.17 °C  60.99 %  882.4 hPa 1.049E-03 g/cm³ 000 chk 21047
21/02/2020 11:10:00  18.17 °C  61.18 %  882.3 hPa 1.049E-03 g/cm³ 000 chk 50378
21/02/2020 11:11:00  18.18 °C  61.08 %  882.4 hPa 1.049E-03 g/cm³ 000 chk 15266
21/02/2020 11:12:00  18.18 °C  61.01 %  882.4 hPa 1.049E-03 g/cm³ 000 chk 33102
21/02/2020 11:13:00  18.19 °C  60.95 %  882.3 hPa 1.049E-03 g/cm³ 000 chk 12760
21/02/2020 11:14:00  18.19 °C  60.81 %  882.3 hPa 1.049E-03 g/cm³ 000 chk  4236
21/02/2020 11:15:00  18.19 °C  60.81 %  882.3 hPa 1.049E-03 g/cm³ 000 chk 47656
21/02/2020 11:16:00  18.20 °C  61.05 %  882.3 hPa 1.049E-03 g/cm³ 000 chk 36559
21/02/2020 11:17:00  18.20 °C  60.97 %  882.3 hPa 1.049E-03 g/cm³ 000 chk 12083
21/02/2020 11:18:00  18.20 °C  61.40 %  882.3 hPa 1.049E-03 g/cm³ 000 chk 48523
21/02/2020 11:19:00  18.20 °C  61.39 %  882.2 hPa 1.049E-03 g/cm³ 000 chk 11194
21/02/2020 11:20:00  18.21 °C  61.53 %  882.2 hPa 1.049E-03 g/cm³ 000 chk 48097
21/02/2020 11:21:00  18.21 °C  61.50 %  882.1 hPa 1.049E-03 g/cm³ 000 chk 11706
21/02/2020 11:22:00  18.21 °C  61.38 %  882.1 hPa 1.049E-03 g/cm³ 000 chk 31417
21/02/2020 11:23:00  18.22 °C  61.05 %  882.1 hPa 1.049E-03 g/cm³ 000 chk 21291
21/02/2020 11:24:00  18.22 °C  61.16 %  882.1 hPa 1.049E-03 g/cm³ 000 chk 29054
21/02/2020 11:25:00  18.22 °C  61.03 %  882.1 hPa 1.049E-03 g/cm³ 000 chk 33526
21/02/2020 11:26:00  18.22 °C  61.07 %  882.0 hPa 1.049E-03 g/cm³ 000 chk 45132
21/02/2020 11:27:00  18.22 °C  61.07 %  882.0 hPa 1.049E-03 g/cm³ 000 chk  6888
21/02/2020 11:28:00  18.21 °C  61.05 %  881.9 hPa 1.049E-03 g/cm³ 000 chk 50688
21/02/2020 11:29:00  18.21 °C  61.17 %  882.0 hPa 1.049E-03 g/cm³ 000 chk 17014
21/02/2020 11:30:00  18.21 °C  61.03 %  881.9 hPa 1.049E-03 g/cm³ 000 chk 50823
21/02/2020 11:31:00  18.21 °C  60.99 %  882.0 hPa 1.049E-03 g/cm³ 000 chk 64390
21/02/2020 11:32:00  18.21 °C  60.93 %  882.0 hPa 1.049E-03 g/cm³ 000 chk 13930
21/02/2020 11:33:00  18.21 °C  60.82 %  882.0 hPa 1.049E-03 g/cm³ 000 chk 45539
21/02/2020 11:34:00  18.22 °C  61.15 %  881.9 hPa 1.049E-03 g/cm³ 000 chk 12414
21/02/2020 11:35:00  18.21 °C  61.04 %  881.9 hPa 1.049E-03 g/cm³ 000 chk 17844
21/02/2020 11:36:00  18.21 °C  61.11 %  882.0 hPa 1.049E-03 g/cm³ 000 chk 55176
21/02/2020 11:37:00  18.21 °C  61.17 %  882.0 hPa 1.049E-03 g/cm³ 000 chk 37676
21/02/2020 11:38:00  18.22 °C  61.32 %  881.9 hPa 1.049E-03 g/cm³ 000 chk 35998
21/02/2020 11:39:00  18.22 °C  61.13 %  881.9 hPa 1.049E-03 g/cm³ 000 chk  2912
21/02/2020 11:40:00  18.22 °C  61.21 %  881.9 hPa 1.049E-03 g/cm³ 000 chk 36042
21/02/2020 11:41:00  18.22 °C  60.99 %  881.9 hPa 1.049E-03 g/cm³ 000 chk 40814
21/02/2020 11:42:00  18.22 °C  60.99 %  881.8 hPa 1.049E-03 g/cm³ 000 chk 55765
21/02/2020 11:43:00  18.22 °C  61.00 %  881.8 hPa 1.049E-03 g/cm³ 000 chk 59179
21/02/2020 11:44:00  18.21 °C  60.87 %  881.8 hPa 1.049E-03 g/cm³ 000 chk 53861
21/02/2020 11:45:00  18.21 °C  61.00 %  881.8 hPa 1.049E-03 g/cm³ 000 chk 10933
21/02/2020 11:46:00  18.21 °C  60.99 %  881.8 hPa 1.049E-03 g/cm³ 000 chk   256
21/02/2020 11:47:00  18.21 °C  61.01 %  881.8 hPa 1.049E-03 g/cm³ 000 chk 54015
21/02/2020 11:48:00  18.21 °C  61.03 %  881.8 hPa 1.049E-03 g/cm³ 000 chk 34987
21/02/2020 11:49:00  18.22 °C  61.51 %  881.8 hPa 1.049E-03 g/cm³ 000 chk 19156
21/02/2020 11:50:00  18.22 °C  62.17 %  881.8 hPa 1.048E-03 g/cm³ 000 chk 53412
21/02/2020 11:51:00  18.23 °C  62.88 %  881.8 hPa 1.048E-03 g/cm³ 000 chk   390
21/02/2020 11:52:00  18.24 °C  63.53 %  881.8 hPa 1.048E-03 g/cm³ 000 chk 17858
21/02/2020 11:53:00  18.25 °C  63.78 %  881.8 hPa 1.048E-03 g/cm³ 000 chk  8703
21/02/2020 11:54:00  18.26 °C  63.48 %  881.8 hPa 1.048E-03 g/cm³ 000 chk 18098
21/02/2020 11:55:00  18.26 °C  62.75 %  881.8 hPa 1.048E-03 g/cm³ 000 chk  3455
21/02/2020 11:56:00  18.27 °C  62.54 %  881.7 hPa 1.048E-03 g/cm³ 000 chk 10762
21/02/2020 11:57:00  18.27 °C  61.49 %  881.7 hPa 1.048E-03 g/cm³ 000 chk 49575
21/02/2020 11:58:00  18.27 °C  60.88 %  881.7 hPa 1.048E-03 g/cm³ 000 chk 32051
21/02/2020 11:59:00  18.27 °C  60.49 %  881.6 hPa 1.048E-03 g/cm³ 000 chk 49694
21/02/2020 12:00:00  18.27 °C  60.19 %  881.7 hPa 1.048E-03 g/cm³ 000 chk 54299
21/02/2020 12:01:00  18.26 °C  59.91 %  881.7 hPa 1.048E-03 g/cm³ 000 chk 35927
21/02/2020 12:02:00  18.26 °C  59.77 %  881.7 hPa 1.048E-03 g/cm³ 000 chk  7231
21/02/2020 12:03:00  18.25 °C  59.81 %  881.6 hPa 1.048E-03 g/cm³ 000 chk 21031
21/02/2020 12:04:00  18.25 °C  59.89 %  881.7 hPa 1.048E-03 g/cm³ 000 chk 54792
21/02/2020 12:05:00  18.25 °C  59.85 %  881.6 hPa 1.048E-03 g/cm³ 000 chk  6651
21/02/2020 12:06:00  18.24 °C  60.00 %  881.7 hPa 1.048E-03 g/cm³ 000 chk 56490
21/02/2020 12:07:00  18.24 °C  59.82 %  881.7 hPa 1.048E-03 g/cm³ 000 chk 26405
21/02/2020 12:08:00  18.23 °C  59.71 %  881.6 hPa 1.048E-03 g/cm³ 000 chk  7626
21/02/2020 12:09:00  18.23 °C  59.74 %  881.6 hPa 1.048E-03 g/cm³ 000 chk 11886
21/02/2020 12:10:00  18.23 °C  59.85 %  881.7 hPa 1.049E-03 g/cm³ 000 chk 32626
21/02/2020 12:11:00  18.22 °C  60.01 %  881.7 hPa 1.049E-03 g/cm³ 000 chk 47933
21/02/2020 12:12:00  18.22 °C  60.02 %  881.7 hPa 1.049E-03 g/cm³ 000 chk 29650
21/02/2020 12:13:00  18.22 °C  60.06 %  881.6 hPa 1.048E-03 g/cm³ 000 chk 21730
21/02/2020 12:14:00  18.22 °C  60.14 %  881.6 hPa 1.048E-03 g/cm³ 000 chk 39862
21/02/2020 12:15:00  18.22 °C  60.31 %  881.6 hPa 1.048E-03 g/cm³ 000 chk 26697
21/02/2020 12:16:00  18.22 °C  60.06 %  881.5 hPa 1.048E-03 g/cm³ 000 chk 40751
21/02/2020 12:17:00  18.22 °C  59.89 %  881.5 hPa 1.048E-03 g/cm³ 000 chk 21922
21/02/2020 12:18:00  18.22 °C  59.74 %  881.5 hPa 1.048E-03 g/cm³ 000 chk 58718
21/02/2020 12:19:00  18.21 °C  59.68 %  881.5 hPa 1.048E-03 g/cm³ 000 chk 57750
21/02/2020 12:20:00  18.22 °C  59.74 %  881.5 hPa 1.048E-03 g/cm³ 000 chk 15500
21/02/2020 12:21:00  18.21 °C  59.85 %  881.5 hPa 1.048E-03 g/cm³ 000 chk 35009
21/02/2020 12:22:00  18.22 °C  59.82 %  881.4 hPa 1.048E-03 g/cm³ 000 chk 16184
21/02/2020 12:23:00  18.22 °C  60.05 %  881.5 hPa 1.048E-03 g/cm³ 000 chk 58595
21/02/2020 12:24:00  18.22 °C  59.87 %  881.4 hPa 1.048E-03 g/cm³ 000 chk 39397
21/02/2020 12:25:00  18.22 °C  60.07 %  881.5 hPa 1.048E-03 g/cm³ 000 chk 16703
21/02/2020 12:26:00  18.22 °C  60.01 %  881.4 hPa 1.048E-03 g/cm³ 000 chk 59780
21/02/2020 12:27:00  18.22 °C  60.12 %  881.4 hPa 1.048E-03 g/cm³ 000 chk 62476
21/02/2020 12:28:00  18.21 °C  59.82 %  881.4 hPa 1.048E-03 g/cm³ 000 chk 36124
21/02/2020 12:29:00  18.21 °C  59.95 %  881.4 hPa 1.048E-03 g/cm³ 000 chk 58517
21/02/2020 12:30:00  18.21 °C  60.10 %  881.3 hPa 1.048E-03 g/cm³ 000 chk 56374
21/02/2020 12:31:00  18.21 °C  60.14 %  881.3 hPa 1.048E-03 g/cm³ 000 chk   659
21/02/2020 12:32:00  18.21 °C  60.12 %  881.4 hPa 1.048E-03 g/cm³ 000 chk 15830
21/02/2020 12:33:00  18.21 °C  60.34 %  881.3 hPa 1.048E-03 g/cm³ 000 chk 55171
21/02/2020 12:34:00  18.21 °C  60.20 %  881.3 hPa 1.048E-03 g/cm³ 000 chk 63191
21/02/2020 12:35:00  18.21 °C  60.17 %  881.3 hPa 1.048E-03 g/cm³ 000 chk 24325
21/02/2020 12:36:00  18.21 °C  60.08 %  881.3 hPa 1.048E-03 g/cm³ 000 chk 52165
21/02/2020 12:37:00  18.21 °C  60.13 %  881.3 hPa 1.048E-03 g/cm³ 000 chk 15951
21/02/2020 12:38:00  18.22 °C  60.22 %  881.2 hPa 1.048E-03 g/cm³ 000 chk  6267
21/02/2020 12:39:00  18.22 °C  60.58 %  881.2 hPa 1.048E-03 g/cm³ 000 chk    30
21/02/2020 12:40:00  18.22 °C  60.31 %  881.1 hPa 1.048E-03 g/cm³ 000 chk 21456
21/02/2020 12:41:00  18.23 °C  60.43 %  881.1 hPa 1.048E-03 g/cm³ 000 chk 12919
21/02/2020 12:42:00  18.23 °C  60.65 %  881.0 hPa 1.048E-03 g/cm³ 000 chk 23191
21/02/2020 12:43:00  18.23 °C  60.52 %  881.1 hPa 1.048E-03 g/cm³ 000 chk  2577
21/02/2020 12:44:00  18.24 °C  60.64 %  881.0 hPa 1.048E-03 g/cm³ 000 chk 48398
21/02/2020 12:45:00  18.24 °C  60.60 %  881.0 hPa 1.048E-03 g/cm³ 000 chk 25515
21/02/2020 12:46:00  18.24 °C  60.64 %  881.1 hPa 1.048E-03 g/cm³ 000 chk 20753
21/02/2020 12:47:00  18.24 °C  60.80 %  881.0 hPa 1.048E-03 g/cm³ 000 chk 46951
21/02/2020 12:48:00  18.24 °C  60.75 %  880.9 hPa 1.047E-03 g/cm³ 000 chk 56022
21/02/2020 12:49:00  18.24 °C  60.85 %  880.9 hPa 1.047E-03 g/cm³ 000 chk 29145
21/02/2020 12:50:00  18.25 °C  60.89 %  880.9 hPa 1.047E-03 g/cm³ 000 chk 14393
21/02/2020 12:51:00  18.25 °C  60.97 %  880.9 hPa 1.047E-03 g/cm³ 000 chk 21683
21/02/2020 12:52:00  18.26 °C  60.98 %  880.8 hPa 1.047E-03 g/cm³ 000 chk  2888
21/02/2020 12:53:00  18.26 °C  60.97 %  880.8 hPa 1.047E-03 g/cm³ 000 chk 19183
21/02/2020 12:54:00  18.26 °C  61.17 %  880.8 hPa 1.047E-03 g/cm³ 000 chk 36579
21/02/2020 12:55:00  18.27 °C  61.11 %  880.8 hPa 1.047E-03 g/cm³ 000 chk 23431
21/02/2020 12:56:00  18.27 °C  61.15 %  880.7 hPa 1.047E-03 g/cm³ 000 chk 46185
21/02/2020 12:57:00  18.27 °C  61.08 %  880.7 hPa 1.047E-03 g/cm³ 000 chk 45027
21/02/2020 12:58:00  18.28 °C  60.92 %  880.7 hPa 1.047E-03 g/cm³ 000 chk 30630
21/02/2020 12:59:00  18.28 °C  60.91 %  880.7 hPa 1.047E-03 g/cm³ 000 chk 43522
21/02/2020 13:00:00  18.28 °C  61.13 %  880.7 hPa 1.047E-03 g/cm³ 000 chk  2240
21/02/2020 13:01:00  18.28 °C  61.12 %  880.6 hPa 1.047E-03 g/cm³ 000 chk 46641
21/02/2020 13:02:00  18.29 °C  61.11 %  880.6 hPa 1.047E-03 g/cm³ 000 chk 61214
21/02/2020 13:03:00  18.29 °C  61.05 %  880.6 hPa 1.047E-03 g/cm³ 000 chk 61847
21/02/2020 13:04:00  18.29 °C  61.19 %  880.6 hPa 1.047E-03 g/cm³ 000 chk 14529
21/02/2020 13:05:00  18.29 °C  61.32 %  880.6 hPa 1.047E-03 g/cm³ 000 chk 52540
21/02/2020 13:06:00  18.29 °C  61.51 %  880.6 hPa 1.047E-03 g/cm³ 000 chk  1341
21/02/2020 13:07:00  18.29 °C  61.57 %  880.6 hPa 1.047E-03 g/cm³ 000 chk 16793
21/02/2020 13:08:00  18.30 °C  61.73 %  880.6 hPa 1.047E-03 g/cm³ 000 chk 15048
21/02/2020 13:09:00  18.30 °C  61.84 %  880.6 hPa 1.047E-03 g/cm³ 000 chk 37574
21/02/2020 13:10:00  18.30 °C  61.98 %  880.5 hPa 1.047E-03 g/cm³ 000 chk 49461
21/02/2020 13:11:00  18.30 °C  61.94 %  880.5 hPa 1.047E-03 g/cm³ 000 chk 63378
21/02/2020 13:12:00  18.31 °C  62.21 %  880.5 hPa 1.047E-03 g/cm³ 000 chk 29060
21/02/2020 13:13:00  18.32 °C  62.04 %  880.5 hPa 1.047E-03 g/cm³ 000 chk 28728
21/02/2020 13:14:00  18.32 °C  62.05 %  880.5 hPa 1.047E-03 g/cm³ 000 chk  2112
21/02/2020 13:15:00  18.33 °C  62.37 %  880.5 hPa 1.047E-03 g/cm³ 000 chk 43346
21/02/2020 13:16:00  18.33 °C  62.27 %  880.5 hPa 1.047E-03 g/cm³ 000 chk 54929
21/02/2020 13:17:00  18.34 °C  62.44 %  880.4 hPa 1.046E-03 g/cm³ 000 chk 50955
21/02/2020 13:18:00  18.34 °C  62.39 %  880.4 hPa 1.046E-03 g/cm³ 000 chk 46750
21/02/2020 13:19:00  18.35 °C  62.47 %  880.3 hPa 1.046E-03 g/cm³ 000 chk  9616
21/02/2020 13:20:00  18.36 °C  62.68 %  880.3 hPa 1.046E-03 g/cm³ 000 chk 36861
21/02/2020 13:21:00  18.36 °C  62.66 %  880.3 hPa 1.046E-03 g/cm³ 000 chk  9051
21/02/2020 13:22:00  18.37 °C  62.58 %  880.3 hPa 1.046E-03 g/cm³ 000 chk  2817
21/02/2020 13:23:00  18.37 °C  62.55 %  880.2 hPa 1.046E-03 g/cm³ 000 chk 10739
21/02/2020 13:24:00  18.37 °C  62.60 %  880.2 hPa 1.046E-03 g/cm³ 000 chk  9725
21/02/2020 13:25:00  18.37 °C  62.67 %  880.2 hPa 1.046E-03 g/cm³ 000 chk 35928
21/02/2020 13:26:00  18.38 °C  62.67 %  880.3 hPa 1.046E-03 g/cm³ 000 chk 12713
21/02/2020 13:27:00  18.38 °C  62.78 %  880.3 hPa 1.046E-03 g/cm³ 000 chk 45090
21/02/2020 13:28:00  18.38 °C  62.75 %  880.3 hPa 1.046E-03 g/cm³ 000 chk   373
21/02/2020 13:29:00  18.39 °C  62.85 %  880.3 hPa 1.046E-03 g/cm³ 000 chk 15290
21/02/2020 13:30:00  18.40 °C  62.69 %  880.2 hPa 1.046E-03 g/cm³ 000 chk 30578
21/02/2020 13:31:00  18.40 °C  62.60 %  880.2 hPa 1.046E-03 g/cm³ 000 chk 55509
21/02/2020 13:32:00  18.40 °C  62.63 %  880.3 hPa 1.046E-03 g/cm³ 000 chk 59758
21/02/2020 13:33:00  18.40 °C  62.57 %  880.2 hPa 1.046E-03 g/cm³ 000 chk 52968
21/02/2020 13:34:00  18.40 °C  62.65 %  880.2 hPa 1.046E-03 g/cm³ 000 chk 49639
21/02/2020 13:35:00  18.41 °C  62.73 %  880.2 hPa 1.046E-03 g/cm³ 000 chk 54447
21/02/2020 13:36:00  18.41 °C  62.70 %  880.2 hPa 1.046E-03 g/cm³ 000 chk  7232
21/02/2020 13:37:00  18.41 °C  62.96 %  880.3 hPa 1.046E-03 g/cm³ 000 chk 24631
21/02/2020 13:38:00  18.41 °C  62.84 %  880.2 hPa 1.046E-03 g/cm³ 000 chk   795
21/02/2020 13:39:00  18.41 °C  62.79 %  880.2 hPa 1.046E-03 g/cm³ 000 chk 55574
21/02/2020 13:40:00  18.41 °C  62.72 %  880.2 hPa 1.046E-03 g/cm³ 000 chk 23496
21/02/2020 13:41:00  18.41 °C  62.56 %  880.1 hPa 1.046E-03 g/cm³ 000 chk  3785
21/02/2020 13:42:00  18.42 °C  62.55 %  880.1 hPa 1.046E-03 g/cm³ 000 chk 13413
21/02/2020 13:43:00  18.42 °C  62.65 %  880.1 hPa 1.046E-03 g/cm³ 000 chk 40630
21/02/2020 13:44:00  18.41 °C  62.58 %  880.2 hPa 1.046E-03 g/cm³ 000 chk 49926
21/02/2020 13:45:00  18.41 °C  62.53 %  880.2 hPa 1.046E-03 g/cm³ 000 chk 63136
21/02/2020 13:46:00  18.42 °C  62.51 %  880.2 hPa 1.046E-03 g/cm³ 000 chk  8461
21/02/2020 13:47:00  18.42 °C  62.51 %  880.2 hPa 1.046E-03 g/cm³ 000 chk 35753
21/02/2020 13:48:00  18.43 °C  62.81 %  880.2 hPa 1.046E-03 g/cm³ 000 chk  7116
21/02/2020 13:49:00  18.43 °C  62.81 %  880.1 hPa 1.046E-03 g/cm³ 000 chk 64151
21/02/2020 13:50:00  18.43 °C  62.58 %  880.1 hPa 1.046E-03 g/cm³ 000 chk 31303
21/02/2020 13:51:00  18.43 °C  62.40 %  880.2 hPa 1.046E-03 g/cm³ 000 chk 45874
21/02/2020 13:52:00  18.44 °C  62.42 %  880.2 hPa 1.046E-03 g/cm³ 000 chk 41881
21/02/2020 13:53:00  18.43 °C  62.36 %  880.2 hPa 1.046E-03 g/cm³ 000 chk 35003
21/02/2020 13:54:00  18.44 °C  62.47 %  880.1 hPa 1.046E-03 g/cm³ 000 chk 20155
21/02/2020 13:55:00  18.43 °C  62.42 %  880.1 hPa 1.046E-03 g/cm³ 000 chk 18522
21/02/2020 13:56:00  18.42 °C  62.39 %  880.1 hPa 1.046E-03 g/cm³ 000 chk 14773
21/02/2020 13:57:00  18.42 °C  62.46 %  880.0 hPa 1.046E-03 g/cm³ 000 chk 16772
21/02/2020 13:58:00  18.43 °C  62.51 %  880.1 hPa 1.046E-03 g/cm³ 000 chk 10856
21/02/2020 13:59:00  18.43 °C  62.65 %  880.2 hPa 1.046E-03 g/cm³ 000 chk 48965
21/02/2020 14:00:00  18.43 °C  62.62 %  880.1 hPa 1.046E-03 g/cm³ 000 chk 21644
21/02/2020 14:01:00  18.43 °C  62.54 %  880.1 hPa 1.046E-03 g/cm³ 000 chk  4191
21/02/2020 14:02:00  18.43 °C  62.45 %  880.1 hPa 1.046E-03 g/cm³ 000 chk 33437
21/02/2020 14:03:00  18.43 °C  62.40 %  880.0 hPa 1.046E-03 g/cm³ 000 chk 18541
21/02/2020 14:04:00  18.43 °C  62.35 %  880.0 hPa 1.046E-03 g/cm³ 000 chk 34006
21/02/2020 14:05:00  18.43 °C  62.42 %  880.0 hPa 1.046E-03 g/cm³ 000 chk 60849
21/02/2020 14:06:00  18.43 °C  62.54 %  880.0 hPa 1.046E-03 g/cm³ 000 chk 31858
21/02/2020 14:07:00  18.43 °C  62.42 %  880.1 hPa 1.046E-03 g/cm³ 000 chk   430
21/02/2020 14:08:00  18.44 °C  62.34 %  880.0 hPa 1.046E-03 g/cm³ 000 chk  9000
21/02/2020 14:09:00  18.43 °C  62.24 %  880.0 hPa 1.046E-03 g/cm³ 000 chk 31973
21/02/2020 14:10:00  18.43 °C  62.09 %  880.0 hPa 1.046E-03 g/cm³ 000 chk 35231
21/02/2020 14:11:00  18.43 °C  62.04 %  880.0 hPa 1.046E-03 g/cm³ 000 chk 21049
21/02/2020 14:12:00  18.43 °C  61.99 %  880.0 hPa 1.046E-03 g/cm³ 000 chk 28086
21/02/2020 14:13:00  18.43 °C  62.06 %  880.0 hPa 1.046E-03 g/cm³ 000 chk 56691
21/02/2020 14:14:00  18.43 °C  61.88 %  880.0 hPa 1.046E-03 g/cm³ 000 chk 32582
21/02/2020 14:15:00  18.43 °C  61.93 %  880.1 hPa 1.046E-03 g/cm³ 000 chk 29592
21/02/2020 14:16:00  18.43 °C  61.85 %  880.1 hPa 1.046E-03 g/cm³ 000 chk 57947
21/02/2020 14:17:00  18.42 °C  61.98 %  880.1 hPa 1.046E-03 g/cm³ 000 chk 26641
21/02/2020 14:18:00  18.43 °C  61.82 %  880.0 hPa 1.046E-03 g/cm³ 000 chk 29439
21/02/2020 14:19:00  18.44 °C  61.62 %  880.1 hPa 1.046E-03 g/cm³ 000 chk 54733
21/02/2020 14:20:00  18.44 °C  61.85 %  880.1 hPa 1.046E-03 g/cm³ 000 chk 25661
21/02/2020 14:21:00  18.44 °C  61.85 %  880.1 hPa 1.046E-03 g/cm³ 000 chk 52889
21/02/2020 14:22:00  18.45 °C  61.83 %  880.1 hPa 1.045E-03 g/cm³ 000 chk  4085
21/02/2020 14:23:00  18.45 °C  61.86 %  880.1 hPa 1.045E-03 g/cm³ 000 chk 15441
21/02/2020 14:24:00  18.45 °C  62.00 %  880.0 hPa 1.045E-03 g/cm³ 000 chk 36658
21/02/2020 14:25:00  18.46 °C  61.98 %  880.0 hPa 1.045E-03 g/cm³ 000 chk 52917
21/02/2020 14:26:00  18.46 °C  62.00 %  879.9 hPa 1.045E-03 g/cm³ 000 chk  3806
21/02/2020 14:27:00  18.46 °C  61.92 %  879.9 hPa 1.045E-03 g/cm³ 000 chk 53017
21/02/2020 14:28:00  18.47 °C  61.90 %  879.9 hPa 1.045E-03 g/cm³ 000 chk  1165
21/02/2020 14:29:00  18.47 °C  61.73 %  880.0 hPa 1.045E-03 g/cm³ 000 chk 32330
21/02/2020 14:30:00  18.47 °C  61.67 %  880.0 hPa 1.045E-03 g/cm³ 000 chk 36420
21/02/2020 14:31:00  18.48 °C  61.70 %  880.0 hPa 1.045E-03 g/cm³ 000 chk  7303
21/02/2020 14:32:00  18.48 °C  61.78 %  879.9 hPa 1.045E-03 g/cm³ 000 chk 11662
21/02/2020 14:33:00  18.48 °C  61.84 %  879.9 hPa 1.045E-03 g/cm³ 000 chk  6786
21/02/2020 14:34:00  18.48 °C  61.88 %  879.8 hPa 1.045E-03 g/cm³ 000 chk 60076
21/02/2020 14:35:00  18.49 °C  61.82 %  879.8 hPa 1.045E-03 g/cm³ 000 chk 41931
21/02/2020 14:36:00  18.49 °C  61.93 %  879.8 hPa 1.045E-03 g/cm³ 000 chk 12553
21/02/2020 14:37:00  18.49 °C  61.80 %  879.8 hPa 1.045E-03 g/cm³ 000 chk 11393
21/02/2020 14:38:00  18.49 °C  61.79 %  879.9 hPa 1.045E-03 g/cm³ 000 chk  4392
21/02/2020 14:39:00  18.49 °C  61.84 %  879.9 hPa 1.045E-03 g/cm³ 000 chk 52005
21/02/2020 14:40:00  18.50 °C  61.96 %  879.9 hPa 1.045E-03 g/cm³ 000 chk 33674
21/02/2020 14:41:00  18.50 °C  62.06 %  879.9 hPa 1.045E-03 g/cm³ 000 chk 55372
21/02/2020 14:42:00  18.50 °C  62.20 %  879.9 hPa 1.045E-03 g/cm³ 000 chk 18936
21/02/2020 14:43:00  18.51 °C  62.29 %  879.9 hPa 1.045E-03 g/cm³ 000 chk 30623
21/02/2020 14:44:00  18.51 °C  62.47 %  879.9 hPa 1.045E-03 g/cm³ 000 chk 58378
21/02/2020 14:45:00  18.51 °C  62.18 %  879.8 hPa 1.045E-03 g/cm³ 000 chk 23648
21/02/2020 14:46:00  18.51 °C  62.20 %  879.7 hPa 1.045E-03 g/cm³ 000 chk 12282
21/02/2020 14:47:00  18.51 °C  62.24 %  879.7 hPa 1.045E-03 g/cm³ 000 chk 61791
21/02/2020 14:48:00  18.51 °C  62.37 %  879.7 hPa 1.045E-03 g/cm³ 000 chk 34342
21/02/2020 14:49:00  18.51 °C  62.31 %  879.7 hPa 1.045E-03 g/cm³ 000 chk 49794
21/02/2020 14:50:00  18.52 °C  62.39 %  879.7 hPa 1.045E-03 g/cm³ 000 chk 40160
21/02/2020 14:51:00  18.52 °C  62.38 %  879.7 hPa 1.045E-03 g/cm³ 000 chk 56133
21/02/2020 14:52:00  18.52 °C  62.40 %  879.7 hPa 1.045E-03 g/cm³ 000 chk 19562
21/02/2020 14:53:00  18.52 °C  62.42 %  879.7 hPa 1.045E-03 g/cm³ 000 chk 31951
21/02/2020 14:54:00  18.52 °C  62.42 %  879.7 hPa 1.045E-03 g/cm³ 000 chk 59830
21/02/2020 14:55:00  18.52 °C  62.36 %  879.7 hPa 1.045E-03 g/cm³ 000 chk 63441
21/02/2020 14:56:00  18.52 °C  62.40 %  879.7 hPa 1.045E-03 g/cm³ 000 chk 26364
21/02/2020 14:57:00  18.52 °C  62.40 %  879.6 hPa 1.045E-03 g/cm³ 000 chk 13580
21/02/2020 14:58:00  18.52 °C  62.59 %  879.6 hPa 1.045E-03 g/cm³ 000 chk 12406
21/02/2020 14:59:00  18.53 °C  62.71 %  879.7 hPa 1.045E-03 g/cm³ 000 chk 55839
21/02/2020 15:00:00  18.53 °C  62.85 %  879.7 hPa 1.045E-03 g/cm³ 000 chk 50691
21/02/2020 15:01:00  18.53 °C  62.91 %  879.7 hPa 1.045E-03 g/cm³ 000 chk 55434
21/02/2020 15:02:00  18.53 °C  62.93 %  879.7 hPa 1.045E-03 g/cm³ 000 chk 64868
21/02/2020 15:03:00  18.54 °C  62.92 %  879.7 hPa 1.045E-03 g/cm³ 000 chk 36740
21/02/2020 15:04:00  18.54 °C  62.81 %  879.6 hPa 1.044E-03 g/cm³ 000 chk 21572
21/02/2020 15:05:00  18.54 °C  63.02 %  879.6 hPa 1.044E-03 g/cm³ 000 chk 55445
21/02/2020 15:06:00  18.55 °C  62.90 %  879.6 hPa 1.044E-03 g/cm³ 000 chk 64994
21/02/2020 15:07:00  18.55 °C  62.98 %  879.6 hPa 1.044E-03 g/cm³ 000 chk 48964
21/02/2020 15:08:00  18.55 °C  63.01 %  879.6 hPa 1.044E-03 g/cm³ 000 chk 60235
21/02/2020 15:09:00  18.56 °C  63.10 %  879.5 hPa 1.044E-03 g/cm³ 000 chk 54654
21/02/2020 15:10:00  18.56 °C  63.17 %  879.6 hPa 1.044E-03 g/cm³ 000 chk 55715
21/02/2020 15:11:00  18.57 °C  62.86 %  879.6 hPa 1.044E-03 g/cm³ 000 chk 40607
21/02/2020 15:12:00  18.57 °C  62.30 %  879.6 hPa 1.044E-03 g/cm³ 000 chk  3694
21/02/2020 15:13:00  18.56 °C  61.75 %  879.6 hPa 1.045E-03 g/cm³ 000 chk 40025
21/02/2020 15:14:00  18.56 °C  61.21 %  879.6 hPa 1.045E-03 g/cm³ 000 chk 32184
21/02/2020 15:15:00  18.55 °C  61.00 %  879.7 hPa 1.045E-03 g/cm³ 000 chk 61777
21/02/2020 15:16:00  18.55 °C  60.80 %  879.7 hPa 1.045E-03 g/cm³ 000 chk  8139
21/02/2020 15:17:00  18.55 °C  60.77 %  879.6 hPa 1.045E-03 g/cm³ 000 chk 20113
21/02/2020 15:18:00  18.54 °C  60.72 %  879.6 hPa 1.045E-03 g/cm³ 000 chk 34308
21/02/2020 15:19:00  18.54 °C  60.75 %  879.6 hPa 1.045E-03 g/cm³ 000 chk 12193
21/02/2020 15:20:00  18.54 °C  60.75 %  879.5 hPa 1.045E-03 g/cm³ 000 chk  5928
21/02/2020 15:21:00  18.54 °C  60.85 %  879.6 hPa 1.045E-03 g/cm³ 000 chk 63448
21/02/2020 15:22:00  18.53 °C  60.90 %  879.6 hPa 1.045E-03 g/cm³ 000 chk  9310
21/02/2020 15:23:00  18.53 °C  60.99 %  879.7 hPa 1.045E-03 g/cm³ 000 chk 29357
21/02/2020 15:24:00  18.53 °C  60.96 %  879.7 hPa 1.045E-03 g/cm³ 000 chk  3287
21/02/2020 15:25:00  18.53 °C  61.03 %  879.6 hPa 1.045E-03 g/cm³ 000 chk 22398
21/02/2020 15:26:00  18.53 °C  61.19 %  879.7 hPa 1.045E-03 g/cm³ 000 chk 41962
21/02/2020 15:27:00  18.53 °C  61.29 %  879.6 hPa 1.045E-03 g/cm³ 000 chk 61549
21/02/2020 15:28:00  18.53 °C  61.31 %  879.7 hPa 1.045E-03 g/cm³ 000 chk 57666
21/02/2020 15:29:00  18.53 °C  61.25 %  879.7 hPa 1.045E-03 g/cm³ 000 chk 65483
21/02/2020 15:30:00  18.53 °C  61.15 %  879.7 hPa 1.045E-03 g/cm³ 000 chk 48031
21/02/2020 15:31:00  18.52 °C  61.11 %  879.7 hPa 1.045E-03 g/cm³ 000 chk 62714
21/02/2020 15:32:00  18.53 °C  61.08 %  879.7 hPa 1.045E-03 g/cm³ 000 chk  8186
21/02/2020 15:33:00  18.53 °C  61.15 %  879.7 hPa 1.045E-03 g/cm³ 000 chk  1136
21/02/2020 15:34:00  18.53 °C  61.01 %  879.7 hPa 1.045E-03 g/cm³ 000 chk  9508
21/02/2020 15:35:00  18.53 °C  60.92 %  879.8 hPa 1.045E-03 g/cm³ 000 chk 19929
21/02/2020 15:36:00  18.53 °C  61.00 %  879.9 hPa 1.045E-03 g/cm³ 000 chk    58
21/02/2020 15:37:00  18.52 °C  61.10 %  879.8 hPa 1.045E-03 g/cm³ 000 chk   550
21/02/2020 15:38:00  18.52 °C  61.29 %  879.9 hPa 1.045E-03 g/cm³ 000 chk 15955
21/02/2020 15:39:00  18.52 °C  61.33 %  879.8 hPa 1.045E-03 g/cm³ 000 chk 57228
21/02/2020 15:40:00  18.52 °C  61.44 %  879.9 hPa 1.045E-03 g/cm³ 000 chk 63687
21/02/2020 15:41:00  18.52 °C  61.52 %  879.9 hPa 1.045E-03 g/cm³ 000 chk 31823
21/02/2020 15:42:00  18.53 °C  61.49 %  879.9 hPa 1.045E-03 g/cm³ 000 chk  3406
21/02/2020 15:43:00  18.53 °C  61.53 %  879.9 hPa 1.045E-03 g/cm³ 000 chk  5573
21/02/2020 15:44:00  18.53 °C  61.45 %  879.9 hPa 1.045E-03 g/cm³ 000 chk 44688
21/02/2020 15:45:00  18.53 °C  61.52 %  879.8 hPa 1.045E-03 g/cm³ 000 chk 15949
21/02/2020 15:46:00  18.53 °C  61.52 %  879.9 hPa 1.045E-03 g/cm³ 000 chk 30966
21/02/2020 15:47:00  18.53 °C  61.48 %  879.9 hPa 1.045E-03 g/cm³ 000 chk 24701
21/02/2020 15:48:00  18.53 °C  61.32 %  880.0 hPa 1.045E-03 g/cm³ 000 chk 29709
21/02/2020 15:49:00  18.53 °C  61.36 %  880.0 hPa 1.045E-03 g/cm³ 000 chk 43688
21/02/2020 15:50:00  18.52 °C  61.20 %  880.0 hPa 1.045E-03 g/cm³ 000 chk 20839
21/02/2020 15:51:00  18.52 °C  61.15 %  879.9 hPa 1.045E-03 g/cm³ 000 chk  1104
21/02/2020 15:52:00  18.52 °C  60.99 %  880.0 hPa 1.045E-03 g/cm³ 000 chk  4141
21/02/2020 15:53:00  18.52 °C  61.18 %  880.0 hPa 1.045E-03 g/cm³ 000 chk  1789
21/02/2020 15:54:00  18.52 °C  61.11 %  880.0 hPa 1.045E-03 g/cm³ 000 chk 38535
21/02/2020 15:55:00  18.53 °C  61.12 %  879.9 hPa 1.045E-03 g/cm³ 000 chk 48135
21/02/2020 15:56:00  18.52 °C  61.15 %  879.9 hPa 1.045E-03 g/cm³ 000 chk 37161
21/02/2020 15:57:00  18.52 °C  61.24 %  879.9 hPa 1.045E-03 g/cm³ 000 chk 55035
21/02/2020 15:58:00  18.52 °C  60.99 %  879.8 hPa 1.045E-03 g/cm³ 000 chk 53242
21/02/2020 15:59:00  18.52 °C  61.11 %  879.8 hPa 1.045E-03 g/cm³ 000 chk 56361
21/02/2020 16:00:00  18.52 °C  61.05 %  879.8 hPa 1.045E-03 g/cm³ 000 chk 34764
21/02/2020 16:01:00  18.52 °C  60.96 %  879.9 hPa 1.045E-03 g/cm³ 000 chk 12901
21/02/2020 16:02:00  18.52 °C  60.91 %  879.9 hPa 1.045E-03 g/cm³ 000 chk 36491
21/02/2020 16:03:00  18.52 °C  60.95 %  879.9 hPa 1.045E-03 g/cm³ 000 chk 20526
21/02/2020 16:04:00  18.52 °C  60.94 %  879.9 hPa 1.045E-03 g/cm³ 000 chk 10326
21/02/2020 16:05:00  18.52 °C  61.16 %  879.9 hPa 1.045E-03 g/cm³ 000 chk 18822
21/02/2020 16:06:00  18.52 °C  61.10 %  879.9 hPa 1.045E-03 g/cm³ 000 chk  6249
21/02/2020 16:07:00  18.53 °C  61.05 %  879.9 hPa 1.045E-03 g/cm³ 000 chk 31265
21/02/2020 16:08:00  18.53 °C  61.09 %  880.0 hPa 1.045E-03 g/cm³ 000 chk 16531
21/02/2020 16:09:00  18.53 °C  61.04 %  879.9 hPa 1.045E-03 g/cm³ 000 chk 64977
21/02/2020 16:10:00  18.53 °C  61.11 %  880.0 hPa 1.045E-03 g/cm³ 000 chk 34362
21/02/2020 16:11:00  18.53 °C  61.09 %  879.9 hPa 1.045E-03 g/cm³ 000 chk 25172
21/02/2020 16:12:00  18.53 °C  61.27 %  879.9 hPa 1.045E-03 g/cm³ 000 chk  7138
21/02/2020 16:13:00  18.53 °C  61.48 %  880.0 hPa 1.045E-03 g/cm³ 000 chk 15439
21/02/2020 16:14:00  18.53 °C  61.58 %  880.0 hPa 1.045E-03 g/cm³ 000 chk 26906
21/02/2020 16:15:00  18.53 °C  61.72 %  879.9 hPa 1.045E-03 g/cm³ 000 chk  5890
21/02/2020 16:16:00  18.53 °C  61.55 %  879.9 hPa 1.045E-03 g/cm³ 000 chk 27575
21/02/2020 16:17:00  18.54 °C  61.57 %  879.8 hPa 1.045E-03 g/cm³ 000 chk 38659
21/02/2020 16:18:00  18.54 °C  61.70 %  879.8 hPa 1.045E-03 g/cm³ 000 chk 37900
21/02/2020 16:19:00  18.54 °C  61.74 %  879.8 hPa 1.045E-03 g/cm³ 000 chk 19113
21/02/2020 16:20:00  18.54 °C  61.84 %  879.8 hPa 1.045E-03 g/cm³ 000 chk 14452
21/02/2020 16:21:00  18.54 °C  61.90 %  879.9 hPa 1.045E-03 g/cm³ 000 chk 57257
21/02/2020 16:22:00  18.55 °C  61.90 %  879.9 hPa 1.045E-03 g/cm³ 000 chk 61830
21/02/2020 16:23:00  18.55 °C  62.04 %  879.9 hPa 1.045E-03 g/cm³ 000 chk 56897
21/02/2020 16:24:00  18.55 °C  62.12 %  879.9 hPa 1.045E-03 g/cm³ 000 chk 25876
21/02/2020 16:25:00  18.55 °C  62.03 %  879.9 hPa 1.045E-03 g/cm³ 000 chk 58013
21/02/2020 16:26:00  18.55 °C  62.31 %  879.9 hPa 1.045E-03 g/cm³ 000 chk 50948
21/02/2020 16:27:00  18.55 °C  62.19 %  879.9 hPa 1.045E-03 g/cm³ 000 chk 17913
21/02/2020 16:28:00  18.55 °C  62.30 %  879.9 hPa 1.045E-03 g/cm³ 000 chk 16628
21/02/2020 16:29:00  18.55 °C  62.26 %  879.9 hPa 1.045E-03 g/cm³ 000 chk 50300
21/02/2020 16:30:00  18.55 °C  62.38 %  879.9 hPa 1.045E-03 g/cm³ 000 chk 18033
21/02/2020 16:31:00  18.55 °C  62.40 %  880.0 hPa 1.045E-03 g/cm³ 000 chk 41713
21/02/2020 16:32:00  18.56 °C  62.51 %  879.9 hPa 1.045E-03 g/cm³ 000 chk 42132
21/02/2020 16:33:00  18.56 °C  62.41 %  880.0 hPa 1.045E-03 g/cm³ 000 chk 43256
21/02/2020 16:34:00  18.56 °C  62.45 %  879.9 hPa 1.045E-03 g/cm³ 000 chk 12132
21/02/2020 16:35:00  18.57 °C  62.42 %  880.0 hPa 1.045E-03 g/cm³ 000 chk 29157
21/02/2020 16:36:00  18.57 °C  62.41 %  880.0 hPa 1.045E-03 g/cm³ 000 chk 47370
21/02/2020 16:37:00  18.57 °C  62.46 %  880.0 hPa 1.045E-03 g/cm³ 000 chk  4271
21/02/2020 16:38:00  18.57 °C  62.57 %  880.1 hPa 1.045E-03 g/cm³ 000 chk  1155
21/02/2020 16:39:00  18.58 °C  62.57 %  880.0 hPa 1.045E-03 g/cm³ 000 chk 44089
21/02/2020 16:40:00  18.58 °C  62.59 %  880.0 hPa 1.045E-03 g/cm³ 000 chk 47079
21/02/2020 16:41:00  18.58 °C  62.70 %  880.0 hPa 1.045E-03 g/cm³ 000 chk 55323
21/02/2020 16:42:00  18.59 °C  62.46 %  880.0 hPa 1.045E-03 g/cm³ 000 chk  6211
21/02/2020 16:43:00  18.59 °C  62.42 %  880.0 hPa 1.045E-03 g/cm³ 000 chk 50918
21/02/2020 16:44:00  18.59 °C  62.49 %  880.0 hPa 1.045E-03 g/cm³ 000 chk 52381
21/02/2020 16:45:00  18.59 °C  62.40 %  880.1 hPa 1.045E-03 g/cm³ 000 chk 39534
21/02/2020 16:46:00  18.59 °C  62.44 %  880.1 hPa 1.045E-03 g/cm³ 000 chk 20864
21/02/2020 16:47:00  18.59 °C  62.43 %  880.1 hPa 1.045E-03 g/cm³ 000 chk 63525
21/02/2020 16:48:00  18.60 °C  62.49 %  880.1 hPa 1.045E-03 g/cm³ 000 chk 58383
21/02/2020 16:49:00  18.60 °C  62.51 %  880.1 hPa 1.045E-03 g/cm³ 000 chk 26245
21/02/2020 16:50:00  18.60 °C  62.40 %  880.1 hPa 1.045E-03 g/cm³ 000 chk  3979
21/02/2020 16:51:00  18.59 °C  62.40 %  880.1 hPa 1.045E-03 g/cm³ 000 chk  2899
21/02/2020 16:52:00  18.59 °C  62.16 %  880.2 hPa 1.045E-03 g/cm³ 000 chk  4570
21/02/2020 16:53:00  18.59 °C  62.08 %  880.2 hPa 1.045E-03 g/cm³ 000 chk 32080
21/02/2020 16:54:00  18.59 °C  62.08 %  880.2 hPa 1.045E-03 g/cm³ 000 chk 59433
21/02/2020 16:55:00  18.59 °C  62.08 %  880.2 hPa 1.045E-03 g/cm³ 000 chk 17037
21/02/2020 16:56:00  18.60 °C  62.11 %  880.3 hPa 1.045E-03 g/cm³ 000 chk 28517
21/02/2020 16:57:00  18.60 °C  62.11 %  880.3 hPa 1.045E-03 g/cm³ 000 chk 50625
21/02/2020 16:58:00  18.59 °C  62.16 %  880.3 hPa 1.045E-03 g/cm³ 000 chk 43241
21/02/2020 16:59:00  18.60 °C  61.97 %  880.3 hPa 1.045E-03 g/cm³ 000 chk 28798
21/02/2020 17:00:00  18.60 °C  61.70 %  880.4 hPa 1.045E-03 g/cm³ 000 chk 46564
21/02/2020 17:01:00  18.60 °C  61.73 %  880.4 hPa 1.045E-03 g/cm³ 000 chk 26688
21/02/2020 17:02:00  18.59 °C  61.64 %  880.3 hPa 1.045E-03 g/cm³ 000 chk 54356
21/02/2020 17:03:00  18.60 °C  61.49 %  880.4 hPa 1.045E-03 g/cm³ 000 chk  3967
21/02/2020 17:04:00  18.59 °C  61.45 %  880.4 hPa 1.045E-03 g/cm³ 000 chk 43129
21/02/2020 17:05:00  18.59 °C  61.53 %  880.4 hPa 1.045E-03 g/cm³ 000 chk 11505
21/02/2020 17:06:00  18.59 °C  61.49 %  880.5 hPa 1.045E-03 g/cm³ 000 chk 55397
21/02/2020 17:07:00  18.59 °C  61.45 %  880.5 hPa 1.046E-03 g/cm³ 000 chk 61313
21/02/2020 17:08:00  18.59 °C  61.41 %  880.5 hPa 1.046E-03 g/cm³ 000 chk 23509
21/02/2020 17:09:00  18.59 °C  61.50 %  880.5 hPa 1.045E-03 g/cm³ 000 chk 56607
21/02/2020 17:10:00  18.58 °C  61.06 %  880.5 hPa 1.046E-03 g/cm³ 000 chk 59174
21/02/2020 17:11:00  18.58 °C  61.05 %  880.5 hPa 1.046E-03 g/cm³ 000 chk 14978
21/02/2020 17:12:00  18.57 °C  60.84 %  880.5 hPa 1.046E-03 g/cm³ 000 chk 49747
21/02/2020 17:13:00  18.57 °C  60.85 %  880.5 hPa 1.046E-03 g/cm³ 000 chk 34294
21/02/2020 17:14:00  18.57 °C  61.07 %  880.5 hPa 1.046E-03 g/cm³ 000 chk 56315
21/02/2020 17:15:00  18.56 °C  60.92 %  880.5 hPa 1.046E-03 g/cm³ 000 chk 59590
21/02/2020 17:16:00  18.57 °C  60.87 %  880.5 hPa 1.046E-03 g/cm³ 000 chk 40901
21/02/2020 17:17:00  18.56 °C  60.66 %  880.5 hPa 1.046E-03 g/cm³ 000 chk 34855
21/02/2020 17:18:00  18.56 °C  60.77 %  880.5 hPa 1.046E-03 g/cm³ 000 chk 25951
21/02/2020 17:19:00  18.56 °C  60.44 %  880.5 hPa 1.046E-03 g/cm³ 000 chk 47244
21/02/2020 17:20:00  18.56 °C  60.56 %  880.5 hPa 1.046E-03 g/cm³ 000 chk 37335
21/02/2020 17:21:00  18.55 °C  60.47 %  880.5 hPa 1.046E-03 g/cm³ 000 chk 58397
21/02/2020 17:22:00  18.55 °C  60.65 %  880.5 hPa 1.046E-03 g/cm³ 000 chk   424
21/02/2020 17:23:00  18.55 °C  60.97 %  880.5 hPa 1.046E-03 g/cm³ 000 chk 12454
21/02/2020 17:24:00  18.55 °C  60.81 %  880.5 hPa 1.046E-03 g/cm³ 000 chk 35827
21/02/2020 17:25:00  18.55 °C  60.72 %  880.5 hPa 1.046E-03 g/cm³ 000 chk 22524
21/02/2020 17:26:00  18.55 °C  60.61 %  880.5 hPa 1.046E-03 g/cm³ 000 chk 24383
21/02/2020 17:27:00  18.55 °C  60.63 %  880.5 hPa 1.046E-03 g/cm³ 000 chk 28570
21/02/2020 17:28:00  18.54 °C  60.43 %  880.5 hPa 1.046E-03 g/cm³ 000 chk 65108
21/02/2020 17:29:00  18.54 °C  60.34 %  880.5 hPa 1.046E-03 g/cm³ 000 chk 38707
21/02/2020 17:30:00  18.54 °C  60.50 %  880.5 hPa 1.046E-03 g/cm³ 000 chk 43007
21/02/2020 17:31:00  18.54 °C  60.55 %  880.5 hPa 1.046E-03 g/cm³ 000 chk 37979
21/02/2020 17:32:00  18.54 °C  60.62 %  880.5 hPa 1.046E-03 g/cm³ 000 chk 10434
21/02/2020 17:33:00  18.54 °C  60.62 %  880.5 hPa 1.046E-03 g/cm³ 000 chk 33382
21/02/2020 17:34:00  18.53 °C  60.49 %  880.6 hPa 1.046E-03 g/cm³ 000 chk 14076
21/02/2020 17:35:00  18.53 °C  60.33 %  880.5 hPa 1.046E-03 g/cm³ 000 chk 25958
21/02/2020 17:36:00  18.53 °C  60.25 %  880.6 hPa 1.046E-03 g/cm³ 000 chk 48986
21/02/2020 17:37:00  18.52 °C  60.27 %  880.6 hPa 1.046E-03 g/cm³ 000 chk  7743
21/02/2020 17:38:00  18.53 °C  60.36 %  880.6 hPa 1.046E-03 g/cm³ 000 chk 25223
21/02/2020 17:39:00  18.53 °C  60.39 %  880.6 hPa 1.046E-03 g/cm³ 000 chk  8992
21/02/2020 17:40:00  18.53 °C  60.22 %  880.6 hPa 1.046E-03 g/cm³ 000 chk 25042
21/02/2020 17:41:00  18.52 °C  60.17 %  880.6 hPa 1.046E-03 g/cm³ 000 chk 50113
21/02/2020 17:42:00  18.52 °C  60.04 %  880.6 hPa 1.046E-03 g/cm³ 000 chk 51970
21/02/2020 17:43:00  18.52 °C  60.25 %  880.6 hPa 1.046E-03 g/cm³ 000 chk 19708
21/02/2020 17:44:00  18.52 °C  60.28 %  880.6 hPa 1.046E-03 g/cm³ 000 chk 43143
21/02/2020 17:45:00  18.52 °C  60.34 %  880.7 hPa 1.046E-03 g/cm³ 000 chk 42840
21/02/2020 17:46:00  18.52 °C  60.32 %  880.7 hPa 1.046E-03 g/cm³ 000 chk 63159
21/02/2020 17:47:00  18.52 °C  60.40 %  880.7 hPa 1.046E-03 g/cm³ 000 chk  1744
21/02/2020 17:48:00  18.51 °C  60.20 %  880.7 hPa 1.046E-03 g/cm³ 000 chk 13352
21/02/2020 17:49:00  18.51 °C  60.15 %  880.7 hPa 1.046E-03 g/cm³ 000 chk  2043
21/02/2020 17:50:00  18.51 °C  60.30 %  880.8 hPa 1.046E-03 g/cm³ 000 chk 16003
21/02/2020 17:51:00  18.51 °C  60.34 %  880.8 hPa 1.046E-03 g/cm³ 000 chk 57382
21/02/2020 17:52:00  18.51 °C  60.26 %  880.8 hPa 1.046E-03 g/cm³ 000 chk  1508
21/02/2020 17:53:00  18.51 °C  60.37 %  880.8 hPa 1.046E-03 g/cm³ 000 chk 33389
21/02/2020 17:54:00  18.51 °C  60.36 %  880.8 hPa 1.046E-03 g/cm³ 000 chk 64021
21/02/2020 17:55:00  18.51 °C  60.21 %  880.8 hPa 1.046E-03 g/cm³ 000 chk 37788
21/02/2020 17:56:00  18.51 °C  59.97 %  880.8 hPa 1.046E-03 g/cm³ 000 chk 18734
21/02/2020 17:57:00  18.51 °C  59.96 %  880.9 hPa 1.046E-03 g/cm³ 000 chk 63455
21/02/2020 17:58:00  18.51 °C  59.93 %  880.9 hPa 1.046E-03 g/cm³ 000 chk 44682
21/02/2020 17:59:00  18.51 °C  60.16 %  880.9 hPa 1.046E-03 g/cm³ 000 chk  5636
21/02/2020 18:00:00  18.51 °C  60.09 %  880.9 hPa 1.046E-03 g/cm³ 000 chk  2018
21/02/2020 18:01:00  18.51 °C  60.03 %  880.9 hPa 1.046E-03 g/cm³ 000 chk 57157
21/02/2020 18:02:00  18.51 °C  60.44 %  880.9 hPa 1.046E-03 g/cm³ 000 chk 41758
21/02/2020 18:03:00  18.51 °C  60.01 %  880.9 hPa 1.046E-03 g/cm³ 000 chk 20495
21/02/2020 18:04:00  18.51 °C  60.28 %  880.9 hPa 1.046E-03 g/cm³ 000 chk    46
21/02/2020 18:05:00  18.51 °C  60.80 %  880.9 hPa 1.046E-03 g/cm³ 000 chk 17338
21/02/2020 18:06:00  18.51 °C  61.85 %  880.9 hPa 1.046E-03 g/cm³ 000 chk 62793
21/02/2020 18:07:00  18.52 °C  62.21 %  880.9 hPa 1.046E-03 g/cm³ 000 chk 10426
21/02/2020 18:08:00  18.52 °C  62.82 %  880.9 hPa 1.046E-03 g/cm³ 000 chk 40669
21/02/2020 18:09:00  18.53 °C  62.79 %  880.9 hPa 1.046E-03 g/cm³ 000 chk 15120
21/02/2020 18:10:00  18.53 °C  62.05 %  881.0 hPa 1.046E-03 g/cm³ 000 chk  4850
21/02/2020 18:11:00  18.53 °C  61.46 %  880.9 hPa 1.046E-03 g/cm³ 000 chk 52932
21/02/2020 18:12:00  18.53 °C  61.16 %  880.9 hPa 1.046E-03 g/cm³ 000 chk 29106
21/02/2020 18:13:00  18.53 °C  60.76 %  880.9 hPa 1.046E-03 g/cm³ 000 chk 19428
21/02/2020 18:14:00  18.53 °C  60.70 %  880.9 hPa 1.046E-03 g/cm³ 000 chk 12445
21/02/2020 18:15:00  18.53 °C  60.63 %  881.0 hPa 1.046E-03 g/cm³ 000 chk  7189
21/02/2020 18:16:00  18.53 °C  60.83 %  881.0 hPa 1.046E-03 g/cm³ 000 chk 25213
21/02/2020 18:17:00  18.53 °C  60.69 %  881.0 hPa 1.046E-03 g/cm³ 000 chk 31581
21/02/2020 18:18:00  18.53 °C  60.49 %  881.0 hPa 1.046E-03 g/cm³ 000 chk 31571
21/02/2020 18:19:00  18.53 °C  60.59 %  881.0 hPa 1.046E-03 g/cm³ 000 chk  4571
21/02/2020 18:20:00  18.53 °C  60.30 %  880.9 hPa 1.046E-03 g/cm³ 000 chk 22080
21/02/2020 18:21:00  18.53 °C  60.44 %  880.9 hPa 1.046E-03 g/cm³ 000 chk 18471
21/02/2020 18:22:00  18.53 °C  60.30 %  881.0 hPa 1.046E-03 g/cm³ 000 chk 29195
21/02/2020 18:23:00  18.53 °C  60.38 %  880.9 hPa 1.046E-03 g/cm³ 000 chk   429
21/02/2020 18:24:00  18.53 °C  60.51 %  881.0 hPa 1.046E-03 g/cm³ 000 chk 41017
21/02/2020 18:25:00  18.53 °C  60.72 %  881.0 hPa 1.046E-03 g/cm³ 000 chk 48582
21/02/2020 18:26:00  18.53 °C  60.67 %  880.9 hPa 1.046E-03 g/cm³ 000 chk 27141
21/02/2020 18:27:00  18.53 °C  60.77 %  880.9 hPa 1.046E-03 g/cm³ 000 chk   141
21/02/2020 18:28:00  18.53 °C  60.84 %  881.0 hPa 1.046E-03 g/cm³ 000 chk 34675
21/02/2020 18:29:00  18.53 °C  60.74 %  881.0 hPa 1.046E-03 g/cm³ 000 chk 11388
21/02/2020 18:30:00  18.53 °C  60.90 %  881.0 hPa 1.046E-03 g/cm³ 000 chk 56793
21/02/2020 18:31:00  18.53 °C  60.56 %  881.0 hPa 1.046E-03 g/cm³ 000 chk 39073
21/02/2020 18:32:00  18.52 °C  60.66 %  881.0 hPa 1.046E-03 g/cm³ 000 chk 46841
21/02/2020 18:33:00  18.52 °C  60.58 %  881.1 hPa 1.047E-03 g/cm³ 000 chk 58301
21/02/2020 18:34:00  18.52 °C  60.59 %  881.1 hPa 1.047E-03 g/cm³ 000 chk 39877
21/02/2020 18:35:00  18.52 °C  60.62 %  881.0 hPa 1.046E-03 g/cm³ 000 chk 22401
21/02/2020 18:36:00  18.52 °C  60.34 %  881.1 hPa 1.047E-03 g/cm³ 000 chk 65378
21/02/2020 18:37:00  18.52 °C  60.30 %  881.1 hPa 1.047E-03 g/cm³ 000 chk  8647
21/02/2020 18:38:00  18.52 °C  60.26 %  881.0 hPa 1.046E-03 g/cm³ 000 chk 13867
21/02/2020 18:39:00  18.52 °C  60.37 %  881.0 hPa 1.046E-03 g/cm³ 000 chk 45474
21/02/2020 18:40:00  18.52 °C  60.29 %  881.1 hPa 1.047E-03 g/cm³ 000 chk 37829
21/02/2020 18:41:00  18.52 °C  60.20 %  881.2 hPa 1.047E-03 g/cm³ 000 chk 30621
21/02/2020 18:42:00  18.51 °C  60.29 %  881.0 hPa 1.046E-03 g/cm³ 000 chk 36184
21/02/2020 18:43:00  18.51 °C  60.32 %  881.1 hPa 1.047E-03 g/cm³ 000 chk 33095
21/02/2020 18:44:00  18.51 °C  60.37 %  881.1 hPa 1.047E-03 g/cm³ 000 chk 36158
21/02/2020 18:45:00  18.51 °C  60.06 %  881.1 hPa 1.047E-03 g/cm³ 000 chk 51948
21/02/2020 18:46:00  18.51 °C  60.09 %  881.2 hPa 1.047E-03 g/cm³ 000 chk 54783
21/02/2020 18:47:00  18.51 °C  60.19 %  881.3 hPa 1.047E-03 g/cm³ 000 chk 17955
21/02/2020 18:48:00  18.51 °C  60.03 %  881.3 hPa 1.047E-03 g/cm³ 000 chk 13401
21/02/2020 18:49:00  18.51 °C  59.92 %  881.3 hPa 1.047E-03 g/cm³ 000 chk 14586
21/02/2020 18:50:00  18.51 °C  60.04 %  881.3 hPa 1.047E-03 g/cm³ 000 chk 55775
21/02/2020 18:51:00  18.51 °C  59.88 %  881.3 hPa 1.047E-03 g/cm³ 000 chk 25682
21/02/2020 18:52:00  18.51 °C  59.90 %  881.3 hPa 1.047E-03 g/cm³ 000 chk 62355
21/02/2020 18:53:00  18.51 °C  59.86 %  881.4 hPa 1.047E-03 g/cm³ 000 chk  6577
21/02/2020 18:54:00  18.50 °C  59.72 %  881.4 hPa 1.047E-03 g/cm³ 000 chk 26786
21/02/2020 18:55:00  18.50 °C  59.62 %  881.4 hPa 1.047E-03 g/cm³ 000 chk   554
21/02/2020 18:56:00  18.50 °C  59.81 %  881.4 hPa 1.047E-03 g/cm³ 000 chk  2882
21/02/2020 18:57:00  18.50 °C  59.65 %  881.4 hPa 1.047E-03 g/cm³ 000 chk  5216
21/02/2020 18:58:00  18.50 °C  59.39 %  881.5 hPa 1.047E-03 g/cm³ 000 chk 45563
21/02/2020 18:59:00  18.49 °C  59.44 %  881.5 hPa 1.047E-03 g/cm³ 000 chk 42433
21/02/2020 19:00:00  18.49 °C  59.29 %  881.5 hPa 1.047E-03 g/cm³ 000 chk 48539
21/02/2020 19:01:00  18.48 °C  59.47 %  881.5 hPa 1.047E-03 g/cm³ 000 chk 32787
21/02/2020 19:02:00  18.48 °C  59.45 %  881.5 hPa 1.047E-03 g/cm³ 000 chk 42493
21/02/2020 19:03:00  18.48 °C  59.61 %  881.5 hPa 1.047E-03 g/cm³ 000 chk 47875
21/02/2020 19:04:00  18.48 °C  59.90 %  881.5 hPa 1.047E-03 g/cm³ 000 chk 49872
21/02/2020 19:05:00  18.48 °C  59.59 %  881.6 hPa 1.047E-03 g/cm³ 000 chk 10068
21/02/2020 19:06:00  18.48 °C  59.43 %  881.7 hPa 1.048E-03 g/cm³ 000 chk 55183
21/02/2020 19:07:00  18.48 °C  59.59 %  881.6 hPa 1.047E-03 g/cm³ 000 chk 12831
21/02/2020 19:08:00  18.48 °C  59.44 %  881.7 hPa 1.048E-03 g/cm³ 000 chk 48767
21/02/2020 19:09:00  18.48 °C  59.43 %  881.8 hPa 1.048E-03 g/cm³ 000 chk 13274
21/02/2020 19:10:00  18.48 °C  59.34 %  881.8 hPa 1.048E-03 g/cm³ 000 chk 46138
21/02/2020 19:11:00  18.47 °C  59.48 %  881.8 hPa 1.048E-03 g/cm³ 000 chk 47381
21/02/2020 19:12:00  18.47 °C  59.57 %  881.7 hPa 1.048E-03 g/cm³ 000 chk  2517
21/02/2020 19:13:00  18.47 °C  59.59 %  881.8 hPa 1.048E-03 g/cm³ 000 chk 33139
21/02/2020 19:14:00  18.47 °C  59.61 %  881.9 hPa 1.048E-03 g/cm³ 000 chk  1323
21/02/2020 19:15:00  18.47 °C  59.90 %  881.8 hPa 1.048E-03 g/cm³ 000 chk 47729
21/02/2020 19:16:00  18.47 °C  60.29 %  881.9 hPa 1.048E-03 g/cm³ 000 chk 29332
21/02/2020 19:17:00  18.48 °C  61.31 %  881.9 hPa 1.048E-03 g/cm³ 000 chk 39752
21/02/2020 19:18:00  18.49 °C  61.87 %  881.9 hPa 1.047E-03 g/cm³ 000 chk 57740
21/02/2020 19:19:00  18.49 °C  62.32 %  881.9 hPa 1.047E-03 g/cm³ 000 chk 58129
21/02/2020 19:20:00  18.50 °C  62.31 %  881.9 hPa 1.047E-03 g/cm³ 000 chk 59449
21/02/2020 19:21:00  18.51 °C  61.78 %  882.0 hPa 1.048E-03 g/cm³ 000 chk 38524
21/02/2020 19:22:00  18.51 °C  61.27 %  882.0 hPa 1.048E-03 g/cm³ 000 chk 49673
21/02/2020 19:23:00  18.51 °C  60.86 %  882.1 hPa 1.048E-03 g/cm³ 000 chk 60886
21/02/2020 19:24:00  18.51 °C  60.52 %  882.1 hPa 1.048E-03 g/cm³ 000 chk 52574
21/02/2020 19:25:00  18.51 °C  61.05 %  882.1 hPa 1.048E-03 g/cm³ 000 chk 62590
21/02/2020 19:26:00  18.52 °C  61.84 %  882.1 hPa 1.048E-03 g/cm³ 000 chk 38330
21/02/2020 19:27:00  18.52 °C  62.41 %  882.1 hPa 1.048E-03 g/cm³ 000 chk 22501
21/02/2020 19:28:00  18.53 °C  62.77 %  882.1 hPa 1.048E-03 g/cm³ 000 chk 59399
21/02/2020 19:29:00  18.54 °C  62.56 %  882.1 hPa 1.047E-03 g/cm³ 000 chk 24307
21/02/2020 19:30:00  18.54 °C  62.41 %  882.1 hPa 1.048E-03 g/cm³ 000 chk 56754
21/02/2020 19:31:00  18.54 °C  61.58 %  882.1 hPa 1.048E-03 g/cm³ 000 chk 16926
21/02/2020 19:32:00  18.54 °C  60.90 %  882.2 hPa 1.048E-03 g/cm³ 000 chk 53196
21/02/2020 19:33:00  18.54 °C  60.72 %  882.2 hPa 1.048E-03 g/cm³ 000 chk 16110
21/02/2020 19:34:00  18.53 °C  60.61 %  882.2 hPa 1.048E-03 g/cm³ 000 chk 10750
21/02/2020 19:35:00  18.53 °C  60.61 %  882.3 hPa 1.048E-03 g/cm³ 000 chk 31246
21/02/2020 19:36:00  18.53 °C  60.53 %  882.3 hPa 1.048E-03 g/cm³ 000 chk 24471
21/02/2020 19:37:00  18.52 °C  60.15 %  882.2 hPa 1.048E-03 g/cm³ 000 chk 45842
21/02/2020 19:38:00  18.52 °C  60.19 %  882.3 hPa 1.048E-03 g/cm³ 000 chk  5648
21/02/2020 19:39:00  18.52 °C  60.56 %  882.3 hPa 1.048E-03 g/cm³ 000 chk 38658
21/02/2020 19:40:00  18.52 °C  61.19 %  882.2 hPa 1.048E-03 g/cm³ 000 chk 51232
21/02/2020 19:41:00  18.53 °C  62.00 %  882.3 hPa 1.048E-03 g/cm³ 000 chk 16152
21/02/2020 19:42:00  18.53 °C  62.53 %  882.3 hPa 1.048E-03 g/cm³ 000 chk 63342
21/02/2020 19:43:00  18.54 °C  62.72 %  882.4 hPa 1.048E-03 g/cm³ 000 chk 11135
21/02/2020 19:44:00  18.55 °C  62.83 %  882.4 hPa 1.048E-03 g/cm³ 000 chk 50028
21/02/2020 19:45:00  18.55 °C  62.26 %  882.4 hPa 1.048E-03 g/cm³ 000 chk 61946
21/02/2020 19:46:00  18.56 °C  61.67 %  882.4 hPa 1.048E-03 g/cm³ 000 chk 25029
21/02/2020 19:47:00  18.55 °C  61.11 %  882.3 hPa 1.048E-03 g/cm³ 000 chk 31050
21/02/2020 19:48:00  18.55 °C  60.75 %  882.4 hPa 1.048E-03 g/cm³ 000 chk 13126
21/02/2020 19:49:00  18.55 °C  60.56 %  882.4 hPa 1.048E-03 g/cm³ 000 chk 11961
21/02/2020 19:50:00  18.55 °C  60.31 %  882.4 hPa 1.048E-03 g/cm³ 000 chk 26997
21/02/2020 19:51:00  18.54 °C  60.30 %  882.4 hPa 1.048E-03 g/cm³ 000 chk 48912
21/02/2020 19:52:00  18.54 °C  59.97 %  882.4 hPa 1.048E-03 g/cm³ 000 chk 18575
21/02/2020 19:53:00  18.53 °C  59.74 %  882.4 hPa 1.048E-03 g/cm³ 000 chk 25065
21/02/2020 19:54:00  18.53 °C  59.58 %  882.5 hPa 1.048E-03 g/cm³ 000 chk 20892
21/02/2020 19:55:00  18.52 °C  59.56 %  882.5 hPa 1.048E-03 g/cm³ 000 chk 27898
21/02/2020 19:56:00  18.52 °C  59.49 %  882.5 hPa 1.048E-03 g/cm³ 000 chk 63546
21/02/2020 19:57:00  18.52 °C  59.40 %  882.5 hPa 1.048E-03 g/cm³ 000 chk 22429
21/02/2020 19:58:00  18.51 °C  59.45 %  882.5 hPa 1.048E-03 g/cm³ 000 chk 64651
21/02/2020 19:59:00  18.51 °C  59.36 %  882.5 hPa 1.048E-03 g/cm³ 000 chk 57837
21/02/2020 20:00:00  18.51 °C  59.63 %  882.5 hPa 1.048E-03 g/cm³ 000 chk 47161
21/02/2020 20:01:00  18.51 °C  59.47 %  882.5 hPa 1.048E-03 g/cm³ 000 chk 42695
21/02/2020 20:02:00  18.50 °C  59.51 %  882.6 hPa 1.049E-03 g/cm³ 000 chk 60922
21/02/2020 20:03:00  18.50 °C  59.49 %  882.6 hPa 1.049E-03 g/cm³ 000 chk 28528
21/02/2020 20:04:00  18.50 °C  59.56 %  882.6 hPa 1.049E-03 g/cm³ 000 chk 53542
21/02/2020 20:05:00  18.50 °C  59.54 %  882.5 hPa 1.048E-03 g/cm³ 000 chk 43709
21/02/2020 20:06:00  18.50 °C  59.43 %  882.5 hPa 1.048E-03 g/cm³ 000 chk 54911
21/02/2020 20:07:00  18.50 °C  59.50 %  882.5 hPa 1.048E-03 g/cm³ 000 chk 52215
21/02/2020 20:08:00  18.50 °C  59.55 %  882.5 hPa 1.048E-03 g/cm³ 000 chk 37538
21/02/2020 20:09:00  18.50 °C  59.38 %  882.6 hPa 1.049E-03 g/cm³ 000 chk   724
21/02/2020 20:10:00  18.50 °C  59.46 %  882.6 hPa 1.049E-03 g/cm³ 000 chk 32823
21/02/2020 20:11:00  18.50 °C  59.37 %  882.6 hPa 1.049E-03 g/cm³ 000 chk  1872
21/02/2020 20:12:00  18.50 °C  59.35 %  882.5 hPa 1.049E-03 g/cm³ 000 chk 26945
21/02/2020 20:13:00  18.50 °C  59.52 %  882.6 hPa 1.049E-03 g/cm³ 000 chk 35829
21/02/2020 20:14:00  18.50 °C  59.51 %  882.6 hPa 1.049E-03 g/cm³ 000 chk 27020
21/02/2020 20:15:00  18.50 °C  59.31 %  882.6 hPa 1.049E-03 g/cm³ 000 chk 50118
21/02/2020 20:16:00  18.50 °C  59.21 %  882.6 hPa 1.049E-03 g/cm³ 000 chk 48133
21/02/2020 20:17:00  18.49 °C  59.71 %  882.7 hPa 1.049E-03 g/cm³ 000 chk 57394
21/02/2020 20:18:00  18.49 °C  60.16 %  882.6 hPa 1.048E-03 g/cm³ 000 chk 36958
21/02/2020 20:19:00  18.49 °C  61.25 %  882.6 hPa 1.048E-03 g/cm³ 000 chk 56721
21/02/2020 20:20:00  18.50 °C  61.69 %  882.6 hPa 1.048E-03 g/cm³ 000 chk 64783
21/02/2020 20:21:00  18.50 °C  61.97 %  882.6 hPa 1.048E-03 g/cm³ 000 chk 20482
21/02/2020 20:22:00  18.51 °C  61.94 %  882.6 hPa 1.048E-03 g/cm³ 000 chk  2349
21/02/2020 20:23:00  18.52 °C  61.69 %  882.6 hPa 1.048E-03 g/cm³ 000 chk  8547
21/02/2020 20:24:00  18.52 °C  61.19 %  882.7 hPa 1.048E-03 g/cm³ 000 chk 36236
21/02/2020 20:25:00  18.52 °C  60.55 %  882.7 hPa 1.048E-03 g/cm³ 000 chk 60290
21/02/2020 20:26:00  18.52 °C  60.31 %  882.7 hPa 1.048E-03 g/cm³ 000 chk  8322
21/02/2020 20:27:00  18.52 °C  60.33 %  882.7 hPa 1.048E-03 g/cm³ 000 chk  4135
21/02/2020 20:28:00  18.52 °C  60.11 %  882.7 hPa 1.049E-03 g/cm³ 000 chk 35561
21/02/2020 20:29:00  18.51 °C  59.97 %  882.7 hPa 1.049E-03 g/cm³ 000 chk 46884
21/02/2020 20:30:00  18.51 °C  59.92 %  882.6 hPa 1.048E-03 g/cm³ 000 chk 37778
21/02/2020 20:31:00  18.51 °C  59.80 %  882.6 hPa 1.048E-03 g/cm³ 000 chk 25371
21/02/2020 20:32:00  18.51 °C  59.72 %  882.6 hPa 1.048E-03 g/cm³ 000 chk 18270
21/02/2020 20:33:00  18.51 °C  60.12 %  882.6 hPa 1.048E-03 g/cm³ 000 chk 42839
21/02/2020 20:34:00  18.51 °C  60.93 %  882.6 hPa 1.048E-03 g/cm³ 000 chk  7750
21/02/2020 20:35:00  18.51 °C  61.67 %  882.6 hPa 1.048E-03 g/cm³ 000 chk 20820
21/02/2020 20:36:00  18.52 °C  62.05 %  882.6 hPa 1.048E-03 g/cm³ 000 chk 30256
21/02/2020 20:37:00  18.52 °C  62.24 %  882.6 hPa 1.048E-03 g/cm³ 000 chk 61902
21/02/2020 20:38:00  18.52 °C  62.16 %  882.7 hPa 1.048E-03 g/cm³ 000 chk 21177
21/02/2020 20:39:00  18.53 °C  61.67 %  882.7 hPa 1.048E-03 g/cm³ 000 chk 46137
21/02/2020 20:40:00  18.53 °C  61.18 %  882.7 hPa 1.048E-03 g/cm³ 000 chk 33316
21/02/2020 20:41:00  18.53 °C  60.36 %  882.7 hPa 1.048E-03 g/cm³ 000 chk 32453
21/02/2020 20:42:00  18.53 °C  60.06 %  882.8 hPa 1.049E-03 g/cm³ 000 chk 58780
21/02/2020 20:43:00  18.53 °C  59.83 %  882.7 hPa 1.049E-03 g/cm³ 000 chk 30994
21/02/2020 20:44:00  18.52 °C  59.27 %  882.7 hPa 1.049E-03 g/cm³ 000 chk  2200
21/02/2020 20:45:00  18.52 °C  59.21 %  882.7 hPa 1.049E-03 g/cm³ 000 chk 19516
21/02/2020 20:46:00  18.51 °C  58.96 %  882.7 hPa 1.049E-03 g/cm³ 000 chk 21395
21/02/2020 20:47:00  18.51 °C  58.92 %  882.7 hPa 1.049E-03 g/cm³ 000 chk 36150
21/02/2020 20:48:00  18.50 °C  58.75 %  882.8 hPa 1.049E-03 g/cm³ 000 chk 14885
21/02/2020 20:49:00  18.50 °C  59.09 %  882.7 hPa 1.049E-03 g/cm³ 000 chk 30812
21/02/2020 20:50:00  18.50 °C  59.55 %  882.7 hPa 1.049E-03 g/cm³ 000 chk 41189
21/02/2020 20:51:00  18.50 °C  60.35 %  882.7 hPa 1.049E-03 g/cm³ 000 chk 16620
21/02/2020 20:52:00  18.50 °C  60.99 %  882.7 hPa 1.049E-03 g/cm³ 000 chk 25138
21/02/2020 20:53:00  18.51 °C  61.39 %  882.8 hPa 1.049E-03 g/cm³ 000 chk 60536
21/02/2020 20:54:00  18.51 °C  61.58 %  882.8 hPa 1.049E-03 g/cm³ 000 chk 38126
21/02/2020 20:55:00  18.51 °C  61.32 %  882.8 hPa 1.049E-03 g/cm³ 000 chk 19623
21/02/2020 20:56:00  18.51 °C  60.83 %  882.8 hPa 1.049E-03 g/cm³ 000 chk 20299
21/02/2020 20:57:00  18.51 °C  60.15 %  882.8 hPa 1.049E-03 g/cm³ 000 chk  2730
21/02/2020 20:58:00  18.51 °C  59.79 %  882.8 hPa 1.049E-03 g/cm³ 000 chk  7249
21/02/2020 20:59:00  18.51 °C  59.29 %  882.8 hPa 1.049E-03 g/cm³ 000 chk 46700
21/02/2020 21:00:00  18.51 °C  59.56 %  882.8 hPa 1.049E-03 g/cm³ 000 chk 62491
21/02/2020 21:01:00  18.51 °C  60.02 %  882.8 hPa 1.049E-03 g/cm³ 000 chk 24676
21/02/2020 21:02:00  18.51 °C  60.60 %  882.8 hPa 1.049E-03 g/cm³ 000 chk 17764
21/02/2020 21:03:00  18.52 °C  61.29 %  882.8 hPa 1.049E-03 g/cm³ 000 chk 18473
21/02/2020 21:04:00  18.52 °C  61.68 %  882.8 hPa 1.048E-03 g/cm³ 000 chk 61477
21/02/2020 21:05:00  18.52 °C  61.80 %  882.8 hPa 1.048E-03 g/cm³ 000 chk 29444
21/02/2020 21:06:00  18.53 °C  61.67 %  882.9 hPa 1.049E-03 g/cm³ 000 chk 26168
21/02/2020 21:07:00  18.53 °C  61.03 %  882.9 hPa 1.049E-03 g/cm³ 000 chk 47219
21/02/2020 21:08:00  18.54 °C  60.55 %  882.9 hPa 1.049E-03 g/cm³ 000 chk 13286
21/02/2020 21:09:00  18.53 °C  60.17 %  882.9 hPa 1.049E-03 g/cm³ 000 chk 63155
21/02/2020 21:10:00  18.53 °C  59.94 %  882.9 hPa 1.049E-03 g/cm³ 000 chk 20154
21/02/2020 21:11:00  18.52 °C  59.72 %  882.9 hPa 1.049E-03 g/cm³ 000 chk 23129
21/02/2020 21:12:00  18.52 °C  60.16 %  882.9 hPa 1.049E-03 g/cm³ 000 chk 56090
21/02/2020 21:13:00  18.52 °C  60.79 %  883.0 hPa 1.049E-03 g/cm³ 000 chk 43859
21/02/2020 21:14:00  18.53 °C  61.38 %  883.0 hPa 1.049E-03 g/cm³ 000 chk  4674
21/02/2020 21:15:00  18.53 °C  61.79 %  883.0 hPa 1.049E-03 g/cm³ 000 chk 38226
21/02/2020 21:16:00  18.54 °C  61.76 %  883.0 hPa 1.049E-03 g/cm³ 000 chk 62715
21/02/2020 21:17:00  18.54 °C  61.45 %  883.0 hPa 1.049E-03 g/cm³ 000 chk 10536
21/02/2020 21:18:00  18.54 °C  60.84 %  883.0 hPa 1.049E-03 g/cm³ 000 chk 38332
21/02/2020 21:19:00  18.54 °C  60.27 %  883.0 hPa 1.049E-03 g/cm³ 000 chk 18730
21/02/2020 21:20:00  18.53 °C  59.89 %  883.0 hPa 1.049E-03 g/cm³ 000 chk 17002
21/02/2020 21:21:00  18.53 °C  60.20 %  883.0 hPa 1.049E-03 g/cm³ 000 chk 42684
21/02/2020 21:22:00  18.53 °C  60.81 %  883.0 hPa 1.049E-03 g/cm³ 000 chk 62816
21/02/2020 21:23:00  18.54 °C  61.51 %  883.0 hPa 1.049E-03 g/cm³ 000 chk 15213
21/02/2020 21:24:00  18.54 °C  61.84 %  883.0 hPa 1.049E-03 g/cm³ 000 chk 63204
21/02/2020 21:25:00  18.55 °C  62.13 %  883.0 hPa 1.049E-03 g/cm³ 000 chk 16355
21/02/2020 21:26:00  18.55 °C  61.95 %  883.0 hPa 1.049E-03 g/cm³ 000 chk 24386
21/02/2020 21:27:00  18.55 °C  61.54 %  883.0 hPa 1.049E-03 g/cm³ 000 chk  6459
21/02/2020 21:28:00  18.55 °C  61.48 %  883.1 hPa 1.049E-03 g/cm³ 000 chk 31765
21/02/2020 21:29:00  18.55 °C  61.46 %  883.1 hPa 1.049E-03 g/cm³ 000 chk 53427
21/02/2020 21:30:00  18.55 °C  61.11 %  883.1 hPa 1.049E-03 g/cm³ 000 chk 38664
21/02/2020 21:31:00  18.56 °C  61.09 %  883.2 hPa 1.049E-03 g/cm³ 000 chk 44094
21/02/2020 21:32:00  18.56 °C  61.01 %  883.2 hPa 1.049E-03 g/cm³ 000 chk 64467
21/02/2020 21:33:00  18.56 °C  60.89 %  883.2 hPa 1.049E-03 g/cm³ 000 chk 59392
21/02/2020 21:34:00  18.56 °C  60.72 %  883.2 hPa 1.049E-03 g/cm³ 000 chk 58320
21/02/2020 21:35:00  18.55 °C  60.35 %  883.2 hPa 1.049E-03 g/cm³ 000 chk 30851
21/02/2020 21:36:00  18.55 °C  60.14 %  883.2 hPa 1.049E-03 g/cm³ 000 chk 59958
21/02/2020 21:37:00  18.55 °C  59.94 %  883.2 hPa 1.049E-03 g/cm³ 000 chk 52152
21/02/2020 21:38:00  18.55 °C  59.81 %  883.2 hPa 1.049E-03 g/cm³ 000 chk 21185
21/02/2020 21:39:00  18.54 °C  59.68 %  883.2 hPa 1.049E-03 g/cm³ 000 chk 44321
21/02/2020 21:40:00  18.54 °C  59.77 %  883.2 hPa 1.049E-03 g/cm³ 000 chk 39890
21/02/2020 21:41:00  18.54 °C  59.54 %  883.2 hPa 1.049E-03 g/cm³ 000 chk 34349
21/02/2020 21:42:00  18.53 °C  59.40 %  883.2 hPa 1.049E-03 g/cm³ 000 chk 47274
21/02/2020 21:43:00  18.52 °C  59.08 %  883.1 hPa 1.049E-03 g/cm³ 000 chk 57478
21/02/2020 21:44:00  18.52 °C  59.16 %  883.1 hPa 1.049E-03 g/cm³ 000 chk 46033
21/02/2020 21:45:00  18.52 °C  59.73 %  883.2 hPa 1.049E-03 g/cm³ 000 chk 52068
21/02/2020 21:46:00  18.52 °C  60.34 %  883.2 hPa 1.049E-03 g/cm³ 000 chk 64892
21/02/2020 21:47:00  18.52 °C  61.31 %  883.1 hPa 1.049E-03 g/cm³ 000 chk  5435
21/02/2020 21:48:00  18.53 °C  61.50 %  883.2 hPa 1.049E-03 g/cm³ 000 chk 58046
21/02/2020 21:49:00  18.53 °C  61.64 %  883.2 hPa 1.049E-03 g/cm³ 000 chk 15468
21/02/2020 21:50:00  18.53 °C  61.39 %  883.2 hPa 1.049E-03 g/cm³ 000 chk  2516
21/02/2020 21:51:00  18.54 °C  60.76 %  883.2 hPa 1.049E-03 g/cm³ 000 chk 11679
21/02/2020 21:52:00  18.54 °C  60.23 %  883.2 hPa 1.049E-03 g/cm³ 000 chk  3049
21/02/2020 21:53:00  18.53 °C  59.63 %  883.2 hPa 1.049E-03 g/cm³ 000 chk  7934
21/02/2020 21:54:00  18.53 °C  59.62 %  883.2 hPa 1.049E-03 g/cm³ 000 chk 26246
21/02/2020 21:55:00  18.52 °C  59.82 %  883.2 hPa 1.049E-03 g/cm³ 000 chk 40037
21/02/2020 21:56:00  18.52 °C  60.31 %  883.2 hPa 1.049E-03 g/cm³ 000 chk 57303
21/02/2020 21:57:00  18.52 °C  61.19 %  883.2 hPa 1.049E-03 g/cm³ 000 chk 52534
21/02/2020 21:58:00  18.53 °C  61.60 %  883.2 hPa 1.049E-03 g/cm³ 000 chk 22882
21/02/2020 21:59:00  18.53 °C  61.91 %  883.2 hPa 1.049E-03 g/cm³ 000 chk  8044
21/02/2020 22:00:00  18.54 °C  62.00 %  883.2 hPa 1.049E-03 g/cm³ 000 chk 55682
21/02/2020 22:01:00  18.54 °C  61.51 %  883.2 hPa 1.049E-03 g/cm³ 000 chk 28313
21/02/2020 22:02:00  18.54 °C  60.91 %  883.2 hPa 1.049E-03 g/cm³ 000 chk 16566
21/02/2020 22:03:00  18.54 °C  60.22 %  883.2 hPa 1.049E-03 g/cm³ 000 chk 23564
21/02/2020 22:04:00  18.54 °C  59.77 %  883.2 hPa 1.049E-03 g/cm³ 000 chk  6831
21/02/2020 22:05:00  18.54 °C  59.45 %  883.2 hPa 1.049E-03 g/cm³ 000 chk 10877
21/02/2020 22:06:00  18.53 °C  59.36 %  883.2 hPa 1.049E-03 g/cm³ 000 chk  5909
21/02/2020 22:07:00  18.52 °C  59.51 %  883.1 hPa 1.049E-03 g/cm³ 000 chk 25697
21/02/2020 22:08:00  18.52 °C  60.14 %  883.1 hPa 1.049E-03 g/cm³ 000 chk 47042
21/02/2020 22:09:00  18.52 °C  60.75 %  883.1 hPa 1.049E-03 g/cm³ 000 chk 61577
21/02/2020 22:10:00  18.52 °C  61.30 %  883.1 hPa 1.049E-03 g/cm³ 000 chk 32003
21/02/2020 22:11:00  18.53 °C  61.71 %  883.1 hPa 1.049E-03 g/cm³ 000 chk 27603
21/02/2020 22:12:00  18.54 °C  61.68 %  883.1 hPa 1.049E-03 g/cm³ 000 chk  9302
21/02/2020 22:13:00  18.54 °C  61.39 %  883.1 hPa 1.049E-03 g/cm³ 000 chk 25450
21/02/2020 22:14:00  18.55 °C  60.76 %  883.2 hPa 1.049E-03 g/cm³ 000 chk 38790
21/02/2020 22:15:00  18.55 °C  60.30 %  883.2 hPa 1.049E-03 g/cm³ 000 chk  5015
21/02/2020 22:16:00  18.54 °C  60.04 %  883.2 hPa 1.049E-03 g/cm³ 000 chk 18894
21/02/2020 22:17:00  18.54 °C  59.95 %  883.2 hPa 1.049E-03 g/cm³ 000 chk 17773
21/02/2020 22:18:00  18.54 °C  59.87 %  883.3 hPa 1.049E-03 g/cm³ 000 chk  9793
21/02/2020 22:19:00  18.53 °C  59.71 %  883.3 hPa 1.049E-03 g/cm³ 000 chk 22027
21/02/2020 22:20:00  18.53 °C  59.19 %  883.2 hPa 1.049E-03 g/cm³ 000 chk 13509
21/02/2020 22:21:00  18.53 °C  59.20 %  883.2 hPa 1.049E-03 g/cm³ 000 chk 39701
21/02/2020 22:22:00  18.53 °C  59.52 %  883.2 hPa 1.049E-03 g/cm³ 000 chk 32313
21/02/2020 22:23:00  18.53 °C  60.02 %  883.3 hPa 1.049E-03 g/cm³ 000 chk 26387
21/02/2020 22:24:00  18.52 °C  60.83 %  883.3 hPa 1.049E-03 g/cm³ 000 chk 20418
21/02/2020 22:25:00  18.53 °C  61.49 %  883.3 hPa 1.049E-03 g/cm³ 000 chk 38757
21/02/2020 22:26:00  18.54 °C  61.69 %  883.3 hPa 1.049E-03 g/cm³ 000 chk 56724
21/02/2020 22:27:00  18.54 °C  61.67 %  883.3 hPa 1.049E-03 g/cm³ 000 chk 28978
21/02/2020 22:28:00  18.54 °C  61.20 %  883.3 hPa 1.049E-03 g/cm³ 000 chk 29395
21/02/2020 22:29:00  18.54 °C  60.55 %  883.3 hPa 1.049E-03 g/cm³ 000 chk  4521
21/02/2020 22:30:00  18.54 °C  59.98 %  883.3 hPa 1.049E-03 g/cm³ 000 chk 28439
21/02/2020 22:31:00  18.54 °C  59.77 %  883.3 hPa 1.049E-03 g/cm³ 000 chk 61239
21/02/2020 22:32:00  18.53 °C  59.49 %  883.2 hPa 1.049E-03 g/cm³ 000 chk 39612
21/02/2020 22:33:00  18.53 °C  59.35 %  883.2 hPa 1.049E-03 g/cm³ 000 chk 27865
21/02/2020 22:34:00  18.52 °C  59.20 %  883.2 hPa 1.049E-03 g/cm³ 000 chk 12620
21/02/2020 22:35:00  18.52 °C  59.24 %  883.2 hPa 1.049E-03 g/cm³ 000 chk 61417
21/02/2020 22:36:00  18.52 °C  59.03 %  883.2 hPa 1.049E-03 g/cm³ 000 chk 37724
21/02/2020 22:37:00  18.51 °C  59.14 %  883.2 hPa 1.049E-03 g/cm³ 000 chk  2198
21/02/2020 22:38:00  18.51 °C  59.84 %  883.2 hPa 1.049E-03 g/cm³ 000 chk 51590
21/02/2020 22:39:00  18.51 °C  60.40 %  883.2 hPa 1.049E-03 g/cm³ 000 chk 23740
21/02/2020 22:40:00  18.52 °C  61.00 %  883.2 hPa 1.049E-03 g/cm³ 000 chk 58250
21/02/2020 22:41:00  18.52 °C  61.56 %  883.2 hPa 1.049E-03 g/cm³ 000 chk 42935
21/02/2020 22:42:00  18.52 °C  61.74 %  883.2 hPa 1.049E-03 g/cm³ 000 chk 16898
21/02/2020 22:43:00  18.53 °C  61.51 %  883.2 hPa 1.049E-03 g/cm³ 000 chk  8253
21/02/2020 22:44:00  18.53 °C  61.00 %  883.2 hPa 1.049E-03 g/cm³ 000 chk 22748
21/02/2020 22:45:00  18.53 °C  60.49 %  883.2 hPa 1.049E-03 g/cm³ 000 chk 42962
21/02/2020 22:46:00  18.53 °C  60.01 %  883.2 hPa 1.049E-03 g/cm³ 000 chk 12426
21/02/2020 22:47:00  18.53 °C  59.67 %  883.2 hPa 1.049E-03 g/cm³ 000 chk 16003
21/02/2020 22:48:00  18.53 °C  59.54 %  883.2 hPa 1.049E-03 g/cm³ 000 chk 35233
21/02/2020 22:49:00  18.52 °C  59.33 %  883.2 hPa 1.049E-03 g/cm³ 000 chk 45354
21/02/2020 22:50:00  18.52 °C  59.20 %  883.2 hPa 1.049E-03 g/cm³ 000 chk 16933
21/02/2020 22:51:00  18.52 °C  58.97 %  883.2 hPa 1.049E-03 g/cm³ 000 chk 47746
21/02/2020 22:52:00  18.51 °C  59.13 %  883.1 hPa 1.049E-03 g/cm³ 000 chk 39333
21/02/2020 22:53:00  18.51 °C  59.73 %  883.2 hPa 1.049E-03 g/cm³ 000 chk 30736
21/02/2020 22:54:00  18.51 °C  60.42 %  883.1 hPa 1.049E-03 g/cm³ 000 chk   419
21/02/2020 22:55:00  18.52 °C  60.97 %  883.1 hPa 1.049E-03 g/cm³ 000 chk   436
21/02/2020 22:56:00  18.52 °C  61.35 %  883.2 hPa 1.049E-03 g/cm³ 000 chk 65163
21/02/2020 22:57:00  18.53 °C  61.42 %  883.1 hPa 1.049E-03 g/cm³ 000 chk 19923
21/02/2020 22:58:00  18.53 °C  61.36 %  883.1 hPa 1.049E-03 g/cm³ 000 chk 14661
21/02/2020 22:59:00  18.54 °C  61.43 %  883.1 hPa 1.049E-03 g/cm³ 000 chk 65382
21/02/2020 23:00:00  18.54 °C  61.24 %  883.1 hPa 1.049E-03 g/cm³ 000 chk 38207
21/02/2020 23:01:00  18.54 °C  61.11 %  883.1 hPa 1.049E-03 g/cm³ 000 chk 42732
21/02/2020 23:02:00  18.54 °C  61.14 %  883.0 hPa 1.049E-03 g/cm³ 000 chk 31063
21/02/2020 23:03:00  18.54 °C  60.90 %  883.0 hPa 1.049E-03 g/cm³ 000 chk 63111
21/02/2020 23:04:00  18.54 °C  60.64 %  883.1 hPa 1.049E-03 g/cm³ 000 chk 61184
21/02/2020 23:05:00  18.54 °C  60.45 %  883.0 hPa 1.049E-03 g/cm³ 000 chk 37290
21/02/2020 23:06:00  18.54 °C  60.24 %  883.0 hPa 1.049E-03 g/cm³ 000 chk 50090
21/02/2020 23:07:00  18.54 °C  59.77 %  883.0 hPa 1.049E-03 g/cm³ 000 chk 21716
21/02/2020 23:08:00  18.53 °C  59.55 %  883.0 hPa 1.049E-03 g/cm³ 000 chk 64414
21/02/2020 23:09:00  18.53 °C  59.46 %  883.0 hPa 1.049E-03 g/cm³ 000 chk 58902
21/02/2020 23:10:00  18.53 °C  59.33 %  883.0 hPa 1.049E-03 g/cm³ 000 chk 64503
21/02/2020 23:11:00  18.52 °C  59.29 %  883.0 hPa 1.049E-03 g/cm³ 000 chk 29372
21/02/2020 23:12:00  18.52 °C  58.99 %  883.0 hPa 1.049E-03 g/cm³ 000 chk 40017
21/02/2020 23:13:00  18.52 °C  58.91 %  883.0 hPa 1.049E-03 g/cm³ 000 chk 57079
21/02/2020 23:14:00  18.51 °C  58.70 %  883.0 hPa 1.049E-03 g/cm³ 000 chk 38219
21/02/2020 23:15:00  18.51 °C  58.70 %  883.0 hPa 1.049E-03 g/cm³ 000 chk 16367
21/02/2020 23:16:00  18.51 °C  58.89 %  883.0 hPa 1.049E-03 g/cm³ 000 chk 33960
21/02/2020 23:17:00  18.51 °C  59.36 %  883.0 hPa 1.049E-03 g/cm³ 000 chk 37901
21/02/2020 23:18:00  18.51 °C  60.11 %  883.0 hPa 1.049E-03 g/cm³ 000 chk 56641
21/02/2020 23:19:00  18.51 °C  60.65 %  883.0 hPa 1.049E-03 g/cm³ 000 chk 49958
21/02/2020 23:20:00  18.51 °C  61.05 %  883.0 hPa 1.049E-03 g/cm³ 000 chk  8354
21/02/2020 23:21:00  18.52 °C  61.22 %  882.9 hPa 1.049E-03 g/cm³ 000 chk 35359
21/02/2020 23:22:00  18.52 °C  61.03 %  882.9 hPa 1.049E-03 g/cm³ 000 chk  6314
21/02/2020 23:23:00  18.52 °C  60.53 %  882.9 hPa 1.049E-03 g/cm³ 000 chk  8843
21/02/2020 23:24:00  18.52 °C  59.75 %  882.8 hPa 1.049E-03 g/cm³ 000 chk 10942
21/02/2020 23:25:00  18.52 °C  59.71 %  882.8 hPa 1.049E-03 g/cm³ 000 chk 62491
21/02/2020 23:26:00  18.52 °C  60.19 %  882.8 hPa 1.049E-03 g/cm³ 000 chk 59739
21/02/2020 23:27:00  18.52 °C  60.74 %  882.8 hPa 1.048E-03 g/cm³ 000 chk 13010
21/02/2020 23:28:00  18.52 °C  61.40 %  882.7 hPa 1.048E-03 g/cm³ 000 chk 13037
21/02/2020 23:29:00  18.52 °C  62.04 %  882.8 hPa 1.048E-03 g/cm³ 000 chk 63706
21/02/2020 23:30:00  18.53 °C  61.62 %  882.8 hPa 1.048E-03 g/cm³ 000 chk 13296
21/02/2020 23:31:00  18.54 °C  61.11 %  882.8 hPa 1.048E-03 g/cm³ 000 chk  7123
21/02/2020 23:32:00  18.54 °C  60.43 %  882.7 hPa 1.048E-03 g/cm³ 000 chk 35512
21/02/2020 23:33:00  18.54 °C  60.00 %  882.7 hPa 1.048E-03 g/cm³ 000 chk 38825
21/02/2020 23:34:00  18.54 °C  59.66 %  882.7 hPa 1.048E-03 g/cm³ 000 chk 42621
21/02/2020 23:35:00  18.54 °C  59.33 %  882.7 hPa 1.049E-03 g/cm³ 000 chk 38273
21/02/2020 23:36:00  18.54 °C  59.33 %  882.7 hPa 1.049E-03 g/cm³ 000 chk 10862
21/02/2020 23:37:00  18.53 °C  59.18 %  882.7 hPa 1.049E-03 g/cm³ 000 chk 60118
21/02/2020 23:38:00  18.53 °C  59.01 %  882.7 hPa 1.049E-03 g/cm³ 000 chk 61356
21/02/2020 23:39:00  18.52 °C  59.03 %  882.7 hPa 1.049E-03 g/cm³ 000 chk 20169
21/02/2020 23:40:00  18.52 °C  58.81 %  882.7 hPa 1.049E-03 g/cm³ 000 chk 39009
21/02/2020 23:41:00  18.51 °C  58.56 %  882.7 hPa 1.049E-03 g/cm³ 000 chk   631
21/02/2020 23:42:00  18.51 °C  58.53 %  882.8 hPa 1.049E-03 g/cm³ 000 chk   152
21/02/2020 23:43:00  18.50 °C  58.33 %  882.7 hPa 1.049E-03 g/cm³ 000 chk  7954
21/02/2020 23:44:00  18.50 °C  58.27 %  882.8 hPa 1.049E-03 g/cm³ 000 chk  6726
21/02/2020 23:45:00  18.49 °C  58.23 %  882.7 hPa 1.049E-03 g/cm³ 000 chk 61373
21/02/2020 23:46:00  18.49 °C  58.25 %  882.7 hPa 1.049E-03 g/cm³ 000 chk 48722
21/02/2020 23:47:00  18.49 °C  58.04 %  882.7 hPa 1.049E-03 g/cm³ 000 chk 14764
21/02/2020 23:48:00  18.48 °C  57.88 %  882.6 hPa 1.049E-03 g/cm³ 000 chk 15545
21/02/2020 23:49:00  18.48 °C  57.73 %  882.7 hPa 1.049E-03 g/cm³ 000 chk 61920
21/02/2020 23:50:00  18.47 °C  57.88 %  882.6 hPa 1.049E-03 g/cm³ 000 chk 10612
21/02/2020 23:51:00  18.47 °C  58.00 %  882.6 hPa 1.049E-03 g/cm³ 000 chk 23045
21/02/2020 23:52:00  18.46 °C  58.47 %  882.6 hPa 1.049E-03 g/cm³ 000 chk 47006
21/02/2020 23:53:00  18.46 °C  59.36 %  882.5 hPa 1.049E-03 g/cm³ 000 chk 60186
21/02/2020 23:54:00  18.47 °C  60.04 %  882.5 hPa 1.048E-03 g/cm³ 000 chk 16215
21/02/2020 23:55:00  18.47 °C  60.44 %  882.5 hPa 1.048E-03 g/cm³ 000 chk 21830
21/02/2020 23:56:00  18.48 °C  60.73 %  882.5 hPa 1.048E-03 g/cm³ 000 chk  4757
21/02/2020 23:57:00  18.49 °C  60.70 %  882.5 hPa 1.048E-03 g/cm³ 000 chk 24305
21/02/2020 23:58:00  18.49 °C  60.10 %  882.5 hPa 1.048E-03 g/cm³ 000 chk 40522
21/02/2020 23:59:00  18.49 °C  59.52 %  882.5 hPa 1.048E-03 g/cm³ 000 chk  9241
