06/01/2020  9:52:33  23.08 °C  58.31 %  883.0 hPa 1.031E-03 g/cm³ 000 chk 52224
06/01/2020  9:53:00  23.08 °C  58.32 %  883.0 hPa 1.031E-03 g/cm³ 000 chk 11604
06/01/2020  9:54:00  23.11 °C  58.29 %  882.9 hPa 1.031E-03 g/cm³ 000 chk 55645
06/01/2020  9:55:00  23.12 °C  58.25 %  882.8 hPa 1.031E-03 g/cm³ 000 chk 58605
06/01/2020  9:56:00  23.14 °C  58.19 %  882.9 hPa 1.030E-03 g/cm³ 000 chk 39526
06/01/2020  9:57:00  23.16 °C  58.10 %  882.9 hPa 1.030E-03 g/cm³ 000 chk 22082
06/01/2020  9:58:00  23.19 °C  58.02 %  882.8 hPa 1.030E-03 g/cm³ 000 chk 52772
06/01/2020  9:59:00  23.21 °C  57.97 %  882.7 hPa 1.030E-03 g/cm³ 000 chk  6087
06/01/2020 10:00:00  23.23 °C  57.99 %  882.7 hPa 1.030E-03 g/cm³ 000 chk 53822
06/01/2020 10:01:00  23.25 °C  57.88 %  882.8 hPa 1.030E-03 g/cm³ 000 chk 54578
06/01/2020 10:02:00  23.28 °C  57.79 %  882.8 hPa 1.030E-03 g/cm³ 000 chk  7870
06/01/2020 10:03:00  23.31 °C  57.70 %  882.7 hPa 1.030E-03 g/cm³ 000 chk 39495
06/01/2020 10:04:00  23.33 °C  57.72 %  882.8 hPa 1.030E-03 g/cm³ 000 chk 53948
06/01/2020 10:05:00  23.35 °C  57.70 %  882.8 hPa 1.030E-03 g/cm³ 000 chk 18076
06/01/2020 10:06:00  23.36 °C  57.64 %  882.7 hPa 1.030E-03 g/cm³ 000 chk 39709
06/01/2020 10:07:00  23.37 °C  57.56 %  882.8 hPa 1.030E-03 g/cm³ 000 chk  7695
06/01/2020 10:08:00  23.38 °C  57.43 %  882.8 hPa 1.030E-03 g/cm³ 000 chk 31804
06/01/2020 10:09:00  23.37 °C  57.57 %  882.7 hPa 1.030E-03 g/cm³ 000 chk 48639
06/01/2020 10:10:00  23.36 °C  57.43 %  882.9 hPa 1.030E-03 g/cm³ 000 chk   357
06/01/2020 10:11:00  23.34 °C  56.88 %  882.8 hPa 1.030E-03 g/cm³ 000 chk 16340
06/01/2020 10:12:00  23.30 °C  56.10 %  882.7 hPa 1.030E-03 g/cm³ 000 chk 35450
06/01/2020 10:13:00  23.25 °C  55.07 %  882.7 hPa 1.030E-03 g/cm³ 000 chk  5507
06/01/2020 10:14:00  23.20 °C  54.57 %  882.7 hPa 1.031E-03 g/cm³ 000 chk 18040
06/01/2020 10:15:00  23.15 °C  53.90 %  882.6 hPa 1.031E-03 g/cm³ 000 chk 32881
06/01/2020 10:16:00  23.10 °C  53.09 %  882.6 hPa 1.031E-03 g/cm³ 000 chk 27934
06/01/2020 10:17:00  23.03 °C  52.63 %  882.5 hPa 1.031E-03 g/cm³ 000 chk 52326
06/01/2020 10:18:00  22.97 °C  52.58 %  882.6 hPa 1.032E-03 g/cm³ 000 chk 59022
06/01/2020 10:19:00  22.91 °C  52.23 %  882.5 hPa 1.032E-03 g/cm³ 000 chk 64656
06/01/2020 10:20:00  22.86 °C  52.37 %  882.5 hPa 1.032E-03 g/cm³ 000 chk 24095
06/01/2020 10:21:00  22.80 °C  52.70 %  882.5 hPa 1.032E-03 g/cm³ 000 chk 37770
06/01/2020 10:22:00  22.75 °C  52.75 %  882.4 hPa 1.032E-03 g/cm³ 000 chk 60813
06/01/2020 10:23:00  22.70 °C  52.62 %  882.4 hPa 1.032E-03 g/cm³ 000 chk 53954
06/01/2020 10:24:00  22.65 °C  52.75 %  882.4 hPa 1.033E-03 g/cm³ 000 chk 33280
06/01/2020 10:25:00  22.61 °C  52.68 %  882.4 hPa 1.033E-03 g/cm³ 000 chk 24204
06/01/2020 10:26:00  22.56 °C  52.67 %  882.4 hPa 1.033E-03 g/cm³ 000 chk 52886
06/01/2020 10:27:00  22.52 °C  53.00 %  882.3 hPa 1.033E-03 g/cm³ 000 chk 24173
06/01/2020 10:28:00  22.48 °C  52.97 %  882.3 hPa 1.033E-03 g/cm³ 000 chk 61821
06/01/2020 10:29:00  22.43 °C  52.84 %  882.2 hPa 1.033E-03 g/cm³ 000 chk 10733
06/01/2020 10:30:00  22.40 °C  52.69 %  882.2 hPa 1.033E-03 g/cm³ 000 chk 12040
06/01/2020 10:31:00  22.35 °C  52.57 %  882.2 hPa 1.034E-03 g/cm³ 000 chk  9388
06/01/2020 10:32:00  22.31 °C  52.55 %  882.1 hPa 1.034E-03 g/cm³ 000 chk 36283
06/01/2020 10:33:00  22.27 °C  52.34 %  882.2 hPa 1.034E-03 g/cm³ 000 chk 29979
06/01/2020 10:34:00  22.24 °C  52.22 %  882.1 hPa 1.034E-03 g/cm³ 000 chk 30706
06/01/2020 10:35:00  22.20 °C  52.03 %  882.0 hPa 1.034E-03 g/cm³ 000 chk 52830
06/01/2020 10:36:00  22.17 °C  52.08 %  882.1 hPa 1.034E-03 g/cm³ 000 chk 54033
06/01/2020 10:37:00  22.13 °C  51.95 %  882.1 hPa 1.034E-03 g/cm³ 000 chk 16083
06/01/2020 10:38:00  22.11 °C  51.90 %  882.1 hPa 1.034E-03 g/cm³ 000 chk  1029
06/01/2020 10:39:00  22.08 °C  51.97 %  882.1 hPa 1.035E-03 g/cm³ 000 chk 41535
06/01/2020 10:40:00  22.05 °C  52.00 %  882.0 hPa 1.035E-03 g/cm³ 000 chk 11293
06/01/2020 10:41:00  22.02 °C  52.17 %  882.1 hPa 1.035E-03 g/cm³ 000 chk 35205
06/01/2020 10:42:00  21.99 °C  52.30 %  882.1 hPa 1.035E-03 g/cm³ 000 chk 10711
06/01/2020 10:43:00  21.98 °C  52.35 %  882.1 hPa 1.035E-03 g/cm³ 000 chk 35763
06/01/2020 10:44:00  21.95 °C  52.60 %  882.0 hPa 1.035E-03 g/cm³ 000 chk 59086
06/01/2020 10:45:00  21.94 °C  52.49 %  882.0 hPa 1.035E-03 g/cm³ 000 chk  6386
06/01/2020 10:46:00  21.92 °C  52.43 %  882.0 hPa 1.035E-03 g/cm³ 000 chk 29083
06/01/2020 10:47:00  21.89 °C  52.42 %  882.0 hPa 1.035E-03 g/cm³ 000 chk 23267
06/01/2020 10:48:00  21.87 °C  52.46 %  881.9 hPa 1.035E-03 g/cm³ 000 chk 61634
06/01/2020 10:49:00  21.85 °C  52.36 %  882.0 hPa 1.035E-03 g/cm³ 000 chk 36312
06/01/2020 10:50:00  21.83 °C  52.59 %  882.0 hPa 1.035E-03 g/cm³ 000 chk 34451
06/01/2020 10:51:00  21.82 °C  52.45 %  882.0 hPa 1.035E-03 g/cm³ 000 chk 57816
06/01/2020 10:52:00  21.80 °C  52.65 %  881.9 hPa 1.035E-03 g/cm³ 000 chk 35088
06/01/2020 10:53:00  21.79 °C  53.21 %  881.9 hPa 1.035E-03 g/cm³ 000 chk 44969
06/01/2020 10:54:00  21.78 °C  53.96 %  882.0 hPa 1.035E-03 g/cm³ 000 chk  7664
06/01/2020 10:55:00  21.78 °C  54.81 %  881.9 hPa 1.035E-03 g/cm³ 000 chk 12503
06/01/2020 10:56:00  21.78 °C  55.18 %  881.9 hPa 1.035E-03 g/cm³ 000 chk  7010
06/01/2020 10:57:00  21.78 °C  55.60 %  881.8 hPa 1.035E-03 g/cm³ 000 chk 24658
06/01/2020 10:58:00  21.78 °C  55.72 %  881.9 hPa 1.035E-03 g/cm³ 000 chk   894
06/01/2020 10:59:00  21.78 °C  55.66 %  881.9 hPa 1.035E-03 g/cm³ 000 chk  7671
06/01/2020 11:00:00  21.78 °C  55.82 %  881.8 hPa 1.035E-03 g/cm³ 000 chk 14483
06/01/2020 11:01:00  21.78 °C  55.52 %  881.9 hPa 1.035E-03 g/cm³ 000 chk 43667
06/01/2020 11:02:00  21.79 °C  55.47 %  882.0 hPa 1.035E-03 g/cm³ 000 chk 43375
06/01/2020 11:03:00  21.78 °C  54.99 %  882.0 hPa 1.035E-03 g/cm³ 000 chk 50661
06/01/2020 11:04:00  21.78 °C  54.97 %  881.9 hPa 1.035E-03 g/cm³ 000 chk  8801
06/01/2020 11:05:00  21.77 °C  54.89 %  881.7 hPa 1.035E-03 g/cm³ 000 chk 26869
06/01/2020 11:06:00  21.76 °C  54.62 %  881.9 hPa 1.035E-03 g/cm³ 000 chk 50443
06/01/2020 11:07:00  21.76 °C  54.53 %  882.0 hPa 1.035E-03 g/cm³ 000 chk 63014
06/01/2020 11:08:00  21.76 °C  54.33 %  881.9 hPa 1.035E-03 g/cm³ 000 chk 16994
06/01/2020 11:09:00  21.75 °C  54.21 %  881.8 hPa 1.035E-03 g/cm³ 000 chk 47612
06/01/2020 11:10:00  21.75 °C  54.09 %  881.9 hPa 1.035E-03 g/cm³ 000 chk 11474
06/01/2020 11:11:00  21.74 °C  53.96 %  881.8 hPa 1.035E-03 g/cm³ 000 chk 13557
06/01/2020 11:12:00  21.74 °C  54.03 %  881.9 hPa 1.035E-03 g/cm³ 000 chk 55898
06/01/2020 11:13:00  21.72 °C  53.80 %  881.9 hPa 1.035E-03 g/cm³ 000 chk 21059
06/01/2020 11:14:00  21.72 °C  53.92 %  881.8 hPa 1.035E-03 g/cm³ 000 chk 25667
06/01/2020 11:15:00  21.71 °C  53.74 %  881.7 hPa 1.035E-03 g/cm³ 000 chk 14115
06/01/2020 11:16:00  21.69 °C  53.72 %  881.8 hPa 1.035E-03 g/cm³ 000 chk 56402
06/01/2020 11:17:00  21.67 °C  54.15 %  882.0 hPa 1.036E-03 g/cm³ 000 chk 41770
06/01/2020 11:18:00  21.66 °C  54.51 %  881.9 hPa 1.036E-03 g/cm³ 000 chk 13044
06/01/2020 11:19:00  21.65 °C  55.28 %  881.9 hPa 1.036E-03 g/cm³ 000 chk 16334
06/01/2020 11:20:00  21.65 °C  55.70 %  881.8 hPa 1.035E-03 g/cm³ 000 chk 23604
06/01/2020 11:21:00  21.65 °C  55.97 %  881.8 hPa 1.035E-03 g/cm³ 000 chk 13334
06/01/2020 11:22:00  21.65 °C  56.02 %  881.7 hPa 1.035E-03 g/cm³ 000 chk 51099
06/01/2020 11:23:00  21.66 °C  55.32 %  881.7 hPa 1.035E-03 g/cm³ 000 chk 28460
06/01/2020 11:24:00  21.65 °C  55.04 %  881.7 hPa 1.035E-03 g/cm³ 000 chk 58977
06/01/2020 11:25:00  21.65 °C  54.37 %  881.8 hPa 1.036E-03 g/cm³ 000 chk 36589
06/01/2020 11:26:00  21.65 °C  54.47 %  881.8 hPa 1.036E-03 g/cm³ 000 chk 61888
06/01/2020 11:27:00  21.64 °C  54.74 %  881.8 hPa 1.036E-03 g/cm³ 000 chk 48595
06/01/2020 11:28:00  21.64 °C  54.76 %  881.7 hPa 1.035E-03 g/cm³ 000 chk 49860
06/01/2020 11:29:00  21.63 °C  55.01 %  881.6 hPa 1.035E-03 g/cm³ 000 chk 63406
06/01/2020 11:30:00  21.63 °C  55.02 %  881.6 hPa 1.035E-03 g/cm³ 000 chk 50317
06/01/2020 11:31:00  21.62 °C  55.28 %  881.7 hPa 1.035E-03 g/cm³ 000 chk 46309
06/01/2020 11:32:00  21.62 °C  55.32 %  881.6 hPa 1.035E-03 g/cm³ 000 chk 16497
06/01/2020 11:33:00  21.63 °C  55.59 %  881.6 hPa 1.035E-03 g/cm³ 000 chk 58617
06/01/2020 11:34:00  21.63 °C  55.81 %  881.7 hPa 1.035E-03 g/cm³ 000 chk 41254
06/01/2020 11:35:00  21.63 °C  55.89 %  881.6 hPa 1.035E-03 g/cm³ 000 chk  6868
06/01/2020 11:36:00  21.63 °C  55.62 %  881.6 hPa 1.035E-03 g/cm³ 000 chk 64446
06/01/2020 11:37:00  21.63 °C  55.22 %  881.5 hPa 1.035E-03 g/cm³ 000 chk 55888
06/01/2020 11:38:00  21.62 °C  54.86 %  881.5 hPa 1.035E-03 g/cm³ 000 chk 28394
06/01/2020 11:39:00  21.62 °C  54.41 %  881.6 hPa 1.035E-03 g/cm³ 000 chk 36204
06/01/2020 11:40:00  21.60 °C  53.92 %  881.4 hPa 1.035E-03 g/cm³ 000 chk 51001
06/01/2020 11:41:00  21.58 °C  53.84 %  881.4 hPa 1.035E-03 g/cm³ 000 chk 31757
06/01/2020 11:42:00  21.58 °C  53.91 %  881.5 hPa 1.035E-03 g/cm³ 000 chk 25498
06/01/2020 11:43:00  21.56 °C  53.63 %  881.5 hPa 1.036E-03 g/cm³ 000 chk 14685
06/01/2020 11:44:00  21.55 °C  53.73 %  881.5 hPa 1.036E-03 g/cm³ 000 chk 40523
06/01/2020 11:45:00  21.54 °C  53.94 %  881.4 hPa 1.036E-03 g/cm³ 000 chk 40701
06/01/2020 11:46:00  21.54 °C  53.93 %  881.4 hPa 1.036E-03 g/cm³ 000 chk  8723
06/01/2020 11:47:00  21.53 °C  54.17 %  881.3 hPa 1.036E-03 g/cm³ 000 chk 22113
06/01/2020 11:48:00  21.52 °C  54.70 %  881.3 hPa 1.035E-03 g/cm³ 000 chk  1368
06/01/2020 11:49:00  21.52 °C  54.76 %  881.3 hPa 1.035E-03 g/cm³ 000 chk 16892
06/01/2020 11:50:00  21.52 °C  55.13 %  881.4 hPa 1.036E-03 g/cm³ 000 chk 25540
06/01/2020 11:51:00  21.52 °C  55.42 %  881.4 hPa 1.036E-03 g/cm³ 000 chk  9464
06/01/2020 11:52:00  21.52 °C  55.47 %  881.4 hPa 1.036E-03 g/cm³ 000 chk   535
06/01/2020 11:53:00  21.52 °C  55.73 %  881.2 hPa 1.035E-03 g/cm³ 000 chk 19064
06/01/2020 11:54:00  21.52 °C  55.43 %  881.3 hPa 1.035E-03 g/cm³ 000 chk  9762
06/01/2020 11:55:00  21.52 °C  55.23 %  881.1 hPa 1.035E-03 g/cm³ 000 chk 16067
06/01/2020 11:56:00  21.53 °C  55.02 %  881.2 hPa 1.035E-03 g/cm³ 000 chk 30281
06/01/2020 11:57:00  21.51 °C  54.35 %  881.2 hPa 1.035E-03 g/cm³ 000 chk 11268
06/01/2020 11:58:00  21.50 °C  54.12 %  881.4 hPa 1.036E-03 g/cm³ 000 chk 10358
06/01/2020 11:59:00  21.50 °C  54.01 %  881.4 hPa 1.036E-03 g/cm³ 000 chk 13822
06/01/2020 12:00:00  21.50 °C  54.22 %  881.2 hPa 1.036E-03 g/cm³ 000 chk 64147
06/01/2020 12:01:00  21.49 °C  54.00 %  881.3 hPa 1.036E-03 g/cm³ 000 chk 64615
06/01/2020 12:02:00  21.48 °C  54.10 %  881.4 hPa 1.036E-03 g/cm³ 000 chk 31950
06/01/2020 12:03:00  21.47 °C  54.13 %  881.1 hPa 1.036E-03 g/cm³ 000 chk 34337
06/01/2020 12:04:00  21.46 °C  54.29 %  881.1 hPa 1.036E-03 g/cm³ 000 chk 61676
06/01/2020 12:05:00  21.45 °C  54.63 %  881.1 hPa 1.036E-03 g/cm³ 000 chk  6845
06/01/2020 12:06:00  21.44 °C  54.84 %  881.1 hPa 1.036E-03 g/cm³ 000 chk 62996
06/01/2020 12:07:00  21.44 °C  55.14 %  881.1 hPa 1.035E-03 g/cm³ 000 chk 52394
06/01/2020 12:08:00  21.44 °C  55.32 %  881.0 hPa 1.035E-03 g/cm³ 000 chk 56304
06/01/2020 12:09:00  21.44 °C  55.63 %  881.0 hPa 1.035E-03 g/cm³ 000 chk 40140
06/01/2020 12:10:00  21.44 °C  55.78 %  881.0 hPa 1.035E-03 g/cm³ 000 chk 34753
06/01/2020 12:11:00  21.44 °C  56.17 %  881.1 hPa 1.035E-03 g/cm³ 000 chk 53243
06/01/2020 12:12:00  21.45 °C  56.19 %  881.0 hPa 1.035E-03 g/cm³ 000 chk  7810
06/01/2020 12:13:00  21.45 °C  56.13 %  881.1 hPa 1.035E-03 g/cm³ 000 chk 16241
06/01/2020 12:14:00  21.46 °C  55.80 %  881.0 hPa 1.035E-03 g/cm³ 000 chk 10109
06/01/2020 12:15:00  21.46 °C  55.47 %  880.9 hPa 1.035E-03 g/cm³ 000 chk 48644
06/01/2020 12:16:00  21.46 °C  54.80 %  880.9 hPa 1.035E-03 g/cm³ 000 chk 37674
06/01/2020 12:17:00  21.45 °C  54.45 %  880.9 hPa 1.035E-03 g/cm³ 000 chk 21265
06/01/2020 12:18:00  21.45 °C  54.16 %  880.8 hPa 1.035E-03 g/cm³ 000 chk  7561
06/01/2020 12:19:00  21.44 °C  54.10 %  880.8 hPa 1.035E-03 g/cm³ 000 chk 51437
06/01/2020 12:20:00  21.42 °C  54.04 %  880.9 hPa 1.035E-03 g/cm³ 000 chk 21095
06/01/2020 12:21:00  21.42 °C  53.83 %  880.8 hPa 1.035E-03 g/cm³ 000 chk 62382
06/01/2020 12:22:00  21.40 °C  53.94 %  880.7 hPa 1.035E-03 g/cm³ 000 chk 51439
06/01/2020 12:23:00  21.39 °C  53.89 %  880.7 hPa 1.035E-03 g/cm³ 000 chk 32606
06/01/2020 12:24:00  21.40 °C  54.25 %  880.7 hPa 1.035E-03 g/cm³ 000 chk 60284
06/01/2020 12:25:00  21.38 °C  54.50 %  880.7 hPa 1.035E-03 g/cm³ 000 chk  9697
06/01/2020 12:26:00  21.38 °C  54.81 %  880.8 hPa 1.035E-03 g/cm³ 000 chk 37631
06/01/2020 12:27:00  21.38 °C  55.00 %  880.8 hPa 1.035E-03 g/cm³ 000 chk 33839
06/01/2020 12:28:00  21.37 °C  55.14 %  880.7 hPa 1.035E-03 g/cm³ 000 chk 12061
06/01/2020 12:29:00  21.37 °C  55.34 %  880.6 hPa 1.035E-03 g/cm³ 000 chk 48310
06/01/2020 12:30:00  21.37 °C  55.53 %  880.6 hPa 1.035E-03 g/cm³ 000 chk 64378
06/01/2020 12:31:00  21.37 °C  55.76 %  880.7 hPa 1.035E-03 g/cm³ 000 chk 61905
06/01/2020 12:32:00  21.38 °C  55.88 %  880.6 hPa 1.035E-03 g/cm³ 000 chk 19337
06/01/2020 12:33:00  21.38 °C  55.65 %  880.6 hPa 1.035E-03 g/cm³ 000 chk 20904
06/01/2020 12:34:00  21.38 °C  55.34 %  880.7 hPa 1.035E-03 g/cm³ 000 chk 53277
06/01/2020 12:35:00  21.37 °C  54.80 %  880.6 hPa 1.035E-03 g/cm³ 000 chk 23972
06/01/2020 12:36:00  21.37 °C  54.49 %  880.7 hPa 1.035E-03 g/cm³ 000 chk  8128
06/01/2020 12:37:00  21.37 °C  54.14 %  880.7 hPa 1.035E-03 g/cm³ 000 chk 50431
06/01/2020 12:38:00  21.35 °C  53.84 %  880.6 hPa 1.035E-03 g/cm³ 000 chk 44905
06/01/2020 12:39:00  21.35 °C  53.80 %  880.6 hPa 1.035E-03 g/cm³ 000 chk 29132
06/01/2020 12:40:00  21.33 °C  53.64 %  880.5 hPa 1.035E-03 g/cm³ 000 chk 14060
06/01/2020 12:41:00  21.32 °C  53.79 %  880.5 hPa 1.035E-03 g/cm³ 000 chk 48294
06/01/2020 12:42:00  21.32 °C  54.16 %  880.5 hPa 1.035E-03 g/cm³ 000 chk 55541
06/01/2020 12:43:00  21.32 °C  54.19 %  880.5 hPa 1.035E-03 g/cm³ 000 chk 39250
06/01/2020 12:44:00  21.32 °C  54.58 %  880.4 hPa 1.035E-03 g/cm³ 000 chk 55499
06/01/2020 12:45:00  21.32 °C  55.10 %  880.4 hPa 1.035E-03 g/cm³ 000 chk 51908
06/01/2020 12:46:00  21.32 °C  55.54 %  880.5 hPa 1.035E-03 g/cm³ 000 chk 14539
06/01/2020 12:47:00  21.32 °C  55.82 %  880.4 hPa 1.035E-03 g/cm³ 000 chk 17611
06/01/2020 12:48:00  21.33 °C  55.98 %  880.4 hPa 1.035E-03 g/cm³ 000 chk 42865
06/01/2020 12:49:00  21.34 °C  56.21 %  880.4 hPa 1.035E-03 g/cm³ 000 chk  3242
06/01/2020 12:50:00  21.36 °C  56.30 %  880.6 hPa 1.035E-03 g/cm³ 000 chk 46220
06/01/2020 12:51:00  21.36 °C  55.96 %  880.5 hPa 1.035E-03 g/cm³ 000 chk 19138
06/01/2020 12:52:00  21.35 °C  55.97 %  880.4 hPa 1.035E-03 g/cm³ 000 chk  4923
06/01/2020 12:53:00  21.36 °C  55.67 %  880.3 hPa 1.035E-03 g/cm³ 000 chk  9437
06/01/2020 12:54:00  21.36 °C  54.97 %  880.3 hPa 1.035E-03 g/cm³ 000 chk  8211
06/01/2020 12:55:00  21.35 °C  54.60 %  880.3 hPa 1.035E-03 g/cm³ 000 chk 31326
06/01/2020 12:56:00  21.35 °C  54.27 %  880.2 hPa 1.035E-03 g/cm³ 000 chk 65361
06/01/2020 12:57:00  21.34 °C  54.26 %  880.3 hPa 1.035E-03 g/cm³ 000 chk 53344
06/01/2020 12:58:00  21.33 °C  54.37 %  880.4 hPa 1.035E-03 g/cm³ 000 chk 26359
06/01/2020 12:59:00  21.33 °C  54.39 %  880.1 hPa 1.035E-03 g/cm³ 000 chk  5712
06/01/2020 13:00:00  21.31 °C  54.44 %  880.1 hPa 1.035E-03 g/cm³ 000 chk 44453
06/01/2020 13:01:00  21.31 °C  54.77 %  880.1 hPa 1.035E-03 g/cm³ 000 chk 28790
06/01/2020 13:02:00  21.31 °C  54.93 %  880.2 hPa 1.035E-03 g/cm³ 000 chk 12768
06/01/2020 13:03:00  21.31 °C  55.19 %  880.2 hPa 1.035E-03 g/cm³ 000 chk 47154
06/01/2020 13:04:00  21.30 °C  55.27 %  880.1 hPa 1.035E-03 g/cm³ 000 chk 61697
06/01/2020 13:05:00  21.30 °C  55.45 %  880.1 hPa 1.035E-03 g/cm³ 000 chk 49482
06/01/2020 13:06:00  21.31 °C  55.58 %  880.2 hPa 1.035E-03 g/cm³ 000 chk  5556
06/01/2020 13:07:00  21.31 °C  55.98 %  880.2 hPa 1.035E-03 g/cm³ 000 chk 48844
06/01/2020 13:08:00  21.31 °C  56.14 %  880.2 hPa 1.035E-03 g/cm³ 000 chk 54228
06/01/2020 13:09:00  21.33 °C  56.29 %  880.1 hPa 1.035E-03 g/cm³ 000 chk  8313
06/01/2020 13:10:00  21.33 °C  56.43 %  880.1 hPa 1.035E-03 g/cm³ 000 chk  5815
06/01/2020 13:11:00  21.33 °C  56.28 %  880.1 hPa 1.035E-03 g/cm³ 000 chk  9215
06/01/2020 13:12:00  21.34 °C  56.00 %  880.1 hPa 1.035E-03 g/cm³ 000 chk 33036
06/01/2020 13:13:00  21.33 °C  55.73 %  880.0 hPa 1.035E-03 g/cm³ 000 chk 41052
06/01/2020 13:14:00  21.32 °C  55.32 %  880.0 hPa 1.035E-03 g/cm³ 000 chk 35153
06/01/2020 13:15:00  21.32 °C  54.66 %  880.0 hPa 1.035E-03 g/cm³ 000 chk 51057
06/01/2020 13:16:00  21.31 °C  54.56 %  880.0 hPa 1.035E-03 g/cm³ 000 chk 35498
06/01/2020 13:17:00  21.30 °C  54.57 %  879.9 hPa 1.035E-03 g/cm³ 000 chk 14891
06/01/2020 13:18:00  21.29 °C  54.61 %  880.0 hPa 1.035E-03 g/cm³ 000 chk 32179
06/01/2020 13:19:00  21.28 °C  54.60 %  879.9 hPa 1.035E-03 g/cm³ 000 chk 52530
06/01/2020 13:20:00  21.28 °C  54.70 %  879.9 hPa 1.035E-03 g/cm³ 000 chk 32360
06/01/2020 13:21:00  21.27 °C  54.91 %  879.9 hPa 1.035E-03 g/cm³ 000 chk   768
06/01/2020 13:22:00  21.26 °C  55.14 %  879.8 hPa 1.035E-03 g/cm³ 000 chk  7182
06/01/2020 13:23:00  21.26 °C  55.22 %  879.7 hPa 1.035E-03 g/cm³ 000 chk 31965
06/01/2020 13:24:00  21.26 °C  55.54 %  879.7 hPa 1.035E-03 g/cm³ 000 chk 51046
06/01/2020 13:25:00  21.26 °C  55.84 %  879.7 hPa 1.035E-03 g/cm³ 000 chk 44082
06/01/2020 13:26:00  21.27 °C  55.99 %  879.7 hPa 1.034E-03 g/cm³ 000 chk 13298
06/01/2020 13:27:00  21.27 °C  56.01 %  879.5 hPa 1.034E-03 g/cm³ 000 chk 12957
06/01/2020 13:28:00  21.27 °C  56.16 %  879.6 hPa 1.034E-03 g/cm³ 000 chk 31258
06/01/2020 13:29:00  21.27 °C  56.31 %  879.6 hPa 1.034E-03 g/cm³ 000 chk  5092
06/01/2020 13:30:00  21.27 °C  55.97 %  879.6 hPa 1.034E-03 g/cm³ 000 chk 18642
06/01/2020 13:31:00  21.27 °C  55.77 %  879.5 hPa 1.034E-03 g/cm³ 000 chk 26638
06/01/2020 13:32:00  21.27 °C  55.30 %  879.5 hPa 1.034E-03 g/cm³ 000 chk  5205
06/01/2020 13:33:00  21.26 °C  54.78 %  879.5 hPa 1.034E-03 g/cm³ 000 chk 38810
06/01/2020 13:34:00  21.25 °C  54.58 %  879.5 hPa 1.034E-03 g/cm³ 000 chk 12539
06/01/2020 13:35:00  21.24 °C  54.35 %  879.5 hPa 1.035E-03 g/cm³ 000 chk 31410
06/01/2020 13:36:00  21.23 °C  54.39 %  879.5 hPa 1.035E-03 g/cm³ 000 chk 27675
06/01/2020 13:37:00  21.22 °C  54.52 %  879.5 hPa 1.035E-03 g/cm³ 000 chk 51347
06/01/2020 13:38:00  21.22 °C  54.54 %  879.5 hPa 1.035E-03 g/cm³ 000 chk 59078
06/01/2020 13:39:00  21.21 °C  54.65 %  879.5 hPa 1.035E-03 g/cm³ 000 chk 21335
06/01/2020 13:40:00  21.21 °C  54.85 %  879.4 hPa 1.034E-03 g/cm³ 000 chk 30361
06/01/2020 13:41:00  21.22 °C  55.06 %  879.4 hPa 1.034E-03 g/cm³ 000 chk  2059
06/01/2020 13:42:00  21.22 °C  55.26 %  879.4 hPa 1.034E-03 g/cm³ 000 chk 30655
06/01/2020 13:43:00  21.22 °C  55.46 %  879.5 hPa 1.034E-03 g/cm³ 000 chk  9377
06/01/2020 13:44:00  21.21 °C  55.74 %  879.5 hPa 1.034E-03 g/cm³ 000 chk 55789
06/01/2020 13:45:00  21.21 °C  55.88 %  879.5 hPa 1.034E-03 g/cm³ 000 chk 61153
06/01/2020 13:46:00  21.21 °C  55.99 %  879.4 hPa 1.034E-03 g/cm³ 000 chk 34167
06/01/2020 13:47:00  21.21 °C  56.25 %  879.5 hPa 1.034E-03 g/cm³ 000 chk 31677
06/01/2020 13:48:00  21.22 °C  56.35 %  879.4 hPa 1.034E-03 g/cm³ 000 chk 28883
06/01/2020 13:49:00  21.23 °C  56.53 %  879.6 hPa 1.034E-03 g/cm³ 000 chk  6130
06/01/2020 13:50:00  21.24 °C  56.56 %  879.6 hPa 1.034E-03 g/cm³ 000 chk 65428
06/01/2020 13:51:00  21.27 °C  56.55 %  879.6 hPa 1.034E-03 g/cm³ 000 chk 53363
06/01/2020 13:52:00  21.30 °C  56.59 %  879.5 hPa 1.034E-03 g/cm³ 000 chk 56756
06/01/2020 13:53:00  21.33 °C  56.49 %  879.7 hPa 1.034E-03 g/cm³ 000 chk 63444
06/01/2020 13:54:00  21.37 °C  56.55 %  879.7 hPa 1.034E-03 g/cm³ 000 chk 63876
06/01/2020 13:55:00  21.41 °C  56.44 %  879.5 hPa 1.034E-03 g/cm³ 000 chk 39895
06/01/2020 13:56:00  21.45 °C  56.33 %  879.5 hPa 1.033E-03 g/cm³ 000 chk  8890
06/01/2020 13:57:00  21.48 °C  56.25 %  879.6 hPa 1.033E-03 g/cm³ 000 chk 29956
06/01/2020 13:58:00  21.52 °C  56.17 %  879.6 hPa 1.033E-03 g/cm³ 000 chk 53818
06/01/2020 13:59:00  21.56 °C  56.16 %  879.6 hPa 1.033E-03 g/cm³ 000 chk 21145
06/01/2020 14:00:00  21.59 °C  56.03 %  879.7 hPa 1.033E-03 g/cm³ 000 chk 43676
06/01/2020 14:01:00  21.63 °C  55.97 %  879.6 hPa 1.033E-03 g/cm³ 000 chk  8240
06/01/2020 14:02:00  21.66 °C  55.94 %  879.6 hPa 1.033E-03 g/cm³ 000 chk 48665
06/01/2020 14:03:00  21.69 °C  56.15 %  879.5 hPa 1.032E-03 g/cm³ 000 chk 30854
06/01/2020 14:04:00  21.72 °C  56.12 %  879.5 hPa 1.032E-03 g/cm³ 000 chk 33315
06/01/2020 14:05:00  21.75 °C  56.11 %  879.5 hPa 1.032E-03 g/cm³ 000 chk 27330
06/01/2020 14:06:00  21.78 °C  56.07 %  879.5 hPa 1.032E-03 g/cm³ 000 chk 25544
06/01/2020 14:07:00  21.81 °C  55.97 %  879.5 hPa 1.032E-03 g/cm³ 000 chk 37051
06/01/2020 14:08:00  21.83 °C  56.02 %  879.5 hPa 1.032E-03 g/cm³ 000 chk 23311
06/01/2020 14:09:00  21.86 °C  56.00 %  879.5 hPa 1.032E-03 g/cm³ 000 chk 15724
06/01/2020 14:10:00  21.88 °C  56.06 %  879.5 hPa 1.032E-03 g/cm³ 000 chk 64965
06/01/2020 14:11:00  21.91 °C  55.96 %  879.6 hPa 1.032E-03 g/cm³ 000 chk 58018
06/01/2020 14:12:00  21.93 °C  56.03 %  879.7 hPa 1.032E-03 g/cm³ 000 chk 45048
06/01/2020 14:13:00  21.95 °C  56.02 %  879.6 hPa 1.032E-03 g/cm³ 000 chk 46476
06/01/2020 14:14:00  21.98 °C  56.00 %  879.6 hPa 1.031E-03 g/cm³ 000 chk  9086
06/01/2020 14:15:00  21.99 °C  56.00 %  879.6 hPa 1.031E-03 g/cm³ 000 chk  6170
06/01/2020 14:16:00  22.01 °C  55.94 %  879.7 hPa 1.031E-03 g/cm³ 000 chk 62822
06/01/2020 14:17:00  22.03 °C  56.06 %  879.6 hPa 1.031E-03 g/cm³ 000 chk 44662
06/01/2020 14:18:00  22.05 °C  56.04 %  879.7 hPa 1.031E-03 g/cm³ 000 chk 43507
06/01/2020 14:19:00  22.07 °C  56.02 %  879.6 hPa 1.031E-03 g/cm³ 000 chk 30592
06/01/2020 14:20:00  22.09 °C  55.98 %  879.6 hPa 1.031E-03 g/cm³ 000 chk 60701
06/01/2020 14:21:00  22.11 °C  55.96 %  879.6 hPa 1.031E-03 g/cm³ 000 chk 57125
06/01/2020 14:22:00  22.13 °C  56.05 %  879.6 hPa 1.031E-03 g/cm³ 000 chk 34091
06/01/2020 14:23:00  22.14 °C  56.06 %  879.6 hPa 1.031E-03 g/cm³ 000 chk 28106
06/01/2020 14:24:00  22.16 °C  56.07 %  879.5 hPa 1.031E-03 g/cm³ 000 chk 15822
06/01/2020 14:25:00  22.18 °C  56.16 %  879.5 hPa 1.031E-03 g/cm³ 000 chk 53453
06/01/2020 14:26:00  22.19 °C  56.18 %  879.6 hPa 1.031E-03 g/cm³ 000 chk 45855
06/01/2020 14:27:00  22.21 °C  56.07 %  879.7 hPa 1.031E-03 g/cm³ 000 chk 62588
06/01/2020 14:28:00  22.22 °C  56.16 %  879.6 hPa 1.030E-03 g/cm³ 000 chk  4818
06/01/2020 14:29:00  22.24 °C  56.11 %  879.5 hPa 1.030E-03 g/cm³ 000 chk 21517
06/01/2020 14:30:00  22.25 °C  56.18 %  879.6 hPa 1.030E-03 g/cm³ 000 chk 53010
06/01/2020 14:31:00  22.27 °C  56.13 %  879.6 hPa 1.030E-03 g/cm³ 000 chk 39223
06/01/2020 14:32:00  22.28 °C  56.10 %  879.6 hPa 1.030E-03 g/cm³ 000 chk 43666
06/01/2020 14:33:00  22.30 °C  56.15 %  879.7 hPa 1.030E-03 g/cm³ 000 chk 65276
06/01/2020 14:34:00  22.31 °C  56.19 %  879.7 hPa 1.030E-03 g/cm³ 000 chk 26182
06/01/2020 14:35:00  22.32 °C  56.20 %  879.7 hPa 1.030E-03 g/cm³ 000 chk 15317
06/01/2020 14:36:00  22.34 °C  56.25 %  879.7 hPa 1.030E-03 g/cm³ 000 chk 47551
06/01/2020 14:37:00  22.35 °C  56.26 %  879.7 hPa 1.030E-03 g/cm³ 000 chk 62939
06/01/2020 14:38:00  22.36 °C  56.26 %  879.6 hPa 1.030E-03 g/cm³ 000 chk 16025
06/01/2020 14:39:00  22.37 °C  56.30 %  879.6 hPa 1.030E-03 g/cm³ 000 chk 11217
06/01/2020 14:40:00  22.38 °C  56.27 %  879.7 hPa 1.030E-03 g/cm³ 000 chk 63294
06/01/2020 14:41:00  22.40 °C  56.30 %  879.6 hPa 1.030E-03 g/cm³ 000 chk 23064
06/01/2020 14:42:00  22.40 °C  56.30 %  879.7 hPa 1.030E-03 g/cm³ 000 chk  7331
06/01/2020 14:43:00  22.41 °C  56.24 %  879.7 hPa 1.030E-03 g/cm³ 000 chk 37866
06/01/2020 14:44:00  22.43 °C  56.32 %  879.7 hPa 1.030E-03 g/cm³ 000 chk 19260
06/01/2020 14:45:00  22.44 °C  56.38 %  879.7 hPa 1.030E-03 g/cm³ 000 chk 42718
06/01/2020 14:46:00  22.45 °C  56.37 %  879.7 hPa 1.030E-03 g/cm³ 000 chk 25586
06/01/2020 14:47:00  22.46 °C  56.36 %  879.6 hPa 1.030E-03 g/cm³ 000 chk 12096
06/01/2020 14:48:00  22.47 °C  56.36 %  879.6 hPa 1.030E-03 g/cm³ 000 chk 32469
06/01/2020 14:49:00  22.48 °C  56.48 %  879.7 hPa 1.030E-03 g/cm³ 000 chk  4271
06/01/2020 14:50:00  22.50 °C  57.31 %  879.8 hPa 1.030E-03 g/cm³ 000 chk 48079
06/01/2020 14:51:00  22.51 °C  57.61 %  879.7 hPa 1.029E-03 g/cm³ 000 chk 12858
06/01/2020 14:52:00  22.53 °C  58.17 %  879.7 hPa 1.029E-03 g/cm³ 000 chk 12330
06/01/2020 14:53:00  22.55 °C  58.53 %  879.7 hPa 1.029E-03 g/cm³ 000 chk 35519
06/01/2020 14:54:00  22.56 °C  58.60 %  879.8 hPa 1.029E-03 g/cm³ 000 chk 48882
06/01/2020 14:55:00  22.57 °C  58.61 %  879.7 hPa 1.029E-03 g/cm³ 000 chk 19607
06/01/2020 14:56:00  22.58 °C  58.53 %  879.6 hPa 1.029E-03 g/cm³ 000 chk 27408
06/01/2020 14:57:00  22.59 °C  58.51 %  879.6 hPa 1.029E-03 g/cm³ 000 chk 51829
06/01/2020 14:58:00  22.60 °C  58.59 %  879.7 hPa 1.029E-03 g/cm³ 000 chk 46346
06/01/2020 14:59:00  22.61 °C  58.58 %  879.7 hPa 1.029E-03 g/cm³ 000 chk 25455
06/01/2020 15:00:00  22.61 °C  58.55 %  879.7 hPa 1.029E-03 g/cm³ 000 chk 31707
06/01/2020 15:01:00  22.62 °C  58.58 %  879.7 hPa 1.029E-03 g/cm³ 000 chk 21054
06/01/2020 15:02:00  22.62 °C  58.62 %  879.7 hPa 1.029E-03 g/cm³ 000 chk 40869
06/01/2020 15:03:00  22.63 °C  58.57 %  879.7 hPa 1.029E-03 g/cm³ 000 chk 15798
06/01/2020 15:04:00  22.63 °C  58.59 %  879.6 hPa 1.029E-03 g/cm³ 000 chk 22425
06/01/2020 15:05:00  22.64 °C  58.59 %  879.7 hPa 1.029E-03 g/cm³ 000 chk 12588
06/01/2020 15:06:00  22.64 °C  58.63 %  879.6 hPa 1.029E-03 g/cm³ 000 chk  1507
06/01/2020 15:07:00  22.64 °C  58.62 %  879.6 hPa 1.029E-03 g/cm³ 000 chk 16966
06/01/2020 15:08:00  22.65 °C  58.62 %  879.6 hPa 1.029E-03 g/cm³ 000 chk  5075
06/01/2020 15:09:00  22.65 °C  58.66 %  879.7 hPa 1.029E-03 g/cm³ 000 chk 13346
06/01/2020 15:10:00  22.65 °C  58.70 %  879.7 hPa 1.029E-03 g/cm³ 000 chk 24109
06/01/2020 15:11:00  22.66 °C  58.69 %  879.7 hPa 1.029E-03 g/cm³ 000 chk 50149
06/01/2020 15:12:00  22.66 °C  58.73 %  879.7 hPa 1.029E-03 g/cm³ 000 chk 52773
06/01/2020 15:13:00  22.66 °C  58.70 %  879.7 hPa 1.029E-03 g/cm³ 000 chk  4993
06/01/2020 15:14:00  22.66 °C  58.67 %  879.5 hPa 1.028E-03 g/cm³ 000 chk 63423
06/01/2020 15:15:00  22.67 °C  58.72 %  879.6 hPa 1.028E-03 g/cm³ 000 chk 56840
06/01/2020 15:16:00  22.67 °C  58.74 %  879.7 hPa 1.029E-03 g/cm³ 000 chk 30322
06/01/2020 15:17:00  22.67 °C  58.78 %  879.7 hPa 1.029E-03 g/cm³ 000 chk 16597
06/01/2020 15:18:00  22.67 °C  58.77 %  879.6 hPa 1.028E-03 g/cm³ 000 chk 37398
06/01/2020 15:19:00  22.67 °C  58.78 %  879.7 hPa 1.029E-03 g/cm³ 000 chk 10788
06/01/2020 15:20:00  22.68 °C  58.78 %  879.7 hPa 1.028E-03 g/cm³ 000 chk 41689
06/01/2020 15:21:00  22.68 °C  58.81 %  879.6 hPa 1.028E-03 g/cm³ 000 chk 62849
06/01/2020 15:22:00  22.68 °C  58.80 %  879.5 hPa 1.028E-03 g/cm³ 000 chk 60560
06/01/2020 15:23:00  22.68 °C  58.81 %  879.6 hPa 1.028E-03 g/cm³ 000 chk 57546
06/01/2020 15:24:00  22.69 °C  58.84 %  879.7 hPa 1.028E-03 g/cm³ 000 chk 33831
06/01/2020 15:25:00  22.69 °C  58.84 %  879.6 hPa 1.028E-03 g/cm³ 000 chk 55255
06/01/2020 15:26:00  22.69 °C  58.84 %  879.5 hPa 1.028E-03 g/cm³ 000 chk  9159
06/01/2020 15:27:00  22.69 °C  58.84 %  879.5 hPa 1.028E-03 g/cm³ 000 chk 35171
06/01/2020 15:28:00  22.70 °C  58.87 %  879.5 hPa 1.028E-03 g/cm³ 000 chk 12648
06/01/2020 15:29:00  22.70 °C  58.88 %  879.6 hPa 1.028E-03 g/cm³ 000 chk 15152
06/01/2020 15:30:00  22.70 °C  58.90 %  879.8 hPa 1.029E-03 g/cm³ 000 chk 35496
06/01/2020 15:31:00  22.70 °C  58.92 %  879.9 hPa 1.029E-03 g/cm³ 000 chk 17241
06/01/2020 15:32:00  22.71 °C  58.91 %  879.8 hPa 1.029E-03 g/cm³ 000 chk 58146
06/01/2020 15:33:00  22.71 °C  58.90 %  879.7 hPa 1.028E-03 g/cm³ 000 chk 32838
06/01/2020 15:34:00  22.71 °C  58.93 %  879.8 hPa 1.029E-03 g/cm³ 000 chk 18174
06/01/2020 15:35:00  22.71 °C  58.96 %  879.8 hPa 1.029E-03 g/cm³ 000 chk 30042
06/01/2020 15:36:00  22.72 °C  58.95 %  879.7 hPa 1.028E-03 g/cm³ 000 chk 27447
06/01/2020 15:37:00  22.72 °C  58.97 %  879.6 hPa 1.028E-03 g/cm³ 000 chk 41670
06/01/2020 15:38:00  22.72 °C  58.97 %  879.6 hPa 1.028E-03 g/cm³ 000 chk 25235
06/01/2020 15:39:00  22.72 °C  58.98 %  879.7 hPa 1.028E-03 g/cm³ 000 chk 55904
06/01/2020 15:40:00  22.73 °C  59.00 %  879.7 hPa 1.028E-03 g/cm³ 000 chk 12071
06/01/2020 15:41:00  22.73 °C  59.03 %  879.7 hPa 1.028E-03 g/cm³ 000 chk 62083
06/01/2020 15:42:00  22.73 °C  59.03 %  879.7 hPa 1.028E-03 g/cm³ 000 chk 19820
06/01/2020 15:43:00  22.73 °C  59.05 %  879.7 hPa 1.028E-03 g/cm³ 000 chk  2504
06/01/2020 15:44:00  22.74 °C  59.08 %  879.8 hPa 1.029E-03 g/cm³ 000 chk 64567
06/01/2020 15:45:00  22.74 °C  59.08 %  879.8 hPa 1.028E-03 g/cm³ 000 chk 22098
06/01/2020 15:46:00  22.74 °C  59.11 %  879.8 hPa 1.028E-03 g/cm³ 000 chk 11410
06/01/2020 15:47:00  22.74 °C  59.13 %  879.9 hPa 1.029E-03 g/cm³ 000 chk 58786
06/01/2020 15:48:00  22.75 °C  59.15 %  880.0 hPa 1.029E-03 g/cm³ 000 chk 15571
06/01/2020 15:49:00  22.75 °C  59.15 %  879.9 hPa 1.028E-03 g/cm³ 000 chk 61522
06/01/2020 15:50:00  22.75 °C  59.16 %  879.9 hPa 1.028E-03 g/cm³ 000 chk 50033
06/01/2020 15:51:00  22.76 °C  59.17 %  879.9 hPa 1.028E-03 g/cm³ 000 chk 30359
06/01/2020 15:52:00  22.76 °C  59.20 %  879.9 hPa 1.028E-03 g/cm³ 000 chk 51726
06/01/2020 15:53:00  22.76 °C  59.20 %  879.9 hPa 1.028E-03 g/cm³ 000 chk 24746
06/01/2020 15:54:00  22.76 °C  59.24 %  879.9 hPa 1.029E-03 g/cm³ 000 chk 33043
06/01/2020 15:55:00  22.77 °C  59.24 %  880.0 hPa 1.029E-03 g/cm³ 000 chk 56467
06/01/2020 15:56:00  22.77 °C  59.27 %  880.0 hPa 1.028E-03 g/cm³ 000 chk  5309
06/01/2020 15:57:00  22.77 °C  59.26 %  879.9 hPa 1.028E-03 g/cm³ 000 chk 13820
06/01/2020 15:58:00  22.78 °C  59.27 %  879.9 hPa 1.028E-03 g/cm³ 000 chk 58338
06/01/2020 15:59:00  22.78 °C  59.28 %  880.0 hPa 1.028E-03 g/cm³ 000 chk 50337
06/01/2020 16:00:00  22.78 °C  59.29 %  880.0 hPa 1.028E-03 g/cm³ 000 chk 50792
06/01/2020 16:01:00  22.79 °C  59.32 %  880.0 hPa 1.028E-03 g/cm³ 000 chk 41506
06/01/2020 16:02:00  22.79 °C  59.31 %  880.0 hPa 1.028E-03 g/cm³ 000 chk 27341
06/01/2020 16:03:00  22.79 °C  59.32 %  880.0 hPa 1.028E-03 g/cm³ 000 chk 46953
06/01/2020 16:04:00  22.79 °C  59.34 %  880.1 hPa 1.029E-03 g/cm³ 000 chk 13701
06/01/2020 16:05:00  22.80 °C  59.34 %  880.0 hPa 1.028E-03 g/cm³ 000 chk 52737
06/01/2020 16:06:00  22.80 °C  59.37 %  880.1 hPa 1.028E-03 g/cm³ 000 chk 65466
06/01/2020 16:07:00  22.80 °C  59.34 %  880.2 hPa 1.029E-03 g/cm³ 000 chk 26912
06/01/2020 16:08:00  22.80 °C  59.38 %  880.1 hPa 1.028E-03 g/cm³ 000 chk 32328
06/01/2020 16:09:00  22.81 °C  59.36 %  880.1 hPa 1.028E-03 g/cm³ 000 chk 17198
06/01/2020 16:10:00  22.81 °C  59.36 %  880.1 hPa 1.028E-03 g/cm³ 000 chk  1805
06/01/2020 16:11:00  22.81 °C  59.38 %  880.1 hPa 1.028E-03 g/cm³ 000 chk 43947
06/01/2020 16:12:00  22.81 °C  59.40 %  880.2 hPa 1.029E-03 g/cm³ 000 chk 30650
06/01/2020 16:13:00  22.82 °C  59.41 %  880.2 hPa 1.029E-03 g/cm³ 000 chk 49756
06/01/2020 16:14:00  22.82 °C  59.40 %  880.2 hPa 1.029E-03 g/cm³ 000 chk 47652
06/01/2020 16:15:00  22.82 °C  59.40 %  880.3 hPa 1.029E-03 g/cm³ 000 chk 59860
06/01/2020 16:16:00  22.82 °C  59.42 %  880.2 hPa 1.029E-03 g/cm³ 000 chk 13678
06/01/2020 16:17:00  22.83 °C  59.42 %  880.2 hPa 1.028E-03 g/cm³ 000 chk  3787
06/01/2020 16:18:00  22.83 °C  59.44 %  880.1 hPa 1.028E-03 g/cm³ 000 chk 27489
06/01/2020 16:19:00  22.84 °C  59.58 %  880.3 hPa 1.028E-03 g/cm³ 000 chk  6660
06/01/2020 16:20:00  22.84 °C  59.58 %  880.3 hPa 1.028E-03 g/cm³ 000 chk 26994
06/01/2020 16:21:00  22.84 °C  59.65 %  880.3 hPa 1.028E-03 g/cm³ 000 chk 45731
06/01/2020 16:22:00  22.85 °C  59.64 %  880.3 hPa 1.028E-03 g/cm³ 000 chk 29069
06/01/2020 16:23:00  22.85 °C  59.67 %  880.3 hPa 1.028E-03 g/cm³ 000 chk 44073
06/01/2020 16:24:00  22.85 °C  59.65 %  880.2 hPa 1.028E-03 g/cm³ 000 chk 23045
06/01/2020 16:25:00  22.85 °C  59.67 %  880.2 hPa 1.028E-03 g/cm³ 000 chk 27296
06/01/2020 16:26:00  22.86 °C  59.68 %  880.4 hPa 1.028E-03 g/cm³ 000 chk 23537
06/01/2020 16:27:00  22.86 °C  59.67 %  880.3 hPa 1.028E-03 g/cm³ 000 chk 29948
06/01/2020 16:28:00  22.86 °C  59.70 %  880.4 hPa 1.028E-03 g/cm³ 000 chk  6446
06/01/2020 16:29:00  22.87 °C  59.70 %  880.4 hPa 1.028E-03 g/cm³ 000 chk  8778
06/01/2020 16:30:00  22.87 °C  59.70 %  880.3 hPa 1.028E-03 g/cm³ 000 chk  2243
06/01/2020 16:31:00  22.87 °C  59.70 %  880.5 hPa 1.029E-03 g/cm³ 000 chk 13656
06/01/2020 16:32:00  22.88 °C  59.70 %  880.4 hPa 1.028E-03 g/cm³ 000 chk 34920
06/01/2020 16:33:00  22.88 °C  59.71 %  880.4 hPa 1.028E-03 g/cm³ 000 chk 53197
06/01/2020 16:34:00  22.88 °C  59.71 %  880.4 hPa 1.028E-03 g/cm³ 000 chk 23220
06/01/2020 16:35:00  22.88 °C  59.72 %  880.4 hPa 1.028E-03 g/cm³ 000 chk 34576
06/01/2020 16:36:00  22.89 °C  59.74 %  880.5 hPa 1.028E-03 g/cm³ 000 chk 48747
06/01/2020 16:37:00  22.89 °C  59.76 %  880.5 hPa 1.028E-03 g/cm³ 000 chk 36558
06/01/2020 16:38:00  22.89 °C  59.77 %  880.5 hPa 1.028E-03 g/cm³ 000 chk 41882
06/01/2020 16:39:00  22.89 °C  59.75 %  880.5 hPa 1.028E-03 g/cm³ 000 chk 37695
06/01/2020 16:40:00  22.90 °C  59.76 %  880.5 hPa 1.028E-03 g/cm³ 000 chk 63165
06/01/2020 16:41:00  22.90 °C  59.78 %  880.4 hPa 1.028E-03 g/cm³ 000 chk 41807
06/01/2020 16:42:00  22.90 °C  59.77 %  880.4 hPa 1.028E-03 g/cm³ 000 chk 63395
06/01/2020 16:43:00  22.90 °C  59.77 %  880.4 hPa 1.028E-03 g/cm³ 000 chk 23815
06/01/2020 16:44:00  22.91 °C  59.76 %  880.4 hPa 1.028E-03 g/cm³ 000 chk 46271
06/01/2020 16:45:00  22.91 °C  59.79 %  880.4 hPa 1.028E-03 g/cm³ 000 chk 62744
06/01/2020 16:46:00  22.91 °C  59.77 %  880.5 hPa 1.028E-03 g/cm³ 000 chk 46497
06/01/2020 16:47:00  22.91 °C  59.78 %  880.6 hPa 1.029E-03 g/cm³ 000 chk 48952
06/01/2020 16:48:00  22.91 °C  59.81 %  880.6 hPa 1.029E-03 g/cm³ 000 chk 31685
06/01/2020 16:49:00  22.91 °C  59.81 %  880.5 hPa 1.028E-03 g/cm³ 000 chk 39519
06/01/2020 16:50:00  22.92 °C  59.81 %  880.5 hPa 1.028E-03 g/cm³ 000 chk 11327
06/01/2020 16:51:00  22.92 °C  59.83 %  880.6 hPa 1.028E-03 g/cm³ 000 chk 22373
06/01/2020 16:52:00  22.92 °C  59.84 %  880.6 hPa 1.028E-03 g/cm³ 000 chk 60299
06/01/2020 16:53:00  22.92 °C  59.84 %  880.6 hPa 1.028E-03 g/cm³ 000 chk 16687
06/01/2020 16:54:00  22.92 °C  59.86 %  880.7 hPa 1.029E-03 g/cm³ 000 chk 47042
06/01/2020 16:55:00  22.93 °C  59.84 %  880.6 hPa 1.028E-03 g/cm³ 000 chk 61234
06/01/2020 16:56:00  22.93 °C  59.86 %  880.6 hPa 1.028E-03 g/cm³ 000 chk 51932
06/01/2020 16:57:00  22.93 °C  59.84 %  880.7 hPa 1.029E-03 g/cm³ 000 chk  1004
06/01/2020 16:58:00  22.93 °C  59.86 %  880.7 hPa 1.029E-03 g/cm³ 000 chk 22968
06/01/2020 16:59:00  22.93 °C  59.85 %  880.7 hPa 1.029E-03 g/cm³ 000 chk 33820
06/01/2020 17:00:00  22.94 °C  59.85 %  880.7 hPa 1.029E-03 g/cm³ 000 chk 55535
06/01/2020 17:01:00  22.94 °C  59.86 %  880.7 hPa 1.029E-03 g/cm³ 000 chk  1355
06/01/2020 17:02:00  22.94 °C  59.86 %  880.7 hPa 1.029E-03 g/cm³ 000 chk 47780
06/01/2020 17:03:00  22.94 °C  59.87 %  880.5 hPa 1.028E-03 g/cm³ 000 chk 20331
06/01/2020 17:04:00  22.94 °C  59.85 %  880.6 hPa 1.028E-03 g/cm³ 000 chk  3052
06/01/2020 17:05:00  22.95 °C  59.88 %  880.6 hPa 1.028E-03 g/cm³ 000 chk 16778
06/01/2020 17:06:00  22.95 °C  59.89 %  880.6 hPa 1.028E-03 g/cm³ 000 chk  4964
06/01/2020 17:07:00  22.95 °C  59.88 %  880.6 hPa 1.028E-03 g/cm³ 000 chk 21697
06/01/2020 17:08:00  22.95 °C  59.86 %  880.6 hPa 1.028E-03 g/cm³ 000 chk 37526
06/01/2020 17:09:00  22.96 °C  59.89 %  880.6 hPa 1.028E-03 g/cm³ 000 chk  8562
06/01/2020 17:10:00  22.96 °C  59.88 %  880.6 hPa 1.028E-03 g/cm³ 000 chk 34896
06/01/2020 17:11:00  22.96 °C  59.90 %  880.6 hPa 1.028E-03 g/cm³ 000 chk  2778
06/01/2020 17:12:00  22.96 °C  59.89 %  880.6 hPa 1.028E-03 g/cm³ 000 chk 28698
06/01/2020 17:13:00  22.96 °C  59.90 %  880.6 hPa 1.028E-03 g/cm³ 000 chk  8081
06/01/2020 17:14:00  22.97 °C  59.90 %  880.6 hPa 1.028E-03 g/cm³ 000 chk  6952
06/01/2020 17:15:00  22.97 °C  59.90 %  880.7 hPa 1.028E-03 g/cm³ 000 chk 18648
06/01/2020 17:16:00  22.97 °C  59.90 %  880.7 hPa 1.028E-03 g/cm³ 000 chk 63287
06/01/2020 17:17:00  22.97 °C  59.90 %  880.8 hPa 1.029E-03 g/cm³ 000 chk 31058
06/01/2020 17:18:00  22.98 °C  59.90 %  880.8 hPa 1.028E-03 g/cm³ 000 chk 17036
06/01/2020 17:19:00  22.98 °C  59.94 %  880.7 hPa 1.028E-03 g/cm³ 000 chk 47145
06/01/2020 17:20:00  22.98 °C  59.90 %  880.8 hPa 1.028E-03 g/cm³ 000 chk 39774
06/01/2020 17:21:00  22.98 °C  59.93 %  880.8 hPa 1.028E-03 g/cm³ 000 chk 18170
06/01/2020 17:22:00  22.98 °C  59.94 %  880.8 hPa 1.028E-03 g/cm³ 000 chk 64020
06/01/2020 17:23:00  22.99 °C  59.93 %  880.8 hPa 1.028E-03 g/cm³ 000 chk 49777
06/01/2020 17:24:00  22.99 °C  59.97 %  880.8 hPa 1.028E-03 g/cm³ 000 chk  8969
06/01/2020 17:25:00  22.99 °C  59.97 %  880.9 hPa 1.029E-03 g/cm³ 000 chk 28728
06/01/2020 17:26:00  22.99 °C  59.97 %  880.9 hPa 1.029E-03 g/cm³ 000 chk 53207
06/01/2020 17:27:00  22.99 °C  59.98 %  880.9 hPa 1.029E-03 g/cm³ 000 chk 36464
06/01/2020 17:28:00  22.99 °C  60.00 %  880.9 hPa 1.029E-03 g/cm³ 000 chk 60705
06/01/2020 17:29:00  22.99 °C  60.01 %  881.0 hPa 1.029E-03 g/cm³ 000 chk 39812
06/01/2020 17:30:00  23.00 °C  60.02 %  881.0 hPa 1.029E-03 g/cm³ 000 chk  3866
06/01/2020 17:31:00  23.00 °C  60.02 %  881.0 hPa 1.029E-03 g/cm³ 000 chk 42430
06/01/2020 17:32:00  23.00 °C  60.05 %  881.0 hPa 1.029E-03 g/cm³ 000 chk  6480
06/01/2020 17:33:00  23.00 °C  60.04 %  881.1 hPa 1.029E-03 g/cm³ 000 chk 42913
06/01/2020 17:34:00  23.00 °C  60.02 %  881.0 hPa 1.029E-03 g/cm³ 000 chk  9612
06/01/2020 17:35:00  23.01 °C  60.03 %  881.1 hPa 1.029E-03 g/cm³ 000 chk  2749
06/01/2020 17:36:00  23.01 °C  60.05 %  881.1 hPa 1.029E-03 g/cm³ 000 chk 23378
06/01/2020 17:37:00  23.01 °C  60.04 %  881.1 hPa 1.029E-03 g/cm³ 000 chk  7415
06/01/2020 17:38:00  23.01 °C  60.05 %  881.0 hPa 1.029E-03 g/cm³ 000 chk 51447
06/01/2020 17:39:00  23.01 °C  60.04 %  881.0 hPa 1.029E-03 g/cm³ 000 chk 36690
06/01/2020 17:40:00  23.01 °C  60.05 %  881.1 hPa 1.029E-03 g/cm³ 000 chk 34523
06/01/2020 17:41:00  23.01 °C  60.06 %  881.1 hPa 1.029E-03 g/cm³ 000 chk 23423
06/01/2020 17:42:00  23.01 °C  60.08 %  881.1 hPa 1.029E-03 g/cm³ 000 chk 58002
06/01/2020 17:43:00  23.02 °C  60.09 %  881.1 hPa 1.029E-03 g/cm³ 000 chk 22388
06/01/2020 17:44:00  23.02 °C  60.08 %  881.2 hPa 1.029E-03 g/cm³ 000 chk 25843
06/01/2020 17:45:00  23.02 °C  60.10 %  881.2 hPa 1.029E-03 g/cm³ 000 chk 59001
06/01/2020 17:46:00  23.02 °C  60.08 %  881.2 hPa 1.029E-03 g/cm³ 000 chk 29112
06/01/2020 17:47:00  23.03 °C  60.09 %  881.2 hPa 1.029E-03 g/cm³ 000 chk 42973
06/01/2020 17:48:00  23.03 °C  60.08 %  881.2 hPa 1.029E-03 g/cm³ 000 chk 35465
06/01/2020 17:49:00  23.03 °C  60.10 %  881.3 hPa 1.029E-03 g/cm³ 000 chk 61783
06/01/2020 17:50:00  23.03 °C  60.10 %  881.3 hPa 1.029E-03 g/cm³ 000 chk 46452
06/01/2020 17:51:00  23.03 °C  60.09 %  881.3 hPa 1.029E-03 g/cm³ 000 chk 56063
06/01/2020 17:52:00  23.04 °C  60.10 %  881.3 hPa 1.029E-03 g/cm³ 000 chk 38266
06/01/2020 17:53:00  23.04 °C  60.11 %  881.3 hPa 1.029E-03 g/cm³ 000 chk 53983
06/01/2020 17:54:00  23.04 °C  60.11 %  881.3 hPa 1.029E-03 g/cm³ 000 chk 18342
06/01/2020 17:55:00  23.04 °C  60.11 %  881.2 hPa 1.029E-03 g/cm³ 000 chk  5206
06/01/2020 17:56:00  23.04 °C  60.14 %  881.3 hPa 1.029E-03 g/cm³ 000 chk 52205
06/01/2020 17:57:00  23.04 °C  60.16 %  881.3 hPa 1.029E-03 g/cm³ 000 chk 64328
06/01/2020 17:58:00  23.04 °C  60.15 %  881.3 hPa 1.029E-03 g/cm³ 000 chk 19485
06/01/2020 17:59:00  23.04 °C  60.16 %  881.3 hPa 1.029E-03 g/cm³ 000 chk 37305
06/01/2020 18:00:00  23.05 °C  60.17 %  881.3 hPa 1.029E-03 g/cm³ 000 chk 55217
06/01/2020 18:01:00  23.05 °C  60.17 %  881.3 hPa 1.029E-03 g/cm³ 000 chk 32021
06/01/2020 18:02:00  23.05 °C  60.18 %  881.3 hPa 1.029E-03 g/cm³ 000 chk 10745
06/01/2020 18:03:00  23.05 °C  60.19 %  881.3 hPa 1.029E-03 g/cm³ 000 chk 28252
06/01/2020 18:04:00  23.05 °C  60.17 %  881.3 hPa 1.029E-03 g/cm³ 000 chk 64807
06/01/2020 18:05:00  23.05 °C  60.18 %  881.3 hPa 1.029E-03 g/cm³ 000 chk 48256
06/01/2020 18:06:00  23.05 °C  60.19 %  881.4 hPa 1.029E-03 g/cm³ 000 chk 32964
06/01/2020 18:07:00  23.06 °C  60.21 %  881.4 hPa 1.029E-03 g/cm³ 000 chk 12374
06/01/2020 18:08:00  23.06 °C  60.23 %  881.4 hPa 1.029E-03 g/cm³ 000 chk 27138
06/01/2020 18:09:00  23.06 °C  60.23 %  881.4 hPa 1.029E-03 g/cm³ 000 chk 49318
06/01/2020 18:10:00  23.06 °C  60.23 %  881.4 hPa 1.029E-03 g/cm³ 000 chk 33925
06/01/2020 18:11:00  23.06 °C  60.24 %  881.4 hPa 1.029E-03 g/cm³ 000 chk 11552
06/01/2020 18:12:00  23.06 °C  60.23 %  881.4 hPa 1.029E-03 g/cm³ 000 chk 37326
06/01/2020 18:13:00  23.07 °C  60.24 %  881.4 hPa 1.029E-03 g/cm³ 000 chk 43435
06/01/2020 18:14:00  23.07 °C  60.24 %  881.5 hPa 1.029E-03 g/cm³ 000 chk 50566
06/01/2020 18:15:00  23.07 °C  60.22 %  881.5 hPa 1.029E-03 g/cm³ 000 chk 33058
06/01/2020 18:16:00  23.07 °C  60.23 %  881.5 hPa 1.029E-03 g/cm³ 000 chk 54220
06/01/2020 18:17:00  23.07 °C  60.24 %  881.5 hPa 1.029E-03 g/cm³ 000 chk 31337
06/01/2020 18:18:00  23.08 °C  60.25 %  881.5 hPa 1.029E-03 g/cm³ 000 chk 44151
06/01/2020 18:19:00  23.08 °C  60.23 %  881.5 hPa 1.029E-03 g/cm³ 000 chk 59603
06/01/2020 18:20:00  23.08 °C  60.26 %  881.5 hPa 1.029E-03 g/cm³ 000 chk   677
06/01/2020 18:21:00  23.08 °C  60.22 %  881.5 hPa 1.029E-03 g/cm³ 000 chk 56320
06/01/2020 18:22:00  23.08 °C  60.25 %  881.5 hPa 1.029E-03 g/cm³ 000 chk 24814
06/01/2020 18:23:00  23.08 °C  60.25 %  881.4 hPa 1.029E-03 g/cm³ 000 chk 13086
06/01/2020 18:24:00  23.09 °C  60.25 %  881.5 hPa 1.029E-03 g/cm³ 000 chk 52979
06/01/2020 18:25:00  23.09 °C  60.25 %  881.5 hPa 1.029E-03 g/cm³ 000 chk 25687
06/01/2020 18:26:00  23.09 °C  60.27 %  881.5 hPa 1.029E-03 g/cm³ 000 chk 16825
06/01/2020 18:27:00  23.09 °C  60.27 %  881.5 hPa 1.029E-03 g/cm³ 000 chk 60189
06/01/2020 18:28:00  23.09 °C  60.27 %  881.5 hPa 1.029E-03 g/cm³ 000 chk 11080
06/01/2020 18:29:00  23.09 °C  60.28 %  881.6 hPa 1.029E-03 g/cm³ 000 chk  8464
06/01/2020 18:30:00  23.09 °C  60.29 %  881.6 hPa 1.029E-03 g/cm³ 000 chk 34866
06/01/2020 18:31:00  23.09 °C  60.30 %  881.6 hPa 1.029E-03 g/cm³ 000 chk 59321
06/01/2020 18:32:00  23.10 °C  60.33 %  881.6 hPa 1.029E-03 g/cm³ 000 chk  8200
06/01/2020 18:33:00  23.10 °C  60.31 %  881.6 hPa 1.029E-03 g/cm³ 000 chk  4269
06/01/2020 18:34:00  23.10 °C  60.31 %  881.6 hPa 1.029E-03 g/cm³ 000 chk 34260
06/01/2020 18:35:00  23.10 °C  60.33 %  881.6 hPa 1.029E-03 g/cm³ 000 chk 46449
06/01/2020 18:36:00  23.10 °C  60.32 %  881.6 hPa 1.029E-03 g/cm³ 000 chk 59295
06/01/2020 18:37:00  23.10 °C  60.30 %  881.7 hPa 1.029E-03 g/cm³ 000 chk 11886
06/01/2020 18:38:00  23.10 °C  60.33 %  881.7 hPa 1.029E-03 g/cm³ 000 chk 39227
06/01/2020 18:39:00  23.10 °C  60.30 %  881.6 hPa 1.029E-03 g/cm³ 000 chk 48587
06/01/2020 18:40:00  23.10 °C  60.31 %  881.6 hPa 1.029E-03 g/cm³ 000 chk 19734
06/01/2020 18:41:00  23.11 °C  60.33 %  881.7 hPa 1.029E-03 g/cm³ 000 chk  5415
06/01/2020 18:42:00  23.11 °C  60.35 %  881.7 hPa 1.029E-03 g/cm³ 000 chk 17608
06/01/2020 18:43:00  23.11 °C  60.33 %  881.8 hPa 1.029E-03 g/cm³ 000 chk  9324
06/01/2020 18:44:00  23.11 °C  60.32 %  881.8 hPa 1.029E-03 g/cm³ 000 chk 23572
06/01/2020 18:45:00  23.11 °C  60.34 %  881.8 hPa 1.029E-03 g/cm³ 000 chk  6320
06/01/2020 18:46:00  23.11 °C  60.32 %  881.8 hPa 1.029E-03 g/cm³ 000 chk 18783
06/01/2020 18:47:00  23.11 °C  60.34 %  881.8 hPa 1.029E-03 g/cm³ 000 chk  3579
06/01/2020 18:48:00  23.11 °C  60.32 %  881.8 hPa 1.029E-03 g/cm³ 000 chk  9134
06/01/2020 18:49:00  23.11 °C  60.35 %  881.8 hPa 1.029E-03 g/cm³ 000 chk 35339
06/01/2020 18:50:00  23.12 °C  60.30 %  881.8 hPa 1.029E-03 g/cm³ 000 chk 42347
06/01/2020 18:51:00  23.12 °C  60.33 %  881.8 hPa 1.029E-03 g/cm³ 000 chk 30927
06/01/2020 18:52:00  23.12 °C  60.32 %  881.8 hPa 1.029E-03 g/cm³ 000 chk 10785
06/01/2020 18:53:00  23.12 °C  60.33 %  881.8 hPa 1.029E-03 g/cm³ 000 chk 28036
06/01/2020 18:54:00  23.12 °C  60.32 %  881.8 hPa 1.029E-03 g/cm³ 000 chk  5628
06/01/2020 18:55:00  23.12 °C  60.31 %  881.8 hPa 1.029E-03 g/cm³ 000 chk 51288
06/01/2020 18:56:00  23.12 °C  60.30 %  881.8 hPa 1.029E-03 g/cm³ 000 chk 39606
06/01/2020 18:57:00  23.12 °C  60.29 %  881.8 hPa 1.029E-03 g/cm³ 000 chk 62781
06/01/2020 18:58:00  23.12 °C  60.31 %  881.9 hPa 1.029E-03 g/cm³ 000 chk 58386
06/01/2020 18:59:00  23.13 °C  60.30 %  881.9 hPa 1.029E-03 g/cm³ 000 chk 12919
06/01/2020 19:00:00  23.13 °C  60.31 %  881.9 hPa 1.029E-03 g/cm³ 000 chk 46784
06/01/2020 19:01:00  23.13 °C  60.30 %  881.8 hPa 1.029E-03 g/cm³ 000 chk  2097
06/01/2020 19:02:00  23.13 °C  60.34 %  881.8 hPa 1.029E-03 g/cm³ 000 chk 50143
06/01/2020 19:03:00  23.13 °C  60.34 %  881.9 hPa 1.029E-03 g/cm³ 000 chk 36911
06/01/2020 19:04:00  23.13 °C  60.28 %  881.9 hPa 1.029E-03 g/cm³ 000 chk 22905
06/01/2020 19:05:00  23.13 °C  60.33 %  881.9 hPa 1.029E-03 g/cm³ 000 chk 44275
06/01/2020 19:06:00  23.13 °C  60.32 %  881.9 hPa 1.029E-03 g/cm³ 000 chk 65053
06/01/2020 19:07:00  23.13 °C  60.32 %  882.0 hPa 1.029E-03 g/cm³ 000 chk  8262
06/01/2020 19:08:00  23.13 °C  60.34 %  882.0 hPa 1.029E-03 g/cm³ 000 chk  3603
06/01/2020 19:09:00  23.13 °C  60.28 %  882.0 hPa 1.029E-03 g/cm³ 000 chk 63640
06/01/2020 19:10:00  23.13 °C  60.35 %  882.1 hPa 1.029E-03 g/cm³ 000 chk 62657
06/01/2020 19:11:00  23.14 °C  60.35 %  882.1 hPa 1.029E-03 g/cm³ 000 chk 27424
06/01/2020 19:12:00  23.14 °C  60.34 %  882.1 hPa 1.029E-03 g/cm³ 000 chk 14798
06/01/2020 19:13:00  23.14 °C  60.33 %  882.0 hPa 1.029E-03 g/cm³ 000 chk 26943
06/01/2020 19:14:00  23.14 °C  60.34 %  882.0 hPa 1.029E-03 g/cm³ 000 chk 65351
06/01/2020 19:15:00  23.14 °C  60.30 %  882.0 hPa 1.029E-03 g/cm³ 000 chk  8674
06/01/2020 19:16:00  23.14 °C  60.31 %  882.1 hPa 1.029E-03 g/cm³ 000 chk 35416
06/01/2020 19:17:00  23.14 °C  60.28 %  882.1 hPa 1.029E-03 g/cm³ 000 chk 58835
06/01/2020 19:18:00  23.14 °C  60.30 %  882.1 hPa 1.029E-03 g/cm³ 000 chk  3496
06/01/2020 19:19:00  23.15 °C  60.21 %  882.1 hPa 1.029E-03 g/cm³ 000 chk  7137
06/01/2020 19:20:00  23.15 °C  60.26 %  882.1 hPa 1.029E-03 g/cm³ 000 chk 27542
06/01/2020 19:21:00  23.15 °C  60.26 %  882.2 hPa 1.029E-03 g/cm³ 000 chk 35533
06/01/2020 19:22:00  23.15 °C  60.27 %  882.1 hPa 1.029E-03 g/cm³ 000 chk 37852
06/01/2020 19:23:00  23.15 °C  60.25 %  882.1 hPa 1.029E-03 g/cm³ 000 chk 41849
06/01/2020 19:24:00  23.15 °C  60.27 %  882.1 hPa 1.029E-03 g/cm³ 000 chk 44033
06/01/2020 19:25:00  23.15 °C  60.23 %  882.1 hPa 1.029E-03 g/cm³ 000 chk 29348
06/01/2020 19:26:00  23.16 °C  60.24 %  882.0 hPa 1.029E-03 g/cm³ 000 chk 50525
06/01/2020 19:27:00  23.16 °C  60.24 %  882.1 hPa 1.029E-03 g/cm³ 000 chk 38573
06/01/2020 19:28:00  23.16 °C  60.22 %  882.1 hPa 1.029E-03 g/cm³ 000 chk 47352
06/01/2020 19:29:00  23.16 °C  60.22 %  882.1 hPa 1.029E-03 g/cm³ 000 chk  4700
06/01/2020 19:30:00  23.16 °C  60.22 %  882.1 hPa 1.029E-03 g/cm³ 000 chk 22143
06/01/2020 19:31:00  23.16 °C  60.20 %  882.1 hPa 1.029E-03 g/cm³ 000 chk 26330
06/01/2020 19:32:00  23.16 °C  60.22 %  882.2 hPa 1.029E-03 g/cm³ 000 chk  2251
06/01/2020 19:33:00  23.16 °C  60.20 %  882.2 hPa 1.029E-03 g/cm³ 000 chk 14446
06/01/2020 19:34:00  23.16 °C  60.19 %  882.2 hPa 1.029E-03 g/cm³ 000 chk 43107
06/01/2020 19:35:00  23.16 °C  60.25 %  882.2 hPa 1.029E-03 g/cm³ 000 chk 40627
06/01/2020 19:36:00  23.17 °C  60.16 %  882.1 hPa 1.029E-03 g/cm³ 000 chk 35860
06/01/2020 19:37:00  23.17 °C  60.20 %  882.1 hPa 1.029E-03 g/cm³ 000 chk 51399
06/01/2020 19:38:00  23.17 °C  60.22 %  882.1 hPa 1.029E-03 g/cm³ 000 chk 37523
06/01/2020 19:39:00  23.17 °C  60.22 %  882.2 hPa 1.029E-03 g/cm³ 000 chk 29640
06/01/2020 19:40:00  23.17 °C  60.24 %  882.2 hPa 1.029E-03 g/cm³ 000 chk 32788
06/01/2020 19:41:00  23.17 °C  60.17 %  882.2 hPa 1.029E-03 g/cm³ 000 chk 24007
06/01/2020 19:42:00  23.17 °C  60.23 %  882.3 hPa 1.029E-03 g/cm³ 000 chk 28426
06/01/2020 19:43:00  23.17 °C  60.18 %  882.3 hPa 1.029E-03 g/cm³ 000 chk 23259
06/01/2020 19:44:00  23.17 °C  60.20 %  882.3 hPa 1.029E-03 g/cm³ 000 chk 10199
06/01/2020 19:45:00  23.17 °C  60.22 %  882.3 hPa 1.029E-03 g/cm³ 000 chk  6002
06/01/2020 19:46:00  23.17 °C  60.18 %  882.3 hPa 1.029E-03 g/cm³ 000 chk 56041
06/01/2020 19:47:00  23.18 °C  60.20 %  882.4 hPa 1.029E-03 g/cm³ 000 chk  3544
06/01/2020 19:48:00  23.18 °C  60.20 %  882.4 hPa 1.029E-03 g/cm³ 000 chk 52621
06/01/2020 19:49:00  23.18 °C  60.17 %  882.4 hPa 1.029E-03 g/cm³ 000 chk 25695
06/01/2020 19:50:00  23.18 °C  60.17 %  882.4 hPa 1.029E-03 g/cm³ 000 chk  8316
06/01/2020 19:51:00  23.18 °C  60.17 %  882.4 hPa 1.029E-03 g/cm³ 000 chk 35544
06/01/2020 19:52:00  23.18 °C  60.15 %  882.4 hPa 1.029E-03 g/cm³ 000 chk 44854
06/01/2020 19:53:00  23.18 °C  60.17 %  882.4 hPa 1.029E-03 g/cm³ 000 chk 40851
06/01/2020 19:54:00  23.18 °C  60.11 %  882.4 hPa 1.030E-03 g/cm³ 000 chk 29410
06/01/2020 19:55:00  23.18 °C  60.12 %  882.4 hPa 1.030E-03 g/cm³ 000 chk 44870
06/01/2020 19:56:00  23.19 °C  60.13 %  882.4 hPa 1.029E-03 g/cm³ 000 chk 64096
06/01/2020 19:57:00  23.18 °C  60.15 %  882.5 hPa 1.030E-03 g/cm³ 000 chk 16472
06/01/2020 19:58:00  23.19 °C  60.10 %  882.3 hPa 1.029E-03 g/cm³ 000 chk 35131
06/01/2020 19:59:00  23.19 °C  60.12 %  882.4 hPa 1.029E-03 g/cm³ 000 chk 55092
06/01/2020 20:00:00  23.19 °C  60.09 %  882.4 hPa 1.029E-03 g/cm³ 000 chk 18519
06/01/2020 20:01:00  23.19 °C  60.10 %  882.5 hPa 1.030E-03 g/cm³ 000 chk 18560
06/01/2020 20:02:00  23.19 °C  60.13 %  882.5 hPa 1.030E-03 g/cm³ 000 chk 32879
06/01/2020 20:03:00  23.19 °C  60.10 %  882.5 hPa 1.030E-03 g/cm³ 000 chk 24011
06/01/2020 20:04:00  23.19 °C  60.15 %  882.5 hPa 1.030E-03 g/cm³ 000 chk 20914
06/01/2020 20:05:00  23.19 °C  60.12 %  882.4 hPa 1.029E-03 g/cm³ 000 chk 38731
06/01/2020 20:06:00  23.19 °C  60.12 %  882.5 hPa 1.030E-03 g/cm³ 000 chk 18424
06/01/2020 20:07:00  23.19 °C  60.10 %  882.5 hPa 1.030E-03 g/cm³ 000 chk 30557
06/01/2020 20:08:00  23.19 °C  60.10 %  882.4 hPa 1.029E-03 g/cm³ 000 chk 55380
06/01/2020 20:09:00  23.19 °C  60.06 %  882.5 hPa 1.030E-03 g/cm³ 000 chk 13184
06/01/2020 20:10:00  23.19 °C  60.09 %  882.4 hPa 1.029E-03 g/cm³ 000 chk 62460
06/01/2020 20:11:00  23.20 °C  60.08 %  882.5 hPa 1.030E-03 g/cm³ 000 chk 30073
06/01/2020 20:12:00  23.20 °C  60.08 %  882.5 hPa 1.030E-03 g/cm³ 000 chk 51862
06/01/2020 20:13:00  23.20 °C  60.09 %  882.6 hPa 1.030E-03 g/cm³ 000 chk 50892
06/01/2020 20:14:00  23.20 °C  60.09 %  882.5 hPa 1.030E-03 g/cm³ 000 chk  6218
06/01/2020 20:15:00  23.20 °C  60.07 %  882.6 hPa 1.030E-03 g/cm³ 000 chk 65299
06/01/2020 20:16:00  23.20 °C  60.04 %  882.6 hPa 1.030E-03 g/cm³ 000 chk 14332
06/01/2020 20:17:00  23.20 °C  60.04 %  882.6 hPa 1.030E-03 g/cm³ 000 chk 40280
06/01/2020 20:18:00  23.20 °C  60.06 %  882.6 hPa 1.030E-03 g/cm³ 000 chk 50956
06/01/2020 20:19:00  23.20 °C  60.04 %  882.6 hPa 1.030E-03 g/cm³ 000 chk 63401
06/01/2020 20:20:00  23.20 °C  60.00 %  882.6 hPa 1.030E-03 g/cm³ 000 chk 61662
06/01/2020 20:21:00  23.20 °C  60.00 %  882.6 hPa 1.030E-03 g/cm³ 000 chk 23162
06/01/2020 20:22:00  23.20 °C  59.97 %  882.6 hPa 1.030E-03 g/cm³ 000 chk 44434
06/01/2020 20:23:00  23.20 °C  59.98 %  882.6 hPa 1.030E-03 g/cm³ 000 chk 60469
06/01/2020 20:24:00  23.20 °C  59.96 %  882.6 hPa 1.030E-03 g/cm³ 000 chk 32590
06/01/2020 20:25:00  23.20 °C  59.94 %  882.6 hPa 1.030E-03 g/cm³ 000 chk 20459
06/01/2020 20:26:00  23.21 °C  59.94 %  882.6 hPa 1.030E-03 g/cm³ 000 chk 25028
06/01/2020 20:27:00  23.21 °C  59.89 %  882.6 hPa 1.030E-03 g/cm³ 000 chk 31310
06/01/2020 20:28:00  23.21 °C  59.92 %  882.6 hPa 1.030E-03 g/cm³ 000 chk 58677
06/01/2020 20:29:00  23.21 °C  59.94 %  882.6 hPa 1.030E-03 g/cm³ 000 chk 41361
06/01/2020 20:30:00  23.21 °C  59.82 %  882.6 hPa 1.030E-03 g/cm³ 000 chk 52126
06/01/2020 20:31:00  23.21 °C  59.90 %  882.6 hPa 1.030E-03 g/cm³ 000 chk 15127
06/01/2020 20:32:00  23.21 °C  59.88 %  882.6 hPa 1.030E-03 g/cm³ 000 chk 44246
06/01/2020 20:33:00  23.21 °C  59.82 %  882.6 hPa 1.030E-03 g/cm³ 000 chk 29809
06/01/2020 20:34:00  23.21 °C  59.79 %  882.7 hPa 1.030E-03 g/cm³ 000 chk 34549
06/01/2020 20:35:00  23.21 °C  59.85 %  882.6 hPa 1.030E-03 g/cm³ 000 chk 18605
06/01/2020 20:36:00  23.21 °C  59.82 %  882.6 hPa 1.030E-03 g/cm³ 000 chk 62531
06/01/2020 20:37:00  23.21 °C  59.78 %  882.6 hPa 1.030E-03 g/cm³ 000 chk 11599
06/01/2020 20:38:00  23.21 °C  59.80 %  882.7 hPa 1.030E-03 g/cm³ 000 chk 64999
06/01/2020 20:39:00  23.21 °C  59.80 %  882.6 hPa 1.030E-03 g/cm³ 000 chk 44567
06/01/2020 20:40:00  23.21 °C  59.74 %  882.6 hPa 1.030E-03 g/cm³ 000 chk 50785
06/01/2020 20:41:00  23.21 °C  59.74 %  882.7 hPa 1.030E-03 g/cm³ 000 chk 38289
06/01/2020 20:42:00  23.21 °C  59.79 %  882.6 hPa 1.030E-03 g/cm³ 000 chk 41512
06/01/2020 20:43:00  23.21 °C  59.73 %  882.7 hPa 1.030E-03 g/cm³ 000 chk 33755
06/01/2020 20:44:00  23.21 °C  59.71 %  882.6 hPa 1.030E-03 g/cm³ 000 chk 30199
06/01/2020 20:45:00  23.21 °C  59.69 %  882.7 hPa 1.030E-03 g/cm³ 000 chk  3625
06/01/2020 20:46:00  23.21 °C  59.71 %  882.6 hPa 1.030E-03 g/cm³ 000 chk 24764
06/01/2020 20:47:00  23.21 °C  59.68 %  882.6 hPa 1.030E-03 g/cm³ 000 chk  3895
06/01/2020 20:48:00  23.21 °C  59.66 %  882.7 hPa 1.030E-03 g/cm³ 000 chk 12340
06/01/2020 20:49:00  23.21 °C  59.66 %  882.7 hPa 1.030E-03 g/cm³ 000 chk 39568
06/01/2020 20:50:00  23.21 °C  59.62 %  882.7 hPa 1.030E-03 g/cm³ 000 chk 43698
06/01/2020 20:51:00  23.21 °C  59.64 %  882.7 hPa 1.030E-03 g/cm³ 000 chk 60950
06/01/2020 20:52:00  23.21 °C  59.61 %  882.7 hPa 1.030E-03 g/cm³ 000 chk 51449
06/01/2020 20:53:00  23.21 °C  59.55 %  882.7 hPa 1.030E-03 g/cm³ 000 chk  5675
06/01/2020 20:54:00  23.21 °C  59.59 %  882.7 hPa 1.030E-03 g/cm³ 000 chk  8017
06/01/2020 20:55:00  23.22 °C  59.56 %  882.8 hPa 1.030E-03 g/cm³ 000 chk 34997
06/01/2020 20:56:00  23.22 °C  59.58 %  882.7 hPa 1.030E-03 g/cm³ 000 chk  5464
06/01/2020 20:57:00  23.22 °C  59.44 %  882.8 hPa 1.030E-03 g/cm³ 000 chk 51155
06/01/2020 20:58:00  23.22 °C  59.52 %  882.8 hPa 1.030E-03 g/cm³ 000 chk 10666
06/01/2020 20:59:00  23.22 °C  59.52 %  882.8 hPa 1.030E-03 g/cm³ 000 chk 33550
06/01/2020 21:00:00  23.22 °C  59.43 %  882.8 hPa 1.030E-03 g/cm³ 000 chk 51093
06/01/2020 21:01:00  23.22 °C  59.45 %  882.8 hPa 1.030E-03 g/cm³ 000 chk 33585
06/01/2020 21:02:00  23.22 °C  59.42 %  882.8 hPa 1.030E-03 g/cm³ 000 chk 16351
06/01/2020 21:03:00  23.22 °C  59.43 %  882.8 hPa 1.030E-03 g/cm³ 000 chk 30842
06/01/2020 21:04:00  23.22 °C  59.44 %  882.8 hPa 1.030E-03 g/cm³ 000 chk 60930
06/01/2020 21:05:00  23.22 °C  59.48 %  882.8 hPa 1.030E-03 g/cm³ 000 chk 55461
06/01/2020 21:06:00  23.22 °C  59.41 %  882.8 hPa 1.030E-03 g/cm³ 000 chk 25161
06/01/2020 21:07:00  23.22 °C  59.38 %  882.8 hPa 1.030E-03 g/cm³ 000 chk  3372
06/01/2020 21:08:00  23.22 °C  59.41 %  882.8 hPa 1.030E-03 g/cm³ 000 chk  2232
06/01/2020 21:09:00  23.22 °C  59.30 %  882.8 hPa 1.030E-03 g/cm³ 000 chk 36831
06/01/2020 21:10:00  23.22 °C  59.40 %  882.8 hPa 1.030E-03 g/cm³ 000 chk  2878
06/01/2020 21:11:00  23.22 °C  59.44 %  882.8 hPa 1.030E-03 g/cm³ 000 chk 54683
06/01/2020 21:12:00  23.22 °C  59.31 %  882.8 hPa 1.030E-03 g/cm³ 000 chk 13238
06/01/2020 21:13:00  23.22 °C  59.31 %  882.9 hPa 1.030E-03 g/cm³ 000 chk 24646
06/01/2020 21:14:00  23.22 °C  59.33 %  882.9 hPa 1.030E-03 g/cm³ 000 chk 28478
06/01/2020 21:15:00  23.22 °C  59.26 %  882.9 hPa 1.030E-03 g/cm³ 000 chk 40118
06/01/2020 21:16:00  23.22 °C  59.34 %  882.9 hPa 1.030E-03 g/cm³ 000 chk 31092
06/01/2020 21:17:00  23.22 °C  59.34 %  882.9 hPa 1.030E-03 g/cm³ 000 chk 54224
06/01/2020 21:18:00  23.22 °C  59.31 %  882.9 hPa 1.030E-03 g/cm³ 000 chk 35461
06/01/2020 21:19:00  23.22 °C  59.29 %  882.9 hPa 1.030E-03 g/cm³ 000 chk  2063
06/01/2020 21:20:00  23.22 °C  59.17 %  882.9 hPa 1.030E-03 g/cm³ 000 chk 32012
06/01/2020 21:21:00  23.22 °C  59.24 %  882.9 hPa 1.030E-03 g/cm³ 000 chk 41183
06/01/2020 21:22:00  23.22 °C  59.25 %  882.9 hPa 1.030E-03 g/cm³ 000 chk 62001
06/01/2020 21:23:00  23.22 °C  59.28 %  882.9 hPa 1.030E-03 g/cm³ 000 chk 10647
06/01/2020 21:24:00  23.22 °C  59.23 %  882.9 hPa 1.030E-03 g/cm³ 000 chk  9196
06/01/2020 21:25:00  23.22 °C  59.16 %  882.8 hPa 1.030E-03 g/cm³ 000 chk 59755
06/01/2020 21:26:00  23.22 °C  59.18 %  882.8 hPa 1.030E-03 g/cm³ 000 chk 20614
06/01/2020 21:27:00  23.22 °C  59.09 %  882.9 hPa 1.030E-03 g/cm³ 000 chk 11867
06/01/2020 21:28:00  23.22 °C  59.06 %  882.8 hPa 1.030E-03 g/cm³ 000 chk 64601
06/01/2020 21:29:00  23.22 °C  59.16 %  882.8 hPa 1.030E-03 g/cm³ 000 chk 38609
06/01/2020 21:30:00  23.22 °C  59.19 %  882.8 hPa 1.030E-03 g/cm³ 000 chk 14833
06/01/2020 21:31:00  23.22 °C  59.12 %  882.7 hPa 1.030E-03 g/cm³ 000 chk 10327
06/01/2020 21:32:00  23.23 °C  59.04 %  882.8 hPa 1.030E-03 g/cm³ 000 chk  3156
06/01/2020 21:33:00  23.23 °C  59.06 %  882.8 hPa 1.030E-03 g/cm³ 000 chk 15601
06/01/2020 21:34:00  23.23 °C  59.12 %  882.8 hPa 1.030E-03 g/cm³ 000 chk  7589
06/01/2020 21:35:00  23.23 °C  59.08 %  882.7 hPa 1.030E-03 g/cm³ 000 chk  8494
06/01/2020 21:36:00  23.23 °C  59.08 %  882.7 hPa 1.030E-03 g/cm³ 000 chk 40641
06/01/2020 21:37:00  23.23 °C  59.09 %  882.7 hPa 1.030E-03 g/cm³ 000 chk 55652
06/01/2020 21:38:00  23.23 °C  59.04 %  882.7 hPa 1.030E-03 g/cm³ 000 chk 26675
06/01/2020 21:39:00  23.23 °C  59.11 %  882.7 hPa 1.030E-03 g/cm³ 000 chk 39867
06/01/2020 21:40:00  23.23 °C  59.10 %  882.7 hPa 1.030E-03 g/cm³ 000 chk 27494
06/01/2020 21:41:00  23.23 °C  59.04 %  882.7 hPa 1.030E-03 g/cm³ 000 chk 30191
06/01/2020 21:42:00  23.23 °C  58.98 %  882.8 hPa 1.030E-03 g/cm³ 000 chk 58202
06/01/2020 21:43:00  23.23 °C  59.02 %  882.7 hPa 1.030E-03 g/cm³ 000 chk 36516
06/01/2020 21:44:00  23.23 °C  59.03 %  882.8 hPa 1.030E-03 g/cm³ 000 chk 53980
06/01/2020 21:45:00  23.23 °C  59.06 %  882.8 hPa 1.030E-03 g/cm³ 000 chk 57720
06/01/2020 21:46:00  23.23 °C  59.06 %  882.8 hPa 1.030E-03 g/cm³ 000 chk 24215
06/01/2020 21:47:00  23.23 °C  58.98 %  882.8 hPa 1.030E-03 g/cm³ 000 chk 25448
06/01/2020 21:48:00  23.23 °C  59.03 %  882.8 hPa 1.030E-03 g/cm³ 000 chk 44390
06/01/2020 21:49:00  23.23 °C  58.94 %  882.8 hPa 1.030E-03 g/cm³ 000 chk 38298
06/01/2020 21:50:00  23.23 °C  58.92 %  882.8 hPa 1.030E-03 g/cm³ 000 chk 16313
06/01/2020 21:51:00  23.23 °C  59.02 %  882.8 hPa 1.030E-03 g/cm³ 000 chk  1092
06/01/2020 21:52:00  23.23 °C  58.96 %  882.7 hPa 1.030E-03 g/cm³ 000 chk 31475
06/01/2020 21:53:00  23.23 °C  58.82 %  882.7 hPa 1.030E-03 g/cm³ 000 chk 25722
06/01/2020 21:54:00  23.23 °C  58.90 %  882.7 hPa 1.030E-03 g/cm³ 000 chk 43822
06/01/2020 21:55:00  23.23 °C  58.87 %  882.6 hPa 1.030E-03 g/cm³ 000 chk 15347
06/01/2020 21:56:00  23.23 °C  58.82 %  882.6 hPa 1.030E-03 g/cm³ 000 chk  7452
06/01/2020 21:57:00  23.23 °C  58.83 %  882.6 hPa 1.030E-03 g/cm³ 000 chk 23225
06/01/2020 21:58:00  23.23 °C  58.88 %  882.7 hPa 1.030E-03 g/cm³ 000 chk 64698
06/01/2020 21:59:00  23.23 °C  58.75 %  882.6 hPa 1.030E-03 g/cm³ 000 chk 57315
06/01/2020 22:00:00  23.23 °C  58.83 %  882.6 hPa 1.030E-03 g/cm³ 000 chk 57216
06/01/2020 22:01:00  23.23 °C  58.82 %  882.6 hPa 1.030E-03 g/cm³ 000 chk 38949
06/01/2020 22:02:00  23.23 °C  58.72 %  882.6 hPa 1.030E-03 g/cm³ 000 chk  9825
06/01/2020 22:03:00  23.24 °C  58.74 %  882.7 hPa 1.030E-03 g/cm³ 000 chk 44756
06/01/2020 22:04:00  23.24 °C  58.72 %  882.6 hPa 1.030E-03 g/cm³ 000 chk 11513
06/01/2020 22:05:00  23.24 °C  58.75 %  882.6 hPa 1.030E-03 g/cm³ 000 chk 34140
06/01/2020 22:06:00  23.23 °C  58.72 %  882.6 hPa 1.030E-03 g/cm³ 000 chk  3319
06/01/2020 22:07:00  23.24 °C  58.67 %  882.6 hPa 1.030E-03 g/cm³ 000 chk 51770
06/01/2020 22:08:00  23.24 °C  58.67 %  882.6 hPa 1.030E-03 g/cm³ 000 chk  2671
06/01/2020 22:09:00  23.24 °C  58.76 %  882.6 hPa 1.030E-03 g/cm³ 000 chk 36326
06/01/2020 22:10:00  23.24 °C  58.72 %  882.6 hPa 1.030E-03 g/cm³ 000 chk 48580
06/01/2020 22:11:00  23.23 °C  58.67 %  882.6 hPa 1.030E-03 g/cm³ 000 chk 31497
06/01/2020 22:12:00  23.24 °C  58.70 %  882.6 hPa 1.030E-03 g/cm³ 000 chk 12942
06/01/2020 22:13:00  23.24 °C  58.61 %  882.6 hPa 1.030E-03 g/cm³ 000 chk 46343
06/01/2020 22:14:00  23.24 °C  58.65 %  882.6 hPa 1.030E-03 g/cm³ 000 chk 21631
06/01/2020 22:15:00  23.24 °C  58.68 %  882.5 hPa 1.030E-03 g/cm³ 000 chk 50214
06/01/2020 22:16:00  23.24 °C  58.68 %  882.6 hPa 1.030E-03 g/cm³ 000 chk 12342
06/01/2020 22:17:00  23.24 °C  58.44 %  882.6 hPa 1.030E-03 g/cm³ 000 chk 50890
06/01/2020 22:18:00  23.24 °C  58.52 %  882.6 hPa 1.030E-03 g/cm³ 000 chk 10419
06/01/2020 22:19:00  23.24 °C  58.56 %  882.6 hPa 1.030E-03 g/cm³ 000 chk 62998
06/01/2020 22:20:00  23.24 °C  58.49 %  882.6 hPa 1.030E-03 g/cm³ 000 chk 44623
06/01/2020 22:21:00  23.24 °C  58.57 %  882.6 hPa 1.030E-03 g/cm³ 000 chk 49861
06/01/2020 22:22:00  23.24 °C  58.48 %  882.6 hPa 1.030E-03 g/cm³ 000 chk 22021
06/01/2020 22:23:00  23.24 °C  58.48 %  882.7 hPa 1.030E-03 g/cm³ 000 chk  1525
06/01/2020 22:24:00  23.24 °C  58.55 %  882.6 hPa 1.030E-03 g/cm³ 000 chk 55542
06/01/2020 22:25:00  23.24 °C  58.44 %  882.7 hPa 1.030E-03 g/cm³ 000 chk 42539
06/01/2020 22:26:00  23.24 °C  58.54 %  882.7 hPa 1.030E-03 g/cm³ 000 chk 55784
06/01/2020 22:27:00  23.24 °C  58.35 %  882.6 hPa 1.030E-03 g/cm³ 000 chk 26615
06/01/2020 22:28:00  23.24 °C  58.29 %  882.6 hPa 1.030E-03 g/cm³ 000 chk 64397
06/01/2020 22:29:00  23.24 °C  58.28 %  882.6 hPa 1.030E-03 g/cm³ 000 chk 48168
06/01/2020 22:30:00  23.24 °C  58.30 %  882.6 hPa 1.030E-03 g/cm³ 000 chk 53285
06/01/2020 22:31:00  23.24 °C  58.37 %  882.6 hPa 1.030E-03 g/cm³ 000 chk 31104
06/01/2020 22:32:00  23.24 °C  58.33 %  882.6 hPa 1.030E-03 g/cm³ 000 chk 45678
06/01/2020 22:33:00  23.24 °C  58.24 %  882.6 hPa 1.030E-03 g/cm³ 000 chk 56295
06/01/2020 22:34:00  23.24 °C  58.16 %  882.6 hPa 1.030E-03 g/cm³ 000 chk 54504
06/01/2020 22:35:00  23.24 °C  58.26 %  882.6 hPa 1.030E-03 g/cm³ 000 chk 32315
06/01/2020 22:36:00  23.24 °C  58.27 %  882.6 hPa 1.030E-03 g/cm³ 000 chk 11477
06/01/2020 22:37:00  23.24 °C  58.25 %  882.6 hPa 1.030E-03 g/cm³ 000 chk  7280
06/01/2020 22:38:00  23.24 °C  58.27 %  882.5 hPa 1.030E-03 g/cm³ 000 chk  3547
06/01/2020 22:39:00  23.24 °C  58.24 %  882.5 hPa 1.030E-03 g/cm³ 000 chk 53375
06/01/2020 22:40:00  23.24 °C  58.17 %  882.5 hPa 1.030E-03 g/cm³ 000 chk 47828
06/01/2020 22:41:00  23.24 °C  58.23 %  882.5 hPa 1.030E-03 g/cm³ 000 chk 25606
06/01/2020 22:42:00  23.24 °C  58.19 %  882.5 hPa 1.030E-03 g/cm³ 000 chk 43421
06/01/2020 22:43:00  23.24 °C  58.18 %  882.5 hPa 1.030E-03 g/cm³ 000 chk 60984
06/01/2020 22:44:00  23.24 °C  58.23 %  882.5 hPa 1.030E-03 g/cm³ 000 chk 58420
06/01/2020 22:45:00  23.24 °C  58.02 %  882.5 hPa 1.030E-03 g/cm³ 000 chk 25546
06/01/2020 22:46:00  23.24 °C  58.13 %  882.5 hPa 1.030E-03 g/cm³ 000 chk 61704
06/01/2020 22:47:00  23.24 °C  58.12 %  882.5 hPa 1.030E-03 g/cm³ 000 chk 46765
06/01/2020 22:48:00  23.24 °C  57.93 %  882.5 hPa 1.030E-03 g/cm³ 000 chk 43566
06/01/2020 22:49:00  23.24 °C  58.09 %  882.5 hPa 1.030E-03 g/cm³ 000 chk 33650
06/01/2020 22:50:00  23.24 °C  58.00 %  882.5 hPa 1.030E-03 g/cm³ 000 chk 49746
06/01/2020 22:51:00  23.24 °C  58.04 %  882.5 hPa 1.030E-03 g/cm³ 000 chk  7415
06/01/2020 22:52:00  23.24 °C  57.95 %  882.4 hPa 1.030E-03 g/cm³ 000 chk 18102
06/01/2020 22:53:00  23.24 °C  57.88 %  882.4 hPa 1.030E-03 g/cm³ 000 chk 23868
06/01/2020 22:54:00  23.24 °C  57.91 %  882.5 hPa 1.030E-03 g/cm³ 000 chk 62526
06/01/2020 22:55:00  23.23 °C  57.96 %  882.5 hPa 1.030E-03 g/cm³ 000 chk 26846
06/01/2020 22:56:00  23.23 °C  57.87 %  882.5 hPa 1.030E-03 g/cm³ 000 chk 64028
06/01/2020 22:57:00  23.23 °C  57.91 %  882.4 hPa 1.030E-03 g/cm³ 000 chk 34752
06/01/2020 22:58:00  23.23 °C  57.85 %  882.4 hPa 1.030E-03 g/cm³ 000 chk 62392
06/01/2020 22:59:00  23.24 °C  57.95 %  882.4 hPa 1.030E-03 g/cm³ 000 chk 44149
06/01/2020 23:00:00  23.23 °C  57.76 %  882.4 hPa 1.030E-03 g/cm³ 000 chk 17921
06/01/2020 23:01:00  23.23 °C  57.73 %  882.4 hPa 1.030E-03 g/cm³ 000 chk 30117
06/01/2020 23:02:00  23.24 °C  57.82 %  882.4 hPa 1.030E-03 g/cm³ 000 chk  5029
06/01/2020 23:03:00  23.24 °C  57.66 %  882.4 hPa 1.030E-03 g/cm³ 000 chk  3207
06/01/2020 23:04:00  23.24 °C  57.61 %  882.4 hPa 1.030E-03 g/cm³ 000 chk 39679
06/01/2020 23:05:00  23.24 °C  57.53 %  882.4 hPa 1.030E-03 g/cm³ 000 chk 43565
06/01/2020 23:06:00  23.24 °C  57.58 %  882.4 hPa 1.030E-03 g/cm³ 000 chk 35520
06/01/2020 23:07:00  23.24 °C  57.62 %  882.4 hPa 1.030E-03 g/cm³ 000 chk 21008
06/01/2020 23:08:00  23.24 °C  57.50 %  882.4 hPa 1.030E-03 g/cm³ 000 chk  2099
06/01/2020 23:09:00  23.24 °C  57.62 %  882.4 hPa 1.030E-03 g/cm³ 000 chk 14561
06/01/2020 23:10:00  23.24 °C  57.54 %  882.4 hPa 1.030E-03 g/cm³ 000 chk 37557
06/01/2020 23:11:00  23.24 °C  57.58 %  882.4 hPa 1.030E-03 g/cm³ 000 chk 42002
06/01/2020 23:12:00  23.24 °C  57.57 %  882.4 hPa 1.030E-03 g/cm³ 000 chk 61694
06/01/2020 23:13:00  23.24 °C  57.44 %  882.4 hPa 1.030E-03 g/cm³ 000 chk 60790
06/01/2020 23:14:00  23.24 °C  57.43 %  882.4 hPa 1.030E-03 g/cm³ 000 chk 31502
06/01/2020 23:15:00  23.24 °C  57.35 %  882.4 hPa 1.030E-03 g/cm³ 000 chk 65384
06/01/2020 23:16:00  23.24 °C  57.35 %  882.3 hPa 1.030E-03 g/cm³ 000 chk 11821
06/01/2020 23:17:00  23.24 °C  57.44 %  882.3 hPa 1.030E-03 g/cm³ 000 chk 43338
06/01/2020 23:18:00  23.25 °C  57.39 %  882.3 hPa 1.029E-03 g/cm³ 000 chk 57111
06/01/2020 23:19:00  23.25 °C  57.43 %  882.3 hPa 1.029E-03 g/cm³ 000 chk 51058
06/01/2020 23:20:00  23.25 °C  57.41 %  882.3 hPa 1.029E-03 g/cm³ 000 chk 11781
06/01/2020 23:21:00  23.25 °C  57.32 %  882.3 hPa 1.030E-03 g/cm³ 000 chk 42347
06/01/2020 23:22:00  23.25 °C  57.36 %  882.3 hPa 1.029E-03 g/cm³ 000 chk 63629
06/01/2020 23:23:00  23.25 °C  57.34 %  882.3 hPa 1.030E-03 g/cm³ 000 chk 24096
06/01/2020 23:24:00  23.25 °C  57.28 %  882.3 hPa 1.030E-03 g/cm³ 000 chk 38774
06/01/2020 23:25:00  23.25 °C  57.26 %  882.3 hPa 1.030E-03 g/cm³ 000 chk 15312
06/01/2020 23:26:00  23.25 °C  57.25 %  882.3 hPa 1.029E-03 g/cm³ 000 chk 25911
06/01/2020 23:27:00  23.25 °C  57.28 %  882.3 hPa 1.030E-03 g/cm³ 000 chk 10393
06/01/2020 23:28:00  23.25 °C  57.24 %  882.2 hPa 1.029E-03 g/cm³ 000 chk  7059
06/01/2020 23:29:00  23.25 °C  57.19 %  882.3 hPa 1.030E-03 g/cm³ 000 chk 44830
06/01/2020 23:30:00  23.25 °C  57.11 %  882.2 hPa 1.029E-03 g/cm³ 000 chk 27747
06/01/2020 23:31:00  23.25 °C  57.18 %  882.2 hPa 1.029E-03 g/cm³ 000 chk 50116
06/01/2020 23:32:00  23.25 °C  57.25 %  882.2 hPa 1.029E-03 g/cm³ 000 chk  3422
06/01/2020 23:33:00  23.25 °C  57.15 %  882.2 hPa 1.029E-03 g/cm³ 000 chk 42893
06/01/2020 23:34:00  23.25 °C  57.14 %  882.2 hPa 1.029E-03 g/cm³ 000 chk 57333
06/01/2020 23:35:00  23.25 °C  57.09 %  882.2 hPa 1.029E-03 g/cm³ 000 chk 50303
06/01/2020 23:36:00  23.25 °C  57.01 %  882.2 hPa 1.029E-03 g/cm³ 000 chk 37778
06/01/2020 23:37:00  23.25 °C  56.98 %  882.2 hPa 1.029E-03 g/cm³ 000 chk 44396
06/01/2020 23:38:00  23.25 °C  56.90 %  882.2 hPa 1.029E-03 g/cm³ 000 chk 34107
06/01/2020 23:39:00  23.25 °C  56.96 %  882.2 hPa 1.029E-03 g/cm³ 000 chk 49567
06/01/2020 23:40:00  23.25 °C  57.02 %  882.1 hPa 1.029E-03 g/cm³ 000 chk 29412
06/01/2020 23:41:00  23.25 °C  56.97 %  882.1 hPa 1.029E-03 g/cm³ 000 chk 53273
06/01/2020 23:42:00  23.25 °C  56.93 %  882.1 hPa 1.029E-03 g/cm³ 000 chk  7159
06/01/2020 23:43:00  23.26 °C  56.89 %  882.1 hPa 1.029E-03 g/cm³ 000 chk 61759
06/01/2020 23:44:00  23.25 °C  56.91 %  882.1 hPa 1.029E-03 g/cm³ 000 chk 48683
06/01/2020 23:45:00  23.26 °C  56.87 %  882.2 hPa 1.029E-03 g/cm³ 000 chk 33567
06/01/2020 23:46:00  23.26 °C  56.85 %  882.2 hPa 1.029E-03 g/cm³ 000 chk 42737
06/01/2020 23:47:00  23.26 °C  56.82 %  882.2 hPa 1.029E-03 g/cm³ 000 chk  3924
06/01/2020 23:48:00  23.26 °C  56.96 %  882.1 hPa 1.029E-03 g/cm³ 000 chk 12499
06/01/2020 23:49:00  23.26 °C  56.85 %  882.1 hPa 1.029E-03 g/cm³ 000 chk 11611
06/01/2020 23:50:00  23.26 °C  56.83 %  882.1 hPa 1.029E-03 g/cm³ 000 chk 34680
06/01/2020 23:51:00  23.26 °C  56.85 %  882.1 hPa 1.029E-03 g/cm³ 000 chk 50140
06/01/2020 23:52:00  23.26 °C  56.86 %  882.1 hPa 1.029E-03 g/cm³ 000 chk  2867
06/01/2020 23:53:00  23.26 °C  56.79 %  882.1 hPa 1.029E-03 g/cm³ 000 chk 19263
06/01/2020 23:54:00  23.26 °C  56.69 %  882.1 hPa 1.029E-03 g/cm³ 000 chk  7786
06/01/2020 23:55:00  23.26 °C  56.85 %  882.1 hPa 1.029E-03 g/cm³ 000 chk 59722
06/01/2020 23:56:00  23.26 °C  56.78 %  882.0 hPa 1.029E-03 g/cm³ 000 chk 57176
06/01/2020 23:57:00  23.26 °C  56.67 %  882.0 hPa 1.029E-03 g/cm³ 000 chk 24275
06/01/2020 23:58:00  23.26 °C  56.63 %  882.0 hPa 1.029E-03 g/cm³ 000 chk 60039
06/01/2020 23:59:00  23.26 °C  56.68 %  882.0 hPa 1.029E-03 g/cm³ 000 chk 57121
