21/04/2020  8:30:36  19.57 °C  58.50 %  881.5 hPa 1.043E-03 g/cm³ 000 chk 17468
21/04/2020  8:31:00  19.57 °C  58.60 %  881.5 hPa 1.043E-03 g/cm³ 000 chk 59573
21/04/2020  8:32:00  19.58 °C  59.03 %  881.5 hPa 1.043E-03 g/cm³ 000 chk 19426
21/04/2020  8:33:00  19.58 °C  58.44 %  881.5 hPa 1.043E-03 g/cm³ 000 chk 45806
21/04/2020  8:34:00  19.59 °C  58.64 %  881.5 hPa 1.043E-03 g/cm³ 000 chk 30220
21/04/2020  8:35:00  19.60 °C  58.49 %  881.5 hPa 1.043E-03 g/cm³ 000 chk 50061
21/04/2020  8:36:00  19.61 °C  58.77 %  881.5 hPa 1.043E-03 g/cm³ 000 chk 60375
21/04/2020  8:37:00  19.62 °C  58.41 %  881.5 hPa 1.043E-03 g/cm³ 000 chk 23879
21/04/2020  8:38:00  19.62 °C  58.38 %  881.5 hPa 1.043E-03 g/cm³ 000 chk 22739
21/04/2020  8:39:00  19.63 °C  58.25 %  881.6 hPa 1.043E-03 g/cm³ 000 chk 39270
21/04/2020  8:40:00  19.63 °C  58.25 %  881.6 hPa 1.043E-03 g/cm³ 000 chk 33978
21/04/2020  8:41:00  19.63 °C  58.15 %  881.6 hPa 1.043E-03 g/cm³ 000 chk 11881
21/04/2020  8:42:00  19.64 °C  58.21 %  881.6 hPa 1.043E-03 g/cm³ 000 chk 53429
21/04/2020  8:43:00  19.64 °C  58.10 %  881.6 hPa 1.043E-03 g/cm³ 000 chk 38759
21/04/2020  8:44:00  19.64 °C  58.17 %  881.6 hPa 1.043E-03 g/cm³ 000 chk   287
21/04/2020  8:45:00  19.64 °C  58.09 %  881.6 hPa 1.043E-03 g/cm³ 000 chk 28053
21/04/2020  8:46:00  19.64 °C  58.19 %  881.7 hPa 1.043E-03 g/cm³ 000 chk 60162
21/04/2020  8:47:00  19.64 °C  58.06 %  881.7 hPa 1.043E-03 g/cm³ 000 chk 27273
21/04/2020  8:48:00  19.64 °C  58.14 %  881.7 hPa 1.043E-03 g/cm³ 000 chk 61681
21/04/2020  8:49:00  19.65 °C  58.28 %  881.7 hPa 1.043E-03 g/cm³ 000 chk 22497
21/04/2020  8:50:00  19.65 °C  58.69 %  881.7 hPa 1.043E-03 g/cm³ 000 chk 15990
21/04/2020  8:51:00  19.65 °C  58.44 %  881.7 hPa 1.043E-03 g/cm³ 000 chk  9611
21/04/2020  8:52:00  19.65 °C  58.61 %  881.7 hPa 1.043E-03 g/cm³ 000 chk 49983
21/04/2020  8:53:00  19.65 °C  58.51 %  881.7 hPa 1.043E-03 g/cm³ 000 chk 27116
21/04/2020  8:54:00  19.64 °C  58.75 %  881.7 hPa 1.043E-03 g/cm³ 000 chk 55567
21/04/2020  8:55:00  19.64 °C  58.47 %  881.7 hPa 1.043E-03 g/cm³ 000 chk 59869
21/04/2020  8:56:00  19.64 °C  58.93 %  881.7 hPa 1.043E-03 g/cm³ 000 chk 58307
21/04/2020  8:57:00  19.63 °C  58.78 %  881.7 hPa 1.043E-03 g/cm³ 000 chk  8871
21/04/2020  8:58:00  19.63 °C  58.86 %  881.7 hPa 1.043E-03 g/cm³ 000 chk 58715
21/04/2020  8:59:00  19.63 °C  59.30 %  881.7 hPa 1.043E-03 g/cm³ 000 chk 61693
21/04/2020  9:00:00  19.63 °C  59.06 %  881.7 hPa 1.043E-03 g/cm³ 000 chk 30524
21/04/2020  9:01:00  19.62 °C  59.25 %  881.7 hPa 1.043E-03 g/cm³ 000 chk 64259
21/04/2020  9:02:00  19.62 °C  59.19 %  881.7 hPa 1.043E-03 g/cm³ 000 chk 55448
21/04/2020  9:03:00  19.62 °C  59.08 %  881.7 hPa 1.043E-03 g/cm³ 000 chk 24337
21/04/2020  9:04:00  19.61 °C  59.03 %  881.7 hPa 1.043E-03 g/cm³ 000 chk 42793
21/04/2020  9:05:00  19.61 °C  59.12 %  881.7 hPa 1.043E-03 g/cm³ 000 chk  8352
21/04/2020  9:06:00  19.61 °C  59.44 %  881.7 hPa 1.043E-03 g/cm³ 000 chk 29142
21/04/2020  9:07:00  19.61 °C  59.58 %  881.7 hPa 1.043E-03 g/cm³ 000 chk 34653
21/04/2020  9:08:00  19.61 °C  59.59 %  881.7 hPa 1.043E-03 g/cm³ 000 chk 43529
21/04/2020  9:09:00  19.60 °C  59.89 %  881.7 hPa 1.043E-03 g/cm³ 000 chk 20637
21/04/2020  9:10:00  19.61 °C  59.78 %  881.7 hPa 1.043E-03 g/cm³ 000 chk 27092
21/04/2020  9:11:00  19.60 °C  59.47 %  881.7 hPa 1.043E-03 g/cm³ 000 chk 47556
21/04/2020  9:12:00  19.60 °C  59.58 %  881.7 hPa 1.043E-03 g/cm³ 000 chk 11524
21/04/2020  9:13:00  19.60 °C  59.95 %  881.7 hPa 1.043E-03 g/cm³ 000 chk 63358
21/04/2020  9:14:00  19.60 °C  59.70 %  881.7 hPa 1.043E-03 g/cm³ 000 chk 14976
21/04/2020  9:15:00  19.59 °C  59.50 %  881.7 hPa 1.043E-03 g/cm³ 000 chk 65027
21/04/2020  9:16:00  19.59 °C  59.43 %  881.7 hPa 1.043E-03 g/cm³ 000 chk 63168
21/04/2020  9:17:00  19.58 °C  59.38 %  881.7 hPa 1.043E-03 g/cm³ 000 chk 37476
21/04/2020  9:18:00  19.58 °C  59.49 %  881.7 hPa 1.043E-03 g/cm³ 000 chk 32754
21/04/2020  9:19:00  19.58 °C  59.62 %  881.8 hPa 1.043E-03 g/cm³ 000 chk 44559
21/04/2020  9:20:00  19.58 °C  59.39 %  881.8 hPa 1.043E-03 g/cm³ 000 chk 17122
21/04/2020  9:21:00  19.58 °C  59.46 %  881.8 hPa 1.043E-03 g/cm³ 000 chk 50055
21/04/2020  9:22:00  19.58 °C  59.37 %  881.8 hPa 1.043E-03 g/cm³ 000 chk 20907
21/04/2020  9:23:00  19.58 °C  59.63 %  881.8 hPa 1.043E-03 g/cm³ 000 chk 36759
21/04/2020  9:24:00  19.58 °C  60.30 %  881.8 hPa 1.043E-03 g/cm³ 000 chk 10036
21/04/2020  9:25:00  19.58 °C  61.39 %  881.8 hPa 1.043E-03 g/cm³ 000 chk  6287
21/04/2020  9:26:00  19.59 °C  61.71 %  881.9 hPa 1.043E-03 g/cm³ 000 chk 59203
21/04/2020  9:27:00  19.59 °C  62.11 %  881.9 hPa 1.043E-03 g/cm³ 000 chk 48430
21/04/2020  9:28:00  19.60 °C  62.14 %  882.0 hPa 1.043E-03 g/cm³ 000 chk 16120
21/04/2020  9:29:00  19.60 °C  61.58 %  882.0 hPa 1.043E-03 g/cm³ 000 chk 14541
21/04/2020  9:30:00  19.61 °C  61.09 %  881.9 hPa 1.043E-03 g/cm³ 000 chk 29769
21/04/2020  9:31:00  19.61 °C  60.69 %  881.9 hPa 1.043E-03 g/cm³ 000 chk 19999
21/04/2020  9:32:00  19.61 °C  60.39 %  881.9 hPa 1.043E-03 g/cm³ 000 chk 61801
21/04/2020  9:33:00  19.61 °C  60.18 %  882.0 hPa 1.043E-03 g/cm³ 000 chk   616
21/04/2020  9:34:00  19.60 °C  60.06 %  882.0 hPa 1.043E-03 g/cm³ 000 chk 49407
21/04/2020  9:35:00  19.61 °C  59.99 %  882.0 hPa 1.043E-03 g/cm³ 000 chk 23454
21/04/2020  9:36:00  19.61 °C  60.01 %  882.0 hPa 1.043E-03 g/cm³ 000 chk 18293
21/04/2020  9:37:00  19.61 °C  60.26 %  882.0 hPa 1.043E-03 g/cm³ 000 chk 11915
21/04/2020  9:38:00  19.61 °C  59.87 %  882.0 hPa 1.043E-03 g/cm³ 000 chk 18606
21/04/2020  9:39:00  19.61 °C  60.09 %  882.0 hPa 1.043E-03 g/cm³ 000 chk 28450
21/04/2020  9:40:00  19.61 °C  60.08 %  881.9 hPa 1.043E-03 g/cm³ 000 chk 60160
21/04/2020  9:41:00  19.60 °C  59.92 %  882.0 hPa 1.043E-03 g/cm³ 000 chk 40350
21/04/2020  9:42:00  19.61 °C  60.16 %  882.0 hPa 1.043E-03 g/cm³ 000 chk 19610
21/04/2020  9:43:00  19.60 °C  60.16 %  882.0 hPa 1.043E-03 g/cm³ 000 chk 30718
21/04/2020  9:44:00  19.60 °C  60.18 %  882.0 hPa 1.043E-03 g/cm³ 000 chk 58501
21/04/2020  9:45:00  19.60 °C  60.21 %  882.0 hPa 1.043E-03 g/cm³ 000 chk 19285
21/04/2020  9:46:00  19.60 °C  60.15 %  882.0 hPa 1.043E-03 g/cm³ 000 chk 32972
21/04/2020  9:47:00  19.60 °C  60.08 %  882.0 hPa 1.043E-03 g/cm³ 000 chk 39750
21/04/2020  9:48:00  19.60 °C  60.22 %  882.0 hPa 1.043E-03 g/cm³ 000 chk 59723
21/04/2020  9:49:00  19.60 °C  60.45 %  882.0 hPa 1.043E-03 g/cm³ 000 chk 16384
21/04/2020  9:50:00  19.59 °C  60.30 %  882.0 hPa 1.043E-03 g/cm³ 000 chk 62365
21/04/2020  9:51:00  19.59 °C  60.04 %  882.0 hPa 1.043E-03 g/cm³ 000 chk 11599
21/04/2020  9:52:00  19.59 °C  60.06 %  882.0 hPa 1.043E-03 g/cm³ 000 chk  2209
21/04/2020  9:53:00  19.59 °C  60.24 %  882.0 hPa 1.043E-03 g/cm³ 000 chk 63583
21/04/2020  9:54:00  19.59 °C  60.16 %  882.0 hPa 1.043E-03 g/cm³ 000 chk 63312
21/04/2020  9:55:00  19.59 °C  60.31 %  881.9 hPa 1.043E-03 g/cm³ 000 chk 59985
21/04/2020  9:56:00  19.59 °C  60.26 %  881.9 hPa 1.043E-03 g/cm³ 000 chk 38547
21/04/2020  9:57:00  19.59 °C  60.24 %  881.9 hPa 1.043E-03 g/cm³ 000 chk 42550
21/04/2020  9:58:00  19.60 °C  60.11 %  881.9 hPa 1.043E-03 g/cm³ 000 chk 20840
21/04/2020  9:59:00  19.60 °C  60.31 %  882.0 hPa 1.043E-03 g/cm³ 000 chk 20328
21/04/2020 10:00:00  19.60 °C  60.43 %  882.0 hPa 1.043E-03 g/cm³ 000 chk 46547
21/04/2020 10:01:00  19.60 °C  60.37 %  881.9 hPa 1.043E-03 g/cm³ 000 chk 57163
21/04/2020 10:02:00  19.60 °C  60.24 %  882.0 hPa 1.043E-03 g/cm³ 000 chk 41847
21/04/2020 10:03:00  19.60 °C  60.14 %  882.0 hPa 1.043E-03 g/cm³ 000 chk  2468
21/04/2020 10:04:00  19.60 °C  60.36 %  882.0 hPa 1.043E-03 g/cm³ 000 chk 50823
21/04/2020 10:05:00  19.60 °C  60.25 %  881.9 hPa 1.043E-03 g/cm³ 000 chk 45040
21/04/2020 10:06:00  19.60 °C  60.18 %  881.9 hPa 1.043E-03 g/cm³ 000 chk 24938
21/04/2020 10:07:00  19.60 °C  60.22 %  881.9 hPa 1.043E-03 g/cm³ 000 chk 47546
21/04/2020 10:08:00  19.60 °C  60.10 %  881.9 hPa 1.043E-03 g/cm³ 000 chk 58265
21/04/2020 10:09:00  19.59 °C  60.32 %  881.9 hPa 1.043E-03 g/cm³ 000 chk 48411
21/04/2020 10:10:00  19.60 °C  60.16 %  881.9 hPa 1.043E-03 g/cm³ 000 chk 58142
21/04/2020 10:11:00  19.60 °C  60.21 %  881.9 hPa 1.043E-03 g/cm³ 000 chk 19148
21/04/2020 10:12:00  19.59 °C  60.18 %  881.9 hPa 1.043E-03 g/cm³ 000 chk 24107
21/04/2020 10:13:00  19.59 °C  60.07 %  881.9 hPa 1.043E-03 g/cm³ 000 chk 57248
21/04/2020 10:14:00  19.60 °C  60.00 %  881.9 hPa 1.043E-03 g/cm³ 000 chk 59300
21/04/2020 10:15:00  19.60 °C  59.99 %  881.9 hPa 1.043E-03 g/cm³ 000 chk   773
21/04/2020 10:16:00  19.60 °C  59.95 %  881.8 hPa 1.043E-03 g/cm³ 000 chk 55741
21/04/2020 10:17:00  19.60 °C  60.13 %  881.8 hPa 1.043E-03 g/cm³ 000 chk  5683
21/04/2020 10:18:00  19.60 °C  59.89 %  881.8 hPa 1.043E-03 g/cm³ 000 chk 61283
21/04/2020 10:19:00  19.60 °C  60.14 %  881.8 hPa 1.043E-03 g/cm³ 000 chk 32707
21/04/2020 10:20:00  19.60 °C  60.30 %  881.8 hPa 1.043E-03 g/cm³ 000 chk 47343
21/04/2020 10:21:00  19.60 °C  60.24 %  881.7 hPa 1.043E-03 g/cm³ 000 chk 33382
21/04/2020 10:22:00  19.60 °C  60.22 %  881.8 hPa 1.043E-03 g/cm³ 000 chk 63369
21/04/2020 10:23:00  19.60 °C  60.05 %  881.7 hPa 1.043E-03 g/cm³ 000 chk 47735
21/04/2020 10:24:00  19.60 °C  60.25 %  881.7 hPa 1.043E-03 g/cm³ 000 chk 61269
21/04/2020 10:25:00  19.60 °C  60.14 %  881.7 hPa 1.043E-03 g/cm³ 000 chk 43143
21/04/2020 10:26:00  19.60 °C  60.06 %  881.7 hPa 1.043E-03 g/cm³ 000 chk 19781
21/04/2020 10:27:00  19.60 °C  60.25 %  881.7 hPa 1.043E-03 g/cm³ 000 chk 20666
21/04/2020 10:28:00  19.60 °C  60.26 %  881.7 hPa 1.043E-03 g/cm³ 000 chk 59375
21/04/2020 10:29:00  19.60 °C  60.22 %  881.7 hPa 1.043E-03 g/cm³ 000 chk 14666
21/04/2020 10:30:00  19.60 °C  60.08 %  881.7 hPa 1.043E-03 g/cm³ 000 chk 53041
21/04/2020 10:31:00  19.59 °C  60.18 %  881.7 hPa 1.043E-03 g/cm³ 000 chk  3013
21/04/2020 10:32:00  19.59 °C  60.26 %  881.7 hPa 1.043E-03 g/cm³ 000 chk 45663
21/04/2020 10:33:00  19.59 °C  60.38 %  881.7 hPa 1.043E-03 g/cm³ 000 chk 57045
21/04/2020 10:34:00  19.60 °C  60.21 %  881.7 hPa 1.043E-03 g/cm³ 000 chk  8447
21/04/2020 10:35:00  19.60 °C  60.50 %  881.7 hPa 1.043E-03 g/cm³ 000 chk 42904
21/04/2020 10:36:00  19.60 °C  60.64 %  881.7 hPa 1.043E-03 g/cm³ 000 chk 27649
21/04/2020 10:37:00  19.60 °C  60.38 %  881.7 hPa 1.043E-03 g/cm³ 000 chk 23103
21/04/2020 10:38:00  19.60 °C  60.48 %  881.7 hPa 1.043E-03 g/cm³ 000 chk 23208
21/04/2020 10:39:00  19.60 °C  60.49 %  881.7 hPa 1.043E-03 g/cm³ 000 chk  7437
21/04/2020 10:40:00  19.60 °C  60.35 %  881.7 hPa 1.043E-03 g/cm³ 000 chk 23568
21/04/2020 10:41:00  19.60 °C  60.46 %  881.7 hPa 1.043E-03 g/cm³ 000 chk 16758
21/04/2020 10:42:00  19.61 °C  60.57 %  881.7 hPa 1.043E-03 g/cm³ 000 chk 17012
21/04/2020 10:43:00  19.61 °C  60.49 %  881.6 hPa 1.043E-03 g/cm³ 000 chk 55210
21/04/2020 10:44:00  19.61 °C  60.49 %  881.6 hPa 1.043E-03 g/cm³ 000 chk 17107
21/04/2020 10:45:00  19.61 °C  60.52 %  881.6 hPa 1.043E-03 g/cm³ 000 chk 46937
21/04/2020 10:46:00  19.61 °C  60.54 %  881.6 hPa 1.043E-03 g/cm³ 000 chk 59062
21/04/2020 10:47:00  19.62 °C  60.60 %  881.6 hPa 1.043E-03 g/cm³ 000 chk 51751
21/04/2020 10:48:00  19.62 °C  60.55 %  881.6 hPa 1.043E-03 g/cm³ 000 chk 37637
21/04/2020 10:49:00  19.61 °C  60.59 %  881.6 hPa 1.043E-03 g/cm³ 000 chk 22497
21/04/2020 10:50:00  19.62 °C  60.52 %  881.6 hPa 1.043E-03 g/cm³ 000 chk 32387
21/04/2020 10:51:00  19.62 °C  60.63 %  881.6 hPa 1.043E-03 g/cm³ 000 chk 14673
21/04/2020 10:52:00  19.62 °C  60.52 %  881.6 hPa 1.043E-03 g/cm³ 000 chk 27592
21/04/2020 10:53:00  19.62 °C  60.39 %  881.6 hPa 1.043E-03 g/cm³ 000 chk 24192
21/04/2020 10:54:00  19.62 °C  60.38 %  881.5 hPa 1.043E-03 g/cm³ 000 chk 27911
21/04/2020 10:55:00  19.63 °C  60.68 %  881.5 hPa 1.043E-03 g/cm³ 000 chk 22266
21/04/2020 10:56:00  19.62 °C  60.52 %  881.6 hPa 1.043E-03 g/cm³ 000 chk 16734
21/04/2020 10:57:00  19.63 °C  60.58 %  881.6 hPa 1.043E-03 g/cm³ 000 chk  2105
21/04/2020 10:58:00  19.63 °C  60.52 %  881.6 hPa 1.043E-03 g/cm³ 000 chk 47727
21/04/2020 10:59:00  19.63 °C  60.62 %  881.5 hPa 1.043E-03 g/cm³ 000 chk 23363
21/04/2020 11:00:00  19.63 °C  60.61 %  881.5 hPa 1.043E-03 g/cm³ 000 chk 17909
21/04/2020 11:01:00  19.63 °C  60.63 %  881.5 hPa 1.043E-03 g/cm³ 000 chk 30032
21/04/2020 11:02:00  19.63 °C  60.39 %  881.5 hPa 1.043E-03 g/cm³ 000 chk 47141
21/04/2020 11:03:00  19.63 °C  60.39 %  881.5 hPa 1.043E-03 g/cm³ 000 chk  4737
21/04/2020 11:04:00  19.63 °C  60.60 %  881.5 hPa 1.043E-03 g/cm³ 000 chk 33378
21/04/2020 11:05:00  19.63 °C  60.53 %  881.4 hPa 1.043E-03 g/cm³ 000 chk 42725
21/04/2020 11:06:00  19.64 °C  60.53 %  881.5 hPa 1.043E-03 g/cm³ 000 chk 54555
21/04/2020 11:07:00  19.64 °C  60.43 %  881.4 hPa 1.042E-03 g/cm³ 000 chk 17926
21/04/2020 11:08:00  19.64 °C  60.46 %  881.4 hPa 1.042E-03 g/cm³ 000 chk  8019
21/04/2020 11:09:00  19.64 °C  60.62 %  881.4 hPa 1.042E-03 g/cm³ 000 chk   429
21/04/2020 11:10:00  19.64 °C  60.58 %  881.4 hPa 1.042E-03 g/cm³ 000 chk 14330
21/04/2020 11:11:00  19.64 °C  60.53 %  881.4 hPa 1.042E-03 g/cm³ 000 chk   604
21/04/2020 11:12:00  19.64 °C  60.43 %  881.3 hPa 1.042E-03 g/cm³ 000 chk  4917
21/04/2020 11:13:00  19.64 °C  60.61 %  881.3 hPa 1.042E-03 g/cm³ 000 chk 58315
21/04/2020 11:14:00  19.64 °C  61.00 %  881.3 hPa 1.042E-03 g/cm³ 000 chk  2881
21/04/2020 11:15:00  19.64 °C  60.58 %  881.3 hPa 1.042E-03 g/cm³ 000 chk 55650
21/04/2020 11:16:00  19.64 °C  60.64 %  881.3 hPa 1.042E-03 g/cm³ 000 chk 64249
21/04/2020 11:17:00  19.64 °C  60.62 %  881.3 hPa 1.042E-03 g/cm³ 000 chk 48733
21/04/2020 11:18:00  19.65 °C  60.72 %  881.3 hPa 1.042E-03 g/cm³ 000 chk 12260
21/04/2020 11:19:00  19.65 °C  60.73 %  881.3 hPa 1.042E-03 g/cm³ 000 chk 26689
21/04/2020 11:20:00  19.65 °C  60.99 %  881.3 hPa 1.042E-03 g/cm³ 000 chk 43187
21/04/2020 11:21:00  19.65 °C  60.89 %  881.3 hPa 1.042E-03 g/cm³ 000 chk 49723
21/04/2020 11:22:00  19.65 °C  61.01 %  881.2 hPa 1.042E-03 g/cm³ 000 chk 15863
21/04/2020 11:23:00  19.65 °C  61.07 %  881.2 hPa 1.042E-03 g/cm³ 000 chk 31059
21/04/2020 11:24:00  19.66 °C  61.43 %  881.2 hPa 1.042E-03 g/cm³ 000 chk 43741
21/04/2020 11:25:00  19.66 °C  61.61 %  881.2 hPa 1.042E-03 g/cm³ 000 chk 23075
21/04/2020 11:26:00  19.66 °C  61.56 %  881.3 hPa 1.042E-03 g/cm³ 000 chk  8174
21/04/2020 11:27:00  19.67 °C  61.56 %  881.2 hPa 1.042E-03 g/cm³ 000 chk 56798
21/04/2020 11:28:00  19.67 °C  61.57 %  881.2 hPa 1.042E-03 g/cm³ 000 chk 61578
21/04/2020 11:29:00  19.67 °C  61.65 %  881.2 hPa 1.042E-03 g/cm³ 000 chk 49240
21/04/2020 11:30:00  19.68 °C  61.66 %  881.2 hPa 1.042E-03 g/cm³ 000 chk  2097
21/04/2020 11:31:00  19.68 °C  61.62 %  881.2 hPa 1.042E-03 g/cm³ 000 chk 54932
21/04/2020 11:32:00  19.68 °C  61.63 %  881.2 hPa 1.042E-03 g/cm³ 000 chk 33914
21/04/2020 11:33:00  19.68 °C  61.97 %  881.2 hPa 1.042E-03 g/cm³ 000 chk 23412
21/04/2020 11:34:00  19.69 °C  61.84 %  881.2 hPa 1.042E-03 g/cm³ 000 chk 59617
21/04/2020 11:35:00  19.69 °C  61.91 %  881.1 hPa 1.042E-03 g/cm³ 000 chk 20630
21/04/2020 11:36:00  19.69 °C  62.13 %  881.2 hPa 1.042E-03 g/cm³ 000 chk  4041
21/04/2020 11:37:00  19.70 °C  62.38 %  881.1 hPa 1.042E-03 g/cm³ 000 chk 48789
21/04/2020 11:38:00  19.70 °C  62.18 %  881.1 hPa 1.042E-03 g/cm³ 000 chk 48795
21/04/2020 11:39:00  19.71 °C  62.29 %  881.1 hPa 1.042E-03 g/cm³ 000 chk 26761
21/04/2020 11:40:00  19.71 °C  62.53 %  881.1 hPa 1.042E-03 g/cm³ 000 chk 51092
21/04/2020 11:41:00  19.72 °C  62.42 %  881.1 hPa 1.041E-03 g/cm³ 000 chk 45853
21/04/2020 11:42:00  19.73 °C  62.45 %  881.1 hPa 1.041E-03 g/cm³ 000 chk 40499
21/04/2020 11:43:00  19.73 °C  62.32 %  881.1 hPa 1.041E-03 g/cm³ 000 chk 63316
21/04/2020 11:44:00  19.74 °C  62.42 %  881.0 hPa 1.041E-03 g/cm³ 000 chk 28414
21/04/2020 11:45:00  19.74 °C  62.39 %  881.0 hPa 1.041E-03 g/cm³ 000 chk 39834
21/04/2020 11:46:00  19.74 °C  62.33 %  881.0 hPa 1.041E-03 g/cm³ 000 chk 22134
21/04/2020 11:47:00  19.74 °C  62.32 %  881.0 hPa 1.041E-03 g/cm³ 000 chk  4563
21/04/2020 11:48:00  19.74 °C  62.48 %  881.0 hPa 1.041E-03 g/cm³ 000 chk 25415
21/04/2020 11:49:00  19.74 °C  62.53 %  881.0 hPa 1.041E-03 g/cm³ 000 chk 38605
21/04/2020 11:50:00  19.74 °C  62.60 %  881.0 hPa 1.041E-03 g/cm³ 000 chk 42393
21/04/2020 11:51:00  19.75 °C  62.49 %  880.9 hPa 1.041E-03 g/cm³ 000 chk 27301
21/04/2020 11:52:00  19.75 °C  62.55 %  880.9 hPa 1.041E-03 g/cm³ 000 chk 35173
21/04/2020 11:53:00  19.75 °C  62.65 %  880.9 hPa 1.041E-03 g/cm³ 000 chk  9142
21/04/2020 11:54:00  19.75 °C  62.54 %  880.9 hPa 1.041E-03 g/cm³ 000 chk 23481
21/04/2020 11:55:00  19.76 °C  62.67 %  880.9 hPa 1.041E-03 g/cm³ 000 chk 29737
21/04/2020 11:56:00  19.76 °C  62.69 %  880.9 hPa 1.041E-03 g/cm³ 000 chk 52676
21/04/2020 11:57:00  19.76 °C  62.85 %  880.9 hPa 1.041E-03 g/cm³ 000 chk 15076
21/04/2020 11:58:00  19.77 °C  62.91 %  880.9 hPa 1.041E-03 g/cm³ 000 chk 57180
21/04/2020 11:59:00  19.77 °C  62.83 %  880.9 hPa 1.041E-03 g/cm³ 000 chk 12245
21/04/2020 12:00:00  19.77 °C  62.87 %  880.9 hPa 1.041E-03 g/cm³ 000 chk 46108
21/04/2020 12:01:00  19.77 °C  63.04 %  880.9 hPa 1.041E-03 g/cm³ 000 chk 14541
21/04/2020 12:02:00  19.78 °C  62.90 %  880.9 hPa 1.041E-03 g/cm³ 000 chk 39216
21/04/2020 12:03:00  19.78 °C  62.85 %  880.8 hPa 1.041E-03 g/cm³ 000 chk 37868
21/04/2020 12:04:00  19.78 °C  62.86 %  880.9 hPa 1.041E-03 g/cm³ 000 chk 35009
21/04/2020 12:05:00  19.78 °C  63.02 %  880.9 hPa 1.041E-03 g/cm³ 000 chk  1809
21/04/2020 12:06:00  19.79 °C  63.04 %  880.9 hPa 1.041E-03 g/cm³ 000 chk 51006
21/04/2020 12:07:00  19.79 °C  62.96 %  880.9 hPa 1.041E-03 g/cm³ 000 chk 26306
21/04/2020 12:08:00  19.79 °C  63.10 %  880.9 hPa 1.041E-03 g/cm³ 000 chk  6626
21/04/2020 12:09:00  19.80 °C  63.33 %  880.9 hPa 1.041E-03 g/cm³ 000 chk 44200
21/04/2020 12:10:00  19.80 °C  63.42 %  880.8 hPa 1.041E-03 g/cm³ 000 chk 15388
21/04/2020 12:11:00  19.80 °C  63.32 %  880.9 hPa 1.041E-03 g/cm³ 000 chk 44846
21/04/2020 12:12:00  19.80 °C  63.28 %  880.8 hPa 1.041E-03 g/cm³ 000 chk 23482
21/04/2020 12:13:00  19.81 °C  63.47 %  880.8 hPa 1.041E-03 g/cm³ 000 chk 35635
21/04/2020 12:14:00  19.81 °C  63.27 %  880.8 hPa 1.041E-03 g/cm³ 000 chk  7844
21/04/2020 12:15:00  19.81 °C  63.53 %  880.8 hPa 1.041E-03 g/cm³ 000 chk   195
21/04/2020 12:16:00  19.81 °C  63.46 %  880.8 hPa 1.041E-03 g/cm³ 000 chk 58880
21/04/2020 12:17:00  19.81 °C  63.30 %  880.7 hPa 1.041E-03 g/cm³ 000 chk 18022
21/04/2020 12:18:00  19.82 °C  63.46 %  880.7 hPa 1.041E-03 g/cm³ 000 chk 23218
21/04/2020 12:19:00  19.82 °C  63.23 %  880.7 hPa 1.041E-03 g/cm³ 000 chk 27128
21/04/2020 12:20:00  19.82 °C  63.10 %  880.7 hPa 1.041E-03 g/cm³ 000 chk 28153
21/04/2020 12:21:00  19.82 °C  63.11 %  880.7 hPa 1.041E-03 g/cm³ 000 chk 10844
21/04/2020 12:22:00  19.82 °C  63.02 %  880.7 hPa 1.041E-03 g/cm³ 000 chk  8863
21/04/2020 12:23:00  19.82 °C  63.17 %  880.6 hPa 1.040E-03 g/cm³ 000 chk 10370
21/04/2020 12:24:00  19.82 °C  63.00 %  880.6 hPa 1.040E-03 g/cm³ 000 chk 32470
21/04/2020 12:25:00  19.82 °C  63.14 %  880.7 hPa 1.041E-03 g/cm³ 000 chk 39370
21/04/2020 12:26:00  19.82 °C  62.82 %  880.7 hPa 1.041E-03 g/cm³ 000 chk 22908
21/04/2020 12:27:00  19.82 °C  62.98 %  880.6 hPa 1.040E-03 g/cm³ 000 chk 47202
21/04/2020 12:28:00  19.82 °C  62.83 %  880.6 hPa 1.040E-03 g/cm³ 000 chk 10009
21/04/2020 12:29:00  19.82 °C  62.85 %  880.6 hPa 1.040E-03 g/cm³ 000 chk 25533
21/04/2020 12:30:00  19.82 °C  62.79 %  880.6 hPa 1.040E-03 g/cm³ 000 chk 47670
21/04/2020 12:31:00  19.82 °C  62.94 %  880.6 hPa 1.040E-03 g/cm³ 000 chk 40983
21/04/2020 12:32:00  19.82 °C  62.90 %  880.6 hPa 1.040E-03 g/cm³ 000 chk 27641
21/04/2020 12:33:00  19.82 °C  62.62 %  880.5 hPa 1.040E-03 g/cm³ 000 chk  4360
21/04/2020 12:34:00  19.82 °C  62.73 %  880.5 hPa 1.040E-03 g/cm³ 000 chk 43356
21/04/2020 12:35:00  19.81 °C  62.37 %  880.5 hPa 1.040E-03 g/cm³ 000 chk 17679
21/04/2020 12:36:00  19.81 °C  62.37 %  880.5 hPa 1.040E-03 g/cm³ 000 chk 64224
21/04/2020 12:37:00  19.81 °C  62.40 %  880.5 hPa 1.040E-03 g/cm³ 000 chk 37767
21/04/2020 12:38:00  19.82 °C  62.46 %  880.5 hPa 1.041E-03 g/cm³ 000 chk 20304
21/04/2020 12:39:00  19.81 °C  62.62 %  880.5 hPa 1.040E-03 g/cm³ 000 chk 41772
21/04/2020 12:40:00  19.82 °C  62.55 %  880.5 hPa 1.040E-03 g/cm³ 000 chk 20421
21/04/2020 12:41:00  19.82 °C  62.41 %  880.5 hPa 1.040E-03 g/cm³ 000 chk 20812
21/04/2020 12:42:00  19.82 °C  62.40 %  880.5 hPa 1.040E-03 g/cm³ 000 chk   930
21/04/2020 12:43:00  19.82 °C  62.28 %  880.4 hPa 1.040E-03 g/cm³ 000 chk 47294
21/04/2020 12:44:00  19.82 °C  62.38 %  880.4 hPa 1.040E-03 g/cm³ 000 chk 60907
21/04/2020 12:45:00  19.82 °C  62.44 %  880.4 hPa 1.040E-03 g/cm³ 000 chk  7054
21/04/2020 12:46:00  19.82 °C  62.29 %  880.3 hPa 1.040E-03 g/cm³ 000 chk 47911
21/04/2020 12:47:00  19.82 °C  62.34 %  880.3 hPa 1.040E-03 g/cm³ 000 chk 41133
21/04/2020 12:48:00  19.82 °C  62.46 %  880.3 hPa 1.040E-03 g/cm³ 000 chk 14907
21/04/2020 12:49:00  19.82 °C  62.25 %  880.3 hPa 1.040E-03 g/cm³ 000 chk 59249
21/04/2020 12:50:00  19.82 °C  62.39 %  880.2 hPa 1.040E-03 g/cm³ 000 chk  1577
21/04/2020 12:51:00  19.82 °C  62.23 %  880.2 hPa 1.040E-03 g/cm³ 000 chk  7842
21/04/2020 12:52:00  19.82 °C  62.16 %  880.2 hPa 1.040E-03 g/cm³ 000 chk 14394
21/04/2020 12:53:00  19.82 °C  62.14 %  880.1 hPa 1.040E-03 g/cm³ 000 chk 17248
21/04/2020 12:54:00  19.82 °C  62.16 %  880.2 hPa 1.040E-03 g/cm³ 000 chk  2023
21/04/2020 12:55:00  19.82 °C  62.10 %  880.2 hPa 1.040E-03 g/cm³ 000 chk 17219
21/04/2020 12:56:00  19.82 °C  62.11 %  880.2 hPa 1.040E-03 g/cm³ 000 chk  4525
21/04/2020 12:57:00  19.82 °C  62.22 %  880.2 hPa 1.040E-03 g/cm³ 000 chk 52350
21/04/2020 12:58:00  19.82 °C  62.33 %  880.2 hPa 1.040E-03 g/cm³ 000 chk  8454
21/04/2020 12:59:00  19.82 °C  62.27 %  880.1 hPa 1.040E-03 g/cm³ 000 chk 29808
21/04/2020 13:00:00  19.82 °C  62.40 %  880.1 hPa 1.040E-03 g/cm³ 000 chk  7721
21/04/2020 13:01:00  19.82 °C  62.44 %  880.1 hPa 1.040E-03 g/cm³ 000 chk 49292
21/04/2020 13:02:00  19.82 °C  62.61 %  880.1 hPa 1.040E-03 g/cm³ 000 chk  9784
21/04/2020 13:03:00  19.82 °C  62.46 %  880.1 hPa 1.040E-03 g/cm³ 000 chk 20422
21/04/2020 13:04:00  19.82 °C  62.67 %  880.1 hPa 1.040E-03 g/cm³ 000 chk 63461
21/04/2020 13:05:00  19.82 °C  62.59 %  880.1 hPa 1.040E-03 g/cm³ 000 chk 23348
21/04/2020 13:06:00  19.82 °C  62.70 %  880.1 hPa 1.040E-03 g/cm³ 000 chk  8579
21/04/2020 13:07:00  19.81 °C  62.56 %  880.1 hPa 1.040E-03 g/cm³ 000 chk 22335
21/04/2020 13:08:00  19.81 °C  62.45 %  880.0 hPa 1.040E-03 g/cm³ 000 chk 55570
21/04/2020 13:09:00  19.82 °C  62.61 %  880.1 hPa 1.040E-03 g/cm³ 000 chk 52475
21/04/2020 13:10:00  19.81 °C  62.52 %  880.1 hPa 1.040E-03 g/cm³ 000 chk  3564
21/04/2020 13:11:00  19.82 °C  62.74 %  880.0 hPa 1.040E-03 g/cm³ 000 chk 33284
21/04/2020 13:12:00  19.82 °C  62.51 %  880.0 hPa 1.040E-03 g/cm³ 000 chk 25776
21/04/2020 13:13:00  19.82 °C  62.39 %  880.0 hPa 1.040E-03 g/cm³ 000 chk  9976
21/04/2020 13:14:00  19.82 °C  62.45 %  879.9 hPa 1.040E-03 g/cm³ 000 chk 35236
21/04/2020 13:15:00  19.82 °C  62.27 %  880.0 hPa 1.040E-03 g/cm³ 000 chk 57099
21/04/2020 13:16:00  19.82 °C  62.30 %  879.9 hPa 1.040E-03 g/cm³ 000 chk 50477
21/04/2020 13:17:00  19.82 °C  62.34 %  879.9 hPa 1.040E-03 g/cm³ 000 chk  7048
21/04/2020 13:18:00  19.82 °C  62.20 %  879.9 hPa 1.040E-03 g/cm³ 000 chk 28656
21/04/2020 13:19:00  19.82 °C  62.10 %  879.9 hPa 1.040E-03 g/cm³ 000 chk 50467
21/04/2020 13:20:00  19.82 °C  62.19 %  879.9 hPa 1.040E-03 g/cm³ 000 chk 45910
21/04/2020 13:21:00  19.82 °C  62.26 %  879.9 hPa 1.040E-03 g/cm³ 000 chk 62086
21/04/2020 13:22:00  19.82 °C  62.26 %  879.9 hPa 1.040E-03 g/cm³ 000 chk 19817
21/04/2020 13:23:00  19.82 °C  62.37 %  879.9 hPa 1.040E-03 g/cm³ 000 chk 51936
21/04/2020 13:24:00  19.82 °C  62.17 %  879.9 hPa 1.040E-03 g/cm³ 000 chk 40898
21/04/2020 13:25:00  19.82 °C  62.49 %  879.9 hPa 1.040E-03 g/cm³ 000 chk 13309
21/04/2020 13:26:00  19.82 °C  62.39 %  879.9 hPa 1.040E-03 g/cm³ 000 chk 19664
21/04/2020 13:27:00  19.82 °C  62.44 %  879.9 hPa 1.040E-03 g/cm³ 000 chk 22452
21/04/2020 13:28:00  19.82 °C  62.47 %  879.8 hPa 1.040E-03 g/cm³ 000 chk  6581
21/04/2020 13:29:00  19.82 °C  62.42 %  879.8 hPa 1.040E-03 g/cm³ 000 chk 10769
21/04/2020 13:30:00  19.83 °C  62.52 %  879.8 hPa 1.040E-03 g/cm³ 000 chk 16350
21/04/2020 13:31:00  19.83 °C  62.41 %  879.8 hPa 1.040E-03 g/cm³ 000 chk  8790
21/04/2020 13:32:00  19.83 °C  62.41 %  879.8 hPa 1.040E-03 g/cm³ 000 chk 40377
21/04/2020 13:33:00  19.83 °C  62.17 %  879.7 hPa 1.039E-03 g/cm³ 000 chk 51471
21/04/2020 13:34:00  19.84 °C  61.93 %  879.7 hPa 1.039E-03 g/cm³ 000 chk 11388
21/04/2020 13:35:00  19.83 °C  61.59 %  879.6 hPa 1.039E-03 g/cm³ 000 chk 14614
21/04/2020 13:36:00  19.83 °C  61.31 %  879.6 hPa 1.039E-03 g/cm³ 000 chk 28181
21/04/2020 13:37:00  19.83 °C  61.50 %  879.6 hPa 1.039E-03 g/cm³ 000 chk 10590
21/04/2020 13:38:00  19.83 °C  61.97 %  879.6 hPa 1.039E-03 g/cm³ 000 chk 60374
21/04/2020 13:39:00  19.83 °C  62.46 %  879.5 hPa 1.039E-03 g/cm³ 000 chk 54875
21/04/2020 13:40:00  19.84 °C  63.18 %  879.5 hPa 1.039E-03 g/cm³ 000 chk 26693
21/04/2020 13:41:00  19.84 °C  63.43 %  879.5 hPa 1.039E-03 g/cm³ 000 chk 23930
21/04/2020 13:42:00  19.84 °C  63.43 %  879.5 hPa 1.039E-03 g/cm³ 000 chk 58005
21/04/2020 13:43:00  19.85 °C  63.33 %  879.5 hPa 1.039E-03 g/cm³ 000 chk  6451
21/04/2020 13:44:00  19.85 °C  63.29 %  879.5 hPa 1.039E-03 g/cm³ 000 chk 15973
21/04/2020 13:45:00  19.85 °C  63.12 %  879.5 hPa 1.039E-03 g/cm³ 000 chk  2996
21/04/2020 13:46:00  19.86 °C  62.92 %  879.4 hPa 1.039E-03 g/cm³ 000 chk 60985
21/04/2020 13:47:00  19.86 °C  62.72 %  879.4 hPa 1.039E-03 g/cm³ 000 chk 34074
21/04/2020 13:48:00  19.86 °C  62.26 %  879.4 hPa 1.039E-03 g/cm³ 000 chk 12759
21/04/2020 13:49:00  19.86 °C  62.20 %  879.4 hPa 1.039E-03 g/cm³ 000 chk 30067
21/04/2020 13:50:00  19.86 °C  62.42 %  879.4 hPa 1.039E-03 g/cm³ 000 chk 43967
21/04/2020 13:51:00  19.87 °C  62.93 %  879.5 hPa 1.039E-03 g/cm³ 000 chk 17790
21/04/2020 13:52:00  19.87 °C  63.28 %  879.5 hPa 1.039E-03 g/cm³ 000 chk 13457
21/04/2020 13:53:00  19.88 °C  63.76 %  879.5 hPa 1.039E-03 g/cm³ 000 chk 25572
21/04/2020 13:54:00  19.89 °C  64.44 %  879.5 hPa 1.039E-03 g/cm³ 000 chk 52602
21/04/2020 13:55:00  19.89 °C  64.39 %  879.5 hPa 1.039E-03 g/cm³ 000 chk 54814
21/04/2020 13:56:00  19.90 °C  64.32 %  879.6 hPa 1.039E-03 g/cm³ 000 chk 45650
21/04/2020 13:57:00  19.90 °C  64.15 %  879.6 hPa 1.039E-03 g/cm³ 000 chk 56236
21/04/2020 13:58:00  19.90 °C  63.85 %  879.6 hPa 1.039E-03 g/cm³ 000 chk 10989
21/04/2020 13:59:00  19.91 °C  63.41 %  879.6 hPa 1.039E-03 g/cm³ 000 chk 25684
21/04/2020 14:00:00  19.90 °C  63.02 %  879.6 hPa 1.039E-03 g/cm³ 000 chk 57622
21/04/2020 14:01:00  19.91 °C  62.71 %  879.6 hPa 1.039E-03 g/cm³ 000 chk 64940
21/04/2020 14:02:00  19.91 °C  62.66 %  879.6 hPa 1.039E-03 g/cm³ 000 chk 33134
21/04/2020 14:03:00  19.90 °C  62.34 %  879.6 hPa 1.039E-03 g/cm³ 000 chk  8338
21/04/2020 14:04:00  19.90 °C  62.37 %  879.6 hPa 1.039E-03 g/cm³ 000 chk 49899
21/04/2020 14:05:00  19.90 °C  62.77 %  879.6 hPa 1.039E-03 g/cm³ 000 chk 43258
21/04/2020 14:06:00  19.91 °C  63.32 %  879.5 hPa 1.039E-03 g/cm³ 000 chk  1155
21/04/2020 14:07:00  19.91 °C  63.92 %  879.5 hPa 1.039E-03 g/cm³ 000 chk 44821
21/04/2020 14:08:00  19.91 °C  64.77 %  879.5 hPa 1.039E-03 g/cm³ 000 chk  1942
21/04/2020 14:09:00  19.92 °C  64.99 %  879.5 hPa 1.039E-03 g/cm³ 000 chk 39156
21/04/2020 14:10:00  19.93 °C  64.85 %  879.5 hPa 1.039E-03 g/cm³ 000 chk  4408
21/04/2020 14:11:00  19.93 °C  64.74 %  879.5 hPa 1.039E-03 g/cm³ 000 chk 22326
21/04/2020 14:12:00  19.94 °C  64.41 %  879.5 hPa 1.039E-03 g/cm³ 000 chk 17643
21/04/2020 14:13:00  19.94 °C  64.16 %  879.6 hPa 1.039E-03 g/cm³ 000 chk 42536
21/04/2020 14:14:00  19.94 °C  63.71 %  879.5 hPa 1.039E-03 g/cm³ 000 chk 19216
21/04/2020 14:15:00  19.94 °C  63.47 %  879.5 hPa 1.039E-03 g/cm³ 000 chk  4035
21/04/2020 14:16:00  19.94 °C  63.09 %  879.6 hPa 1.039E-03 g/cm³ 000 chk 15716
21/04/2020 14:17:00  19.94 °C  62.68 %  879.6 hPa 1.039E-03 g/cm³ 000 chk 59955
21/04/2020 14:18:00  19.94 °C  62.72 %  879.6 hPa 1.039E-03 g/cm³ 000 chk 38985
21/04/2020 14:19:00  19.94 °C  62.97 %  879.6 hPa 1.039E-03 g/cm³ 000 chk 27242
21/04/2020 14:20:00  19.95 °C  63.40 %  879.6 hPa 1.039E-03 g/cm³ 000 chk 55857
21/04/2020 14:21:00  19.95 °C  64.03 %  879.6 hPa 1.039E-03 g/cm³ 000 chk 63345
21/04/2020 14:22:00  19.95 °C  64.52 %  879.6 hPa 1.039E-03 g/cm³ 000 chk 42246
21/04/2020 14:23:00  19.95 °C  64.77 %  879.7 hPa 1.039E-03 g/cm³ 000 chk 44973
21/04/2020 14:24:00  19.96 °C  64.65 %  879.7 hPa 1.039E-03 g/cm³ 000 chk 37562
21/04/2020 14:25:00  19.96 °C  64.70 %  879.8 hPa 1.039E-03 g/cm³ 000 chk 17714
21/04/2020 14:26:00  19.96 °C  64.25 %  879.8 hPa 1.039E-03 g/cm³ 000 chk 25412
21/04/2020 14:27:00  19.96 °C  63.75 %  879.8 hPa 1.039E-03 g/cm³ 000 chk 63784
21/04/2020 14:28:00  19.96 °C  63.40 %  879.8 hPa 1.039E-03 g/cm³ 000 chk 40970
21/04/2020 14:29:00  19.96 °C  62.84 %  879.8 hPa 1.039E-03 g/cm³ 000 chk 61295
21/04/2020 14:30:00  19.96 °C  62.71 %  879.8 hPa 1.039E-03 g/cm³ 000 chk 13287
21/04/2020 14:31:00  19.96 °C  62.85 %  879.7 hPa 1.039E-03 g/cm³ 000 chk 51433
21/04/2020 14:32:00  19.95 °C  63.13 %  879.7 hPa 1.039E-03 g/cm³ 000 chk 64028
21/04/2020 14:33:00  19.95 °C  63.43 %  879.7 hPa 1.039E-03 g/cm³ 000 chk 20513
21/04/2020 14:34:00  19.96 °C  63.93 %  879.7 hPa 1.039E-03 g/cm³ 000 chk 63211
21/04/2020 14:35:00  19.96 °C  64.24 %  879.7 hPa 1.039E-03 g/cm³ 000 chk 44545
21/04/2020 14:36:00  19.96 °C  64.19 %  879.7 hPa 1.039E-03 g/cm³ 000 chk 24731
21/04/2020 14:37:00  19.96 °C  64.09 %  879.7 hPa 1.039E-03 g/cm³ 000 chk  2579
21/04/2020 14:38:00  19.96 °C  63.60 %  879.6 hPa 1.039E-03 g/cm³ 000 chk  1710
21/04/2020 14:39:00  19.96 °C  63.37 %  879.6 hPa 1.039E-03 g/cm³ 000 chk 44946
21/04/2020 14:40:00  19.96 °C  63.17 %  879.6 hPa 1.039E-03 g/cm³ 000 chk 29205
21/04/2020 14:41:00  19.95 °C  63.15 %  879.6 hPa 1.039E-03 g/cm³ 000 chk 45299
21/04/2020 14:42:00  19.95 °C  62.85 %  879.6 hPa 1.039E-03 g/cm³ 000 chk 40517
21/04/2020 14:43:00  19.95 °C  62.57 %  879.6 hPa 1.039E-03 g/cm³ 000 chk 28432
21/04/2020 14:44:00  19.95 °C  62.60 %  879.6 hPa 1.039E-03 g/cm³ 000 chk 63775
21/04/2020 14:45:00  19.95 °C  62.47 %  879.6 hPa 1.039E-03 g/cm³ 000 chk 37089
21/04/2020 14:46:00  19.94 °C  62.30 %  879.6 hPa 1.039E-03 g/cm³ 000 chk 32013
21/04/2020 14:47:00  19.94 °C  62.41 %  879.5 hPa 1.039E-03 g/cm³ 000 chk 45461
21/04/2020 14:48:00  19.94 °C  62.23 %  879.5 hPa 1.039E-03 g/cm³ 000 chk 60207
21/04/2020 14:49:00  19.94 °C  62.33 %  879.5 hPa 1.039E-03 g/cm³ 000 chk 33191
21/04/2020 14:50:00  19.94 °C  61.98 %  879.5 hPa 1.039E-03 g/cm³ 000 chk 43923
21/04/2020 14:51:00  19.93 °C  61.82 %  879.5 hPa 1.039E-03 g/cm³ 000 chk 34397
21/04/2020 14:52:00  19.93 °C  61.74 %  879.6 hPa 1.039E-03 g/cm³ 000 chk 40422
21/04/2020 14:53:00  19.92 °C  61.61 %  879.6 hPa 1.039E-03 g/cm³ 000 chk 65454
21/04/2020 14:54:00  19.92 °C  61.49 %  879.6 hPa 1.039E-03 g/cm³ 000 chk 17038
21/04/2020 14:55:00  19.91 °C  61.36 %  879.6 hPa 1.039E-03 g/cm³ 000 chk 12712
21/04/2020 14:56:00  19.91 °C  61.25 %  879.6 hPa 1.039E-03 g/cm³ 000 chk 14699
21/04/2020 14:57:00  19.91 °C  61.33 %  879.5 hPa 1.039E-03 g/cm³ 000 chk 63004
21/04/2020 14:58:00  19.90 °C  61.13 %  879.5 hPa 1.039E-03 g/cm³ 000 chk 26578
21/04/2020 14:59:00  19.90 °C  61.09 %  879.5 hPa 1.039E-03 g/cm³ 000 chk 32601
21/04/2020 15:00:00  19.90 °C  61.14 %  879.4 hPa 1.039E-03 g/cm³ 000 chk 24213
21/04/2020 15:01:00  19.89 °C  60.96 %  879.4 hPa 1.039E-03 g/cm³ 000 chk 12315
21/04/2020 15:02:00  19.89 °C  60.66 %  879.4 hPa 1.039E-03 g/cm³ 000 chk 36447
21/04/2020 15:03:00  19.88 °C  60.46 %  879.4 hPa 1.039E-03 g/cm³ 000 chk 30048
21/04/2020 15:04:00  19.88 °C  60.31 %  879.4 hPa 1.039E-03 g/cm³ 000 chk  9178
21/04/2020 15:05:00  19.87 °C  60.44 %  879.5 hPa 1.039E-03 g/cm³ 000 chk 53922
21/04/2020 15:06:00  19.87 °C  60.52 %  879.5 hPa 1.039E-03 g/cm³ 000 chk 17249
21/04/2020 15:07:00  19.87 °C  60.33 %  879.5 hPa 1.039E-03 g/cm³ 000 chk  1066
21/04/2020 15:08:00  19.86 °C  60.13 %  879.5 hPa 1.039E-03 g/cm³ 000 chk 38372
21/04/2020 15:09:00  19.86 °C  60.24 %  879.5 hPa 1.039E-03 g/cm³ 000 chk 15414
21/04/2020 15:10:00  19.86 °C  60.13 %  879.5 hPa 1.039E-03 g/cm³ 000 chk 31587
21/04/2020 15:11:00  19.86 °C  60.31 %  879.5 hPa 1.039E-03 g/cm³ 000 chk 35741
21/04/2020 15:12:00  19.86 °C  60.86 %  879.5 hPa 1.039E-03 g/cm³ 000 chk 63085
21/04/2020 15:13:00  19.86 °C  61.69 %  879.5 hPa 1.039E-03 g/cm³ 000 chk 58961
21/04/2020 15:14:00  19.86 °C  62.17 %  879.5 hPa 1.039E-03 g/cm³ 000 chk 17871
21/04/2020 15:15:00  19.87 °C  62.47 %  879.5 hPa 1.039E-03 g/cm³ 000 chk 32306
21/04/2020 15:16:00  19.87 °C  62.57 %  879.4 hPa 1.039E-03 g/cm³ 000 chk 63653
21/04/2020 15:17:00  19.87 °C  62.27 %  879.4 hPa 1.039E-03 g/cm³ 000 chk 37571
21/04/2020 15:18:00  19.88 °C  61.84 %  879.4 hPa 1.039E-03 g/cm³ 000 chk 12233
21/04/2020 15:19:00  19.88 °C  61.25 %  879.4 hPa 1.039E-03 g/cm³ 000 chk 26974
21/04/2020 15:20:00  19.88 °C  61.07 %  879.3 hPa 1.039E-03 g/cm³ 000 chk 11992
21/04/2020 15:21:00  19.88 °C  60.78 %  879.3 hPa 1.039E-03 g/cm³ 000 chk 16289
21/04/2020 15:22:00  19.87 °C  60.53 %  879.2 hPa 1.039E-03 g/cm³ 000 chk 56585
21/04/2020 15:23:00  19.87 °C  60.60 %  879.2 hPa 1.039E-03 g/cm³ 000 chk   218
21/04/2020 15:24:00  19.87 °C  60.72 %  879.1 hPa 1.039E-03 g/cm³ 000 chk 33905
21/04/2020 15:25:00  19.87 °C  60.72 %  879.1 hPa 1.039E-03 g/cm³ 000 chk 11989
21/04/2020 15:26:00  19.87 °C  60.78 %  879.1 hPa 1.039E-03 g/cm³ 000 chk 58169
21/04/2020 15:27:00  19.87 °C  60.88 %  879.1 hPa 1.039E-03 g/cm³ 000 chk 18486
21/04/2020 15:28:00  19.87 °C  60.88 %  879.1 hPa 1.039E-03 g/cm³ 000 chk 34915
21/04/2020 15:29:00  19.87 °C  60.72 %  879.1 hPa 1.039E-03 g/cm³ 000 chk 20847
21/04/2020 15:30:00  19.87 °C  60.52 %  879.2 hPa 1.039E-03 g/cm³ 000 chk 40680
21/04/2020 15:31:00  19.87 °C  60.69 %  879.2 hPa 1.039E-03 g/cm³ 000 chk 43833
21/04/2020 15:32:00  19.87 °C  60.82 %  879.3 hPa 1.039E-03 g/cm³ 000 chk 45831
21/04/2020 15:33:00  19.87 °C  61.03 %  879.3 hPa 1.039E-03 g/cm³ 000 chk 42455
21/04/2020 15:34:00  19.87 °C  61.11 %  879.2 hPa 1.039E-03 g/cm³ 000 chk 37847
21/04/2020 15:35:00  19.87 °C  60.98 %  879.2 hPa 1.039E-03 g/cm³ 000 chk 27909
21/04/2020 15:36:00  19.86 °C  60.92 %  879.2 hPa 1.039E-03 g/cm³ 000 chk 12585
21/04/2020 15:37:00  19.86 °C  60.61 %  879.2 hPa 1.039E-03 g/cm³ 000 chk 60710
21/04/2020 15:38:00  19.85 °C  60.44 %  879.2 hPa 1.039E-03 g/cm³ 000 chk 34411
21/04/2020 15:39:00  19.84 °C  60.49 %  879.2 hPa 1.039E-03 g/cm³ 000 chk 52237
21/04/2020 15:40:00  19.84 °C  60.60 %  879.2 hPa 1.039E-03 g/cm³ 000 chk  5257
21/04/2020 15:41:00  19.83 °C  60.88 %  879.2 hPa 1.039E-03 g/cm³ 000 chk 41709
21/04/2020 15:42:00  19.83 °C  61.19 %  879.2 hPa 1.039E-03 g/cm³ 000 chk 24922
21/04/2020 15:43:00  19.83 °C  61.28 %  879.2 hPa 1.039E-03 g/cm³ 000 chk  9864
21/04/2020 15:44:00  19.82 °C  61.53 %  879.2 hPa 1.039E-03 g/cm³ 000 chk 32241
21/04/2020 15:45:00  19.82 °C  61.45 %  879.1 hPa 1.039E-03 g/cm³ 000 chk 45702
21/04/2020 15:46:00  19.82 °C  61.45 %  879.2 hPa 1.039E-03 g/cm³ 000 chk 18070
21/04/2020 15:47:00  19.82 °C  61.47 %  879.2 hPa 1.039E-03 g/cm³ 000 chk 30259
21/04/2020 15:48:00  19.81 °C  61.60 %  879.2 hPa 1.039E-03 g/cm³ 000 chk 34687
21/04/2020 15:49:00  19.81 °C  61.66 %  879.2 hPa 1.039E-03 g/cm³ 000 chk 50139
21/04/2020 15:50:00  19.81 °C  61.69 %  879.2 hPa 1.039E-03 g/cm³ 000 chk 27899
21/04/2020 15:51:00  19.81 °C  61.75 %  879.2 hPa 1.039E-03 g/cm³ 000 chk 39536
21/04/2020 15:52:00  19.81 °C  61.71 %  879.3 hPa 1.039E-03 g/cm³ 000 chk 43210
21/04/2020 15:53:00  19.81 °C  61.79 %  879.3 hPa 1.039E-03 g/cm³ 000 chk 60012
21/04/2020 15:54:00  19.81 °C  61.82 %  879.3 hPa 1.039E-03 g/cm³ 000 chk 57788
21/04/2020 15:55:00  19.81 °C  61.80 %  879.3 hPa 1.039E-03 g/cm³ 000 chk 53529
21/04/2020 15:56:00  19.81 °C  61.78 %  879.3 hPa 1.039E-03 g/cm³ 000 chk 34655
21/04/2020 15:57:00  19.81 °C  61.63 %  879.3 hPa 1.039E-03 g/cm³ 000 chk 29397
21/04/2020 15:58:00  19.81 °C  61.58 %  879.3 hPa 1.039E-03 g/cm³ 000 chk 11765
21/04/2020 15:59:00  19.81 °C  61.68 %  879.3 hPa 1.039E-03 g/cm³ 000 chk 34598
21/04/2020 16:00:00  19.81 °C  61.44 %  879.4 hPa 1.039E-03 g/cm³ 000 chk 23068
21/04/2020 16:01:00  19.80 °C  60.83 %  879.4 hPa 1.039E-03 g/cm³ 000 chk 62393
21/04/2020 16:02:00  19.80 °C  60.40 %  879.4 hPa 1.039E-03 g/cm³ 000 chk 14986
21/04/2020 16:03:00  19.80 °C  59.61 %  879.4 hPa 1.039E-03 g/cm³ 000 chk 63287
21/04/2020 16:04:00  19.79 °C  59.20 %  879.4 hPa 1.040E-03 g/cm³ 000 chk 54212
21/04/2020 16:05:00  19.78 °C  59.13 %  879.4 hPa 1.040E-03 g/cm³ 000 chk 40919
21/04/2020 16:06:00  19.77 °C  58.90 %  879.4 hPa 1.040E-03 g/cm³ 000 chk 64775
21/04/2020 16:07:00  19.76 °C  58.90 %  879.4 hPa 1.040E-03 g/cm³ 000 chk 50787
21/04/2020 16:08:00  19.75 °C  58.92 %  879.4 hPa 1.040E-03 g/cm³ 000 chk 28276
21/04/2020 16:09:00  19.75 °C  59.11 %  879.5 hPa 1.040E-03 g/cm³ 000 chk  7153
21/04/2020 16:10:00  19.75 °C  59.25 %  879.4 hPa 1.040E-03 g/cm³ 000 chk 54000
21/04/2020 16:11:00  19.74 °C  59.39 %  879.4 hPa 1.040E-03 g/cm³ 000 chk 46523
21/04/2020 16:12:00  19.74 °C  59.42 %  879.4 hPa 1.040E-03 g/cm³ 000 chk 21908
21/04/2020 16:13:00  19.74 °C  59.47 %  879.4 hPa 1.040E-03 g/cm³ 000 chk 26160
21/04/2020 16:14:00  19.73 °C  59.62 %  879.4 hPa 1.040E-03 g/cm³ 000 chk 40791
21/04/2020 16:15:00  19.73 °C  59.63 %  879.4 hPa 1.040E-03 g/cm³ 000 chk 55538
21/04/2020 16:16:00  19.72 °C  59.79 %  879.4 hPa 1.040E-03 g/cm³ 000 chk 17650
21/04/2020 16:17:00  19.72 °C  59.89 %  879.3 hPa 1.040E-03 g/cm³ 000 chk 33111
21/04/2020 16:18:00  19.72 °C  60.03 %  879.4 hPa 1.040E-03 g/cm³ 000 chk 54913
21/04/2020 16:19:00  19.72 °C  60.15 %  879.4 hPa 1.040E-03 g/cm³ 000 chk 21001
21/04/2020 16:20:00  19.71 °C  60.23 %  879.4 hPa 1.040E-03 g/cm³ 000 chk 15691
21/04/2020 16:21:00  19.72 °C  60.26 %  879.4 hPa 1.040E-03 g/cm³ 000 chk 64684
21/04/2020 16:22:00  19.71 °C  60.38 %  879.3 hPa 1.040E-03 g/cm³ 000 chk  6532
21/04/2020 16:23:00  19.72 °C  60.52 %  879.3 hPa 1.040E-03 g/cm³ 000 chk 13198
21/04/2020 16:24:00  19.72 °C  60.37 %  879.3 hPa 1.040E-03 g/cm³ 000 chk 16153
21/04/2020 16:25:00  19.72 °C  60.44 %  879.3 hPa 1.040E-03 g/cm³ 000 chk  8831
21/04/2020 16:26:00  19.72 °C  60.35 %  879.3 hPa 1.040E-03 g/cm³ 000 chk 45139
21/04/2020 16:27:00  19.73 °C  60.40 %  879.3 hPa 1.040E-03 g/cm³ 000 chk 54005
21/04/2020 16:28:00  19.72 °C  60.38 %  879.3 hPa 1.040E-03 g/cm³ 000 chk 43936
21/04/2020 16:29:00  19.72 °C  60.44 %  879.3 hPa 1.040E-03 g/cm³ 000 chk 24005
21/04/2020 16:30:00  19.73 °C  60.49 %  879.4 hPa 1.040E-03 g/cm³ 000 chk 38798
21/04/2020 16:31:00  19.73 °C  60.56 %  879.4 hPa 1.040E-03 g/cm³ 000 chk  5637
21/04/2020 16:32:00  19.73 °C  60.53 %  879.4 hPa 1.040E-03 g/cm³ 000 chk 12522
21/04/2020 16:33:00  19.73 °C  60.36 %  879.4 hPa 1.040E-03 g/cm³ 000 chk   928
21/04/2020 16:34:00  19.73 °C  60.50 %  879.4 hPa 1.040E-03 g/cm³ 000 chk 30775
21/04/2020 16:35:00  19.73 °C  60.42 %  879.5 hPa 1.040E-03 g/cm³ 000 chk 29162
21/04/2020 16:36:00  19.73 °C  60.51 %  879.5 hPa 1.040E-03 g/cm³ 000 chk 31017
21/04/2020 16:37:00  19.73 °C  60.55 %  879.5 hPa 1.040E-03 g/cm³ 000 chk 42892
21/04/2020 16:38:00  19.73 °C  60.54 %  879.5 hPa 1.040E-03 g/cm³ 000 chk 35544
21/04/2020 16:39:00  19.73 °C  60.58 %  879.5 hPa 1.040E-03 g/cm³ 000 chk 48255
21/04/2020 16:40:00  19.73 °C  60.59 %  879.5 hPa 1.040E-03 g/cm³ 000 chk 19618
21/04/2020 16:41:00  19.72 °C  60.51 %  879.5 hPa 1.040E-03 g/cm³ 000 chk 40900
21/04/2020 16:42:00  19.73 °C  60.33 %  879.5 hPa 1.040E-03 g/cm³ 000 chk 11012
21/04/2020 16:43:00  19.73 °C  60.38 %  879.5 hPa 1.040E-03 g/cm³ 000 chk  7842
21/04/2020 16:44:00  19.73 °C  60.40 %  879.5 hPa 1.040E-03 g/cm³ 000 chk 41755
21/04/2020 16:45:00  19.73 °C  60.48 %  879.5 hPa 1.040E-03 g/cm³ 000 chk 57789
21/04/2020 16:46:00  19.73 °C  60.40 %  879.5 hPa 1.040E-03 g/cm³ 000 chk 46672
21/04/2020 16:47:00  19.73 °C  60.49 %  879.5 hPa 1.040E-03 g/cm³ 000 chk  6647
21/04/2020 16:48:00  19.73 °C  60.45 %  879.5 hPa 1.040E-03 g/cm³ 000 chk 17825
21/04/2020 16:49:00  19.74 °C  60.41 %  879.5 hPa 1.040E-03 g/cm³ 000 chk 44609
21/04/2020 16:50:00  19.74 °C  60.47 %  879.5 hPa 1.040E-03 g/cm³ 000 chk  1122
21/04/2020 16:51:00  19.74 °C  60.37 %  879.5 hPa 1.040E-03 g/cm³ 000 chk 28164
21/04/2020 16:52:00  19.74 °C  60.21 %  879.5 hPa 1.040E-03 g/cm³ 000 chk 65479
21/04/2020 16:53:00  19.73 °C  60.36 %  879.5 hPa 1.040E-03 g/cm³ 000 chk 41739
21/04/2020 16:54:00  19.73 °C  60.41 %  879.5 hPa 1.040E-03 g/cm³ 000 chk 62897
21/04/2020 16:55:00  19.73 °C  60.40 %  879.5 hPa 1.040E-03 g/cm³ 000 chk 45588
21/04/2020 16:56:00  19.73 °C  60.46 %  879.4 hPa 1.040E-03 g/cm³ 000 chk  6831
21/04/2020 16:57:00  19.73 °C  60.45 %  879.4 hPa 1.040E-03 g/cm³ 000 chk 50955
21/04/2020 16:58:00  19.73 °C  60.48 %  879.4 hPa 1.040E-03 g/cm³ 000 chk 30300
21/04/2020 16:59:00  19.73 °C  60.52 %  879.4 hPa 1.040E-03 g/cm³ 000 chk 28375
21/04/2020 17:00:00  19.73 °C  60.34 %  879.4 hPa 1.040E-03 g/cm³ 000 chk 59791
21/04/2020 17:01:00  19.72 °C  60.32 %  879.4 hPa 1.040E-03 g/cm³ 000 chk 15595
21/04/2020 17:02:00  19.73 °C  60.37 %  879.4 hPa 1.040E-03 g/cm³ 000 chk 35780
21/04/2020 17:03:00  19.73 °C  60.38 %  879.4 hPa 1.040E-03 g/cm³ 000 chk 51811
21/04/2020 17:04:00  19.73 °C  60.31 %  879.4 hPa 1.040E-03 g/cm³ 000 chk 23065
21/04/2020 17:05:00  19.73 °C  60.60 %  879.4 hPa 1.040E-03 g/cm³ 000 chk  7461
21/04/2020 17:06:00  19.73 °C  60.39 %  879.5 hPa 1.040E-03 g/cm³ 000 chk 24068
21/04/2020 17:07:00  19.73 °C  60.60 %  879.4 hPa 1.040E-03 g/cm³ 000 chk  2158
21/04/2020 17:08:00  19.73 °C  60.42 %  879.5 hPa 1.040E-03 g/cm³ 000 chk 27445
21/04/2020 17:09:00  19.73 °C  60.19 %  879.4 hPa 1.040E-03 g/cm³ 000 chk 42846
21/04/2020 17:10:00  19.72 °C  60.14 %  879.4 hPa 1.040E-03 g/cm³ 000 chk   959
21/04/2020 17:11:00  19.72 °C  60.35 %  879.4 hPa 1.040E-03 g/cm³ 000 chk 33857
21/04/2020 17:12:00  19.72 °C  60.41 %  879.4 hPa 1.040E-03 g/cm³ 000 chk 36717
21/04/2020 17:13:00  19.72 °C  60.30 %  879.4 hPa 1.040E-03 g/cm³ 000 chk  2058
21/04/2020 17:14:00  19.72 °C  60.35 %  879.5 hPa 1.040E-03 g/cm³ 000 chk 64807
21/04/2020 17:15:00  19.71 °C  60.47 %  879.5 hPa 1.040E-03 g/cm³ 000 chk 65283
21/04/2020 17:16:00  19.71 °C  60.53 %  879.5 hPa 1.040E-03 g/cm³ 000 chk 62657
21/04/2020 17:17:00  19.71 °C  60.48 %  879.5 hPa 1.040E-03 g/cm³ 000 chk   331
21/04/2020 17:18:00  19.71 °C  60.52 %  879.5 hPa 1.040E-03 g/cm³ 000 chk 29489
21/04/2020 17:19:00  19.71 °C  60.58 %  879.5 hPa 1.040E-03 g/cm³ 000 chk 43926
21/04/2020 17:20:00  19.71 °C  60.39 %  879.5 hPa 1.040E-03 g/cm³ 000 chk 13583
21/04/2020 17:21:00  19.71 °C  60.53 %  879.5 hPa 1.040E-03 g/cm³ 000 chk 60742
21/04/2020 17:22:00  19.71 °C  60.52 %  879.5 hPa 1.040E-03 g/cm³ 000 chk 49064
21/04/2020 17:23:00  19.70 °C  60.50 %  879.5 hPa 1.040E-03 g/cm³ 000 chk  7885
21/04/2020 17:24:00  19.71 °C  60.69 %  879.5 hPa 1.040E-03 g/cm³ 000 chk  7936
21/04/2020 17:25:00  19.71 °C  60.62 %  879.5 hPa 1.040E-03 g/cm³ 000 chk 10918
21/04/2020 17:26:00  19.71 °C  60.76 %  879.5 hPa 1.040E-03 g/cm³ 000 chk  8548
21/04/2020 17:27:00  19.71 °C  60.72 %  879.5 hPa 1.040E-03 g/cm³ 000 chk 65473
21/04/2020 17:28:00  19.71 °C  60.46 %  879.5 hPa 1.040E-03 g/cm³ 000 chk 19426
21/04/2020 17:29:00  19.70 °C  60.30 %  879.5 hPa 1.040E-03 g/cm³ 000 chk 24132
21/04/2020 17:30:00  19.70 °C  60.47 %  879.5 hPa 1.040E-03 g/cm³ 000 chk 55716
21/04/2020 17:31:00  19.70 °C  60.53 %  879.5 hPa 1.040E-03 g/cm³ 000 chk 50989
21/04/2020 17:32:00  19.71 °C  60.70 %  879.5 hPa 1.040E-03 g/cm³ 000 chk 24153
21/04/2020 17:33:00  19.71 °C  60.62 %  879.5 hPa 1.040E-03 g/cm³ 000 chk 44752
21/04/2020 17:34:00  19.71 °C  60.72 %  879.5 hPa 1.040E-03 g/cm³ 000 chk 64389
21/04/2020 17:35:00  19.71 °C  60.65 %  879.6 hPa 1.040E-03 g/cm³ 000 chk 55795
21/04/2020 17:36:00  19.71 °C  60.61 %  879.6 hPa 1.040E-03 g/cm³ 000 chk  4637
21/04/2020 17:37:00  19.71 °C  60.44 %  879.7 hPa 1.040E-03 g/cm³ 000 chk  6326
21/04/2020 17:38:00  19.72 °C  60.59 %  879.8 hPa 1.040E-03 g/cm³ 000 chk 49038
21/04/2020 17:39:00  19.72 °C  60.61 %  879.8 hPa 1.040E-03 g/cm³ 000 chk 64863
21/04/2020 17:40:00  19.72 °C  60.61 %  879.8 hPa 1.040E-03 g/cm³ 000 chk 57475
21/04/2020 17:41:00  19.71 °C  60.77 %  879.8 hPa 1.040E-03 g/cm³ 000 chk 38472
21/04/2020 17:42:00  19.71 °C  60.80 %  879.8 hPa 1.040E-03 g/cm³ 000 chk 11021
21/04/2020 17:43:00  19.71 °C  60.97 %  879.8 hPa 1.040E-03 g/cm³ 000 chk 17028
21/04/2020 17:44:00  19.72 °C  60.79 %  879.8 hPa 1.040E-03 g/cm³ 000 chk 57915
21/04/2020 17:45:00  19.71 °C  60.75 %  879.8 hPa 1.040E-03 g/cm³ 000 chk  9951
21/04/2020 17:46:00  19.71 °C  60.55 %  879.9 hPa 1.040E-03 g/cm³ 000 chk 41023
21/04/2020 17:47:00  19.71 °C  60.69 %  879.9 hPa 1.040E-03 g/cm³ 000 chk 38639
21/04/2020 17:48:00  19.71 °C  60.63 %  880.0 hPa 1.040E-03 g/cm³ 000 chk 16989
21/04/2020 17:49:00  19.71 °C  60.61 %  880.0 hPa 1.040E-03 g/cm³ 000 chk 29432
21/04/2020 17:50:00  19.71 °C  60.56 %  880.0 hPa 1.040E-03 g/cm³ 000 chk 13741
21/04/2020 17:51:00  19.71 °C  60.61 %  880.0 hPa 1.040E-03 g/cm³ 000 chk 40063
21/04/2020 17:52:00  19.71 °C  60.61 %  880.0 hPa 1.040E-03 g/cm³ 000 chk  9104
21/04/2020 17:53:00  19.71 °C  60.65 %  880.0 hPa 1.040E-03 g/cm³ 000 chk 64821
21/04/2020 17:54:00  19.70 °C  60.52 %  880.0 hPa 1.040E-03 g/cm³ 000 chk 64250
21/04/2020 17:55:00  19.70 °C  60.55 %  880.0 hPa 1.040E-03 g/cm³ 000 chk 21343
21/04/2020 17:56:00  19.70 °C  60.39 %  880.1 hPa 1.041E-03 g/cm³ 000 chk 35272
21/04/2020 17:57:00  19.69 °C  60.32 %  880.1 hPa 1.041E-03 g/cm³ 000 chk 45872
21/04/2020 17:58:00  19.69 °C  60.29 %  880.1 hPa 1.041E-03 g/cm³ 000 chk 11339
21/04/2020 17:59:00  19.69 °C  60.34 %  880.1 hPa 1.041E-03 g/cm³ 000 chk 14273
21/04/2020 18:00:00  19.69 °C  60.45 %  880.1 hPa 1.041E-03 g/cm³ 000 chk  8395
21/04/2020 18:01:00  19.69 °C  60.43 %  880.1 hPa 1.041E-03 g/cm³ 000 chk 25711
21/04/2020 18:02:00  19.69 °C  60.39 %  880.1 hPa 1.041E-03 g/cm³ 000 chk 26945
21/04/2020 18:03:00  19.69 °C  60.34 %  880.2 hPa 1.041E-03 g/cm³ 000 chk 63768
21/04/2020 18:04:00  19.69 °C  60.27 %  880.2 hPa 1.041E-03 g/cm³ 000 chk 56141
21/04/2020 18:05:00  19.69 °C  60.24 %  880.3 hPa 1.041E-03 g/cm³ 000 chk 65469
21/04/2020 18:06:00  19.69 °C  60.07 %  880.3 hPa 1.041E-03 g/cm³ 000 chk 63241
21/04/2020 18:07:00  19.69 °C  60.08 %  880.3 hPa 1.041E-03 g/cm³ 000 chk 46766
21/04/2020 18:08:00  19.68 °C  60.00 %  880.3 hPa 1.041E-03 g/cm³ 000 chk  3897
21/04/2020 18:09:00  19.68 °C  60.00 %  880.3 hPa 1.041E-03 g/cm³ 000 chk 42397
21/04/2020 18:10:00  19.68 °C  60.14 %  880.3 hPa 1.041E-03 g/cm³ 000 chk 21907
21/04/2020 18:11:00  19.68 °C  60.17 %  880.3 hPa 1.041E-03 g/cm³ 000 chk 34871
21/04/2020 18:12:00  19.67 °C  60.01 %  880.3 hPa 1.041E-03 g/cm³ 000 chk 58046
21/04/2020 18:13:00  19.67 °C  59.91 %  880.3 hPa 1.041E-03 g/cm³ 000 chk   796
21/04/2020 18:14:00  19.67 °C  59.80 %  880.3 hPa 1.041E-03 g/cm³ 000 chk 47944
21/04/2020 18:15:00  19.66 °C  59.79 %  880.3 hPa 1.041E-03 g/cm³ 000 chk 33924
21/04/2020 18:16:00  19.66 °C  59.76 %  880.4 hPa 1.041E-03 g/cm³ 000 chk 48834
21/04/2020 18:17:00  19.66 °C  59.84 %  880.4 hPa 1.041E-03 g/cm³ 000 chk 36812
21/04/2020 18:18:00  19.66 °C  59.92 %  880.4 hPa 1.041E-03 g/cm³ 000 chk 25013
21/04/2020 18:19:00  19.66 °C  59.95 %  880.5 hPa 1.041E-03 g/cm³ 000 chk 12612
21/04/2020 18:20:00  19.66 °C  59.99 %  880.5 hPa 1.041E-03 g/cm³ 000 chk 56881
21/04/2020 18:21:00  19.66 °C  59.87 %  880.5 hPa 1.041E-03 g/cm³ 000 chk 45755
21/04/2020 18:22:00  19.65 °C  59.77 %  880.5 hPa 1.041E-03 g/cm³ 000 chk 65212
21/04/2020 18:23:00  19.65 °C  59.65 %  880.5 hPa 1.041E-03 g/cm³ 000 chk  3637
21/04/2020 18:24:00  19.65 °C  59.63 %  880.5 hPa 1.041E-03 g/cm³ 000 chk 30028
21/04/2020 18:25:00  19.65 °C  59.75 %  880.5 hPa 1.041E-03 g/cm³ 000 chk 61892
21/04/2020 18:26:00  19.65 °C  60.18 %  880.5 hPa 1.041E-03 g/cm³ 000 chk 30084
21/04/2020 18:27:00  19.65 °C  60.17 %  880.6 hPa 1.041E-03 g/cm³ 000 chk 32732
21/04/2020 18:28:00  19.66 °C  60.22 %  880.6 hPa 1.041E-03 g/cm³ 000 chk 54461
21/04/2020 18:29:00  19.66 °C  60.32 %  880.6 hPa 1.041E-03 g/cm³ 000 chk 48693
21/04/2020 18:30:00  19.65 °C  60.22 %  880.6 hPa 1.042E-03 g/cm³ 000 chk 51514
21/04/2020 18:31:00  19.65 °C  60.02 %  880.6 hPa 1.042E-03 g/cm³ 000 chk 41925
21/04/2020 18:32:00  19.65 °C  60.00 %  880.6 hPa 1.042E-03 g/cm³ 000 chk 34347
21/04/2020 18:33:00  19.65 °C  60.18 %  880.6 hPa 1.042E-03 g/cm³ 000 chk  1185
21/04/2020 18:34:00  19.65 °C  60.19 %  880.6 hPa 1.042E-03 g/cm³ 000 chk 31961
21/04/2020 18:35:00  19.65 °C  60.24 %  880.7 hPa 1.042E-03 g/cm³ 000 chk 24156
21/04/2020 18:36:00  19.65 °C  60.52 %  880.7 hPa 1.042E-03 g/cm³ 000 chk 53105
21/04/2020 18:37:00  19.65 °C  60.43 %  880.7 hPa 1.042E-03 g/cm³ 000 chk 18680
21/04/2020 18:38:00  19.66 °C  60.47 %  880.7 hPa 1.042E-03 g/cm³ 000 chk  3823
21/04/2020 18:39:00  19.65 °C  60.42 %  880.7 hPa 1.042E-03 g/cm³ 000 chk 53000
21/04/2020 18:40:00  19.66 °C  60.44 %  880.7 hPa 1.042E-03 g/cm³ 000 chk 52887
21/04/2020 18:41:00  19.66 °C  60.37 %  880.8 hPa 1.042E-03 g/cm³ 000 chk 63473
21/04/2020 18:42:00  19.66 °C  60.57 %  880.8 hPa 1.042E-03 g/cm³ 000 chk 18672
21/04/2020 18:43:00  19.66 °C  60.49 %  880.8 hPa 1.042E-03 g/cm³ 000 chk  9338
21/04/2020 18:44:00  19.66 °C  60.49 %  880.8 hPa 1.042E-03 g/cm³ 000 chk 45315
21/04/2020 18:45:00  19.66 °C  60.76 %  880.8 hPa 1.042E-03 g/cm³ 000 chk 61651
21/04/2020 18:46:00  19.66 °C  60.62 %  880.8 hPa 1.042E-03 g/cm³ 000 chk 64273
21/04/2020 18:47:00  19.65 °C  60.56 %  880.8 hPa 1.042E-03 g/cm³ 000 chk 55168
21/04/2020 18:48:00  19.65 °C  60.54 %  880.8 hPa 1.042E-03 g/cm³ 000 chk 36308
21/04/2020 18:49:00  19.65 °C  60.40 %  880.8 hPa 1.042E-03 g/cm³ 000 chk 37725
21/04/2020 18:50:00  19.65 °C  60.42 %  880.8 hPa 1.042E-03 g/cm³ 000 chk 19839
21/04/2020 18:51:00  19.65 °C  60.47 %  880.8 hPa 1.042E-03 g/cm³ 000 chk 32475
21/04/2020 18:52:00  19.64 °C  60.55 %  880.8 hPa 1.042E-03 g/cm³ 000 chk  2777
21/04/2020 18:53:00  19.64 °C  60.46 %  880.8 hPa 1.042E-03 g/cm³ 000 chk  5969
21/04/2020 18:54:00  19.64 °C  60.51 %  880.8 hPa 1.042E-03 g/cm³ 000 chk 16645
21/04/2020 18:55:00  19.64 °C  60.58 %  880.8 hPa 1.042E-03 g/cm³ 000 chk 61090
21/04/2020 18:56:00  19.64 °C  60.54 %  880.8 hPa 1.042E-03 g/cm³ 000 chk 52558
21/04/2020 18:57:00  19.64 °C  60.58 %  880.8 hPa 1.042E-03 g/cm³ 000 chk 64489
21/04/2020 18:58:00  19.64 °C  60.61 %  880.8 hPa 1.042E-03 g/cm³ 000 chk 16072
21/04/2020 18:59:00  19.64 °C  60.42 %  880.8 hPa 1.042E-03 g/cm³ 000 chk  9015
21/04/2020 19:00:00  19.64 °C  60.48 %  880.8 hPa 1.042E-03 g/cm³ 000 chk 14466
21/04/2020 19:01:00  19.64 °C  60.35 %  880.8 hPa 1.042E-03 g/cm³ 000 chk  9190
21/04/2020 19:02:00  19.64 °C  60.35 %  880.8 hPa 1.042E-03 g/cm³ 000 chk 39945
21/04/2020 19:03:00  19.65 °C  60.32 %  880.8 hPa 1.042E-03 g/cm³ 000 chk 42092
21/04/2020 19:04:00  19.64 °C  60.43 %  880.8 hPa 1.042E-03 g/cm³ 000 chk 36118
21/04/2020 19:05:00  19.65 °C  60.46 %  880.9 hPa 1.042E-03 g/cm³ 000 chk 54822
21/04/2020 19:06:00  19.65 °C  60.34 %  880.9 hPa 1.042E-03 g/cm³ 000 chk 13066
21/04/2020 19:07:00  19.65 °C  60.04 %  880.9 hPa 1.042E-03 g/cm³ 000 chk 39385
21/04/2020 19:08:00  19.65 °C  59.78 %  880.9 hPa 1.042E-03 g/cm³ 000 chk 20238
21/04/2020 19:09:00  19.65 °C  59.94 %  880.9 hPa 1.042E-03 g/cm³ 000 chk 47150
21/04/2020 19:10:00  19.65 °C  59.93 %  880.9 hPa 1.042E-03 g/cm³ 000 chk 65292
21/04/2020 19:11:00  19.65 °C  59.82 %  880.9 hPa 1.042E-03 g/cm³ 000 chk 30853
21/04/2020 19:12:00  19.64 °C  59.95 %  880.9 hPa 1.042E-03 g/cm³ 000 chk 38279
21/04/2020 19:13:00  19.64 °C  59.99 %  880.9 hPa 1.042E-03 g/cm³ 000 chk 41760
21/04/2020 19:14:00  19.64 °C  59.79 %  880.9 hPa 1.042E-03 g/cm³ 000 chk 63454
21/04/2020 19:15:00  19.64 °C  59.78 %  880.9 hPa 1.042E-03 g/cm³ 000 chk 45179
21/04/2020 19:16:00  19.64 °C  59.74 %  880.9 hPa 1.042E-03 g/cm³ 000 chk 37783
21/04/2020 19:17:00  19.63 °C  59.63 %  880.9 hPa 1.042E-03 g/cm³ 000 chk 53083
21/04/2020 19:18:00  19.63 °C  59.37 %  880.9 hPa 1.042E-03 g/cm³ 000 chk 31638
21/04/2020 19:19:00  19.63 °C  59.29 %  880.9 hPa 1.042E-03 g/cm³ 000 chk  5916
21/04/2020 19:20:00  19.62 °C  59.32 %  880.9 hPa 1.042E-03 g/cm³ 000 chk 43652
21/04/2020 19:21:00  19.62 °C  59.29 %  880.9 hPa 1.042E-03 g/cm³ 000 chk 24334
21/04/2020 19:22:00  19.61 °C  59.28 %  880.9 hPa 1.042E-03 g/cm³ 000 chk 65443
21/04/2020 19:23:00  19.61 °C  59.38 %  880.9 hPa 1.042E-03 g/cm³ 000 chk 38187
21/04/2020 19:24:00  19.61 °C  59.37 %  880.9 hPa 1.042E-03 g/cm³ 000 chk 60241
21/04/2020 19:25:00  19.61 °C  59.21 %  880.9 hPa 1.042E-03 g/cm³ 000 chk 28633
21/04/2020 19:26:00  19.61 °C  59.25 %  880.9 hPa 1.042E-03 g/cm³ 000 chk 42039
21/04/2020 19:27:00  19.61 °C  59.35 %  880.9 hPa 1.042E-03 g/cm³ 000 chk 52927
21/04/2020 19:28:00  19.61 °C  59.27 %  880.9 hPa 1.042E-03 g/cm³ 000 chk 21703
21/04/2020 19:29:00  19.61 °C  59.07 %  880.9 hPa 1.042E-03 g/cm³ 000 chk 15928
21/04/2020 19:30:00  19.60 °C  58.97 %  880.9 hPa 1.042E-03 g/cm³ 000 chk 31362
21/04/2020 19:31:00  19.60 °C  59.19 %  880.9 hPa 1.042E-03 g/cm³ 000 chk 34641
21/04/2020 19:32:00  19.59 °C  59.22 %  880.9 hPa 1.042E-03 g/cm³ 000 chk  2487
21/04/2020 19:33:00  19.59 °C  59.15 %  880.9 hPa 1.042E-03 g/cm³ 000 chk 41061
21/04/2020 19:34:00  19.59 °C  59.14 %  880.9 hPa 1.042E-03 g/cm³ 000 chk 55325
21/04/2020 19:35:00  19.59 °C  59.55 %  880.9 hPa 1.042E-03 g/cm³ 000 chk 24333
21/04/2020 19:36:00  19.59 °C  59.27 %  880.9 hPa 1.042E-03 g/cm³ 000 chk 47649
21/04/2020 19:37:00  19.59 °C  59.31 %  880.9 hPa 1.042E-03 g/cm³ 000 chk 16041
21/04/2020 19:38:00  19.59 °C  59.46 %  881.0 hPa 1.042E-03 g/cm³ 000 chk  3135
21/04/2020 19:39:00  19.60 °C  59.30 %  881.0 hPa 1.042E-03 g/cm³ 000 chk  9765
21/04/2020 19:40:00  19.59 °C  59.31 %  881.0 hPa 1.042E-03 g/cm³ 000 chk 30852
21/04/2020 19:41:00  19.59 °C  59.41 %  880.9 hPa 1.042E-03 g/cm³ 000 chk  9186
21/04/2020 19:42:00  19.58 °C  59.33 %  880.9 hPa 1.042E-03 g/cm³ 000 chk 22286
21/04/2020 19:43:00  19.58 °C  59.20 %  881.0 hPa 1.042E-03 g/cm³ 000 chk 31622
21/04/2020 19:44:00  19.58 °C  59.15 %  881.0 hPa 1.042E-03 g/cm³ 000 chk 30600
21/04/2020 19:45:00  19.57 °C  59.20 %  881.0 hPa 1.042E-03 g/cm³ 000 chk 48913
21/04/2020 19:46:00  19.57 °C  59.42 %  881.0 hPa 1.042E-03 g/cm³ 000 chk 39441
21/04/2020 19:47:00  19.57 °C  59.59 %  881.0 hPa 1.042E-03 g/cm³ 000 chk 28571
21/04/2020 19:48:00  19.57 °C  59.62 %  881.0 hPa 1.042E-03 g/cm³ 000 chk 12475
21/04/2020 19:49:00  19.58 °C  59.56 %  881.0 hPa 1.042E-03 g/cm³ 000 chk  5411
21/04/2020 19:50:00  19.58 °C  59.39 %  881.0 hPa 1.042E-03 g/cm³ 000 chk 47853
21/04/2020 19:51:00  19.57 °C  59.51 %  881.0 hPa 1.042E-03 g/cm³ 000 chk  1007
21/04/2020 19:52:00  19.57 °C  59.52 %  881.0 hPa 1.042E-03 g/cm³ 000 chk 51968
21/04/2020 19:53:00  19.57 °C  59.49 %  881.1 hPa 1.042E-03 g/cm³ 000 chk 51166
21/04/2020 19:54:00  19.57 °C  59.66 %  881.1 hPa 1.042E-03 g/cm³ 000 chk 31231
21/04/2020 19:55:00  19.57 °C  59.65 %  881.1 hPa 1.042E-03 g/cm³ 000 chk 42075
21/04/2020 19:56:00  19.57 °C  59.89 %  881.1 hPa 1.042E-03 g/cm³ 000 chk 17968
21/04/2020 19:57:00  19.57 °C  59.82 %  881.2 hPa 1.043E-03 g/cm³ 000 chk 14504
21/04/2020 19:58:00  19.57 °C  59.89 %  881.2 hPa 1.043E-03 g/cm³ 000 chk 26623
21/04/2020 19:59:00  19.57 °C  59.68 %  881.2 hPa 1.043E-03 g/cm³ 000 chk 57821
21/04/2020 20:00:00  19.58 °C  59.71 %  881.2 hPa 1.043E-03 g/cm³ 000 chk  8181
21/04/2020 20:01:00  19.57 °C  59.67 %  881.2 hPa 1.043E-03 g/cm³ 000 chk 24631
21/04/2020 20:02:00  19.57 °C  59.58 %  881.3 hPa 1.043E-03 g/cm³ 000 chk 52728
21/04/2020 20:03:00  19.57 °C  59.56 %  881.3 hPa 1.043E-03 g/cm³ 000 chk 24926
21/04/2020 20:04:00  19.57 °C  59.70 %  881.3 hPa 1.043E-03 g/cm³ 000 chk 55932
21/04/2020 20:05:00  19.57 °C  59.79 %  881.4 hPa 1.043E-03 g/cm³ 000 chk  7025
21/04/2020 20:06:00  19.57 °C  59.85 %  881.4 hPa 1.043E-03 g/cm³ 000 chk 14646
21/04/2020 20:07:00  19.56 °C  59.91 %  881.4 hPa 1.043E-03 g/cm³ 000 chk 46719
21/04/2020 20:08:00  19.57 °C  60.05 %  881.4 hPa 1.043E-03 g/cm³ 000 chk 55533
21/04/2020 20:09:00  19.57 °C  59.77 %  881.4 hPa 1.043E-03 g/cm³ 000 chk 25289
21/04/2020 20:10:00  19.56 °C  59.55 %  881.4 hPa 1.043E-03 g/cm³ 000 chk 60784
21/04/2020 20:11:00  19.57 °C  59.51 %  881.4 hPa 1.043E-03 g/cm³ 000 chk 41493
21/04/2020 20:12:00  19.56 °C  59.38 %  881.4 hPa 1.043E-03 g/cm³ 000 chk 35287
21/04/2020 20:13:00  19.56 °C  59.58 %  881.4 hPa 1.043E-03 g/cm³ 000 chk  9117
21/04/2020 20:14:00  19.56 °C  59.55 %  881.4 hPa 1.043E-03 g/cm³ 000 chk 51174
21/04/2020 20:15:00  19.56 °C  59.51 %  881.4 hPa 1.043E-03 g/cm³ 000 chk  6467
21/04/2020 20:16:00  19.56 °C  59.70 %  881.4 hPa 1.043E-03 g/cm³ 000 chk 35830
21/04/2020 20:17:00  19.56 °C  59.60 %  881.4 hPa 1.043E-03 g/cm³ 000 chk 57726
21/04/2020 20:18:00  19.56 °C  59.44 %  881.4 hPa 1.043E-03 g/cm³ 000 chk 38257
21/04/2020 20:19:00  19.56 °C  59.47 %  881.4 hPa 1.043E-03 g/cm³ 000 chk 18645
21/04/2020 20:20:00  19.56 °C  59.14 %  881.4 hPa 1.043E-03 g/cm³ 000 chk 19514
21/04/2020 20:21:00  19.56 °C  59.03 %  881.4 hPa 1.043E-03 g/cm³ 000 chk  9651
21/04/2020 20:22:00  19.55 °C  59.03 %  881.4 hPa 1.043E-03 g/cm³ 000 chk 26655
21/04/2020 20:23:00  19.55 °C  59.22 %  881.4 hPa 1.043E-03 g/cm³ 000 chk 61409
21/04/2020 20:24:00  19.55 °C  59.06 %  881.4 hPa 1.043E-03 g/cm³ 000 chk 52930
21/04/2020 20:25:00  19.55 °C  59.24 %  881.4 hPa 1.043E-03 g/cm³ 000 chk 15932
21/04/2020 20:26:00  19.55 °C  59.33 %  881.4 hPa 1.043E-03 g/cm³ 000 chk 17150
21/04/2020 20:27:00  19.55 °C  59.22 %  881.4 hPa 1.043E-03 g/cm³ 000 chk 50551
21/04/2020 20:28:00  19.56 °C  59.06 %  881.4 hPa 1.043E-03 g/cm³ 000 chk 17211
21/04/2020 20:29:00  19.56 °C  58.93 %  881.4 hPa 1.043E-03 g/cm³ 000 chk 57798
21/04/2020 20:30:00  19.56 °C  58.98 %  881.4 hPa 1.043E-03 g/cm³ 000 chk 15079
21/04/2020 20:31:00  19.55 °C  58.90 %  881.4 hPa 1.043E-03 g/cm³ 000 chk 35330
21/04/2020 20:32:00  19.55 °C  58.99 %  881.4 hPa 1.043E-03 g/cm³ 000 chk 12526
21/04/2020 20:33:00  19.54 °C  59.21 %  881.4 hPa 1.043E-03 g/cm³ 000 chk 45706
21/04/2020 20:34:00  19.54 °C  59.13 %  881.4 hPa 1.043E-03 g/cm³ 000 chk 48517
21/04/2020 20:35:00  19.54 °C  59.00 %  881.5 hPa 1.043E-03 g/cm³ 000 chk 22873
21/04/2020 20:36:00  19.54 °C  59.08 %  881.5 hPa 1.043E-03 g/cm³ 000 chk  3764
21/04/2020 20:37:00  19.54 °C  58.88 %  881.5 hPa 1.043E-03 g/cm³ 000 chk 62821
21/04/2020 20:38:00  19.53 °C  58.76 %  881.5 hPa 1.043E-03 g/cm³ 000 chk  2012
21/04/2020 20:39:00  19.53 °C  58.65 %  881.5 hPa 1.043E-03 g/cm³ 000 chk  6740
21/04/2020 20:40:00  19.53 °C  58.64 %  881.5 hPa 1.043E-03 g/cm³ 000 chk 60041
21/04/2020 20:41:00  19.53 °C  58.54 %  881.5 hPa 1.043E-03 g/cm³ 000 chk 16474
21/04/2020 20:42:00  19.53 °C  58.80 %  881.5 hPa 1.043E-03 g/cm³ 000 chk 19012
21/04/2020 20:43:00  19.53 °C  58.85 %  881.5 hPa 1.043E-03 g/cm³ 000 chk 31200
21/04/2020 20:44:00  19.54 °C  58.84 %  881.5 hPa 1.043E-03 g/cm³ 000 chk 13533
21/04/2020 20:45:00  19.53 °C  58.93 %  881.5 hPa 1.043E-03 g/cm³ 000 chk 26641
21/04/2020 20:46:00  19.54 °C  58.94 %  881.5 hPa 1.043E-03 g/cm³ 000 chk 57786
21/04/2020 20:47:00  19.54 °C  59.01 %  881.5 hPa 1.043E-03 g/cm³ 000 chk 17223
21/04/2020 20:48:00  19.54 °C  58.98 %  881.5 hPa 1.043E-03 g/cm³ 000 chk  5960
21/04/2020 20:49:00  19.53 °C  58.93 %  881.5 hPa 1.043E-03 g/cm³ 000 chk  6059
21/04/2020 20:50:00  19.53 °C  58.96 %  881.4 hPa 1.043E-03 g/cm³ 000 chk 13276
21/04/2020 20:51:00  19.54 °C  59.16 %  881.4 hPa 1.043E-03 g/cm³ 000 chk 64840
21/04/2020 20:52:00  19.53 °C  59.26 %  881.4 hPa 1.043E-03 g/cm³ 000 chk 30613
21/04/2020 20:53:00  19.53 °C  59.21 %  881.5 hPa 1.043E-03 g/cm³ 000 chk 10084
21/04/2020 20:54:00  19.53 °C  59.28 %  881.5 hPa 1.043E-03 g/cm³ 000 chk 46878
21/04/2020 20:55:00  19.54 °C  59.48 %  881.5 hPa 1.043E-03 g/cm³ 000 chk 10257
21/04/2020 20:56:00  19.54 °C  59.51 %  881.5 hPa 1.043E-03 g/cm³ 000 chk 21201
21/04/2020 20:57:00  19.54 °C  59.56 %  881.5 hPa 1.043E-03 g/cm³ 000 chk 64372
21/04/2020 20:58:00  19.54 °C  59.34 %  881.5 hPa 1.043E-03 g/cm³ 000 chk 41422
21/04/2020 20:59:00  19.54 °C  59.62 %  881.5 hPa 1.043E-03 g/cm³ 000 chk 58867
21/04/2020 21:00:00  19.54 °C  59.42 %  881.5 hPa 1.043E-03 g/cm³ 000 chk 19486
21/04/2020 21:01:00  19.54 °C  59.37 %  881.5 hPa 1.043E-03 g/cm³ 000 chk 49016
21/04/2020 21:02:00  19.54 °C  59.38 %  881.5 hPa 1.043E-03 g/cm³ 000 chk 60308
21/04/2020 21:03:00  19.54 °C  59.43 %  881.5 hPa 1.043E-03 g/cm³ 000 chk  7920
21/04/2020 21:04:00  19.54 °C  59.37 %  881.6 hPa 1.043E-03 g/cm³ 000 chk 29877
21/04/2020 21:05:00  19.54 °C  59.51 %  881.6 hPa 1.043E-03 g/cm³ 000 chk 12543
21/04/2020 21:06:00  19.54 °C  59.52 %  881.6 hPa 1.043E-03 g/cm³ 000 chk 63504
21/04/2020 21:07:00  19.54 °C  59.42 %  881.6 hPa 1.043E-03 g/cm³ 000 chk 37528
21/04/2020 21:08:00  19.54 °C  59.41 %  881.6 hPa 1.043E-03 g/cm³ 000 chk  9677
21/04/2020 21:09:00  19.54 °C  59.51 %  881.6 hPa 1.043E-03 g/cm³ 000 chk 20293
21/04/2020 21:10:00  19.55 °C  59.57 %  881.6 hPa 1.043E-03 g/cm³ 000 chk 29862
21/04/2020 21:11:00  19.54 °C  59.77 %  881.6 hPa 1.043E-03 g/cm³ 000 chk 36761
21/04/2020 21:12:00  19.54 °C  59.67 %  881.6 hPa 1.043E-03 g/cm³ 000 chk 61530
21/04/2020 21:13:00  19.54 °C  59.59 %  881.6 hPa 1.043E-03 g/cm³ 000 chk 23691
21/04/2020 21:14:00  19.54 °C  59.67 %  881.6 hPa 1.043E-03 g/cm³ 000 chk 53127
21/04/2020 21:15:00  19.55 °C  59.60 %  881.7 hPa 1.043E-03 g/cm³ 000 chk  3766
21/04/2020 21:16:00  19.55 °C  59.46 %  881.7 hPa 1.043E-03 g/cm³ 000 chk 40706
21/04/2020 21:17:00  19.54 °C  59.32 %  881.7 hPa 1.043E-03 g/cm³ 000 chk  4261
21/04/2020 21:18:00  19.54 °C  59.27 %  881.7 hPa 1.043E-03 g/cm³ 000 chk 35292
21/04/2020 21:19:00  19.54 °C  59.23 %  881.7 hPa 1.043E-03 g/cm³ 000 chk 22393
21/04/2020 21:20:00  19.54 °C  59.16 %  881.7 hPa 1.043E-03 g/cm³ 000 chk 48504
21/04/2020 21:21:00  19.54 °C  59.03 %  881.7 hPa 1.043E-03 g/cm³ 000 chk 20208
21/04/2020 21:22:00  19.54 °C  59.00 %  881.7 hPa 1.043E-03 g/cm³ 000 chk 34335
21/04/2020 21:23:00  19.54 °C  58.83 %  881.7 hPa 1.043E-03 g/cm³ 000 chk  2766
21/04/2020 21:24:00  19.53 °C  58.86 %  881.8 hPa 1.044E-03 g/cm³ 000 chk  5557
21/04/2020 21:25:00  19.53 °C  58.94 %  881.8 hPa 1.044E-03 g/cm³ 000 chk 58684
21/04/2020 21:26:00  19.53 °C  58.84 %  881.8 hPa 1.044E-03 g/cm³ 000 chk 39679
21/04/2020 21:27:00  19.53 °C  58.74 %  881.8 hPa 1.044E-03 g/cm³ 000 chk 12784
21/04/2020 21:28:00  19.52 °C  58.89 %  881.8 hPa 1.044E-03 g/cm³ 000 chk  4300
21/04/2020 21:29:00  19.52 °C  58.83 %  881.7 hPa 1.043E-03 g/cm³ 000 chk 60972
21/04/2020 21:30:00  19.52 °C  58.74 %  881.7 hPa 1.043E-03 g/cm³ 000 chk 43173
21/04/2020 21:31:00  19.51 °C  58.56 %  881.7 hPa 1.043E-03 g/cm³ 000 chk 43544
21/04/2020 21:32:00  19.52 °C  58.58 %  881.7 hPa 1.043E-03 g/cm³ 000 chk 57782
21/04/2020 21:33:00  19.52 °C  58.75 %  881.7 hPa 1.043E-03 g/cm³ 000 chk 64075
21/04/2020 21:34:00  19.52 °C  58.89 %  881.7 hPa 1.043E-03 g/cm³ 000 chk 62106
21/04/2020 21:35:00  19.52 °C  58.81 %  881.7 hPa 1.043E-03 g/cm³ 000 chk 45116
21/04/2020 21:36:00  19.52 °C  58.63 %  881.7 hPa 1.043E-03 g/cm³ 000 chk 21589
21/04/2020 21:37:00  19.52 °C  58.56 %  881.7 hPa 1.043E-03 g/cm³ 000 chk 26502
21/04/2020 21:38:00  19.52 °C  58.53 %  881.7 hPa 1.043E-03 g/cm³ 000 chk 16083
21/04/2020 21:39:00  19.51 °C  58.48 %  881.8 hPa 1.044E-03 g/cm³ 000 chk  8029
21/04/2020 21:40:00  19.51 °C  58.54 %  881.8 hPa 1.044E-03 g/cm³ 000 chk 24238
21/04/2020 21:41:00  19.50 °C  58.44 %  881.8 hPa 1.044E-03 g/cm³ 000 chk 42470
21/04/2020 21:42:00  19.50 °C  58.49 %  881.8 hPa 1.044E-03 g/cm³ 000 chk 27403
21/04/2020 21:43:00  19.50 °C  58.51 %  881.8 hPa 1.044E-03 g/cm³ 000 chk 59777
21/04/2020 21:44:00  19.50 °C  58.46 %  881.8 hPa 1.044E-03 g/cm³ 000 chk 49109
21/04/2020 21:45:00  19.50 °C  58.48 %  881.8 hPa 1.044E-03 g/cm³ 000 chk  4979
21/04/2020 21:46:00  19.50 °C  58.46 %  881.8 hPa 1.044E-03 g/cm³ 000 chk 43678
21/04/2020 21:47:00  19.50 °C  58.38 %  881.8 hPa 1.044E-03 g/cm³ 000 chk 50938
21/04/2020 21:48:00  19.49 °C  58.24 %  881.8 hPa 1.044E-03 g/cm³ 000 chk 21982
21/04/2020 21:49:00  19.49 °C  58.19 %  881.8 hPa 1.044E-03 g/cm³ 000 chk 36367
21/04/2020 21:50:00  19.49 °C  58.17 %  881.8 hPa 1.044E-03 g/cm³ 000 chk 52270
21/04/2020 21:51:00  19.49 °C  58.22 %  881.7 hPa 1.044E-03 g/cm³ 000 chk 56317
21/04/2020 21:52:00  19.49 °C  58.50 %  881.7 hPa 1.044E-03 g/cm³ 000 chk 16081
21/04/2020 21:53:00  19.49 °C  58.49 %  881.7 hPa 1.044E-03 g/cm³ 000 chk 20826
21/04/2020 21:54:00  19.49 °C  58.67 %  881.7 hPa 1.044E-03 g/cm³ 000 chk   634
21/04/2020 21:55:00  19.49 °C  58.47 %  881.7 hPa 1.044E-03 g/cm³ 000 chk 26757
21/04/2020 21:56:00  19.49 °C  58.43 %  881.7 hPa 1.044E-03 g/cm³ 000 chk 41835
21/04/2020 21:57:00  19.49 °C  58.11 %  881.7 hPa 1.044E-03 g/cm³ 000 chk 37719
21/04/2020 21:58:00  19.49 °C  58.22 %  881.7 hPa 1.044E-03 g/cm³ 000 chk  9333
21/04/2020 21:59:00  19.49 °C  58.33 %  881.7 hPa 1.044E-03 g/cm³ 000 chk 41980
21/04/2020 22:00:00  19.49 °C  58.35 %  881.7 hPa 1.044E-03 g/cm³ 000 chk 41524
21/04/2020 22:01:00  19.49 °C  58.39 %  881.7 hPa 1.044E-03 g/cm³ 000 chk 38035
21/04/2020 22:02:00  19.49 °C  58.60 %  881.7 hPa 1.044E-03 g/cm³ 000 chk 12006
21/04/2020 22:03:00  19.48 °C  58.44 %  881.7 hPa 1.044E-03 g/cm³ 000 chk 41432
21/04/2020 22:04:00  19.48 °C  58.29 %  881.7 hPa 1.044E-03 g/cm³ 000 chk 17741
21/04/2020 22:05:00  19.47 °C  58.39 %  881.7 hPa 1.044E-03 g/cm³ 000 chk 54415
21/04/2020 22:06:00  19.48 °C  58.24 %  881.7 hPa 1.044E-03 g/cm³ 000 chk  8452
21/04/2020 22:07:00  19.47 °C  58.24 %  881.7 hPa 1.044E-03 g/cm³ 000 chk 28906
21/04/2020 22:08:00  19.47 °C  58.26 %  881.7 hPa 1.044E-03 g/cm³ 000 chk 10942
21/04/2020 22:09:00  19.47 °C  58.50 %  881.7 hPa 1.044E-03 g/cm³ 000 chk 44760
21/04/2020 22:10:00  19.47 °C  58.40 %  881.7 hPa 1.044E-03 g/cm³ 000 chk 10967
21/04/2020 22:11:00  19.47 °C  58.46 %  881.6 hPa 1.044E-03 g/cm³ 000 chk 38695
21/04/2020 22:12:00  19.47 °C  58.39 %  881.6 hPa 1.044E-03 g/cm³ 000 chk   777
21/04/2020 22:13:00  19.47 °C  58.43 %  881.6 hPa 1.044E-03 g/cm³ 000 chk  7020
21/04/2020 22:14:00  19.47 °C  58.13 %  881.6 hPa 1.044E-03 g/cm³ 000 chk 36492
21/04/2020 22:15:00  19.47 °C  58.00 %  881.6 hPa 1.044E-03 g/cm³ 000 chk 37636
21/04/2020 22:16:00  19.47 °C  58.05 %  881.6 hPa 1.044E-03 g/cm³ 000 chk 46571
21/04/2020 22:17:00  19.47 °C  58.02 %  881.6 hPa 1.044E-03 g/cm³ 000 chk  7246
21/04/2020 22:18:00  19.47 °C  58.19 %  881.7 hPa 1.044E-03 g/cm³ 000 chk 31329
21/04/2020 22:19:00  19.46 °C  58.20 %  881.7 hPa 1.044E-03 g/cm³ 000 chk 17521
21/04/2020 22:20:00  19.46 °C  58.28 %  881.7 hPa 1.044E-03 g/cm³ 000 chk 57093
21/04/2020 22:21:00  19.46 °C  58.27 %  881.6 hPa 1.044E-03 g/cm³ 000 chk 26614
21/04/2020 22:22:00  19.46 °C  58.16 %  881.6 hPa 1.044E-03 g/cm³ 000 chk 13679
21/04/2020 22:23:00  19.45 °C  58.21 %  881.6 hPa 1.044E-03 g/cm³ 000 chk 28414
21/04/2020 22:24:00  19.45 °C  58.09 %  881.6 hPa 1.044E-03 g/cm³ 000 chk 54238
21/04/2020 22:25:00  19.45 °C  58.03 %  881.6 hPa 1.044E-03 g/cm³ 000 chk  2937
21/04/2020 22:26:00  19.45 °C  58.21 %  881.6 hPa 1.044E-03 g/cm³ 000 chk 61132
21/04/2020 22:27:00  19.45 °C  58.25 %  881.6 hPa 1.044E-03 g/cm³ 000 chk 12393
21/04/2020 22:28:00  19.45 °C  58.53 %  881.6 hPa 1.044E-03 g/cm³ 000 chk 57086
21/04/2020 22:29:00  19.45 °C  58.68 %  881.6 hPa 1.044E-03 g/cm³ 000 chk 60207
21/04/2020 22:30:00  19.45 °C  58.74 %  881.6 hPa 1.044E-03 g/cm³ 000 chk 62243
21/04/2020 22:31:00  19.45 °C  58.64 %  881.6 hPa 1.044E-03 g/cm³ 000 chk 39339
21/04/2020 22:32:00  19.45 °C  58.71 %  881.6 hPa 1.044E-03 g/cm³ 000 chk 32616
21/04/2020 22:33:00  19.45 °C  58.73 %  881.6 hPa 1.044E-03 g/cm³ 000 chk 20429
21/04/2020 22:34:00  19.45 °C  58.77 %  881.6 hPa 1.044E-03 g/cm³ 000 chk 44725
21/04/2020 22:35:00  19.45 °C  58.79 %  881.6 hPa 1.044E-03 g/cm³ 000 chk   531
21/04/2020 22:36:00  19.45 °C  58.99 %  881.6 hPa 1.044E-03 g/cm³ 000 chk 31867
21/04/2020 22:37:00  19.45 °C  58.96 %  881.6 hPa 1.044E-03 g/cm³ 000 chk 15836
21/04/2020 22:38:00  19.45 °C  59.10 %  881.6 hPa 1.044E-03 g/cm³ 000 chk 17148
21/04/2020 22:39:00  19.46 °C  59.17 %  881.5 hPa 1.043E-03 g/cm³ 000 chk 20642
21/04/2020 22:40:00  19.46 °C  58.95 %  881.5 hPa 1.043E-03 g/cm³ 000 chk 34314
21/04/2020 22:41:00  19.46 °C  58.67 %  881.5 hPa 1.043E-03 g/cm³ 000 chk 46852
21/04/2020 22:42:00  19.46 °C  58.70 %  881.5 hPa 1.043E-03 g/cm³ 000 chk 52166
21/04/2020 22:43:00  19.45 °C  58.78 %  881.5 hPa 1.043E-03 g/cm³ 000 chk 31523
21/04/2020 22:44:00  19.46 °C  58.88 %  881.5 hPa 1.043E-03 g/cm³ 000 chk  7602
21/04/2020 22:45:00  19.46 °C  59.01 %  881.5 hPa 1.043E-03 g/cm³ 000 chk 58208
21/04/2020 22:46:00  19.46 °C  59.03 %  881.4 hPa 1.043E-03 g/cm³ 000 chk 16346
21/04/2020 22:47:00  19.46 °C  59.11 %  881.4 hPa 1.043E-03 g/cm³ 000 chk 53075
21/04/2020 22:48:00  19.46 °C  59.13 %  881.4 hPa 1.043E-03 g/cm³ 000 chk 38151
21/04/2020 22:49:00  19.46 °C  59.16 %  881.4 hPa 1.043E-03 g/cm³ 000 chk 42659
21/04/2020 22:50:00  19.46 °C  59.01 %  881.4 hPa 1.043E-03 g/cm³ 000 chk  8621
21/04/2020 22:51:00  19.46 °C  58.71 %  881.4 hPa 1.043E-03 g/cm³ 000 chk 56279
21/04/2020 22:52:00  19.46 °C  58.72 %  881.4 hPa 1.043E-03 g/cm³ 000 chk  4920
21/04/2020 22:53:00  19.46 °C  58.62 %  881.4 hPa 1.043E-03 g/cm³ 000 chk 31152
21/04/2020 22:54:00  19.46 °C  58.77 %  881.4 hPa 1.043E-03 g/cm³ 000 chk 46565
21/04/2020 22:55:00  19.46 °C  58.84 %  881.4 hPa 1.043E-03 g/cm³ 000 chk 27114
21/04/2020 22:56:00  19.46 °C  59.07 %  881.4 hPa 1.043E-03 g/cm³ 000 chk 61552
21/04/2020 22:57:00  19.46 °C  58.94 %  881.4 hPa 1.043E-03 g/cm³ 000 chk 48269
21/04/2020 22:58:00  19.46 °C  58.80 %  881.4 hPa 1.043E-03 g/cm³ 000 chk 51445
21/04/2020 22:59:00  19.46 °C  58.74 %  881.4 hPa 1.043E-03 g/cm³ 000 chk  6139
21/04/2020 23:00:00  19.45 °C  58.48 %  881.4 hPa 1.043E-03 g/cm³ 000 chk  4218
21/04/2020 23:01:00  19.45 °C  58.45 %  881.4 hPa 1.043E-03 g/cm³ 000 chk 52188
21/04/2020 23:02:00  19.45 °C  58.43 %  881.4 hPa 1.043E-03 g/cm³ 000 chk 39475
21/04/2020 23:03:00  19.45 °C  58.42 %  881.4 hPa 1.043E-03 g/cm³ 000 chk 56726
21/04/2020 23:04:00  19.45 °C  58.58 %  881.3 hPa 1.043E-03 g/cm³ 000 chk 37994
21/04/2020 23:05:00  19.45 °C  58.58 %  881.3 hPa 1.043E-03 g/cm³ 000 chk 16078
21/04/2020 23:06:00  19.44 °C  58.51 %  881.3 hPa 1.043E-03 g/cm³ 000 chk  5602
21/04/2020 23:07:00  19.45 °C  58.41 %  881.3 hPa 1.043E-03 g/cm³ 000 chk 61098
21/04/2020 23:08:00  19.45 °C  58.35 %  881.3 hPa 1.043E-03 g/cm³ 000 chk 39484
21/04/2020 23:09:00  19.45 °C  58.22 %  881.3 hPa 1.043E-03 g/cm³ 000 chk 62389
21/04/2020 23:10:00  19.45 °C  58.84 %  881.3 hPa 1.043E-03 g/cm³ 000 chk 22692
21/04/2020 23:11:00  19.45 °C  59.64 %  881.3 hPa 1.043E-03 g/cm³ 000 chk 41883
21/04/2020 23:12:00  19.45 °C  60.38 %  881.3 hPa 1.043E-03 g/cm³ 000 chk 51885
21/04/2020 23:13:00  19.46 °C  60.95 %  881.3 hPa 1.043E-03 g/cm³ 000 chk 57978
21/04/2020 23:14:00  19.47 °C  61.23 %  881.3 hPa 1.043E-03 g/cm³ 000 chk 22977
21/04/2020 23:15:00  19.48 °C  61.04 %  881.3 hPa 1.043E-03 g/cm³ 000 chk 52085
21/04/2020 23:16:00  19.49 °C  60.47 %  881.3 hPa 1.043E-03 g/cm³ 000 chk 49907
21/04/2020 23:17:00  19.48 °C  59.81 %  881.3 hPa 1.043E-03 g/cm³ 000 chk 23560
21/04/2020 23:18:00  19.49 °C  59.25 %  881.3 hPa 1.043E-03 g/cm³ 000 chk 30894
21/04/2020 23:19:00  19.49 °C  59.02 %  881.3 hPa 1.043E-03 g/cm³ 000 chk  4432
21/04/2020 23:20:00  19.48 °C  58.97 %  881.3 hPa 1.043E-03 g/cm³ 000 chk 64447
21/04/2020 23:21:00  19.48 °C  58.86 %  881.2 hPa 1.043E-03 g/cm³ 000 chk 34146
21/04/2020 23:22:00  19.48 °C  58.74 %  881.2 hPa 1.043E-03 g/cm³ 000 chk 41255
21/04/2020 23:23:00  19.48 °C  58.78 %  881.2 hPa 1.043E-03 g/cm³ 000 chk 38784
21/04/2020 23:24:00  19.47 °C  58.82 %  881.2 hPa 1.043E-03 g/cm³ 000 chk 35355
21/04/2020 23:25:00  19.47 °C  58.64 %  881.2 hPa 1.043E-03 g/cm³ 000 chk  3896
21/04/2020 23:26:00  19.46 °C  58.50 %  881.2 hPa 1.043E-03 g/cm³ 000 chk 21857
21/04/2020 23:27:00  19.46 °C  58.48 %  881.2 hPa 1.043E-03 g/cm³ 000 chk 55275
21/04/2020 23:28:00  19.45 °C  58.47 %  881.2 hPa 1.043E-03 g/cm³ 000 chk  3838
21/04/2020 23:29:00  19.45 °C  58.47 %  881.2 hPa 1.043E-03 g/cm³ 000 chk 42074
21/04/2020 23:30:00  19.45 °C  58.67 %  881.2 hPa 1.043E-03 g/cm³ 000 chk  8226
21/04/2020 23:31:00  19.46 °C  58.54 %  881.2 hPa 1.043E-03 g/cm³ 000 chk  4018
21/04/2020 23:32:00  19.46 °C  58.84 %  881.2 hPa 1.043E-03 g/cm³ 000 chk 29101
21/04/2020 23:33:00  19.47 °C  58.70 %  881.2 hPa 1.043E-03 g/cm³ 000 chk 16227
21/04/2020 23:34:00  19.47 °C  58.68 %  881.2 hPa 1.043E-03 g/cm³ 000 chk 33332
21/04/2020 23:35:00  19.46 °C  58.50 %  881.2 hPa 1.043E-03 g/cm³ 000 chk 20773
21/04/2020 23:36:00  19.46 °C  58.36 %  881.2 hPa 1.043E-03 g/cm³ 000 chk    36
21/04/2020 23:37:00  19.46 °C  58.30 %  881.2 hPa 1.043E-03 g/cm³ 000 chk 17536
21/04/2020 23:38:00  19.46 °C  58.38 %  881.2 hPa 1.043E-03 g/cm³ 000 chk 27863
21/04/2020 23:39:00  19.46 °C  58.50 %  881.2 hPa 1.043E-03 g/cm³ 000 chk 11935
21/04/2020 23:40:00  19.45 °C  58.46 %  881.1 hPa 1.043E-03 g/cm³ 000 chk 42195
21/04/2020 23:41:00  19.45 °C  58.42 %  881.1 hPa 1.043E-03 g/cm³ 000 chk 31350
21/04/2020 23:42:00  19.46 °C  58.74 %  881.1 hPa 1.043E-03 g/cm³ 000 chk 55725
21/04/2020 23:43:00  19.46 °C  58.64 %  881.1 hPa 1.043E-03 g/cm³ 000 chk 45861
21/04/2020 23:44:00  19.46 °C  58.58 %  881.1 hPa 1.043E-03 g/cm³ 000 chk 47656
21/04/2020 23:45:00  19.45 °C  58.44 %  881.1 hPa 1.043E-03 g/cm³ 000 chk 48864
21/04/2020 23:46:00  19.45 °C  58.38 %  881.1 hPa 1.043E-03 g/cm³ 000 chk 24014
21/04/2020 23:47:00  19.45 °C  58.47 %  881.1 hPa 1.043E-03 g/cm³ 000 chk 56491
21/04/2020 23:48:00  19.45 °C  58.67 %  881.1 hPa 1.043E-03 g/cm³ 000 chk 56485
21/04/2020 23:49:00  19.45 °C  58.59 %  881.1 hPa 1.043E-03 g/cm³ 000 chk 28788
21/04/2020 23:50:00  19.45 °C  58.73 %  881.1 hPa 1.043E-03 g/cm³ 000 chk 34319
21/04/2020 23:51:00  19.45 °C  58.58 %  881.1 hPa 1.043E-03 g/cm³ 000 chk 29682
21/04/2020 23:52:00  19.45 °C  58.50 %  881.1 hPa 1.043E-03 g/cm³ 000 chk  9247
21/04/2020 23:53:00  19.44 °C  58.31 %  881.0 hPa 1.043E-03 g/cm³ 000 chk  3008
21/04/2020 23:54:00  19.45 °C  58.31 %  881.0 hPa 1.043E-03 g/cm³ 000 chk  3961
21/04/2020 23:55:00  19.45 °C  58.24 %  881.0 hPa 1.043E-03 g/cm³ 000 chk 64753
21/04/2020 23:56:00  19.45 °C  58.05 %  881.0 hPa 1.043E-03 g/cm³ 000 chk 28228
21/04/2020 23:57:00  19.45 °C  58.03 %  881.0 hPa 1.043E-03 g/cm³ 000 chk 10976
21/04/2020 23:58:00  19.45 °C  58.11 %  881.0 hPa 1.043E-03 g/cm³ 000 chk 45208
21/04/2020 23:59:00  19.45 °C  57.97 %  881.0 hPa 1.043E-03 g/cm³ 000 chk 50667
