08/01/2020  9:46:30  19.25 °C  57.26 %  883.0 hPa 1.046E-03 g/cm³ 000 chk  9799
08/01/2020  9:47:00  19.25 °C  57.12 %  882.9 hPa 1.046E-03 g/cm³ 000 chk  8962
08/01/2020  9:48:00  19.26 °C  57.41 %  882.8 hPa 1.046E-03 g/cm³ 000 chk 40921
08/01/2020  9:49:00  19.27 °C  57.59 %  882.8 hPa 1.046E-03 g/cm³ 000 chk 35987
08/01/2020  9:50:00  19.29 °C  57.62 %  882.8 hPa 1.046E-03 g/cm³ 000 chk 15695
08/01/2020  9:51:00  19.30 °C  57.51 %  882.8 hPa 1.046E-03 g/cm³ 000 chk 61378
08/01/2020  9:52:00  19.31 °C  57.45 %  882.8 hPa 1.046E-03 g/cm³ 000 chk 30144
08/01/2020  9:53:00  19.32 °C  57.32 %  882.6 hPa 1.046E-03 g/cm³ 000 chk 13232
08/01/2020  9:54:00  19.33 °C  57.41 %  882.9 hPa 1.046E-03 g/cm³ 000 chk 42187
08/01/2020  9:55:00  19.34 °C  57.55 %  882.7 hPa 1.046E-03 g/cm³ 000 chk 21075
08/01/2020  9:56:00  19.35 °C  57.59 %  882.9 hPa 1.046E-03 g/cm³ 000 chk 15659
08/01/2020  9:57:00  19.37 °C  57.71 %  883.0 hPa 1.046E-03 g/cm³ 000 chk 60757
08/01/2020  9:58:00  19.38 °C  57.65 %  883.0 hPa 1.046E-03 g/cm³ 000 chk 25191
08/01/2020  9:59:00  19.39 °C  57.60 %  882.9 hPa 1.045E-03 g/cm³ 000 chk 61504
08/01/2020 10:00:00  19.40 °C  57.55 %  882.8 hPa 1.045E-03 g/cm³ 000 chk 39968
08/01/2020 10:01:00  19.42 °C  57.69 %  882.9 hPa 1.045E-03 g/cm³ 000 chk 12327
08/01/2020 10:02:00  19.43 °C  57.52 %  882.8 hPa 1.045E-03 g/cm³ 000 chk 30761
08/01/2020 10:03:00  19.45 °C  57.59 %  882.9 hPa 1.045E-03 g/cm³ 000 chk  4190
08/01/2020 10:04:00  19.47 °C  57.46 %  882.9 hPa 1.045E-03 g/cm³ 000 chk 52619
08/01/2020 10:05:00  19.48 °C  57.49 %  882.9 hPa 1.045E-03 g/cm³ 000 chk 30566
08/01/2020 10:06:00  19.49 °C  57.51 %  882.8 hPa 1.045E-03 g/cm³ 000 chk 34867
08/01/2020 10:07:00  19.49 °C  57.51 %  882.9 hPa 1.045E-03 g/cm³ 000 chk 56259
08/01/2020 10:08:00  19.49 °C  57.41 %  882.9 hPa 1.045E-03 g/cm³ 000 chk 56250
08/01/2020 10:09:00  19.50 °C  57.26 %  882.8 hPa 1.045E-03 g/cm³ 000 chk 34043
08/01/2020 10:10:00  19.50 °C  57.04 %  882.9 hPa 1.045E-03 g/cm³ 000 chk 25558
08/01/2020 10:11:00  19.51 °C  57.01 %  882.9 hPa 1.045E-03 g/cm³ 000 chk 49586
08/01/2020 10:12:00  19.51 °C  57.02 %  882.9 hPa 1.045E-03 g/cm³ 000 chk  2397
08/01/2020 10:13:00  19.51 °C  57.01 %  882.8 hPa 1.045E-03 g/cm³ 000 chk 11693
08/01/2020 10:14:00  19.51 °C  57.14 %  882.9 hPa 1.045E-03 g/cm³ 000 chk  6316
08/01/2020 10:15:00  19.51 °C  57.29 %  882.8 hPa 1.045E-03 g/cm³ 000 chk 14889
08/01/2020 10:16:00  19.52 °C  57.12 %  882.8 hPa 1.045E-03 g/cm³ 000 chk 59632
08/01/2020 10:17:00  19.53 °C  56.95 %  882.8 hPa 1.045E-03 g/cm³ 000 chk 33248
08/01/2020 10:18:00  19.53 °C  56.65 %  882.8 hPa 1.045E-03 g/cm³ 000 chk 16414
08/01/2020 10:19:00  19.53 °C  56.47 %  882.7 hPa 1.045E-03 g/cm³ 000 chk 38112
08/01/2020 10:20:00  19.54 °C  56.53 %  882.7 hPa 1.045E-03 g/cm³ 000 chk 26366
08/01/2020 10:21:00  19.55 °C  57.28 %  882.7 hPa 1.045E-03 g/cm³ 000 chk 37446
08/01/2020 10:22:00  19.56 °C  57.02 %  882.6 hPa 1.045E-03 g/cm³ 000 chk 38118
08/01/2020 10:23:00  19.57 °C  57.02 %  882.5 hPa 1.044E-03 g/cm³ 000 chk 58556
08/01/2020 10:24:00  19.58 °C  56.95 %  882.5 hPa 1.044E-03 g/cm³ 000 chk  6359
08/01/2020 10:25:00  19.58 °C  56.66 %  882.5 hPa 1.044E-03 g/cm³ 000 chk 50392
08/01/2020 10:26:00  19.60 °C  56.66 %  882.6 hPa 1.044E-03 g/cm³ 000 chk  3956
08/01/2020 10:27:00  19.60 °C  56.54 %  882.5 hPa 1.044E-03 g/cm³ 000 chk 29785
08/01/2020 10:28:00  19.61 °C  56.39 %  882.5 hPa 1.044E-03 g/cm³ 000 chk 21536
08/01/2020 10:29:00  19.61 °C  56.49 %  882.5 hPa 1.044E-03 g/cm³ 000 chk 15942
08/01/2020 10:30:00  19.61 °C  56.56 %  882.5 hPa 1.044E-03 g/cm³ 000 chk 20810
08/01/2020 10:31:00  19.61 °C  56.54 %  882.5 hPa 1.044E-03 g/cm³ 000 chk 25071
08/01/2020 10:32:00  19.63 °C  56.54 %  882.5 hPa 1.044E-03 g/cm³ 000 chk 48515
08/01/2020 10:33:00  19.63 °C  56.48 %  882.4 hPa 1.044E-03 g/cm³ 000 chk 45660
08/01/2020 10:34:00  19.63 °C  56.12 %  882.4 hPa 1.044E-03 g/cm³ 000 chk 21951
08/01/2020 10:35:00  19.63 °C  55.89 %  882.4 hPa 1.044E-03 g/cm³ 000 chk 37243
08/01/2020 10:36:00  19.62 °C  55.81 %  882.5 hPa 1.044E-03 g/cm³ 000 chk 44546
08/01/2020 10:37:00  19.61 °C  55.58 %  882.4 hPa 1.044E-03 g/cm³ 000 chk 52034
08/01/2020 10:38:00  19.60 °C  55.53 %  882.4 hPa 1.044E-03 g/cm³ 000 chk  1493
08/01/2020 10:39:00  19.60 °C  55.52 %  882.4 hPa 1.044E-03 g/cm³ 000 chk 17008
08/01/2020 10:40:00  19.60 °C  55.64 %  882.4 hPa 1.044E-03 g/cm³ 000 chk 45531
08/01/2020 10:41:00  19.61 °C  55.52 %  882.4 hPa 1.044E-03 g/cm³ 000 chk 25800
08/01/2020 10:42:00  19.60 °C  55.31 %  882.4 hPa 1.044E-03 g/cm³ 000 chk 15625
08/01/2020 10:43:00  19.60 °C  55.25 %  882.4 hPa 1.044E-03 g/cm³ 000 chk  9088
08/01/2020 10:44:00  19.61 °C  55.32 %  882.3 hPa 1.044E-03 g/cm³ 000 chk 35518
08/01/2020 10:45:00  19.61 °C  54.92 %  882.3 hPa 1.044E-03 g/cm³ 000 chk 45364
08/01/2020 10:46:00  19.61 °C  54.99 %  882.3 hPa 1.044E-03 g/cm³ 000 chk 37337
08/01/2020 10:47:00  19.61 °C  55.21 %  882.3 hPa 1.044E-03 g/cm³ 000 chk 33405
08/01/2020 10:48:00  19.62 °C  55.18 %  882.5 hPa 1.044E-03 g/cm³ 000 chk  8929
08/01/2020 10:49:00  19.63 °C  55.17 %  882.4 hPa 1.044E-03 g/cm³ 000 chk  3026
08/01/2020 10:50:00  19.63 °C  55.46 %  882.3 hPa 1.044E-03 g/cm³ 000 chk 52419
08/01/2020 10:51:00  19.64 °C  55.16 %  882.3 hPa 1.044E-03 g/cm³ 000 chk 21435
08/01/2020 10:52:00  19.64 °C  55.22 %  882.3 hPa 1.044E-03 g/cm³ 000 chk 38946
08/01/2020 10:53:00  19.65 °C  55.04 %  882.2 hPa 1.044E-03 g/cm³ 000 chk 29769
08/01/2020 10:54:00  19.66 °C  54.92 %  882.3 hPa 1.044E-03 g/cm³ 000 chk 38270
08/01/2020 10:55:00  19.67 °C  54.88 %  882.2 hPa 1.044E-03 g/cm³ 000 chk 58721
08/01/2020 10:56:00  19.67 °C  54.90 %  882.2 hPa 1.044E-03 g/cm³ 000 chk 29344
08/01/2020 10:57:00  19.67 °C  54.96 %  882.3 hPa 1.044E-03 g/cm³ 000 chk 53072
08/01/2020 10:58:00  19.66 °C  54.84 %  882.2 hPa 1.044E-03 g/cm³ 000 chk 15804
08/01/2020 10:59:00  19.66 °C  54.88 %  882.1 hPa 1.044E-03 g/cm³ 000 chk 16612
08/01/2020 11:00:00  19.65 °C  55.14 %  882.1 hPa 1.044E-03 g/cm³ 000 chk 54859
08/01/2020 11:01:00  19.64 °C  54.93 %  882.1 hPa 1.044E-03 g/cm³ 000 chk 48987
08/01/2020 11:02:00  19.62 °C  55.01 %  882.1 hPa 1.044E-03 g/cm³ 000 chk 44905
08/01/2020 11:03:00  19.61 °C  55.06 %  882.1 hPa 1.044E-03 g/cm³ 000 chk 62607
08/01/2020 11:04:00  19.60 °C  55.14 %  882.0 hPa 1.044E-03 g/cm³ 000 chk 21327
08/01/2020 11:05:00  19.59 °C  55.33 %  882.0 hPa 1.044E-03 g/cm³ 000 chk 38093
08/01/2020 11:06:00  19.57 °C  55.26 %  882.0 hPa 1.044E-03 g/cm³ 000 chk  6276
08/01/2020 11:07:00  19.56 °C  55.27 %  882.0 hPa 1.044E-03 g/cm³ 000 chk 52961
08/01/2020 11:08:00  19.55 °C  55.41 %  882.0 hPa 1.044E-03 g/cm³ 000 chk  4633
08/01/2020 11:09:00  19.54 °C  55.39 %  882.0 hPa 1.044E-03 g/cm³ 000 chk   445
08/01/2020 11:10:00  19.53 °C  55.64 %  882.0 hPa 1.044E-03 g/cm³ 000 chk   320
08/01/2020 11:11:00  19.52 °C  55.75 %  882.0 hPa 1.044E-03 g/cm³ 000 chk  5897
08/01/2020 11:12:00  19.51 °C  55.84 %  882.0 hPa 1.044E-03 g/cm³ 000 chk 46607
08/01/2020 11:13:00  19.50 °C  55.85 %  881.9 hPa 1.044E-03 g/cm³ 000 chk  5269
08/01/2020 11:14:00  19.50 °C  55.79 %  882.0 hPa 1.044E-03 g/cm³ 000 chk 26811
08/01/2020 11:15:00  19.49 °C  55.87 %  881.9 hPa 1.044E-03 g/cm³ 000 chk 48663
08/01/2020 11:16:00  19.48 °C  55.90 %  881.9 hPa 1.044E-03 g/cm³ 000 chk 21269
08/01/2020 11:17:00  19.48 °C  56.01 %  881.8 hPa 1.044E-03 g/cm³ 000 chk  7302
08/01/2020 11:18:00  19.47 °C  56.07 %  881.9 hPa 1.044E-03 g/cm³ 000 chk 12493
08/01/2020 11:19:00  19.47 °C  56.12 %  881.8 hPa 1.044E-03 g/cm³ 000 chk 14865
08/01/2020 11:20:00  19.47 °C  55.97 %  881.8 hPa 1.044E-03 g/cm³ 000 chk 57641
08/01/2020 11:21:00  19.46 °C  56.03 %  881.7 hPa 1.044E-03 g/cm³ 000 chk 31534
08/01/2020 11:22:00  19.45 °C  56.14 %  881.6 hPa 1.044E-03 g/cm³ 000 chk  3323
08/01/2020 11:23:00  19.45 °C  56.10 %  881.8 hPa 1.044E-03 g/cm³ 000 chk  3850
08/01/2020 11:24:00  19.45 °C  56.40 %  881.7 hPa 1.044E-03 g/cm³ 000 chk 48874
08/01/2020 11:25:00  19.46 °C  56.31 %  881.7 hPa 1.044E-03 g/cm³ 000 chk 52174
08/01/2020 11:26:00  19.45 °C  56.33 %  881.7 hPa 1.044E-03 g/cm³ 000 chk  7267
08/01/2020 11:27:00  19.44 °C  56.56 %  881.8 hPa 1.044E-03 g/cm³ 000 chk 39657
08/01/2020 11:28:00  19.44 °C  56.59 %  881.7 hPa 1.044E-03 g/cm³ 000 chk 38335
08/01/2020 11:29:00  19.44 °C  56.62 %  881.7 hPa 1.044E-03 g/cm³ 000 chk 41070
08/01/2020 11:30:00  19.43 °C  56.52 %  881.7 hPa 1.044E-03 g/cm³ 000 chk 53631
08/01/2020 11:31:00  19.43 °C  56.36 %  881.7 hPa 1.044E-03 g/cm³ 000 chk  3892
08/01/2020 11:32:00  19.43 °C  56.46 %  881.8 hPa 1.044E-03 g/cm³ 000 chk 21529
08/01/2020 11:33:00  19.43 °C  56.33 %  881.7 hPa 1.044E-03 g/cm³ 000 chk 33663
08/01/2020 11:34:00  19.42 °C  56.38 %  881.7 hPa 1.044E-03 g/cm³ 000 chk  6340
08/01/2020 11:35:00  19.42 °C  56.51 %  881.7 hPa 1.044E-03 g/cm³ 000 chk 46989
08/01/2020 11:36:00  19.42 °C  56.45 %  881.7 hPa 1.044E-03 g/cm³ 000 chk 48207
08/01/2020 11:37:00  19.42 °C  56.29 %  881.7 hPa 1.044E-03 g/cm³ 000 chk 35334
08/01/2020 11:38:00  19.42 °C  56.19 %  881.6 hPa 1.044E-03 g/cm³ 000 chk 45936
08/01/2020 11:39:00  19.41 °C  55.83 %  881.7 hPa 1.044E-03 g/cm³ 000 chk 37282
08/01/2020 11:40:00  19.42 °C  55.77 %  881.7 hPa 1.044E-03 g/cm³ 000 chk  2967
08/01/2020 11:41:00  19.41 °C  55.88 %  881.7 hPa 1.044E-03 g/cm³ 000 chk 47576
08/01/2020 11:42:00  19.41 °C  55.85 %  881.6 hPa 1.044E-03 g/cm³ 000 chk 36449
08/01/2020 11:43:00  19.41 °C  55.84 %  881.6 hPa 1.044E-03 g/cm³ 000 chk 51652
08/01/2020 11:44:00  19.41 °C  55.91 %  881.5 hPa 1.044E-03 g/cm³ 000 chk 20078
08/01/2020 11:45:00  19.41 °C  55.94 %  881.5 hPa 1.044E-03 g/cm³ 000 chk 32202
08/01/2020 14:28:36  19.23 °C  56.61 %  879.1 hPa 1.042E-03 g/cm³ 000 chk  8428
08/01/2020 14:29:00  19.24 °C  56.94 %  879.2 hPa 1.042E-03 g/cm³ 000 chk 27139
08/01/2020 14:30:00  19.25 °C  56.81 %  879.1 hPa 1.042E-03 g/cm³ 000 chk 44339
08/01/2020 14:31:00  19.25 °C  56.91 %  879.1 hPa 1.042E-03 g/cm³ 000 chk 51131
08/01/2020 14:32:00  19.25 °C  56.84 %  879.2 hPa 1.042E-03 g/cm³ 000 chk 27271
08/01/2020 14:33:00  19.26 °C  56.74 %  879.1 hPa 1.042E-03 g/cm³ 000 chk 30772
08/01/2020 14:34:00  19.26 °C  56.74 %  879.1 hPa 1.042E-03 g/cm³ 000 chk 60749
08/01/2020 14:35:00  19.27 °C  56.80 %  879.1 hPa 1.042E-03 g/cm³ 000 chk 41859
08/01/2020 14:36:00  19.28 °C  56.81 %  879.1 hPa 1.042E-03 g/cm³ 000 chk  2599
08/01/2020 14:37:00  19.30 °C  56.77 %  879.1 hPa 1.041E-03 g/cm³ 000 chk 53493
08/01/2020 14:38:00  19.31 °C  56.88 %  879.1 hPa 1.041E-03 g/cm³ 000 chk 27592
08/01/2020 14:39:00  19.33 °C  56.76 %  879.1 hPa 1.041E-03 g/cm³ 000 chk 42310
08/01/2020 14:40:00  19.34 °C  56.67 %  879.1 hPa 1.041E-03 g/cm³ 000 chk 41202
08/01/2020 14:41:00  19.35 °C  56.51 %  879.1 hPa 1.041E-03 g/cm³ 000 chk 30177
08/01/2020 14:42:00  19.37 °C  56.88 %  879.1 hPa 1.041E-03 g/cm³ 000 chk 28030
08/01/2020 14:43:00  19.38 °C  56.89 %  879.2 hPa 1.041E-03 g/cm³ 000 chk 39534
08/01/2020 14:44:00  19.38 °C  57.12 %  879.2 hPa 1.041E-03 g/cm³ 000 chk   332
08/01/2020 14:45:00  19.38 °C  57.06 %  879.0 hPa 1.041E-03 g/cm³ 000 chk 44398
08/01/2020 14:46:00  19.39 °C  57.06 %  879.1 hPa 1.041E-03 g/cm³ 000 chk 31253
08/01/2020 14:47:00  19.40 °C  57.07 %  879.0 hPa 1.041E-03 g/cm³ 000 chk 26847
08/01/2020 14:48:00  19.42 °C  56.80 %  879.0 hPa 1.041E-03 g/cm³ 000 chk 39293
08/01/2020 14:49:00  19.43 °C  56.86 %  879.0 hPa 1.041E-03 g/cm³ 000 chk 19481
08/01/2020 14:50:00  19.44 °C  56.85 %  879.0 hPa 1.041E-03 g/cm³ 000 chk 19071
08/01/2020 14:51:00  19.46 °C  56.87 %  879.0 hPa 1.041E-03 g/cm³ 000 chk  6489
08/01/2020 14:52:00  19.47 °C  56.85 %  879.0 hPa 1.041E-03 g/cm³ 000 chk 44407
08/01/2020 14:53:00  19.49 °C  56.88 %  879.0 hPa 1.041E-03 g/cm³ 000 chk  7259
08/01/2020 14:54:00  19.51 °C  56.96 %  879.0 hPa 1.040E-03 g/cm³ 000 chk 53587
08/01/2020 14:55:00  19.52 °C  56.92 %  879.0 hPa 1.040E-03 g/cm³ 000 chk 64949
08/01/2020 14:56:00  19.54 °C  56.79 %  879.0 hPa 1.040E-03 g/cm³ 000 chk 47194
08/01/2020 14:57:00  19.54 °C  56.72 %  879.0 hPa 1.040E-03 g/cm³ 000 chk 36348
08/01/2020 14:58:00  19.55 °C  56.89 %  879.0 hPa 1.040E-03 g/cm³ 000 chk 17088
08/01/2020 14:59:00  19.55 °C  56.89 %  879.0 hPa 1.040E-03 g/cm³ 000 chk 59492
08/01/2020 15:00:00  19.55 °C  56.87 %  879.0 hPa 1.040E-03 g/cm³ 000 chk 34768
08/01/2020 15:01:00  19.54 °C  56.92 %  879.1 hPa 1.040E-03 g/cm³ 000 chk  7372
08/01/2020 15:02:00  19.53 °C  57.07 %  879.1 hPa 1.040E-03 g/cm³ 000 chk 40511
08/01/2020 15:03:00  19.52 °C  57.14 %  879.1 hPa 1.041E-03 g/cm³ 000 chk  4790
08/01/2020 15:04:00  19.51 °C  57.29 %  879.1 hPa 1.041E-03 g/cm³ 000 chk  1273
08/01/2020 15:05:00  19.50 °C  57.17 %  879.1 hPa 1.041E-03 g/cm³ 000 chk 14824
08/01/2020 15:06:00  19.49 °C  57.16 %  879.1 hPa 1.041E-03 g/cm³ 000 chk 25688
08/01/2020 15:07:00  19.48 °C  57.36 %  879.1 hPa 1.041E-03 g/cm³ 000 chk 40807
08/01/2020 15:08:00  19.47 °C  57.47 %  879.1 hPa 1.041E-03 g/cm³ 000 chk 35259
08/01/2020 15:09:00  19.46 °C  57.69 %  879.1 hPa 1.041E-03 g/cm³ 000 chk 29830
08/01/2020 15:10:00  19.46 °C  57.87 %  879.1 hPa 1.041E-03 g/cm³ 000 chk 63264
08/01/2020 15:11:00  19.45 °C  57.99 %  879.1 hPa 1.041E-03 g/cm³ 000 chk 27113
08/01/2020 15:12:00  19.44 °C  58.07 %  879.2 hPa 1.041E-03 g/cm³ 000 chk 64448
08/01/2020 15:13:00  19.43 °C  57.93 %  879.2 hPa 1.041E-03 g/cm³ 000 chk 57819
08/01/2020 15:14:00  19.43 °C  57.98 %  879.2 hPa 1.041E-03 g/cm³ 000 chk 60320
08/01/2020 15:15:00  19.43 °C  58.01 %  879.2 hPa 1.041E-03 g/cm³ 000 chk 46588
08/01/2020 15:16:00  19.42 °C  58.05 %  879.2 hPa 1.041E-03 g/cm³ 000 chk 61394
08/01/2020 15:17:00  19.43 °C  58.09 %  879.3 hPa 1.041E-03 g/cm³ 000 chk 45537
08/01/2020 15:18:00  19.43 °C  58.12 %  879.3 hPa 1.041E-03 g/cm³ 000 chk 11930
08/01/2020 15:19:00  19.43 °C  58.01 %  879.3 hPa 1.041E-03 g/cm³ 000 chk 13074
08/01/2020 15:20:00  19.42 °C  57.83 %  879.3 hPa 1.041E-03 g/cm³ 000 chk 31346
08/01/2020 15:21:00  19.41 °C  57.71 %  879.3 hPa 1.041E-03 g/cm³ 000 chk 47423
08/01/2020 15:22:00  19.41 °C  57.56 %  879.3 hPa 1.041E-03 g/cm³ 000 chk 50570
08/01/2020 15:23:00  19.39 °C  57.34 %  879.3 hPa 1.041E-03 g/cm³ 000 chk 51258
08/01/2020 15:24:00  19.39 °C  57.25 %  879.3 hPa 1.041E-03 g/cm³ 000 chk 28782
08/01/2020 15:25:00  19.38 °C  57.33 %  879.3 hPa 1.041E-03 g/cm³ 000 chk 25894
08/01/2020 15:26:00  19.37 °C  57.08 %  879.2 hPa 1.041E-03 g/cm³ 000 chk 18338
08/01/2020 15:27:00  19.36 °C  57.14 %  879.2 hPa 1.041E-03 g/cm³ 000 chk  8425
08/01/2020 15:28:00  19.36 °C  57.20 %  879.2 hPa 1.041E-03 g/cm³ 000 chk 38090
08/01/2020 15:29:00  19.35 °C  56.88 %  879.2 hPa 1.041E-03 g/cm³ 000 chk 46337
08/01/2020 15:30:00  19.34 °C  56.77 %  879.2 hPa 1.041E-03 g/cm³ 000 chk 35402
08/01/2020 15:31:00  19.33 °C  56.78 %  879.2 hPa 1.041E-03 g/cm³ 000 chk 65192
08/01/2020 15:32:00  19.32 °C  56.41 %  879.2 hPa 1.042E-03 g/cm³ 000 chk 54448
08/01/2020 15:33:00  19.31 °C  56.59 %  879.2 hPa 1.042E-03 g/cm³ 000 chk 42105
08/01/2020 15:34:00  19.30 °C  56.81 %  879.2 hPa 1.042E-03 g/cm³ 000 chk 35122
08/01/2020 15:35:00  19.30 °C  56.67 %  879.2 hPa 1.042E-03 g/cm³ 000 chk  3089
08/01/2020 15:36:00  19.29 °C  56.95 %  879.2 hPa 1.042E-03 g/cm³ 000 chk  9994
08/01/2020 15:37:00  19.28 °C  56.84 %  879.2 hPa 1.042E-03 g/cm³ 000 chk 12611
08/01/2020 15:38:00  19.28 °C  56.65 %  879.2 hPa 1.042E-03 g/cm³ 000 chk 56720
08/01/2020 15:39:00  19.27 °C  56.77 %  879.2 hPa 1.042E-03 g/cm³ 000 chk 54867
08/01/2020 15:40:00  19.28 °C  56.70 %  879.2 hPa 1.042E-03 g/cm³ 000 chk 13252
08/01/2020 15:41:00  19.27 °C  56.63 %  879.2 hPa 1.042E-03 g/cm³ 000 chk 54534
08/01/2020 15:42:00  19.27 °C  56.71 %  879.2 hPa 1.042E-03 g/cm³ 000 chk 12484
08/01/2020 15:43:00  19.27 °C  56.89 %  879.2 hPa 1.042E-03 g/cm³ 000 chk 29641
08/01/2020 15:44:00  19.26 °C  56.85 %  879.2 hPa 1.042E-03 g/cm³ 000 chk 60275
08/01/2020 15:45:00  19.25 °C  56.74 %  879.2 hPa 1.042E-03 g/cm³ 000 chk 24382
08/01/2020 15:46:00  19.24 °C  56.62 %  879.2 hPa 1.042E-03 g/cm³ 000 chk 24381
08/01/2020 15:47:00  19.24 °C  56.70 %  879.3 hPa 1.042E-03 g/cm³ 000 chk 22240
08/01/2020 15:48:00  19.24 °C  56.94 %  879.3 hPa 1.042E-03 g/cm³ 000 chk  9011
08/01/2020 15:49:00  19.24 °C  56.93 %  879.3 hPa 1.042E-03 g/cm³ 000 chk 35478
08/01/2020 15:50:00  19.24 °C  56.78 %  879.3 hPa 1.042E-03 g/cm³ 000 chk 36912
08/01/2020 15:51:00  19.25 °C  56.82 %  879.3 hPa 1.042E-03 g/cm³ 000 chk 55548
08/01/2020 15:52:00  19.25 °C  56.83 %  879.3 hPa 1.042E-03 g/cm³ 000 chk 35346
08/01/2020 15:53:00  19.26 °C  56.55 %  879.3 hPa 1.042E-03 g/cm³ 000 chk 64773
08/01/2020 15:54:00  19.27 °C  56.54 %  879.2 hPa 1.042E-03 g/cm³ 000 chk 60905
08/01/2020 15:55:00  19.29 °C  56.58 %  879.3 hPa 1.042E-03 g/cm³ 000 chk 18576
08/01/2020 15:56:00  19.30 °C  56.50 %  879.2 hPa 1.042E-03 g/cm³ 000 chk 59767
08/01/2020 15:57:00  19.32 °C  56.56 %  879.3 hPa 1.042E-03 g/cm³ 000 chk 14084
08/01/2020 15:58:00  19.34 °C  56.58 %  879.2 hPa 1.041E-03 g/cm³ 000 chk 44481
08/01/2020 15:59:00  19.35 °C  56.25 %  879.2 hPa 1.041E-03 g/cm³ 000 chk 10085
08/01/2020 16:00:00  19.37 °C  56.17 %  879.2 hPa 1.041E-03 g/cm³ 000 chk 12632
08/01/2020 16:01:00  19.38 °C  56.21 %  879.1 hPa 1.041E-03 g/cm³ 000 chk 50494
08/01/2020 16:02:00  19.40 °C  55.93 %  879.2 hPa 1.041E-03 g/cm³ 000 chk 42989
08/01/2020 16:03:00  19.41 °C  56.12 %  879.2 hPa 1.041E-03 g/cm³ 000 chk 16582
08/01/2020 16:04:00  19.43 °C  56.21 %  879.2 hPa 1.041E-03 g/cm³ 000 chk 49483
08/01/2020 16:05:00  19.44 °C  56.35 %  879.2 hPa 1.041E-03 g/cm³ 000 chk 60039
08/01/2020 16:06:00  19.46 °C  56.06 %  879.2 hPa 1.041E-03 g/cm³ 000 chk 16796
08/01/2020 16:07:00  19.47 °C  56.10 %  879.1 hPa 1.041E-03 g/cm³ 000 chk  7979
08/01/2020 16:08:00  19.49 °C  55.89 %  879.2 hPa 1.041E-03 g/cm³ 000 chk  2666
08/01/2020 16:09:00  19.50 °C  55.84 %  879.2 hPa 1.041E-03 g/cm³ 000 chk 56978
08/01/2020 16:10:00  19.51 °C  55.87 %  879.2 hPa 1.041E-03 g/cm³ 000 chk 31857
08/01/2020 16:11:00  19.51 °C  56.34 %  879.2 hPa 1.041E-03 g/cm³ 000 chk 37100
08/01/2020 16:12:00  19.51 °C  56.64 %  879.2 hPa 1.041E-03 g/cm³ 000 chk 12186
08/01/2020 16:13:00  19.51 °C  56.91 %  879.2 hPa 1.041E-03 g/cm³ 000 chk  7573
08/01/2020 16:14:00  19.50 °C  56.87 %  879.2 hPa 1.041E-03 g/cm³ 000 chk 14080
08/01/2020 16:15:00  19.49 °C  57.09 %  879.2 hPa 1.041E-03 g/cm³ 000 chk 50573
08/01/2020 16:16:00  19.47 °C  56.82 %  879.2 hPa 1.041E-03 g/cm³ 000 chk 56991
08/01/2020 16:17:00  19.47 °C  56.82 %  879.2 hPa 1.041E-03 g/cm³ 000 chk 29755
08/01/2020 16:18:00  19.46 °C  57.17 %  879.2 hPa 1.041E-03 g/cm³ 000 chk 11767
08/01/2020 16:19:00  19.45 °C  57.20 %  879.2 hPa 1.041E-03 g/cm³ 000 chk 30310
08/01/2020 16:20:00  19.44 °C  57.41 %  879.2 hPa 1.041E-03 g/cm³ 000 chk 31039
08/01/2020 16:21:00  19.43 °C  57.60 %  879.2 hPa 1.041E-03 g/cm³ 000 chk 52100
08/01/2020 16:22:00  19.42 °C  57.81 %  879.2 hPa 1.041E-03 g/cm³ 000 chk 51501
08/01/2020 16:23:00  19.42 °C  57.74 %  879.2 hPa 1.041E-03 g/cm³ 000 chk 64290
08/01/2020 16:24:00  19.40 °C  57.63 %  879.1 hPa 1.041E-03 g/cm³ 000 chk 34058
08/01/2020 16:25:00  19.39 °C  57.64 %  879.1 hPa 1.041E-03 g/cm³ 000 chk 32916
08/01/2020 16:26:00  19.39 °C  57.65 %  879.1 hPa 1.041E-03 g/cm³ 000 chk 53882
08/01/2020 16:27:00  19.39 °C  57.91 %  879.1 hPa 1.041E-03 g/cm³ 000 chk  3444
08/01/2020 16:28:00  19.38 °C  57.91 %  879.1 hPa 1.041E-03 g/cm³ 000 chk 23777
08/01/2020 16:29:00  19.38 °C  58.17 %  879.1 hPa 1.041E-03 g/cm³ 000 chk 10642
08/01/2020 16:30:00  19.38 °C  58.06 %  879.1 hPa 1.041E-03 g/cm³ 000 chk 16540
08/01/2020 16:31:00  19.38 °C  57.99 %  879.1 hPa 1.041E-03 g/cm³ 000 chk 61632
08/01/2020 16:32:00  19.37 °C  57.91 %  879.1 hPa 1.041E-03 g/cm³ 000 chk 23655
08/01/2020 16:33:00  19.37 °C  57.66 %  879.1 hPa 1.041E-03 g/cm³ 000 chk 62569
08/01/2020 16:34:00  19.37 °C  57.61 %  879.1 hPa 1.041E-03 g/cm³ 000 chk 25105
08/01/2020 16:35:00  19.36 °C  57.62 %  879.1 hPa 1.041E-03 g/cm³ 000 chk 11893
08/01/2020 16:36:00  19.36 °C  57.65 %  879.1 hPa 1.041E-03 g/cm³ 000 chk 37531
08/01/2020 16:37:00  19.36 °C  57.99 %  879.1 hPa 1.041E-03 g/cm³ 000 chk 42391
08/01/2020 16:38:00  19.36 °C  57.79 %  879.1 hPa 1.041E-03 g/cm³ 000 chk 42053
08/01/2020 16:39:00  19.35 °C  57.59 %  879.0 hPa 1.041E-03 g/cm³ 000 chk 50605
08/01/2020 16:40:00  19.35 °C  57.45 %  879.1 hPa 1.041E-03 g/cm³ 000 chk 32010
08/01/2020 16:41:00  19.35 °C  57.39 %  879.1 hPa 1.041E-03 g/cm³ 000 chk 35695
08/01/2020 16:42:00  19.34 °C  57.09 %  879.1 hPa 1.041E-03 g/cm³ 000 chk 42295
08/01/2020 16:43:00  19.34 °C  57.23 %  879.2 hPa 1.041E-03 g/cm³ 000 chk 63028
08/01/2020 16:44:00  19.33 °C  57.18 %  879.2 hPa 1.041E-03 g/cm³ 000 chk 51581
08/01/2020 16:45:00  19.33 °C  56.92 %  879.1 hPa 1.041E-03 g/cm³ 000 chk  2896
08/01/2020 16:46:00  19.32 °C  57.12 %  879.1 hPa 1.041E-03 g/cm³ 000 chk 29706
08/01/2020 16:47:00  19.31 °C  57.09 %  879.1 hPa 1.041E-03 g/cm³ 000 chk 29635
08/01/2020 16:48:00  19.31 °C  56.79 %  879.0 hPa 1.041E-03 g/cm³ 000 chk  6684
08/01/2020 16:49:00  19.30 °C  56.70 %  879.0 hPa 1.041E-03 g/cm³ 000 chk  9339
08/01/2020 16:50:00  19.30 °C  56.82 %  879.0 hPa 1.041E-03 g/cm³ 000 chk 64498
08/01/2020 16:51:00  19.29 °C  56.66 %  879.0 hPa 1.041E-03 g/cm³ 000 chk 60302
08/01/2020 16:52:00  19.28 °C  56.64 %  879.1 hPa 1.042E-03 g/cm³ 000 chk 42935
08/01/2020 16:53:00  19.27 °C  56.80 %  879.1 hPa 1.042E-03 g/cm³ 000 chk 17375
08/01/2020 16:54:00  19.27 °C  56.84 %  879.1 hPa 1.042E-03 g/cm³ 000 chk 41639
08/01/2020 16:55:00  19.27 °C  56.70 %  879.0 hPa 1.041E-03 g/cm³ 000 chk 34238
08/01/2020 16:56:00  19.27 °C  56.50 %  879.0 hPa 1.041E-03 g/cm³ 000 chk 64010
08/01/2020 16:57:00  19.26 °C  56.57 %  879.1 hPa 1.042E-03 g/cm³ 000 chk 14968
08/01/2020 16:58:00  19.25 °C  56.57 %  879.1 hPa 1.042E-03 g/cm³ 000 chk  2158
08/01/2020 16:59:00  19.25 °C  56.51 %  879.2 hPa 1.042E-03 g/cm³ 000 chk  1845
08/01/2020 17:00:00  19.23 °C  56.75 %  879.2 hPa 1.042E-03 g/cm³ 000 chk 32348
08/01/2020 17:01:00  19.23 °C  56.48 %  879.2 hPa 1.042E-03 g/cm³ 000 chk 42381
08/01/2020 17:02:00  19.23 °C  56.47 %  879.2 hPa 1.042E-03 g/cm³ 000 chk 61793
08/01/2020 17:03:00  19.23 °C  56.43 %  879.2 hPa 1.042E-03 g/cm³ 000 chk 12228
08/01/2020 17:04:00  19.23 °C  56.53 %  879.2 hPa 1.042E-03 g/cm³ 000 chk 31377
08/01/2020 17:05:00  19.23 °C  56.49 %  879.1 hPa 1.042E-03 g/cm³ 000 chk 10725
08/01/2020 17:06:00  19.23 °C  56.54 %  879.1 hPa 1.042E-03 g/cm³ 000 chk 10020
08/01/2020 17:07:00  19.23 °C  56.67 %  879.2 hPa 1.042E-03 g/cm³ 000 chk 45320
08/01/2020 17:08:00  19.23 °C  56.49 %  879.1 hPa 1.042E-03 g/cm³ 000 chk 64763
08/01/2020 17:09:00  19.22 °C  56.33 %  879.1 hPa 1.042E-03 g/cm³ 000 chk 30046
08/01/2020 17:10:00  19.22 °C  56.30 %  879.0 hPa 1.042E-03 g/cm³ 000 chk 48937
08/01/2020 17:11:00  19.22 °C  56.10 %  879.0 hPa 1.042E-03 g/cm³ 000 chk 54742
08/01/2020 17:12:00  19.22 °C  56.48 %  879.1 hPa 1.042E-03 g/cm³ 000 chk 31734
08/01/2020 17:13:00  19.22 °C  56.36 %  879.1 hPa 1.042E-03 g/cm³ 000 chk  6034
08/01/2020 17:14:00  19.22 °C  56.50 %  879.1 hPa 1.042E-03 g/cm³ 000 chk 27653
08/01/2020 17:15:00  19.21 °C  56.39 %  879.1 hPa 1.042E-03 g/cm³ 000 chk 12559
08/01/2020 17:16:00  19.22 °C  56.24 %  879.1 hPa 1.042E-03 g/cm³ 000 chk 52621
08/01/2020 17:17:00  19.21 °C  56.22 %  879.1 hPa 1.042E-03 g/cm³ 000 chk 31594
08/01/2020 17:18:00  19.21 °C  56.05 %  879.1 hPa 1.042E-03 g/cm³ 000 chk 30821
08/01/2020 17:19:00  19.20 °C  56.03 %  879.1 hPa 1.042E-03 g/cm³ 000 chk 44289
08/01/2020 17:20:00  19.20 °C  56.20 %  879.1 hPa 1.042E-03 g/cm³ 000 chk 26924
08/01/2020 17:21:00  19.19 °C  56.32 %  879.2 hPa 1.042E-03 g/cm³ 000 chk 31782
08/01/2020 17:22:00  19.20 °C  56.28 %  879.2 hPa 1.042E-03 g/cm³ 000 chk 57242
08/01/2020 17:23:00  19.19 °C  56.50 %  879.2 hPa 1.042E-03 g/cm³ 000 chk 62338
08/01/2020 17:24:00  19.18 °C  56.44 %  879.2 hPa 1.042E-03 g/cm³ 000 chk 17174
08/01/2020 17:25:00  19.19 °C  56.31 %  879.2 hPa 1.042E-03 g/cm³ 000 chk  8624
08/01/2020 17:26:00  19.19 °C  56.74 %  879.2 hPa 1.042E-03 g/cm³ 000 chk 51178
08/01/2020 17:27:00  19.20 °C  57.53 %  879.2 hPa 1.042E-03 g/cm³ 000 chk 36980
08/01/2020 17:28:00  19.22 °C  58.16 %  879.1 hPa 1.042E-03 g/cm³ 000 chk 53590
08/01/2020 17:29:00  19.24 °C  59.38 %  879.1 hPa 1.041E-03 g/cm³ 000 chk 34929
08/01/2020 17:30:00  19.27 °C  59.11 %  879.1 hPa 1.041E-03 g/cm³ 000 chk 64329
08/01/2020 17:31:00  19.29 °C  59.14 %  879.1 hPa 1.041E-03 g/cm³ 000 chk 41575
08/01/2020 17:32:00  19.32 °C  58.52 %  879.1 hPa 1.041E-03 g/cm³ 000 chk 53244
08/01/2020 17:33:00  19.33 °C  57.77 %  879.1 hPa 1.041E-03 g/cm³ 000 chk 23933
08/01/2020 17:34:00  19.34 °C  57.27 %  879.1 hPa 1.041E-03 g/cm³ 000 chk 64984
08/01/2020 17:35:00  19.33 °C  57.00 %  879.2 hPa 1.041E-03 g/cm³ 000 chk 60060
08/01/2020 17:36:00  19.33 °C  56.68 %  879.2 hPa 1.041E-03 g/cm³ 000 chk 11651
08/01/2020 17:37:00  19.33 °C  56.56 %  879.2 hPa 1.041E-03 g/cm³ 000 chk 33106
08/01/2020 17:38:00  19.31 °C  56.65 %  879.2 hPa 1.042E-03 g/cm³ 000 chk 21680
08/01/2020 17:39:00  19.31 °C  56.38 %  879.2 hPa 1.042E-03 g/cm³ 000 chk 36751
08/01/2020 17:40:00  19.30 °C  56.41 %  879.2 hPa 1.042E-03 g/cm³ 000 chk 50770
08/01/2020 17:41:00  19.29 °C  56.27 %  879.2 hPa 1.042E-03 g/cm³ 000 chk 36166
08/01/2020 17:42:00  19.29 °C  56.38 %  879.2 hPa 1.042E-03 g/cm³ 000 chk  6534
08/01/2020 17:43:00  19.28 °C  56.30 %  879.2 hPa 1.042E-03 g/cm³ 000 chk 51936
08/01/2020 17:44:00  19.27 °C  56.26 %  879.2 hPa 1.042E-03 g/cm³ 000 chk 35583
08/01/2020 17:45:00  19.27 °C  56.23 %  879.2 hPa 1.042E-03 g/cm³ 000 chk 47451
08/01/2020 17:46:00  19.26 °C  56.35 %  879.2 hPa 1.042E-03 g/cm³ 000 chk 47448
08/01/2020 17:47:00  19.25 °C  56.43 %  879.4 hPa 1.042E-03 g/cm³ 000 chk 22659
08/01/2020 17:48:00  19.26 °C  56.76 %  879.4 hPa 1.042E-03 g/cm³ 000 chk 62434
08/01/2020 17:49:00  19.27 °C  56.94 %  879.4 hPa 1.042E-03 g/cm³ 000 chk 37632
08/01/2020 17:50:00  19.28 °C  57.36 %  879.5 hPa 1.042E-03 g/cm³ 000 chk 56850
08/01/2020 17:51:00  19.29 °C  57.67 %  879.5 hPa 1.042E-03 g/cm³ 000 chk  2286
08/01/2020 17:52:00  19.30 °C  57.57 %  879.4 hPa 1.042E-03 g/cm³ 000 chk 16764
08/01/2020 17:53:00  19.30 °C  57.38 %  879.5 hPa 1.042E-03 g/cm³ 000 chk 63841
08/01/2020 17:54:00  19.30 °C  56.94 %  879.5 hPa 1.042E-03 g/cm³ 000 chk 24885
08/01/2020 17:55:00  19.30 °C  56.79 %  879.5 hPa 1.042E-03 g/cm³ 000 chk 31508
08/01/2020 17:56:00  19.29 °C  56.60 %  879.6 hPa 1.042E-03 g/cm³ 000 chk 17781
08/01/2020 17:57:00  19.29 °C  56.74 %  879.5 hPa 1.042E-03 g/cm³ 000 chk  4099
08/01/2020 17:58:00  19.28 °C  56.71 %  879.6 hPa 1.042E-03 g/cm³ 000 chk 37737
08/01/2020 17:59:00  19.28 °C  56.58 %  879.7 hPa 1.042E-03 g/cm³ 000 chk  1473
08/01/2020 18:00:00  19.29 °C  56.58 %  879.6 hPa 1.042E-03 g/cm³ 000 chk 22428
08/01/2020 18:01:00  19.28 °C  56.52 %  879.6 hPa 1.042E-03 g/cm³ 000 chk  7931
08/01/2020 18:02:00  19.28 °C  56.38 %  879.6 hPa 1.042E-03 g/cm³ 000 chk 54265
08/01/2020 18:03:00  19.28 °C  56.70 %  879.6 hPa 1.042E-03 g/cm³ 000 chk 20970
08/01/2020 18:04:00  19.27 °C  57.39 %  879.7 hPa 1.042E-03 g/cm³ 000 chk 37671
08/01/2020 18:05:00  19.27 °C  58.31 %  879.7 hPa 1.042E-03 g/cm³ 000 chk  8511
08/01/2020 18:06:00  19.28 °C  58.90 %  879.7 hPa 1.042E-03 g/cm³ 000 chk 35241
08/01/2020 18:07:00  19.29 °C  59.00 %  879.7 hPa 1.042E-03 g/cm³ 000 chk  9108
08/01/2020 18:08:00  19.29 °C  58.87 %  879.7 hPa 1.042E-03 g/cm³ 000 chk 45493
08/01/2020 18:09:00  19.29 °C  58.17 %  879.7 hPa 1.042E-03 g/cm³ 000 chk  6740
08/01/2020 18:10:00  19.28 °C  57.52 %  879.7 hPa 1.042E-03 g/cm³ 000 chk 26300
08/01/2020 18:11:00  19.28 °C  56.98 %  879.7 hPa 1.042E-03 g/cm³ 000 chk 12251
08/01/2020 18:12:00  19.27 °C  56.72 %  879.7 hPa 1.042E-03 g/cm³ 000 chk 55546
08/01/2020 18:13:00  19.26 °C  56.50 %  879.7 hPa 1.042E-03 g/cm³ 000 chk 47556
08/01/2020 18:14:00  19.25 °C  56.36 %  879.6 hPa 1.042E-03 g/cm³ 000 chk 51524
08/01/2020 18:15:00  19.24 °C  56.23 %  879.7 hPa 1.042E-03 g/cm³ 000 chk 21080
08/01/2020 18:16:00  19.23 °C  56.25 %  879.7 hPa 1.042E-03 g/cm³ 000 chk 14066
08/01/2020 18:17:00  19.22 °C  56.00 %  879.6 hPa 1.043E-03 g/cm³ 000 chk 44376
08/01/2020 18:18:00  19.21 °C  56.28 %  879.6 hPa 1.042E-03 g/cm³ 000 chk 47062
08/01/2020 18:19:00  19.20 °C  56.84 %  879.7 hPa 1.043E-03 g/cm³ 000 chk 59414
08/01/2020 18:20:00  19.21 °C  57.75 %  879.6 hPa 1.042E-03 g/cm³ 000 chk 36739
08/01/2020 18:21:00  19.21 °C  58.46 %  879.6 hPa 1.042E-03 g/cm³ 000 chk 41710
08/01/2020 18:22:00  19.20 °C  58.90 %  879.6 hPa 1.042E-03 g/cm³ 000 chk 41777
08/01/2020 18:23:00  19.21 °C  59.09 %  879.6 hPa 1.042E-03 g/cm³ 000 chk  3087
08/01/2020 18:24:00  19.21 °C  58.60 %  879.7 hPa 1.042E-03 g/cm³ 000 chk 62931
08/01/2020 18:25:00  19.21 °C  58.22 %  879.7 hPa 1.042E-03 g/cm³ 000 chk  1475
08/01/2020 18:26:00  19.21 °C  57.22 %  879.7 hPa 1.042E-03 g/cm³ 000 chk 19090
08/01/2020 18:27:00  19.21 °C  56.96 %  879.7 hPa 1.042E-03 g/cm³ 000 chk 50485
08/01/2020 18:28:00  19.20 °C  56.77 %  879.6 hPa 1.042E-03 g/cm³ 000 chk 16754
08/01/2020 18:29:00  19.18 °C  56.49 %  879.6 hPa 1.043E-03 g/cm³ 000 chk 53982
08/01/2020 18:30:00  19.17 °C  56.08 %  879.6 hPa 1.043E-03 g/cm³ 000 chk 16387
08/01/2020 18:31:00  19.16 °C  55.95 %  879.6 hPa 1.043E-03 g/cm³ 000 chk 64263
08/01/2020 18:32:00  19.15 °C  55.79 %  879.7 hPa 1.043E-03 g/cm³ 000 chk  4731
08/01/2020 18:33:00  19.14 °C  55.60 %  879.8 hPa 1.043E-03 g/cm³ 000 chk 51248
08/01/2020 18:34:00  19.14 °C  55.68 %  879.7 hPa 1.043E-03 g/cm³ 000 chk 37195
08/01/2020 18:35:00  19.13 °C  55.58 %  879.8 hPa 1.043E-03 g/cm³ 000 chk 10973
08/01/2020 18:36:00  19.12 °C  55.85 %  879.8 hPa 1.043E-03 g/cm³ 000 chk 46080
08/01/2020 18:37:00  19.12 °C  55.89 %  879.8 hPa 1.043E-03 g/cm³ 000 chk 33447
08/01/2020 18:38:00  19.11 °C  55.78 %  879.8 hPa 1.043E-03 g/cm³ 000 chk 23579
08/01/2020 18:39:00  19.11 °C  55.60 %  879.8 hPa 1.043E-03 g/cm³ 000 chk 56977
08/01/2020 18:40:00  19.11 °C  55.61 %  879.7 hPa 1.043E-03 g/cm³ 000 chk  2636
08/01/2020 18:41:00  19.11 °C  55.74 %  879.8 hPa 1.043E-03 g/cm³ 000 chk 56772
08/01/2020 18:42:00  19.10 °C  55.81 %  879.8 hPa 1.043E-03 g/cm³ 000 chk 27456
08/01/2020 18:43:00  19.09 °C  55.95 %  879.8 hPa 1.043E-03 g/cm³ 000 chk 31383
08/01/2020 18:44:00  19.08 °C  56.00 %  879.6 hPa 1.043E-03 g/cm³ 000 chk 51992
08/01/2020 18:45:00  19.07 °C  56.22 %  879.6 hPa 1.043E-03 g/cm³ 000 chk 49324
08/01/2020 18:46:00  19.07 °C  56.15 %  879.7 hPa 1.043E-03 g/cm³ 000 chk 34145
08/01/2020 18:47:00  19.07 °C  55.98 %  879.8 hPa 1.043E-03 g/cm³ 000 chk 19337
08/01/2020 18:48:00  19.06 °C  55.87 %  879.8 hPa 1.043E-03 g/cm³ 000 chk 12595
08/01/2020 18:49:00  19.06 °C  55.97 %  879.8 hPa 1.043E-03 g/cm³ 000 chk 23483
08/01/2020 18:50:00  19.05 °C  56.17 %  879.7 hPa 1.043E-03 g/cm³ 000 chk 63637
08/01/2020 18:51:00  19.04 °C  56.38 %  879.7 hPa 1.043E-03 g/cm³ 000 chk 59561
08/01/2020 18:52:00  19.04 °C  56.26 %  879.7 hPa 1.043E-03 g/cm³ 000 chk 37224
08/01/2020 18:53:00  19.04 °C  56.01 %  879.8 hPa 1.043E-03 g/cm³ 000 chk 56470
08/01/2020 18:54:00  19.04 °C  55.73 %  879.7 hPa 1.043E-03 g/cm³ 000 chk 50955
08/01/2020 18:55:00  19.04 °C  55.56 %  879.7 hPa 1.043E-03 g/cm³ 000 chk 13556
08/01/2020 18:56:00  19.03 °C  55.65 %  879.8 hPa 1.044E-03 g/cm³ 000 chk 61294
08/01/2020 18:57:00  19.03 °C  55.64 %  879.8 hPa 1.044E-03 g/cm³ 000 chk 43211
08/01/2020 18:58:00  19.03 °C  55.66 %  879.8 hPa 1.044E-03 g/cm³ 000 chk 62111
08/01/2020 18:59:00  19.03 °C  55.96 %  879.9 hPa 1.044E-03 g/cm³ 000 chk 41156
08/01/2020 19:00:00  19.02 °C  55.92 %  879.9 hPa 1.044E-03 g/cm³ 000 chk 11443
08/01/2020 19:01:00  19.02 °C  55.84 %  880.0 hPa 1.044E-03 g/cm³ 000 chk 52959
08/01/2020 19:02:00  19.02 °C  55.69 %  880.2 hPa 1.044E-03 g/cm³ 000 chk 29470
08/01/2020 19:03:00  19.02 °C  56.09 %  880.1 hPa 1.044E-03 g/cm³ 000 chk 25228
08/01/2020 19:04:00  19.02 °C  56.84 %  880.1 hPa 1.044E-03 g/cm³ 000 chk 18334
08/01/2020 19:05:00  19.02 °C  57.68 %  880.2 hPa 1.044E-03 g/cm³ 000 chk 27485
08/01/2020 19:06:00  19.03 °C  58.46 %  880.2 hPa 1.044E-03 g/cm³ 000 chk 29589
08/01/2020 19:07:00  19.04 °C  58.81 %  880.2 hPa 1.044E-03 g/cm³ 000 chk 61097
08/01/2020 19:08:00  19.04 °C  58.69 %  880.3 hPa 1.044E-03 g/cm³ 000 chk 65069
08/01/2020 19:09:00  19.05 °C  58.30 %  880.3 hPa 1.044E-03 g/cm³ 000 chk 49363
08/01/2020 19:10:00  19.05 °C  57.74 %  880.2 hPa 1.044E-03 g/cm³ 000 chk 14766
08/01/2020 19:11:00  19.05 °C  57.12 %  880.3 hPa 1.044E-03 g/cm³ 000 chk 33968
08/01/2020 19:12:00  19.05 °C  56.84 %  880.2 hPa 1.044E-03 g/cm³ 000 chk 48466
08/01/2020 19:13:00  19.05 °C  56.54 %  880.3 hPa 1.044E-03 g/cm³ 000 chk 12114
08/01/2020 19:14:00  19.05 °C  56.31 %  880.2 hPa 1.044E-03 g/cm³ 000 chk 55953
08/01/2020 19:15:00  19.05 °C  56.65 %  880.2 hPa 1.044E-03 g/cm³ 000 chk  1197
08/01/2020 19:16:00  19.05 °C  57.30 %  880.2 hPa 1.044E-03 g/cm³ 000 chk 45767
08/01/2020 19:17:00  19.05 °C  57.85 %  880.1 hPa 1.044E-03 g/cm³ 000 chk  2946
08/01/2020 19:18:00  19.06 °C  58.73 %  880.1 hPa 1.043E-03 g/cm³ 000 chk  9414
08/01/2020 19:19:00  19.07 °C  59.10 %  880.1 hPa 1.043E-03 g/cm³ 000 chk 63568
08/01/2020 19:20:00  19.08 °C  59.30 %  880.0 hPa 1.043E-03 g/cm³ 000 chk 18787
08/01/2020 19:21:00  19.08 °C  58.96 %  880.0 hPa 1.043E-03 g/cm³ 000 chk 40169
08/01/2020 19:22:00  19.08 °C  58.21 %  880.0 hPa 1.043E-03 g/cm³ 000 chk 57625
08/01/2020 19:23:00  19.08 °C  57.52 %  880.0 hPa 1.043E-03 g/cm³ 000 chk  3265
08/01/2020 19:24:00  19.08 °C  57.13 %  880.0 hPa 1.043E-03 g/cm³ 000 chk 46092
08/01/2020 19:25:00  19.08 °C  56.82 %  880.0 hPa 1.043E-03 g/cm³ 000 chk 25328
08/01/2020 19:26:00  19.06 °C  56.61 %  880.0 hPa 1.044E-03 g/cm³ 000 chk   853
08/01/2020 19:27:00  19.06 °C  56.60 %  880.0 hPa 1.044E-03 g/cm³ 000 chk 17648
08/01/2020 19:28:00  19.05 °C  56.30 %  880.0 hPa 1.044E-03 g/cm³ 000 chk 30335
08/01/2020 19:29:00  19.05 °C  56.36 %  880.1 hPa 1.044E-03 g/cm³ 000 chk 52111
08/01/2020 19:30:00  19.05 °C  56.12 %  880.1 hPa 1.044E-03 g/cm³ 000 chk 15350
08/01/2020 19:31:00  19.04 °C  55.88 %  880.2 hPa 1.044E-03 g/cm³ 000 chk 51212
08/01/2020 19:32:00  19.03 °C  55.62 %  880.2 hPa 1.044E-03 g/cm³ 000 chk 61730
08/01/2020 19:33:00  19.02 °C  55.79 %  880.2 hPa 1.044E-03 g/cm³ 000 chk 38248
08/01/2020 19:34:00  19.02 °C  55.69 %  880.2 hPa 1.044E-03 g/cm³ 000 chk 49213
08/01/2020 19:35:00  19.02 °C  55.73 %  880.2 hPa 1.044E-03 g/cm³ 000 chk 55478
08/01/2020 19:36:00  19.01 °C  55.93 %  880.3 hPa 1.044E-03 g/cm³ 000 chk 44489
08/01/2020 19:37:00  19.01 °C  55.81 %  880.3 hPa 1.044E-03 g/cm³ 000 chk 23872
08/01/2020 19:38:00  19.00 °C  55.97 %  880.3 hPa 1.044E-03 g/cm³ 000 chk  8953
08/01/2020 19:39:00  18.99 °C  55.63 %  880.3 hPa 1.044E-03 g/cm³ 000 chk 23114
08/01/2020 19:40:00  18.98 °C  55.42 %  880.3 hPa 1.044E-03 g/cm³ 000 chk 64268
08/01/2020 19:41:00  18.97 °C  56.13 %  880.3 hPa 1.044E-03 g/cm³ 000 chk 46941
08/01/2020 19:42:00  18.98 °C  57.05 %  880.4 hPa 1.044E-03 g/cm³ 000 chk  9058
08/01/2020 19:43:00  18.98 °C  58.02 %  880.4 hPa 1.044E-03 g/cm³ 000 chk 31353
08/01/2020 19:44:00  18.98 °C  58.54 %  880.5 hPa 1.044E-03 g/cm³ 000 chk 63693
08/01/2020 19:45:00  18.99 °C  58.92 %  880.5 hPa 1.044E-03 g/cm³ 000 chk 11381
08/01/2020 19:46:00  19.00 °C  58.69 %  880.6 hPa 1.044E-03 g/cm³ 000 chk 57713
08/01/2020 19:47:00  19.00 °C  57.94 %  880.7 hPa 1.044E-03 g/cm³ 000 chk 12950
08/01/2020 19:48:00  19.00 °C  57.23 %  880.7 hPa 1.045E-03 g/cm³ 000 chk 12317
08/01/2020 19:49:00  19.00 °C  57.05 %  880.7 hPa 1.045E-03 g/cm³ 000 chk 46306
08/01/2020 19:50:00  19.00 °C  56.89 %  880.7 hPa 1.045E-03 g/cm³ 000 chk 15799
08/01/2020 19:51:00  19.00 °C  56.68 %  880.7 hPa 1.045E-03 g/cm³ 000 chk 48021
08/01/2020 19:52:00  18.99 °C  56.60 %  880.7 hPa 1.045E-03 g/cm³ 000 chk 19397
08/01/2020 19:53:00  18.98 °C  56.58 %  880.7 hPa 1.045E-03 g/cm³ 000 chk 39124
08/01/2020 19:54:00  18.98 °C  56.27 %  880.7 hPa 1.045E-03 g/cm³ 000 chk  9836
08/01/2020 19:55:00  18.97 °C  56.36 %  880.7 hPa 1.045E-03 g/cm³ 000 chk 23215
08/01/2020 19:56:00  18.97 °C  56.87 %  880.8 hPa 1.045E-03 g/cm³ 000 chk 60767
08/01/2020 19:57:00  18.97 °C  57.46 %  880.8 hPa 1.045E-03 g/cm³ 000 chk 15162
08/01/2020 19:58:00  18.97 °C  58.24 %  880.8 hPa 1.045E-03 g/cm³ 000 chk 37182
08/01/2020 19:59:00  18.97 °C  58.76 %  880.8 hPa 1.045E-03 g/cm³ 000 chk 41218
08/01/2020 20:00:00  18.98 °C  59.17 %  880.8 hPa 1.045E-03 g/cm³ 000 chk 59382
08/01/2020 20:01:00  18.99 °C  58.99 %  880.8 hPa 1.045E-03 g/cm³ 000 chk 35813
08/01/2020 20:02:00  19.00 °C  58.25 %  880.8 hPa 1.045E-03 g/cm³ 000 chk 52906
08/01/2020 20:03:00  19.00 °C  57.76 %  880.8 hPa 1.045E-03 g/cm³ 000 chk 58153
08/01/2020 20:04:00  19.00 °C  57.23 %  880.8 hPa 1.045E-03 g/cm³ 000 chk 61385
08/01/2020 20:05:00  19.00 °C  56.97 %  880.9 hPa 1.045E-03 g/cm³ 000 chk 39226
08/01/2020 20:06:00  19.00 °C  56.47 %  880.9 hPa 1.045E-03 g/cm³ 000 chk 59173
08/01/2020 20:07:00  18.99 °C  56.52 %  881.0 hPa 1.045E-03 g/cm³ 000 chk 33296
08/01/2020 20:08:00  18.98 °C  56.21 %  881.0 hPa 1.045E-03 g/cm³ 000 chk 25671
08/01/2020 20:09:00  18.98 °C  56.22 %  881.0 hPa 1.045E-03 g/cm³ 000 chk 47587
08/01/2020 20:10:00  18.97 °C  56.64 %  881.0 hPa 1.045E-03 g/cm³ 000 chk 10303
08/01/2020 20:11:00  18.97 °C  57.43 %  881.1 hPa 1.045E-03 g/cm³ 000 chk 10377
08/01/2020 20:12:00  18.97 °C  58.38 %  881.1 hPa 1.045E-03 g/cm³ 000 chk 14360
08/01/2020 20:13:00  18.98 °C  58.75 %  881.1 hPa 1.045E-03 g/cm³ 000 chk 55361
08/01/2020 20:14:00  18.99 °C  59.12 %  881.1 hPa 1.045E-03 g/cm³ 000 chk 20235
08/01/2020 20:15:00  19.00 °C  58.95 %  881.1 hPa 1.045E-03 g/cm³ 000 chk  4198
08/01/2020 20:16:00  19.00 °C  58.35 %  880.9 hPa 1.045E-03 g/cm³ 000 chk 26351
08/01/2020 20:17:00  19.00 °C  57.56 %  881.0 hPa 1.045E-03 g/cm³ 000 chk 31259
08/01/2020 20:18:00  18.99 °C  57.23 %  881.0 hPa 1.045E-03 g/cm³ 000 chk 17457
08/01/2020 20:19:00  18.99 °C  57.47 %  881.1 hPa 1.045E-03 g/cm³ 000 chk 25390
08/01/2020 20:20:00  18.98 °C  57.08 %  881.1 hPa 1.045E-03 g/cm³ 000 chk 43566
08/01/2020 20:21:00  18.98 °C  56.92 %  881.0 hPa 1.045E-03 g/cm³ 000 chk  6788
08/01/2020 20:22:00  18.97 °C  56.86 %  881.0 hPa 1.045E-03 g/cm³ 000 chk 59916
08/01/2020 20:23:00  18.96 °C  56.50 %  881.1 hPa 1.045E-03 g/cm³ 000 chk  1996
08/01/2020 20:24:00  18.95 °C  56.85 %  881.1 hPa 1.045E-03 g/cm³ 000 chk 14342
08/01/2020 20:25:00  18.94 °C  57.33 %  881.2 hPa 1.045E-03 g/cm³ 000 chk 63391
08/01/2020 20:26:00  18.95 °C  58.11 %  881.2 hPa 1.045E-03 g/cm³ 000 chk 29524
08/01/2020 20:27:00  18.95 °C  58.54 %  881.2 hPa 1.045E-03 g/cm³ 000 chk 32837
08/01/2020 20:28:00  18.96 °C  58.93 %  881.2 hPa 1.045E-03 g/cm³ 000 chk 45198
08/01/2020 20:29:00  18.96 °C  58.99 %  881.2 hPa 1.045E-03 g/cm³ 000 chk 26665
08/01/2020 20:30:00  18.96 °C  58.60 %  881.2 hPa 1.045E-03 g/cm³ 000 chk 10402
08/01/2020 20:31:00  18.96 °C  57.75 %  881.3 hPa 1.045E-03 g/cm³ 000 chk 53952
08/01/2020 20:32:00  18.96 °C  57.46 %  881.3 hPa 1.045E-03 g/cm³ 000 chk  6744
08/01/2020 20:33:00  18.96 °C  57.04 %  881.3 hPa 1.045E-03 g/cm³ 000 chk 59976
08/01/2020 20:34:00  18.96 °C  56.69 %  881.3 hPa 1.045E-03 g/cm³ 000 chk 40641
08/01/2020 20:35:00  18.95 °C  56.68 %  881.2 hPa 1.045E-03 g/cm³ 000 chk 53875
08/01/2020 20:36:00  18.95 °C  56.46 %  881.2 hPa 1.045E-03 g/cm³ 000 chk 43973
08/01/2020 20:37:00  18.94 °C  56.33 %  881.1 hPa 1.045E-03 g/cm³ 000 chk 33436
08/01/2020 20:38:00  18.93 °C  56.26 %  881.1 hPa 1.045E-03 g/cm³ 000 chk 11936
08/01/2020 20:39:00  18.93 °C  56.52 %  881.2 hPa 1.045E-03 g/cm³ 000 chk 31544
08/01/2020 20:40:00  18.92 °C  57.22 %  881.1 hPa 1.045E-03 g/cm³ 000 chk 60421
08/01/2020 20:41:00  18.92 °C  58.01 %  881.1 hPa 1.045E-03 g/cm³ 000 chk   324
08/01/2020 20:42:00  18.92 °C  58.67 %  881.1 hPa 1.045E-03 g/cm³ 000 chk 20549
08/01/2020 20:43:00  18.93 °C  59.08 %  881.0 hPa 1.045E-03 g/cm³ 000 chk 59780
08/01/2020 20:44:00  18.94 °C  59.37 %  881.0 hPa 1.045E-03 g/cm³ 000 chk 41676
08/01/2020 20:45:00  18.95 °C  59.08 %  881.0 hPa 1.045E-03 g/cm³ 000 chk 29404
08/01/2020 20:46:00  18.96 °C  58.50 %  881.1 hPa 1.045E-03 g/cm³ 000 chk 48803
08/01/2020 20:47:00  18.96 °C  57.57 %  881.1 hPa 1.045E-03 g/cm³ 000 chk 59320
08/01/2020 20:48:00  18.96 °C  57.33 %  881.1 hPa 1.045E-03 g/cm³ 000 chk 21250
08/01/2020 20:49:00  18.95 °C  57.26 %  881.1 hPa 1.045E-03 g/cm³ 000 chk 21193
08/01/2020 20:50:00  18.95 °C  56.63 %  881.1 hPa 1.045E-03 g/cm³ 000 chk 57155
08/01/2020 20:51:00  18.94 °C  57.00 %  881.1 hPa 1.045E-03 g/cm³ 000 chk   981
08/01/2020 20:52:00  18.94 °C  57.50 %  881.1 hPa 1.045E-03 g/cm³ 000 chk 48291
08/01/2020 20:53:00  18.94 °C  58.28 %  881.1 hPa 1.045E-03 g/cm³ 000 chk 52857
08/01/2020 20:54:00  18.94 °C  59.05 %  881.1 hPa 1.045E-03 g/cm³ 000 chk 31301
08/01/2020 20:55:00  18.94 °C  59.63 %  881.1 hPa 1.045E-03 g/cm³ 000 chk 15887
08/01/2020 20:56:00  18.96 °C  59.76 %  881.1 hPa 1.045E-03 g/cm³ 000 chk 47951
08/01/2020 20:57:00  18.96 °C  59.60 %  881.1 hPa 1.045E-03 g/cm³ 000 chk 16327
08/01/2020 20:58:00  18.97 °C  58.77 %  881.1 hPa 1.045E-03 g/cm³ 000 chk 15715
08/01/2020 20:59:00  18.97 °C  58.18 %  881.1 hPa 1.045E-03 g/cm³ 000 chk 31786
08/01/2020 21:00:00  18.97 °C  57.72 %  881.1 hPa 1.045E-03 g/cm³ 000 chk 38863
08/01/2020 21:01:00  18.97 °C  57.45 %  881.1 hPa 1.045E-03 g/cm³ 000 chk 15901
08/01/2020 21:02:00  18.96 °C  56.97 %  881.1 hPa 1.045E-03 g/cm³ 000 chk 56287
08/01/2020 21:03:00  18.95 °C  56.71 %  881.1 hPa 1.045E-03 g/cm³ 000 chk 44223
08/01/2020 21:04:00  18.94 °C  56.77 %  881.0 hPa 1.045E-03 g/cm³ 000 chk 48978
08/01/2020 21:05:00  18.94 °C  57.38 %  881.1 hPa 1.045E-03 g/cm³ 000 chk 22280
08/01/2020 21:06:00  18.93 °C  58.01 %  881.0 hPa 1.045E-03 g/cm³ 000 chk 53564
08/01/2020 21:07:00  18.94 °C  58.81 %  881.0 hPa 1.045E-03 g/cm³ 000 chk 36788
08/01/2020 21:08:00  18.94 °C  59.15 %  881.0 hPa 1.045E-03 g/cm³ 000 chk 43705
08/01/2020 21:09:00  18.95 °C  59.43 %  881.1 hPa 1.045E-03 g/cm³ 000 chk 34320
08/01/2020 21:10:00  18.95 °C  59.37 %  881.1 hPa 1.045E-03 g/cm³ 000 chk 30448
08/01/2020 21:11:00  18.96 °C  58.85 %  881.1 hPa 1.045E-03 g/cm³ 000 chk 58644
08/01/2020 21:12:00  18.96 °C  57.67 %  881.1 hPa 1.045E-03 g/cm³ 000 chk 61891
08/01/2020 21:13:00  18.95 °C  57.09 %  881.1 hPa 1.045E-03 g/cm³ 000 chk 45000
08/01/2020 21:14:00  18.94 °C  57.10 %  881.1 hPa 1.045E-03 g/cm³ 000 chk 28254
08/01/2020 21:15:00  18.93 °C  56.56 %  881.1 hPa 1.045E-03 g/cm³ 000 chk 20246
08/01/2020 21:16:00  18.93 °C  56.36 %  881.1 hPa 1.045E-03 g/cm³ 000 chk 61463
08/01/2020 21:17:00  18.92 °C  56.52 %  881.1 hPa 1.045E-03 g/cm³ 000 chk 49052
08/01/2020 21:18:00  18.92 °C  56.96 %  881.0 hPa 1.045E-03 g/cm³ 000 chk 62272
08/01/2020 21:19:00  18.92 °C  57.69 %  881.0 hPa 1.045E-03 g/cm³ 000 chk  9040
08/01/2020 21:20:00  18.92 °C  58.50 %  881.0 hPa 1.045E-03 g/cm³ 000 chk 42476
08/01/2020 21:21:00  18.92 °C  58.85 %  881.0 hPa 1.045E-03 g/cm³ 000 chk 22456
08/01/2020 21:22:00  18.93 °C  59.18 %  881.0 hPa 1.045E-03 g/cm³ 000 chk 39372
08/01/2020 21:23:00  18.93 °C  59.13 %  881.0 hPa 1.045E-03 g/cm³ 000 chk 44138
08/01/2020 21:24:00  18.93 °C  58.70 %  881.0 hPa 1.045E-03 g/cm³ 000 chk 57057
08/01/2020 21:25:00  18.93 °C  57.57 %  880.9 hPa 1.045E-03 g/cm³ 000 chk 30369
08/01/2020 21:26:00  18.93 °C  57.23 %  880.9 hPa 1.045E-03 g/cm³ 000 chk 32141
08/01/2020 21:27:00  18.92 °C  57.02 %  880.9 hPa 1.045E-03 g/cm³ 000 chk 27571
08/01/2020 21:28:00  18.92 °C  57.20 %  880.9 hPa 1.045E-03 g/cm³ 000 chk 61884
08/01/2020 21:29:00  18.92 °C  57.73 %  880.9 hPa 1.045E-03 g/cm³ 000 chk 11393
08/01/2020 21:30:00  18.92 °C  58.65 %  880.9 hPa 1.045E-03 g/cm³ 000 chk 46640
08/01/2020 21:31:00  18.93 °C  59.08 %  880.9 hPa 1.045E-03 g/cm³ 000 chk 27812
08/01/2020 21:32:00  18.93 °C  59.27 %  880.9 hPa 1.045E-03 g/cm³ 000 chk 63507
08/01/2020 21:33:00  18.94 °C  59.34 %  880.9 hPa 1.045E-03 g/cm³ 000 chk 53470
08/01/2020 21:34:00  18.94 °C  59.27 %  880.9 hPa 1.045E-03 g/cm³ 000 chk 62091
08/01/2020 21:35:00  18.95 °C  59.09 %  880.9 hPa 1.045E-03 g/cm³ 000 chk  4022
08/01/2020 21:36:00  18.96 °C  58.88 %  880.9 hPa 1.045E-03 g/cm³ 000 chk 65134
08/01/2020 21:37:00  18.96 °C  58.78 %  880.9 hPa 1.045E-03 g/cm³ 000 chk 21857
08/01/2020 21:38:00  18.96 °C  58.79 %  880.9 hPa 1.045E-03 g/cm³ 000 chk 30773
08/01/2020 21:39:00  18.96 °C  58.63 %  880.8 hPa 1.045E-03 g/cm³ 000 chk 39402
08/01/2020 21:40:00  18.95 °C  58.60 %  880.8 hPa 1.045E-03 g/cm³ 000 chk   373
08/01/2020 21:41:00  18.95 °C  58.37 %  880.8 hPa 1.045E-03 g/cm³ 000 chk 43081
08/01/2020 21:42:00  18.95 °C  58.22 %  880.9 hPa 1.045E-03 g/cm³ 000 chk 47070
08/01/2020 21:43:00  18.95 °C  58.08 %  880.9 hPa 1.045E-03 g/cm³ 000 chk 44834
08/01/2020 21:44:00  18.95 °C  57.77 %  880.9 hPa 1.045E-03 g/cm³ 000 chk 57636
08/01/2020 21:45:00  18.95 °C  57.68 %  880.9 hPa 1.045E-03 g/cm³ 000 chk 24751
08/01/2020 21:46:00  18.94 °C  57.63 %  880.9 hPa 1.045E-03 g/cm³ 000 chk 53634
08/01/2020 21:47:00  18.94 °C  57.52 %  880.8 hPa 1.045E-03 g/cm³ 000 chk 28420
08/01/2020 21:48:00  18.93 °C  57.36 %  880.8 hPa 1.045E-03 g/cm³ 000 chk 61179
08/01/2020 21:49:00  18.93 °C  57.26 %  880.9 hPa 1.045E-03 g/cm³ 000 chk 32039
08/01/2020 21:50:00  18.93 °C  57.31 %  880.9 hPa 1.045E-03 g/cm³ 000 chk 64041
08/01/2020 21:51:00  18.93 °C  57.32 %  880.9 hPa 1.045E-03 g/cm³ 000 chk 10125
08/01/2020 21:52:00  18.92 °C  57.14 %  881.0 hPa 1.045E-03 g/cm³ 000 chk  5881
08/01/2020 21:53:00  18.92 °C  56.88 %  881.0 hPa 1.045E-03 g/cm³ 000 chk 45319
08/01/2020 21:54:00  18.91 °C  56.78 %  881.0 hPa 1.045E-03 g/cm³ 000 chk 55190
08/01/2020 21:55:00  18.91 °C  56.74 %  880.9 hPa 1.045E-03 g/cm³ 000 chk 53297
08/01/2020 21:56:00  18.90 °C  56.50 %  880.9 hPa 1.045E-03 g/cm³ 000 chk 19012
08/01/2020 21:57:00  18.90 °C  56.34 %  881.0 hPa 1.045E-03 g/cm³ 000 chk 42255
08/01/2020 21:58:00  18.89 °C  56.43 %  880.9 hPa 1.045E-03 g/cm³ 000 chk 39111
08/01/2020 21:59:00  18.89 °C  56.18 %  880.9 hPa 1.045E-03 g/cm³ 000 chk 44536
08/01/2020 22:00:00  18.88 °C  56.40 %  880.9 hPa 1.045E-03 g/cm³ 000 chk 15211
08/01/2020 22:01:00  18.87 °C  56.31 %  880.9 hPa 1.045E-03 g/cm³ 000 chk 18246
08/01/2020 22:02:00  18.86 °C  56.16 %  880.9 hPa 1.045E-03 g/cm³ 000 chk 43571
08/01/2020 22:03:00  18.86 °C  56.60 %  880.9 hPa 1.045E-03 g/cm³ 000 chk 11861
08/01/2020 22:04:00  18.85 °C  57.34 %  881.0 hPa 1.045E-03 g/cm³ 000 chk 40171
08/01/2020 22:05:00  18.86 °C  58.30 %  881.1 hPa 1.045E-03 g/cm³ 000 chk 47591
08/01/2020 22:06:00  18.86 °C  58.68 %  881.1 hPa 1.045E-03 g/cm³ 000 chk 61075
08/01/2020 22:07:00  18.87 °C  59.00 %  881.0 hPa 1.045E-03 g/cm³ 000 chk 21587
08/01/2020 22:08:00  18.88 °C  59.03 %  881.0 hPa 1.045E-03 g/cm³ 000 chk  6220
08/01/2020 22:09:00  18.88 °C  58.44 %  881.0 hPa 1.045E-03 g/cm³ 000 chk 57664
08/01/2020 22:10:00  18.88 °C  57.74 %  881.1 hPa 1.045E-03 g/cm³ 000 chk 44286
08/01/2020 22:11:00  18.89 °C  57.35 %  881.1 hPa 1.045E-03 g/cm³ 000 chk 47662
08/01/2020 22:12:00  18.89 °C  56.85 %  881.0 hPa 1.045E-03 g/cm³ 000 chk 44439
08/01/2020 22:13:00  18.89 °C  57.28 %  881.1 hPa 1.045E-03 g/cm³ 000 chk  7755
08/01/2020 22:14:00  18.90 °C  57.91 %  881.1 hPa 1.045E-03 g/cm³ 000 chk 16497
08/01/2020 22:15:00  18.89 °C  58.91 %  881.0 hPa 1.045E-03 g/cm³ 000 chk 60513
08/01/2020 22:16:00  18.90 °C  59.14 %  881.0 hPa 1.045E-03 g/cm³ 000 chk 38053
08/01/2020 22:17:00  18.90 °C  59.33 %  881.0 hPa 1.045E-03 g/cm³ 000 chk 64859
08/01/2020 22:18:00  18.91 °C  59.48 %  881.0 hPa 1.045E-03 g/cm³ 000 chk 62222
08/01/2020 22:19:00  18.91 °C  59.20 %  881.0 hPa 1.045E-03 g/cm³ 000 chk 45382
08/01/2020 22:20:00  18.91 °C  59.10 %  881.1 hPa 1.045E-03 g/cm³ 000 chk 15123
08/01/2020 22:21:00  18.91 °C  58.72 %  881.1 hPa 1.045E-03 g/cm³ 000 chk 39748
08/01/2020 22:22:00  18.91 °C  58.70 %  881.1 hPa 1.045E-03 g/cm³ 000 chk 48810
08/01/2020 22:23:00  18.91 °C  58.68 %  881.1 hPa 1.045E-03 g/cm³ 000 chk 15392
08/01/2020 22:24:00  18.91 °C  58.70 %  881.1 hPa 1.045E-03 g/cm³ 000 chk 33143
08/01/2020 22:25:00  18.92 °C  58.66 %  881.1 hPa 1.045E-03 g/cm³ 000 chk 63420
08/01/2020 22:26:00  18.91 °C  58.48 %  881.1 hPa 1.045E-03 g/cm³ 000 chk 31817
08/01/2020 22:27:00  18.91 °C  58.25 %  881.1 hPa 1.045E-03 g/cm³ 000 chk 42753
08/01/2020 22:28:00  18.91 °C  57.98 %  881.0 hPa 1.045E-03 g/cm³ 000 chk 56994
08/01/2020 22:29:00  18.90 °C  57.69 %  881.0 hPa 1.045E-03 g/cm³ 000 chk  2412
08/01/2020 22:30:00  18.90 °C  57.71 %  880.9 hPa 1.045E-03 g/cm³ 000 chk 21601
08/01/2020 22:31:00  18.90 °C  57.59 %  880.9 hPa 1.045E-03 g/cm³ 000 chk 54940
08/01/2020 22:32:00  18.89 °C  57.57 %  880.9 hPa 1.045E-03 g/cm³ 000 chk 24623
08/01/2020 22:33:00  18.88 °C  57.59 %  880.9 hPa 1.045E-03 g/cm³ 000 chk 23881
08/01/2020 22:34:00  18.88 °C  57.28 %  880.9 hPa 1.045E-03 g/cm³ 000 chk 58867
08/01/2020 22:35:00  18.87 °C  57.05 %  880.9 hPa 1.045E-03 g/cm³ 000 chk  1348
08/01/2020 22:36:00  18.86 °C  56.84 %  880.9 hPa 1.045E-03 g/cm³ 000 chk 38687
08/01/2020 22:37:00  18.86 °C  56.68 %  880.9 hPa 1.045E-03 g/cm³ 000 chk 24639
08/01/2020 22:38:00  18.85 °C  56.58 %  880.9 hPa 1.045E-03 g/cm³ 000 chk 21086
08/01/2020 22:39:00  18.84 °C  56.66 %  881.0 hPa 1.046E-03 g/cm³ 000 chk 24332
08/01/2020 22:40:00  18.83 °C  56.70 %  881.0 hPa 1.046E-03 g/cm³ 000 chk 22969
08/01/2020 22:41:00  18.83 °C  56.75 %  881.0 hPa 1.046E-03 g/cm³ 000 chk 27165
08/01/2020 22:42:00  18.83 °C  56.91 %  881.1 hPa 1.046E-03 g/cm³ 000 chk 39200
08/01/2020 22:43:00  18.83 °C  56.72 %  881.0 hPa 1.046E-03 g/cm³ 000 chk 31831
08/01/2020 22:44:00  18.83 °C  56.62 %  881.0 hPa 1.046E-03 g/cm³ 000 chk 10498
08/01/2020 22:45:00  18.83 °C  56.46 %  881.1 hPa 1.046E-03 g/cm³ 000 chk 52904
08/01/2020 22:46:00  18.82 °C  56.29 %  881.0 hPa 1.046E-03 g/cm³ 000 chk 62014
08/01/2020 22:47:00  18.82 °C  56.36 %  881.1 hPa 1.046E-03 g/cm³ 000 chk 35553
08/01/2020 22:48:00  18.82 °C  56.39 %  881.1 hPa 1.046E-03 g/cm³ 000 chk 41399
08/01/2020 22:49:00  18.81 °C  56.16 %  881.1 hPa 1.046E-03 g/cm³ 000 chk 53768
08/01/2020 22:50:00  18.80 °C  56.05 %  881.2 hPa 1.046E-03 g/cm³ 000 chk 64312
08/01/2020 22:51:00  18.79 °C  56.11 %  881.2 hPa 1.046E-03 g/cm³ 000 chk 19716
08/01/2020 22:52:00  18.78 °C  56.11 %  881.2 hPa 1.046E-03 g/cm³ 000 chk 25387
08/01/2020 22:53:00  18.78 °C  55.91 %  881.2 hPa 1.046E-03 g/cm³ 000 chk 63681
08/01/2020 22:54:00  18.78 °C  55.85 %  881.2 hPa 1.046E-03 g/cm³ 000 chk 55701
08/01/2020 22:55:00  18.78 °C  55.86 %  881.1 hPa 1.046E-03 g/cm³ 000 chk 20430
08/01/2020 22:56:00  18.77 °C  55.75 %  881.1 hPa 1.046E-03 g/cm³ 000 chk 32192
08/01/2020 22:57:00  18.77 °C  55.60 %  881.1 hPa 1.046E-03 g/cm³ 000 chk 36424
08/01/2020 22:58:00  18.76 °C  55.84 %  881.0 hPa 1.046E-03 g/cm³ 000 chk 37647
08/01/2020 22:59:00  18.76 °C  56.50 %  881.1 hPa 1.046E-03 g/cm³ 000 chk 34089
08/01/2020 23:00:00  18.76 °C  57.49 %  881.1 hPa 1.046E-03 g/cm³ 000 chk 47532
08/01/2020 23:01:00  18.77 °C  58.28 %  881.1 hPa 1.046E-03 g/cm³ 000 chk 40857
08/01/2020 23:02:00  18.78 °C  58.60 %  881.1 hPa 1.046E-03 g/cm³ 000 chk 62347
08/01/2020 23:03:00  18.79 °C  58.86 %  881.1 hPa 1.046E-03 g/cm³ 000 chk 59240
08/01/2020 23:04:00  18.79 °C  58.37 %  881.0 hPa 1.046E-03 g/cm³ 000 chk 42842
08/01/2020 23:05:00  18.80 °C  57.74 %  881.1 hPa 1.046E-03 g/cm³ 000 chk  6932
08/01/2020 23:06:00  18.80 °C  57.07 %  881.1 hPa 1.046E-03 g/cm³ 000 chk  4921
08/01/2020 23:07:00  18.80 °C  56.79 %  881.1 hPa 1.046E-03 g/cm³ 000 chk 61249
08/01/2020 23:08:00  18.79 °C  56.60 %  881.1 hPa 1.046E-03 g/cm³ 000 chk 17038
08/01/2020 23:09:00  18.79 °C  56.49 %  881.1 hPa 1.046E-03 g/cm³ 000 chk 11634
08/01/2020 23:10:00  18.78 °C  56.39 %  881.1 hPa 1.046E-03 g/cm³ 000 chk 14419
08/01/2020 23:11:00  18.78 °C  56.32 %  881.1 hPa 1.046E-03 g/cm³ 000 chk  3573
08/01/2020 23:12:00  18.77 °C  56.60 %  881.1 hPa 1.046E-03 g/cm³ 000 chk 54216
08/01/2020 23:13:00  18.76 °C  57.08 %  881.2 hPa 1.046E-03 g/cm³ 000 chk 56227
08/01/2020 23:14:00  18.76 °C  57.89 %  881.2 hPa 1.046E-03 g/cm³ 000 chk 25266
08/01/2020 23:15:00  18.76 °C  58.68 %  881.3 hPa 1.046E-03 g/cm³ 000 chk 60794
08/01/2020 23:16:00  18.77 °C  59.20 %  881.3 hPa 1.046E-03 g/cm³ 000 chk 31742
08/01/2020 23:17:00  18.78 °C  59.40 %  881.4 hPa 1.046E-03 g/cm³ 000 chk 17492
08/01/2020 23:18:00  18.79 °C  59.04 %  881.4 hPa 1.046E-03 g/cm³ 000 chk 41333
08/01/2020 23:19:00  18.80 °C  58.56 %  881.4 hPa 1.046E-03 g/cm³ 000 chk 43488
08/01/2020 23:20:00  18.80 °C  57.46 %  881.4 hPa 1.046E-03 g/cm³ 000 chk 59908
08/01/2020 23:21:00  18.80 °C  57.28 %  881.4 hPa 1.046E-03 g/cm³ 000 chk 17996
08/01/2020 23:22:00  18.79 °C  56.90 %  881.4 hPa 1.046E-03 g/cm³ 000 chk 59414
08/01/2020 23:23:00  18.80 °C  56.81 %  881.4 hPa 1.046E-03 g/cm³ 000 chk 50986
08/01/2020 23:24:00  18.79 °C  56.68 %  881.4 hPa 1.046E-03 g/cm³ 000 chk 15970
08/01/2020 23:25:00  18.78 °C  56.51 %  881.4 hPa 1.046E-03 g/cm³ 000 chk   114
08/01/2020 23:26:00  18.78 °C  56.43 %  881.3 hPa 1.046E-03 g/cm³ 000 chk 35610
08/01/2020 23:27:00  18.78 °C  56.47 %  881.3 hPa 1.046E-03 g/cm³ 000 chk 21951
08/01/2020 23:28:00  18.78 °C  56.47 %  881.3 hPa 1.046E-03 g/cm³ 000 chk 38378
08/01/2020 23:29:00  18.78 °C  57.23 %  881.3 hPa 1.046E-03 g/cm³ 000 chk 56253
08/01/2020 23:30:00  18.79 °C  57.67 %  881.3 hPa 1.046E-03 g/cm³ 000 chk 47850
08/01/2020 23:31:00  18.79 °C  58.62 %  881.3 hPa 1.046E-03 g/cm³ 000 chk 31216
08/01/2020 23:32:00  18.79 °C  58.90 %  881.3 hPa 1.046E-03 g/cm³ 000 chk 23989
08/01/2020 23:33:00  18.80 °C  59.02 %  881.3 hPa 1.046E-03 g/cm³ 000 chk 21756
08/01/2020 23:34:00  18.81 °C  58.80 %  881.3 hPa 1.046E-03 g/cm³ 000 chk 39729
08/01/2020 23:35:00  18.81 °C  58.10 %  881.3 hPa 1.046E-03 g/cm³ 000 chk 12496
08/01/2020 23:36:00  18.80 °C  57.35 %  881.3 hPa 1.046E-03 g/cm³ 000 chk 46874
08/01/2020 23:37:00  18.80 °C  56.92 %  881.3 hPa 1.046E-03 g/cm³ 000 chk 36753
08/01/2020 23:38:00  18.79 °C  56.73 %  881.4 hPa 1.046E-03 g/cm³ 000 chk 42333
08/01/2020 23:39:00  18.79 °C  56.56 %  881.3 hPa 1.046E-03 g/cm³ 000 chk 14344
08/01/2020 23:40:00  18.78 °C  56.96 %  881.3 hPa 1.046E-03 g/cm³ 000 chk 46536
08/01/2020 23:41:00  18.78 °C  57.55 %  881.3 hPa 1.046E-03 g/cm³ 000 chk 63916
08/01/2020 23:42:00  18.77 °C  58.42 %  881.2 hPa 1.046E-03 g/cm³ 000 chk 30670
08/01/2020 23:43:00  18.78 °C  59.20 %  881.2 hPa 1.046E-03 g/cm³ 000 chk 11475
08/01/2020 23:44:00  18.78 °C  59.53 %  881.2 hPa 1.046E-03 g/cm³ 000 chk  3688
08/01/2020 23:45:00  18.79 °C  59.92 %  881.2 hPa 1.046E-03 g/cm³ 000 chk 55761
08/01/2020 23:46:00  18.80 °C  59.64 %  881.2 hPa 1.046E-03 g/cm³ 000 chk  8480
08/01/2020 23:47:00  18.81 °C  59.18 %  881.2 hPa 1.046E-03 g/cm³ 000 chk 18053
08/01/2020 23:48:00  18.82 °C  58.38 %  881.1 hPa 1.046E-03 g/cm³ 000 chk 28459
08/01/2020 23:49:00  18.81 °C  57.64 %  881.1 hPa 1.046E-03 g/cm³ 000 chk 23528
08/01/2020 23:50:00  18.80 °C  57.34 %  881.1 hPa 1.046E-03 g/cm³ 000 chk 36498
08/01/2020 23:51:00  18.79 °C  57.04 %  881.0 hPa 1.046E-03 g/cm³ 000 chk 30112
08/01/2020 23:52:00  18.78 °C  57.12 %  880.9 hPa 1.046E-03 g/cm³ 000 chk 17571
08/01/2020 23:53:00  18.78 °C  56.79 %  880.9 hPa 1.046E-03 g/cm³ 000 chk 57847
08/01/2020 23:54:00  18.78 °C  56.71 %  880.8 hPa 1.045E-03 g/cm³ 000 chk 25755
08/01/2020 23:55:00  18.77 °C  56.70 %  880.7 hPa 1.045E-03 g/cm³ 000 chk 64628
08/01/2020 23:56:00  18.77 °C  56.49 %  880.7 hPa 1.045E-03 g/cm³ 000 chk 18159
08/01/2020 23:57:00  18.76 °C  56.88 %  880.7 hPa 1.046E-03 g/cm³ 000 chk 36885
08/01/2020 23:58:00  18.76 °C  57.18 %  880.7 hPa 1.046E-03 g/cm³ 000 chk 49433
08/01/2020 23:59:00  18.76 °C  57.97 %  880.7 hPa 1.045E-03 g/cm³ 000 chk 16532
